
--------------------------------------------------------------------------------------
Parameters of learning procedure:
#Class: 5	Ngram: 2	Feature value: TF	Normalization: 2
Doc length cut: 10	Window length: 0
Learning paradigm: SEMI	Sampling rate: 0.25	kUL: 100	kUU: 50
alpha: 1.05	beta: 1.01
Solver: Random Walk	Base Classifer: SVM	Weighted Sum: true	Similarity Weight: false
Classifier: SVM	Instance weighting: NONE	Trade-off Parameter: 1.0	Cross validation: 10
Data directory: ./data/amazon/small/dedup/RawData
--------------------------------------------------------------------------------------
Creating feature vectors, wait...
8055 feature words loaded from ./data/Features/fv_2gram_tablets_86jsons.txt...
Keywords for <screen>: 52
Keywords for <app>: 55
Keywords for <price>: 63
Keywords for <battery>: 60
Keywords for <sound>: 23
Keywords for <camera>: 47
Keywords for <cpu>: 46
Keywords for <microsd>: 44
Keywords for <internet>: 46
Keywords for <keyboard>: 26
Keywords for <usb>: 35
Keywords for <servic>: 49
Loading 614 stopwords from ./data/Model/stopwords.dat
DTLoading 16776 reviews from ./data/amazon/small/dedup/RawData
No normalizaiton is adopted here or wrong parameters!!
Text feature generated for 16776 documents...
2082 1104 1325 3146 9119 , Total: 16776
Info File Path: ./data/result/Topics_30Information.txt
Prior keywords for Topic 0 (<screen>): 52/52
Prior keywords for Topic 1 (<app>): 55/55
Prior keywords for Topic 2 (<price>): 63/63
Prior keywords for Topic 3 (<battery>): 60/60
Prior keywords for Topic 4 (<sound>): 23/23
Prior keywords for Topic 5 (<camera>): 47/47
Prior keywords for Topic 6 (<cpu>): 46/46
Prior keywords for Topic 7 (<microsd>): 44/44
Prior keywords for Topic 8 (<internet>): 46/46
Prior keywords for Topic 9 (<keyboard>): 26/26
Prior keywords for Topic 10 (<usb>): 35/35
Prior keywords for Topic 11 (<servic>): 49/50
..........Likelihood 16776.000 after step 100 converge to 0.000000 after 13 seconds...
Text feature generated for 16776 documents...
2082 1104 1325 3146 9119 , Total: 16776
Start Transductive Learning, wait...
..........**.*
optimization finished, #iter = 114
Objective value = -1186.90
nSV = 2370
Creating cache for labeled documents...
Generate 2310(0:1155) ranking pairs for L2R model training...
[Info]LambdaRank configuration:
	Optimization Type OT_MAP, Lambda 1.000, Shrinkage 0.980, WindowSize 20
	Initial step size 1.0, Steps 100, Iteration 10
Iter	Misorder	LogLilikelihood	Perf
0	816	-3066.65	0.7980
1	817	-3065.32	0.7973
2	816	-3064.23	0.7972
3	816	-3064.07	0.7972
4	815	-3064.02	0.7976
5	815	-3064.01	0.7976
6	815	-3064.01	0.7976
7	815	-3064.01	0.7976
8	815	-3064.01	0.7976
[Info]Training procedure takes 0.40 seconds to finish...
0.06547 -0.10997 0.08868 -0.08669 0.02766 0.00016 0.01582 0.21844 0.02216 0.23026 0.00000 
Construct nearest neighbor graph nodes in parallel: L: 3350, U: 13426
Construct nearest neighbor graph edges in parallel: L: 3350, U: 13426
[5034,6712) finished...
[1678,3356) finished...
[0,1678) finished...
[3356,5034) finished...
[11746,13426) finished...
[6712,8390) finished...
[8390,10068) finished...
[10068,11746) finished...
Nearest neighbor graph construction finished!
Random walk starts:
Iteration 1, converge to 0.047 with accuracy 0.7871...
Iteration 2, converge to 0.000 with accuracy 0.7871...
Iteration 3, converge to 0.000 with accuracy 0.7871...

Query	Docs	P@5	P@10	P@20
Pos	U	0.454	0.372	0.380
Pos	L	0.669	0.599	0.551
Neg	U	0.553	0.631	0.675
Neg	L	0.423	0.499	0.542

Gaussian Fields by random walk [C:SVM[C:2, F:8055, T:L2R_L1LOSS_SVC_DUAL, c:1.000], k:20, k':20, r:1.000, alpha:1.000, beta:1.000, eta:0.100]-[LambdaRank@MAP] Train/Test finished in 127.25 seconds with accuracy 0.7871 and F1 (0:0.758 1:0.810)...
.*
optimization finished, #iter = 19
Objective value = -1213.68
nSV = 2428
Creating cache for labeled documents...
Generate 2348(0:1174) ranking pairs for L2R model training...
[Info]LambdaRank configuration:
	Optimization Type OT_MAP, Lambda 1.000, Shrinkage 0.980, WindowSize 20
	Initial step size 1.0, Steps 100, Iteration 10
Iter	Misorder	LogLilikelihood	Perf
0	882	-3149.22	0.7900
1	904	-3152.93	0.7849
2	903	-3152.27	0.7850
3	903	-3152.27	0.7848
4	903	-3152.25	0.7850
5	903	-3152.26	0.7850
6	902	-3152.26	0.7852
7	902	-3152.26	0.7852
8	902	-3152.26	0.7852
[Info]Training procedure takes 0.28 seconds to finish...
0.03332 -0.06012 0.03554 0.04731 0.01610 -0.00050 0.04011 0.16762 -0.00018 0.25279 0.00000 
Construct nearest neighbor graph nodes in parallel: L: 3447, U: 13329
Construct nearest neighbor graph edges in parallel: L: 3447, U: 13329
[4998,6664) finished...
[1666,3332) finished...
[0,1666) finished...
[3332,4998) finished...
[11662,13329) finished...
[8330,9996) finished...
[6664,8330) finished...
[9996,11662) finished...
Nearest neighbor graph construction finished!
Random walk starts:
Iteration 1, converge to 0.049 with accuracy 0.7892...
Iteration 2, converge to 0.001 with accuracy 0.7892...
Iteration 3, converge to 0.000 with accuracy 0.7892...

Query	Docs	P@5	P@10	P@20
Pos	U	0.653	0.652	0.541
Pos	L	0.645	0.466	0.530
Neg	U	0.325	0.327	0.428
Neg	L	0.327	0.510	0.473

Gaussian Fields by random walk [C:SVM[C:2, F:8055, T:L2R_L1LOSS_SVC_DUAL, c:1.000], k:20, k':20, r:1.000, alpha:1.000, beta:1.000, eta:0.100]-[LambdaRank@MAP] Train/Test finished in 126.43 seconds with accuracy 0.7892 and F1 (0:0.759 1:0.813)...
...*
optimization finished, #iter = 32
Objective value = -1234.72
nSV = 2435
Creating cache for labeled documents...
Generate 2304(0:1152) ranking pairs for L2R model training...
[Info]LambdaRank configuration:
	Optimization Type OT_MAP, Lambda 1.000, Shrinkage 0.980, WindowSize 20
	Initial step size 1.0, Steps 100, Iteration 10
Iter	Misorder	LogLilikelihood	Perf
0	883	-3113.42	0.7839
1	893	-3115.79	0.7829
2	890	-3114.35	0.7836
3	887	-3113.15	0.7844
4	886	-3112.87	0.7842
5	885	-3112.83	0.7844
6	885	-3112.83	0.7844
7	885	-3112.83	0.7844
8	885	-3112.83	0.7844
[Info]Training procedure takes 0.23 seconds to finish...
0.02448 -0.06035 0.04540 0.05514 0.01176 -0.00140 0.05005 0.19491 0.00460 0.19189 -0.00000 
Construct nearest neighbor graph nodes in parallel: L: 3428, U: 13348
Construct nearest neighbor graph edges in parallel: L: 3428, U: 13348
[5004,6672) finished...
[1668,3336) finished...
[0,1668) finished...
[3336,5004) finished...
[6672,8340) finished...
[11676,13348) finished...
[8340,10008) finished...
[10008,11676) finished...
Nearest neighbor graph construction finished!
Random walk starts:
Iteration 1, converge to 0.050 with accuracy 0.7893...
Iteration 2, converge to 0.001 with accuracy 0.7893...
Iteration 3, converge to 0.000 with accuracy 0.7893...

Query	Docs	P@5	P@10	P@20
Pos	U	0.280	0.318	0.371
Pos	L	0.609	0.598	0.539
Neg	U	0.696	0.671	0.615
Neg	L	0.384	0.396	0.461

Gaussian Fields by random walk [C:SVM[C:2, F:8055, T:L2R_L1LOSS_SVC_DUAL, c:1.000], k:20, k':20, r:1.000, alpha:1.000, beta:1.000, eta:0.100]-[LambdaRank@MAP] Train/Test finished in 127.90 seconds with accuracy 0.7893 and F1 (0:0.757 1:0.814)...
.*
optimization finished, #iter = 18
Objective value = -1176.03
nSV = 2352
Creating cache for labeled documents...
Generate 2206(0:1103) ranking pairs for L2R model training...
[Info]LambdaRank configuration:
	Optimization Type OT_MAP, Lambda 1.000, Shrinkage 0.980, WindowSize 20
	Initial step size 1.0, Steps 100, Iteration 10
Iter	Misorder	LogLilikelihood	Perf
0	867	-2988.76	0.7752
1	864	-2988.71	0.7765
2	868	-2989.02	0.7763
3	870	-2988.84	0.7758
4	870	-2988.84	0.7758
5	870	-2988.84	0.7758
6	870	-2988.84	0.7758
7	870	-2988.84	0.7758
8	870	-2988.84	0.7758
[Info]Training procedure takes 0.20 seconds to finish...
0.01283 -0.06357 0.05956 -0.03341 0.00787 -0.00248 -0.02433 0.18821 0.01763 0.19164 -0.00000 
Construct nearest neighbor graph nodes in parallel: L: 3291, U: 13485
Construct nearest neighbor graph edges in parallel: L: 3291, U: 13485
[5055,6740) finished...
[1685,3370) finished...
[0,1685) finished...
[3370,5055) finished...
[11795,13485) finished...
[6740,8425) finished...
[8425,10110) finished...
[10110,11795) finished...
Nearest neighbor graph construction finished!
Random walk starts:
Iteration 1, converge to 0.045 with accuracy 0.7851...
Iteration 2, converge to 0.000 with accuracy 0.7851...
Iteration 3, converge to 0.000 with accuracy 0.7851...

Query	Docs	P@5	P@10	P@20
Pos	U	0.818	0.757	0.658
Pos	L	0.702	0.636	0.567
Neg	U	0.185	0.259	0.388
Neg	L	0.303	0.410	0.499

Gaussian Fields by random walk [C:SVM[C:2, F:8055, T:L2R_L1LOSS_SVC_DUAL, c:1.000], k:20, k':20, r:1.000, alpha:1.000, beta:1.000, eta:0.100]-[LambdaRank@MAP] Train/Test finished in 126.33 seconds with accuracy 0.7851 and F1 (0:0.751 1:0.811)...
..*
optimization finished, #iter = 23
Objective value = -1170.48
nSV = 2364
Creating cache for labeled documents...
Generate 2178(0:1089) ranking pairs for L2R model training...
[Info]LambdaRank configuration:
	Optimization Type OT_MAP, Lambda 1.000, Shrinkage 0.980, WindowSize 20
	Initial step size 1.0, Steps 100, Iteration 10
Iter	Misorder	LogLilikelihood	Perf
0	879	-2976.11	0.7738
1	882	-2975.83	0.7727
2	879	-2974.74	0.7740
3	877	-2974.73	0.7743
4	873	-2974.76	0.7753
5	873	-2974.77	0.7753
6	873	-2974.77	0.7753
[Info]Training procedure takes 0.15 seconds to finish...
0.03295 -0.09359 0.05189 -0.02663 0.01412 -0.00044 -0.00763 0.14344 -0.00834 0.13209 0.00000 
Construct nearest neighbor graph nodes in parallel: L: 3283, U: 13493
Construct nearest neighbor graph edges in parallel: L: 3283, U: 13493
[5058,6744) finished...
[1686,3372) finished...
[0,1686) finished...
[3372,5058) finished...
[11802,13493) finished...
[6744,8430) finished...
[8430,10116) finished...
[10116,11802) finished...
Nearest neighbor graph construction finished!
Random walk starts:
Iteration 1, converge to 0.043 with accuracy 0.7889...
Iteration 2, converge to 0.000 with accuracy 0.7889...
Iteration 3, converge to 0.000 with accuracy 0.7889...

Query	Docs	P@5	P@10	P@20
Pos	U	0.978	0.921	0.791
Pos	L	0.608	0.560	0.538
Neg	U	0.028	0.102	0.269
Neg	L	0.475	0.544	0.571

Gaussian Fields by random walk [C:SVM[C:2, F:8055, T:L2R_L1LOSS_SVC_DUAL, c:1.000], k:20, k':20, r:1.000, alpha:1.000, beta:1.000, eta:0.100]-[LambdaRank@MAP] Train/Test finished in 125.53 seconds with accuracy 0.7889 and F1 (0:0.755 1:0.814)...
..*
optimization finished, #iter = 21
Objective value = -1204.59
nSV = 2378
Creating cache for labeled documents...
Generate 2242(0:1121) ranking pairs for L2R model training...
[Info]LambdaRank configuration:
	Optimization Type OT_MAP, Lambda 1.000, Shrinkage 0.980, WindowSize 20
	Initial step size 1.0, Steps 100, Iteration 10
Iter	Misorder	LogLilikelihood	Perf
0	916	-3064.99	0.7704
1	913	-3064.71	0.7719
2	913	-3064.72	0.7711
3	912	-3064.60	0.7724
4	912	-3064.59	0.7727
5	912	-3064.59	0.7727
6	912	-3064.59	0.7727
[Info]Training procedure takes 0.16 seconds to finish...
0.03935 -0.08780 0.02596 -0.00694 0.01668 -0.00124 0.00711 0.15337 0.03394 0.14284 -0.00000 
Construct nearest neighbor graph nodes in parallel: L: 3370, U: 13406
Construct nearest neighbor graph edges in parallel: L: 3370, U: 13406
[5025,6700) finished...
[1675,3350) finished...
[0,1675) finished...
[3350,5025) finished...
[11725,13406) finished...
[6700,8375) finished...
[8375,10050) finished...
[10050,11725) finished...
Nearest neighbor graph construction finished!
Random walk starts:
Iteration 1, converge to 0.044 with accuracy 0.7911...
Iteration 2, converge to 0.000 with accuracy 0.7911...
Iteration 3, converge to 0.000 with accuracy 0.7911...

Query	Docs	P@5	P@10	P@20
Pos	U	0.988	0.928	0.809
Pos	L	0.555	0.512	0.487
Neg	U	0.016	0.101	0.259
Neg	L	0.497	0.570	0.598

Gaussian Fields by random walk [C:SVM[C:2, F:8055, T:L2R_L1LOSS_SVC_DUAL, c:1.000], k:20, k':20, r:1.000, alpha:1.000, beta:1.000, eta:0.100]-[LambdaRank@MAP] Train/Test finished in 128.13 seconds with accuracy 0.7911 and F1 (0:0.763 1:0.813)...
.*
optimization finished, #iter = 17
Objective value = -1204.81
nSV = 2416
Creating cache for labeled documents...
Generate 2322(0:1161) ranking pairs for L2R model training...
[Info]LambdaRank configuration:
	Optimization Type OT_MAP, Lambda 1.000, Shrinkage 0.980, WindowSize 20
	Initial step size 1.0, Steps 100, Iteration 10
Iter	Misorder	LogLilikelihood	Perf
0	885	-3135.70	0.7827
1	886	-3135.60	0.7828
2	886	-3136.04	0.7828
3	885	-3136.00	0.7830
4	885	-3135.97	0.7830
5	886	-3135.95	0.7829
6	888	-3135.95	0.7823
7	888	-3135.95	0.7823
8	888	-3135.95	0.7823
[Info]Training procedure takes 0.22 seconds to finish...
0.05304 -0.11468 0.06002 -0.02694 0.02512 -0.00179 0.06398 0.21298 0.02291 0.16694 -0.00000 
Construct nearest neighbor graph nodes in parallel: L: 3382, U: 13394
Construct nearest neighbor graph edges in parallel: L: 3382, U: 13394
[5022,6696) finished...
[1674,3348) finished...
[0,1674) finished...
[3348,5022) finished...
[11718,13394) finished...
[8370,10044) finished...
[6696,8370) finished...
[10044,11718) finished...
Nearest neighbor graph construction finished!
Random walk starts:
Iteration 1, converge to 0.042 with accuracy 0.7895...
Iteration 2, converge to 0.000 with accuracy 0.7895...
Iteration 3, converge to 0.000 with accuracy 0.7895...

Query	Docs	P@5	P@10	P@20
Pos	U	0.943	0.869	0.748
Pos	L	0.550	0.549	0.544
Neg	U	0.085	0.196	0.362
Neg	L	0.550	0.553	0.572

Gaussian Fields by random walk [C:SVM[C:2, F:8055, T:L2R_L1LOSS_SVC_DUAL, c:1.000], k:20, k':20, r:1.000, alpha:1.000, beta:1.000, eta:0.100]-[LambdaRank@MAP] Train/Test finished in 127.58 seconds with accuracy 0.7895 and F1 (0:0.760 1:0.813)...
.*
optimization finished, #iter = 19
Objective value = -1189.79
nSV = 2378
Creating cache for labeled documents...
Generate 2266(0:1133) ranking pairs for L2R model training...
[Info]LambdaRank configuration:
	Optimization Type OT_MAP, Lambda 1.000, Shrinkage 0.980, WindowSize 20
	Initial step size 1.0, Steps 100, Iteration 10
Iter	Misorder	LogLilikelihood	Perf
0	816	-3038.07	0.7896
1	829	-3038.68	0.7856
2	829	-3038.59	0.7859
3	832	-3038.51	0.7859
4	834	-3038.53	0.7857
5	834	-3038.54	0.7857
6	834	-3038.54	0.7857
7	834	-3038.54	0.7857
8	834	-3038.54	0.7857
9	834	-3038.54	0.7857
[Info]Training procedure takes 0.24 seconds to finish...
0.07248 -0.11263 0.08513 0.00700 0.03137 -0.00085 0.04128 0.21047 0.00511 0.21496 0.00000 
Construct nearest neighbor graph nodes in parallel: L: 3300, U: 13476
Construct nearest neighbor graph edges in parallel: L: 3300, U: 13476
[5052,6736) finished...
[1684,3368) finished...
[3368,5052) finished...
[0,1684) finished...
[11788,13476) finished...
[6736,8420) finished...
[8420,10104) finished...
[10104,11788) finished...
Nearest neighbor graph construction finished!
Random walk starts:
Iteration 1, converge to 0.049 with accuracy 0.7844...
Iteration 2, converge to 0.000 with accuracy 0.7844...
Iteration 3, converge to 0.000 with accuracy 0.7844...

Query	Docs	P@5	P@10	P@20
Pos	U	0.455	0.442	0.445
Pos	L	0.471	0.531	0.545
Neg	U	0.493	0.524	0.560
Neg	L	0.543	0.505	0.510

Gaussian Fields by random walk [C:SVM[C:2, F:8055, T:L2R_L1LOSS_SVC_DUAL, c:1.000], k:20, k':20, r:1.000, alpha:1.000, beta:1.000, eta:0.100]-[LambdaRank@MAP] Train/Test finished in 127.48 seconds with accuracy 0.7844 and F1 (0:0.750 1:0.810)...
.*.
optimization finished, #iter = 20
Objective value = -1172.21
nSV = 2373
Creating cache for labeled documents...
Generate 2270(0:1135) ranking pairs for L2R model training...
[Info]LambdaRank configuration:
	Optimization Type OT_MAP, Lambda 1.000, Shrinkage 0.980, WindowSize 20
	Initial step size 1.0, Steps 100, Iteration 10
Iter	Misorder	LogLilikelihood	Perf
0	791	-2998.18	0.7977
1	794	-2995.60	0.7977
2	799	-2997.12	0.7954
3	797	-2997.31	0.7960
4	798	-2997.23	0.7955
5	798	-2997.22	0.7955
6	798	-2997.22	0.7955
7	798	-2997.22	0.7955
8	798	-2997.22	0.7955
[Info]Training procedure takes 0.23 seconds to finish...
0.07074 -0.11909 0.09807 0.05021 0.02953 -0.00036 0.04685 0.24525 0.00854 0.23772 0.00000 
Construct nearest neighbor graph nodes in parallel: L: 3333, U: 13443
Construct nearest neighbor graph edges in parallel: L: 3333, U: 13443
[5040,6720) finished...
[1680,3360) finished...
[0,1680) finished...
[3360,5040) finished...
[11760,13443) finished...
[6720,8400) finished...
[8400,10080) finished...
[10080,11760) finished...
Nearest neighbor graph construction finished!
Random walk starts:
Iteration 1, converge to 0.052 with accuracy 0.7856...
Iteration 2, converge to 0.000 with accuracy 0.7856...
Iteration 3, converge to 0.000 with accuracy 0.7856...

Query	Docs	P@5	P@10	P@20
Pos	U	0.404	0.283	0.284
Pos	L	0.385	0.443	0.437
Neg	U	0.598	0.713	0.719
Neg	L	0.609	0.587	0.578

Gaussian Fields by random walk [C:SVM[C:2, F:8055, T:L2R_L1LOSS_SVC_DUAL, c:1.000], k:20, k':20, r:1.000, alpha:1.000, beta:1.000, eta:0.100]-[LambdaRank@MAP] Train/Test finished in 126.48 seconds with accuracy 0.7856 and F1 (0:0.751 1:0.812)...
.*
optimization finished, #iter = 18
Objective value = -1190.28
nSV = 2337
Creating cache for labeled documents...
Generate 2404(0:1202) ranking pairs for L2R model training...
[Info]LambdaRank configuration:
	Optimization Type OT_MAP, Lambda 1.000, Shrinkage 0.980, WindowSize 20
	Initial step size 1.0, Steps 100, Iteration 10
Iter	Misorder	LogLilikelihood	Perf
0	865	-3193.72	0.7960
1	888	-3192.99	0.7915
2	881	-3192.81	0.7924
3	884	-3192.23	0.7924
4	881	-3192.22	0.7931
5	881	-3192.22	0.7931
6	881	-3192.22	0.7931
[Info]Training procedure takes 0.18 seconds to finish...
0.08298 -0.13775 0.08930 -0.02855 0.03361 -0.00014 0.03555 0.26435 0.01895 0.21875 -0.00000 
Construct nearest neighbor graph nodes in parallel: L: 3368, U: 13408
Construct nearest neighbor graph edges in parallel: L: 3368, U: 13408
[5028,6704) finished...
[1676,3352) finished...
[0,1676) finished...
[11732,13408) finished...
[3352,5028) finished...
[6704,8380) finished...
[8380,10056) finished...
[10056,11732) finished...
Nearest neighbor graph construction finished!
Random walk starts:
Iteration 1, converge to 0.046 with accuracy 0.7859...
Iteration 2, converge to 0.000 with accuracy 0.7859...
Iteration 3, converge to 0.000 with accuracy 0.7859...

Query	Docs	P@5	P@10	P@20
Pos	U	0.378	0.352	0.377
Pos	L	0.600	0.532	0.513
Neg	U	0.642	0.679	0.696
Neg	L	0.503	0.567	0.595

Gaussian Fields by random walk [C:SVM[C:2, F:8055, T:L2R_L1LOSS_SVC_DUAL, c:1.000], k:20, k':20, r:1.000, alpha:1.000, beta:1.000, eta:0.100]-[LambdaRank@MAP] Train/Test finished in 126.24 seconds with accuracy 0.7859 and F1 (0:0.753 1:0.811)...
*************************************************
The final result of Gaussian Fields by random walk [C:SVM[C:2, F:8055, T:L2R_L1LOSS_SVC_DUAL, c:1.000], k:20, k':20, r:1.000, alpha:1.000, beta:1.000, eta:0.100]-[LambdaRank@MAP] is as follows:
The total number of classes is 2
Class 0:	precision(0.795+/-0.005)	recall(0.720+/-0.010)
Class 1:	precision(0.782+/-0.005)	recall(0.844+/-0.006)
	0	1	P
0	44117	11367	0.7951
1	17139	61585	0.7823
R	0.7202	0.8442	0.7876
F1	0.7558	0.8121

Query	Docs	P@5	P@10	P@20
Pos	U	0.635	0.589	0.540
Pos	L	0.579	0.543	0.525
Neg	U	0.362	0.420	0.497
Neg	L	0.461	0.514	0.540

