
--------------------------------------------------------------------------------------
Parameters of learning procedure:
#Class: 5	Ngram: 2	Feature value: TF	Normalization: 2
Doc length cut: 10	Window length: 0
Learning paradigm: SEMI	Sampling rate: 0.25	kUL: 100	kUU: 50
alpha: 1.05	beta: 1.01
Solver: Random Walk	Base Classifer: SVM	Weighted Sum: true	Similarity Weight: false
Classifier: SVM	Instance weighting: NONE	Trade-off Parameter: 1.0	Cross validation: 10
Data directory: ./data/amazon/small/dedup/RawData
--------------------------------------------------------------------------------------
Creating feature vectors, wait...
8055 feature words loaded from ./data/Features/fv_2gram_tablets_86jsons.txt...
Keywords for <screen>: 52
Keywords for <app>: 55
Keywords for <price>: 63
Keywords for <battery>: 60
Keywords for <sound>: 23
Keywords for <camera>: 47
Keywords for <cpu>: 46
Keywords for <microsd>: 44
Keywords for <internet>: 46
Keywords for <keyboard>: 26
Keywords for <usb>: 35
Keywords for <servic>: 49
Loading 614 stopwords from ./data/Model/stopwords.dat
DTLoading 16776 reviews from ./data/amazon/small/dedup/RawData
No normalizaiton is adopted here or wrong parameters!!
Text feature generated for 16776 documents...
2082 1104 1325 3146 9119 , Total: 16776
Info File Path: ./data/result/Topics_30Information.txt
Prior keywords for Topic 0 (<screen>): 52/52
Prior keywords for Topic 1 (<app>): 55/55
Prior keywords for Topic 2 (<price>): 63/63
Prior keywords for Topic 3 (<battery>): 60/60
Prior keywords for Topic 4 (<sound>): 23/23
Prior keywords for Topic 5 (<camera>): 47/47
Prior keywords for Topic 6 (<cpu>): 46/46
Prior keywords for Topic 7 (<microsd>): 44/44
Prior keywords for Topic 8 (<internet>): 46/46
Prior keywords for Topic 9 (<keyboard>): 26/26
Prior keywords for Topic 10 (<usb>): 35/35
Prior keywords for Topic 11 (<servic>): 49/50
..........Likelihood 16776.000 after step 100 converge to 0.000000 after 13 seconds...
Text feature generated for 16776 documents...
2082 1104 1325 3146 9119 , Total: 16776
Start Transductive Learning, wait...
.*
optimization finished, #iter = 17
Objective value = -1168.03
nSV = 2341
Creating cache for labeled documents...
Generate 2276(0:1138) ranking pairs for L2R model training...
[Info]LambdaRank configuration:
	Optimization Type OT_MAP, Lambda 0.800, Shrinkage 0.980, WindowSize 20
	Initial step size 1.0, Steps 100, Iteration 10
Iter	Misorder	LogLilikelihood	Perf
0	832	-3051.19	0.7915
1	838	-3050.59	0.7894
2	834	-3050.02	0.7903
3	836	-3050.22	0.7897
4	836	-3050.23	0.7897
5	836	-3050.24	0.7897
6	836	-3050.24	0.7897
7	836	-3050.24	0.7897
8	836	-3050.24	0.7897
[Info]Training procedure takes 0.46 seconds to finish...
0.03883 -0.09286 0.00583 -0.04938 0.01841 -0.00115 0.01212 0.18037 0.00807 0.29909 -0.00000 
Construct nearest neighbor graph nodes in parallel: L: 3327, U: 13449
Construct nearest neighbor graph edges in parallel: L: 3327, U: 13449
[5043,6724) finished...
[1681,3362) finished...
[0,1681) finished...
[3362,5043) finished...
[11767,13449) finished...
[6724,8405) finished...
[8405,10086) finished...
[10086,11767) finished...
Nearest neighbor graph construction finished!
Random walk starts:
Iteration 1, converge to 0.053 with accuracy 0.7882...
Iteration 2, converge to 0.000 with accuracy 0.7882...
Iteration 3, converge to 0.000 with accuracy 0.7882...

Query	Docs	P@5	P@10	P@20
Pos	U	0.400	0.200	0.158
Pos	L	0.165	0.267	0.333
Neg	U	0.600	0.800	0.844
Neg	L	0.848	0.768	0.710

Gaussian Fields by random walk [C:SVM[C:2, F:8055, T:L2R_L1LOSS_SVC_DUAL, c:1.000], k:20, k':20, r:1.000, alpha:1.000, beta:1.000, eta:0.100]-[LambdaRank@MAP] Train/Test finished in 125.77 seconds with accuracy 0.7882 and F1 (0:0.758 1:0.812)...
.*
optimization finished, #iter = 19
Objective value = -1197.02
nSV = 2382
Creating cache for labeled documents...
Generate 2270(0:1135) ranking pairs for L2R model training...
[Info]LambdaRank configuration:
	Optimization Type OT_MAP, Lambda 0.800, Shrinkage 0.980, WindowSize 20
	Initial step size 1.0, Steps 100, Iteration 10
Iter	Misorder	LogLilikelihood	Perf
0	845	-3021.07	0.7838
1	844	-3022.02	0.7841
2	844	-3021.63	0.7844
3	849	-3022.02	0.7837
4	850	-3022.08	0.7836
5	850	-3022.08	0.7836
6	850	-3022.08	0.7836
7	850	-3022.08	0.7836
8	850	-3022.08	0.7836
[Info]Training procedure takes 0.24 seconds to finish...
0.06292 -0.11433 0.01218 0.04752 0.02781 -0.00281 0.01694 0.27995 0.00665 0.24590 -0.00000 
Construct nearest neighbor graph nodes in parallel: L: 3287, U: 13489
Construct nearest neighbor graph edges in parallel: L: 3287, U: 13489
[5058,6744) finished...
[1686,3372) finished...
[3372,5058) finished...
[0,1686) finished...
[11802,13489) finished...
[6744,8430) finished...
[8430,10116) finished...
[10116,11802) finished...
Nearest neighbor graph construction finished!
Random walk starts:
Iteration 1, converge to 0.050 with accuracy 0.7863...
Iteration 2, converge to 0.000 with accuracy 0.7863...
Iteration 3, converge to 0.000 with accuracy 0.7863...

Query	Docs	P@5	P@10	P@20
Pos	U	0.452	0.323	0.284
Pos	L	0.413	0.555	0.544
Neg	U	0.566	0.674	0.717
Neg	L	0.582	0.457	0.469

Gaussian Fields by random walk [C:SVM[C:2, F:8055, T:L2R_L1LOSS_SVC_DUAL, c:1.000], k:20, k':20, r:1.000, alpha:1.000, beta:1.000, eta:0.100]-[LambdaRank@MAP] Train/Test finished in 126.03 seconds with accuracy 0.7863 and F1 (0:0.758 1:0.809)...
.*.
optimization finished, #iter = 20
Objective value = -1183.67
nSV = 2354
Creating cache for labeled documents...
Generate 2344(0:1172) ranking pairs for L2R model training...
[Info]LambdaRank configuration:
	Optimization Type OT_MAP, Lambda 0.800, Shrinkage 0.980, WindowSize 20
	Initial step size 1.0, Steps 100, Iteration 10
Iter	Misorder	LogLilikelihood	Perf
0	901	-3152.56	0.7853
1	901	-3151.86	0.7856
2	907	-3152.45	0.7836
3	908	-3151.33	0.7841
4	907	-3151.23	0.7840
5	907	-3151.22	0.7840
6	907	-3151.21	0.7840
7	907	-3151.21	0.7840
8	907	-3151.21	0.7840
[Info]Training procedure takes 0.23 seconds to finish...
0.04997 -0.11043 0.04918 -0.02255 0.01967 -0.00187 0.02194 0.25405 -0.01513 0.22153 0.00000 
Construct nearest neighbor graph nodes in parallel: L: 3318, U: 13458
Construct nearest neighbor graph edges in parallel: L: 3318, U: 13458
[5046,6728) finished...
[1682,3364) finished...
[0,1682) finished...
[3364,5046) finished...
[11774,13458) finished...
[8410,10092) finished...
[6728,8410) finished...
[10092,11774) finished...
Nearest neighbor graph construction finished!
Random walk starts:
Iteration 1, converge to 0.043 with accuracy 0.7877...
Iteration 2, converge to 0.000 with accuracy 0.7877...
Iteration 3, converge to 0.000 with accuracy 0.7877...

Query	Docs	P@5	P@10	P@20
Pos	U	0.999	0.988	0.898
Pos	L	0.700	0.586	0.517
Neg	U	0.001	0.019	0.150
Neg	L	0.379	0.511	0.578

Gaussian Fields by random walk [C:SVM[C:2, F:8055, T:L2R_L1LOSS_SVC_DUAL, c:1.000], k:20, k':20, r:1.000, alpha:1.000, beta:1.000, eta:0.100]-[LambdaRank@MAP] Train/Test finished in 125.92 seconds with accuracy 0.7877 and F1 (0:0.758 1:0.811)...
..*
optimization finished, #iter = 24
Objective value = -1204.51
nSV = 2358
Creating cache for labeled documents...
Generate 2230(0:1115) ranking pairs for L2R model training...
[Info]LambdaRank configuration:
	Optimization Type OT_MAP, Lambda 0.800, Shrinkage 0.980, WindowSize 20
	Initial step size 1.0, Steps 100, Iteration 10
Iter	Misorder	LogLilikelihood	Perf
0	882	-3031.70	0.7824
1	882	-3031.05	0.7832
2	877	-3030.93	0.7841
3	878	-3030.93	0.7842
4	881	-3030.95	0.7836
5	881	-3030.95	0.7836
6	881	-3030.95	0.7836
[Info]Training procedure takes 0.19 seconds to finish...
0.00024 -0.04525 -0.05046 -0.04452 0.00181 -0.00029 -0.00555 0.17461 -0.00245 0.20267 -0.00000 
Construct nearest neighbor graph nodes in parallel: L: 3359, U: 13417
Construct nearest neighbor graph edges in parallel: L: 3359, U: 13417
[5031,6708) finished...
[1677,3354) finished...
[0,1677) finished...
[3354,5031) finished...
[11739,13417) finished...
[6708,8385) finished...
[8385,10062) finished...
[10062,11739) finished...
Nearest neighbor graph construction finished!
Random walk starts:
Iteration 1, converge to 0.043 with accuracy 0.7833...
Iteration 2, converge to 0.000 with accuracy 0.7833...
Iteration 3, converge to 0.000 with accuracy 0.7833...

Query	Docs	P@5	P@10	P@20
Pos	U	0.999	0.982	0.903
Pos	L	0.947	0.799	0.618
Neg	U	0.001	0.017	0.107
Neg	L	0.086	0.229	0.418

Gaussian Fields by random walk [C:SVM[C:2, F:8055, T:L2R_L1LOSS_SVC_DUAL, c:1.000], k:20, k':20, r:1.000, alpha:1.000, beta:1.000, eta:0.100]-[LambdaRank@MAP] Train/Test finished in 126.33 seconds with accuracy 0.7833 and F1 (0:0.747 1:0.810)...
..*
optimization finished, #iter = 27
Objective value = -1196.01
nSV = 2385
Creating cache for labeled documents...
Generate 2242(0:1121) ranking pairs for L2R model training...
[Info]LambdaRank configuration:
	Optimization Type OT_MAP, Lambda 0.800, Shrinkage 0.980, WindowSize 20
	Initial step size 1.0, Steps 100, Iteration 10
Iter	Misorder	LogLilikelihood	Perf
0	927	-3056.47	0.7620
1	945	-3056.57	0.7583
2	944	-3056.01	0.7582
3	939	-3055.92	0.7594
4	941	-3055.91	0.7591
5	941	-3055.91	0.7591
6	941	-3055.92	0.7591
7	941	-3055.91	0.7591
8	941	-3055.91	0.7591
9	941	-3055.91	0.7591
[Info]Training procedure takes 0.25 seconds to finish...
0.03448 -0.07219 -0.02887 -0.04544 0.01510 0.00023 0.03678 0.13629 0.02493 0.16972 -0.00000 
Construct nearest neighbor graph nodes in parallel: L: 3362, U: 13414
Construct nearest neighbor graph edges in parallel: L: 3362, U: 13414
[5028,6704) finished...
[1676,3352) finished...
[3352,5028) finished...
[0,1676) finished...
[11732,13414) finished...
[6704,8380) finished...
[8380,10056) finished...
[10056,11732) finished...
Nearest neighbor graph construction finished!
Random walk starts:
Iteration 1, converge to 0.044 with accuracy 0.7884...
Iteration 2, converge to 0.000 with accuracy 0.7884...
Iteration 3, converge to 0.000 with accuracy 0.7884...

Query	Docs	P@5	P@10	P@20
Pos	U	0.801	0.762	0.699
Pos	L	0.767	0.721	0.631
Neg	U	0.198	0.242	0.339
Neg	L	0.238	0.323	0.422

Gaussian Fields by random walk [C:SVM[C:2, F:8055, T:L2R_L1LOSS_SVC_DUAL, c:1.000], k:20, k':20, r:1.000, alpha:1.000, beta:1.000, eta:0.100]-[LambdaRank@MAP] Train/Test finished in 125.59 seconds with accuracy 0.7884 and F1 (0:0.754 1:0.814)...
.*
optimization finished, #iter = 17
Objective value = -1164.82
nSV = 2342
Creating cache for labeled documents...
Generate 2222(0:1111) ranking pairs for L2R model training...
[Info]LambdaRank configuration:
	Optimization Type OT_MAP, Lambda 0.800, Shrinkage 0.980, WindowSize 20
	Initial step size 1.0, Steps 100, Iteration 10
Iter	Misorder	LogLilikelihood	Perf
0	799	-2953.17	0.7829
1	780	-2949.70	0.7881
2	784	-2950.04	0.7872
3	793	-2950.60	0.7846
4	793	-2950.59	0.7846
5	793	-2950.59	0.7846
6	793	-2950.59	0.7846
7	793	-2950.59	0.7846
8	793	-2950.59	0.7846
[Info]Training procedure takes 0.20 seconds to finish...
0.07625 -0.14948 0.09341 0.03139 0.02997 -0.00054 0.03279 0.25987 0.04248 0.26314 -0.00000 
Construct nearest neighbor graph nodes in parallel: L: 3312, U: 13464
Construct nearest neighbor graph edges in parallel: L: 3312, U: 13464
[5049,6732) finished...
[1683,3366) finished...
[0,1683) finished...
[11781,13464) finished...
[3366,5049) finished...
[8415,10098) finished...
[6732,8415) finished...
[10098,11781) finished...
Nearest neighbor graph construction finished!
Random walk starts:
Iteration 1, converge to 0.051 with accuracy 0.7894...
Iteration 2, converge to 0.000 with accuracy 0.7894...
Iteration 3, converge to 0.000 with accuracy 0.7894...

Query	Docs	P@5	P@10	P@20
Pos	U	0.509	0.432	0.370
Pos	L	0.422	0.364	0.440
Neg	U	0.453	0.555	0.624
Neg	L	0.566	0.615	0.564

Gaussian Fields by random walk [C:SVM[C:2, F:8055, T:L2R_L1LOSS_SVC_DUAL, c:1.000], k:20, k':20, r:1.000, alpha:1.000, beta:1.000, eta:0.100]-[LambdaRank@MAP] Train/Test finished in 126.25 seconds with accuracy 0.7894 and F1 (0:0.758 1:0.813)...
.*
optimization finished, #iter = 19
Objective value = -1214.51
nSV = 2390
Creating cache for labeled documents...
Generate 2320(0:1160) ranking pairs for L2R model training...
[Info]LambdaRank configuration:
	Optimization Type OT_MAP, Lambda 0.800, Shrinkage 0.980, WindowSize 20
	Initial step size 1.0, Steps 100, Iteration 10
Iter	Misorder	LogLilikelihood	Perf
0	898	-3091.25	0.7725
1	886	-3088.27	0.7748
2	889	-3088.93	0.7744
3	890	-3089.60	0.7744
4	889	-3089.61	0.7749
5	889	-3089.62	0.7749
6	889	-3089.62	0.7749
[Info]Training procedure takes 0.18 seconds to finish...
0.07270 -0.14242 0.10447 0.02656 0.02913 -0.00185 0.03409 0.20574 0.05656 0.29490 -0.00000 
Construct nearest neighbor graph nodes in parallel: L: 3327, U: 13449
Construct nearest neighbor graph edges in parallel: L: 3327, U: 13449
[1681,3362) finished...
[5043,6724) finished...
[0,1681) finished...
[11767,13449) finished...
[6724,8405) finished...
[3362,5043) finished...
[8405,10086) finished...
[10086,11767) finished...
Nearest neighbor graph construction finished!
Random walk starts:
Iteration 1, converge to 0.053 with accuracy 0.7853...
Iteration 2, converge to 0.000 with accuracy 0.7853...
Iteration 3, converge to 0.000 with accuracy 0.7853...

Query	Docs	P@5	P@10	P@20
Pos	U	0.713	0.549	0.431
Pos	L	0.336	0.336	0.344
Neg	U	0.235	0.397	0.522
Neg	L	0.619	0.636	0.648

Gaussian Fields by random walk [C:SVM[C:2, F:8055, T:L2R_L1LOSS_SVC_DUAL, c:1.000], k:20, k':20, r:1.000, alpha:1.000, beta:1.000, eta:0.100]-[LambdaRank@MAP] Train/Test finished in 125.26 seconds with accuracy 0.7853 and F1 (0:0.755 1:0.809)...
.*.
optimization finished, #iter = 20
Objective value = -1237.94
nSV = 2418
Creating cache for labeled documents...
Generate 2384(0:1192) ranking pairs for L2R model training...
[Info]LambdaRank configuration:
	Optimization Type OT_MAP, Lambda 0.800, Shrinkage 0.980, WindowSize 20
	Initial step size 1.0, Steps 100, Iteration 10
Iter	Misorder	LogLilikelihood	Perf
0	874	-3187.36	0.7959
1	897	-3188.26	0.7899
2	886	-3187.13	0.7927
3	886	-3186.94	0.7927
4	886	-3186.86	0.7922
5	885	-3186.85	0.7924
6	885	-3186.85	0.7924
7	885	-3186.85	0.7924
8	885	-3186.85	0.7924
[Info]Training procedure takes 0.22 seconds to finish...
0.07853 -0.14988 0.09036 -0.00775 0.03189 0.00014 0.02027 0.20362 0.01420 0.28257 -0.00000 
Construct nearest neighbor graph nodes in parallel: L: 3380, U: 13396
Construct nearest neighbor graph edges in parallel: L: 3380, U: 13396
[5022,6696) finished...
[1674,3348) finished...
[0,1674) finished...
[11718,13396) finished...
[3348,5022) finished...
[6696,8370) finished...
[8370,10044) finished...
[10044,11718) finished...
Nearest neighbor graph construction finished!
Random walk starts:
Iteration 1, converge to 0.051 with accuracy 0.7875...
Iteration 2, converge to 0.000 with accuracy 0.7875...
Iteration 3, converge to 0.000 with accuracy 0.7875...

Query	Docs	P@5	P@10	P@20
Pos	U	0.028	0.043	0.167
Pos	L	0.417	0.398	0.430
Neg	U	0.971	0.949	0.864
Neg	L	0.596	0.657	0.653

Gaussian Fields by random walk [C:SVM[C:2, F:8055, T:L2R_L1LOSS_SVC_DUAL, c:1.000], k:20, k':20, r:1.000, alpha:1.000, beta:1.000, eta:0.100]-[LambdaRank@MAP] Train/Test finished in 126.59 seconds with accuracy 0.7875 and F1 (0:0.758 1:0.811)...
.*
optimization finished, #iter = 17
Objective value = -1206.46
nSV = 2430
Creating cache for labeled documents...
Generate 2346(0:1173) ranking pairs for L2R model training...
[Info]LambdaRank configuration:
	Optimization Type OT_MAP, Lambda 0.800, Shrinkage 0.980, WindowSize 20
	Initial step size 1.0, Steps 100, Iteration 10
Iter	Misorder	LogLilikelihood	Perf
0	823	-3122.12	0.7976
1	823	-3122.26	0.7974
2	824	-3121.80	0.7972
3	828	-3120.94	0.7965
4	827	-3120.87	0.7967
5	827	-3120.87	0.7967
6	827	-3120.86	0.7967
7	827	-3120.86	0.7967
8	827	-3120.86	0.7967
9	827	-3120.86	0.7967
[Info]Training procedure takes 0.24 seconds to finish...
0.08310 -0.15577 0.16101 0.03333 0.03283 -0.00117 0.02362 0.26662 0.00198 0.20485 0.00000 
Construct nearest neighbor graph nodes in parallel: L: 3442, U: 13334
Construct nearest neighbor graph edges in parallel: L: 3442, U: 13334
[4998,6664) finished...
[1666,3332) finished...
[3332,4998) finished...
[0,1666) finished...
[11662,13334) finished...
[8330,9996) finished...
[6664,8330) finished...
[9996,11662) finished...
Nearest neighbor graph construction finished!
Random walk starts:
Iteration 1, converge to 0.051 with accuracy 0.7887...
Iteration 2, converge to 0.001 with accuracy 0.7887...
Iteration 3, converge to 0.000 with accuracy 0.7887...

Query	Docs	P@5	P@10	P@20
Pos	U	0.268	0.334	0.372
Pos	L	0.444	0.405	0.356
Neg	U	0.718	0.671	0.643
Neg	L	0.565	0.615	0.663

Gaussian Fields by random walk [C:SVM[C:2, F:8055, T:L2R_L1LOSS_SVC_DUAL, c:1.000], k:20, k':20, r:1.000, alpha:1.000, beta:1.000, eta:0.100]-[LambdaRank@MAP] Train/Test finished in 126.33 seconds with accuracy 0.7887 and F1 (0:0.759 1:0.812)...
.**.
optimization finished, #iter = 20
Objective value = -1176.51
nSV = 2380
Creating cache for labeled documents...
Generate 2348(0:1174) ranking pairs for L2R model training...
[Info]LambdaRank configuration:
	Optimization Type OT_MAP, Lambda 0.800, Shrinkage 0.980, WindowSize 20
	Initial step size 1.0, Steps 100, Iteration 10
Iter	Misorder	LogLilikelihood	Perf
0	910	-3144.92	0.7814
1	912	-3146.44	0.7806
2	915	-3146.11	0.7798
3	914	-3145.86	0.7802
4	914	-3145.88	0.7802
5	914	-3145.89	0.7802
6	914	-3145.89	0.7802
7	914	-3145.89	0.7802
8	914	-3145.89	0.7802
[Info]Training procedure takes 0.21 seconds to finish...
0.05020 -0.09891 0.06889 0.06662 0.02317 -0.00105 0.02435 0.20757 0.01452 0.22393 0.00000 
Construct nearest neighbor graph nodes in parallel: L: 3438, U: 13338
Construct nearest neighbor graph edges in parallel: L: 3438, U: 13338
[5001,6668) finished...
[1667,3334) finished...
[0,1667) finished...
[3334,5001) finished...
[11669,13338) finished...
[6668,8335) finished...
[8335,10002) finished...
[10002,11669) finished...
Nearest neighbor graph construction finished!
Random walk starts:
Iteration 1, converge to 0.050 with accuracy 0.7830...
Iteration 2, converge to 0.001 with accuracy 0.7830...
Iteration 3, converge to 0.000 with accuracy 0.7830...

Query	Docs	P@5	P@10	P@20
Pos	U	0.430	0.443	0.379
Pos	L	0.539	0.551	0.545
Neg	U	0.557	0.543	0.600
Neg	L	0.445	0.466	0.468

Gaussian Fields by random walk [C:SVM[C:2, F:8055, T:L2R_L1LOSS_SVC_DUAL, c:1.000], k:20, k':20, r:1.000, alpha:1.000, beta:1.000, eta:0.100]-[LambdaRank@MAP] Train/Test finished in 124.59 seconds with accuracy 0.7830 and F1 (0:0.752 1:0.807)...
*************************************************
The final result of Gaussian Fields by random walk [C:SVM[C:2, F:8055, T:L2R_L1LOSS_SVC_DUAL, c:1.000], k:20, k':20, r:1.000, alpha:1.000, beta:1.000, eta:0.100]-[LambdaRank@MAP] is as follows:
The total number of classes is 2
Class 0:	precision(0.792+/-0.009)	recall(0.723+/-0.011)
Class 1:	precision(0.783+/-0.007)	recall(0.841+/-0.010)
	0	1	P
0	44261	11622	0.7920
1	16995	61330	0.7830
R	0.7226	0.8407	0.7868
F1	0.7557	0.8108

Query	Docs	P@5	P@10	P@20
Pos	U	0.560	0.506	0.466
Pos	L	0.515	0.498	0.476
Neg	U	0.430	0.487	0.541
Neg	L	0.492	0.528	0.559

