
--------------------------------------------------------------------------------------
Parameters of learning procedure:
#Class: 5	Ngram: 2	Feature value: TF	Normalization: 2
Doc length cut: 10	Window length: 0
Learning paradigm: SEMI	Sampling rate: 0.25	kUL: 100	kUU: 50
alpha: 1.05	beta: 1.01
Solver: Random Walk	Base Classifer: SVM	Weighted Sum: true	Similarity Weight: false
Classifier: SVM	Instance weighting: NONE	Trade-off Parameter: 1.0	Cross validation: 10
Data directory: ./data/amazon/small/dedup/RawData
--------------------------------------------------------------------------------------
Creating feature vectors, wait...
8055 feature words loaded from ./data/Features/fv_2gram_tablets_86jsons.txt...
Keywords for <screen>: 52
Keywords for <app>: 55
Keywords for <price>: 63
Keywords for <battery>: 60
Keywords for <sound>: 23
Keywords for <camera>: 47
Keywords for <cpu>: 46
Keywords for <microsd>: 44
Keywords for <internet>: 46
Keywords for <keyboard>: 26
Keywords for <usb>: 35
Keywords for <servic>: 49
Loading 614 stopwords from ./data/Model/stopwords.dat
DTLoading 16776 reviews from ./data/amazon/small/dedup/RawData
No normalizaiton is adopted here or wrong parameters!!
Text feature generated for 16776 documents...
2082 1104 1325 3146 9119 , Total: 16776
Info File Path: ./data/result/Topics_30Information.txt
Prior keywords for Topic 0 (<screen>): 52/52
Prior keywords for Topic 1 (<app>): 55/55
Prior keywords for Topic 2 (<price>): 63/63
Prior keywords for Topic 3 (<battery>): 60/60
Prior keywords for Topic 4 (<sound>): 23/23
Prior keywords for Topic 5 (<camera>): 47/47
Prior keywords for Topic 6 (<cpu>): 46/46
Prior keywords for Topic 7 (<microsd>): 44/44
Prior keywords for Topic 8 (<internet>): 46/46
Prior keywords for Topic 9 (<keyboard>): 26/26
Prior keywords for Topic 10 (<usb>): 35/35
Prior keywords for Topic 11 (<servic>): 49/50
..........Likelihood 16776.000 after step 100 converge to 0.000000 after 12 seconds...
Text feature generated for 16776 documents...
2082 1104 1325 3146 9119 , Total: 16776
Start Transductive Learning, wait...
................**.*
optimization finished, #iter = 174
Objective value = -1205.27
nSV = 2390
Creating cache for labeled documents...
Generate 2240(0:1120) ranking pairs for L2R model training...
[Info]LambdaRank configuration:
	Optimization Type OT_MAP, Lambda 1.600, Shrinkage 0.980, WindowSize 20
	Initial step size 1.0, Steps 100, Iteration 10
Iter	Misorder	LogLilikelihood	Perf
0	844	-3026.17	0.7845
1	837	-3026.13	0.7859
2	846	-3025.26	0.7839
3	853	-3025.14	0.7819
4	854	-3025.13	0.7818
5	853	-3025.13	0.7819
6	853	-3025.13	0.7819
7	853	-3025.13	0.7819
8	853	-3025.13	0.7819
9	853	-3025.13	0.7819
[Info]Training procedure takes 0.39 seconds to finish...
0.02177 -0.05221 0.04802 -0.03753 0.00902 0.00009 0.00742 0.13362 -0.00510 0.17758 -0.00000 
Construct nearest neighbor graph nodes in parallel: L: 3327, U: 13449
Construct nearest neighbor graph edges in parallel: L: 3327, U: 13449
[5043,6724) finished...
[1681,3362) finished...
[0,1681) finished...
[3362,5043) finished...
[11767,13449) finished...
[6724,8405) finished...
[8405,10086) finished...
[10086,11767) finished...
Nearest neighbor graph construction finished!
Random walk starts:
Iteration 1, converge to 0.052 with accuracy 0.7845...
Iteration 2, converge to 0.000 with accuracy 0.7845...
Iteration 3, converge to 0.000 with accuracy 0.7845...

Query	Docs	P@5	P@10	P@20
Pos	U	0.000	0.002	0.090
Pos	L	0.396	0.463	0.461
Neg	U	1.000	0.997	0.928
Neg	L	0.610	0.573	0.593

Gaussian Fields by random walk [C:SVM[C:2, F:8055, T:L2R_L1LOSS_SVC_DUAL, c:1.000], k:20, k':20, r:1.000, alpha:1.000, beta:1.000, eta:0.100]-[LambdaRank@MAP] Train/Test finished in 121.99 seconds with accuracy 0.7845 and F1 (0:0.755 1:0.808)...
.*
optimization finished, #iter = 18
Objective value = -1163.00
nSV = 2345
Creating cache for labeled documents...
Generate 2272(0:1136) ranking pairs for L2R model training...
[Info]LambdaRank configuration:
	Optimization Type OT_MAP, Lambda 1.600, Shrinkage 0.980, WindowSize 20
	Initial step size 1.0, Steps 100, Iteration 10
Iter	Misorder	LogLilikelihood	Perf
0	824	-3055.43	0.7876
1	823	-3054.67	0.7886
2	828	-3055.40	0.7870
3	828	-3055.53	0.7869
4	830	-3055.71	0.7860
5	830	-3055.74	0.7860
6	830	-3055.74	0.7860
7	830	-3055.74	0.7860
8	830	-3055.74	0.7860
9	830	-3055.74	0.7860
[Info]Training procedure takes 0.25 seconds to finish...
0.03675 -0.07090 0.00821 0.02615 0.01581 -0.00027 0.00467 0.12585 0.00990 0.20892 -0.00000 
Construct nearest neighbor graph nodes in parallel: L: 3300, U: 13476
Construct nearest neighbor graph edges in parallel: L: 3300, U: 13476
[5052,6736) finished...
[1684,3368) finished...
[0,1684) finished...
[3368,5052) finished...
[6736,8420) finished...
[11788,13476) finished...
[8420,10104) finished...
[10104,11788) finished...
Nearest neighbor graph construction finished!
Random walk starts:
Iteration 1, converge to 0.053 with accuracy 0.7854...
Iteration 2, converge to 0.000 with accuracy 0.7854...
Iteration 3, converge to 0.000 with accuracy 0.7854...

Query	Docs	P@5	P@10	P@20
Pos	U	0.245	0.201	0.254
Pos	L	0.328	0.201	0.258
Neg	U	0.739	0.804	0.770
Neg	L	0.622	0.772	0.748

Gaussian Fields by random walk [C:SVM[C:2, F:8055, T:L2R_L1LOSS_SVC_DUAL, c:1.000], k:20, k':20, r:1.000, alpha:1.000, beta:1.000, eta:0.100]-[LambdaRank@MAP] Train/Test finished in 121.88 seconds with accuracy 0.7854 and F1 (0:0.754 1:0.810)...
..*
optimization finished, #iter = 26
Objective value = -1177.14
nSV = 2385
Creating cache for labeled documents...
Generate 2234(0:1117) ranking pairs for L2R model training...
[Info]LambdaRank configuration:
	Optimization Type OT_MAP, Lambda 1.600, Shrinkage 0.980, WindowSize 20
	Initial step size 1.0, Steps 100, Iteration 10
Iter	Misorder	LogLilikelihood	Perf
0	889	-3032.69	0.7704
1	887	-3031.04	0.7705
2	890	-3031.47	0.7694
3	891	-3031.69	0.7692
4	891	-3031.73	0.7692
5	891	-3031.72	0.7692
6	891	-3031.73	0.7692
7	891	-3031.73	0.7692
8	891	-3031.73	0.7692
[Info]Training procedure takes 0.18 seconds to finish...
0.03839 -0.08547 0.05014 0.02881 0.01618 -0.00074 0.00280 0.14587 0.03036 0.12109 0.00000 
Construct nearest neighbor graph nodes in parallel: L: 3372, U: 13404
Construct nearest neighbor graph edges in parallel: L: 3372, U: 13404
[5025,6700) finished...
[1675,3350) finished...
[0,1675) finished...
[11725,13404) finished...
[3350,5025) finished...
[10050,11725) finished...
[6700,8375) finished...
[8375,10050) finished...
Nearest neighbor graph construction finished!
Random walk starts:
Iteration 1, converge to 0.055 with accuracy 0.7832...
Iteration 2, converge to 0.001 with accuracy 0.7832...
Iteration 3, converge to 0.000 with accuracy 0.7832...

Query	Docs	P@5	P@10	P@20
Pos	U	0.019	0.040	0.114
Pos	L	0.261	0.268	0.286
Neg	U	0.978	0.957	0.886
Neg	L	0.719	0.714	0.708

Gaussian Fields by random walk [C:SVM[C:2, F:8055, T:L2R_L1LOSS_SVC_DUAL, c:1.000], k:20, k':20, r:1.000, alpha:1.000, beta:1.000, eta:0.100]-[LambdaRank@MAP] Train/Test finished in 119.33 seconds with accuracy 0.7832 and F1 (0:0.752 1:0.807)...
.*
optimization finished, #iter = 18
Objective value = -1219.87
nSV = 2419
Creating cache for labeled documents...
Generate 2310(0:1155) ranking pairs for L2R model training...
[Info]LambdaRank configuration:
	Optimization Type OT_MAP, Lambda 1.600, Shrinkage 0.980, WindowSize 20
	Initial step size 1.0, Steps 100, Iteration 10
Iter	Misorder	LogLilikelihood	Perf
0	934	-3170.95	0.7709
1	932	-3170.29	0.7701
2	939	-3170.44	0.7692
3	937	-3170.36	0.7689
4	942	-3170.35	0.7675
5	942	-3170.35	0.7675
6	942	-3170.35	0.7675
7	942	-3170.35	0.7675
8	942	-3170.35	0.7675
9	942	-3170.35	0.7675
10	942	-3170.35	0.7675
11	942	-3170.35	0.7675
[Info]Training procedure takes 0.27 seconds to finish...
0.01101 -0.03863 0.03094 -0.01046 0.00503 -0.00150 -0.00138 0.09404 0.03184 0.10546 0.00000 
Construct nearest neighbor graph nodes in parallel: L: 3396, U: 13380
Construct nearest neighbor graph edges in parallel: L: 3396, U: 13380
[5016,6688) finished...
[1672,3344) finished...
[0,1672) finished...
[3344,5016) finished...
[11704,13380) finished...
[6688,8360) finished...
[8360,10032) finished...
[10032,11704) finished...
Nearest neighbor graph construction finished!
Random walk starts:
Iteration 1, converge to 0.046 with accuracy 0.7926...
Iteration 2, converge to 0.000 with accuracy 0.7926...
Iteration 3, converge to 0.000 with accuracy 0.7926...

Query	Docs	P@5	P@10	P@20
Pos	U	0.792	0.719	0.604
Pos	L	0.848	0.716	0.598
Neg	U	0.220	0.304	0.450
Neg	L	0.155	0.315	0.450

Gaussian Fields by random walk [C:SVM[C:2, F:8055, T:L2R_L1LOSS_SVC_DUAL, c:1.000], k:20, k':20, r:1.000, alpha:1.000, beta:1.000, eta:0.100]-[LambdaRank@MAP] Train/Test finished in 120.98 seconds with accuracy 0.7926 and F1 (0:0.765 1:0.814)...
...*
optimization finished, #iter = 33
Objective value = -1208.22
nSV = 2426
Creating cache for labeled documents...
Generate 2344(0:1172) ranking pairs for L2R model training...
[Info]LambdaRank configuration:
	Optimization Type OT_MAP, Lambda 1.600, Shrinkage 0.980, WindowSize 20
	Initial step size 1.0, Steps 100, Iteration 10
Iter	Misorder	LogLilikelihood	Perf
0	1005	-3218.02	0.7575
1	985	-3212.74	0.7627
2	985	-3213.13	0.7627
3	984	-3212.90	0.7627
4	984	-3212.94	0.7627
5	984	-3212.95	0.7627
6	984	-3212.95	0.7627
[Info]Training procedure takes 0.16 seconds to finish...
0.02717 -0.05692 0.01465 0.02324 0.01074 -0.00001 0.01352 0.09985 0.00859 0.11140 0.00000 
Construct nearest neighbor graph nodes in parallel: L: 3381, U: 13395
Construct nearest neighbor graph edges in parallel: L: 3381, U: 13395
[5022,6696) finished...
[1674,3348) finished...
[0,1674) finished...
[3348,5022) finished...
[6696,8370) finished...
[11718,13395) finished...
[8370,10044) finished...
[10044,11718) finished...
Nearest neighbor graph construction finished!
Random walk starts:
Iteration 1, converge to 0.051 with accuracy 0.7887...
Iteration 2, converge to 0.001 with accuracy 0.7887...
Iteration 3, converge to 0.000 with accuracy 0.7887...

Query	Docs	P@5	P@10	P@20
Pos	U	0.632	0.443	0.348
Pos	L	0.595	0.594	0.504
Neg	U	0.351	0.545	0.629
Neg	L	0.406	0.411	0.500

Gaussian Fields by random walk [C:SVM[C:2, F:8055, T:L2R_L1LOSS_SVC_DUAL, c:1.000], k:20, k':20, r:1.000, alpha:1.000, beta:1.000, eta:0.100]-[LambdaRank@MAP] Train/Test finished in 120.42 seconds with accuracy 0.7887 and F1 (0:0.760 1:0.811)...
..........*
optimization finished, #iter = 109
Objective value = -1182.69
nSV = 2350
Creating cache for labeled documents...
Generate 2382(0:1191) ranking pairs for L2R model training...
[Info]LambdaRank configuration:
	Optimization Type OT_MAP, Lambda 1.600, Shrinkage 0.980, WindowSize 20
	Initial step size 1.0, Steps 100, Iteration 10
Iter	Misorder	LogLilikelihood	Perf
0	952	-3246.65	0.7709
1	954	-3246.11	0.7695
2	951	-3245.58	0.7697
3	950	-3245.68	0.7698
4	951	-3245.70	0.7697
5	951	-3245.70	0.7697
6	951	-3245.70	0.7697
7	951	-3245.70	0.7697
8	951	-3245.70	0.7697
[Info]Training procedure takes 0.19 seconds to finish...
0.03650 -0.07891 0.05676 -0.02519 0.01621 -0.00052 0.03110 0.13642 -0.00658 0.10644 -0.00000 
Construct nearest neighbor graph nodes in parallel: L: 3348, U: 13428
Construct nearest neighbor graph edges in parallel: L: 3348, U: 13428
[5034,6712) finished...
[1678,3356) finished...
[0,1678) finished...
[3356,5034) finished...
[11746,13428) finished...
[6712,8390) finished...
[8390,10068) finished...
[10068,11746) finished...
Nearest neighbor graph construction finished!
Random walk starts:
Iteration 1, converge to 0.042 with accuracy 0.7875...
Iteration 2, converge to 0.000 with accuracy 0.7875...
Iteration 3, converge to 0.000 with accuracy 0.7875...

Query	Docs	P@5	P@10	P@20
Pos	U	0.946	0.851	0.764
Pos	L	0.531	0.530	0.528
Neg	U	0.105	0.222	0.347
Neg	L	0.585	0.591	0.595

Gaussian Fields by random walk [C:SVM[C:2, F:8055, T:L2R_L1LOSS_SVC_DUAL, c:1.000], k:20, k':20, r:1.000, alpha:1.000, beta:1.000, eta:0.100]-[LambdaRank@MAP] Train/Test finished in 121.41 seconds with accuracy 0.7875 and F1 (0:0.756 1:0.812)...
.*
optimization finished, #iter = 18
Objective value = -1183.97
nSV = 2381
Creating cache for labeled documents...
Generate 2366(0:1183) ranking pairs for L2R model training...
[Info]LambdaRank configuration:
	Optimization Type OT_MAP, Lambda 1.600, Shrinkage 0.980, WindowSize 20
	Initial step size 1.0, Steps 100, Iteration 10
Iter	Misorder	LogLilikelihood	Perf
0	979	-3241.91	0.7635
1	985	-3240.81	0.7607
2	983	-3240.95	0.7617
3	981	-3241.41	0.7630
4	978	-3241.51	0.7637
5	978	-3241.52	0.7639
6	979	-3241.52	0.7638
7	979	-3241.52	0.7638
8	979	-3241.52	0.7638
[Info]Training procedure takes 0.20 seconds to finish...
0.02580 -0.05547 0.07129 0.01905 0.01184 -0.00087 0.00589 0.10093 -0.00072 0.09152 0.00000 
Construct nearest neighbor graph nodes in parallel: L: 3369, U: 13407
Construct nearest neighbor graph edges in parallel: L: 3369, U: 13407
[5025,6700) finished...
[1675,3350) finished...
[0,1675) finished...
[3350,5025) finished...
[11725,13407) finished...
[6700,8375) finished...
[8375,10050) finished...
[10050,11725) finished...
Nearest neighbor graph construction finished!
Random walk starts:
Iteration 1, converge to 0.050 with accuracy 0.7856...
Iteration 2, converge to 0.001 with accuracy 0.7856...
Iteration 3, converge to 0.000 with accuracy 0.7856...

Query	Docs	P@5	P@10	P@20
Pos	U	0.322	0.377	0.361
Pos	L	0.897	0.720	0.599
Neg	U	0.649	0.613	0.623
Neg	L	0.131	0.298	0.422

Gaussian Fields by random walk [C:SVM[C:2, F:8055, T:L2R_L1LOSS_SVC_DUAL, c:1.000], k:20, k':20, r:1.000, alpha:1.000, beta:1.000, eta:0.100]-[LambdaRank@MAP] Train/Test finished in 121.33 seconds with accuracy 0.7856 and F1 (0:0.754 1:0.810)...
.*.
optimization finished, #iter = 20
Objective value = -1141.68
nSV = 2315
Creating cache for labeled documents...
Generate 2210(0:1105) ranking pairs for L2R model training...
[Info]LambdaRank configuration:
	Optimization Type OT_MAP, Lambda 1.600, Shrinkage 0.980, WindowSize 20
	Initial step size 1.0, Steps 100, Iteration 10
Iter	Misorder	LogLilikelihood	Perf
0	886	-3002.28	0.7708
1	883	-3002.75	0.7719
2	882	-3001.98	0.7719
3	879	-3001.81	0.7725
4	879	-3001.80	0.7725
5	879	-3001.79	0.7725
6	879	-3001.79	0.7725
[Info]Training procedure takes 0.16 seconds to finish...
0.03504 -0.07982 0.04062 0.03265 0.01773 -0.00076 0.00600 0.14540 0.00838 0.11103 0.00000 
Construct nearest neighbor graph nodes in parallel: L: 3324, U: 13452
Construct nearest neighbor graph edges in parallel: L: 3324, U: 13452
[5043,6724) finished...
[1681,3362) finished...
[0,1681) finished...
[11767,13452) finished...
[3362,5043) finished...
[6724,8405) finished...
[8405,10086) finished...
[10086,11767) finished...
Nearest neighbor graph construction finished!
Random walk starts:
Iteration 1, converge to 0.050 with accuracy 0.7812...
Iteration 2, converge to 0.001 with accuracy 0.7812...
Iteration 3, converge to 0.000 with accuracy 0.7812...

Query	Docs	P@5	P@10	P@20
Pos	U	0.434	0.349	0.367
Pos	L	0.951	0.739	0.547
Neg	U	0.555	0.634	0.620
Neg	L	0.064	0.277	0.466

Gaussian Fields by random walk [C:SVM[C:2, F:8055, T:L2R_L1LOSS_SVC_DUAL, c:1.000], k:20, k':20, r:1.000, alpha:1.000, beta:1.000, eta:0.100]-[LambdaRank@MAP] Train/Test finished in 120.49 seconds with accuracy 0.7812 and F1 (0:0.745 1:0.808)...
.*
optimization finished, #iter = 17
Objective value = -1160.01
nSV = 2345
Creating cache for labeled documents...
Generate 2230(0:1115) ranking pairs for L2R model training...
[Info]LambdaRank configuration:
	Optimization Type OT_MAP, Lambda 1.600, Shrinkage 0.980, WindowSize 20
	Initial step size 1.0, Steps 100, Iteration 10
Iter	Misorder	LogLilikelihood	Perf
0	882	-3034.08	0.7735
1	873	-3034.97	0.7752
2	878	-3034.36	0.7741
3	875	-3034.07	0.7755
4	872	-3034.09	0.7762
5	872	-3034.09	0.7759
6	872	-3034.09	0.7759
7	872	-3034.09	0.7759
8	872	-3034.09	0.7759
[Info]Training procedure takes 0.17 seconds to finish...
0.04282 -0.08369 0.06158 -0.01723 0.02063 -0.00054 0.03925 0.16923 0.01458 0.05793 -0.00000 
Construct nearest neighbor graph nodes in parallel: L: 3327, U: 13449
Construct nearest neighbor graph edges in parallel: L: 3327, U: 13449
[5043,6724) finished...
[1681,3362) finished...
[0,1681) finished...
[3362,5043) finished...
[11767,13449) finished...
[6724,8405) finished...
[8405,10086) finished...
[10086,11767) finished...
Nearest neighbor graph construction finished!
Random walk starts:
Iteration 1, converge to 0.037 with accuracy 0.7821...
Iteration 2, converge to 0.000 with accuracy 0.7821...
Iteration 3, converge to 0.000 with accuracy 0.7821...

Query	Docs	P@5	P@10	P@20
Pos	U	0.712	0.703	0.691
Pos	L	0.630	0.618	0.607
Neg	U	0.548	0.544	0.539
Neg	L	0.579	0.583	0.580

Gaussian Fields by random walk [C:SVM[C:2, F:8055, T:L2R_L1LOSS_SVC_DUAL, c:1.000], k:20, k':20, r:1.000, alpha:1.000, beta:1.000, eta:0.100]-[LambdaRank@MAP] Train/Test finished in 120.76 seconds with accuracy 0.7821 and F1 (0:0.746 1:0.809)...
.*.
optimization finished, #iter = 20
Objective value = -1241.53
nSV = 2425
Creating cache for labeled documents...
Generate 2310(0:1155) ranking pairs for L2R model training...
[Info]LambdaRank configuration:
	Optimization Type OT_MAP, Lambda 1.600, Shrinkage 0.980, WindowSize 20
	Initial step size 1.0, Steps 100, Iteration 10
Iter	Misorder	LogLilikelihood	Perf
0	955	-3145.32	0.7659
1	947	-3144.32	0.7679
2	946	-3143.90	0.7675
3	947	-3143.91	0.7677
4	946	-3143.92	0.7680
5	946	-3143.92	0.7680
6	946	-3143.92	0.7680
[Info]Training procedure takes 0.14 seconds to finish...
0.02806 -0.06588 0.05599 -0.04362 0.01292 -0.00033 0.00353 0.13675 0.00182 0.08983 0.00000 
Construct nearest neighbor graph nodes in parallel: L: 3408, U: 13368
Construct nearest neighbor graph edges in parallel: L: 3408, U: 13368
[5013,6684) finished...
[1671,3342) finished...
[0,1671) finished...
[3342,5013) finished...
[11697,13368) finished...
[6684,8355) finished...
[8355,10026) finished...
[10026,11697) finished...
Nearest neighbor graph construction finished!
Random walk starts:
Iteration 1, converge to 0.040 with accuracy 0.7867...
Iteration 2, converge to 0.000 with accuracy 0.7867...
Iteration 3, converge to 0.000 with accuracy 0.7867...

Query	Docs	P@5	P@10	P@20
Pos	U	0.831	0.798	0.753
Pos	L	0.631	0.606	0.587
Neg	U	0.307	0.343	0.395
Neg	L	0.538	0.551	0.554

Gaussian Fields by random walk [C:SVM[C:2, F:8055, T:L2R_L1LOSS_SVC_DUAL, c:1.000], k:20, k':20, r:1.000, alpha:1.000, beta:1.000, eta:0.100]-[LambdaRank@MAP] Train/Test finished in 120.18 seconds with accuracy 0.7867 and F1 (0:0.753 1:0.812)...
*************************************************
The final result of Gaussian Fields by random walk [C:SVM[C:2, F:8055, T:L2R_L1LOSS_SVC_DUAL, c:1.000], k:20, k':20, r:1.000, alpha:1.000, beta:1.000, eta:0.100]-[LambdaRank@MAP] is as follows:
The total number of classes is 2
Class 0:	precision(0.792+/-0.006)	recall(0.720+/-0.014)
Class 1:	precision(0.782+/-0.008)	recall(0.841+/-0.008)
	0	1	P
0	44084	11581	0.7920
1	17172	61371	0.7814
R	0.7197	0.8413	0.7858
F1	0.7541	0.8102

Query	Docs	P@5	P@10	P@20
Pos	U	0.493	0.448	0.435
Pos	L	0.607	0.545	0.497
Neg	U	0.545	0.596	0.619
Neg	L	0.441	0.508	0.562

