
--------------------------------------------------------------------------------------
Parameters of learning procedure:
#Class: 5	Ngram: 2	Feature value: TF	Normalization: 2
Doc length cut: 10	Window length: 0
Learning paradigm: SEMI	Sampling rate: 0.25	kUL: 100	kUU: 50
alpha: 1.05	beta: 1.01
Solver: Random Walk	Base Classifer: SVM	Weighted Sum: true	Similarity Weight: false
Classifier: SVM	Instance weighting: NONE	Trade-off Parameter: 1.0	Cross validation: 10
Data directory: ./data/amazon/small/dedup/RawData
--------------------------------------------------------------------------------------
Creating feature vectors, wait...
8055 feature words loaded from ./data/Features/fv_2gram_tablets_86jsons.txt...
Keywords for <screen>: 52
Keywords for <app>: 55
Keywords for <price>: 63
Keywords for <battery>: 60
Keywords for <sound>: 23
Keywords for <camera>: 47
Keywords for <cpu>: 46
Keywords for <microsd>: 44
Keywords for <internet>: 46
Keywords for <keyboard>: 26
Keywords for <usb>: 35
Keywords for <servic>: 49
Loading 614 stopwords from ./data/Model/stopwords.dat
DTLoading 16776 reviews from ./data/amazon/small/dedup/RawData
No normalizaiton is adopted here or wrong parameters!!
Text feature generated for 16776 documents...
2082 1104 1325 3146 9119 , Total: 16776
Info File Path: ./data/result/Topics_30Information.txt
Prior keywords for Topic 0 (<screen>): 52/52
Prior keywords for Topic 1 (<app>): 55/55
Prior keywords for Topic 2 (<price>): 63/63
Prior keywords for Topic 3 (<battery>): 60/60
Prior keywords for Topic 4 (<sound>): 23/23
Prior keywords for Topic 5 (<camera>): 47/47
Prior keywords for Topic 6 (<cpu>): 46/46
Prior keywords for Topic 7 (<microsd>): 44/44
Prior keywords for Topic 8 (<internet>): 46/46
Prior keywords for Topic 9 (<keyboard>): 26/26
Prior keywords for Topic 10 (<usb>): 35/35
Prior keywords for Topic 11 (<servic>): 49/50
..........Likelihood 16776.000 after step 100 converge to 0.000000 after 12 seconds...
Text feature generated for 16776 documents...
2082 1104 1325 3146 9119 , Total: 16776
Start Transductive Learning, wait...
.*
optimization finished, #iter = 18
Objective value = -1202.19
nSV = 2364
Creating cache for labeled documents...
Generate 2354(0:1177) ranking pairs for L2R model training...
[Info]LambdaRank configuration:
	Optimization Type OT_MAP, Lambda 1.000, Shrinkage 0.980, WindowSize 20
	Initial step size 1.0, Steps 400, Iteration 10
Iter	Misorder	LogLilikelihood	Perf
0	896	-3175.87	0.7873
1	894	-3175.76	0.7880
2	894	-3175.76	0.7880
3	894	-3175.76	0.7880
4	894	-3175.76	0.7880
5	894	-3175.76	0.7880
[Info]Training procedure takes 0.68 seconds to finish...
0.04358 -0.09277 0.04662 -0.03764 0.02151 -0.00137 0.02247 0.18793 0.01955 0.18406 0.00000 
Construct nearest neighbor graph nodes in parallel: L: 3314, U: 13462
Construct nearest neighbor graph edges in parallel: L: 3314, U: 13462
[5046,6728) finished...
[1682,3364) finished...
[3364,5046) finished...
[0,1682) finished...
[11774,13462) finished...
[6728,8410) finished...
[8410,10092) finished...
[10092,11774) finished...
Nearest neighbor graph construction finished!
Random walk starts:
Iteration 1, converge to 0.042 with accuracy 0.7896...
Iteration 2, converge to 0.000 with accuracy 0.7896...
Iteration 3, converge to 0.000 with accuracy 0.7896...

Query	Docs	P@5	P@10	P@20
Pos	U	0.999	0.981	0.902
Pos	L	0.668	0.614	0.578
Neg	U	0.001	0.028	0.147
Neg	L	0.409	0.487	0.526

Gaussian Fields by random walk [C:SVM[C:2, F:8055, T:L2R_L1LOSS_SVC_DUAL, c:1.000], k:20, k':20, r:1.000, alpha:1.000, beta:1.000, eta:0.100]-[LambdaRank@MAP] Train/Test finished in 122.06 seconds with accuracy 0.7896 and F1 (0:0.758 1:0.814)...
.*
optimization finished, #iter = 18
Objective value = -1163.40
nSV = 2326
Creating cache for labeled documents...
Generate 2270(0:1135) ranking pairs for L2R model training...
[Info]LambdaRank configuration:
	Optimization Type OT_MAP, Lambda 1.000, Shrinkage 0.980, WindowSize 20
	Initial step size 1.0, Steps 400, Iteration 10
Iter	Misorder	LogLilikelihood	Perf
0	844	-3023.67	0.7928
1	844	-3023.66	0.7928
2	844	-3023.66	0.7928
3	844	-3023.66	0.7928
4	844	-3023.66	0.7928
5	844	-3023.66	0.7928
[Info]Training procedure takes 0.46 seconds to finish...
0.05544 -0.09758 0.00353 0.08544 0.02301 -0.00174 0.03235 0.23058 0.04140 0.19335 0.00000 
Construct nearest neighbor graph nodes in parallel: L: 3280, U: 13496
Construct nearest neighbor graph edges in parallel: L: 3280, U: 13496
[5061,6748) finished...
[1687,3374) finished...
[3374,5061) finished...
[0,1687) finished...
[11809,13496) finished...
[8435,10122) finished...
[6748,8435) finished...
[10122,11809) finished...
Nearest neighbor graph construction finished!
Random walk starts:
Iteration 1, converge to 0.047 with accuracy 0.7910...
Iteration 2, converge to 0.001 with accuracy 0.7910...
Iteration 3, converge to 0.000 with accuracy 0.7910...

Query	Docs	P@5	P@10	P@20
Pos	U	0.608	0.421	0.341
Pos	L	0.570	0.574	0.590
Neg	U	0.389	0.570	0.648
Neg	L	0.437	0.428	0.426

Gaussian Fields by random walk [C:SVM[C:2, F:8055, T:L2R_L1LOSS_SVC_DUAL, c:1.000], k:20, k':20, r:1.000, alpha:1.000, beta:1.000, eta:0.100]-[LambdaRank@MAP] Train/Test finished in 121.26 seconds with accuracy 0.7910 and F1 (0:0.758 1:0.816)...
.*
optimization finished, #iter = 18
Objective value = -1181.26
nSV = 2383
Creating cache for labeled documents...
Generate 2254(0:1127) ranking pairs for L2R model training...
[Info]LambdaRank configuration:
	Optimization Type OT_MAP, Lambda 1.000, Shrinkage 0.980, WindowSize 20
	Initial step size 1.0, Steps 400, Iteration 10
Iter	Misorder	LogLilikelihood	Perf
0	871	-3056.17	0.7779
1	868	-3055.90	0.7789
2	868	-3055.90	0.7789
3	868	-3055.90	0.7789
4	868	-3055.90	0.7789
5	868	-3055.90	0.7789
[Info]Training procedure takes 0.43 seconds to finish...
0.03811 -0.08573 0.01550 0.00360 0.01336 -0.00087 -0.00655 0.15256 0.02694 0.19323 0.00000 
Construct nearest neighbor graph nodes in parallel: L: 3311, U: 13465
Construct nearest neighbor graph edges in parallel: L: 3311, U: 13465
[5049,6732) finished...
[1683,3366) finished...
[0,1683) finished...
[3366,5049) finished...
[11781,13465) finished...
[8415,10098) finished...
[6732,8415) finished...
[10098,11781) finished...
Nearest neighbor graph construction finished!
Random walk starts:
Iteration 1, converge to 0.047 with accuracy 0.7905...
Iteration 2, converge to 0.000 with accuracy 0.7905...
Iteration 3, converge to 0.000 with accuracy 0.7905...

Query	Docs	P@5	P@10	P@20
Pos	U	0.967	0.932	0.762
Pos	L	0.933	0.706	0.515
Neg	U	0.024	0.054	0.219
Neg	L	0.067	0.313	0.507

Gaussian Fields by random walk [C:SVM[C:2, F:8055, T:L2R_L1LOSS_SVC_DUAL, c:1.000], k:20, k':20, r:1.000, alpha:1.000, beta:1.000, eta:0.100]-[LambdaRank@MAP] Train/Test finished in 121.30 seconds with accuracy 0.7905 and F1 (0:0.760 1:0.814)...
..*
optimization finished, #iter = 26
Objective value = -1172.28
nSV = 2352
Creating cache for labeled documents...
Generate 2220(0:1110) ranking pairs for L2R model training...
[Info]LambdaRank configuration:
	Optimization Type OT_MAP, Lambda 1.000, Shrinkage 0.980, WindowSize 20
	Initial step size 1.0, Steps 400, Iteration 10
Iter	Misorder	LogLilikelihood	Perf
0	860	-3017.45	0.7877
1	866	-3017.41	0.7862
2	866	-3017.41	0.7862
3	866	-3017.41	0.7862
4	866	-3017.41	0.7862
5	866	-3017.41	0.7862
6	866	-3017.41	0.7862
[Info]Training procedure takes 0.44 seconds to finish...
0.02689 -0.08322 0.04066 -0.01666 0.01084 -0.00035 0.00853 0.16082 0.01828 0.18798 0.00000 
Construct nearest neighbor graph nodes in parallel: L: 3337, U: 13439
Construct nearest neighbor graph edges in parallel: L: 3337, U: 13439
[5037,6716) finished...
[1679,3358) finished...
[3358,5037) finished...
[0,1679) finished...
[11753,13439) finished...
[6716,8395) finished...
[8395,10074) finished...
[10074,11753) finished...
Nearest neighbor graph construction finished!
Random walk starts:
Iteration 1, converge to 0.047 with accuracy 0.7870...
Iteration 2, converge to 0.000 with accuracy 0.7870...
Iteration 3, converge to 0.000 with accuracy 0.7870...

Query	Docs	P@5	P@10	P@20
Pos	U	0.439	0.571	0.602
Pos	L	0.695	0.545	0.495
Neg	U	0.556	0.428	0.430
Neg	L	0.320	0.496	0.569

Gaussian Fields by random walk [C:SVM[C:2, F:8055, T:L2R_L1LOSS_SVC_DUAL, c:1.000], k:20, k':20, r:1.000, alpha:1.000, beta:1.000, eta:0.100]-[LambdaRank@MAP] Train/Test finished in 120.77 seconds with accuracy 0.7870 and F1 (0:0.758 1:0.810)...
...*
optimization finished, #iter = 35
Objective value = -1182.52
nSV = 2358
Creating cache for labeled documents...
Generate 2266(0:1133) ranking pairs for L2R model training...
[Info]LambdaRank configuration:
	Optimization Type OT_MAP, Lambda 1.000, Shrinkage 0.980, WindowSize 20
	Initial step size 1.0, Steps 400, Iteration 10
Iter	Misorder	LogLilikelihood	Perf
0	905	-3058.91	0.7740
1	903	-3058.94	0.7746
2	903	-3058.94	0.7746
3	903	-3058.94	0.7746
4	903	-3058.94	0.7746
5	903	-3058.94	0.7746
[Info]Training procedure takes 0.42 seconds to finish...
0.04261 -0.08470 0.06067 -0.05273 0.01974 -0.00141 0.02356 0.15733 0.01246 0.19564 -0.00000 
Construct nearest neighbor graph nodes in parallel: L: 3305, U: 13471
Construct nearest neighbor graph edges in parallel: L: 3305, U: 13471
[5049,6732) finished...
[1683,3366) finished...
[0,1683) finished...
[11781,13471) finished...
[3366,5049) finished...
[6732,8415) finished...
[8415,10098) finished...
[10098,11781) finished...
Nearest neighbor graph construction finished!
Random walk starts:
Iteration 1, converge to 0.048 with accuracy 0.7881...
Iteration 2, converge to 0.000 with accuracy 0.7881...
Iteration 3, converge to 0.000 with accuracy 0.7881...

Query	Docs	P@5	P@10	P@20
Pos	U	0.441	0.321	0.349
Pos	L	0.548	0.527	0.518
Neg	U	0.562	0.679	0.684
Neg	L	0.479	0.534	0.560

Gaussian Fields by random walk [C:SVM[C:2, F:8055, T:L2R_L1LOSS_SVC_DUAL, c:1.000], k:20, k':20, r:1.000, alpha:1.000, beta:1.000, eta:0.100]-[LambdaRank@MAP] Train/Test finished in 120.99 seconds with accuracy 0.7881 and F1 (0:0.761 1:0.810)...
.*
optimization finished, #iter = 18
Objective value = -1211.48
nSV = 2395
Creating cache for labeled documents...
Generate 2360(0:1180) ranking pairs for L2R model training...
[Info]LambdaRank configuration:
	Optimization Type OT_MAP, Lambda 1.000, Shrinkage 0.980, WindowSize 20
	Initial step size 1.0, Steps 400, Iteration 10
Iter	Misorder	LogLilikelihood	Perf
0	919	-3176.85	0.7732
1	920	-3176.81	0.7730
2	920	-3176.81	0.7730
3	920	-3176.81	0.7730
4	920	-3176.81	0.7730
5	920	-3176.81	0.7730
6	920	-3176.81	0.7730
[Info]Training procedure takes 0.52 seconds to finish...
0.06534 -0.12206 0.09359 -0.05917 0.03039 -0.00062 0.03408 0.19141 0.00921 0.16882 -0.00000 
Construct nearest neighbor graph nodes in parallel: L: 3361, U: 13415
Construct nearest neighbor graph edges in parallel: L: 3361, U: 13415
[5028,6704) finished...
[1676,3352) finished...
[3352,5028) finished...
[0,1676) finished...
[11732,13415) finished...
[6704,8380) finished...
[8380,10056) finished...
[10056,11732) finished...
Nearest neighbor graph construction finished!
Random walk starts:
Iteration 1, converge to 0.044 with accuracy 0.7908...
Iteration 2, converge to 0.000 with accuracy 0.7908...
Iteration 3, converge to 0.000 with accuracy 0.7908...

Query	Docs	P@5	P@10	P@20
Pos	U	0.567	0.507	0.496
Pos	L	0.559	0.558	0.545
Neg	U	0.482	0.567	0.612
Neg	L	0.561	0.567	0.579

Gaussian Fields by random walk [C:SVM[C:2, F:8055, T:L2R_L1LOSS_SVC_DUAL, c:1.000], k:20, k':20, r:1.000, alpha:1.000, beta:1.000, eta:0.100]-[LambdaRank@MAP] Train/Test finished in 118.87 seconds with accuracy 0.7908 and F1 (0:0.764 1:0.812)...
.*
optimization finished, #iter = 19
Objective value = -1228.62
nSV = 2444
Creating cache for labeled documents...
Generate 2346(0:1173) ranking pairs for L2R model training...
[Info]LambdaRank configuration:
	Optimization Type OT_MAP, Lambda 1.000, Shrinkage 0.980, WindowSize 20
	Initial step size 1.0, Steps 400, Iteration 10
Iter	Misorder	LogLilikelihood	Perf
0	870	-3098.46	0.7856
1	870	-3098.46	0.7856
2	870	-3098.46	0.7856
3	870	-3098.46	0.7856
4	870	-3098.46	0.7856
5	870	-3098.46	0.7856
[Info]Training procedure takes 0.45 seconds to finish...
0.07029 -0.12570 0.11299 0.07930 0.02832 -0.00099 0.04658 0.19597 0.00314 0.23677 0.00000 
Construct nearest neighbor graph nodes in parallel: L: 3471, U: 13305
Construct nearest neighbor graph edges in parallel: L: 3471, U: 13305
[4989,6652) finished...
[1663,3326) finished...
[0,1663) finished...
[11641,13305) finished...
[3326,4989) finished...
[6652,8315) finished...
[8315,9978) finished...
[9978,11641) finished...
Nearest neighbor graph construction finished!
Random walk starts:
Iteration 1, converge to 0.049 with accuracy 0.7835...
Iteration 2, converge to 0.001 with accuracy 0.7835...
Iteration 3, converge to 0.000 with accuracy 0.7835...

Query	Docs	P@5	P@10	P@20
Pos	U	0.425	0.433	0.335
Pos	L	0.607	0.695	0.605
Neg	U	0.566	0.559	0.647
Neg	L	0.396	0.313	0.404

Gaussian Fields by random walk [C:SVM[C:2, F:8055, T:L2R_L1LOSS_SVC_DUAL, c:1.000], k:20, k':20, r:1.000, alpha:1.000, beta:1.000, eta:0.100]-[LambdaRank@MAP] Train/Test finished in 119.65 seconds with accuracy 0.7835 and F1 (0:0.752 1:0.808)...
.*.
optimization finished, #iter = 20
Objective value = -1196.76
nSV = 2343
Creating cache for labeled documents...
Generate 2300(0:1150) ranking pairs for L2R model training...
[Info]LambdaRank configuration:
	Optimization Type OT_MAP, Lambda 1.000, Shrinkage 0.980, WindowSize 20
	Initial step size 1.0, Steps 400, Iteration 10
Iter	Misorder	LogLilikelihood	Perf
0	858	-3091.40	0.7904
1	853	-3091.48	0.7918
2	853	-3091.48	0.7918
3	853	-3091.48	0.7918
4	853	-3091.48	0.7918
5	853	-3091.48	0.7918
[Info]Training procedure takes 0.43 seconds to finish...
0.05683 -0.11374 0.04949 0.02630 0.02331 -0.00017 0.04197 0.23426 -0.00473 0.16088 -0.00000 
Construct nearest neighbor graph nodes in parallel: L: 3435, U: 13341
Construct nearest neighbor graph edges in parallel: L: 3435, U: 13341
[5001,6668) finished...
[1667,3334) finished...
[11669,13341) finished...
[0,1667) finished...
[3334,5001) finished...
[6668,8335) finished...
[8335,10002) finished...
[10002,11669) finished...
Nearest neighbor graph construction finished!
Random walk starts:
Iteration 1, converge to 0.051 with accuracy 0.7830...
Iteration 2, converge to 0.001 with accuracy 0.7830...
Iteration 3, converge to 0.000 with accuracy 0.7830...

Query	Docs	P@5	P@10	P@20
Pos	U	0.291	0.329	0.325
Pos	L	0.455	0.494	0.471
Neg	U	0.699	0.670	0.672
Neg	L	0.549	0.528	0.547

Gaussian Fields by random walk [C:SVM[C:2, F:8055, T:L2R_L1LOSS_SVC_DUAL, c:1.000], k:20, k':20, r:1.000, alpha:1.000, beta:1.000, eta:0.100]-[LambdaRank@MAP] Train/Test finished in 120.76 seconds with accuracy 0.7830 and F1 (0:0.752 1:0.807)...
.*
optimization finished, #iter = 18
Objective value = -1191.51
nSV = 2364
Creating cache for labeled documents...
Generate 2230(0:1115) ranking pairs for L2R model training...
[Info]LambdaRank configuration:
	Optimization Type OT_MAP, Lambda 1.000, Shrinkage 0.980, WindowSize 20
	Initial step size 1.0, Steps 400, Iteration 10
Iter	Misorder	LogLilikelihood	Perf
0	841	-2995.99	0.7828
1	839	-2995.94	0.7835
2	839	-2995.94	0.7835
3	839	-2995.94	0.7835
4	839	-2995.94	0.7835
5	839	-2995.94	0.7835
[Info]Training procedure takes 0.41 seconds to finish...
0.05219 -0.10344 0.05996 -0.00222 0.02436 -0.00035 0.03054 0.23276 0.00156 0.17966 0.00000 
Construct nearest neighbor graph nodes in parallel: L: 3375, U: 13401
Construct nearest neighbor graph edges in parallel: L: 3375, U: 13401
[5025,6700) finished...
[1675,3350) finished...
[0,1675) finished...
[3350,5025) finished...
[11725,13401) finished...
[6700,8375) finished...
[8375,10050) finished...
[10050,11725) finished...
Nearest neighbor graph construction finished!
Random walk starts:
Iteration 1, converge to 0.047 with accuracy 0.7882...
Iteration 2, converge to 0.000 with accuracy 0.7882...
Iteration 3, converge to 0.000 with accuracy 0.7882...

Query	Docs	P@5	P@10	P@20
Pos	U	0.325	0.317	0.367
Pos	L	0.347	0.398	0.436
Neg	U	0.688	0.732	0.717
Neg	L	0.691	0.685	0.661

Gaussian Fields by random walk [C:SVM[C:2, F:8055, T:L2R_L1LOSS_SVC_DUAL, c:1.000], k:20, k':20, r:1.000, alpha:1.000, beta:1.000, eta:0.100]-[LambdaRank@MAP] Train/Test finished in 125.89 seconds with accuracy 0.7882 and F1 (0:0.757 1:0.812)...
.*
optimization finished, #iter = 18
Objective value = -1206.55
nSV = 2412
Creating cache for labeled documents...
Generate 2322(0:1161) ranking pairs for L2R model training...
[Info]LambdaRank configuration:
	Optimization Type OT_MAP, Lambda 1.000, Shrinkage 0.980, WindowSize 20
	Initial step size 1.0, Steps 400, Iteration 10
Iter	Misorder	LogLilikelihood	Perf
0	847	-3082.57	0.7885
1	847	-3082.60	0.7883
2	847	-3082.60	0.7883
3	847	-3082.60	0.7883
4	847	-3082.60	0.7883
5	847	-3082.60	0.7883
6	847	-3082.60	0.7883
[Info]Training procedure takes 0.56 seconds to finish...
0.05704 -0.11884 0.01089 -0.10921 0.02399 0.00069 0.01108 0.14243 0.03099 0.21484 0.00000 
Construct nearest neighbor graph nodes in parallel: L: 3363, U: 13413
Construct nearest neighbor graph edges in parallel: L: 3363, U: 13413
[5028,6704) finished...
[1676,3352) finished...
[0,1676) finished...
[3352,5028) finished...
[11732,13413) finished...
[6704,8380) finished...
[10056,11732) finished...
[8380,10056) finished...
Nearest neighbor graph construction finished!
Random walk starts:
Iteration 1, converge to 0.046 with accuracy 0.7904...
Iteration 2, converge to 0.000 with accuracy 0.7904...
Iteration 3, converge to 0.000 with accuracy 0.7904...

Query	Docs	P@5	P@10	P@20
Pos	U	0.689	0.629	0.648
Pos	L	0.458	0.506	0.504
Neg	U	0.300	0.372	0.395
Neg	L	0.593	0.564	0.568

Gaussian Fields by random walk [C:SVM[C:2, F:8055, T:L2R_L1LOSS_SVC_DUAL, c:1.000], k:20, k':20, r:1.000, alpha:1.000, beta:1.000, eta:0.100]-[LambdaRank@MAP] Train/Test finished in 123.19 seconds with accuracy 0.7904 and F1 (0:0.758 1:0.815)...
*************************************************
The final result of Gaussian Fields by random walk [C:SVM[C:2, F:8055, T:L2R_L1LOSS_SVC_DUAL, c:1.000], k:20, k':20, r:1.000, alpha:1.000, beta:1.000, eta:0.100]-[LambdaRank@MAP] is as follows:
The total number of classes is 2
Class 0:	precision(0.793+/-0.007)	recall(0.726+/-0.010)
Class 1:	precision(0.785+/-0.006)	recall(0.840+/-0.008)
	0	1	P
0	44473	11641	0.7925
1	16783	61311	0.7851
R	0.7260	0.8404	0.7882
F1	0.7578	0.8118

Query	Docs	P@5	P@10	P@20
Pos	U	0.575	0.544	0.513
Pos	L	0.584	0.562	0.526
Neg	U	0.427	0.466	0.517
Neg	L	0.450	0.491	0.535

