Load 5000 2-gram old features from ./data/CoLinAdapt/Amazon/SelectedVocab.csv...
1000 features for language model are loaded from ./data/CoLinAdapt/Amazon/fv_lm_DF_1000.txt...
45 categories are loaded!
9760 users are loaded from ./data/CoLinAdapt/Amazon/Users...
No normalizaiton is adopted here or wrong parameters in setFeatureValues()!
Text feature generated for 143161 documents...
[Info]Feature group size 801
[Info]Training size: 0(0.00), adaptation size: 69235(0.75), and testing size: 73911(0.73)
MTCLinAdaptWithHDPPost[dim:801,supDim:5001,lmDim:1000,M:6,alpha:1.0000,eta:0.1000,beta:0.0100,nScale:(0.050,0.050),supScale:(0.050,0.050),#Iter:30,N1(0.000,0.100),N2(1.000,0.100)]
..................................54
ooxoooooooooooooooooooooooooxoooooooooooooxoooooooooxooooooooooooooooooxooooooooooooooxoooooooooxooo
ooooooooooooooooooooooooooxoooooooooooooooooooooooooooooooooxoooooxoooooooooooooxoooooooooxooooooooo
ooxooooooooxooooooooxooooooooooooooooooooooooooxoooooooooooooooooooooooooooooooooooooooooooooxooooxo
ooooxooooooooooxooooooooooooxoooooooooooooxooooooooooooooooxoooooooooooxoooooooxoooooooooooooxooooxo
oooooooxoooooooooooooooooxooooooooooooooooxoooooooooxoooooooooxoooooxoooooooooxooooooooooooxoooooooo
ooooxooooooooooooooxooooooooxoooooooooxoooooxooooxoooooxooooooooooooooxoooooooooxooooooooxoooooooxoo
ooooooooooooooooooooooooxoooooooooooooooooooxooooooooooooooxooooooooooooooxoooooooooxoooooxooooooooo
xooooxoooooooooooooooooxooooooooooxoooooooooooooooooxoooooooooooooooooooooooooooooooooooooooxooooxoo
oooooooooooo
..................................68
oxoooooxoooooooooooooxoooooooooooxoooooooooxooooooooooooooooooooooooooooooooooxooooooooooooxoooooooo
xooooooxooooxoooooxoooooooooooooooooxoooooooooooxooooxoooooooooooooooooooooooooooooooooooooooooooooo
oooxooooooooooooooooooooooooooooooooooooooooooooxooooxoooooxoooooooooxooooxooooooooxoooooooooooooxoo
ooxoooooxooooxoooooxooooxoooooxooooxoooooxooooxoooooooooooooooooooooooooxoooooxooooooooooooooooooooo
oooooooxooooooooooooooooooxoooooooooxooooooooooooooooooooooooooooooooooooooooooooooooooooooooooooooo
ooooxoooooooooxoooooooooooooooooooooooooooooooooxoooooooooooooooooooooooooooooooooooxooooooooooooooo
oooxooooxoooooooooooooooooooooxoooooxooooooooxooooxooooooooooooooooooooooooxooooooooooooooxoooxooooo
oooooooooooooooooooooooooooooooxooooooooooxoooooooooxooooooooooooxooooxooooxooooooooooooooooooooooxo
ooxooooooooooooooooxooooooooxoooooooooooooooooooooxoooooxoooooooooooooooooooxooooooooooooooooxoooooo
oooxooooooooxoooooooooooooxooooo
..................................77
oxoooooxoooxooooooooooooooxoooxoooooooooxoooooooooooooooooooxoooooooooxoooooooooxoooooxooooooooooooo
ooooooooooooooooooooooooooooooooooooxoooooooooooooooooxoooooooooooooooooooooooxooxooooooooooooooooxo
ooooooooxoooooxoooooooooooooxoooooxoooxoooooooooooooxooooooooooooooooooooxoooooooooooooooooxoooooooo
xooooooooooooooooooooooooooooooooooooxoooooxoooooooooooooooooooooooooooooxooooooooxooooooooooooooooo
ooooooooooooooxoooooooooooooooooooooooooo
..................................83
oxoooooooxoooooooxooooooooooooooooooooooooooooxooooooooooooxoooooxoooxooooooooxoooooooooxoooooxooooo
oooxooooooooxoooooxoooooooooooooooooooooooooxoooooooooxoooooxooooooooooooooooooooooooooooooxoooooooo
oooooxooooxoooooxooooxooooooooooxooooooooooooooxoooxoooooooooooxooooooooooxooooxoooooxoooooooooooooo
oooooooooooooooxoooooooooooooxoooooooooooooooooooooxooooooooooooooooooooooooooooooxooooooooooooooooo
ooo
..................................88
oxooooooooxoooooooooooooooooooooooooooooxooooooooooooooooooooxooooooooooooooooooooooooooooooooooooxo
oooooooooxooooooooooxoooooooooooooxooooooooooooooooooooooooooooxooooooooooooooooooxooooooooooooooooo
ooooooooooooooxoooooooooooooooooooooxooooooooooxoooooxoooxoooooooooooooooooooooooooooooxoooooooooooo
ooooxooooooooxoooooooooxooooooooooxooooooooooooooooooxooooooooooooooo
..................................94
oxoooooooooooooooxooooooooooooooooooooooooooooooooooooooooooooooooooooxooooxoooooxoooooooxoooxoooooo
xooooooooooooooooooooxooooooxooooooooooxoooooooooooooxooooxooooooooxoooooooooooooxooooxoooooooooxooo
oooooooooxooooooooooooooooooooooxoooooooooxoooooxoooooooooooooooooxooooooxoooxooooooooooooooxooooooo
oooooooooooooooxoooooxooooooooooooooooooxoooxoooooooo
[Info]Accumulating evaluation results during sampling...

[Info]Step 0: likelihood: 5134.6719, Delta_likelihood: 0.028
..................................98
oxoooooxoooxooooooooooooooxooooxoooooxooooxooooxoooooooooooooxoooooooooxooooooxooooooooooooooooxoooo
ooooxoooooooooooooooooxoooooooooooooooooooxoooooooooxooooooooooooooooooooooooooooxoooooxooooxoooooxo
oooooooooooooooooooooooxoooooooooooxoooooooooxoooooxoooooooooooooooooooxoooooooooxoooooxooooxooooooo
ooxoooooxooo

[Info]Step 1: likelihood: 5039.6674, Delta_likelihood: 0.019
..................................103
oxoooooooooooooooooooooooooxoooooooooxoooooxoooooooooooooooooooxooooooooxoooooooooooxoooooooooooooxo
oooooooooooooooxooooooooooooooooooooooxoooooxooooxoooooxooooooooooooooooooooooooooxoooooooooxoooooxo
ooooxooooooooxooooxooooooooooooooooooooxooooooooxoooooooooooooooooooooooxooooooooooooooooooooxoooooo
ooxooooxooooxoooooooo

[Info]Step 2: likelihood: 4946.3926, Delta_likelihood: 0.019
..................................105
oooooooxooooooooooxooooooooooooooooooooooooooxooooooooooooooxoooxoooooooooooooooooxooooooooooooooooo
oooooxoooxoooooxoooooooooooooooooooooooooooxooooooooooooooooooooooooooooxoooooxooooooooooooooooooooo
xooooooooooooooooxooooooooooooooooooooooooxooooooooxoooooooooooooooooooxoooooo

[Info]Step 3: likelihood: 4886.3040, Delta_likelihood: 0.012
..................................108
ooooooooooooooxoooooooooooooooooooooxoooooooooooooooooxoooooooooooooooxoooooooooooooooooooooooooxooo
ooxoooooooooooooooooooooxooooooooooooooooxooooooooooooooooooooooooooooooooooxoooooxooooooooooooooooo
oooooxoooooooooxoooooxoooooooooxooooooooooooxoooooooooooooooxooooooooxoooooo

[Info]Step 4: likelihood: 4815.5281, Delta_likelihood: 0.015
..................................110
ooxooooooooxoooooooooooooooooxoooooooooooooooooooooooooooooooooooxoooooxooooooooooooooooooooooooooox
oooooooooooooooooooooooooxoooxooooooxooooooooooooooooooooooooooooooooooxoooxoooooooooooooxoooooooooo
oxooooooooooooooooooxooooooooxoooooooooooooooooxoooooooooooooooooooooooooooooo
[Info]Accumulating evaluation results during sampling...

[Info]Step 5: likelihood: 4747.3755, Delta_likelihood: 0.014
..................................113
ooxooooooooxooooooooooooooxooooxoooooxoooooooooxoooooooooooooooooooooooooooxoooooooooooooooooxoooooo
oooxooooooooooooooxoooxooooooooxoooooooooooooxooooxooooooooooooxoooooooooxooooooxooxoooooooooooooooo
ooooooooooooooooooooooooooooxooxooooooooooooooxoooooooooooooooooooooooo

[Info]Step 6: likelihood: 4694.8204, Delta_likelihood: 0.011
..................................115
oxooooooooooooooooooooooooooooooooxooooooooxoooooooooooooxoooxoooooxooooooooooooooooooooxooooooooooo
oooooooooooooooooooooooxooooooxooooooooooooooooooooooooooooxooooooooxooooooooxoooooxoooooooooxoooooo
oooooooooooooooooooooooooxooooooooxooo

[Info]Step 7: likelihood: 4675.3364, Delta_likelihood: 0.004
..................................118
ooxooooooooxoooooooooooooooooxooooooooxoooooooooxooooooooooooooooooooooooxooxooooooooxoooooxoooooooo
oooooooooooxooooooooooooooooooxoooooooooooooooooooooooxoooooooxooooooooooooooooooxoooooooooooooxoooo
oooooooxoooooxoooooooooxoooxoooooooooooo

[Info]Step 8: likelihood: 4628.2957, Delta_likelihood: 0.010
..................................121
oxoooxooooooooooooooooooooooooooooooxoooooooooxooooooooooooooxooooooooooooooooxooooxooooooooxoooooxo
ooooooooxoooooooooooooooooooxoooooooooooooooooxoooooooooooooooooooooooooxoooooxoooooooooooooxoooooxo
ooxooooooooooooooooooooooxoooooooooxooooooooooooo

[Info]Step 9: likelihood: 4606.5672, Delta_likelihood: 0.005
..................................123
oxoooooooooooooooooooooooooooooooooooooooooooooxooooooooooooooxooooooooooooooxoooooooooxoooooooooooo
oooooooooooooooooooooooooooooooooxooooooxooooooooxooooooooooooooooooxoooooooooooooxoooooooooxooooooo
ooooooooooxoooooooooooooooooooooxoooooooooo
[Info]Accumulating evaluation results during sampling...

[Info]Step 10: likelihood: 4580.5416, Delta_likelihood: 0.006
..................................125
ooxoooooxoooxoooooooooooooooooxooooooooxoooooooooooooooooxooooooooxoooooooooxooooooooooooooooooooooo
oxooooooooxoooooxoooooooooooooooooooooooooooooooooxoooxoooooxooooxoooooxooooxooooooxooxooooooooooooo
ooooooxoooooooooooxoooooxoooooooooxoooxoooooo

[Info]Step 11: likelihood: 4527.9321, Delta_likelihood: 0.012
..................................127
oxoooooooooooooooooooooooooooooooooooooooxoooooooooooooooooooooooxooooooxooxooooooooxoooooooooooooox
oooxoooooxoooxooooooooxooooooooxooooooooooooooxooooooooooooooxoooooooooxoooooooooooooooooooooooooooo
oxooooooooxooooooooooooooooxoooo

[Info]Step 12: likelihood: 4496.8134, Delta_likelihood: 0.007
..................................129
ooooooooooooooooooooooooooxoooooooooooooooooooooooooooooooooooxoooooxooooxoooooxooooxoooooxooooxoooo
oxoooooooooxooooooooooooooxooooooooxoooooxooooooooooooooooooxooooooooooooooooooooooooooooooooooooooo
ooooooxooooxooooooooooooooxooooxoooooooo

[Info]Step 13: likelihood: 4488.6382, Delta_likelihood: 0.002
..................................131
oxoooooxoooooooooooooooooooxooooooooooooooxooooooooooooxoooooooooxooooooooooooooooooxooooooooooooooo
ooooooooooooooooooxooooooooxooooooooxoooooxooooxoooooxooooxooooooooxooooooooxooooooxooooooooooooooox
ooooooooooooooooooooooooooooooooooo

[Info]Step 14: likelihood: 4480.3201, Delta_likelihood: 0.002
..................................133
oxooooooooooooooooooooooooooooooooooooooxoooooooooxoooooxooooooooxoooooooooooooxoooooooooxooooxooooo
oooxoooooooooxooooxoooooooooooooooxoooxooooooooooxoooooxooooooooooooooooooooooxooooooooxoooooooooooo
oooooxoooooxooooooooooooo
[Info]Accumulating evaluation results during sampling...

[Info]Step 15: likelihood: 4454.8669, Delta_likelihood: 0.006
..................................135
oxoooooooooooooooooooooxoooxooooooxoooooooooooooooooxooooooooooooooooxoooooxooooooooooooxooooxooooxo
ooooxooooxoooooxooooooooooooooxoooooooooooooooooooooooxoooooxooooxoooooxooooxoooooxooooxoooooooooooo
oxoooooxooooxooooooooxooooooooooooo

[Info]Step 16: likelihood: 4431.7899, Delta_likelihood: 0.005
..................................137
ooxoooooooooooooxoooooooooooooooooooooooooooooooooooxooooxoooooxoooooooooooooxooooooxooooooooooooooo
oooxoooxoooooooooxoooooooooxoooooooooxoooooooooxoooooooooooooooooooooooooooxoooooxoooooooooxoooxoooo
ooooxooooooooooooooo

[Info]Step 17: likelihood: 4427.1522, Delta_likelihood: 0.001
..................................139
ooxooooooooooooooooxoooooooooooooooxooooooooooooooxooooxoooooooooxoooooooooxooooxooooooooooooooooooo
oooxooooooooooooooooooooxoooooooooooooooooooooooooxoooooooooooooooxoooooooooooooooxooooooxoooxoooooo
ooxooooooooxooo

[Info]Step 18: likelihood: 4404.1745, Delta_likelihood: 0.005
..................................141
ooxoooooxoooooooooooooooooooooooooooooooooooooooooooooooooooooooooooooooooooooooooxooooooooooxoooooo
ooooooxooooooooxooooooooxoooooooooxoooooxooooxoooooxoooxooooooooxoooooooooxoooooooooooooooooxooooooo
ooooooxooooooo

[Info]Step 19: likelihood: 4374.5480, Delta_likelihood: 0.007
..................................143
ooooooooooxooooooooooooooooooooooooooooooooxooooxoooooxooooooooooooooxooooooooooooooooooooxooooooooo
oooooooooooxoooooxoooxoooooooooooooooooooooooooooxoooooooooxooooooxooxoooooooxoooooooooooooooxoooooo
oooooooxoooooxoooxooooooxoo
[Info]Accumulating evaluation results during sampling...

[Info]Step 20: likelihood: 4354.9102, Delta_likelihood: 0.005
..................................145
oooxoooooooooooooooooooooxooooooooooooooooooooooooooooooxoooooooooooooooooxooooooooxooooooooxooooooo
oxooooooooxoooooxoooooooooooooooxoooooooooooooooooooxoooooooxooooooooooooooooooooooooooooooooooooooo
ooooooooooooooo

[Info]Step 21: likelihood: 4347.1235, Delta_likelihood: 0.002
..................................147
ooooooooooooooooooooooooooooooooooxoooooxoooxoooooooooooooooooooooooooooooooooooooooooooooxoooooxooo
xoooooooooooooooooooooooooooooxooooooooooooooxooooooooooooooooooooxooooooxooooooooooxoooooooooxoooox
oooooooo

[Info]Step 22: likelihood: 4340.3802, Delta_likelihood: 0.002
..................................149
ooxooooooooooooooxooooooooooooxoooooxoooooooooooooxoooooooooxooooxoooooooooooooooooooooooxoooooxoooo
ooooooooooxoooooxooooxooooooxooxooooooxooxoooooxooooooooooxoooooooooxoooooooooxoooooxoooooooooxoooox
ooooxooooxoooooooooooooooxooooooo

[Info]Step 23: likelihood: 4330.3619, Delta_likelihood: 0.002
..................................151
ooxooooooooxoooooooooooooooooooooooooooooooooooxooooxoooooooooooooxoooooxooooooooooooooooooooooooooo
ooooooooooxoooxoooooooooooooooooooooooooooxoooooooooxooooooxooooooooooooooxoooooxooooooooxooooooooxo
ooooooooooooooxooo

[Info]Step 24: likelihood: 4315.6785, Delta_likelihood: 0.003
..................................153
ooxooooooooooooooooooooxooooooxoooooxooooxoooooxooooooooooooooooooxoooooooooxoooooooooxoooooxooooooo
oooooooxoooxoooooxooooxooooxoooxooooooxoooxooooooooxoooooooooooooxooooooooxoooooooooooooooooooxooooo
xoooxooooooxooxooo
[Info]Accumulating evaluation results during sampling...

[Info]Step 25: likelihood: 4292.7497, Delta_likelihood: 0.005
..................................155
oxooooooooooooooooooooooooooooooooooxooooooooxooooooxoooooooooooooxooooooooooooooooooxoooooooooooooo
xooooooooxooooooooooooooooooooooxooooooxoooooooooooooxoooooxoooooooooxoooooooooxooooooooooooooooooxo
oooooooooo

[Info]Step 26: likelihood: 4291.7052, Delta_likelihood: 0.000
..................................157
oxoooooooooooooooooooooooooooooooooooxooooxoooxooooooooooooooooxooooxoooooooooxooooooooooooooxoooxoo
oooooooxoooooooooooooooooooooooxooooooooooxoooooooooxoooxooooooxoooooooooooooooooooxooooooooooooooox
ooooooooxooo

[Info]Step 27: likelihood: 4292.4671, Delta_likelihood: -0.000
..................................159
ooooooooooooooooooxoooooxoooxooooooooooooooooxoooxoooooooooxoooooxoooxoooooooooooooooooooooooooxoooo
oooooooooxooooxoooooxoooooooooooxooooooooooooooooxoooooooooooooxooooxooooooooxoooooxooooooooooooooox
ooxooo

[Info]Step 28: likelihood: 4288.4348, Delta_likelihood: 0.001
..................................161
oxooooooooooooooooooooooooxooooooooxooooooooxooooooooxoooooooooooooooooooooooooooooooxoooooooooooooo
oooooooooooooooooooooooooooooooxoooooxoooooooooxoooooooooxooxooooooooxoooooooooxooooxoooooooooxooooo
xooo

[Info]Step 29: likelihood: 4268.7811, Delta_likelihood: 0.005
[Info]Accumulating evaluation results during sampling...
neg users: 7532
pos users: 9188
MTCLinAdaptWithHDPPost[dim:801,supDim:5001,lmDim:1000,M:6,alpha:1.0000,eta:0.1000,beta:0.0100,nScale:(0.050,0.050),supScale:(0.050,0.050),#Iter:30,N1(0.000,0.100),N2(1.000,0.100)]
Micro confusion matrix:
	0	1
0	14268	4348
1	5752	49543
Micro F1:
Class 0: 0.7386		Class 1: 0.9075		
Macro F1:
Class 0: 0.6918+0.3602	Class 1: 0.8914+0.1726	