Load 3071 2-gram old features from ./data/CoLinAdapt/YelpNew/SelectedVocab.csv...
1000 features for language model are loaded from ./data/CoLinAdapt/YelpNew/fv_lm_DF_1000.txt...
10830 users/417259 docs are loaded from ./data/CoLinAdapt/YelpNew/Users...
9991 users have friends!9986 users' friends are set!
[Info]Feature group size 801
The total number of reviews is:0
[Info]Training size: 0(0.00), adaptation size: 101765(0.74), and testing size: 106846(0.76)
MTCLinAdaptWithMMB[dim:801,dimSup:3072,lmDim:1000,M:6,rho:0.00100,alpha:0.0200,eta:0.0500,beta:0.0100,nScale:(0.050,0.050),#Iter:30,N1(0.000,0.043),N2(1.000,0.043)]
ej*............................................................................................................................................................................................................................................................................................................
...........................................................................................................................................................................................................................................................................................................
.
..................................................................................................
[Info]kBar: 1, background prob: 0.99900, eij=0(mmb): 43110.0, eij=1:86742.0, eij=0(background):116305038.0
[Info]Clusters with only edges: 1, Clusters with only docs: 0, kBar:1, non_null hdp: 1
1
....................................................................................................................................................................................................................................................................................................................................................................................................................................................................................................................
..................................................................................
[Time]Sampling: mmb_0: 0.202 secs, mmb_1: 0.079 secs, bk_0: 27.976 secs
[Info]kBar: 1, background prob: 0.99900, eij=0(mmb): 35426.0, eij=1:86742.0, eij=0(background):116312722.0
1
....................................................................................................................................................................................................................................................................................................................................................................................................................................................................................................................
..................................................................................
[Time]Sampling: mmb_0: 0.122 secs, mmb_1: 0.094 secs, bk_0: 41.278 secs
[Info]kBar: 1, background prob: 0.99900, eij=0(mmb): 32260.0, eij=1:86742.0, eij=0(background):116315888.0
[Cluster]Sampling (docs/edges generaly/edges jointly) generates (0, 0, 1) new clusters.
[Time]The sampling iteration took 45 secs.
[Info]Accumulating evaluation results during sampling...
[Info]Clusters:
0(NaN/1.000)-(e_0:32260,e_1:86742,e/r:Infinity)-(pos_f1:0.0000,neg_f1:0.0000)

[Info]Step 0: likelihood: -949761.1114, Delta_likelihood: -1.000
1
....................................................................................................................................................................................................................................................................................................................................................................................................................................................................................................................
..................................................................................
[Time]Sampling: mmb_0: 0.128 secs, mmb_1: 0.068 secs, bk_0: 41.738 secs
[Info]kBar: 1, background prob: 0.99900, eij=0(mmb): 30876.0, eij=1:86742.0, eij=0(background):116317272.0
[Cluster]Sampling (docs/edges generaly/edges jointly) generates (0, 0, 1) new clusters.
[Time]The sampling iteration took 45 secs.
[Info]Step 1: likelihood: -938372.8761, Delta_likelihood: 0.012
1
ej*........ej*...................................................................................ej*........................................................................................................................................................................................................................................................................................................................ej*.......................................ej*..........................................................
..................................................................................
[Time]Sampling: mmb_0: 0.127 secs, mmb_1: 0.130 secs, bk_0: 169.907 secs
[Info]kBar: 6, background prob: 0.99900, eij=0(mmb): 116314.0, eij=1:86742.0, eij=0(background):116231834.0
[Cluster]Sampling (docs/edges generaly/edges jointly) generates (0, 0, 6) new clusters.
[Time]The sampling iteration took 175 secs.
[Info]Step 2: likelihood: -1298831.0966, Delta_likelihood: -0.278
6
....................................................................................................................................................................................................................................................................................................................................................................................................................................................................................................................
..................................................................................
[Time]Sampling: mmb_0: 0.477 secs, mmb_1: 0.208 secs, bk_0: 293.839 secs
[Info]kBar: 6, background prob: 0.99900, eij=0(mmb): 116586.0, eij=1:86742.0, eij=0(background):116231562.0
[Cluster]Sampling (docs/edges generaly/edges jointly) generates (0, 0, 6) new clusters.
[Time]The sampling iteration took 301 secs.
[Info]Accumulating evaluation results during sampling...
[Info]Clusters:
0(NaN/0.000)-(e_0:66,e_1:25671,e/r:Infinity)-(pos_f1:0.0000,neg_f1:0.0000)
0(NaN/0.000)-(e_0:114996,e_1:20134,e/r:Infinity)-(pos_f1:0.0000,neg_f1:0.0000)
0(NaN/0.867)-(e_0:2,e_1:1,e/r:Infinity)-(pos_f1:0.0000,neg_f1:0.0000)
0(NaN/0.000)-(e_0:1511,e_1:261,e/r:Infinity)-(pos_f1:0.0000,neg_f1:0.0000)
0(NaN/0.000)-(e_0:1,e_1:205,e/r:Infinity)-(pos_f1:0.0000,neg_f1:0.0000)
0(NaN/0.133)-(e_0:10,e_1:40470,e/r:Infinity)-(pos_f1:0.0000,neg_f1:0.0000)

[Info]Step 3: likelihood: -1211515.9980, Delta_likelihood: 0.072
6
............................................................................................................................................................................................................ej*..............................................................................................ej*..........................................................................................................................................................................................................
...................................ej*..............................................ej*.
[Time]Sampling: mmb_0: 0.435 secs, mmb_1: 0.231 secs, bk_0: 347.035 secs
[Info]kBar: 10, background prob: 0.99900, eij=0(mmb): 114452.0, eij=1:86742.0, eij=0(background):116233696.0
[Cluster]Sampling (docs/edges generaly/edges jointly) generates (0, 0, 10) new clusters.
[Time]The sampling iteration took 354 secs.
[Info]Step 4: likelihood: -1110305.5512, Delta_likelihood: 0.091
10
..ej*.......................................................ej*.................................................................................................................................................................................................................................................[Info]Zero cluster detected in updating edge!
..........................................................................................................................................................................................................
..................................................................................
[Time]Sampling: mmb_0: 0.486 secs, mmb_1: 0.360 secs, bk_0: 823.506 secs
[Info]kBar: 11, background prob: 0.99900, eij=0(mmb): 115916.0, eij=1:86742.0, eij=0(background):116232232.0
[Cluster]Sampling (docs/edges generaly/edges jointly) generates (0, 0, 12) new clusters.
[Time]The sampling iteration took 832 secs.
[Info]Step 5: likelihood: -1068540.9136, Delta_likelihood: 0.039
11
.........................................................[Info]Zero cluster detected in updating edge!
...........................................................................................................................................................................................................................................................................................................................................................................................................................................................
...............................................ej*...................................
[Time]Sampling: mmb_0: 0.521 secs, mmb_1: 0.343 secs, bk_0: 706.280 secs
[Info]kBar: 11, background prob: 0.99900, eij=0(mmb): 6540.0, eij=1:86742.0, eij=0(background):116341608.0
[Cluster]Sampling (docs/edges generaly/edges jointly) generates (0, 0, 13) new clusters.
[Time]The sampling iteration took 715 secs.
[Info]Accumulating evaluation results during sampling...
[Info]Clusters:
0(NaN/0.000)-(e_0:440,e_1:7556,e/r:Infinity)-(pos_f1:0.0000,neg_f1:0.0000)
0(NaN/0.000)-(e_0:4,e_1:11319,e/r:Infinity)-(pos_f1:0.0000,neg_f1:0.0000)
0(NaN/0.000)-(e_0:7,e_1:9279,e/r:Infinity)-(pos_f1:0.0000,neg_f1:0.0000)
0(NaN/0.000)-(e_0:648,e_1:196,e/r:Infinity)-(pos_f1:0.0000,neg_f1:0.0000)
0(NaN/0.000)-(e_0:0,e_1:1,e/r:Infinity)-(pos_f1:0.0000,neg_f1:0.0000)
0(NaN/0.000)-(e_0:2,e_1:0,e/r:Infinity)-(pos_f1:0.0000,neg_f1:0.0000)
0(NaN/0.000)-(e_0:0,e_1:7,e/r:Infinity)-(pos_f1:0.0000,neg_f1:0.0000)
0(NaN/0.000)-(e_0:0,e_1:97,e/r:Infinity)-(pos_f1:0.0000,neg_f1:0.0000)
0(NaN/0.000)-(e_0:21,e_1:6323,e/r:Infinity)-(pos_f1:0.0000,neg_f1:0.0000)
0(NaN/0.000)-(e_0:59,e_1:24143,e/r:Infinity)-(pos_f1:0.0000,neg_f1:0.0000)
0(NaN/1.000)-(e_0:5359,e_1:27821,e/r:Infinity)-(pos_f1:0.0000,neg_f1:0.0000)

[Info]Step 6: likelihood: -443205.2336, Delta_likelihood: 1.411
11
................................[Info]Zero cluster detected in updating edge!
.............................................................................................ej*......................................................................................ej*ej*............................ej*.....................................................................................................................................................................................................................................................................
...............................................[Info]Zero cluster detected in updating edge!
...................................
[Time]Sampling: mmb_0: 0.048 secs, mmb_1: 0.394 secs, bk_0: 1052.464 secs
[Info]kBar: 13, background prob: 0.99900, eij=0(mmb): 89366.0, eij=1:86742.0, eij=0(background):116258782.0
[Cluster]Sampling (docs/edges generaly/edges jointly) generates (0, 0, 17) new clusters.
[Time]The sampling iteration took 1061 secs.
[Info]Step 7: likelihood: -1052885.6225, Delta_likelihood: -0.579
13
ej*...........................................................................................ej*..................................[Info]Zero cluster detected in updating edge!
..................ej*.................ej*...................................................[Info]Zero cluster detected in updating edge!
............................[Info]Zero cluster detected in updating edge!
.....................................................................................................................................................................................................................................................................
..................................................................................
[Time]Sampling: mmb_0: 0.661 secs, mmb_1: 0.418 secs, bk_0: 1282.968 secs
[Info]kBar: 14, background prob: 0.99900, eij=0(mmb): 103874.0, eij=1:86742.0, eij=0(background):116244274.0
[Cluster]Sampling (docs/edges generaly/edges jointly) generates (0, 0, 21) new clusters.
[Time]The sampling iteration took 1293 secs.
[Info]Step 8: likelihood: -928693.7832, Delta_likelihood: 0.134
14
..........................................................................................................................................................[Info]Zero cluster detected in updating edge!
...............................................................ej*.....................................................................................................................[Info]Zero cluster detected in updating edge!
......................................................................................................................................................................
....[Info]Zero cluster detected in updating edge!
..............................................................................
[Time]Sampling: mmb_0: 0.681 secs, mmb_1: 0.477 secs, bk_0: 1156.669 secs
[Info]kBar: 12, background prob: 0.99900, eij=0(mmb): 91964.0, eij=1:86742.0, eij=0(background):116256184.0
[Cluster]Sampling (docs/edges generaly/edges jointly) generates (0, 0, 22) new clusters.
[Time]The sampling iteration took 1166 secs.
[Info]Accumulating evaluation results during sampling...
[Info]Clusters:
0(NaN/0.000)-(e_0:1,e_1:7227,e/r:Infinity)-(pos_f1:0.0000,neg_f1:0.0000)
0(NaN/0.000)-(e_0:1,e_1:9046,e/r:Infinity)-(pos_f1:0.0000,neg_f1:0.0000)
0(NaN/0.440)-(e_0:1,e_1:4202,e/r:Infinity)-(pos_f1:0.0000,neg_f1:0.0000)
0(NaN/0.000)-(e_0:0,e_1:7,e/r:Infinity)-(pos_f1:0.0000,neg_f1:0.0000)
0(NaN/0.000)-(e_0:48,e_1:17945,e/r:Infinity)-(pos_f1:0.0000,neg_f1:0.0000)
0(NaN/0.000)-(e_0:2,e_1:0,e/r:Infinity)-(pos_f1:0.0000,neg_f1:0.0000)
0(NaN/0.000)-(e_0:3954,e_1:622,e/r:Infinity)-(pos_f1:0.0000,neg_f1:0.0000)
0(NaN/0.560)-(e_0:1075,e_1:147,e/r:Infinity)-(pos_f1:0.0000,neg_f1:0.0000)
0(NaN/0.000)-(e_0:0,e_1:47,e/r:Infinity)-(pos_f1:0.0000,neg_f1:0.0000)
0(NaN/0.000)-(e_0:0,e_1:2951,e/r:Infinity)-(pos_f1:0.0000,neg_f1:0.0000)
0(NaN/0.000)-(e_0:16,e_1:16813,e/r:Infinity)-(pos_f1:0.0000,neg_f1:0.0000)
0(NaN/0.000)-(e_0:86866,e_1:27735,e/r:Infinity)-(pos_f1:0.0000,neg_f1:0.0000)

[Info]Step 9: likelihood: -995421.7378, Delta_likelihood: -0.067
12
.............................................................................................................................................................................................................................................................................................................................................................................................................................................ej*.......................................................................
..................................................................................
[Time]Sampling: mmb_0: 0.640 secs, mmb_1: 0.461 secs, bk_0: 993.255 secs
[Info]kBar: 13, background prob: 0.99900, eij=0(mmb): 111164.0, eij=1:86742.0, eij=0(background):116236984.0
[Cluster]Sampling (docs/edges generaly/edges jointly) generates (0, 0, 23) new clusters.
[Time]The sampling iteration took 1003 secs.
[Info]Step 10: likelihood: -943590.5440, Delta_likelihood: 0.055
13
..............................................................................................................................................................................................................................................................................................................................................................................................................................[Info]Zero cluster detected in updating edge!
......................................................................................
..................................................................................
[Time]Sampling: mmb_0: 0.764 secs, mmb_1: 0.451 secs, bk_0: 1069.125 secs
[Info]kBar: 12, background prob: 0.99900, eij=0(mmb): 115900.0, eij=1:86742.0, eij=0(background):116232248.0
[Cluster]Sampling (docs/edges generaly/edges jointly) generates (0, 0, 23) new clusters.
[Time]The sampling iteration took 1079 secs.
[Info]Step 11: likelihood: -1170086.3541, Delta_likelihood: -0.194
12
...........................................................................................................................................................................................................................................................................................................[Info]Zero cluster detected in updating edge!
......................................................................................................................................................................................ej*...................
............................................ej*......................................
[Time]Sampling: mmb_0: 0.739 secs, mmb_1: 0.423 secs, bk_0: 920.667 secs
[Info]kBar: 13, background prob: 0.99900, eij=0(mmb): 118.0, eij=1:86742.0, eij=0(background):116348030.0
[Cluster]Sampling (docs/edges generaly/edges jointly) generates (0, 0, 25) new clusters.
[Time]The sampling iteration took 930 secs.
[Info]Accumulating evaluation results during sampling...
[Info]Clusters:
0(NaN/0.000)-(e_0:0,e_1:5954,e/r:Infinity)-(pos_f1:0.0000,neg_f1:0.0000)
0(NaN/0.000)-(e_0:3,e_1:6316,e/r:Infinity)-(pos_f1:0.0000,neg_f1:0.0000)
0(NaN/0.000)-(e_0:10,e_1:8752,e/r:Infinity)-(pos_f1:0.0000,neg_f1:0.0000)
0(NaN/0.000)-(e_0:86,e_1:30711,e/r:Infinity)-(pos_f1:0.0000,neg_f1:0.0000)
0(NaN/0.000)-(e_0:0,e_1:4262,e/r:Infinity)-(pos_f1:0.0000,neg_f1:0.0000)
0(NaN/0.995)-(e_0:2,e_1:0,e/r:Infinity)-(pos_f1:0.0000,neg_f1:0.0000)
0(NaN/0.005)-(e_0:2,e_1:0,e/r:Infinity)-(pos_f1:0.0000,neg_f1:0.0000)
0(NaN/0.000)-(e_0:0,e_1:285,e/r:Infinity)-(pos_f1:0.0000,neg_f1:0.0000)
0(NaN/0.000)-(e_0:7,e_1:10197,e/r:Infinity)-(pos_f1:0.0000,neg_f1:0.0000)
0(NaN/0.000)-(e_0:0,e_1:52,e/r:Infinity)-(pos_f1:0.0000,neg_f1:0.0000)
0(NaN/0.000)-(e_0:0,e_1:2052,e/r:Infinity)-(pos_f1:0.0000,neg_f1:0.0000)
0(NaN/0.000)-(e_0:1,e_1:6445,e/r:Infinity)-(pos_f1:0.0000,neg_f1:0.0000)
0(NaN/0.000)-(e_0:7,e_1:11716,e/r:Infinity)-(pos_f1:0.0000,neg_f1:0.0000)

[Info]Step 12: likelihood: -380481.0158, Delta_likelihood: 2.075
13
..........................................................ej*..........................................................................................................................................................................................................................................................................................................................................................................................................................................................
..................................................................................
[Time]Sampling: mmb_0: 0.000 secs, mmb_1: 0.466 secs, bk_0: 1181.111 secs
[Info]kBar: 14, background prob: 0.99900, eij=0(mmb): 114294.0, eij=1:86742.0, eij=0(background):116233854.0
[Cluster]Sampling (docs/edges generaly/edges jointly) generates (0, 0, 26) new clusters.
[Time]The sampling iteration took 1190 secs.
[Info]Step 13: likelihood: -1176651.6332, Delta_likelihood: -0.677
14
........................................................................................................................ej*............................................................................................................................................................................................................................................................................................................................................................................................
..............................................................................[Info]Zero cluster detected in updating edge!
....
[Time]Sampling: mmb_0: 0.774 secs, mmb_1: 0.467 secs, bk_0: 1396.706 secs
[Info]kBar: 14, background prob: 0.99900, eij=0(mmb): 44904.0, eij=1:86742.0, eij=0(background):116303244.0
[Cluster]Sampling (docs/edges generaly/edges jointly) generates (0, 0, 27) new clusters.
[Time]The sampling iteration took 1407 secs.
[Info]Step 14: likelihood: -552281.0844, Delta_likelihood: 1.131
14
....................................................................................................................................................................................................................................................................................................................................................................................................................................................................................................................
..................................................................................
[Time]Sampling: mmb_0: 0.338 secs, mmb_1: 0.479 secs, bk_0: 1279.393 secs
[Info]kBar: 14, background prob: 0.99900, eij=0(mmb): 52.0, eij=1:86742.0, eij=0(background):116348096.0
[Cluster]Sampling (docs/edges generaly/edges jointly) generates (0, 0, 27) new clusters.
[Time]The sampling iteration took 1289 secs.
[Info]Accumulating evaluation results during sampling...
[Info]Clusters:
0(NaN/0.000)-(e_0:0,e_1:5159,e/r:Infinity)-(pos_f1:0.0000,neg_f1:0.0000)
0(NaN/0.000)-(e_0:16,e_1:16814,e/r:Infinity)-(pos_f1:0.0000,neg_f1:0.0000)
0(NaN/0.000)-(e_0:5,e_1:5212,e/r:Infinity)-(pos_f1:0.0000,neg_f1:0.0000)
0(NaN/0.000)-(e_0:2,e_1:8582,e/r:Infinity)-(pos_f1:0.0000,neg_f1:0.0000)
0(NaN/1.000)-(e_0:0,e_1:2409,e/r:Infinity)-(pos_f1:0.0000,neg_f1:0.0000)
0(NaN/0.000)-(e_0:10,e_1:20988,e/r:Infinity)-(pos_f1:0.0000,neg_f1:0.0000)
0(NaN/0.000)-(e_0:0,e_1:1,e/r:Infinity)-(pos_f1:0.0000,neg_f1:0.0000)
0(NaN/0.000)-(e_0:0,e_1:2,e/r:Infinity)-(pos_f1:0.0000,neg_f1:0.0000)
0(NaN/0.000)-(e_0:0,e_1:114,e/r:Infinity)-(pos_f1:0.0000,neg_f1:0.0000)
0(NaN/0.000)-(e_0:1,e_1:3746,e/r:Infinity)-(pos_f1:0.0000,neg_f1:0.0000)
0(NaN/0.000)-(e_0:17,e_1:11408,e/r:Infinity)-(pos_f1:0.0000,neg_f1:0.0000)
0(NaN/0.000)-(e_0:0,e_1:1821,e/r:Infinity)-(pos_f1:0.0000,neg_f1:0.0000)
0(NaN/0.000)-(e_0:0,e_1:4077,e/r:Infinity)-(pos_f1:0.0000,neg_f1:0.0000)
0(NaN/0.000)-(e_0:1,e_1:6409,e/r:Infinity)-(pos_f1:0.0000,neg_f1:0.0000)

[Info]Step 15: likelihood: -399084.5918, Delta_likelihood: 0.384
14
.........................................................[Info]Zero cluster detected in updating edge!
...........................................................................................................................................................................................................................................................................................................................................................................................................................................................
..................................................................................
[Time]Sampling: mmb_0: 0.000 secs, mmb_1: 0.489 secs, bk_0: 1137.486 secs
[Info]kBar: 13, background prob: 0.99900, eij=0(mmb): 64966.0, eij=1:86742.0, eij=0(background):116283182.0
[Cluster]Sampling (docs/edges generaly/edges jointly) generates (0, 0, 27) new clusters.
[Time]The sampling iteration took 1146 secs.
[Info]Step 16: likelihood: -841682.5786, Delta_likelihood: -0.526
13
ej*...........................................ej*.............................ej*...............................................................................................................................ej*.............................................................................................................................................................................................................................................................................................................
..................................................................................
[Time]Sampling: mmb_0: 0.478 secs, mmb_1: 0.523 secs, bk_0: 1464.005 secs
[Info]kBar: 17, background prob: 0.99900, eij=0(mmb): 113026.0, eij=1:86742.0, eij=0(background):116235122.0
[Cluster]Sampling (docs/edges generaly/edges jointly) generates (0, 0, 31) new clusters.
[Time]The sampling iteration took 1474 secs.
[Info]Step 17: likelihood: -1148509.2852, Delta_likelihood: -0.267
17
........................................................................[Info]Zero cluster detected in updating edge!
...................................................................................................................................................................................................ej*.....................................................................................................................................................................................................................................[Info]Zero cluster detected in updating edge!
....
.....................................................................ej*.............
[Time]Sampling: mmb_0: 0.817 secs, mmb_1: 0.566 secs, bk_0: 1689.092 secs
[Info]kBar: 17, background prob: 0.99900, eij=0(mmb): 53176.0, eij=1:86742.0, eij=0(background):116294972.0
[Cluster]Sampling (docs/edges generaly/edges jointly) generates (0, 0, 33) new clusters.
[Time]The sampling iteration took 1700 secs.
[Info]Accumulating evaluation results during sampling...
[Info]Clusters:
0(NaN/0.000)-(e_0:0,e_1:4216,e/r:Infinity)-(pos_f1:0.0000,neg_f1:0.0000)
0(NaN/0.243)-(e_0:1,e_1:5627,e/r:Infinity)-(pos_f1:0.0000,neg_f1:0.0000)
0(NaN/0.005)-(e_0:0,e_1:2209,e/r:Infinity)-(pos_f1:0.0000,neg_f1:0.0000)
0(NaN/0.000)-(e_0:2,e_1:3872,e/r:Infinity)-(pos_f1:0.0000,neg_f1:0.0000)
0(NaN/0.000)-(e_0:12,e_1:13811,e/r:Infinity)-(pos_f1:0.0000,neg_f1:0.0000)
0(NaN/0.005)-(e_0:4,e_1:6741,e/r:Infinity)-(pos_f1:0.0000,neg_f1:0.0000)
0(NaN/0.000)-(e_0:83,e_1:27378,e/r:Infinity)-(pos_f1:0.0000,neg_f1:0.0000)
0(NaN/0.000)-(e_0:0,e_1:1,e/r:Infinity)-(pos_f1:0.0000,neg_f1:0.0000)
0(NaN/0.000)-(e_0:2,e_1:0,e/r:Infinity)-(pos_f1:0.0000,neg_f1:0.0000)
0(NaN/0.000)-(e_0:2,e_1:0,e/r:Infinity)-(pos_f1:0.0000,neg_f1:0.0000)
0(NaN/0.000)-(e_0:0,e_1:13,e/r:Infinity)-(pos_f1:0.0000,neg_f1:0.0000)
0(NaN/0.000)-(e_0:0,e_1:56,e/r:Infinity)-(pos_f1:0.0000,neg_f1:0.0000)
0(NaN/0.000)-(e_0:0,e_1:1715,e/r:Infinity)-(pos_f1:0.0000,neg_f1:0.0000)
0(NaN/0.640)-(e_0:53068,e_1:11664,e/r:Infinity)-(pos_f1:0.0000,neg_f1:0.0000)
0(NaN/0.107)-(e_0:0,e_1:1522,e/r:Infinity)-(pos_f1:0.0000,neg_f1:0.0000)
0(NaN/0.001)-(e_0:1,e_1:3107,e/r:Infinity)-(pos_f1:0.0000,neg_f1:0.0000)
0(NaN/0.000)-(e_0:1,e_1:4810,e/r:Infinity)-(pos_f1:0.0000,neg_f1:0.0000)

[Info]Step 18: likelihood: -735579.1257, Delta_likelihood: 0.561
17
...........................................................................................[Info]Zero cluster detected in updating edge!
.........................................................................................................................................................................................................................................................................................................................................................................................................................
..................................................................................
[Time]Sampling: mmb_0: 0.353 secs, mmb_1: 0.608 secs, bk_0: 1642.116 secs
[Info]kBar: 16, background prob: 0.99900, eij=0(mmb): 53724.0, eij=1:86742.0, eij=0(background):116294424.0
[Cluster]Sampling (docs/edges generaly/edges jointly) generates (0, 0, 33) new clusters.
[Time]The sampling iteration took 1652 secs.
[Info]Step 19: likelihood: -739535.8918, Delta_likelihood: -0.005
16
ej*..........................................................................................................................................................................................................................[Info]Zero cluster detected in updating edge!
..........................................................................................................................................................................................................................................................................................
..................................................................................
[Time]Sampling: mmb_0: 0.419 secs, mmb_1: 0.559 secs, bk_0: 1676.673 secs
[Info]kBar: 16, background prob: 0.99900, eij=0(mmb): 116280.0, eij=1:86742.0, eij=0(background):116231868.0
[Cluster]Sampling (docs/edges generaly/edges jointly) generates (0, 0, 34) new clusters.
[Time]The sampling iteration took 1687 secs.
[Info]Step 20: likelihood: -1073273.9488, Delta_likelihood: -0.311
16
...................................................................................................................................................................................................................................[Info]Zero cluster detected in updating edge!
.................................................................................................................................................................................................................................................................................
..................................................................................
[Time]Sampling: mmb_0: 0.819 secs, mmb_1: 0.553 secs, bk_0: 1534.383 secs
[Info]kBar: 15, background prob: 0.99900, eij=0(mmb): 352.0, eij=1:86742.0, eij=0(background):116347796.0
[Cluster]Sampling (docs/edges generaly/edges jointly) generates (0, 0, 34) new clusters.
[Time]The sampling iteration took 1545 secs.
[Info]Accumulating evaluation results during sampling...
[Info]Clusters:
0(NaN/0.000)-(e_0:0,e_1:3930,e/r:Infinity)-(pos_f1:0.0000,neg_f1:0.0000)
0(NaN/0.000)-(e_0:0,e_1:3815,e/r:Infinity)-(pos_f1:0.0000,neg_f1:0.0000)
0(NaN/1.000)-(e_0:0,e_1:1532,e/r:Infinity)-(pos_f1:0.0000,neg_f1:0.0000)
0(NaN/0.000)-(e_0:6,e_1:3076,e/r:Infinity)-(pos_f1:0.0000,neg_f1:0.0000)
0(NaN/0.000)-(e_0:5,e_1:6279,e/r:Infinity)-(pos_f1:0.0000,neg_f1:0.0000)
0(NaN/0.000)-(e_0:2,e_1:3528,e/r:Infinity)-(pos_f1:0.0000,neg_f1:0.0000)
0(NaN/0.000)-(e_0:3,e_1:8577,e/r:Infinity)-(pos_f1:0.0000,neg_f1:0.0000)
0(NaN/0.000)-(e_0:309,e_1:27104,e/r:Infinity)-(pos_f1:0.0000,neg_f1:0.0000)
0(NaN/0.000)-(e_0:9,e_1:4525,e/r:Infinity)-(pos_f1:0.0000,neg_f1:0.0000)
0(NaN/0.000)-(e_0:0,e_1:14,e/r:Infinity)-(pos_f1:0.0000,neg_f1:0.0000)
0(NaN/0.000)-(e_0:0,e_1:1108,e/r:Infinity)-(pos_f1:0.0000,neg_f1:0.0000)
0(NaN/0.000)-(e_0:16,e_1:14963,e/r:Infinity)-(pos_f1:0.0000,neg_f1:0.0000)
0(NaN/0.000)-(e_0:1,e_1:1748,e/r:Infinity)-(pos_f1:0.0000,neg_f1:0.0000)
0(NaN/0.000)-(e_0:0,e_1:2392,e/r:Infinity)-(pos_f1:0.0000,neg_f1:0.0000)
0(NaN/0.000)-(e_0:1,e_1:4151,e/r:Infinity)-(pos_f1:0.0000,neg_f1:0.0000)

[Info]Step 21: likelihood: -381851.6843, Delta_likelihood: 1.811
15
............................................................................................................ej*......................................................................................................................................................................................................................................................................................................................ej*.................ej*.................................................................
..................................................................................
[Time]Sampling: mmb_0: 0.004 secs, mmb_1: 0.547 secs, bk_0: 1606.971 secs
[Info]kBar: 18, background prob: 0.99900, eij=0(mmb): 114638.0, eij=1:86742.0, eij=0(background):116233510.0
[Cluster]Sampling (docs/edges generaly/edges jointly) generates (0, 0, 37) new clusters.
[Time]The sampling iteration took 1617 secs.
[Info]Step 22: likelihood: -1177563.5688, Delta_likelihood: -0.676
18
..........................................................................................................................................................................................................ej*.........................................................................................................................................................................................................................................[Info]Zero cluster detected in updating edge!
.................................................................
..................................................................................
[Time]Sampling: mmb_0: 0.822 secs, mmb_1: 0.586 secs, bk_0: 2101.416 secs
[Info]kBar: 18, background prob: 0.99900, eij=0(mmb): 35482.0, eij=1:86742.0, eij=0(background):116312666.0
[Cluster]Sampling (docs/edges generaly/edges jointly) generates (0, 0, 38) new clusters.
[Time]The sampling iteration took 2113 secs.
[Info]Step 23: likelihood: -592380.6104, Delta_likelihood: 0.988
18
......................................................................................................................................................................................................................................ej*..........................................................................................................................................................................[Info]Zero cluster detected in updating edge!
....................................................................................................
..................................................................................
[Time]Sampling: mmb_0: 0.271 secs, mmb_1: 0.606 secs, bk_0: 2104.180 secs
[Info]kBar: 18, background prob: 0.99900, eij=0(mmb): 48.0, eij=1:86742.0, eij=0(background):116348100.0
[Cluster]Sampling (docs/edges generaly/edges jointly) generates (0, 0, 39) new clusters.
[Time]The sampling iteration took 2115 secs.
[Info]Accumulating evaluation results during sampling...
[Info]Clusters:
0(NaN/0.000)-(e_0:0,e_1:3723,e/r:Infinity)-(pos_f1:0.0000,neg_f1:0.0000)
0(NaN/0.000)-(e_0:0,e_1:2845,e/r:Infinity)-(pos_f1:0.0000,neg_f1:0.0000)
0(NaN/0.389)-(e_0:6,e_1:24512,e/r:Infinity)-(pos_f1:0.0000,neg_f1:0.0000)
0(NaN/0.000)-(e_0:0,e_1:1989,e/r:Infinity)-(pos_f1:0.0000,neg_f1:0.0000)
0(NaN/0.000)-(e_0:29,e_1:16795,e/r:Infinity)-(pos_f1:0.0000,neg_f1:0.0000)
0(NaN/0.000)-(e_0:0,e_1:2491,e/r:Infinity)-(pos_f1:0.0000,neg_f1:0.0000)
0(NaN/0.000)-(e_0:3,e_1:4808,e/r:Infinity)-(pos_f1:0.0000,neg_f1:0.0000)
0(NaN/0.000)-(e_0:2,e_1:0,e/r:Infinity)-(pos_f1:0.0000,neg_f1:0.0000)
0(NaN/0.099)-(e_0:0,e_1:2,e/r:Infinity)-(pos_f1:0.0000,neg_f1:0.0000)
0(NaN/0.000)-(e_0:0,e_1:12,e/r:Infinity)-(pos_f1:0.0000,neg_f1:0.0000)
0(NaN/0.000)-(e_0:1,e_1:9474,e/r:Infinity)-(pos_f1:0.0000,neg_f1:0.0000)
0(NaN/0.000)-(e_0:1,e_1:1529,e/r:Infinity)-(pos_f1:0.0000,neg_f1:0.0000)
0(NaN/0.000)-(e_0:0,e_1:1338,e/r:Infinity)-(pos_f1:0.0000,neg_f1:0.0000)
0(NaN/0.004)-(e_0:0,e_1:956,e/r:Infinity)-(pos_f1:0.0000,neg_f1:0.0000)
0(NaN/0.000)-(e_0:5,e_1:7682,e/r:Infinity)-(pos_f1:0.0000,neg_f1:0.0000)
0(NaN/0.000)-(e_0:0,e_1:1095,e/r:Infinity)-(pos_f1:0.0000,neg_f1:0.0000)
0(NaN/0.508)-(e_0:0,e_1:2404,e/r:Infinity)-(pos_f1:0.0000,neg_f1:0.0000)
0(NaN/0.000)-(e_0:1,e_1:5087,e/r:Infinity)-(pos_f1:0.0000,neg_f1:0.0000)

[Info]Step 24: likelihood: -389102.2429, Delta_likelihood: 0.522
18
.................................................................................................................................................................................................ej*...............................................................................................................................................................................ej*....................................................................................................................................
..................................................................................
[Time]Sampling: mmb_0: 0.001 secs, mmb_1: 0.659 secs, bk_0: 2190.791 secs
[Info]kBar: 20, background prob: 0.99900, eij=0(mmb): 58232.0, eij=1:86742.0, eij=0(background):116289916.0
[Cluster]Sampling (docs/edges generaly/edges jointly) generates (0, 0, 41) new clusters.
[Time]The sampling iteration took 2201 secs.
[Info]Step 25: likelihood: -639784.4424, Delta_likelihood: -0.392
20
.........................................................................................................................................................................[Info]Zero cluster detected in updating edge!
...........................................................................................................................................................................................................................................................................................................................................
..................................................................................
[Time]Sampling: mmb_0: 0.449 secs, mmb_1: 0.652 secs, bk_0: 2318.641 secs
[Info]kBar: 19, background prob: 0.99900, eij=0(mmb): 21796.0, eij=1:86742.0, eij=0(background):116326352.0
[Cluster]Sampling (docs/edges generaly/edges jointly) generates (0, 0, 41) new clusters.
[Time]The sampling iteration took 2330 secs.
[Info]Step 26: likelihood: -480013.9566, Delta_likelihood: 0.333
19
.....................................................................................................................................................................................................................................................................................................................................ej*...............................................................................................................................................................................
...............................................[Info]Zero cluster detected in updating edge!
...................................
[Time]Sampling: mmb_0: 0.181 secs, mmb_1: 0.680 secs, bk_0: 2362.485 secs
[Info]kBar: 19, background prob: 0.99900, eij=0(mmb): 109582.0, eij=1:86742.0, eij=0(background):116238566.0
[Cluster]Sampling (docs/edges generaly/edges jointly) generates (0, 0, 42) new clusters.
[Time]The sampling iteration took 2374 secs.
[Info]Accumulating evaluation results during sampling...
[Info]Clusters:
0(NaN/0.000)-(e_0:0,e_1:3890,e/r:Infinity)-(pos_f1:0.0000,neg_f1:0.0000)
0(NaN/0.000)-(e_0:1,e_1:8064,e/r:Infinity)-(pos_f1:0.0000,neg_f1:0.0000)
0(NaN/0.000)-(e_0:0,e_1:12996,e/r:Infinity)-(pos_f1:0.0000,neg_f1:0.0000)
0(NaN/0.000)-(e_0:0,e_1:1704,e/r:Infinity)-(pos_f1:0.0000,neg_f1:0.0000)
0(NaN/0.000)-(e_0:0,e_1:6034,e/r:Infinity)-(pos_f1:0.0000,neg_f1:0.0000)
0(NaN/0.000)-(e_0:3,e_1:7770,e/r:Infinity)-(pos_f1:0.0000,neg_f1:0.0000)
0(NaN/0.000)-(e_0:0,e_1:3383,e/r:Infinity)-(pos_f1:0.0000,neg_f1:0.0000)
0(NaN/0.000)-(e_0:0,e_1:3,e/r:Infinity)-(pos_f1:0.0000,neg_f1:0.0000)
0(NaN/0.000)-(e_0:106435,e_1:21116,e/r:Infinity)-(pos_f1:0.0000,neg_f1:0.0000)
0(NaN/0.000)-(e_0:2,e_1:0,e/r:Infinity)-(pos_f1:0.0000,neg_f1:0.0000)
0(NaN/0.000)-(e_0:3138,e_1:492,e/r:Infinity)-(pos_f1:0.0000,neg_f1:0.0000)
0(NaN/0.000)-(e_0:1,e_1:5566,e/r:Infinity)-(pos_f1:0.0000,neg_f1:0.0000)
0(NaN/0.000)-(e_0:0,e_1:858,e/r:Infinity)-(pos_f1:0.0000,neg_f1:0.0000)
0(NaN/0.000)-(e_0:0,e_1:481,e/r:Infinity)-(pos_f1:0.0000,neg_f1:0.0000)
0(NaN/0.000)-(e_0:0,e_1:782,e/r:Infinity)-(pos_f1:0.0000,neg_f1:0.0000)
0(NaN/0.000)-(e_0:0,e_1:3969,e/r:Infinity)-(pos_f1:0.0000,neg_f1:0.0000)
0(NaN/0.000)-(e_0:0,e_1:946,e/r:Infinity)-(pos_f1:0.0000,neg_f1:0.0000)
0(NaN/1.000)-(e_0:2,e_1:5250,e/r:Infinity)-(pos_f1:0.0000,neg_f1:0.0000)
0(NaN/0.000)-(e_0:0,e_1:3438,e/r:Infinity)-(pos_f1:0.0000,neg_f1:0.0000)

[Info]Step 27: likelihood: -1113942.7669, Delta_likelihood: -0.569
19
...............................................................................................................................................................................................................................................................................................................................................................[Info]Zero cluster detected in updating edge!
.................ej*....................................................................................................................................
..................................................................................
[Time]Sampling: mmb_0: 0.819 secs, mmb_1: 0.637 secs, bk_0: 2222.306 secs
[Info]kBar: 19, background prob: 0.99900, eij=0(mmb): 102.0, eij=1:86742.0, eij=0(background):116348046.0
[Cluster]Sampling (docs/edges generaly/edges jointly) generates (0, 0, 43) new clusters.
[Time]The sampling iteration took 2233 secs.
[Info]Step 28: likelihood: -378782.5693, Delta_likelihood: 1.941
19
........................................................................................................................................[Info]Zero cluster detected in updating edge!
..............................................................................................ej*......................................................................................................................................................................................................................................................ej*........................
..................................................................................
[Time]Sampling: mmb_0: 0.000 secs, mmb_1: 0.692 secs, bk_0: 2292.110 secs
[Info]kBar: 20, background prob: 0.99900, eij=0(mmb): 111470.0, eij=1:86742.0, eij=0(background):116236678.0
[Cluster]Sampling (docs/edges generaly/edges jointly) generates (0, 0, 45) new clusters.
[Time]The sampling iteration took 2303 secs.
[Info]Step 29: likelihood: -1155019.6956, Delta_likelihood: -0.672
[Info]Accumulating evaluation results during sampling...
neg users: 0	pos users: 0
MTCLinAdaptWithMMB[dim:801,dimSup:3072,lmDim:1000,M:6,rho:0.00100,alpha:0.0200,eta:0.0500,beta:0.0100,nScale:(0.050,0.050),#Iter:30,N1(0.000,0.043),N2(1.000,0.043)]

Micro confusion matrix:
	0	1
0	0	0
1	0	0
Micro F1:
Class 0: 0.0000		Class 1: 0.0000		
Macro F1:
Class 0: NaN+NaN	Class 1: NaN+NaN	Finish writing 10791 users mixtures!!

[Info]Start time: 1560342161386
[Info]End time: 1560381619866
[Time]This training+testing process took 657.00 mins.
