Load 3071 2-gram features from ./data/CoLinAdapt/Yelp/SelectedVocab.csv...
Max review size: 675
Average review length over all users is 47.807, max average length is 240.500.
[Info]Start: 0, End: 2147483647, (11733/11733) users and 140457 reviews are loaded from ./data/CoLinAdapt/Yelp/Users...
[Info]Feature group size 801
[Info]Training size: 0, adaptation size: 78811, and testing size: 61646
MTCLinAdaptWithDP[dim:801,supDim:3072,M:6,alpha:1.0000,#Iter:20,N1(0.000,0.230),N2(1.000,0.100)]
oxooooooxooxoooooooooooooxooooooxooooooooooooxoooooooooooooxooooooooooooooxooxoooooxoooooooooooooooo
oooooxoooooooooooooooooooxooxoooooooooooooooooooooxoooooxoooooooooxooooooooooooxoooooooxoooooooxoooo
oooxooooooxoooooooooooooxoooooooxoooooooooooooooooooooooooooxooooxooooxoooooxooooooooxooooooo
oxooooooooooooooxooxooooooooooooxoooooooooooooooooooooooooooxooxoooooxoooooooooooooooooooooooooooxoo
oooooooooxoooooooooxoooooooooooxooooooooooooooooxooooxooooooooxooooooooooooooooooooooxoooooooooooooo
oooooooxoooxoooooo
oxoooooooooooooxooooooooooooxoooooooooooooooxooxooooooxoooxoooooxooooxooooxooooooooooooxoooooooooooo
oxooooxooooxooooooxooooooxooxoooooxoooooooxoooooooxooooooooooooooooooooooooooooxooooooooo
oxooooooooooooooooooooooooooooxoooooooxooooooooooxooooooooxooooooooxoooxoooooooooooooooxooooooooxooo
oooooooooxooooooxoooooooxoooooooooooooxoooooooooooooooooooooooo
oooooooooooooooxoooooooxooooooooooooxoooooooooooooooooxoooxoooooooxooooxooooooooxoooxooooooooooooooo
oxoooooooxooooooxooooooooxooooooxoooooooooooooooooxoooxooooooooooooxooooooxooxoooxoooo
oxoooooooooooooooooooooooooooxoooooooooooooxooooooooooooooooooooxooooxoooooooooooooxoooooooooooxooox
ooooooooooooooooxooxoooooooxooooooxoxoooooooooooooxooooooooooooooooooooooooooxooo
[Info]Accumulating evaluation results during sampling...
[Info]Clusters:307(0.69,7.7)	339(0.81,8.7)	368(0.69,6.8)	180(0.76,8.3)	244(0.71,7.2)	76(0.71,9.7)	197(0.79,12.2)	265(0.80,9.4)	285(0.65,5.9)	549(0.59,6.1)	205(0.74,7.5)	235(0.79,7.9)	158(0.87,17.3)	172(0.65,6.3)	145(0.75,9.5)	75(0.81,12.9)	92(0.66,8.7)	123(0.70,8.9)	367(0.66,6.7)	211(0.78,10.2)	48(0.70,9.0)	142(0.63,7.4)	124(0.82,11.7)	150(0.82,9.8)	161(0.68,7.4)	276(0.87,12.9)	118(0.79,12.4)	92(0.70,8.0)	100(0.70,6.5)	171(0.78,9.5)	69(0.61,7.7)	103(0.73,9.0)	23(0.87,15.1)	19(0.71,9.8)	147(0.80,9.1)	27(0.81,17.5)	22(0.79,9.3)	202(0.86,12.0)	120(0.85,16.6)	92(0.62,5.8)	102(0.59,7.9)	76(0.59,9.1)	37(0.80,17.7)	59(0.85,16.8)	88(0.80,11.1)	50(0.83,19.7)	97(0.83,13.6)	39(0.85,31.1)	9(0.75,17.4)	13(0.85,19.6)	37(0.89,27.2)	3(0.92,51.0)	40(0.84,18.6)	24(0.83,20.7)	14(0.61,22.2)	5(0.88,11.6)	88(0.90,34.9)	77(0.91,39.9)	17(0.78,35.5)	1(0.84,25.0)	10(0.67,33.8)	6(0.84,8.3)	7(0.86,28.0)	2(0.71,3.5)	1(1.00,2.0)	29(0.49,7.9)	3(0.55,11.0)	
[Info]67 Clusters are found in total!
[Info]Step 0: likelihood: 1287.9304, Delta_likelihood: -1.000
oxoooooooooooooooooooooxooooooooooooxooooooooxooooooooooooooooooooooooxoooooooooxooooooooooooooooxoo
ooooxooooooxoxooooooxoooooooxooooooxoooooooooooooooxooooo
[Info]Clusters:296(0.69,7.7)	300(0.83,9.5)	369(0.68,6.7)	192(0.77,8.0)	223(0.71,6.9)	98(0.73,8.6)	174(0.81,13.6)	281(0.81,9.6)	274(0.63,6.2)	540(0.59,6.1)	183(0.72,6.1)	215(0.80,8.0)	189(0.86,15.3)	163(0.66,6.8)	142(0.74,8.6)	84(0.80,12.2)	120(0.62,7.2)	122(0.72,9.0)	389(0.67,6.7)	193(0.77,10.2)	56(0.68,8.5)	209(0.58,6.3)	139(0.81,10.7)	135(0.81,10.0)	138(0.69,7.9)	264(0.89,14.9)	124(0.79,12.3)	112(0.70,7.2)	100(0.71,8.2)	179(0.79,10.0)	67(0.58,7.9)	111(0.75,9.2)	21(0.86,12.5)	9(0.79,12.9)	139(0.80,9.5)	24(0.82,19.2)	22(0.68,7.9)	206(0.85,11.5)	114(0.85,15.8)	111(0.59,5.8)	90(0.58,7.8)	59(0.64,9.8)	48(0.80,14.7)	44(0.86,19.1)	86(0.78,11.0)	49(0.84,19.6)	100(0.82,13.3)	44(0.84,26.6)	10(0.72,11.1)	13(0.83,17.2)	47(0.87,20.7)	2(0.91,75.0)	60(0.83,16.5)	29(0.83,20.5)	14(0.62,22.4)	3(0.87,17.3)	100(0.90,31.2)	49(0.92,62.6)	14(0.77,43.2)	3(0.40,11.7)	20(0.71,20.5)	2(0.63,4.0)	11(0.77,21.9)	2(0.83,3.0)	7(0.46,17.4)	
[Info]65 Clusters are found in total!
[Info]Step 1: likelihood: 1271.5870, Delta_likelihood: 0.013
oxooooooooooooooxooooooooooooxooooooooooooxoooooooooooooooooooxoxooooooxoooooooxooooooooxoooooooooxo
oooxooooooxooooooxooooooooooooooooooooooooooooooooxooooooxooooooooooooooooo
[Info]Clusters:276(0.66,7.4)	279(0.82,10.3)	359(0.70,7.2)	206(0.76,7.7)	236(0.70,7.2)	105(0.76,8.2)	172(0.79,13.3)	254(0.79,9.2)	276(0.63,5.9)	562(0.59,6.1)	186(0.72,6.6)	223(0.79,7.9)	200(0.87,16.0)	166(0.64,6.8)	145(0.74,8.9)	65(0.82,13.3)	114(0.64,7.3)	106(0.73,9.5)	384(0.69,6.5)	210(0.79,10.2)	44(0.72,11.2)	221(0.61,6.3)	133(0.82,11.3)	112(0.83,11.3)	163(0.67,7.7)	267(0.87,13.7)	107(0.79,12.5)	108(0.70,7.9)	102(0.74,8.1)	225(0.78,9.5)	63(0.61,9.3)	105(0.76,9.2)	18(0.88,20.9)	2(0.91,37.0)	148(0.74,8.3)	33(0.79,13.6)	25(0.75,8.6)	205(0.86,13.1)	103(0.84,16.6)	83(0.59,5.8)	90(0.64,8.3)	52(0.60,8.8)	42(0.83,18.3)	53(0.86,17.4)	84(0.79,11.3)	58(0.81,16.6)	97(0.81,14.2)	50(0.85,23.5)	16(0.82,13.7)	21(0.77,11.0)	56(0.87,18.2)	4(0.90,39.0)	67(0.84,13.7)	13(0.83,29.3)	15(0.56,15.3)	11(0.84,11.0)	114(0.90,28.5)	60(0.91,49.7)	19(0.77,29.0)	9(0.35,12.3)	8(0.69,40.3)	1(0.67,3.0)	2(0.86,91.0)	
[Info]63 Clusters are found in total!
[Info]Step 2: likelihood: 1268.7249, Delta_likelihood: 0.002
ooxoooooooxoooooooxooooooxoxooooooxooooooxooooooxoooooooxooooooxooooooooooooooooooxooooooxooooooooxo
oooooooooooooooxoooxooooooooooooooooooooooooooooooooooooooxoooooooxoooooooxooooo
[Info]Clusters:262(0.67,7.4)	306(0.83,10.0)	428(0.67,6.7)	203(0.77,8.3)	220(0.71,7.6)	93(0.74,8.7)	176(0.78,13.8)	268(0.80,9.5)	294(0.63,6.2)	579(0.58,6.0)	188(0.69,7.2)	230(0.79,8.0)	190(0.87,15.7)	155(0.66,7.2)	139(0.73,9.6)	60(0.84,13.6)	123(0.66,7.1)	128(0.75,9.2)	367(0.69,6.8)	210(0.77,9.8)	56(0.72,8.5)	215(0.63,6.3)	129(0.84,11.7)	101(0.81,12.1)	182(0.67,7.6)	217(0.89,14.7)	113(0.80,13.0)	89(0.66,7.7)	88(0.74,8.1)	189(0.79,9.8)	41(0.57,9.2)	115(0.77,9.5)	14(0.88,15.9)	7(0.85,34.7)	120(0.77,9.4)	36(0.80,14.1)	17(0.80,10.4)	259(0.85,11.3)	111(0.85,16.5)	71(0.63,5.4)	109(0.58,6.3)	52(0.60,9.5)	48(0.80,14.4)	50(0.86,18.8)	69(0.76,11.0)	53(0.82,20.4)	72(0.84,15.4)	56(0.85,24.0)	13(0.65,10.0)	11(0.79,16.8)	68(0.87,16.7)	3(0.91,53.0)	66(0.83,14.0)	6(0.84,60.2)	17(0.63,17.4)	13(0.81,7.8)	134(0.90,25.0)	70(0.91,43.0)	20(0.76,28.9)	7(0.27,12.0)	7(0.71,50.6)	
[Info]61 Clusters are found in total!
[Info]Step 3: likelihood: 1256.4298, Delta_likelihood: 0.010
ooxoooooooxooooooxooooooxooxoooooxoooooooooooooooooooxoxoooooooxooooooxoooooooooooooooooooooxooooooo
oxoooooxoooooooooooooooxoooooooxooooooxooooooxoooooooooooxooooxooo
[Info]Clusters:280(0.68,7.5)	272(0.83,10.3)	386(0.68,7.2)	172(0.77,9.2)	197(0.71,7.2)	75(0.73,9.1)	225(0.79,12.0)	256(0.78,9.7)	309(0.63,6.1)	589(0.57,5.9)	213(0.67,6.1)	215(0.80,7.8)	166(0.87,17.2)	163(0.67,6.8)	166(0.72,9.0)	66(0.84,13.5)	119(0.66,7.0)	108(0.75,10.5)	404(0.68,6.9)	207(0.76,9.7)	59(0.75,9.6)	194(0.63,6.5)	113(0.82,12.5)	101(0.82,12.5)	194(0.68,7.3)	208(0.89,15.7)	108(0.82,13.5)	82(0.66,8.4)	80(0.72,8.0)	188(0.79,10.2)	49(0.56,8.4)	129(0.76,9.3)	19(0.86,12.9)	10(0.81,22.0)	110(0.80,10.6)	27(0.82,15.1)	8(0.82,12.5)	270(0.85,11.1)	131(0.83,16.3)	69(0.67,5.7)	124(0.65,6.9)	75(0.59,8.0)	46(0.82,15.8)	42(0.86,20.3)	78(0.77,9.2)	54(0.82,17.5)	89(0.83,15.1)	68(0.85,18.7)	11(0.69,12.6)	7(0.84,20.7)	53(0.87,18.9)	5(0.91,31.4)	50(0.85,16.2)	11(0.84,35.4)	17(0.64,17.9)	19(0.78,5.8)	123(0.90,26.2)	70(0.91,41.2)	41(0.75,17.9)	4(0.27,17.8)	7(0.70,45.3)	1(0.40,5.0)	1(0.86,14.0)	
[Info]63 Clusters are found in total!
[Info]Step 4: likelihood: 1247.8380, Delta_likelihood: 0.007
oxoooooooxooooooooooooxoooooooxoooooooxooooooxoooooooxoooooooooooooxooooxoooooooooxooooooooxoooooooo
oxoooooooxooooooooooooooxooooooxooooooooooooooooooxooooooooooooooxooooooooooooo
[Info]Accumulating evaluation results during sampling...
[Info]Clusters:329(0.66,7.2)	299(0.83,9.4)	425(0.69,6.8)	159(0.76,8.8)	217(0.72,7.5)	47(0.76,11.2)	185(0.79,13.3)	296(0.79,9.1)	337(0.64,5.7)	530(0.60,6.4)	211(0.67,6.6)	247(0.80,7.7)	147(0.88,18.2)	161(0.67,6.9)	184(0.73,8.9)	49(0.83,16.9)	104(0.64,7.3)	101(0.75,11.0)	422(0.69,6.7)	240(0.77,9.4)	46(0.69,8.7)	148(0.60,6.7)	87(0.83,16.4)	100(0.86,14.7)	212(0.68,6.8)	235(0.88,14.1)	113(0.80,13.3)	55(0.71,11.1)	87(0.71,7.7)	176(0.79,11.0)	45(0.56,8.2)	101(0.76,10.5)	13(0.89,19.2)	7(0.85,28.6)	84(0.79,10.1)	21(0.86,23.6)	6(0.88,13.5)	322(0.84,10.8)	98(0.84,19.3)	70(0.62,5.4)	89(0.64,8.0)	109(0.59,7.1)	37(0.82,21.4)	81(0.83,12.0)	46(0.77,14.1)	49(0.80,15.3)	93(0.82,13.5)	76(0.86,17.8)	17(0.70,9.5)	8(0.83,19.3)	50(0.87,16.8)	10(0.86,18.5)	40(0.81,16.1)	11(0.82,34.2)	16(0.57,15.1)	17(0.78,8.5)	134(0.90,25.3)	69(0.91,42.9)	45(0.75,15.0)	9(0.39,11.2)	10(0.71,35.6)	1(0.67,3.0)	
[Info]62 Clusters are found in total!
[Info]Step 5: likelihood: 1245.7949, Delta_likelihood: 0.002
oxooooooxooooooooooooxoxoooooooooooxoxoooooxoooooooooooooooooxooooooooooooooooooooooooooooooooooooxo
oooooxooooooxoooooooooooooooooooooxoooooooxoooooooxooooooxoooooooxooo
[Info]Clusters:326(0.67,7.7)	291(0.83,10.0)	416(0.68,6.9)	137(0.75,9.5)	196(0.73,7.8)	58(0.76,10.8)	178(0.80,13.7)	282(0.77,9.3)	337(0.65,6.3)	548(0.58,6.1)	197(0.65,5.7)	266(0.79,7.4)	145(0.89,19.5)	156(0.69,7.4)	198(0.71,8.5)	53(0.81,13.7)	132(0.64,7.0)	91(0.75,10.6)	430(0.68,6.8)	269(0.77,9.1)	43(0.70,8.8)	143(0.59,6.9)	109(0.84,14.2)	73(0.86,17.3)	177(0.68,7.3)	193(0.89,16.1)	132(0.82,12.5)	63(0.68,8.3)	66(0.72,7.6)	189(0.80,10.5)	49(0.58,8.2)	99(0.76,9.4)	9(0.91,32.6)	4(0.86,46.8)	102(0.78,8.4)	34(0.85,16.3)	6(0.80,15.0)	332(0.84,10.3)	121(0.83,15.3)	53(0.72,7.5)	84(0.62,7.5)	108(0.59,7.4)	45(0.81,15.2)	67(0.86,15.4)	48(0.75,13.1)	54(0.80,13.9)	115(0.79,11.4)	65(0.86,21.5)	20(0.74,9.7)	4(0.86,34.3)	38(0.87,22.3)	9(0.87,20.9)	44(0.81,12.6)	19(0.82,23.4)	14(0.53,14.8)	10(0.79,7.8)	157(0.89,23.0)	81(0.91,38.7)	35(0.74,17.2)	5(0.27,16.8)	6(0.70,55.2)	2(0.56,8.0)	
[Info]62 Clusters are found in total!
[Info]Step 6: likelihood: 1256.5612, Delta_likelihood: -0.009
oxoooooooxoooooooooooooxoooooooooooooooooooooxooooooooooxooooooooooooxoooooooooooxoooooooooooooooooo
ooxoooooooooooooooxoooooxooooxooooxoooooooxooooxooooooooooooooooooxooooooxoo
[Info]Clusters:360(0.66,7.0)	330(0.82,8.8)	405(0.68,6.9)	108(0.78,11.7)	219(0.70,7.6)	74(0.76,9.9)	229(0.79,12.1)	258(0.79,9.2)	348(0.66,5.9)	515(0.57,6.3)	186(0.70,6.0)	268(0.78,7.6)	128(0.88,20.1)	173(0.66,6.9)	187(0.70,9.2)	49(0.80,15.8)	116(0.64,7.4)	106(0.73,10.1)	393(0.69,7.0)	254(0.76,8.8)	46(0.70,9.5)	119(0.59,7.2)	81(0.84,15.1)	97(0.85,13.5)	157(0.72,8.9)	199(0.89,16.0)	145(0.83,12.7)	46(0.69,11.5)	56(0.74,7.7)	202(0.80,10.3)	59(0.59,8.7)	114(0.76,9.0)	16(0.89,16.8)	8(0.82,29.3)	110(0.77,8.4)	44(0.83,14.1)	8(0.87,12.6)	314(0.85,10.4)	108(0.84,16.9)	39(0.61,5.9)	69(0.59,7.4)	142(0.61,6.8)	47(0.82,15.8)	63(0.83,14.9)	52(0.79,14.0)	60(0.79,13.8)	116(0.81,11.6)	67(0.84,19.0)	9(0.70,13.6)	7(0.85,23.3)	33(0.87,23.0)	12(0.90,24.6)	41(0.82,14.9)	17(0.80,23.8)	15(0.64,20.5)	10(0.84,13.3)	173(0.89,20.4)	64(0.91,47.5)	32(0.75,19.1)	18(0.43,7.2)	8(0.75,48.8)	3(0.80,3.3)	1(0.71,7.0)	
[Info]63 Clusters are found in total!
[Info]Step 7: likelihood: 1237.7686, Delta_likelihood: 0.015
oxoooooooooooooxoooooooxooooooxooooooxoooooooxooooooooxooooooxooooooxooooooxoooooooooooooooooooooooo
ooooxooooooooooooooxooooooxooooooxoooooooxooooooxooo
[Info]Clusters:338(0.68,7.4)	322(0.82,9.6)	412(0.68,6.9)	107(0.73,9.8)	248(0.71,7.1)	70(0.75,11.4)	201(0.78,12.4)	254(0.79,9.9)	347(0.65,6.1)	507(0.58,6.4)	200(0.70,6.6)	257(0.80,8.1)	157(0.88,17.8)	190(0.67,7.1)	197(0.70,8.4)	63(0.80,13.4)	88(0.62,7.1)	109(0.74,10.3)	399(0.69,6.8)	238(0.77,9.3)	61(0.67,8.0)	107(0.60,7.4)	73(0.85,16.5)	97(0.86,14.8)	157(0.69,8.7)	221(0.88,14.4)	183(0.81,10.5)	65(0.68,9.1)	32(0.76,8.4)	244(0.78,9.5)	43(0.57,8.5)	128(0.76,8.1)	10(0.82,23.3)	5(0.84,40.4)	125(0.78,7.8)	47(0.85,14.5)	4(0.86,19.0)	315(0.84,10.6)	104(0.84,16.7)	21(0.66,6.2)	64(0.63,9.5)	125(0.60,7.3)	61(0.80,14.5)	59(0.85,16.4)	36(0.75,14.3)	52(0.80,16.0)	94(0.82,12.8)	58(0.86,21.7)	7(0.71,12.9)	7(0.86,21.9)	28(0.88,26.3)	11(0.86,18.1)	56(0.81,12.0)	22(0.81,23.2)	15(0.55,14.0)	5(0.82,12.0)	142(0.89,24.7)	68(0.91,42.4)	39(0.76,16.7)	21(0.44,6.7)	11(0.68,30.7)	2(0.60,5.0)	1(0.67,3.0)	1(0.33,6.0)	1(0.58,12.0)	1(0.85,13.0)	
[Info]66 Clusters are found in total!
[Info]Step 8: likelihood: 1243.5908, Delta_likelihood: -0.005
oooxooooooxoooooxoooooooooooooooxoooooxoooooooxooooooooooxoooooooxooooxooooxoooooooooooooooooxoooooo
ooooooooooooooooxoooooooxoooxoooooooooooxooooooxooooooooxooooooooooooooooooxooxooo
[Info]Clusters:394(0.67,7.2)	300(0.83,10.1)	449(0.68,6.9)	118(0.77,10.1)	225(0.73,7.2)	38(0.78,14.1)	225(0.79,11.8)	273(0.79,9.5)	353(0.67,6.1)	539(0.58,6.2)	180(0.70,7.1)	213(0.80,8.5)	169(0.88,16.2)	180(0.65,7.3)	201(0.70,7.5)	80(0.79,10.5)	75(0.65,8.3)	113(0.76,10.4)	405(0.69,7.1)	261(0.76,8.8)	70(0.69,8.8)	121(0.62,7.4)	83(0.84,14.0)	98(0.85,14.0)	163(0.70,8.4)	196(0.89,17.2)	152(0.80,11.2)	63(0.72,10.5)	25(0.75,12.1)	221(0.77,9.1)	48(0.55,7.4)	119(0.76,8.9)	12(0.90,18.3)	7(0.86,28.6)	130(0.79,7.6)	39(0.85,15.9)	2(0.90,34.0)	352(0.83,9.5)	86(0.85,20.5)	16(0.72,10.6)	61(0.59,8.3)	147(0.59,6.9)	45(0.82,17.8)	54(0.84,16.6)	28(0.75,15.8)	49(0.84,16.3)	72(0.82,16.3)	66(0.85,19.4)	10(0.74,9.3)	7(0.86,20.6)	32(0.91,26.9)	8(0.87,23.9)	61(0.82,13.2)	16(0.82,25.2)	12(0.52,17.3)	1(0.67,3.0)	129(0.90,25.7)	78(0.90,37.5)	42(0.74,17.0)	15(0.47,11.3)	3(0.70,101.3)	3(0.75,2.7)	
[Info]62 Clusters are found in total!
[Info]Step 9: likelihood: 1224.1123, Delta_likelihood: 0.016
oooooooooooooooxoooooooxooooooooooooxoooooooooooooxoooooooxooooooooooooooooooxooooooooooooooooxooooo
oooxooooooooooooooooooxoooooooxoooooooooooooooxoooxooooo
[Info]Accumulating evaluation results during sampling...
[Info]Clusters:414(0.66,6.9)	292(0.83,10.5)	445(0.69,6.8)	111(0.77,10.3)	228(0.71,7.5)	40(0.80,12.5)	227(0.79,12.0)	282(0.79,9.9)	297(0.65,6.3)	530(0.60,6.2)	212(0.71,6.0)	186(0.81,8.8)	157(0.88,17.2)	183(0.66,6.9)	201(0.71,8.7)	62(0.81,13.1)	80(0.62,7.2)	121(0.73,9.6)	466(0.68,6.6)	265(0.76,8.6)	94(0.68,7.8)	141(0.61,6.8)	75(0.82,14.5)	105(0.86,14.6)	173(0.69,7.7)	236(0.88,15.1)	137(0.80,11.3)	46(0.69,10.3)	29(0.76,12.3)	199(0.78,9.7)	59(0.55,8.7)	120(0.77,9.5)	16(0.86,16.0)	6(0.83,33.0)	132(0.80,8.2)	23(0.90,25.7)	2(0.90,34.0)	302(0.85,10.6)	84(0.85,21.2)	13(0.78,9.3)	73(0.59,7.6)	158(0.57,6.9)	43(0.82,16.5)	42(0.87,24.1)	25(0.77,19.6)	33(0.82,17.2)	70(0.83,15.6)	55(0.85,21.6)	9(0.80,15.7)	11(0.83,17.0)	33(0.88,23.4)	13(0.89,17.6)	47(0.83,14.0)	13(0.83,31.7)	5(0.50,33.6)	2(0.88,8.0)	157(0.89,21.0)	105(0.90,30.0)	32(0.74,19.8)	11(0.46,10.2)	3(0.69,100.7)	2(0.85,24.0)	
[Info]62 Clusters are found in total!
[Info]Step 10: likelihood: 1228.4383, Delta_likelihood: -0.004
oooooooooooooooxoooxoooooxoooooooooxooooxoooooooooooxoooooooooooooxoooooooooooooxooooxooooxooooooooo
xooooooooooooooooooooooooxooooooxooooooooooooooxoooooooxoooooooxooooooxooo
[Info]Clusters:427(0.66,7.0)	296(0.85,11.3)	444(0.68,6.6)	107(0.76,9.9)	219(0.71,7.4)	23(0.82,16.7)	199(0.81,14.0)	318(0.80,9.2)	307(0.65,5.9)	581(0.60,6.1)	207(0.69,6.3)	155(0.81,9.5)	167(0.88,16.6)	220(0.65,6.8)	222(0.72,8.5)	63(0.83,14.7)	67(0.68,8.9)	137(0.73,9.2)	439(0.66,6.8)	255(0.76,8.7)	79(0.67,7.0)	105(0.60,8.2)	90(0.80,13.7)	117(0.83,12.3)	161(0.68,8.3)	256(0.87,14.0)	185(0.81,10.8)	34(0.66,10.4)	12(0.75,18.0)	177(0.77,10.0)	61(0.60,8.2)	151(0.74,8.4)	16(0.90,20.9)	2(0.86,91.0)	122(0.80,8.2)	13(0.89,30.6)	5(0.85,16.4)	299(0.84,10.4)	85(0.85,20.6)	8(0.62,4.3)	63(0.61,8.4)	178(0.61,6.5)	44(0.80,16.7)	34(0.87,25.7)	25(0.74,17.6)	27(0.83,21.1)	70(0.83,15.2)	59(0.86,20.9)	3(0.77,24.7)	11(0.87,19.1)	40(0.88,19.8)	4(0.69,76.3)	46(0.83,13.7)	9(0.83,41.4)	13(0.56,16.6)	5(0.77,12.8)	161(0.88,21.3)	90(0.91,35.3)	13(0.76,41.1)	7(0.31,13.4)	
[Info]60 Clusters are found in total!
[Info]Step 11: likelihood: 1223.4529, Delta_likelihood: 0.004
oooooooooooooooooooooooxooooooxooooooooxooooooooxoooooooooooxoooxoooooooooxoooooooooooooooooooxooooo
oooooooooooooooooooooooxooooooooooooooooooooooooooooooxooooooooooooxoooooo
[Info]Clusters:463(0.66,6.8)	296(0.84,10.2)	423(0.69,7.0)	99(0.76,10.1)	185(0.72,8.1)	20(0.80,13.5)	246(0.79,11.5)	287(0.79,9.8)	334(0.65,6.2)	572(0.59,6.1)	161(0.70,6.5)	157(0.81,9.1)	186(0.86,15.9)	201(0.66,6.8)	195(0.72,8.7)	68(0.83,12.9)	47(0.61,9.2)	113(0.75,10.8)	454(0.66,6.5)	290(0.76,8.3)	68(0.71,7.9)	103(0.62,8.2)	107(0.82,12.0)	144(0.83,11.5)	177(0.66,7.7)	230(0.88,15.6)	171(0.81,11.5)	42(0.73,11.1)	14(0.77,13.5)	197(0.77,10.7)	54(0.57,8.6)	149(0.74,8.5)	12(0.90,27.0)	3(0.86,61.7)	129(0.80,7.9)	18(0.89,22.6)	5(0.85,16.0)	286(0.85,11.0)	72(0.86,24.3)	3(0.67,4.0)	60(0.60,9.0)	176(0.61,6.3)	28(0.79,19.4)	32(0.87,23.4)	26(0.76,18.7)	32(0.83,18.4)	66(0.83,15.8)	78(0.84,18.1)	16(0.82,15.4)	5(0.87,26.0)	32(0.87,24.5)	3(0.69,100.7)	33(0.82,14.9)	22(0.83,21.8)	20(0.60,14.2)	2(0.29,3.5)	196(0.88,18.9)	112(0.90,28.6)	10(0.75,49.9)	3(0.25,23.0)	
[Info]60 Clusters are found in total!
[Info]Step 12: likelihood: 1224.7217, Delta_likelihood: -0.001
ooooooooooooooooooooxoooooooxooooooooooooooooooxooooooooxoooooooxoooxooooooooooxoooxooooooxoooooooxo
ooooooooooooxooooooooooooooxooooooxooooxooooooooooxoooooooo
[Info]Clusters:437(0.67,6.8)	327(0.84,9.7)	460(0.69,6.4)	86(0.76,10.3)	193(0.70,7.8)	12(0.79,19.8)	230(0.79,12.8)	262(0.79,10.1)	354(0.64,6.1)	557(0.58,6.3)	194(0.71,6.7)	154(0.82,9.2)	179(0.88,15.9)	205(0.66,6.4)	208(0.72,8.6)	61(0.81,13.0)	52(0.68,10.1)	97(0.76,11.6)	388(0.68,7.0)	279(0.74,8.4)	47(0.72,10.2)	100(0.64,7.5)	108(0.82,13.2)	150(0.81,11.7)	176(0.69,7.8)	250(0.88,14.2)	141(0.78,10.6)	48(0.68,8.8)	23(0.79,9.6)	196(0.76,9.1)	70(0.57,8.0)	170(0.73,8.2)	23(0.90,16.1)	8(0.85,25.1)	103(0.81,9.0)	24(0.85,16.4)	7(0.87,13.1)	291(0.85,12.0)	72(0.86,24.6)	1(0.60,5.0)	71(0.67,9.1)	194(0.60,6.1)	25(0.82,22.6)	32(0.85,23.5)	25(0.75,18.7)	21(0.85,23.6)	77(0.83,15.3)	73(0.84,19.9)	23(0.79,10.7)	5(0.87,24.4)	28(0.88,26.0)	3(0.69,100.3)	42(0.83,16.2)	28(0.81,18.6)	22(0.64,13.2)	2(0.71,3.5)	183(0.88,20.0)	113(0.90,29.0)	8(0.75,60.9)	13(0.38,8.8)	2(0.86,10.5)	
[Info]61 Clusters are found in total!
[Info]Step 13: likelihood: 1219.1430, Delta_likelihood: 0.005
ooxoooooooooooooxooooooxoooooooooooooooooooxooooooooooooooooxooooooooxooooooxooooooxoooooooooooooxoo
ooooxoooxoooooxoooooooooooooooooooooooxoooooooooooooooooooooooxoooo
[Info]Clusters:466(0.66,6.6)	321(0.82,9.4)	439(0.68,6.2)	82(0.78,11.3)	198(0.72,8.2)	14(0.81,19.3)	214(0.81,13.7)	269(0.81,9.0)	354(0.64,6.0)	570(0.59,6.2)	196(0.73,7.3)	152(0.82,9.5)	170(0.88,17.3)	202(0.64,6.8)	188(0.74,9.0)	51(0.83,15.0)	36(0.74,13.3)	91(0.75,11.6)	390(0.69,7.2)	280(0.74,8.9)	51(0.66,7.8)	106(0.59,6.8)	103(0.81,12.3)	188(0.84,10.8)	198(0.69,7.4)	252(0.88,14.3)	144(0.80,11.0)	45(0.74,10.4)	19(0.75,11.1)	187(0.76,9.2)	79(0.55,7.6)	163(0.74,9.4)	19(0.88,17.7)	9(0.83,27.3)	73(0.81,10.8)	22(0.85,16.9)	4(0.88,18.5)	258(0.84,12.4)	64(0.86,25.0)	14(0.40,8.8)	96(0.61,7.2)	203(0.59,5.8)	35(0.79,18.5)	36(0.86,22.5)	49(0.79,14.4)	16(0.82,26.0)	83(0.83,14.1)	92(0.85,18.0)	25(0.75,11.1)	4(0.86,31.3)	29(0.89,28.1)	6(0.69,55.0)	47(0.80,12.9)	16(0.83,26.6)	17(0.56,13.4)	6(0.76,80.0)	167(0.89,20.9)	125(0.90,26.5)	
[Info]58 Clusters are found in total!
[Info]Step 14: likelihood: 1212.1630, Delta_likelihood: 0.006
oxoooooooooooooxoooooooxoooooooxoooooxoooooooxooooooxooxoooooxooooooooooooxooooxoooooooooxooooooxooo
oooooxoooooxooooooooooooxooooooooooooooxoooxooooooooxoooooooooooooxooooooooooooooooooooooo
[Info]Accumulating evaluation results during sampling...
[Info]Clusters:481(0.66,6.8)	293(0.83,9.7)	436(0.68,6.5)	64(0.79,13.4)	200(0.69,7.7)	9(0.86,25.4)	207(0.81,13.3)	304(0.79,9.0)	338(0.65,6.3)	526(0.58,6.2)	194(0.72,7.2)	153(0.82,9.0)	185(0.87,16.3)	184(0.67,7.0)	181(0.76,8.8)	43(0.80,13.6)	28(0.74,14.1)	92(0.78,12.5)	422(0.67,6.8)	285(0.76,9.1)	35(0.68,8.9)	99(0.65,8.8)	105(0.82,12.6)	128(0.86,13.7)	226(0.68,7.4)	252(0.88,14.2)	170(0.81,10.9)	41(0.72,10.9)	18(0.74,10.8)	208(0.75,8.4)	67(0.59,7.4)	151(0.72,8.9)	12(0.91,23.0)	5(0.85,38.0)	89(0.79,9.4)	17(0.85,19.5)	3(0.89,23.7)	308(0.84,10.8)	65(0.85,25.4)	20(0.50,8.5)	106(0.60,7.1)	245(0.60,6.1)	43(0.81,17.2)	43(0.85,19.4)	52(0.79,13.6)	20(0.84,23.0)	67(0.83,16.1)	79(0.85,17.4)	24(0.71,8.7)	18(0.87,17.4)	33(0.88,22.5)	7(0.69,45.9)	33(0.82,16.8)	11(0.83,35.8)	23(0.60,12.7)	13(0.75,40.5)	151(0.89,23.4)	120(0.90,27.6)	1(0.67,3.0)	
[Info]59 Clusters are found in total!
[Info]Step 15: likelihood: 1221.7587, Delta_likelihood: -0.008
oxoooooooooooooxooooooxooooooooxooooooooooxooooooooooooxoooooooooooooooxoooooxooooooooooooooxooooooo
oooxoooxoooooooooooooxoooooooooooxoooooooooxooooooooooooooooooxooooooo
[Info]Clusters:437(0.67,6.9)	233(0.82,9.9)	433(0.69,6.6)	73(0.79,12.8)	208(0.71,7.7)	5(0.90,52.6)	228(0.79,12.1)	302(0.79,8.5)	331(0.66,6.5)	510(0.58,6.3)	203(0.70,6.7)	167(0.82,9.1)	181(0.88,16.3)	187(0.64,6.5)	156(0.74,9.3)	45(0.80,11.8)	26(0.72,14.4)	113(0.78,11.1)	405(0.67,6.7)	310(0.74,8.7)	50(0.68,9.2)	97(0.60,8.8)	112(0.81,12.1)	120(0.86,14.7)	207(0.68,7.4)	243(0.88,13.9)	174(0.81,10.5)	43(0.73,10.3)	23(0.76,10.0)	239(0.76,8.6)	69(0.58,7.8)	180(0.74,8.7)	15(0.89,14.6)	4(0.85,47.0)	95(0.81,10.6)	22(0.85,17.1)	4(0.87,21.3)	291(0.84,11.3)	87(0.86,19.2)	31(0.58,6.9)	88(0.66,8.2)	262(0.59,6.1)	37(0.82,19.4)	44(0.86,19.7)	36(0.75,16.6)	14(0.84,33.1)	45(0.83,20.2)	68(0.86,20.8)	8(0.76,11.6)	19(0.83,10.3)	42(0.87,18.6)	12(0.70,30.3)	49(0.80,14.5)	21(0.84,22.6)	16(0.64,18.8)	18(0.78,37.2)	190(0.88,20.3)	103(0.91,31.5)	2(0.85,20.0)	
[Info]59 Clusters are found in total!
[Info]Step 16: likelihood: 1215.9447, Delta_likelihood: 0.005
ooooooooooooooooooooxoooooooooooooxooooooooooxoooxooooooxooooxooooooooooooooxoooooooooxoooooooxooooo
oxoooooooxoooooooooooooxoooooooooooooooooooxooooooxooooooooooooooo
[Info]Clusters:455(0.67,7.0)	216(0.84,10.7)	453(0.67,6.8)	70(0.76,11.4)	216(0.72,7.8)	6(0.86,32.8)	219(0.79,12.2)	267(0.81,9.8)	335(0.65,6.5)	531(0.58,6.2)	204(0.67,6.0)	188(0.82,8.5)	169(0.88,16.9)	196(0.65,6.9)	157(0.75,9.0)	26(0.81,15.8)	28(0.62,10.3)	111(0.79,12.2)	414(0.66,6.4)	276(0.76,9.1)	60(0.71,9.6)	109(0.64,8.2)	106(0.82,12.4)	129(0.85,13.6)	164(0.69,8.3)	239(0.88,14.5)	176(0.81,11.2)	42(0.69,9.2)	24(0.80,12.8)	220(0.78,9.7)	42(0.59,8.2)	152(0.72,8.7)	11(0.90,20.8)	3(0.85,61.7)	87(0.79,9.0)	45(0.80,10.4)	10(0.84,16.3)	320(0.84,10.2)	79(0.86,21.9)	15(0.40,9.7)	99(0.63,7.5)	249(0.60,6.8)	51(0.81,18.4)	59(0.85,15.0)	28(0.77,18.4)	23(0.79,20.1)	77(0.83,14.6)	100(0.84,15.2)	8(0.81,17.9)	24(0.84,8.9)	51(0.87,18.2)	14(0.70,24.9)	53(0.81,12.3)	21(0.83,23.0)	13(0.55,16.7)	21(0.75,26.6)	175(0.89,20.8)	96(0.90,33.1)	1(0.67,3.0)	
[Info]59 Clusters are found in total!
[Info]Step 17: likelihood: 1221.7550, Delta_likelihood: -0.005
oxoooooooxooooooooooooooxoooooooooooooooooooxoooooooxoooxoooooooooooooxoooooooooooooooxooxoooooooooo
ooxoooooooxooooooxoooooooxoooooooooooooxoooooooxooooooxoooooooxooo
[Info]Clusters:436(0.67,7.0)	249(0.83,10.0)	433(0.67,6.7)	72(0.77,12.3)	200(0.70,7.9)	2(0.89,90.0)	226(0.80,11.9)	280(0.80,9.4)	358(0.65,6.4)	577(0.60,6.0)	185(0.69,6.0)	182(0.83,8.1)	152(0.88,18.5)	186(0.65,7.3)	138(0.73,9.7)	21(0.86,18.9)	37(0.64,9.1)	108(0.76,11.8)	412(0.67,6.6)	291(0.75,9.1)	37(0.68,8.0)	98(0.63,8.4)	110(0.81,11.7)	139(0.85,13.4)	174(0.68,8.1)	288(0.87,13.1)	177(0.81,12.1)	20(0.67,12.7)	36(0.76,10.6)	234(0.78,10.4)	43(0.55,9.3)	162(0.74,8.7)	13(0.90,23.5)	3(0.85,63.0)	72(0.81,9.5)	27(0.80,14.8)	16(0.77,7.8)	285(0.84,10.8)	70(0.86,24.4)	23(0.45,7.0)	91(0.65,7.7)	249(0.60,6.7)	36(0.84,20.2)	69(0.83,14.5)	20(0.75,22.9)	32(0.82,15.8)	74(0.82,15.3)	108(0.84,15.5)	6(0.72,12.5)	12(0.85,14.0)	52(0.86,17.6)	23(0.69,16.3)	74(0.80,10.7)	17(0.81,24.1)	23(0.61,12.5)	14(0.76,36.0)	150(0.89,23.5)	110(0.90,28.8)	1(1.00,3.0)	
[Info]59 Clusters are found in total!
[Info]Step 18: likelihood: 1210.3043, Delta_likelihood: 0.009
ooooooooxooooooxooooooxooooooxoooooooxooooooxooooooooooooooxooooooxooooooxooooooooooooooooooooxooooo
oooooooooooxooooxooooooooooooooooxooooxoooooooxoooooxooooooxoooooooooooooxooooxoooooooo
[Info]Clusters:400(0.66,7.3)	229(0.85,10.7)	447(0.68,6.6)	57(0.75,12.3)	205(0.72,7.5)	8(0.89,27.5)	227(0.79,11.9)	289(0.81,9.7)	362(0.66,6.4)	588(0.60,6.3)	180(0.66,5.7)	188(0.83,8.0)	147(0.88,18.8)	218(0.64,6.9)	124(0.74,9.5)	35(0.84,14.3)	39(0.66,8.8)	138(0.77,9.9)	416(0.66,6.6)	304(0.76,9.2)	41(0.68,9.3)	97(0.66,9.1)	103(0.80,12.8)	111(0.87,15.1)	177(0.70,7.9)	290(0.86,13.1)	154(0.80,11.2)	11(0.67,23.5)	40(0.75,9.6)	212(0.77,10.0)	57(0.59,8.4)	166(0.74,8.7)	16(0.88,23.6)	9(0.83,24.8)	71(0.81,9.8)	32(0.83,12.8)	16(0.81,10.3)	293(0.83,11.0)	74(0.86,22.9)	23(0.52,8.5)	118(0.67,7.4)	273(0.61,6.4)	26(0.82,23.1)	59(0.83,17.6)	23(0.78,22.1)	31(0.83,16.1)	93(0.83,14.7)	122(0.84,14.7)	5(0.77,13.8)	14(0.84,15.4)	46(0.87,16.3)	21(0.72,20.0)	43(0.82,14.2)	6(0.84,59.7)	17(0.53,13.0)	14(0.75,36.9)	126(0.89,26.1)	102(0.90,30.0)	
[Info]58 Clusters are found in total!
[Info]Step 19: likelihood: 1214.7426, Delta_likelihood: -0.004
[Info]Accumulating evaluation results during sampling...
MTCLinAdaptWithDP[dim:801,supDim:3072,M:6,alpha:1.0000,#Iter:20,N1(0.000,0.230),N2(1.000,0.100)]
Micro confusion matrix:
	0	1
0	10742	3002
1	3559	44343
Micro F1:
Class 0	0.7661	Class 1	0.9311	
Macro F1:
Class 0	0.7386	Class 1	0.8909	
[Info]Clusters:400(0.66,7.3)	229(0.85,10.7)	447(0.68,6.6)	57(0.75,12.3)	205(0.72,7.5)	8(0.89,27.5)	227(0.79,11.9)	289(0.81,9.7)	362(0.66,6.4)	588(0.60,6.3)	180(0.66,5.7)	188(0.83,8.0)	147(0.88,18.8)	218(0.64,6.9)	124(0.74,9.5)	35(0.84,14.3)	39(0.66,8.8)	138(0.77,9.9)	416(0.66,6.6)	304(0.76,9.2)	41(0.68,9.3)	97(0.66,9.1)	103(0.80,12.8)	111(0.87,15.1)	177(0.70,7.9)	290(0.86,13.1)	154(0.80,11.2)	11(0.67,23.5)	40(0.75,9.6)	212(0.77,10.0)	57(0.59,8.4)	166(0.74,8.7)	16(0.88,23.6)	9(0.83,24.8)	71(0.81,9.8)	32(0.83,12.8)	16(0.81,10.3)	293(0.83,11.0)	74(0.86,22.9)	23(0.52,8.5)	118(0.67,7.4)	273(0.61,6.4)	26(0.82,23.1)	59(0.83,17.6)	23(0.78,22.1)	31(0.83,16.1)	93(0.83,14.7)	122(0.84,14.7)	5(0.77,13.8)	14(0.84,15.4)	46(0.87,16.3)	21(0.72,20.0)	43(0.82,14.2)	6(0.84,59.7)	17(0.53,13.0)	14(0.75,36.9)	126(0.89,26.1)	102(0.90,30.0)	
[Info]58 Clusters are found in total!
[Oracle]test user size: 4000, nu of rvw for cluster assignment: 1[Info]Training size: 0, adaptation size: 78811, and testing size: 61646
[Info]Feature group size 801
[Info]Training size: 0, adaptation size: 78811, and testing size: 61646
MTCLinAdaptWithDP[dim:801,supDim:3072,M:6,alpha:1.0000,#Iter:20,N1(0.000,0.230),N2(1.000,0.100)]
oxooxoxoxoooxooxoooxooooxooxooooxooxooxooxoooxoxoxoxxoLBFGS fails!!!!
Line search failed. See documentation of routine mcsrch. Error return of line search: info = 3 Possible causes: function or gradient are incorrect, or incorrect tolerances. (iflag == -1)
	at LBFGS.LBFGS.lbfgs(LBFGS.java:458)
	at Classifier.supervised.modelAdaptation.DirichletProcess.CLRWithDP.calculate_M_step(CLRWithDP.java:337)
	at Classifier.supervised.modelAdaptation.DirichletProcess.CLRWithDP.train(CLRWithDP.java:362)
	at mains.MyIsoTestMain.main(MyIsoTestMain.java:71)
oxoxoxoxxoxoxoxoxxoxxoxoxoxxoxoxoxxoxxoxoxoxxoxoooxLBFGS fails!!!!
Line search failed. See documentation of routine mcsrch. Error return of line search: info = 3 Possible causes: function or gradient are incorrect, or incorrect tolerances. (iflag == -1)
	at LBFGS.LBFGS.lbfgs(LBFGS.java:458)
	at Classifier.supervised.modelAdaptation.DirichletProcess.CLRWithDP.calculate_M_step(CLRWithDP.java:337)
	at Classifier.supervised.modelAdaptation.DirichletProcess.CLRWithDP.train(CLRWithDP.java:362)
	at mains.MyIsoTestMain.main(MyIsoTestMain.java:71)
oxoxoxoxxoxxoxxoxxoxxoxxoxxoxxoxxoxxoxxoxxoxxoxxoxxLBFGS fails!!!!
Line search failed. See documentation of routine mcsrch. Error return of line search: info = 3 Possible causes: function or gradient are incorrect, or incorrect tolerances. (iflag == -1)
	at LBFGS.LBFGS.lbfgs(LBFGS.java:458)
	at Classifier.supervised.modelAdaptation.DirichletProcess.CLRWithDP.calculate_M_step(CLRWithDP.java:337)
	at Classifier.supervised.modelAdaptation.DirichletProcess.CLRWithDP.train(CLRWithDP.java:362)
	at mains.MyIsoTestMain.main(MyIsoTestMain.java:71)
oxoxoxoxoxoxxoxoxxoxxoxxoxxoxxoxxoxxoxxoxxoxxoxxoxxLBFGS fails!!!!
Line search failed. See documentation of routine mcsrch. Error return of line search: info = 3 Possible causes: function or gradient are incorrect, or incorrect tolerances. (iflag == -1)
	at LBFGS.LBFGS.lbfgs(LBFGS.java:458)
	at Classifier.supervised.modelAdaptation.DirichletProcess.CLRWithDP.calculate_M_step(CLRWithDP.java:337)
	at Classifier.supervised.modelAdaptation.DirichletProcess.CLRWithDP.train(CLRWithDP.java:362)
	at mains.MyIsoTestMain.main(MyIsoTestMain.java:71)
oxoxooxoxoxoxxoxxoxxoxxoxxoxxoxxoxxoxxoxxoxxoxxoxxoLBFGS fails!!!!
Line search failed. See documentation of routine mcsrch. Error return of line search: info = 3 Possible causes: function or gradient are incorrect, or incorrect tolerances. (iflag == -1)
	at LBFGS.LBFGS.lbfgs(LBFGS.java:458)
	at Classifier.supervised.modelAdaptation.DirichletProcess.CLRWithDP.calculate_M_step(CLRWithDP.java:337)
	at Classifier.supervised.modelAdaptation.DirichletProcess.CLRWithDP.train(CLRWithDP.java:362)
	at mains.MyIsoTestMain.main(MyIsoTestMain.java:71)
oxoxoxoxoxxooxxoxxoxxoxxxxxoxxoxxxxxxxxoxxxxxxxxxxxLBFGS fails!!!!
Line search failed. See documentation of routine mcsrch. Error return of line search: info = 3 Possible causes: function or gradient are incorrect, or incorrect tolerances. (iflag == -1)
	at LBFGS.LBFGS.lbfgs(LBFGS.java:458)
	at Classifier.supervised.modelAdaptation.DirichletProcess.CLRWithDP.calculate_M_step(CLRWithDP.java:337)
	at Classifier.supervised.modelAdaptation.DirichletProcess.CLRWithDP.train(CLRWithDP.java:371)
	at mains.MyIsoTestMain.main(MyIsoTestMain.java:71)
[Info]Accumulating evaluation results during sampling...
[Info]Clusters:710(0.66,2.6)	412(0.78,3.5)	33(0.84,9.3)	607(0.72,2.9)	489(0.69,2.7)	340(0.81,4.5)	953(0.66,2.4)	313(0.79,3.0)	410(0.63,2.6)	314(0.67,3.9)	166(0.84,7.1)	348(0.72,2.5)	342(0.73,3.6)	238(0.67,3.1)	156(0.89,18.4)	108(0.72,4.2)	79(0.64,3.9)	225(0.66,3.0)	224(0.65,5.0)	223(0.77,5.3)	453(0.73,2.3)	298(0.79,3.5)	320(0.68,2.9)	913(0.59,3.0)	28(0.83,13.9)	176(0.89,12.7)	92(0.86,9.4)	52(0.77,8.5)	47(0.73,8.8)	741(0.84,3.2)	312(0.80,3.8)	74(0.73,4.5)	201(0.78,5.8)	35(0.78,6.8)	43(0.80,5.4)	506(0.85,3.8)	450(0.84,4.5)	226(0.72,4.6)	473(0.84,4.0)	55(0.90,16.1)	167(0.59,5.1)	213(0.88,8.9)	239(0.68,3.4)	117(0.77,4.4)	45(0.83,20.8)	126(0.64,6.9)	205(0.86,9.2)	80(0.70,2.7)	18(0.86,18.7)	43(0.85,13.8)	85(0.87,10.2)	231(0.66,4.3)	65(0.76,7.5)	45(0.68,7.4)	412(0.81,5.5)	51(0.74,8.5)	15(0.92,50.3)	239(0.66,4.9)	12(0.82,21.6)	197(0.74,7.3)	30(0.84,29.1)	27(0.59,7.6)	28(0.86,25.0)	39(0.89,33.4)	9(0.84,32.4)	5(0.82,40.2)	17(0.52,10.1)	5(0.81,88.8)	38(0.52,8.8)	1(0.33,9.0)	12(0.64,18.4)	16(0.89,40.8)	46(0.89,35.8)	4(0.81,29.8)	8(0.56,4.3)	12(0.87,29.5)	27(0.88,25.6)	14(0.88,30.6)	5(0.74,39.0)	21(0.65,14.2)	3(0.85,54.3)	40(0.67,9.3)	23(0.52,7.8)	22(0.69,12.4)	6(0.77,13.2)	147(0.53,6.4)	17(0.81,15.5)	1(0.91,35.0)	14(0.82,15.2)	3(0.80,45.0)	15(0.89,19.9)	4(0.84,17.0)	1(0.33,3.0)	2(0.78,54.5)	4(0.90,121.5)	8(0.63,17.9)	1(0.86,21.0)	1(0.92,148.0)	
[Info]98 Clusters are found in total!
[Info]Step 0: likelihood: 42779.3627, Delta_likelihood: -1.000
oxoxoxxoxxoxoxxoxxoxxxxxxxxxxxoxxoxxoxxoxxxxxxxxoxxLBFGS fails!!!!
Line search failed. See documentation of routine mcsrch. Error return of line search: info = 3 Possible causes: function or gradient are incorrect, or incorrect tolerances. (iflag == -1)
	at LBFGS.LBFGS.lbfgs(LBFGS.java:458)
	at Classifier.supervised.modelAdaptation.DirichletProcess.CLRWithDP.calculate_M_step(CLRWithDP.java:337)
	at Classifier.supervised.modelAdaptation.DirichletProcess.CLRWithDP.train(CLRWithDP.java:371)
	at mains.MyIsoTestMain.main(MyIsoTestMain.java:71)
[Info]Clusters:704(0.66,2.9)	398(0.79,3.5)	24(0.86,10.4)	627(0.71,2.9)	486(0.69,2.5)	344(0.82,4.9)	911(0.65,2.0)	349(0.77,2.9)	406(0.65,3.0)	324(0.63,4.0)	135(0.84,6.7)	357(0.74,3.0)	340(0.75,3.7)	242(0.67,2.9)	158(0.88,16.5)	97(0.78,6.9)	79(0.70,3.8)	239(0.72,3.4)	227(0.66,4.9)	229(0.75,5.0)	438(0.75,2.4)	292(0.80,3.8)	309(0.66,2.7)	927(0.58,3.0)	30(0.77,13.1)	163(0.89,12.8)	83(0.85,6.4)	54(0.71,8.0)	39(0.67,7.5)	758(0.84,3.3)	300(0.80,3.7)	77(0.69,5.0)	216(0.79,6.2)	32(0.72,4.3)	54(0.75,4.8)	548(0.83,3.7)	435(0.84,4.1)	243(0.73,4.6)	490(0.83,4.0)	62(0.89,15.6)	147(0.65,5.3)	201(0.88,8.8)	219(0.68,3.2)	117(0.78,4.5)	35(0.81,22.1)	99(0.56,5.5)	199(0.85,9.3)	81(0.69,3.0)	19(0.88,17.8)	50(0.86,13.3)	76(0.83,10.4)	202(0.72,3.9)	58(0.83,9.9)	59(0.66,9.1)	406(0.80,5.2)	42(0.73,6.8)	20(0.91,40.1)	242(0.67,4.8)	12(0.83,23.4)	221(0.73,7.2)	31(0.83,29.6)	29(0.68,9.4)	21(0.88,19.7)	31(0.89,37.7)	16(0.81,30.8)	7(0.87,66.0)	20(0.64,8.6)	5(0.81,91.6)	38(0.58,8.9)	5(0.89,51.0)	14(0.49,14.4)	11(0.90,61.6)	37(0.89,40.1)	6(0.82,27.2)	1(0.50,4.0)	8(0.90,52.1)	28(0.88,22.9)	22(0.89,43.5)	3(0.73,61.0)	24(0.65,11.2)	4(0.86,39.8)	37(0.66,7.0)	16(0.58,4.8)	15(0.69,17.8)	7(0.75,12.4)	183(0.54,5.6)	22(0.81,10.5)	1(0.91,56.0)	19(0.80,17.9)	6(0.74,21.7)	14(0.80,11.9)	7(0.87,20.1)	3(0.91,72.7)	9(0.83,23.6)	13(0.88,46.5)	19(0.70,16.2)	1(0.23,22.0)	2(0.60,24.0)	
[Info]98 Clusters are found in total!
[Info]Step 1: likelihood: 42703.9107, Delta_likelihood: 0.002
oxoxoxoxoxxoxxoxxoxxoxxoxxoxxoxxoxxoxxoxxoxxoxxoxxoLBFGS fails!!!!
Line search failed. See documentation of routine mcsrch. Error return of line search: info = 3 Possible causes: function or gradient are incorrect, or incorrect tolerances. (iflag == -1)
	at LBFGS.LBFGS.lbfgs(LBFGS.java:458)
	at Classifier.supervised.modelAdaptation.DirichletProcess.CLRWithDP.calculate_M_step(CLRWithDP.java:337)
	at Classifier.supervised.modelAdaptation.DirichletProcess.CLRWithDP.train(CLRWithDP.java:371)
	at mains.MyIsoTestMain.main(MyIsoTestMain.java:71)
[Info]Clusters:674(0.65,2.6)	382(0.77,3.4)	31(0.86,12.4)	642(0.73,2.9)	501(0.73,2.7)	328(0.81,4.5)	920(0.64,2.1)	345(0.72,3.1)	455(0.65,3.3)	334(0.66,4.0)	140(0.85,7.7)	368(0.71,2.9)	344(0.75,3.5)	238(0.68,3.5)	142(0.90,16.6)	107(0.78,6.4)	62(0.72,3.5)	257(0.65,3.1)	206(0.65,4.9)	230(0.79,5.6)	437(0.76,2.5)	297(0.76,2.8)	301(0.66,2.5)	930(0.57,3.0)	33(0.80,12.1)	174(0.88,12.0)	83(0.87,7.1)	57(0.76,8.0)	34(0.77,8.0)	725(0.83,3.1)	280(0.81,3.6)	81(0.73,4.6)	203(0.77,6.3)	34(0.83,7.8)	54(0.69,4.2)	577(0.83,4.1)	439(0.85,4.5)	224(0.68,4.0)	475(0.85,4.5)	69(0.89,14.0)	147(0.61,5.5)	203(0.86,10.2)	209(0.68,2.6)	109(0.76,4.7)	41(0.83,20.3)	91(0.61,6.9)	177(0.87,9.6)	74(0.68,3.0)	19(0.88,15.2)	49(0.83,14.3)	78(0.85,11.3)	221(0.65,4.1)	65(0.80,6.2)	57(0.67,7.5)	403(0.81,5.6)	38(0.83,10.5)	18(0.92,39.3)	241(0.65,4.2)	19(0.79,21.2)	232(0.74,6.5)	28(0.84,29.3)	36(0.65,7.6)	12(0.88,45.8)	30(0.89,41.5)	10(0.83,27.7)	6(0.80,29.3)	17(0.54,4.9)	3(0.57,7.0)	27(0.48,7.9)	7(0.89,40.0)	8(0.50,21.6)	12(0.90,54.3)	34(0.89,41.4)	4(0.78,34.5)	1(0.90,20.0)	9(0.86,32.8)	36(0.88,19.1)	23(0.87,19.7)	3(0.74,60.3)	16(0.69,13.0)	1(0.88,128.0)	21(0.60,9.2)	12(0.56,7.3)	10(0.66,16.3)	8(0.77,9.4)	200(0.53,5.9)	26(0.85,15.1)	3(0.87,137.0)	26(0.78,15.2)	10(0.78,14.4)	17(0.77,7.9)	8(0.90,29.9)	3(0.91,75.0)	14(0.78,12.6)	15(0.89,43.1)	23(0.73,16.5)	10(0.64,16.9)	16(0.59,17.6)	2(0.45,5.5)	2(0.78,38.0)	6(0.90,43.5)	3(0.92,42.3)	1(0.88,16.0)	1(0.96,91.0)	2(0.93,52.0)	
[Info]105 Clusters are found in total!
[Info]Step 2: likelihood: 142862.3448, Delta_likelihood: -0.701
oxoxoxoxoxoxxoxxoxxoxxoxxoxxoxxoxxoxxoxxoxxoxxoxxoxLBFGS fails!!!!
Line search failed. See documentation of routine mcsrch. Error return of line search: info = 3 Possible causes: function or gradient are incorrect, or incorrect tolerances. (iflag == -1)
	at LBFGS.LBFGS.lbfgs(LBFGS.java:458)
	at Classifier.supervised.modelAdaptation.DirichletProcess.CLRWithDP.calculate_M_step(CLRWithDP.java:337)
	at Classifier.supervised.modelAdaptation.DirichletProcess.CLRWithDP.train(CLRWithDP.java:371)
	at mains.MyIsoTestMain.main(MyIsoTestMain.java:71)
[Info]Clusters:727(0.67,2.8)	413(0.79,3.3)	20(0.88,13.4)	611(0.69,2.8)	483(0.70,2.5)	334(0.81,4.3)	932(0.65,2.1)	341(0.77,2.8)	423(0.63,2.6)	300(0.66,3.7)	155(0.85,8.3)	350(0.74,2.9)	347(0.74,3.5)	238(0.72,3.7)	132(0.89,20.5)	104(0.77,5.4)	72(0.73,4.4)	237(0.71,3.0)	215(0.63,3.5)	246(0.77,5.8)	464(0.72,2.5)	291(0.80,3.3)	325(0.66,3.1)	907(0.59,3.0)	35(0.81,11.6)	155(0.89,14.1)	89(0.85,8.2)	47(0.78,9.3)	29(0.76,7.9)	706(0.85,3.3)	312(0.79,3.7)	80(0.72,4.3)	191(0.75,5.6)	37(0.71,5.6)	55(0.68,5.6)	545(0.84,4.0)	458(0.85,4.5)	235(0.70,4.4)	480(0.84,3.5)	53(0.89,14.8)	151(0.60,5.8)	201(0.87,8.8)	218(0.67,2.3)	117(0.79,4.7)	47(0.82,17.7)	80(0.60,6.7)	202(0.86,9.2)	73(0.61,2.5)	32(0.81,10.5)	54(0.85,11.9)	81(0.86,11.2)	189(0.70,3.5)	52(0.75,4.3)	47(0.69,9.6)	371(0.78,4.7)	47(0.68,5.9)	16(0.92,42.3)	247(0.64,4.5)	18(0.80,19.1)	210(0.75,6.5)	17(0.83,43.0)	26(0.61,6.2)	17(0.91,21.4)	22(0.90,51.9)	11(0.82,29.3)	5(0.81,39.0)	16(0.52,8.4)	2(0.48,36.5)	36(0.44,6.8)	10(0.87,29.1)	15(0.50,15.1)	15(0.89,42.3)	44(0.88,35.9)	10(0.75,22.2)	5(0.87,55.0)	24(0.78,19.0)	33(0.88,20.9)	24(0.88,38.9)	4(0.74,50.8)	7(0.56,15.4)	2(0.93,61.5)	13(0.71,13.5)	19(0.62,6.1)	10(0.77,13.6)	5(0.78,18.8)	212(0.55,5.8)	12(0.84,18.6)	5(0.90,66.0)	20(0.80,14.0)	1(1.00,2.0)	12(0.79,12.8)	10(0.87,26.0)	7(0.89,43.1)	14(0.79,18.7)	14(0.87,40.9)	30(0.63,12.6)	25(0.67,9.1)	22(0.64,14.8)	5(0.45,8.0)	13(0.77,24.4)	14(0.82,27.9)	10(0.86,16.2)	5(0.67,18.6)	4(0.83,43.5)	8(0.73,69.5)	2(0.44,4.5)	1(0.79,19.0)	1(0.91,34.0)	
[Info]108 Clusters are found in total!
[Info]Step 3: likelihood: 42615.4421, Delta_likelihood: 2.352
oxoxoxooxoxoxxoxxoxxoxxoxxoxxoxxoxxoxxoxxoxxoxxoxxoLBFGS fails!!!!
Line search failed. See documentation of routine mcsrch. Error return of line search: info = 3 Possible causes: function or gradient are incorrect, or incorrect tolerances. (iflag == -1)
	at LBFGS.LBFGS.lbfgs(LBFGS.java:458)
	at Classifier.supervised.modelAdaptation.DirichletProcess.CLRWithDP.calculate_M_step(CLRWithDP.java:337)
	at Classifier.supervised.modelAdaptation.DirichletProcess.CLRWithDP.train(CLRWithDP.java:371)
	at mains.MyIsoTestMain.main(MyIsoTestMain.java:71)
[Info]Clusters:687(0.68,2.6)	399(0.80,3.7)	20(0.87,10.8)	633(0.70,2.7)	485(0.69,2.6)	314(0.84,5.0)	935(0.66,2.1)	347(0.78,3.0)	410(0.65,2.8)	286(0.66,3.9)	132(0.84,6.4)	377(0.73,3.0)	350(0.75,3.7)	248(0.74,3.2)	139(0.88,19.0)	94(0.76,5.9)	69(0.82,4.9)	239(0.68,3.2)	217(0.66,4.1)	255(0.79,5.5)	438(0.74,2.1)	303(0.78,3.2)	295(0.69,2.7)	871(0.56,2.9)	34(0.82,9.9)	181(0.88,10.6)	92(0.85,7.2)	51(0.81,6.7)	34(0.71,9.2)	735(0.85,3.3)	328(0.76,3.6)	78(0.80,6.9)	196(0.77,4.8)	43(0.80,9.3)	63(0.71,6.8)	561(0.81,3.4)	442(0.85,4.2)	226(0.72,4.5)	462(0.84,4.0)	57(0.81,6.6)	129(0.64,6.5)	202(0.86,9.7)	232(0.68,3.0)	107(0.79,4.5)	53(0.83,17.2)	99(0.63,5.8)	199(0.86,8.5)	76(0.69,3.8)	31(0.79,10.0)	49(0.85,13.3)	74(0.86,9.8)	195(0.70,4.4)	59(0.78,6.5)	42(0.72,7.9)	393(0.79,5.1)	45(0.71,6.7)	25(0.89,30.6)	242(0.65,4.5)	18(0.81,21.1)	204(0.73,6.8)	20(0.84,40.3)	28(0.71,9.0)	12(0.89,59.5)	11(0.90,63.0)	13(0.85,25.1)	3(0.79,94.0)	21(0.51,8.1)	1(0.46,67.0)	39(0.50,8.3)	7(0.90,44.3)	9(0.51,20.9)	12(0.89,55.3)	33(0.90,40.3)	10(0.81,18.0)	1(0.70,50.0)	11(0.81,22.7)	24(0.87,28.2)	14(0.90,25.5)	3(0.74,63.0)	25(0.73,13.6)	2(0.90,63.0)	23(0.66,8.8)	17(0.62,8.1)	6(0.77,21.3)	3(0.78,20.0)	241(0.54,5.7)	7(0.87,26.9)	7(0.90,47.7)	11(0.80,23.1)	3(0.88,13.3)	16(0.84,11.8)	12(0.81,9.2)	6(0.89,47.5)	12(0.81,15.8)	12(0.88,46.9)	35(0.64,12.1)	22(0.67,13.4)	28(0.61,12.4)	2(0.60,5.0)	15(0.77,27.6)	19(0.80,18.5)	25(0.90,26.0)	8(0.64,14.4)	7(0.82,27.3)	13(0.74,41.0)	3(0.87,12.7)	3(0.72,12.0)	8(0.55,22.5)	3(0.94,214.0)	
[Info]109 Clusters are found in total!
[Info]Step 4: likelihood: 142414.2657, Delta_likelihood: -0.701
oxoxoxoxoxxoxxoxxoxxoxxoxxoxxoxxoxxoxxoxxoxxoxxoxxoLBFGS fails!!!!
Line search failed. See documentation of routine mcsrch. Error return of line search: info = 3 Possible causes: function or gradient are incorrect, or incorrect tolerances. (iflag == -1)
	at LBFGS.LBFGS.lbfgs(LBFGS.java:458)
	at Classifier.supervised.modelAdaptation.DirichletProcess.CLRWithDP.calculate_M_step(CLRWithDP.java:337)
	at Classifier.supervised.modelAdaptation.DirichletProcess.CLRWithDP.train(CLRWithDP.java:371)
	at mains.MyIsoTestMain.main(MyIsoTestMain.java:71)
[Info]Accumulating evaluation results during sampling...
[Info]Clusters:695(0.68,2.7)	381(0.82,3.8)	16(0.86,11.4)	593(0.70,2.5)	488(0.67,2.3)	330(0.82,4.1)	901(0.66,2.0)	316(0.76,2.8)	427(0.63,3.0)	279(0.65,3.5)	131(0.84,7.1)	371(0.74,3.2)	325(0.74,4.0)	251(0.71,3.5)	138(0.90,15.7)	106(0.78,6.4)	66(0.71,3.9)	236(0.70,3.1)	195(0.67,3.3)	243(0.79,6.0)	442(0.74,2.1)	304(0.78,3.2)	332(0.66,3.0)	904(0.57,2.9)	31(0.83,11.2)	175(0.88,10.7)	91(0.84,7.6)	49(0.78,7.1)	36(0.77,8.1)	712(0.84,3.3)	302(0.82,4.2)	91(0.76,5.4)	213(0.79,5.9)	43(0.80,9.5)	53(0.78,4.9)	542(0.80,2.9)	455(0.85,4.5)	244(0.70,4.2)	465(0.84,3.8)	53(0.87,7.6)	155(0.64,5.5)	192(0.86,9.6)	243(0.62,2.6)	109(0.77,4.4)	42(0.79,15.2)	91(0.60,7.5)	195(0.86,9.6)	83(0.73,3.4)	21(0.84,12.7)	56(0.84,9.4)	87(0.84,9.8)	211(0.72,3.9)	78(0.76,4.6)	49(0.60,6.9)	380(0.80,5.1)	48(0.67,6.6)	19(0.73,10.7)	243(0.61,4.5)	13(0.79,24.8)	192(0.76,6.9)	27(0.84,18.8)	27(0.66,7.4)	12(0.87,47.3)	20(0.89,44.6)	11(0.79,24.9)	3(0.79,94.0)	9(0.52,8.8)	22(0.93,63.7)	30(0.50,8.8)	12(0.84,23.1)	4(0.47,31.8)	10(0.90,61.5)	36(0.90,38.8)	4(0.81,35.5)	9(0.88,65.0)	6(0.86,27.0)	33(0.88,24.2)	11(0.86,19.1)	6(0.73,33.2)	28(0.71,12.6)	10(0.84,19.6)	26(0.68,8.4)	6(0.74,5.8)	12(0.68,16.1)	1(0.61,18.0)	201(0.53,5.5)	17(0.77,10.2)	5(0.92,51.2)	11(0.83,19.3)	5(0.77,20.0)	22(0.84,14.4)	7(0.79,11.1)	6(0.88,46.8)	17(0.79,23.9)	3(0.90,161.0)	23(0.63,11.8)	37(0.65,8.5)	37(0.62,11.8)	3(0.50,4.7)	23(0.80,24.7)	20(0.82,20.8)	23(0.91,19.4)	6(0.66,16.7)	17(0.85,19.1)	11(0.73,49.6)	6(0.90,19.3)	4(0.67,10.5)	43(0.59,10.1)	3(0.86,23.3)	2(0.91,52.0)	5(0.94,136.6)	1(0.33,3.0)	1(0.83,246.0)	
[Info]113 Clusters are found in total!
[Info]Step 5: likelihood: 142511.7245, Delta_likelihood: -0.001
oxoxoxoxxoxoxxoxxoxxoxxoxxoxxoxxoxxoxxoxxoxxoxxoxxoLBFGS fails!!!!
Line search failed. See documentation of routine mcsrch. Error return of line search: info = 3 Possible causes: function or gradient are incorrect, or incorrect tolerances. (iflag == -1)
	at LBFGS.LBFGS.lbfgs(LBFGS.java:458)
	at Classifier.supervised.modelAdaptation.DirichletProcess.CLRWithDP.calculate_M_step(CLRWithDP.java:337)
	at Classifier.supervised.modelAdaptation.DirichletProcess.CLRWithDP.train(CLRWithDP.java:371)
	at mains.MyIsoTestMain.main(MyIsoTestMain.java:71)
[Info]Clusters:678(0.68,2.4)	391(0.80,3.1)	24(0.83,9.2)	608(0.69,2.4)	462(0.74,2.4)	333(0.81,4.5)	906(0.64,2.0)	355(0.76,3.1)	404(0.64,2.6)	311(0.68,4.0)	146(0.79,4.9)	355(0.73,3.0)	339(0.76,3.7)	247(0.71,3.4)	135(0.90,18.3)	114(0.74,5.3)	64(0.79,4.0)	242(0.65,2.9)	200(0.68,3.4)	217(0.76,4.5)	458(0.75,2.4)	311(0.81,3.9)	319(0.65,2.6)	901(0.58,2.8)	29(0.81,12.7)	174(0.88,10.0)	80(0.85,7.1)	41(0.77,7.8)	38(0.74,8.4)	745(0.83,3.1)	310(0.78,3.8)	73(0.81,6.8)	221(0.76,5.0)	40(0.81,9.5)	51(0.77,5.9)	509(0.81,2.9)	460(0.84,4.1)	229(0.70,4.1)	470(0.83,3.7)	52(0.86,7.1)	144(0.63,5.9)	188(0.85,10.5)	238(0.70,3.6)	100(0.82,4.1)	42(0.81,19.3)	100(0.61,7.7)	171(0.87,9.7)	72(0.66,2.3)	29(0.81,9.9)	42(0.80,8.4)	72(0.85,10.4)	209(0.67,4.2)	54(0.82,10.1)	49(0.68,8.2)	387(0.79,5.1)	53(0.72,7.3)	15(0.80,8.2)	217(0.60,4.0)	8(0.78,30.0)	199(0.76,7.5)	23(0.82,14.8)	24(0.65,8.3)	6(0.88,84.2)	21(0.86,22.8)	14(0.80,25.1)	7(0.80,47.4)	5(0.56,3.2)	59(0.91,35.5)	25(0.54,10.8)	10(0.89,38.8)	4(0.52,28.5)	10(0.91,60.2)	42(0.89,32.8)	6(0.76,32.0)	20(0.89,34.5)	11(0.84,26.0)	13(0.91,45.1)	11(0.84,17.5)	4(0.71,48.5)	12(0.65,15.3)	10(0.86,19.0)	23(0.70,10.9)	3(0.50,4.0)	5(0.73,22.0)	5(0.78,29.4)	219(0.51,5.7)	14(0.80,9.0)	6(0.83,12.8)	11(0.85,20.0)	1(0.78,68.0)	13(0.78,8.9)	6(0.83,11.7)	7(0.89,41.0)	20(0.78,11.1)	11(0.88,51.2)	31(0.64,11.2)	39(0.68,10.7)	55(0.65,10.2)	1(0.25,4.0)	23(0.73,21.0)	18(0.78,20.8)	19(0.91,26.3)	8(0.63,12.0)	18(0.85,18.4)	15(0.73,36.5)	14(0.85,9.7)	6(0.70,7.7)	55(0.57,9.3)	7(0.73,15.3)	6(0.89,19.8)	20(0.92,50.4)	1(1.00,3.0)	3(0.83,103.0)	2(0.89,120.5)	3(0.80,28.7)	3(0.60,15.0)	3(0.84,61.3)	3(0.93,129.7)	1(0.94,160.0)	
[Info]119 Clusters are found in total!
[Info]Step 6: likelihood: 142390.0286, Delta_likelihood: 0.001
oxoxoxoxoxxoxxoxxoxxoxxoxxoxxoxxoxxoxxoxxoxxoxxoxxoLBFGS fails!!!!
Line search failed. See documentation of routine mcsrch. Error return of line search: info = 3 Possible causes: function or gradient are incorrect, or incorrect tolerances. (iflag == -1)
	at LBFGS.LBFGS.lbfgs(LBFGS.java:458)
	at Classifier.supervised.modelAdaptation.DirichletProcess.CLRWithDP.calculate_M_step(CLRWithDP.java:337)
	at Classifier.supervised.modelAdaptation.DirichletProcess.CLRWithDP.train(CLRWithDP.java:371)
	at mains.MyIsoTestMain.main(MyIsoTestMain.java:71)
[Info]Clusters:713(0.69,2.7)	393(0.79,3.3)	24(0.86,12.6)	599(0.71,2.4)	448(0.76,2.8)	325(0.82,3.9)	910(0.65,2.1)	349(0.76,3.1)	405(0.62,2.8)	298(0.66,3.6)	148(0.80,4.9)	383(0.73,3.1)	341(0.74,3.6)	252(0.69,3.7)	158(0.89,15.1)	108(0.74,5.6)	59(0.72,3.0)	251(0.66,3.0)	193(0.66,3.3)	220(0.76,3.8)	472(0.75,2.3)	309(0.76,3.2)	329(0.68,2.7)	850(0.58,2.7)	32(0.84,12.2)	163(0.89,11.1)	75(0.88,8.4)	48(0.77,8.2)	37(0.75,8.3)	735(0.85,3.4)	290(0.80,3.5)	71(0.74,4.6)	190(0.76,6.0)	35(0.81,7.1)	47(0.73,4.1)	513(0.81,3.1)	460(0.85,4.6)	225(0.71,3.9)	448(0.84,3.3)	50(0.89,9.4)	126(0.61,5.9)	180(0.87,8.1)	204(0.68,2.5)	114(0.73,5.3)	44(0.79,14.3)	96(0.62,7.1)	176(0.86,8.6)	71(0.60,2.5)	20(0.86,12.5)	52(0.83,9.8)	90(0.84,9.6)	213(0.72,3.8)	51(0.78,5.0)	50(0.69,6.7)	404(0.79,5.3)	45(0.71,6.2)	17(0.79,8.9)	242(0.63,4.2)	10(0.83,24.6)	196(0.74,7.1)	14(0.68,7.3)	9(0.58,6.3)	3(0.89,149.0)	13(0.82,23.0)	16(0.80,30.0)	11(0.77,33.1)	4(0.79,43.3)	74(0.92,28.6)	25(0.51,11.2)	10(0.86,31.2)	6(0.39,24.5)	8(0.90,75.6)	36(0.88,26.6)	5(0.77,26.4)	26(0.89,29.3)	10(0.85,26.6)	13(0.91,40.1)	16(0.87,17.0)	10(0.73,23.0)	12(0.62,14.9)	7(0.86,21.1)	21(0.75,11.3)	1(0.67,3.0)	10(0.67,16.1)	5(0.82,34.8)	224(0.53,5.5)	12(0.84,20.8)	3(0.88,21.3)	14(0.78,14.9)	3(0.74,29.7)	20(0.79,8.3)	9(0.80,17.4)	5(0.91,53.6)	15(0.78,23.8)	10(0.89,57.7)	35(0.67,11.5)	45(0.63,9.0)	53(0.60,10.9)	2(0.40,7.5)	38(0.77,15.6)	25(0.79,17.8)	23(0.91,23.3)	5(0.66,16.4)	20(0.84,15.6)	17(0.72,39.2)	12(0.85,13.5)	6(0.76,9.7)	69(0.61,8.9)	6(0.83,11.5)	7(0.83,23.3)	25(0.90,42.0)	4(0.91,54.5)	4(0.83,82.0)	3(0.88,83.3)	2(0.84,28.5)	10(0.73,13.2)	8(0.87,52.9)	8(0.88,102.1)	1(0.50,4.0)	1(0.92,146.0)	
[Info]120 Clusters are found in total!
[Info]Step 7: likelihood: 142048.1101, Delta_likelihood: 0.002
oxoxoxoxxoxoxxoxxoxxoxxoxxoxxoxxoxxoxxoxxoxxoxxoxxoLBFGS fails!!!!
Line search failed. See documentation of routine mcsrch. Error return of line search: info = 3 Possible causes: function or gradient are incorrect, or incorrect tolerances. (iflag == -1)
	at LBFGS.LBFGS.lbfgs(LBFGS.java:458)
	at Classifier.supervised.modelAdaptation.DirichletProcess.CLRWithDP.calculate_M_step(CLRWithDP.java:337)
	at Classifier.supervised.modelAdaptation.DirichletProcess.CLRWithDP.train(CLRWithDP.java:371)
	at mains.MyIsoTestMain.main(MyIsoTestMain.java:71)
[Info]Clusters:660(0.68,2.5)	397(0.76,3.0)	25(0.81,9.6)	627(0.68,2.4)	466(0.73,2.9)	324(0.82,4.0)	895(0.66,1.9)	361(0.75,3.0)	414(0.66,2.5)	292(0.67,3.7)	150(0.83,6.7)	372(0.71,2.7)	307(0.76,3.5)	249(0.70,3.6)	149(0.88,13.8)	111(0.74,5.5)	72(0.70,3.4)	244(0.70,3.0)	185(0.66,3.3)	211(0.77,3.8)	438(0.73,2.3)	298(0.77,3.3)	346(0.69,3.2)	895(0.57,2.9)	29(0.82,12.1)	156(0.86,8.4)	72(0.83,6.2)	53(0.72,7.4)	29(0.75,8.8)	742(0.84,3.4)	289(0.80,4.0)	64(0.74,4.9)	201(0.77,6.0)	42(0.76,5.9)	48(0.77,5.9)	522(0.82,2.8)	457(0.84,4.2)	219(0.72,4.2)	478(0.84,3.5)	55(0.82,7.4)	117(0.63,5.6)	181(0.86,9.1)	209(0.66,3.0)	102(0.75,5.0)	37(0.83,16.3)	93(0.60,7.1)	193(0.85,9.5)	79(0.74,3.2)	13(0.80,15.1)	47(0.82,9.9)	81(0.84,9.5)	224(0.70,4.4)	45(0.84,5.0)	46(0.73,7.9)	393(0.82,5.3)	51(0.74,6.8)	22(0.82,9.5)	236(0.61,4.2)	2(0.69,6.5)	217(0.75,7.1)	20(0.83,13.5)	8(0.68,12.6)	4(0.90,12.8)	8(0.84,25.1)	14(0.82,33.1)	11(0.79,31.3)	8(0.78,21.4)	75(0.91,28.5)	22(0.44,8.6)	14(0.87,22.2)	13(0.48,15.2)	8(0.90,74.9)	35(0.89,35.2)	3(0.79,32.7)	26(0.89,29.8)	16(0.79,15.1)	12(0.89,38.2)	17(0.89,38.2)	5(0.70,42.0)	16(0.71,16.2)	8(0.90,27.6)	13(0.77,8.8)	11(0.93,55.8)	10(0.71,17.9)	9(0.81,22.2)	220(0.53,5.6)	15(0.83,10.7)	3(0.89,23.7)	11(0.82,17.6)	9(0.72,12.8)	21(0.79,7.3)	17(0.76,11.8)	4(0.91,66.3)	6(0.64,12.3)	12(0.89,48.3)	28(0.66,13.3)	46(0.66,8.5)	47(0.63,11.4)	3(0.57,9.3)	25(0.77,21.1)	17(0.81,20.7)	19(0.91,24.4)	6(0.64,17.2)	12(0.83,17.3)	22(0.70,31.3)	6(0.83,7.7)	5(0.67,9.0)	86(0.56,8.2)	6(0.80,29.7)	6(0.89,28.8)	22(0.90,55.5)	9(0.82,28.8)	5(0.83,64.0)	8(0.86,36.0)	2(0.84,28.5)	3(0.75,19.7)	11(0.84,26.8)	12(0.88,78.4)	1(0.29,7.0)	3(0.94,38.0)	8(0.62,9.3)	1(0.64,22.0)	7(0.86,33.7)	2(0.85,19.5)	2(0.85,41.0)	
[Info]125 Clusters are found in total!
[Info]Step 8: likelihood: 142316.3935, Delta_likelihood: -0.002
oxoxoxxoxxoxxoxxoxxoxxoxxoxxoxxoxxoxxoxxoxxoxxoxxoxLBFGS fails!!!!
Line search failed. See documentation of routine mcsrch. Error return of line search: info = 3 Possible causes: function or gradient are incorrect, or incorrect tolerances. (iflag == -1)
	at LBFGS.LBFGS.lbfgs(LBFGS.java:458)
	at Classifier.supervised.modelAdaptation.DirichletProcess.CLRWithDP.calculate_M_step(CLRWithDP.java:337)
	at Classifier.supervised.modelAdaptation.DirichletProcess.CLRWithDP.train(CLRWithDP.java:371)
	at mains.MyIsoTestMain.main(MyIsoTestMain.java:71)
[Info]Clusters:693(0.66,2.6)	397(0.78,3.2)	23(0.86,9.8)	660(0.70,3.0)	466(0.72,2.7)	334(0.81,4.0)	882(0.69,1.9)	329(0.76,3.2)	414(0.64,2.8)	315(0.65,3.7)	147(0.81,6.0)	380(0.72,2.6)	331(0.75,3.6)	229(0.70,3.0)	147(0.90,17.9)	114(0.78,5.5)	71(0.75,4.0)	232(0.61,2.7)	185(0.66,3.7)	225(0.77,3.9)	475(0.72,2.4)	298(0.78,3.4)	327(0.65,2.6)	886(0.59,2.8)	27(0.81,9.9)	182(0.87,9.5)	84(0.78,4.8)	44(0.79,6.8)	34(0.73,7.4)	698(0.85,3.3)	293(0.81,3.2)	85(0.78,5.9)	200(0.77,5.2)	37(0.81,7.8)	38(0.71,2.8)	528(0.83,3.8)	436(0.84,4.3)	211(0.70,4.0)	442(0.84,3.1)	46(0.81,6.9)	98(0.67,5.9)	172(0.87,9.7)	218(0.59,2.6)	96(0.79,5.6)	24(0.80,20.1)	101(0.63,5.9)	174(0.86,9.0)	74(0.74,2.9)	18(0.83,14.3)	36(0.78,4.3)	80(0.86,9.5)	225(0.69,4.0)	47(0.75,4.2)	54(0.72,6.3)	385(0.78,5.2)	70(0.71,7.2)	12(0.81,8.5)	237(0.61,4.2)	5(0.77,15.6)	196(0.74,6.9)	15(0.79,14.6)	5(0.60,8.0)	1(0.50,6.0)	9(0.84,23.7)	16(0.82,26.8)	12(0.79,28.1)	11(0.75,17.1)	86(0.91,26.5)	23(0.59,10.2)	14(0.85,28.4)	9(0.53,19.1)	11(0.89,45.0)	31(0.90,36.1)	2(0.81,56.5)	41(0.87,24.6)	12(0.85,23.8)	3(0.89,14.7)	26(0.89,33.5)	5(0.71,42.2)	19(0.62,9.1)	6(0.90,31.3)	12(0.69,12.5)	17(0.90,41.9)	6(0.79,21.3)	8(0.67,11.0)	208(0.52,5.7)	12(0.76,6.0)	3(0.47,5.0)	27(0.79,12.9)	6(0.70,16.5)	4(0.85,12.0)	14(0.78,13.1)	3(0.89,77.3)	4(0.77,30.3)	23(0.87,26.6)	35(0.62,11.7)	44(0.64,8.9)	33(0.65,14.2)	5(0.77,12.8)	25(0.78,20.3)	21(0.81,18.2)	13(0.89,32.6)	6(0.70,19.8)	18(0.80,13.8)	22(0.68,29.4)	7(0.87,12.1)	7(0.61,9.9)	80(0.58,8.5)	5(0.77,13.0)	6(0.84,22.7)	26(0.91,44.7)	16(0.80,19.9)	11(0.81,32.9)	9(0.85,33.6)	2(0.84,28.5)	18(0.73,12.2)	17(0.82,24.2)	20(0.87,49.8)	12(0.88,25.8)	4(0.92,29.5)	13(0.62,9.1)	1(0.67,3.0)	11(0.88,36.0)	6(0.72,4.2)	2(0.93,29.0)	
[Info]125 Clusters are found in total!
[Info]Step 9: likelihood: 42276.5798, Delta_likelihood: 2.366
oxoooxoxooooooxooooooooooooooxooooooooooooooooooooxooooooooxooooooxooooooxooooooxoooooooooooxooxoooo
ooooooooxoooooooxooooooxooooooxoooooooxoooooooooooxoooooooooxoooxooooxoooooooooxooooooooooxooooxoooo
ooooooooooxooooooooxoooooooooooooxooo
[Info]Accumulating evaluation results during sampling...
[Info]Clusters:675(0.69,2.6)	405(0.80,3.4)	27(0.86,10.9)	621(0.70,2.6)	475(0.67,2.2)	343(0.82,4.5)	872(0.68,1.9)	335(0.78,2.9)	391(0.63,2.4)	300(0.66,3.8)	139(0.82,5.8)	382(0.72,2.9)	344(0.74,3.6)	234(0.69,2.9)	148(0.89,14.3)	99(0.76,6.5)	63(0.68,2.4)	236(0.66,2.9)	202(0.67,4.0)	224(0.75,4.3)	455(0.74,2.3)	294(0.79,3.1)	324(0.64,2.7)	846(0.56,2.5)	26(0.82,10.7)	148(0.87,9.8)	102(0.83,6.7)	44(0.78,7.4)	27(0.73,4.9)	688(0.84,3.1)	312(0.81,4.1)	73(0.78,5.5)	215(0.79,6.2)	37(0.85,6.8)	43(0.71,3.8)	509(0.81,3.2)	465(0.82,3.9)	232(0.70,4.0)	459(0.85,3.7)	51(0.83,6.9)	126(0.61,5.3)	168(0.88,9.6)	233(0.72,3.7)	102(0.78,4.1)	23(0.81,18.9)	94(0.60,6.3)	169(0.87,7.1)	74(0.67,2.8)	24(0.83,10.1)	41(0.73,5.1)	87(0.83,10.0)	235(0.67,3.8)	42(0.76,3.4)	47(0.72,7.0)	393(0.76,4.4)	65(0.70,6.6)	5(0.76,9.2)	240(0.64,4.6)	10(0.75,17.5)	192(0.74,6.8)	12(0.77,13.8)	8(0.66,8.0)	3(0.74,6.3)	8(0.82,21.3)	28(0.78,17.1)	6(0.79,48.7)	10(0.73,19.0)	92(0.90,21.9)	26(0.48,8.8)	8(0.89,31.1)	4(0.55,39.0)	14(0.90,46.5)	27(0.90,34.3)	2(0.78,44.0)	44(0.88,21.0)	17(0.82,19.4)	21(0.88,25.2)	23(0.87,31.4)	4(0.74,48.5)	19(0.69,13.9)	4(0.88,36.3)	6(0.37,7.7)	28(0.89,25.3)	3(0.40,5.0)	10(0.78,20.3)	220(0.52,5.5)	8(0.71,9.5)	4(0.92,36.5)	25(0.79,13.6)	5(0.74,22.4)	10(0.73,9.7)	6(0.85,20.7)	5(0.86,50.0)	3(0.79,37.3)	12(0.89,45.3)	29(0.65,14.2)	49(0.62,8.9)	38(0.61,11.2)	18(0.73,10.6)	22(0.80,22.2)	19(0.81,18.7)	12(0.92,37.5)	9(0.65,13.2)	8(0.86,24.4)	13(0.73,42.9)	7(0.84,7.0)	3(0.72,12.0)	95(0.58,8.2)	4(0.87,9.5)	3(0.88,40.0)	24(0.90,46.0)	14(0.80,22.9)	11(0.85,41.1)	15(0.80,23.7)	2(0.84,28.5)	6(0.75,17.3)	23(0.89,47.5)	19(0.88,52.5)	15(0.88,22.3)	2(0.95,55.5)	19(0.78,7.8)	5(0.46,22.4)	5(0.86,38.4)	7(0.78,11.7)	7(0.87,57.9)	1(0.28,32.0)	2(0.92,308.0)	
[Info]127 Clusters are found in total!
[Info]Step 10: likelihood: 1478.1039, Delta_likelihood: 27.602
oxoooooooxoooooooxooooooooooooooxooooooxooooooxoooxoooooooooooooxooooooxooooooxoooooooooooxooooxoooo
ooxooooooooxooooooxoooooooxooooooxoooooooxoooooooooooooo
[Info]Clusters:715(0.68,2.8)	410(0.76,3.0)	22(0.87,8.7)	637(0.68,2.7)	559(0.67,2.9)	336(0.81,5.0)	1032(0.69,2.7)	384(0.77,4.2)	377(0.67,2.8)	291(0.69,4.1)	123(0.81,6.2)	389(0.72,3.0)	373(0.76,3.9)	231(0.68,3.0)	111(0.89,15.3)	108(0.74,5.6)	64(0.76,3.4)	243(0.76,3.6)	207(0.67,4.2)	228(0.75,3.6)	488(0.73,2.7)	279(0.76,3.1)	342(0.62,3.0)	895(0.58,2.8)	20(0.81,13.3)	132(0.86,9.3)	101(0.85,6.5)	34(0.79,7.7)	18(0.69,4.9)	710(0.82,3.5)	311(0.80,4.1)	70(0.69,3.8)	195(0.81,6.6)	27(0.90,9.6)	53(0.72,5.3)	567(0.79,3.3)	494(0.81,4.5)	230(0.72,4.6)	501(0.83,4.1)	51(0.79,4.7)	110(0.62,5.3)	169(0.88,10.1)	245(0.73,3.8)	105(0.84,5.5)	12(0.75,21.9)	101(0.60,6.0)	197(0.87,7.4)	81(0.73,2.6)	16(0.80,11.0)	37(0.85,8.1)	82(0.86,9.5)	227(0.67,3.7)	34(0.82,4.4)	43(0.74,6.3)	412(0.77,4.6)	38(0.74,4.8)	9(0.73,6.2)	244(0.63,4.1)	9(0.73,20.3)	214(0.76,6.8)	8(0.72,17.9)	5(0.56,7.8)	7(0.83,42.9)	2(0.86,71.0)	12(0.81,31.5)	7(0.77,43.0)	1(0.81,117.0)	47(0.91,32.4)	19(0.59,10.6)	12(0.85,19.3)	2(0.46,57.0)	5(0.92,119.6)	17(0.91,46.9)	3(0.81,37.0)	21(0.87,30.9)	9(0.87,32.0)	9(0.90,43.3)	10(0.89,56.8)	5(0.74,38.6)	7(0.53,13.3)	2(0.94,56.0)	1(0.67,3.0)	23(0.90,28.7)	2(0.92,308.0)	7(0.90,23.7)	116(0.52,6.6)	6(0.77,13.7)	5(0.91,19.2)	6(0.80,27.8)	4(0.73,28.3)	9(0.83,23.2)	2(0.90,54.0)	4(0.88,58.3)	3(0.76,38.0)	7(0.89,73.9)	11(0.62,18.0)	27(0.62,11.6)	21(0.63,13.0)	11(0.77,6.3)	8(0.82,44.3)	12(0.79,19.2)	10(0.92,44.5)	11(0.63,8.8)	4(0.90,38.5)	11(0.76,51.8)	3(0.74,9.0)	2(0.60,10.0)	74(0.61,9.7)	1(0.67,3.0)	4(0.92,26.5)	16(0.90,65.6)	11(0.82,25.1)	7(0.85,49.6)	6(0.89,43.8)	2(0.84,28.5)	6(0.76,13.7)	12(0.91,84.6)	18(0.88,57.2)	15(0.90,21.3)	2(0.94,55.5)	7(0.59,5.3)	6(0.48,17.5)	
[Info]122 Clusters are found in total!
[Info]Step 11: likelihood: 1324.5358, Delta_likelihood: 0.116
oxooooooooooooooxoooooooooooooooooooooooxooooooooooooooooooooooooooooooooxooooooxooooooooooooxooxooo
ooxooooooooooooxooxooooooxooooooooooooooxoooooooooooooooooo
[Info]Clusters:744(0.68,3.0)	416(0.78,2.8)	21(0.89,12.1)	646(0.68,2.8)	580(0.68,3.3)	394(0.81,4.5)	1060(0.69,2.7)	396(0.77,3.9)	391(0.70,3.3)	307(0.68,3.8)	121(0.84,5.7)	384(0.72,3.4)	342(0.75,4.1)	240(0.69,3.5)	76(0.90,19.1)	97(0.74,5.0)	73(0.73,3.6)	248(0.73,3.7)	217(0.66,3.4)	211(0.80,4.5)	564(0.76,3.7)	301(0.77,3.5)	348(0.65,3.1)	963(0.59,3.0)	23(0.80,10.8)	111(0.89,10.5)	80(0.87,8.4)	35(0.79,7.1)	19(0.65,1.9)	738(0.82,3.8)	323(0.77,4.3)	66(0.75,4.1)	198(0.81,7.0)	33(0.83,8.3)	50(0.72,6.2)	564(0.82,3.6)	531(0.81,4.9)	224(0.72,4.6)	544(0.82,4.4)	50(0.76,4.9)	93(0.58,5.5)	152(0.87,9.6)	234(0.76,4.1)	110(0.85,5.2)	11(0.75,21.7)	96(0.61,6.2)	179(0.86,6.7)	90(0.66,3.1)	16(0.80,11.1)	32(0.65,4.9)	56(0.86,9.0)	216(0.69,3.7)	41(0.82,4.2)	47(0.71,6.3)	402(0.76,4.2)	24(0.72,6.0)	13(0.90,28.2)	257(0.60,4.7)	9(0.74,19.4)	198(0.76,7.1)	4(0.76,28.3)	4(0.65,7.8)	2(0.83,124.5)	3(0.87,47.7)	10(0.82,34.1)	2(0.66,77.5)	13(0.89,72.0)	42(0.92,37.1)	4(0.51,11.8)	3(0.88,61.3)	2(0.47,43.0)	5(0.91,101.0)	12(0.91,64.2)	10(0.69,11.4)	15(0.86,37.9)	6(0.85,52.8)	2(0.91,165.0)	6(0.89,93.3)	2(0.74,89.0)	3(0.43,15.3)	1(0.95,108.0)	5(0.46,20.2)	12(0.92,49.3)	2(0.92,308.0)	2(0.93,53.5)	72(0.51,7.4)	4(0.76,9.3)	7(0.88,14.9)	3(0.84,50.7)	4(0.75,27.0)	6(0.86,32.0)	2(0.90,54.0)	5(0.87,69.0)	3(0.79,40.3)	7(0.90,73.7)	11(0.67,17.4)	19(0.63,13.7)	12(0.57,13.1)	5(0.76,8.2)	13(0.80,29.8)	9(0.79,15.8)	4(0.94,76.8)	4(0.76,25.0)	2(0.93,62.0)	3(0.75,163.7)	14(0.91,76.4)	4(0.62,5.3)	43(0.58,10.5)	2(0.86,10.5)	2(0.91,51.5)	16(0.90,66.6)	8(0.85,31.3)	2(0.82,125.5)	2(0.90,121.5)	1(0.80,30.0)	
[Info]115 Clusters are found in total!
[Info]Step 12: likelihood: 1293.7111, Delta_likelihood: 0.024
oxooooooooooooooooooooooooooooxooooooxooooxooooxoooooooxooooooxoooooooxooooooxoooooxooooxooooxoooooo
oxooooooxooooooooooooooxooooooooooooooooxoooooooxooooooxoooo
[Info]Clusters:758(0.66,2.9)	433(0.79,3.4)	15(0.88,13.7)	628(0.68,3.0)	549(0.67,3.2)	378(0.80,4.4)	1086(0.69,2.8)	398(0.78,3.9)	424(0.68,3.5)	285(0.65,3.4)	106(0.88,8.1)	443(0.70,3.4)	370(0.74,4.5)	250(0.74,3.6)	78(0.90,17.6)	85(0.75,5.4)	67(0.67,3.1)	246(0.70,3.4)	212(0.68,3.9)	225(0.80,4.9)	556(0.78,3.6)	270(0.78,3.5)	340(0.62,3.3)	991(0.58,3.0)	24(0.80,10.5)	101(0.87,10.0)	94(0.84,8.4)	37(0.77,7.9)	12(0.54,1.1)	772(0.83,4.0)	301(0.76,3.7)	49(0.81,2.9)	193(0.79,7.1)	37(0.83,6.9)	54(0.80,9.6)	576(0.80,3.5)	543(0.82,5.0)	235(0.77,5.5)	568(0.81,4.4)	52(0.82,5.8)	79(0.62,5.4)	152(0.86,9.8)	246(0.73,3.9)	126(0.83,5.2)	18(0.76,15.0)	98(0.63,7.2)	146(0.87,5.3)	92(0.69,3.1)	17(0.79,12.2)	32(0.78,6.8)	45(0.89,9.9)	235(0.70,4.3)	38(0.89,5.6)	35(0.75,6.5)	409(0.77,4.6)	26(0.74,6.7)	10(0.90,33.0)	235(0.60,4.2)	10(0.80,20.0)	201(0.75,6.4)	6(0.75,20.7)	2(0.89,47.0)	3(0.77,133.7)	4(0.86,37.0)	7(0.84,47.9)	13(0.90,79.8)	11(0.87,84.3)	29(0.92,50.6)	3(0.48,14.7)	2(0.91,75.5)	3(0.89,82.0)	6(0.91,78.8)	9(0.91,63.2)	9(0.77,11.9)	11(0.85,40.9)	8(0.85,44.4)	1(0.91,326.0)	4(0.90,134.3)	3(0.76,66.7)	1(1.00,2.0)	1(0.78,9.0)	4(0.47,24.5)	8(0.93,71.9)	4(0.92,156.3)	8(0.89,30.4)	48(0.51,8.0)	1(0.78,27.0)	2(0.93,42.5)	2(0.85,74.5)	6(0.71,20.5)	9(0.86,25.1)	2(0.90,54.0)	7(0.87,52.7)	3(0.79,37.3)	11(0.89,57.7)	6(0.66,26.8)	14(0.70,13.6)	11(0.56,14.2)	3(0.70,10.0)	7(0.81,52.9)	2(0.73,45.5)	5(0.93,70.2)	5(0.67,16.4)	5(0.89,28.2)	5(0.75,99.8)	12(0.91,85.6)	49(0.61,9.9)	
[Info]107 Clusters are found in total!
[Info]Step 13: likelihood: 1268.8340, Delta_likelihood: 0.020
oxoooooxooooooooooooooooooooooooooxoxooooooooooooooooooxoooooooooooooooxoooooooxooooooxooooooooooooo
oxooooooxooooooooxooooooxoooooooxooooooooo
[Info]Clusters:779(0.66,3.1)	440(0.79,3.6)	17(0.86,11.5)	693(0.67,3.1)	528(0.66,2.8)	348(0.81,4.4)	1144(0.69,3.0)	413(0.78,4.1)	450(0.67,3.6)	307(0.65,3.9)	113(0.85,6.9)	434(0.71,3.4)	388(0.75,4.4)	227(0.71,3.1)	79(0.90,17.8)	94(0.77,6.6)	58(0.69,3.1)	247(0.72,3.7)	199(0.75,4.0)	207(0.76,4.1)	581(0.75,3.4)	299(0.79,4.1)	341(0.63,3.5)	977(0.59,3.1)	27(0.81,10.3)	118(0.87,9.6)	84(0.88,8.7)	30(0.81,9.0)	13(0.79,1.1)	753(0.83,4.2)	309(0.76,3.5)	67(0.67,3.4)	206(0.80,6.8)	29(0.87,6.6)	52(0.82,9.3)	582(0.80,3.8)	540(0.81,4.6)	228(0.77,5.2)	550(0.81,4.7)	49(0.85,6.7)	72(0.61,5.5)	161(0.85,9.2)	232(0.77,4.5)	109(0.84,5.9)	23(0.75,12.0)	96(0.61,5.7)	139(0.88,6.3)	89(0.74,3.2)	16(0.82,11.5)	32(0.70,4.7)	47(0.89,9.7)	228(0.73,5.1)	38(0.89,7.9)	33(0.78,6.3)	415(0.75,4.4)	24(0.78,7.4)	12(0.91,33.1)	225(0.58,4.2)	3(0.77,49.0)	202(0.75,6.6)	3(0.75,36.0)	12(0.91,79.8)	2(0.76,192.5)	2(0.94,150.5)	4(0.84,65.0)	10(0.90,104.3)	10(0.88,93.8)	22(0.92,59.7)	1(0.46,37.0)	3(0.91,159.0)	5(0.89,50.8)	5(0.91,94.4)	4(0.92,138.5)	6(0.71,13.2)	5(0.87,82.0)	9(0.84,38.2)	5(0.75,100.0)	4(0.89,134.5)	2(0.74,89.0)	32(0.59,11.5)	1(0.67,3.0)	4(0.49,25.3)	9(0.93,63.0)	4(0.92,155.5)	3(0.89,75.7)	27(0.44,8.7)	4(0.92,32.5)	5(0.76,18.0)	4(0.80,41.0)	4(0.79,40.3)	8(0.88,25.1)	1(0.88,52.0)	6(0.88,60.3)	2(0.78,54.5)	8(0.90,77.9)	4(0.67,38.5)	9(0.71,19.2)	8(0.56,14.5)	2(0.70,11.5)	8(0.81,47.6)	3(0.72,31.7)	
[Info]101 Clusters are found in total!
[Info]Step 14: likelihood: 1254.1127, Delta_likelihood: 0.012
oxoooooooxoooooooooooooooooooooxoooooooxoooooooxoooooxoooooooxooooxooooooxoooooooooooxooooooooxooooo
oxoooxoooooxoooooooooxoooooooooooooxooooooooxooooooo
[Info]Accumulating evaluation results during sampling...
[Info]Clusters:824(0.67,3.3)	436(0.82,4.2)	18(0.86,9.5)	692(0.65,3.0)	539(0.67,3.0)	340(0.81,4.2)	1180(0.68,2.9)	416(0.73,3.7)	433(0.69,3.7)	296(0.65,4.2)	112(0.87,6.6)	465(0.72,3.8)	386(0.77,4.4)	233(0.71,3.3)	73(0.91,18.9)	80(0.82,7.5)	53(0.83,3.5)	252(0.72,3.2)	182(0.72,3.2)	214(0.72,3.8)	570(0.76,3.5)	280(0.77,3.6)	353(0.61,3.5)	947(0.59,3.0)	22(0.85,12.3)	116(0.88,10.3)	80(0.85,8.3)	32(0.82,8.3)	11(0.80,0.5)	774(0.83,4.1)	307(0.78,4.1)	73(0.71,4.3)	184(0.83,7.9)	28(0.86,6.6)	51(0.81,9.4)	615(0.80,4.0)	523(0.80,4.6)	226(0.77,5.3)	560(0.80,4.2)	62(0.82,7.5)	70(0.60,5.2)	153(0.85,9.7)	232(0.77,4.6)	101(0.83,6.6)	16(0.76,17.8)	92(0.61,6.5)	145(0.88,5.9)	89(0.78,3.7)	15(0.78,13.2)	31(0.68,3.9)	56(0.86,8.6)	235(0.75,4.3)	40(0.86,6.1)	33(0.81,7.3)	399(0.76,4.2)	27(0.77,6.4)	12(0.88,30.2)	238(0.59,4.6)	4(0.82,33.8)	209(0.77,7.3)	2(0.76,52.0)	10(0.91,93.1)	4(0.77,103.8)	2(0.94,150.5)	4(0.84,65.3)	7(0.91,142.6)	9(0.89,99.4)	26(0.91,48.3)	6(0.78,45.0)	5(0.91,97.2)	3(0.89,82.3)	4(0.91,116.8)	4(0.92,138.5)	3(0.76,21.0)	8(0.88,61.1)	6(0.85,52.3)	3(0.75,163.7)	3(0.90,178.0)	2(0.74,89.0)	14(0.60,19.6)	2(0.64,7.0)	3(0.48,32.7)	8(0.93,70.0)	4(0.92,155.5)	5(0.88,52.0)	16(0.46,12.9)	2(0.93,62.0)	5(0.70,17.2)	5(0.84,32.8)	2(0.81,63.5)	4(0.89,40.8)	3(0.73,31.7)	5(0.87,67.6)	2(0.78,54.5)	10(0.89,63.4)	6(0.74,25.8)	11(0.72,16.7)	12(0.51,13.0)	1(0.73,11.0)	
[Info]99 Clusters are found in total!
[Info]Step 15: likelihood: 1248.6914, Delta_likelihood: 0.004
ooxooooooooooooooooooooooooooooxoooxoooooxooooooooxooooooooxooooooooooooooooooxoooooooxooxooooooxooo
ooooooooooxoooooooxoooooooxoooooooxooooooooooooooooooo
[Info]Clusters:806(0.66,3.4)	438(0.81,4.4)	23(0.85,9.0)	701(0.69,3.3)	592(0.68,3.1)	366(0.83,4.6)	1129(0.69,3.0)	409(0.76,3.8)	422(0.65,3.4)	296(0.62,3.8)	112(0.84,6.5)	464(0.74,3.8)	380(0.75,4.8)	252(0.69,3.8)	79(0.91,18.3)	78(0.75,6.1)	63(0.71,2.2)	272(0.70,3.4)	185(0.69,3.6)	211(0.76,3.6)	541(0.76,3.4)	295(0.79,3.9)	354(0.60,3.5)	939(0.59,3.0)	21(0.84,11.2)	118(0.87,9.3)	76(0.85,9.4)	35(0.83,9.3)	19(0.64,2.3)	737(0.83,3.9)	272(0.80,3.7)	59(0.67,3.5)	203(0.82,7.8)	45(0.80,6.2)	52(0.79,8.1)	599(0.80,4.1)	545(0.80,4.6)	241(0.76,5.5)	546(0.81,4.6)	57(0.80,5.9)	70(0.59,5.0)	146(0.88,10.3)	216(0.76,3.5)	117(0.86,7.5)	15(0.74,17.3)	85(0.61,5.8)	145(0.86,5.7)	88(0.72,2.9)	17(0.81,11.3)	32(0.75,4.2)	48(0.89,9.1)	245(0.71,4.3)	42(0.83,5.5)	35(0.80,5.6)	425(0.77,4.4)	35(0.73,5.8)	8(0.87,28.1)	236(0.62,4.6)	3(0.83,48.0)	184(0.77,7.2)	2(0.76,52.0)	10(0.91,92.5)	2(0.76,192.5)	3(0.94,101.3)	11(0.82,26.0)	10(0.90,106.1)	6(0.89,147.0)	23(0.92,56.4)	6(0.78,46.3)	3(0.91,159.0)	3(0.89,82.0)	4(0.91,116.8)	4(0.92,138.5)	2(0.64,12.5)	9(0.86,46.9)	6(0.85,52.5)	5(0.75,99.6)	3(0.90,178.0)	5(0.74,37.2)	9(0.62,28.6)	2(0.71,7.0)	7(0.46,15.7)	9(0.93,68.4)	4(0.92,155.5)	9(0.87,29.7)	25(0.49,10.4)	6(0.91,22.7)	4(0.74,21.5)	3(0.85,50.3)	2(0.81,63.5)	4(0.88,40.0)	3(0.73,31.0)	4(0.88,83.5)	12(0.59,10.5)	8(0.90,84.4)	5(0.73,27.8)	9(0.74,19.3)	
[Info]97 Clusters are found in total!
[Info]Step 16: likelihood: 1232.2013, Delta_likelihood: 0.013
oxooooooxooooooooooooxoooooooxooooooooooooooxooooxoooooooooooooooooxoooxooooooooooooxoooooooooxoooox
ooooooooooooooooooxooooooooxoooooooooooooooooooooooxoooooooooxooooooooo
[Info]Clusters:791(0.66,3.5)	455(0.79,3.9)	15(0.85,9.8)	737(0.68,3.3)	560(0.66,3.5)	383(0.83,4.7)	1144(0.69,3.0)	387(0.78,4.0)	450(0.65,3.4)	276(0.66,3.9)	111(0.86,7.6)	439(0.73,3.6)	372(0.76,4.6)	243(0.72,3.9)	86(0.91,16.5)	91(0.76,5.4)	58(0.72,2.6)	271(0.73,3.9)	199(0.68,3.5)	206(0.74,3.8)	529(0.76,3.5)	293(0.78,3.6)	353(0.61,3.3)	945(0.59,3.0)	24(0.79,10.1)	115(0.86,10.1)	76(0.87,10.2)	26(0.77,6.6)	12(0.78,0.8)	771(0.83,4.0)	312(0.80,4.3)	83(0.68,4.1)	211(0.83,8.2)	36(0.84,5.8)	40(0.81,9.9)	611(0.78,3.5)	550(0.80,4.5)	250(0.77,5.3)	537(0.81,4.9)	50(0.84,6.9)	67(0.60,5.1)	153(0.87,9.7)	219(0.76,3.9)	116(0.86,6.0)	10(0.76,22.4)	85(0.57,5.2)	140(0.88,5.8)	66(0.72,2.3)	9(0.82,16.9)	29(0.88,6.8)	50(0.89,8.9)	250(0.70,4.3)	39(0.83,3.7)	39(0.79,6.0)	434(0.77,4.7)	26(0.78,6.0)	9(0.88,28.2)	230(0.57,4.3)	6(0.78,26.3)	179(0.75,7.1)	3(0.76,35.3)	10(0.91,90.9)	2(0.76,192.5)	7(0.91,46.9)	5(0.83,53.8)	11(0.90,92.0)	5(0.89,175.8)	24(0.92,54.0)	5(0.78,53.0)	2(0.92,237.0)	2(0.90,121.5)	7(0.90,69.6)	6(0.91,93.3)	3(0.66,9.7)	8(0.86,52.3)	7(0.85,45.4)	4(0.74,125.8)	3(0.90,178.0)	2(0.74,89.0)	5(0.70,39.2)	8(0.73,23.1)	2(0.47,45.0)	6(0.94,92.5)	2(0.92,308.0)	6(0.88,39.5)	18(0.45,12.2)	7(0.89,24.4)	4(0.67,14.5)	4(0.84,41.8)	2(0.81,63.5)	5(0.88,32.4)	3(0.78,42.7)	6(0.85,58.5)	4(0.57,25.5)	7(0.90,88.3)	7(0.74,24.6)	
[Info]96 Clusters are found in total!
[Info]Step 17: likelihood: 1224.3886, Delta_likelihood: 0.006
oxooooooxoooooooooooooooooooooooxoooooooooxoooooooooxooooooooooooooooooooooooxoooxoooooooooooooooooo
ooooooooooooooxooooooooxooooooxooooooxooooooxooooooooxooooxooo
[Info]Clusters:817(0.66,3.3)	440(0.80,4.2)	15(0.87,9.9)	729(0.69,3.3)	567(0.71,3.6)	368(0.83,4.4)	1133(0.68,3.0)	383(0.79,4.2)	455(0.64,3.7)	269(0.66,3.6)	102(0.88,7.9)	444(0.71,3.8)	392(0.77,4.8)	248(0.70,3.9)	86(0.90,19.0)	87(0.77,5.1)	62(0.77,3.0)	255(0.70,3.3)	200(0.69,2.9)	216(0.82,4.3)	552(0.75,3.4)	315(0.78,3.9)	357(0.58,3.5)	962(0.59,2.9)	21(0.85,11.0)	128(0.87,9.1)	74(0.89,10.2)	23(0.82,8.3)	13(0.67,0.9)	734(0.82,3.9)	309(0.76,3.9)	68(0.64,3.0)	210(0.83,7.8)	27(0.87,6.7)	42(0.81,9.4)	591(0.80,3.8)	520(0.81,4.7)	269(0.77,5.4)	559(0.80,4.9)	39(0.85,5.7)	61(0.63,5.2)	152(0.86,8.6)	225(0.76,4.1)	124(0.85,6.6)	13(0.76,17.8)	93(0.59,5.5)	139(0.89,5.8)	64(0.64,2.5)	13(0.80,13.3)	27(0.86,3.4)	47(0.88,8.1)	243(0.70,4.2)	40(0.89,6.6)	38(0.77,5.9)	411(0.76,4.5)	25(0.75,5.6)	6(0.89,35.0)	232(0.58,4.6)	5(0.81,31.2)	192(0.75,6.6)	9(0.79,20.2)	9(0.91,105.8)	2(0.76,192.5)	3(0.94,101.3)	4(0.83,66.5)	11(0.91,101.5)	10(0.88,92.9)	25(0.91,47.4)	7(0.78,40.0)	2(0.92,237.0)	3(0.92,75.7)	4(0.91,116.8)	5(0.91,111.4)	4(0.61,8.3)	7(0.85,51.3)	7(0.84,45.7)	6(0.75,85.0)	4(0.89,143.0)	3(0.74,60.3)	8(0.70,26.9)	8(0.70,21.0)	3(0.47,31.0)	7(0.93,81.1)	6(0.92,104.7)	4(0.89,57.5)	20(0.48,12.8)	3(0.92,42.3)	9(0.66,10.2)	3(0.83,51.3)	2(0.81,63.5)	6(0.88,27.8)	3(0.72,32.0)	3(0.88,110.7)	6(0.56,18.3)	11(0.90,63.8)	8(0.70,19.8)	
[Info]96 Clusters are found in total!
[Info]Step 18: likelihood: 1221.3890, Delta_likelihood: 0.002
ooxoooooooxoooooooxooooooooooooooooooooooooooxoooooooxoooooooooooooooxooooxooooooooooooooooooxoooooo
xooooooxoxooooooxooooooxoooooooxooooooooxooooxoooooooooxoo
[Info]Clusters:797(0.68,3.5)	429(0.81,4.4)	12(0.87,11.1)	736(0.69,3.6)	571(0.67,3.1)	369(0.83,4.1)	1168(0.68,2.9)	389(0.79,3.9)	447(0.62,3.4)	274(0.66,3.8)	113(0.87,8.0)	453(0.74,4.0)	363(0.79,4.6)	235(0.73,3.7)	82(0.91,19.6)	75(0.74,5.1)	60(0.72,2.7)	254(0.72,3.6)	199(0.70,3.1)	213(0.78,3.7)	540(0.75,3.5)	300(0.80,4.1)	364(0.62,3.3)	978(0.58,3.0)	23(0.85,9.8)	125(0.87,9.4)	79(0.86,9.1)	26(0.78,7.5)	13(0.79,1.1)	781(0.81,3.8)	291(0.75,4.0)	64(0.67,4.2)	211(0.83,8.3)	32(0.86,7.7)	36(0.80,8.3)	578(0.82,4.2)	525(0.81,5.0)	217(0.77,5.0)	574(0.81,5.0)	33(0.67,3.6)	63(0.61,5.3)	163(0.86,8.4)	224(0.76,3.4)	124(0.82,5.3)	14(0.74,19.6)	91(0.65,6.5)	151(0.88,5.8)	76(0.75,3.7)	11(0.81,14.7)	23(0.83,4.0)	47(0.89,7.7)	249(0.70,3.8)	47(0.90,5.8)	41(0.70,6.2)	425(0.76,5.1)	24(0.75,5.5)	9(0.84,20.9)	235(0.56,4.3)	5(0.85,34.0)	183(0.74,6.7)	5(0.75,22.8)	8(0.91,112.3)	2(0.76,192.5)	3(0.94,105.0)	3(0.84,86.0)	6(0.91,164.7)	9(0.88,99.0)	21(0.92,56.6)	13(0.80,27.8)	4(0.91,124.5)	4(0.90,57.8)	8(0.91,60.6)	4(0.92,138.5)	5(0.61,7.2)	7(0.85,51.6)	6(0.84,52.5)	8(0.75,63.1)	3(0.90,178.0)	3(0.74,60.7)	14(0.70,15.9)	9(0.72,19.7)	3(0.46,32.0)	7(0.94,88.4)	2(0.92,308.0)	4(0.89,57.5)	17(0.46,11.9)	6(0.91,23.3)	6(0.64,11.0)	2(0.85,74.5)	4(0.81,33.5)	4(0.89,39.8)	2(0.73,45.5)	4(0.87,83.8)	11(0.62,15.7)	6(0.90,102.3)	9(0.75,19.3)	
[Info]96 Clusters are found in total!
[Info]Step 19: likelihood: 1205.9773, Delta_likelihood: 0.013
[Info]Accumulating evaluation results during sampling...
MTCLinAdaptWithDP[dim:801,supDim:3072,M:6,alpha:1.0000,#Iter:20,N1(0.000,0.230),N2(1.000,0.100)]
Micro confusion matrix:
	0	1
0	10775	2714
1	3526	44631
Micro F1:
Class 0	0.7755	Class 1	0.9347	
Macro F1:
Class 0	0.7485	Class 1	0.8986	
[Info]Clusters:797(0.68,3.5)	429(0.81,4.4)	12(0.87,11.1)	736(0.69,3.6)	571(0.67,3.1)	369(0.83,4.1)	1168(0.68,2.9)	389(0.79,3.9)	447(0.62,3.4)	274(0.66,3.8)	113(0.87,8.0)	453(0.74,4.0)	363(0.79,4.6)	235(0.73,3.7)	82(0.91,19.6)	75(0.74,5.1)	60(0.72,2.7)	254(0.72,3.6)	199(0.70,3.1)	213(0.78,3.7)	540(0.75,3.5)	300(0.80,4.1)	364(0.62,3.3)	978(0.58,3.0)	23(0.85,9.8)	125(0.87,9.4)	79(0.86,9.1)	26(0.78,7.5)	13(0.79,1.1)	781(0.81,3.8)	291(0.75,4.0)	64(0.67,4.2)	211(0.83,8.3)	32(0.86,7.7)	36(0.80,8.3)	578(0.82,4.2)	525(0.81,5.0)	217(0.77,5.0)	574(0.81,5.0)	33(0.67,3.6)	63(0.61,5.3)	163(0.86,8.4)	224(0.76,3.4)	124(0.82,5.3)	14(0.74,19.6)	91(0.65,6.5)	151(0.88,5.8)	76(0.75,3.7)	11(0.81,14.7)	23(0.83,4.0)	47(0.89,7.7)	249(0.70,3.8)	47(0.90,5.8)	41(0.70,6.2)	425(0.76,5.1)	24(0.75,5.5)	9(0.84,20.9)	235(0.56,4.3)	5(0.85,34.0)	183(0.74,6.7)	5(0.75,22.8)	8(0.91,112.3)	2(0.76,192.5)	3(0.94,105.0)	3(0.84,86.0)	6(0.91,164.7)	9(0.88,99.0)	21(0.92,56.6)	13(0.80,27.8)	4(0.91,124.5)	4(0.90,57.8)	8(0.91,60.6)	4(0.92,138.5)	5(0.61,7.2)	7(0.85,51.6)	6(0.84,52.5)	8(0.75,63.1)	3(0.90,178.0)	3(0.74,60.7)	14(0.70,15.9)	9(0.72,19.7)	3(0.46,32.0)	7(0.94,88.4)	2(0.92,308.0)	4(0.89,57.5)	17(0.46,11.9)	6(0.91,23.3)	6(0.64,11.0)	2(0.85,74.5)	4(0.81,33.5)	4(0.89,39.8)	2(0.73,45.5)	4(0.87,83.8)	11(0.62,15.7)	6(0.90,102.3)	9(0.75,19.3)	
[Info]96 Clusters are found in total!
[Oracle]test user size: 4000, nu of rvw for cluster assignment: 2[Info]Training size: 0, adaptation size: 78811, and testing size: 61646
[Info]Feature group size 801
[Info]Training size: 0, adaptation size: 78811, and testing size: 61646
MTCLinAdaptWithDP[dim:801,supDim:3072,M:6,alpha:1.0000,#Iter:20,N1(0.000,0.230),N2(1.000,0.100)]
oxooxooxoxoooxxoxooxoxoxoxooooxoxoxoooxooxoxooooxoxoxoxooxoxooxLBFGS fails!!!!
Line search failed. See documentation of routine mcsrch. Error return of line search: info = 3 Possible causes: function or gradient are incorrect, or incorrect tolerances. (iflag == -1)
	at LBFGS.LBFGS.lbfgs(LBFGS.java:458)
	at Classifier.supervised.modelAdaptation.DirichletProcess.CLRWithDP.calculate_M_step(CLRWithDP.java:337)
	at Classifier.supervised.modelAdaptation.DirichletProcess.CLRWithDP.train(CLRWithDP.java:362)
	at mains.MyIsoTestMain.main(MyIsoTestMain.java:71)
ooooooooooooooooooooooxoooooooxoooxoooooxoooooooxooooooooxoooooooooxoooooooooxoooxoooooxoooooooxoooo
oxoxoooooxooooooxoooooooxooxoooooooooooxoooooooooooooooooooooooooooooxooooooxoooooooxoooooooxooooooo
oxoooooooooooooxooooooooooooooxoooooooooooooxooooooooooooooxooooooooooooooooooxoooooooooooxoxoooooox
oooo
oxoooooooooooooooooooooooooooooooooooxoooooxooooooooooooooooooooooooooooxooooooooooooooxoooooxoooooo
oxooooooxooooxoooooooooooooooooxooooooooxoooooooooooooxoooxoooooooxooooxooooxoooooxooooxooooxooooooo
ooxooo
oxoooooooxoooooooooooooooooooooooooooooxoooooxooxooooooooxoooooxoooooooooooooxoxooooooxooooooxoooooo
oxooooooxoooxoooooooooxooxoooooooooooooooooooooooxoooooooooooxoooooooooooooooooooxooooooooxooooooooo
o
oooooooooooooooxooooooxoooooooooooooooooxooooooooxoooxooooooxooooooooooooooooooooxooooooxooxoooooooo
xoooooooooooooooxooooooxooooooxoooooooxoooooooxoooooooxoooooooooo
oxoooooooooooooooooooxooooooxoooxooooooooooooooooooooooxoooooooxooooooxooooooooooooooxoooooooxoooooo
ooxooooooooooooxoooooooooooooxoooooooooooooooxooooooooxooooooxooo
[Info]Accumulating evaluation results during sampling...
[Info]Clusters:547(0.67,2.6)	1243(0.64,2.3)	625(0.76,2.6)	24(0.67,11.8)	404(0.84,3.7)	616(0.62,2.8)	716(0.66,2.4)	159(0.63,2.2)	850(0.76,2.6)	583(0.67,2.9)	358(0.84,3.7)	111(0.82,6.3)	643(0.75,2.9)	130(0.82,5.6)	379(0.66,2.9)	85(0.71,2.7)	335(0.64,3.2)	538(0.72,2.4)	1711(0.63,1.9)	38(0.86,9.9)	842(0.67,2.7)	1084(0.80,2.8)	195(0.76,3.7)	1448(0.69,2.2)	449(0.86,3.7)	452(0.72,2.9)	35(0.61,4.9)	290(0.83,3.0)	125(0.79,4.6)	69(0.86,9.7)	24(0.86,11.2)	760(0.83,3.2)	833(0.77,3.1)	873(0.76,2.8)	98(0.90,11.7)	102(0.91,11.5)	303(0.89,7.0)	325(0.87,5.2)	1162(0.79,2.6)	50(0.86,7.7)	30(0.80,17.7)	310(0.79,2.6)	53(0.89,17.5)	232(0.84,4.2)	133(0.89,16.0)	83(0.90,20.2)	36(0.81,28.1)	38(0.92,25.9)	226(0.64,2.7)	77(0.87,10.8)	44(0.85,13.6)	21(0.84,21.0)	644(0.67,2.1)	186(0.91,7.3)	381(0.76,3.8)	7(0.81,25.4)	351(0.79,2.9)	6(0.70,8.3)	274(0.85,6.8)	7(0.52,3.0)	152(0.60,2.7)	4(0.83,24.0)	34(0.84,5.3)	8(0.79,20.0)	10(0.68,19.4)	9(0.85,5.1)	
[Info]66 Clusters are found in total!
[Info]Step 0: likelihood: 1286.2560, Delta_likelihood: -1.000
oxooooooooooooooxoooooooooooooxooxooooooooooooooooooooooooxooooooxoooooooooooxoooooxooooooooxooooooo
oooooooooooooooooooooxooooooooooxoxooooooxooooooxoooooooxoooooooxooooooxoooo
[Info]Clusters:542(0.66,2.4)	1237(0.65,2.4)	643(0.77,3.0)	20(0.56,8.6)	395(0.83,3.4)	614(0.63,2.7)	729(0.64,2.4)	160(0.64,2.1)	871(0.76,3.0)	573(0.66,2.7)	359(0.83,3.9)	111(0.82,6.3)	663(0.75,2.9)	138(0.79,5.3)	365(0.64,2.6)	86(0.64,2.8)	328(0.66,3.3)	529(0.71,2.2)	1753(0.63,2.0)	35(0.83,8.0)	850(0.66,2.5)	1103(0.80,2.8)	168(0.77,3.2)	1460(0.68,2.2)	464(0.87,4.0)	427(0.71,2.7)	44(0.65,6.0)	297(0.84,3.7)	118(0.84,4.8)	57(0.87,9.1)	21(0.87,12.7)	743(0.81,2.8)	856(0.78,3.1)	850(0.78,3.0)	113(0.89,11.2)	112(0.91,10.8)	300(0.90,7.4)	287(0.86,4.8)	1152(0.81,2.5)	52(0.86,7.8)	30(0.80,16.8)	319(0.81,3.3)	57(0.88,16.1)	237(0.84,4.0)	139(0.89,15.5)	86(0.90,19.4)	25(0.81,38.4)	39(0.92,25.0)	221(0.61,2.7)	77(0.86,9.6)	42(0.86,14.7)	19(0.85,24.9)	666(0.66,2.4)	181(0.92,7.2)	369(0.76,3.6)	8(0.81,22.5)	339(0.80,3.2)	10(0.68,7.8)	264(0.85,6.5)	4(0.81,4.0)	164(0.63,3.3)	3(0.86,30.3)	28(0.83,5.1)	7(0.80,22.4)	6(0.69,28.2)	5(0.67,0.6)	
[Info]66 Clusters are found in total!
[Info]Step 1: likelihood: 1272.9386, Delta_likelihood: 0.010
oxoooooooxoooooxooooooooooooooooooooooxoooxoooooxooooxooooxooooxoooooooooxoooooooooxoooooooxooooooox
oooooooooooooooooxooooooooooooxooooooxooooooxooooooxoooooooooxoooooooooooooxoooooooooooooo
[Info]Clusters:563(0.71,2.9)	1257(0.64,2.2)	620(0.76,2.8)	21(0.56,8.1)	400(0.83,3.6)	587(0.62,2.6)	713(0.65,2.4)	154(0.65,2.3)	858(0.78,2.7)	608(0.66,2.9)	367(0.82,3.3)	108(0.80,6.4)	630(0.74,2.7)	141(0.80,5.7)	389(0.63,2.8)	90(0.67,3.4)	321(0.66,3.2)	540(0.74,2.6)	1739(0.63,2.0)	30(0.87,8.3)	830(0.71,2.7)	1105(0.81,3.0)	173(0.77,3.4)	1458(0.69,2.3)	443(0.87,3.8)	448(0.71,2.9)	45(0.61,4.9)	299(0.86,4.2)	121(0.79,4.1)	61(0.87,8.8)	22(0.87,11.5)	750(0.82,2.9)	876(0.76,3.0)	831(0.78,2.9)	112(0.88,10.8)	109(0.90,11.1)	312(0.90,7.2)	296(0.86,4.9)	1141(0.80,2.6)	51(0.82,7.9)	28(0.81,16.8)	324(0.79,2.6)	58(0.89,17.5)	249(0.84,4.3)	129(0.90,16.2)	85(0.90,20.0)	25(0.81,39.2)	39(0.91,26.0)	247(0.63,3.2)	70(0.87,9.4)	44(0.85,14.5)	20(0.85,22.0)	651(0.64,2.2)	177(0.91,6.6)	383(0.74,3.5)	9(0.79,22.8)	346(0.81,3.0)	8(0.73,8.4)	257(0.84,6.5)	4(0.67,1.5)	145(0.64,2.9)	4(0.86,23.3)	27(0.84,5.1)	8(0.80,20.0)	9(0.70,19.8)	5(0.67,0.6)	
[Info]66 Clusters are found in total!
[Info]Step 2: likelihood: 1259.5446, Delta_likelihood: 0.011
oooooooooooooooooooooxooooxoooooooooooooxoooooooxooooooxoooooooooooooxooooooooooooooxooooxoooooooxoo
ooooooxooooooooooooxoooooooxooooooooooooooxoooooooooxooooxoooooooooxoooooo
[Info]Clusters:577(0.69,2.8)	1263(0.63,2.2)	630(0.77,2.9)	23(0.59,8.2)	401(0.83,3.2)	573(0.66,2.7)	705(0.65,2.5)	178(0.61,2.4)	871(0.77,2.7)	577(0.68,3.1)	353(0.81,3.3)	123(0.81,5.9)	655(0.74,2.8)	139(0.81,6.3)	388(0.65,2.7)	86(0.75,3.7)	337(0.66,3.5)	540(0.73,2.4)	1733(0.61,2.0)	40(0.81,7.0)	823(0.68,2.4)	1081(0.80,2.8)	182(0.75,3.0)	1455(0.69,2.2)	438(0.88,4.3)	436(0.71,2.5)	41(0.63,5.6)	281(0.86,3.9)	114(0.81,3.6)	51(0.88,9.3)	24(0.86,10.9)	770(0.84,3.3)	899(0.76,3.3)	867(0.77,2.9)	112(0.88,10.2)	98(0.92,11.4)	301(0.90,6.7)	304(0.86,4.9)	1142(0.81,2.7)	49(0.84,6.7)	26(0.81,17.9)	312(0.84,3.1)	55(0.88,18.5)	241(0.81,3.7)	111(0.91,18.1)	76(0.91,21.1)	20(0.80,44.6)	42(0.92,23.7)	236(0.64,2.9)	64(0.87,9.7)	50(0.86,14.7)	19(0.85,24.7)	648(0.63,2.2)	201(0.90,6.7)	381(0.78,3.8)	7(0.80,25.4)	323(0.82,2.7)	11(0.69,6.4)	272(0.84,6.7)	5(0.83,1.2)	155(0.64,3.1)	5(0.84,19.4)	30(0.85,7.4)	7(0.80,22.4)	6(0.69,28.2)	6(1.00,1.0)	9(0.50,0.4)	
[Info]67 Clusters are found in total!
[Info]Step 3: likelihood: 1245.2657, Delta_likelihood: 0.011
oxooooooooooooooooooooooxoxooooooxooooooooooooooooooooxoxooooooooooooooooooooooooooooooooooooooxoooo
xoooooxoooooooooooooxoooooxoooooooxooooooooxoooooooooooooooooooooooo
[Info]Clusters:570(0.69,3.0)	1272(0.63,2.3)	630(0.77,2.8)	23(0.61,8.7)	417(0.84,3.4)	608(0.64,2.7)	701(0.65,2.4)	167(0.69,2.3)	827(0.77,2.8)	577(0.69,3.0)	358(0.84,3.4)	115(0.83,6.5)	660(0.74,3.0)	127(0.82,5.6)	376(0.64,2.6)	89(0.72,2.9)	337(0.65,3.4)	573(0.74,2.8)	1762(0.61,2.1)	39(0.82,7.4)	817(0.68,2.6)	1071(0.80,2.7)	184(0.77,3.7)	1435(0.71,2.3)	434(0.88,4.6)	427(0.71,2.6)	33(0.60,4.9)	302(0.84,3.7)	113(0.82,4.4)	57(0.87,9.3)	23(0.86,11.8)	798(0.82,3.3)	860(0.76,3.2)	825(0.76,2.5)	99(0.89,10.8)	96(0.91,11.2)	286(0.91,6.3)	320(0.85,4.9)	1194(0.81,3.0)	54(0.87,6.9)	26(0.82,17.7)	319(0.79,2.5)	47(0.90,18.9)	228(0.83,3.9)	115(0.90,17.2)	81(0.90,20.4)	23(0.82,41.2)	39(0.91,25.7)	235(0.66,2.9)	73(0.87,9.1)	51(0.85,13.7)	18(0.85,24.6)	676(0.64,2.3)	181(0.91,6.6)	357(0.77,3.3)	7(0.81,25.3)	332(0.83,2.7)	8(0.66,7.4)	269(0.84,6.1)	4(0.67,0.8)	156(0.53,2.6)	7(0.82,16.1)	35(0.85,7.3)	8(0.79,20.1)	7(0.69,24.7)	6(0.43,1.2)	14(0.72,1.3)	
[Info]67 Clusters are found in total!
[Info]Step 4: likelihood: 1256.1634, Delta_likelihood: -0.009
oxoooooooxooooooxooooooxooooooxooxoooooooooooxooooxoooooooooooooooxoooooooooxooooooooxooooooooooooox
oooxoooooooxooooooxoooooooxooooooooxoooooooooxooooxoooooooxooooooooooooo
[Info]Accumulating evaluation results during sampling...
[Info]Clusters:556(0.70,3.1)	1235(0.63,2.1)	651(0.79,3.4)	21(0.63,8.6)	416(0.84,3.4)	618(0.62,2.9)	732(0.63,2.4)	161(0.60,2.1)	853(0.77,2.8)	568(0.70,2.9)	353(0.81,3.2)	110(0.84,6.7)	665(0.74,3.0)	126(0.80,5.1)	369(0.66,2.6)	84(0.64,2.2)	351(0.64,3.4)	540(0.74,2.5)	1754(0.63,2.0)	40(0.81,6.6)	822(0.69,2.6)	1069(0.81,2.7)	179(0.79,3.2)	1471(0.69,2.3)	434(0.88,4.1)	437(0.73,2.8)	41(0.62,5.4)	297(0.84,3.4)	107(0.81,4.4)	64(0.85,8.1)	23(0.88,13.2)	748(0.83,3.0)	856(0.77,3.2)	829(0.76,2.6)	103(0.89,10.4)	103(0.90,9.7)	289(0.89,6.4)	322(0.84,5.2)	1176(0.80,2.9)	53(0.84,7.0)	31(0.84,19.1)	326(0.80,2.6)	48(0.89,18.4)	249(0.83,4.0)	119(0.90,16.9)	74(0.90,22.2)	25(0.77,27.8)	41(0.91,24.8)	249(0.66,3.0)	77(0.87,10.1)	52(0.83,13.2)	19(0.84,23.1)	667(0.63,2.1)	199(0.90,6.8)	355(0.76,3.3)	7(0.82,25.1)	347(0.82,3.4)	9(0.69,6.6)	258(0.85,6.8)	3(NaN,0.0)	133(0.62,2.7)	5(0.92,46.6)	28(0.83,5.4)	10(0.80,20.6)	5(0.69,33.2)	6(0.88,10.0)	10(0.77,1.3)	
[Info]67 Clusters are found in total!
[Info]Step 5: likelihood: 1251.4557, Delta_likelihood: 0.004
oxooooooxooooooooooooooooooooooooooooooooooooooooooooooxooooooxooooooxooooooxooooooooxoooooooooooooo
ooxooooooxooooooxooooooxoooooooooooooooooooxooooooxoooooooooooooooxoooo
[Info]Clusters:553(0.69,2.7)	1220(0.62,2.1)	615(0.78,3.0)	18(0.58,8.1)	437(0.82,3.2)	593(0.65,2.7)	713(0.63,2.3)	169(0.65,2.7)	866(0.74,2.6)	564(0.70,3.0)	357(0.83,3.8)	117(0.82,6.5)	674(0.74,3.1)	119(0.81,5.7)	378(0.65,2.6)	96(0.64,2.6)	336(0.66,3.1)	533(0.72,2.5)	1785(0.63,2.2)	32(0.85,6.6)	788(0.69,2.5)	1080(0.81,2.7)	176(0.78,3.3)	1515(0.68,2.3)	435(0.89,4.6)	430(0.73,2.3)	39(0.61,6.2)	310(0.84,3.7)	125(0.81,5.6)	61(0.85,8.6)	27(0.88,9.9)	748(0.82,3.1)	860(0.77,3.4)	857(0.76,2.7)	101(0.88,8.5)	92(0.92,9.8)	280(0.90,6.8)	318(0.85,5.1)	1162(0.81,3.0)	48(0.88,6.9)	32(0.85,19.7)	326(0.83,3.1)	50(0.89,17.9)	245(0.81,3.9)	120(0.89,16.8)	86(0.90,19.6)	26(0.78,27.4)	35(0.92,27.3)	243(0.65,3.4)	66(0.86,9.4)	40(0.86,15.0)	22(0.84,20.4)	672(0.63,2.3)	196(0.91,6.6)	386(0.75,3.3)	11(0.80,17.9)	330(0.83,3.6)	6(0.70,8.3)	254(0.85,6.8)	3(NaN,0.0)	133(0.63,2.5)	5(0.86,19.4)	32(0.86,7.1)	9(0.80,20.9)	6(0.69,28.2)	6(0.96,16.5)	11(0.79,3.5)	
[Info]67 Clusters are found in total!
[Info]Step 6: likelihood: 1228.2640, Delta_likelihood: 0.019
oxooooooooooooooxoooooooooooooxoooooooxoooooxoooooooooooooooxooooooxoooooooxoooxooooooooooxooooooooo
xoooooooooooooooooxooxoooooooooooooooooooooooxooooooxooooooooooooxoooooxooo
[Info]Clusters:563(0.68,2.9)	1203(0.64,2.1)	613(0.80,3.1)	20(0.59,7.6)	415(0.81,2.9)	621(0.67,3.1)	704(0.63,2.3)	177(0.68,3.2)	844(0.74,2.6)	568(0.67,2.9)	365(0.85,3.7)	116(0.82,6.6)	667(0.76,3.0)	127(0.78,5.8)	391(0.65,2.7)	88(0.65,2.3)	358(0.66,3.7)	542(0.74,2.7)	1741(0.62,2.1)	38(0.84,6.6)	844(0.68,2.8)	1081(0.81,3.0)	170(0.76,3.0)	1459(0.68,2.2)	444(0.89,4.4)	420(0.74,2.8)	40(0.63,5.1)	282(0.86,3.5)	127(0.80,4.1)	53(0.87,8.7)	24(0.88,10.8)	784(0.83,3.2)	862(0.76,3.3)	871(0.76,2.7)	91(0.89,8.7)	91(0.92,10.5)	287(0.90,6.5)	326(0.84,5.2)	1198(0.80,2.7)	48(0.87,6.4)	23(0.83,19.3)	323(0.83,3.2)	47(0.90,18.8)	240(0.81,3.4)	114(0.90,17.7)	78(0.90,19.3)	21(0.78,33.0)	35(0.92,27.4)	248(0.68,3.5)	69(0.88,9.6)	36(0.86,16.2)	19(0.84,23.8)	676(0.64,2.2)	175(0.91,7.1)	381(0.75,3.4)	12(0.81,16.0)	341(0.86,3.8)	9(0.71,6.6)	257(0.85,6.9)	5(0.78,3.6)	138(0.66,2.5)	4(0.86,24.3)	32(0.86,8.3)	12(0.79,14.3)	7(0.70,26.6)	4(NaN,0.0)	9(0.77,1.4)	
[Info]67 Clusters are found in total!
[Info]Step 7: likelihood: 1228.5105, Delta_likelihood: -0.000
ooxoooooooooooooooooooooooooooxooooooooooooooooooooooooooooooooxooooooooooooooooooxooooooooooooooooo
oooooooxoooooooxooooooooooooooxoooooooooooooxoooooooooooooooooooxooooxoooooooxoooooxooo
[Info]Clusters:544(0.67,2.5)	1235(0.61,2.1)	645(0.79,3.4)	23(0.58,8.1)	409(0.83,3.2)	592(0.66,2.7)	714(0.64,2.3)	188(0.72,3.6)	834(0.76,2.7)	582(0.69,3.1)	360(0.85,3.5)	120(0.83,7.1)	688(0.74,3.1)	138(0.76,4.8)	403(0.67,3.0)	96(0.75,4.1)	331(0.66,3.4)	526(0.72,2.4)	1776(0.62,2.0)	35(0.85,7.7)	839(0.67,2.8)	1081(0.81,3.0)	176(0.76,3.2)	1458(0.69,2.2)	440(0.89,4.5)	421(0.73,2.3)	43(0.63,5.0)	310(0.85,3.5)	117(0.78,3.3)	64(0.86,10.1)	21(0.89,12.8)	766(0.82,3.0)	862(0.76,3.1)	843(0.76,2.6)	103(0.88,8.7)	90(0.92,10.7)	290(0.89,6.2)	316(0.86,5.0)	1152(0.80,2.9)	55(0.83,6.3)	23(0.84,20.4)	324(0.81,2.8)	53(0.89,17.1)	227(0.83,3.4)	122(0.90,16.4)	76(0.90,20.4)	21(0.78,32.3)	40(0.92,25.9)	233(0.65,3.1)	67(0.88,11.1)	39(0.85,15.1)	21(0.84,21.2)	662(0.66,2.4)	183(0.91,7.0)	371(0.75,3.4)	10(0.80,19.4)	331(0.84,3.5)	9(0.81,11.2)	281(0.86,7.2)	3(NaN,0.0)	132(0.60,2.2)	3(0.86,30.3)	30(0.86,4.9)	11(0.80,15.4)	5(0.69,33.2)	6(0.75,2.7)	9(0.87,3.3)	
[Info]67 Clusters are found in total!
[Info]Step 8: likelihood: 1228.9050, Delta_likelihood: -0.000
ooooooooooxooooooooooooxoooooooooooxoooooooooooooxooooxoooooooooooxoooxoooooooooooooxooooooxoooooooo
oooooooooooooooooxooooxoooooooooxooooooxooooxooooxoooooooooooooooooooooooo
[Info]Clusters:531(0.68,2.3)	1255(0.62,2.2)	625(0.78,3.2)	21(0.58,8.2)	416(0.84,3.3)	587(0.62,2.6)	700(0.64,2.3)	163(0.66,2.5)	841(0.75,2.8)	580(0.68,3.0)	350(0.84,3.8)	129(0.82,6.6)	685(0.75,3.0)	126(0.77,5.1)	365(0.67,2.9)	96(0.77,3.6)	331(0.67,3.3)	520(0.78,2.6)	1771(0.61,2.0)	35(0.83,7.2)	838(0.69,2.9)	1090(0.80,2.8)	182(0.72,2.6)	1476(0.69,2.4)	420(0.89,4.5)	429(0.73,2.7)	44(0.58,4.9)	310(0.85,3.8)	123(0.79,3.7)	58(0.86,8.9)	23(0.86,10.6)	783(0.82,3.2)	867(0.77,3.3)	854(0.77,3.0)	96(0.88,8.8)	99(0.91,10.1)	287(0.90,6.4)	307(0.86,4.7)	1181(0.79,2.8)	51(0.87,8.7)	24(0.83,19.1)	319(0.82,3.1)	52(0.89,17.5)	244(0.80,3.5)	121(0.90,16.6)	72(0.90,20.4)	25(0.78,29.0)	40(0.91,25.1)	243(0.64,3.1)	76(0.87,10.1)	41(0.86,15.8)	16(0.85,26.5)	637(0.66,2.3)	193(0.91,6.7)	386(0.75,3.3)	6(0.82,29.0)	342(0.84,3.2)	10(0.77,10.2)	272(0.85,7.1)	6(0.67,2.5)	136(0.58,2.1)	3(0.86,30.3)	31(0.87,6.9)	9(0.82,21.3)	6(0.69,28.2)	8(0.63,3.4)	15(0.69,3.7)	
[Info]67 Clusters are found in total!
[Info]Step 9: likelihood: 1229.2344, Delta_likelihood: -0.000
oooooooooxoooooooxooooooxoxooooooxooooooxooooooxoooxoooooooxoooooooooxooooooooooooooooooxoooxoooooxo
oooooxooooxooooxooooxooooooooooooxoooooooxooooxooooxoooooxooooooooooooxooooooxooooooooooxoo
[Info]Accumulating evaluation results during sampling...
[Info]Clusters:574(0.70,2.8)	1247(0.62,2.2)	633(0.80,3.4)	19(0.62,10.3)	389(0.85,3.1)	603(0.64,2.7)	658(0.65,2.1)	162(0.61,2.1)	851(0.76,2.9)	596(0.69,3.0)	354(0.83,3.4)	117(0.81,6.3)	666(0.75,3.0)	129(0.80,5.9)	396(0.63,3.0)	83(0.68,2.6)	319(0.66,3.6)	533(0.76,2.7)	1744(0.62,2.0)	32(0.85,6.3)	832(0.69,2.7)	1089(0.78,2.7)	182(0.76,3.0)	1466(0.70,2.2)	444(0.88,4.6)	430(0.70,2.2)	43(0.66,6.4)	326(0.85,4.0)	126(0.80,3.7)	57(0.87,9.4)	17(0.89,12.2)	763(0.81,3.1)	862(0.77,3.4)	870(0.77,3.0)	97(0.88,8.8)	101(0.91,9.1)	300(0.89,6.5)	312(0.87,4.9)	1162(0.78,2.5)	48(0.86,7.0)	30(0.83,18.4)	324(0.87,3.8)	59(0.88,16.2)	239(0.84,3.7)	112(0.90,17.8)	78(0.90,19.3)	30(0.77,23.9)	33(0.92,29.2)	242(0.64,3.1)	73(0.86,9.5)	52(0.85,12.7)	15(0.85,28.1)	642(0.64,2.3)	186(0.90,6.8)	400(0.75,3.5)	10(0.82,19.5)	331(0.85,3.6)	13(0.70,8.1)	266(0.85,6.7)	5(0.57,1.4)	137(0.60,2.4)	4(0.85,23.5)	32(0.85,5.1)	8(0.80,20.3)	9(0.69,20.7)	6(0.75,1.3)	9(0.67,0.3)	9(0.56,1.0)	
[Info]68 Clusters are found in total!
[Info]Step 10: likelihood: 1209.1970, Delta_likelihood: 0.017
oxoooooooooooooxoxooooooooooooooooooooooooooooxoooooooooooooooooooooooooooooooooooooooxoooooooooooox
ooooooooooooooooooooooooooooxoooooooxoooooxooooooooxooooooooooooooooooxoooooo
[Info]Clusters:557(0.69,2.5)	1263(0.62,2.2)	635(0.79,3.3)	20(0.62,9.8)	411(0.84,3.3)	601(0.64,2.6)	671(0.67,2.2)	166(0.65,2.9)	823(0.75,2.6)	556(0.72,2.9)	347(0.81,3.4)	108(0.82,6.6)	657(0.77,3.3)	132(0.81,5.8)	389(0.60,2.9)	84(0.73,2.6)	337(0.67,3.4)	541(0.76,3.0)	1746(0.60,1.9)	35(0.88,6.2)	831(0.70,2.6)	1095(0.80,2.9)	175(0.81,3.2)	1475(0.68,2.3)	426(0.87,4.5)	415(0.72,2.3)	43(0.64,5.1)	332(0.84,3.9)	121(0.75,2.9)	71(0.83,8.0)	20(0.88,8.3)	754(0.83,2.9)	873(0.78,3.6)	850(0.76,2.7)	106(0.89,9.0)	100(0.90,10.1)	302(0.89,5.9)	312(0.86,4.8)	1165(0.79,2.8)	53(0.84,6.4)	23(0.83,19.3)	325(0.85,3.6)	57(0.89,16.1)	250(0.81,3.7)	128(0.90,16.3)	81(0.90,18.1)	21(0.78,32.8)	44(0.91,25.0)	258(0.63,3.3)	75(0.86,9.5)	45(0.85,15.0)	18(0.86,26.5)	657(0.63,2.4)	193(0.91,7.0)	364(0.74,3.4)	9(0.80,20.6)	335(0.84,3.3)	11(0.73,8.9)	274(0.86,6.6)	4(0.67,0.8)	135(0.66,2.3)	3(0.86,30.3)	36(0.79,5.1)	11(0.80,15.5)	7(0.71,28.9)	6(0.86,2.3)	8(NaN,0.0)	10(0.40,1.0)	
[Info]68 Clusters are found in total!
[Info]Step 11: likelihood: 1211.3036, Delta_likelihood: -0.002
oooooooooooooxooxooooooooooooooxooooooooooooxooooooxoooooooxooooooooooooooooooooooooooooooxooooooooo
xooooooooooooooooooooxoooxooooooooooooxoooooooxooooooxooooooooooooooooo
[Info]Clusters:565(0.69,2.6)	1232(0.64,2.2)	630(0.78,3.2)	22(0.61,7.1)	420(0.82,3.0)	614(0.64,2.7)	679(0.66,2.1)	170(0.67,2.8)	847(0.75,2.6)	554(0.71,2.7)	348(0.83,3.8)	104(0.82,5.9)	669(0.75,3.1)	123(0.82,5.8)	408(0.63,3.0)	97(0.71,2.8)	327(0.64,3.1)	529(0.77,3.2)	1768(0.61,2.0)	30(0.88,5.9)	814(0.69,2.7)	1088(0.82,3.0)	175(0.75,2.8)	1491(0.67,2.3)	431(0.88,4.5)	399(0.73,2.6)	42(0.64,4.8)	324(0.85,4.4)	107(0.77,2.7)	64(0.85,8.5)	21(0.87,8.9)	752(0.83,3.2)	889(0.77,3.4)	842(0.76,2.8)	105(0.88,8.3)	98(0.91,9.8)	294(0.89,5.5)	312(0.86,4.8)	1198(0.81,3.0)	50(0.86,6.5)	30(0.84,17.0)	312(0.84,3.4)	48(0.89,20.0)	256(0.78,4.1)	116(0.90,16.7)	70(0.90,20.8)	20(0.78,33.6)	46(0.91,22.9)	265(0.64,3.4)	80(0.86,9.6)	45(0.85,13.6)	21(0.84,23.8)	662(0.66,2.4)	186(0.90,7.2)	383(0.74,3.1)	6(0.82,29.0)	334(0.84,3.5)	9(0.71,6.6)	267(0.85,6.9)	3(NaN,0.0)	123(0.68,2.1)	3(0.86,30.3)	28(0.84,5.3)	8(0.80,19.9)	7(0.67,26.3)	5(0.67,0.6)	12(0.59,1.8)	9(0.90,2.3)	
[Info]68 Clusters are found in total!
[Info]Step 12: likelihood: 1213.4005, Delta_likelihood: -0.002
ooooooooxooooooooxooooooooooooooooooooxooooooxooooooxoooooooxooooooooxoooxooooooooooooooooooooxoooxo
oooxooooxoooooooooooooooooooxooooooxooooxooooxooooxoooooooooxoooooooxoooxoooooxoooo
[Info]Clusters:560(0.67,2.5)	1210(0.64,2.1)	650(0.79,3.4)	20(0.62,8.2)	422(0.83,3.1)	607(0.64,2.9)	696(0.65,2.3)	180(0.68,2.9)	853(0.74,2.7)	551(0.72,2.9)	356(0.82,3.4)	102(0.82,5.8)	667(0.76,3.2)	141(0.82,6.0)	395(0.62,3.0)	92(0.71,2.8)	341(0.63,3.4)	550(0.79,3.3)	1753(0.61,2.0)	32(0.86,5.9)	804(0.69,2.8)	1108(0.80,2.8)	183(0.76,3.3)	1467(0.67,2.3)	439(0.89,4.4)	447(0.69,2.7)	38(0.58,3.8)	324(0.84,3.9)	108(0.77,2.7)	65(0.86,8.8)	19(0.88,8.6)	769(0.84,3.3)	852(0.76,3.1)	862(0.77,2.8)	89(0.87,8.1)	94(0.90,10.5)	285(0.91,6.3)	321(0.85,4.7)	1176(0.80,2.7)	52(0.87,7.4)	25(0.83,18.4)	325(0.86,3.6)	57(0.88,16.5)	250(0.80,3.4)	112(0.90,17.5)	70(0.90,21.6)	25(0.77,27.6)	38(0.92,26.1)	236(0.64,3.3)	76(0.85,8.5)	44(0.87,14.8)	21(0.84,21.2)	670(0.67,2.5)	179(0.90,7.1)	367(0.73,3.2)	6(0.82,29.0)	315(0.87,4.2)	7(0.72,7.7)	264(0.85,6.7)	5(0.90,7.8)	135(0.68,2.7)	5(0.87,22.0)	32(0.75,5.6)	8(0.79,20.0)	6(0.71,31.2)	6(0.85,5.7)	12(0.73,1.3)	10(0.44,1.8)	
[Info]68 Clusters are found in total!
[Info]Step 13: likelihood: 1216.0079, Delta_likelihood: -0.002
oxoooooooxoooooxoooooooxoooooooxoooxoooooooxooooxoooooooooooooooooooxoooooooooooooxoooooooxooooxoooo
oxoooooooooooooooooxoooooooooooooooxoxoooooooooooooxooooooxooooooxoooooooxoo
[Info]Clusters:556(0.68,2.4)	1245(0.63,2.2)	636(0.79,3.2)	23(0.51,6.4)	417(0.84,3.4)	614(0.64,2.9)	700(0.65,2.3)	165(0.68,2.6)	844(0.74,2.7)	562(0.72,3.2)	356(0.82,3.5)	113(0.80,5.7)	666(0.79,3.5)	129(0.80,5.8)	375(0.66,3.1)	97(0.74,3.2)	343(0.65,3.2)	523(0.79,2.9)	1745(0.61,2.0)	38(0.85,7.0)	790(0.69,2.9)	1082(0.82,2.9)	179(0.78,3.2)	1483(0.68,2.3)	449(0.88,4.5)	441(0.69,2.8)	40(0.62,4.6)	309(0.85,3.6)	109(0.76,2.7)	64(0.87,8.6)	19(0.88,8.6)	763(0.83,2.9)	864(0.75,3.0)	868(0.76,3.0)	100(0.87,7.6)	99(0.90,9.9)	280(0.91,6.3)	297(0.86,4.8)	1178(0.78,2.7)	49(0.87,7.1)	28(0.83,16.8)	329(0.83,3.4)	50(0.89,17.7)	246(0.79,3.4)	116(0.89,17.1)	80(0.89,18.8)	20(0.77,32.2)	32(0.93,29.2)	251(0.65,3.4)	75(0.85,8.8)	44(0.86,14.0)	16(0.85,27.4)	668(0.64,2.3)	188(0.88,6.7)	392(0.77,4.0)	9(0.81,23.2)	331(0.85,4.0)	6(0.70,8.3)	271(0.86,6.9)	6(0.74,3.2)	131(0.72,2.7)	7(0.85,14.9)	32(0.86,6.9)	11(0.79,15.5)	6(0.70,28.5)	4(NaN,0.0)	9(1.00,0.3)	13(0.59,2.6)	7(0.67,0.9)	12(0.70,0.8)	
[Info]70 Clusters are found in total!
[Info]Step 14: likelihood: 1207.9582, Delta_likelihood: 0.007
ooxooooooooooooooooooooxooooooooxoooooooxooooooooooxoooooooooooooooooooooooooooooooooxooooooxoooxooo
oxoooxoooooxooooooxooooooooooooooooxoooooooxoooxooooooooooooooo
[Info]Accumulating evaluation results during sampling...
[Info]Clusters:528(0.67,2.2)	1240(0.63,2.2)	654(0.78,3.2)	22(0.56,6.0)	407(0.85,3.6)	603(0.62,2.8)	705(0.65,2.4)	163(0.68,2.7)	850(0.74,2.6)	540(0.73,3.0)	362(0.82,3.7)	112(0.83,6.4)	666(0.77,3.3)	136(0.81,6.3)	382(0.66,2.9)	79(0.71,2.6)	314(0.66,3.0)	536(0.78,3.2)	1791(0.61,2.1)	42(0.83,7.5)	808(0.67,2.6)	1109(0.81,3.1)	203(0.75,3.2)	1506(0.68,2.4)	433(0.88,4.8)	444(0.71,2.8)	42(0.67,5.3)	293(0.85,3.2)	113(0.82,3.7)	61(0.88,9.5)	23(0.85,8.6)	789(0.81,3.1)	864(0.76,3.1)	832(0.77,2.8)	90(0.88,8.1)	104(0.91,9.9)	284(0.90,6.1)	288(0.86,4.6)	1177(0.78,2.6)	57(0.84,6.5)	29(0.83,17.1)	315(0.87,3.2)	60(0.89,17.4)	242(0.79,3.5)	120(0.90,16.3)	84(0.89,17.6)	19(0.76,32.2)	39(0.94,24.0)	237(0.63,2.9)	58(0.87,9.6)	42(0.86,15.3)	18(0.84,24.3)	659(0.66,2.5)	176(0.90,7.0)	386(0.78,3.9)	8(0.80,22.9)	351(0.85,3.8)	6(0.70,8.3)	267(0.86,6.8)	4(0.67,0.8)	129(0.67,2.6)	3(0.86,30.3)	31(0.83,5.5)	14(0.77,13.4)	6(0.70,30.3)	5(0.67,0.6)	9(0.71,1.6)	14(0.67,2.6)	5(NaN,0.0)	12(0.70,0.8)	
[Info]70 Clusters are found in total!
[Info]Step 15: likelihood: 1201.5163, Delta_likelihood: 0.005
oooooooooooooxooxoooooxoooooooxoooooooooooxooooooooxooooooxoooooooooooooooxoooooooxoooooooooooooxooo
ooooooxoooooxoooooxooooooooooooooooooxooooooooooooxoooooooooooooooooooo
[Info]Clusters:570(0.69,2.5)	1249(0.64,2.1)	632(0.79,3.3)	15(0.50,6.9)	434(0.83,3.5)	607(0.63,2.8)	693(0.66,2.2)	169(0.68,2.8)	857(0.74,2.8)	552(0.70,2.8)	343(0.82,3.5)	101(0.84,7.1)	671(0.76,3.1)	142(0.80,5.2)	385(0.64,2.9)	90(0.72,2.7)	304(0.64,3.0)	526(0.79,3.0)	1754(0.62,2.1)	32(0.86,7.2)	822(0.68,2.6)	1103(0.80,3.1)	164(0.80,3.1)	1475(0.68,2.3)	418(0.89,4.6)	426(0.73,2.6)	46(0.63,4.5)	297(0.84,3.8)	123(0.74,3.0)	60(0.85,8.8)	19(0.87,8.8)	764(0.83,3.0)	875(0.77,3.1)	845(0.75,3.0)	107(0.86,7.1)	96(0.91,9.8)	291(0.90,5.7)	317(0.86,4.8)	1198(0.79,2.8)	53(0.86,6.9)	30(0.82,15.5)	313(0.87,4.1)	50(0.90,20.3)	244(0.79,3.2)	121(0.90,16.4)	84(0.89,18.1)	23(0.76,27.3)	35(0.94,26.3)	245(0.64,3.3)	67(0.86,8.5)	42(0.85,14.6)	18(0.83,24.4)	670(0.68,2.8)	188(0.90,6.9)	387(0.72,3.4)	7(0.81,26.1)	338(0.85,3.9)	8(0.72,7.1)	262(0.86,6.8)	4(1.00,0.5)	134(0.62,2.2)	4(0.85,23.5)	38(0.81,6.8)	10(0.80,16.6)	7(0.69,25.7)	8(0.82,1.4)	11(0.78,0.8)	9(0.67,0.3)	6(0.67,1.0)	12(0.43,1.2)	
[Info]70 Clusters are found in total!
[Info]Step 16: likelihood: 1207.3815, Delta_likelihood: -0.005
oooooooooooooooooooooxoooooooxoooooooooooooxoooooooooooooxoooooooxooooooxoooooooooooooxoooooooxooooo
ooxooooxoooooxoooxoooooooooooxoooooooxoooooooxoooooooxoooooooxoooxoooooxoooooo
[Info]Clusters:553(0.68,2.5)	1240(0.63,2.2)	611(0.79,3.0)	20(0.50,6.8)	425(0.83,3.2)	598(0.63,2.7)	698(0.66,2.2)	170(0.68,2.6)	860(0.76,2.9)	532(0.73,2.7)	364(0.80,3.2)	102(0.82,5.7)	655(0.76,3.2)	132(0.80,5.5)	395(0.66,3.1)	81(0.79,2.6)	318(0.65,3.2)	539(0.80,3.1)	1768(0.61,2.0)	40(0.84,6.1)	820(0.66,2.5)	1123(0.80,2.9)	159(0.75,2.7)	1472(0.68,2.4)	442(0.89,4.4)	433(0.71,2.7)	37(0.57,3.9)	287(0.85,3.9)	115(0.76,3.2)	70(0.86,9.5)	19(0.88,9.7)	760(0.82,3.1)	839(0.77,3.1)	853(0.76,3.1)	106(0.85,7.4)	90(0.91,10.5)	300(0.90,6.1)	308(0.86,4.9)	1197(0.79,2.8)	51(0.83,6.9)	26(0.83,19.3)	322(0.84,3.4)	60(0.89,17.5)	218(0.81,2.6)	118(0.91,17.1)	83(0.89,18.6)	22(0.76,28.2)	37(0.93,25.2)	247(0.60,3.4)	64(0.87,9.1)	48(0.86,14.2)	23(0.85,20.5)	661(0.63,2.4)	189(0.91,6.9)	389(0.75,3.6)	7(0.82,25.3)	362(0.85,4.3)	9(0.66,7.6)	275(0.86,7.3)	4(0.90,5.0)	133(0.70,2.1)	5(0.86,23.6)	34(0.79,6.7)	11(0.79,15.8)	12(0.72,17.8)	7(0.67,1.3)	13(0.73,3.8)	12(0.83,3.3)	9(0.73,1.2)	12(0.62,1.1)	8(0.67,0.8)	9(0.83,0.7)	15(0.77,0.9)	
[Info]73 Clusters are found in total!
[Info]Step 17: likelihood: 1210.2325, Delta_likelihood: -0.002
ooxoooooooooooooooxoooooxoooooooxooooooxoooooooooooooooxooxooooooxooooooxooooooooooooooooxoooooooooo
ooooxooooooooooooooxooooooooooooooooooooooooo
[Info]Clusters:556(0.67,2.3)	1232(0.64,2.1)	590(0.79,3.0)	17(0.50,6.5)	415(0.83,3.6)	583(0.63,2.6)	691(0.66,2.2)	159(0.71,3.0)	866(0.75,3.0)	543(0.73,2.7)	361(0.84,4.0)	116(0.82,6.1)	672(0.74,3.3)	137(0.82,5.4)	401(0.66,2.9)	106(0.78,3.4)	322(0.63,3.2)	520(0.75,2.6)	1733(0.62,2.0)	42(0.82,7.1)	814(0.66,2.4)	1110(0.81,3.1)	173(0.78,3.2)	1496(0.69,2.6)	436(0.89,4.2)	480(0.72,3.2)	36(0.57,4.2)	297(0.85,4.0)	116(0.82,3.1)	65(0.85,8.4)	22(0.86,8.2)	777(0.82,3.1)	877(0.77,3.1)	844(0.75,2.8)	98(0.85,7.9)	95(0.91,9.1)	292(0.89,6.1)	311(0.87,4.7)	1192(0.79,2.8)	49(0.87,7.3)	31(0.82,16.4)	321(0.84,3.1)	48(0.90,20.9)	250(0.79,3.2)	127(0.90,15.5)	69(0.90,20.3)	19(0.76,32.3)	36(0.94,27.4)	231(0.64,3.1)	68(0.87,9.8)	43(0.86,14.0)	20(0.85,22.4)	663(0.62,2.4)	173(0.91,6.7)	377(0.71,3.3)	8(0.81,22.5)	334(0.87,4.3)	8(0.72,8.9)	268(0.86,7.0)	5(0.82,2.2)	136(0.70,2.7)	3(0.86,30.3)	33(0.84,9.4)	10(0.79,17.8)	8(0.69,22.3)	7(0.88,1.1)	12(0.80,2.1)	15(0.71,2.3)	6(0.67,0.5)	15(0.76,1.4)	8(0.67,0.8)	11(0.79,1.7)	19(0.70,2.3)	6(0.80,0.8)	
[Info]74 Clusters are found in total!
[Info]Step 18: likelihood: 1201.3058, Delta_likelihood: 0.007
oooooooxooxooooooooooooxoooooooxoooooooooooooooooooooooooxooooooooooooooooooooooooxooooooooooooxoooo
xoooooxooooooxooooooxoooooooooooooxoooooooxooooooxooooooxoooooooxoooooooooooooooo
[Info]Clusters:525(0.70,2.4)	1219(0.64,2.1)	643(0.79,3.3)	19(0.54,7.2)	425(0.85,3.9)	591(0.63,2.5)	720(0.67,2.6)	162(0.71,2.6)	858(0.75,2.8)	555(0.73,3.0)	360(0.82,3.3)	106(0.83,6.3)	672(0.77,3.2)	129(0.85,5.3)	416(0.66,2.9)	92(0.69,2.4)	318(0.64,3.0)	508(0.77,2.7)	1731(0.62,2.1)	38(0.84,7.3)	829(0.65,2.5)	1114(0.79,2.8)	183(0.75,2.8)	1478(0.68,2.4)	429(0.89,4.5)	484(0.68,3.1)	41(0.57,4.0)	315(0.85,4.3)	113(0.82,3.8)	56(0.87,8.8)	19(0.90,8.6)	761(0.82,3.1)	881(0.77,3.1)	861(0.77,3.0)	99(0.87,7.3)	93(0.91,9.3)	281(0.89,6.1)	307(0.88,5.2)	1179(0.79,2.7)	45(0.85,7.6)	24(0.82,19.5)	325(0.83,3.1)	48(0.90,20.9)	223(0.79,2.8)	119(0.90,16.3)	70(0.89,20.1)	25(0.76,25.4)	44(0.92,24.4)	246(0.63,3.5)	72(0.85,8.8)	39(0.87,16.7)	17(0.85,25.7)	654(0.65,2.4)	173(0.91,7.3)	383(0.73,3.2)	7(0.83,30.3)	340(0.85,3.9)	8(0.73,7.4)	284(0.86,6.7)	7(0.55,3.1)	138(0.67,3.1)	3(0.86,30.3)	28(0.89,7.3)	9(0.79,19.2)	5(0.69,33.2)	6(0.67,1.0)	10(0.31,1.3)	11(0.90,5.6)	9(0.73,2.9)	14(0.52,1.6)	6(NaN,0.0)	7(NaN,0.0)	16(0.69,1.0)	4(NaN,0.0)	4(0.67,1.5)	
[Info]75 Clusters are found in total!
[Info]Step 19: likelihood: 1185.5346, Delta_likelihood: 0.013
[Info]Accumulating evaluation results during sampling...
MTCLinAdaptWithDP[dim:801,supDim:3072,M:6,alpha:1.0000,#Iter:20,N1(0.000,0.230),N2(1.000,0.100)]
Micro confusion matrix:
	0	1
0	11001	2553
1	3300	44792
Micro F1:
Class 0	0.7899	Class 1	0.9387	
Macro F1:
Class 0	0.7723	Class 1	0.9120	
[Info]Clusters:525(0.70,2.4)	1219(0.64,2.1)	643(0.79,3.3)	19(0.54,7.2)	425(0.85,3.9)	591(0.63,2.5)	720(0.67,2.6)	162(0.71,2.6)	858(0.75,2.8)	555(0.73,3.0)	360(0.82,3.3)	106(0.83,6.3)	672(0.77,3.2)	129(0.85,5.3)	416(0.66,2.9)	92(0.69,2.4)	318(0.64,3.0)	508(0.77,2.7)	1731(0.62,2.1)	38(0.84,7.3)	829(0.65,2.5)	1114(0.79,2.8)	183(0.75,2.8)	1478(0.68,2.4)	429(0.89,4.5)	484(0.68,3.1)	41(0.57,4.0)	315(0.85,4.3)	113(0.82,3.8)	56(0.87,8.8)	19(0.90,8.6)	761(0.82,3.1)	881(0.77,3.1)	861(0.77,3.0)	99(0.87,7.3)	93(0.91,9.3)	281(0.89,6.1)	307(0.88,5.2)	1179(0.79,2.7)	45(0.85,7.6)	24(0.82,19.5)	325(0.83,3.1)	48(0.90,20.9)	223(0.79,2.8)	119(0.90,16.3)	70(0.89,20.1)	25(0.76,25.4)	44(0.92,24.4)	246(0.63,3.5)	72(0.85,8.8)	39(0.87,16.7)	17(0.85,25.7)	654(0.65,2.4)	173(0.91,7.3)	383(0.73,3.2)	7(0.83,30.3)	340(0.85,3.9)	8(0.73,7.4)	284(0.86,6.7)	7(0.55,3.1)	138(0.67,3.1)	3(0.86,30.3)	28(0.89,7.3)	9(0.79,19.2)	5(0.69,33.2)	6(0.67,1.0)	10(0.31,1.3)	11(0.90,5.6)	9(0.73,2.9)	14(0.52,1.6)	6(NaN,0.0)	7(NaN,0.0)	16(0.69,1.0)	4(NaN,0.0)	4(0.67,1.5)	
[Info]75 Clusters are found in total!
[Oracle]test user size: 4000, nu of rvw for cluster assignment: 3[Info]Training size: 0, adaptation size: 78811, and testing size: 61646
