Load 3071 2-gram features from ./data/CoLinAdapt/Yelp/SelectedVocab.csv...
Max review size: 675
Average review length over all users is 47.809, max average length is 240.500.
[Info]Start: 0, End: 2147483647, (11733/11733) users and 140457 reviews are loaded from ./data/CoLinAdapt/Yelp/Users...
[Info]Feature group size 801
[Info]Training size: 0, adaptation size: 93996, and testing size: 46461
MTCLinAdaptWithDP[dim:801,supDim:3072,M:6,alpha:1.0000,#Iter:20,N1(0.000,0.230),N2(1.000,0.100)]
oxoooooooooooooxoooooooxoooooooxoooooooxooooxooooxooooooooooooxoooooooooxooooxooooxoooooooooooxoooxo
oooxooooxoooxoooooxooooooooooxoooooooooxoooooooooooooooooooooooxooooooooxooooooooooooooooxoooooooooo
oooooooooooooooooooooooooooooooooooooxooooooooooooooooxoooooooooooooxooooxoooooooooooooxoooxooooxooo
ooooooooooooooxoooooooooooooooxoooooooooooooooooooooooooooooooooooooxooooxooooooxooooooooxooooxooooo
oooooooooooooooooxoooooooooooooooxoooooxooooooooooooooooxooxoooooooxooooooooooooooooooooooooooxooo
oxoooooooooooooxooooooooooooxooooooooxooooxooooxoooooooooooooxooooooooooooooxooooooooooxoooooooooooo
ooooooooooooooooooooxoooooooooooooooooxoooooooxoooooooooooooooooooooooooooxooooooooxoooxoooooooxoooo
ooooooooooooooooooooooooooxoooxoooooooooooooooooooooxoooooxooooooooxooooooooxoooxoooooooxooooooooo
oxoooooooooooooooooooooxoooooooooooooooooooxooooooooooooxooooxoooooooooxooooooooooooxooooooooooooooo
oooooxoooooooooooooooooooooxoooooooooxoooooooooooooooooxoooxooooooooooooooooooooxooooooxoooxoooooooo
ooooooooooooooooooooooooooooooooooooxooo
oooooooooooooooooxooooooxoxoooooxooooooxooooooooooooooooooooooxoooooooooooooooooooooooooooxoooooxooo
ooooooooooooooxoooooooooooxoooooooxooooooooxooooooxooxooooxoooooooxooxooooooooooxoooooooxooooooooxoo
oooooooooooxoooooooxoooooooooooooooo
oxooooooxooooooxoooooooooooooooooxooooooxooooooooooooooxoooooooxooooooooooooooooooxooooooooooooooooo
ooooooooooooxooooooooxoooxoooooooooooooooxooooxoooooooooxooooooooxoooooooxoooooooooooooooooxoooooxoo
ooooxoooooooooooooooooooooooooooooxoooooooo
ooooooooxoxoooooooxooooooooooooooooooooooooooooooooooooooooooxooooooooooooooxooooooooooooooooooooooo
oooxooooooooooooxoooooooooooxoooooooooooooooooooooxoooooooxooooooooooooxooooxooooooooooooooxoooooooo
oooo
[Info]Accumulating evaluation results during sampling...
[Info]Clusters:455(0.68,6.8)	310(0.75,8.3)	370(0.65,7.5)	186(0.69,6.9)	181(0.71,8.2)	438(0.63,7.7)	421(0.85,13.7)	227(0.68,7.1)	275(0.64,6.8)	120(0.72,8.8)	291(0.62,6.9)	236(0.76,7.5)	373(0.59,6.5)	249(0.79,10.7)	126(0.71,9.2)	375(0.90,19.2)	111(0.68,9.0)	215(0.63,6.4)	144(0.75,9.5)	140(0.75,9.0)	181(0.65,7.9)	140(0.80,14.2)	369(0.61,6.4)	89(0.77,11.8)	186(0.84,16.1)	161(0.83,17.9)	22(0.80,12.2)	113(0.74,11.1)	71(0.82,16.3)	129(0.82,11.1)	79(0.63,9.2)	39(0.71,7.5)	28(0.58,12.1)	73(0.72,9.4)	130(0.86,15.5)	117(0.77,11.4)	52(0.75,12.2)	77(0.84,12.6)	30(0.53,7.2)	22(0.68,9.0)	33(0.85,20.2)	76(0.86,13.7)	185(0.87,16.9)	74(0.81,10.4)	48(0.89,19.5)	168(0.84,13.9)	34(0.80,10.0)	26(0.88,18.6)	9(0.73,3.7)	5(0.81,69.8)	88(0.77,12.5)	98(0.78,12.6)	50(0.85,14.5)	19(0.83,17.9)	70(0.79,14.7)	94(0.69,12.3)	20(0.78,20.9)	18(0.88,32.0)	34(0.77,12.0)	11(0.73,26.3)	6(0.68,13.7)	59(0.86,26.7)	3(0.67,4.0)	38(0.81,10.8)	17(0.88,34.8)	15(0.87,22.2)	1(0.92,303.0)	23(0.85,18.2)	14(0.90,18.7)	43(0.89,29.8)	3(0.52,7.7)	
[Info]71 Clusters are found in total!
[Info]Step 0: likelihood: 1680.9625, Delta_likelihood: -1.000
ooooooooxooooooooooooooxoooooooxoooooooxoooooxoooooooxoooooooxoooooooooooxoooooooooxooooooooooooooxo
oooooxooooooxoooooooxoooooooooooooxooooooooooooooooooooooooooooooxooooooooxoooooooooooooooooooooooxo
ooooooooooxoooooo
[Info]Clusters:403(0.68,7.0)	308(0.76,8.3)	421(0.62,6.9)	215(0.71,7.1)	182(0.69,7.8)	391(0.63,8.0)	427(0.84,13.8)	228(0.70,7.8)	261(0.67,6.8)	122(0.73,9.3)	333(0.62,6.9)	212(0.76,7.8)	352(0.58,6.4)	264(0.78,10.4)	151(0.69,8.9)	346(0.90,20.5)	113(0.68,9.0)	234(0.65,6.1)	156(0.76,10.4)	136(0.76,8.8)	166(0.64,8.2)	145(0.78,11.7)	340(0.61,6.2)	65(0.81,14.8)	217(0.83,14.4)	155(0.83,19.3)	24(0.79,12.2)	109(0.73,10.6)	68(0.80,17.0)	118(0.82,11.6)	70(0.59,8.7)	55(0.69,7.5)	23(0.62,14.3)	87(0.74,9.4)	125(0.86,16.2)	129(0.78,10.2)	40(0.77,16.1)	83(0.84,12.7)	27(0.51,7.1)	29(0.73,9.1)	34(0.84,18.5)	75(0.84,12.4)	150(0.88,19.4)	57(0.82,12.8)	48(0.88,18.3)	211(0.82,11.3)	23(0.82,10.7)	14(0.88,24.7)	8(0.65,4.3)	4(0.82,93.8)	108(0.78,12.3)	132(0.78,10.4)	52(0.85,14.0)	21(0.84,20.5)	67(0.80,15.0)	99(0.68,11.2)	16(0.79,23.4)	12(0.89,42.4)	37(0.78,12.5)	14(0.69,20.7)	2(0.81,15.5)	51(0.86,30.2)	4(0.87,17.5)	27(0.80,16.5)	20(0.88,29.8)	18(0.86,19.4)	2(0.92,153.5)	29(0.84,15.4)	14(0.88,20.7)	49(0.88,28.5)	3(0.75,2.7)	1(0.67,3.0)	1(1.00,3.0)	
[Info]73 Clusters are found in total!
[Info]Step 1: likelihood: 1654.9257, Delta_likelihood: 0.016
oooooooooxoooooooxoooooxooxooooooooooooxoooooooxoooooooxoooooooooooooxooooooooooooooooooxooooooooooo
ooxoooooooooooooxoooooooooooooooooooooooooooooooooooxoooooooooooooxoooooooooooooxooooxooooooooooxooo
xoooooooooxooo
[Info]Clusters:411(0.66,6.7)	324(0.73,7.6)	455(0.63,7.3)	203(0.72,7.5)	141(0.70,8.0)	397(0.63,7.6)	416(0.85,13.8)	224(0.70,7.7)	259(0.65,7.0)	134(0.73,9.0)	307(0.63,6.7)	210(0.77,8.0)	337(0.58,6.5)	268(0.78,10.1)	161(0.69,8.8)	355(0.90,19.8)	106(0.70,10.2)	226(0.66,6.9)	147(0.78,12.0)	134(0.76,9.3)	197(0.65,7.2)	148(0.80,12.9)	375(0.61,6.3)	69(0.74,10.9)	194(0.84,15.4)	200(0.83,15.4)	24(0.76,11.8)	91(0.70,11.3)	77(0.82,15.0)	141(0.83,11.2)	75(0.65,9.0)	47(0.74,8.1)	31(0.58,10.7)	70(0.73,8.2)	126(0.86,15.9)	106(0.81,10.6)	35(0.79,20.1)	74(0.85,13.8)	16(0.44,9.3)	27(0.73,11.4)	37(0.84,18.1)	71(0.81,13.2)	186(0.87,16.7)	49(0.81,14.3)	66(0.87,15.0)	203(0.83,12.5)	23(0.78,8.5)	9(0.89,36.0)	6(0.90,15.2)	6(0.81,58.7)	126(0.71,9.9)	99(0.79,12.7)	60(0.84,13.9)	23(0.84,20.6)	53(0.80,16.8)	99(0.71,11.7)	15(0.77,23.8)	24(0.87,26.2)	27(0.80,13.9)	13(0.75,27.3)	2(0.86,3.5)	48(0.86,31.0)	6(0.70,3.8)	24(0.84,19.1)	19(0.89,47.5)	19(0.86,18.1)	2(0.57,3.5)	24(0.86,18.7)	14(0.88,21.6)	41(0.88,32.3)	1(1.00,2.0)	
[Info]71 Clusters are found in total!
[Info]Step 2: likelihood: 1642.1868, Delta_likelihood: 0.008
oooooooooxoooooxooooooxoooooooooooooooooooooooooooooxoooooooooooooxooooooooxoooooxoooooooooooooooooo
ooooooooooooooooxooooooooxoooooooooooooxooooooooxoooooooxooooxooooooooooooxooooooooxoooxoooooooooooo
oooooooo
[Info]Clusters:399(0.67,7.1)	286(0.74,7.9)	515(0.62,6.7)	186(0.72,8.0)	139(0.71,8.2)	374(0.64,8.1)	418(0.85,13.7)	194(0.71,7.9)	252(0.66,6.8)	147(0.76,9.1)	305(0.64,6.8)	215(0.76,8.5)	363(0.57,6.4)	300(0.77,9.6)	170(0.72,8.5)	340(0.90,20.6)	88(0.67,9.9)	242(0.64,6.4)	159(0.77,10.7)	127(0.77,9.0)	176(0.67,8.1)	135(0.79,13.2)	363(0.59,6.3)	88(0.78,12.4)	197(0.85,15.7)	175(0.83,16.7)	21(0.77,10.3)	91(0.75,13.0)	53(0.83,16.6)	153(0.83,11.4)	95(0.64,8.6)	40(0.70,8.0)	29(0.63,13.9)	46(0.75,10.7)	130(0.85,15.0)	113(0.78,10.2)	29(0.77,17.7)	80(0.84,12.0)	15(0.45,10.3)	31(0.71,10.1)	25(0.86,24.1)	54(0.84,15.5)	162(0.88,18.2)	68(0.81,11.5)	53(0.88,16.8)	211(0.83,11.7)	14(0.80,14.2)	11(0.87,27.6)	4(0.50,8.5)	5(0.81,71.8)	137(0.74,9.7)	122(0.78,10.7)	81(0.84,12.5)	36(0.78,13.5)	47(0.79,19.4)	115(0.70,10.6)	25(0.76,16.9)	13(0.89,40.6)	27(0.80,16.3)	16(0.72,18.9)	1(0.86,14.0)	52(0.85,29.9)	49(0.89,29.0)	14(0.84,25.4)	28(0.88,32.7)	35(0.85,14.5)	1(1.00,3.0)	32(0.84,15.4)	16(0.90,20.7)	
[Info]69 Clusters are found in total!
[Info]Step 3: likelihood: 1621.3115, Delta_likelihood: 0.013
ooooooooxooooooooooooooooooooooxooooooooooooooooooooooooxooxooooooooooooooooooxooooooooxooooooooxooo
ooooooooooxooooooooooooooooooooxooooooooooooxooooooooooooooooooxooooxooooooooxooooooooooooooooooxooo
ooooxooooooooo
[Info]Clusters:426(0.68,7.1)	288(0.72,7.7)	467(0.64,7.2)	211(0.72,7.0)	162(0.71,7.8)	383(0.64,8.0)	435(0.84,12.8)	187(0.69,7.8)	244(0.66,7.3)	164(0.73,7.6)	336(0.64,6.5)	229(0.77,8.2)	355(0.55,6.2)	264(0.77,10.2)	192(0.72,8.0)	306(0.91,22.3)	71(0.67,9.2)	232(0.61,6.7)	181(0.76,9.9)	120(0.76,9.8)	191(0.67,7.2)	139(0.80,14.2)	433(0.61,6.5)	80(0.75,10.6)	200(0.83,15.1)	173(0.83,17.0)	9(0.80,16.9)	113(0.75,11.8)	56(0.84,19.7)	158(0.83,11.4)	82(0.61,8.8)	41(0.71,7.7)	23(0.62,13.3)	43(0.77,13.0)	100(0.87,18.5)	93(0.80,12.1)	47(0.78,13.6)	80(0.85,13.7)	13(0.34,8.8)	27(0.71,8.7)	26(0.84,21.8)	55(0.84,14.7)	166(0.87,17.3)	78(0.81,12.4)	45(0.88,16.8)	169(0.84,13.4)	12(0.82,13.3)	11(0.88,25.1)	5(0.77,6.2)	6(0.82,58.7)	135(0.74,9.7)	107(0.75,11.1)	81(0.86,13.9)	36(0.79,14.1)	64(0.82,18.1)	103(0.71,11.8)	28(0.79,14.4)	14(0.88,37.2)	30(0.83,14.3)	9(0.74,30.7)	37(0.83,15.5)	44(0.87,35.6)	35(0.89,38.3)	12(0.83,31.3)	27(0.89,35.4)	38(0.86,13.3)	6(0.92,36.0)	
[Info]67 Clusters are found in total!
[Info]Step 4: likelihood: 1607.8164, Delta_likelihood: 0.008
ooxoooooooooooooooooooooxoooooxoooooooxooooooooooooooooxoooooooooooooooooooooooooxooooxooooooooooooo
ooooooooooooooxoooooooooooooooooooooooxooooooooooooooooooxoooooooooxooooooooooooooooooxooooooxoooooo

[Info]Accumulating evaluation results during sampling...
[Info]Clusters:408(0.66,7.3)	304(0.72,7.7)	445(0.62,7.0)	193(0.70,7.2)	120(0.72,8.7)	406(0.64,7.7)	385(0.85,14.0)	191(0.72,7.8)	269(0.68,7.4)	139(0.73,8.5)	289(0.64,6.7)	261(0.75,7.4)	345(0.58,6.8)	257(0.77,9.5)	188(0.73,8.8)	319(0.90,20.8)	69(0.69,8.9)	243(0.68,7.2)	178(0.76,9.5)	109(0.76,11.0)	179(0.67,7.9)	132(0.80,13.8)	444(0.61,6.3)	67(0.76,12.1)	241(0.83,13.6)	200(0.82,15.6)	3(0.88,22.0)	98(0.71,10.9)	64(0.83,16.3)	131(0.84,13.2)	88(0.65,10.1)	29(0.71,7.7)	10(0.60,22.0)	37(0.81,15.4)	107(0.86,18.6)	104(0.81,11.9)	56(0.76,12.5)	64(0.82,15.7)	13(0.35,8.8)	26(0.67,7.6)	24(0.86,25.2)	43(0.85,16.3)	172(0.88,17.7)	90(0.79,11.6)	59(0.87,16.7)	207(0.83,12.6)	31(0.74,8.7)	6(0.89,42.3)	2(0.50,3.0)	8(0.81,46.0)	143(0.70,8.7)	118(0.77,10.8)	89(0.84,12.0)	30(0.82,14.9)	80(0.81,14.2)	105(0.69,10.6)	19(0.80,22.1)	19(0.89,27.4)	43(0.77,11.2)	9(0.69,27.9)	56(0.82,11.1)	32(0.88,44.3)	45(0.90,32.7)	21(0.85,19.8)	34(0.88,30.5)	27(0.85,14.9)	9(0.90,27.2)	1(0.25,4.0)	
[Info]68 Clusters are found in total!
[Info]Step 5: likelihood: 1603.2767, Delta_likelihood: 0.003
oxooooooooxooooooxoxoooooooooooooooooooooooxoooooxoooooxoooooooooooooxoooooxoooxoooooooooooooooooooo
xoooooooooooooooooooooooooooooooooooooooooxooooooooooooooooxoooooxoooooooooooooooooooxooooooooooxooo
ooooo
[Info]Clusters:399(0.68,7.0)	343(0.72,7.2)	426(0.63,7.5)	229(0.71,7.6)	125(0.72,8.8)	439(0.65,7.7)	379(0.86,14.2)	169(0.71,8.3)	254(0.66,6.8)	105(0.74,8.6)	294(0.62,6.3)	233(0.75,8.0)	358(0.57,6.8)	274(0.77,9.6)	199(0.70,8.1)	305(0.90,22.2)	82(0.68,8.9)	225(0.64,7.0)	172(0.77,9.3)	121(0.77,10.7)	128(0.69,9.2)	138(0.79,13.1)	437(0.62,6.5)	76(0.77,11.5)	229(0.83,13.6)	211(0.82,15.4)	6(0.90,19.2)	102(0.72,10.6)	75(0.82,14.9)	140(0.85,13.2)	97(0.65,9.4)	31(0.72,7.7)	8(0.58,26.3)	59(0.73,8.7)	116(0.86,17.2)	107(0.79,10.1)	48(0.79,15.6)	68(0.84,17.9)	18(0.38,8.9)	20(0.65,8.0)	22(0.84,25.5)	28(0.85,19.5)	147(0.88,19.4)	83(0.79,9.5)	73(0.86,13.5)	226(0.83,12.1)	27(0.81,10.5)	10(0.87,31.1)	12(0.91,22.0)	13(0.81,29.1)	165(0.72,8.1)	136(0.77,10.4)	96(0.83,11.5)	26(0.81,15.7)	82(0.80,14.4)	94(0.72,12.3)	16(0.78,22.1)	17(0.87,33.2)	31(0.76,12.7)	8(0.71,30.8)	37(0.82,14.4)	38(0.87,40.1)	51(0.89,28.5)	10(0.84,31.6)	23(0.89,39.1)	17(0.84,22.2)	
[Info]66 Clusters are found in total!
[Info]Step 6: likelihood: 1587.8246, Delta_likelihood: 0.010
oxooooooooooooooxooooooxooooooooxoooooxoooooooxoooxoooooooxoooooooxooooooooooooooooooooooooxoooooooo
ooooooooooooooooooooooooxooooxoooooooooxooooooxoooooooooooxooooxoooooooooooooooooxoooooxoooooooo
[Info]Clusters:442(0.67,6.8)	333(0.75,8.0)	421(0.62,7.5)	227(0.72,7.1)	137(0.71,8.4)	427(0.65,7.9)	414(0.85,13.8)	184(0.69,7.7)	237(0.66,7.4)	113(0.76,8.8)	312(0.66,7.0)	247(0.76,8.4)	381(0.58,6.4)	275(0.76,9.7)	201(0.74,8.2)	311(0.90,22.3)	98(0.69,8.2)	244(0.66,6.8)	156(0.77,9.5)	115(0.76,10.1)	131(0.61,8.3)	135(0.80,13.6)	436(0.60,6.3)	85(0.79,11.8)	238(0.82,13.5)	202(0.82,15.3)	1(0.67,3.0)	95(0.74,10.4)	80(0.83,13.5)	140(0.84,12.8)	89(0.65,9.3)	22(0.77,9.6)	11(0.62,22.9)	54(0.74,8.7)	125(0.86,16.4)	104(0.77,9.8)	32(0.78,15.8)	64(0.83,17.4)	11(0.48,12.7)	20(0.62,7.2)	30(0.84,20.5)	36(0.85,16.7)	136(0.89,21.2)	62(0.79,11.9)	51(0.89,18.4)	257(0.84,10.8)	25(0.79,9.8)	8(0.89,37.1)	5(0.91,44.2)	15(0.80,29.5)	151(0.71,9.2)	90(0.78,14.0)	93(0.83,11.4)	34(0.78,14.1)	56(0.80,16.4)	89(0.72,13.0)	13(0.80,28.8)	14(0.88,40.1)	31(0.77,11.9)	9(0.71,28.7)	24(0.84,19.4)	46(0.86,32.5)	40(0.89,33.4)	5(0.87,58.0)	29(0.88,31.9)	30(0.79,13.3)	1(0.67,6.0)	2(0.88,20.0)	1(0.80,5.0)	
[Info]69 Clusters are found in total!
[Info]Step 7: likelihood: 1583.4262, Delta_likelihood: 0.003
oxooooooxooooooooxoooooxooooooxoooooooooooooooooooooooooooooxoooooooooooooooooooxooooxooooooooxooooo
oooooooooooxooooooooooooooooooooxoooooooooooooooooooooxooooooooooooooxooooooooooooxoooooooooxooooooo
oooooo
[Info]Clusters:396(0.67,7.1)	354(0.75,8.3)	418(0.62,7.6)	212(0.73,7.7)	125(0.73,9.0)	418(0.64,7.8)	414(0.84,13.6)	203(0.71,8.4)	241(0.65,7.2)	117(0.76,9.5)	308(0.65,6.9)	213(0.74,8.2)	370(0.57,6.4)	281(0.76,10.2)	208(0.72,8.3)	325(0.90,21.4)	121(0.69,7.8)	251(0.66,7.0)	170(0.76,9.4)	129(0.76,8.2)	112(0.63,8.0)	147(0.80,12.6)	448(0.60,6.3)	96(0.77,10.4)	233(0.82,13.4)	197(0.82,15.5)	2(0.96,52.0)	69(0.73,12.4)	60(0.84,17.9)	149(0.84,12.1)	79(0.64,9.8)	26(0.76,9.4)	19(0.59,15.0)	67(0.75,9.1)	118(0.87,17.2)	117(0.76,9.3)	43(0.80,15.1)	36(0.86,24.1)	10(0.31,11.7)	17(0.60,6.3)	26(0.85,22.0)	41(0.84,15.4)	144(0.88,20.1)	83(0.80,9.4)	44(0.89,19.3)	228(0.83,10.6)	28(0.74,8.0)	11(0.86,25.4)	15(0.88,18.9)	10(0.81,39.0)	139(0.72,9.6)	99(0.78,12.6)	88(0.85,13.3)	42(0.79,13.7)	63(0.80,14.3)	90(0.73,13.2)	13(0.82,29.5)	22(0.88,28.4)	33(0.76,10.8)	9(0.74,30.3)	23(0.86,16.6)	42(0.87,35.8)	51(0.89,27.8)	6(0.86,49.5)	25(0.89,37.4)	39(0.78,12.1)	
[Info]66 Clusters are found in total!
[Info]Step 8: likelihood: 1581.8174, Delta_likelihood: 0.001
oxooooooxoooooooxooooooxooooooooooooooooooooooooooxooooooxooooooooxoooooooooooooooooooooooooooooooxo
ooxooooooooooooooxoooooooooooooooooxoooxoooooxooooooxoxooooooxoooooooxooooooooooooxoooooooxooooooooo
ooooooooooooooo
[Info]Clusters:411(0.67,6.9)	389(0.75,7.9)	410(0.64,7.5)	203(0.73,7.9)	145(0.74,8.8)	421(0.65,7.7)	380(0.84,13.6)	233(0.71,7.8)	253(0.67,7.1)	104(0.72,8.5)	344(0.62,6.9)	212(0.74,8.3)	334(0.58,6.8)	281(0.78,9.9)	222(0.73,8.0)	321(0.91,21.8)	125(0.69,7.7)	219(0.66,7.2)	162(0.74,8.4)	102(0.77,10.4)	102(0.64,9.1)	135(0.78,12.3)	491(0.58,6.1)	84(0.76,11.4)	243(0.83,13.7)	212(0.82,14.8)	3(0.88,10.7)	85(0.72,11.6)	49(0.84,21.1)	155(0.84,12.3)	70(0.65,10.7)	24(0.76,9.0)	21(0.65,14.8)	74(0.75,8.6)	117(0.86,16.5)	85(0.76,11.0)	51(0.80,13.8)	28(0.89,28.3)	13(0.46,11.2)	26(0.72,8.8)	19(0.86,29.4)	37(0.84,17.5)	182(0.87,16.4)	60(0.76,11.7)	60(0.88,18.2)	186(0.85,13.6)	10(0.81,14.1)	12(0.88,27.7)	7(0.90,32.0)	6(0.81,59.3)	163(0.73,9.4)	91(0.77,12.0)	118(0.84,12.3)	35(0.81,13.1)	60(0.79,15.3)	104(0.73,12.4)	8(0.80,40.6)	30(0.87,21.8)	25(0.79,13.4)	12(0.76,28.3)	18(0.88,22.7)	47(0.86,30.6)	43(0.88,30.7)	8(0.84,39.4)	29(0.88,32.2)	22(0.81,15.1)	2(0.86,28.0)	
[Info]67 Clusters are found in total!
[Info]Step 9: likelihood: 1579.4660, Delta_likelihood: 0.001
ooxoooooooooooooxoooooooooooooxooooooooooooxooooooooooooooooxoooooooooooooooooooooooooooooooooooxooo
ooooooooooxooooooxooooooooooooooxoooooooxooooooooxoooooxooooooxooooooooxooooooxoooooooxooooooooo
[Info]Accumulating evaluation results during sampling...
[Info]Clusters:446(0.67,6.7)	411(0.73,8.0)	438(0.63,7.3)	194(0.70,7.8)	144(0.75,8.9)	420(0.64,7.5)	362(0.86,14.4)	160(0.70,8.1)	301(0.67,7.0)	83(0.73,8.6)	346(0.62,6.4)	221(0.77,9.0)	312(0.58,7.0)	282(0.78,10.0)	226(0.73,8.1)	358(0.90,19.4)	97(0.66,9.8)	239(0.67,7.2)	157(0.73,9.6)	104(0.80,10.4)	103(0.68,10.2)	118(0.81,15.4)	497(0.59,6.0)	95(0.78,12.3)	223(0.83,13.5)	219(0.82,15.0)	2(0.52,10.5)	58(0.71,13.6)	38(0.83,22.7)	158(0.81,10.0)	65(0.64,9.9)	39(0.79,10.7)	19(0.62,15.3)	69(0.80,11.6)	125(0.87,16.6)	88(0.77,9.8)	35(0.80,16.6)	35(0.86,20.5)	9(0.33,9.9)	18(0.70,9.5)	32(0.86,18.1)	35(0.85,17.1)	171(0.88,17.8)	47(0.80,14.1)	71(0.88,16.8)	207(0.83,11.8)	20(0.79,10.2)	15(0.87,25.1)	15(0.91,21.2)	12(0.78,33.3)	162(0.72,8.7)	71(0.79,14.4)	105(0.85,12.0)	38(0.82,14.4)	84(0.78,12.8)	117(0.73,11.8)	5(0.79,61.0)	20(0.90,33.7)	19(0.84,16.6)	13(0.71,24.7)	16(0.88,24.0)	43(0.86,34.4)	29(0.90,41.8)	8(0.84,39.3)	39(0.88,24.0)	24(0.87,15.5)	1(1.00,3.0)	
[Info]67 Clusters are found in total!
[Info]Step 10: likelihood: 1575.4655, Delta_likelihood: 0.003
ooxooooooooooooooooooxoooooooooxooooooooooooooxooooooooooooooxoooooooxooooooxoooooooxoooooxooooooooo
ooooooooooooooooxoooooooxoooooxooooooooooooooooooxoooooxooooooooooooooxoooooooooooooooooxooooooooooo
ooo
[Info]Clusters:410(0.67,7.1)	362(0.74,7.9)	444(0.61,6.9)	224(0.72,7.9)	162(0.77,8.9)	405(0.64,7.6)	358(0.85,14.2)	169(0.70,8.6)	297(0.67,7.4)	68(0.71,8.6)	394(0.63,6.4)	260(0.75,8.1)	318(0.58,7.1)	258(0.78,9.9)	215(0.75,9.3)	359(0.91,19.8)	86(0.64,8.3)	248(0.66,7.0)	176(0.75,8.6)	110(0.76,9.4)	89(0.63,9.6)	119(0.79,14.3)	512(0.60,6.2)	121(0.79,11.0)	215(0.83,13.9)	223(0.82,14.9)	1(1.00,3.0)	59(0.75,15.0)	46(0.82,19.5)	156(0.82,9.9)	64(0.66,10.7)	29(0.77,9.9)	11(0.77,28.1)	67(0.75,10.4)	148(0.86,15.0)	72(0.78,11.3)	44(0.78,14.5)	32(0.86,22.4)	5(0.26,17.2)	22(0.64,8.4)	26(0.85,21.8)	46(0.81,12.8)	179(0.87,17.4)	59(0.80,12.2)	79(0.86,15.4)	192(0.83,12.7)	16(0.83,11.6)	18(0.85,17.4)	5(0.89,44.6)	8(0.81,50.9)	154(0.74,9.6)	80(0.79,15.8)	63(0.84,13.7)	30(0.80,14.6)	87(0.80,14.0)	122(0.72,10.4)	5(0.79,60.2)	28(0.87,24.4)	10(0.84,26.1)	10(0.63,17.4)	24(0.85,18.0)	33(0.87,41.3)	31(0.91,43.9)	14(0.83,27.6)	34(0.88,32.0)	22(0.82,14.6)	
[Info]66 Clusters are found in total!
[Info]Step 11: likelihood: 1571.9426, Delta_likelihood: 0.002
oxoooooooxooooooooooooooxoooooooooooxoooooooooxooooooooooooooooooxooooxooooxoooooooxooooxooooxoooooo
oooxoooxooooooxooooooooxoooooooxoooooooooooooooooooooooooooooxooooooooooooooooooooooooxooxoooooooooo
oooooooooxooo
[Info]Clusters:378(0.68,7.2)	368(0.75,7.8)	424(0.61,6.9)	233(0.72,8.0)	173(0.73,7.8)	394(0.64,7.7)	344(0.85,15.2)	155(0.68,8.1)	260(0.68,7.5)	89(0.72,8.6)	396(0.63,6.8)	264(0.75,7.9)	358(0.59,6.9)	223(0.78,10.6)	252(0.73,8.2)	377(0.91,19.0)	75(0.65,9.3)	268(0.68,7.1)	165(0.77,9.3)	137(0.75,8.5)	81(0.64,9.6)	100(0.79,15.2)	539(0.61,6.3)	128(0.77,9.7)	207(0.84,14.6)	235(0.82,13.7)	1(1.00,2.0)	52(0.78,15.8)	48(0.84,20.5)	165(0.84,11.7)	71(0.63,9.6)	17(0.76,12.5)	18(0.75,20.1)	74(0.75,9.9)	136(0.86,14.8)	62(0.81,12.5)	42(0.74,11.7)	35(0.87,20.4)	5(0.26,17.6)	14(0.69,9.1)	26(0.85,22.8)	65(0.84,13.2)	187(0.86,16.4)	61(0.75,10.5)	97(0.86,13.8)	187(0.84,13.4)	7(0.82,20.3)	26(0.86,14.8)	7(0.90,33.3)	2(0.82,169.5)	154(0.73,9.2)	66(0.79,18.1)	60(0.84,14.8)	39(0.81,15.7)	86(0.79,12.9)	85(0.73,13.9)	6(0.78,51.5)	27(0.86,23.6)	10(0.78,19.7)	11(0.68,21.5)	19(0.86,21.3)	23(0.88,57.0)	40(0.89,33.3)	23(0.83,18.3)	37(0.88,30.5)	18(0.86,13.1)	1(0.67,3.0)	
[Info]67 Clusters are found in total!
[Info]Step 12: likelihood: 1555.4572, Delta_likelihood: 0.011
ooooooooooooooooxooooooooooooooooooooooooooooxooooooooooxooooxooooooooxooooooxoooooooooooooxoooooooo
oxooooooooooooooxooooooooooooxoooooooxoooooxoooooooxooooooxoooxoooooooooxoooooooooooooxoooooooooxooo

[Info]Clusters:370(0.69,7.3)	402(0.73,8.0)	469(0.63,6.9)	239(0.72,8.1)	123(0.73,7.7)	399(0.64,8.1)	392(0.84,13.4)	125(0.69,8.5)	268(0.70,7.6)	96(0.71,8.5)	349(0.62,6.9)	269(0.75,7.7)	393(0.59,6.8)	189(0.78,11.8)	242(0.73,8.0)	360(0.91,19.7)	86(0.68,9.3)	241(0.69,7.3)	160(0.77,9.8)	118(0.80,11.5)	86(0.65,9.5)	101(0.78,13.3)	547(0.61,6.4)	129(0.78,8.8)	223(0.83,14.0)	196(0.82,15.9)	11(0.84,19.3)	38(0.75,16.7)	72(0.84,17.1)	202(0.83,10.5)	69(0.68,11.3)	14(0.79,11.6)	10(0.64,21.6)	84(0.72,9.5)	138(0.86,16.0)	58(0.80,13.3)	34(0.77,13.1)	33(0.88,24.0)	7(0.28,13.4)	16(0.57,7.1)	35(0.84,20.6)	78(0.84,12.0)	160(0.86,18.1)	52(0.75,11.0)	99(0.87,14.9)	171(0.83,13.0)	5(0.82,23.8)	28(0.86,14.1)	8(0.89,29.1)	4(0.82,87.3)	181(0.73,8.7)	94(0.79,12.1)	47(0.85,17.6)	23(0.82,18.3)	93(0.80,11.9)	89(0.71,12.8)	13(0.80,25.6)	17(0.88,31.6)	10(0.81,20.7)	9(0.58,20.0)	32(0.86,16.1)	40(0.86,36.1)	26(0.90,46.2)	21(0.82,19.4)	40(0.89,26.5)	
[Info]65 Clusters are found in total!
[Info]Step 13: likelihood: 1553.5741, Delta_likelihood: 0.001
ooooooooooooooooooooooooooooooooooooooxooooxoooooooxooooooooxoooooooooooooooxooooooooooooooooooooxoo
ooooxoooooooooooxooooooooooxoooxooooxoooooooooxooooooooooooooxooooxooooxoooooxooooooxoxoooooooooooxo
ooxoooooooooo
[Info]Clusters:334(0.68,7.6)	451(0.72,7.1)	460(0.62,6.9)	203(0.70,8.3)	114(0.72,8.0)	411(0.66,8.0)	397(0.85,13.6)	101(0.71,9.4)	238(0.68,7.4)	115(0.72,8.0)	384(0.61,6.4)	274(0.75,8.1)	387(0.59,6.7)	219(0.78,10.9)	241(0.73,7.9)	346(0.90,20.2)	111(0.67,8.5)	260(0.69,7.9)	160(0.79,11.0)	111(0.81,11.7)	59(0.64,11.2)	93(0.78,15.0)	560(0.61,6.4)	131(0.76,8.7)	237(0.82,13.5)	211(0.82,15.4)	16(0.81,17.1)	61(0.73,12.6)	91(0.86,16.6)	193(0.82,10.5)	71(0.63,9.8)	22(0.79,8.7)	4(0.63,41.8)	67(0.75,10.4)	140(0.87,15.2)	63(0.79,12.3)	41(0.73,12.0)	44(0.85,18.0)	17(0.48,9.4)	4(0.56,14.8)	23(0.86,24.3)	74(0.80,11.4)	148(0.87,17.9)	29(0.78,15.9)	78(0.87,15.6)	191(0.83,11.9)	15(0.81,12.3)	20(0.86,18.5)	9(0.90,33.6)	7(0.79,52.7)	163(0.73,9.3)	81(0.81,15.8)	45(0.85,18.0)	15(0.85,21.9)	104(0.77,11.4)	81(0.72,12.9)	10(0.81,37.1)	21(0.87,28.6)	6(0.83,31.7)	15(0.63,13.5)	39(0.84,15.4)	38(0.88,39.7)	25(0.90,51.4)	16(0.83,22.6)	36(0.88,31.1)	1(0.67,3.0)	1(0.67,3.0)	
[Info]67 Clusters are found in total!
[Info]Step 14: likelihood: 1552.9205, Delta_likelihood: 0.000
ooooooooooooooxoooooooooooooooooooooooxooooxoooooxoooooooooxoooooooooooooxoooooooooooxoooooooooooooo
ooooooooooxooooooooooooooooxooooooooooooooxooooooxooooooooooooxoooooooooooooooooooxoooooooxooooooooo
oooooooooxoooooxooooooooooo
[Info]Accumulating evaluation results during sampling...
[Info]Clusters:370(0.67,7.2)	461(0.74,7.3)	462(0.62,6.7)	238(0.71,8.3)	117(0.72,8.8)	385(0.65,7.9)	392(0.84,13.3)	100(0.70,9.3)	295(0.67,7.5)	129(0.74,8.0)	343(0.63,6.5)	260(0.76,7.6)	375(0.57,6.6)	195(0.77,11.0)	260(0.73,8.0)	350(0.91,19.8)	99(0.67,8.7)	259(0.70,7.6)	153(0.79,12.4)	92(0.77,11.3)	76(0.66,11.8)	103(0.78,14.4)	573(0.62,6.4)	147(0.79,9.6)	230(0.84,14.9)	207(0.83,15.1)	22(0.85,16.9)	42(0.76,18.5)	72(0.83,14.9)	182(0.83,10.7)	57(0.59,10.0)	15(0.71,9.0)	4(0.64,43.3)	83(0.73,9.7)	122(0.87,16.6)	68(0.81,13.4)	37(0.74,11.0)	39(0.87,20.7)	23(0.43,7.4)	6(0.54,10.8)	14(0.88,36.7)	53(0.83,14.2)	192(0.86,15.2)	27(0.80,16.9)	67(0.89,20.0)	199(0.83,11.6)	15(0.77,10.7)	18(0.81,18.9)	6(0.90,45.5)	10(0.80,37.3)	193(0.71,8.6)	89(0.77,13.3)	29(0.84,20.2)	8(0.87,39.1)	109(0.78,12.8)	75(0.72,15.0)	3(0.79,98.7)	8(0.89,63.3)	9(0.80,20.2)	18(0.66,12.2)	38(0.84,12.6)	31(0.88,43.8)	21(0.91,62.0)	14(0.85,25.6)	42(0.89,26.6)	2(0.57,3.5)	
[Info]66 Clusters are found in total!
[Info]Step 15: likelihood: 1549.7674, Delta_likelihood: 0.002
ooooooooxoooooooooooooooooooooooooooooooooooooxooooxooooooooooooxooooooooooooooooxoooooooooxooooooox
oooooooooooooooooooooxoooooooooxoooooooooooooooxoooooooooooooxooooooooooooooxoooxooooooooooooooooooo
oooooooooo
[Info]Clusters:396(0.67,7.4)	430(0.73,7.1)	487(0.63,6.6)	242(0.72,8.2)	103(0.71,8.5)	410(0.65,7.7)	367(0.84,13.6)	110(0.73,9.3)	325(0.69,7.3)	127(0.74,8.8)	375(0.63,6.6)	240(0.77,9.0)	331(0.56,6.8)	224(0.79,11.5)	253(0.73,8.4)	364(0.90,19.7)	95(0.68,8.9)	257(0.69,6.8)	140(0.79,11.0)	84(0.80,12.8)	70(0.64,10.9)	116(0.78,12.3)	567(0.60,6.5)	127(0.79,10.3)	213(0.83,14.2)	208(0.82,15.5)	18(0.84,15.7)	32(0.74,20.7)	53(0.80,16.4)	200(0.82,9.5)	50(0.64,11.5)	28(0.73,8.6)	11(0.65,21.9)	89(0.76,8.8)	125(0.86,15.9)	64(0.78,11.4)	17(0.80,24.3)	40(0.86,21.2)	20(0.46,9.5)	5(0.59,13.6)	16(0.85,33.8)	60(0.84,14.2)	180(0.86,16.4)	19(0.81,22.7)	83(0.87,16.7)	203(0.85,12.6)	12(0.75,12.1)	14(0.82,22.1)	12(0.90,22.0)	13(0.83,34.6)	200(0.70,8.8)	64(0.81,17.9)	33(0.84,17.8)	6(0.87,48.3)	99(0.79,13.0)	81(0.74,13.6)	4(0.79,74.8)	22(0.86,26.5)	7(0.84,27.7)	22(0.60,11.3)	42(0.80,11.9)	38(0.88,36.2)	21(0.91,63.6)	13(0.85,25.4)	56(0.88,21.4)	
[Info]65 Clusters are found in total!
[Info]Step 16: likelihood: 1549.5380, Delta_likelihood: 0.000
ooooooooooooooooooooooxooooooxoooooooxooooxooooxoooooxooooooxooooooxoooooooxooooooooooooooooooooooox
oooooxoooooooxoooooooooooooooooooooooooooooooooooooooooooxoooooooxoooooooxoooooxoooooooooooooooxoooo
ooxoooooooooooooooo
[Info]Clusters:408(0.69,7.0)	454(0.73,7.4)	440(0.61,7.0)	287(0.72,7.6)	114(0.72,8.1)	386(0.63,7.8)	380(0.84,13.2)	109(0.72,9.0)	301(0.70,7.8)	105(0.78,8.7)	377(0.61,6.8)	231(0.77,8.3)	344(0.58,6.8)	190(0.78,11.7)	276(0.73,7.9)	335(0.91,21.0)	98(0.62,7.9)	243(0.70,7.7)	163(0.80,10.4)	73(0.76,12.3)	68(0.66,11.0)	116(0.78,14.1)	579(0.59,6.2)	135(0.76,9.5)	236(0.83,13.6)	222(0.81,14.2)	14(0.85,16.4)	34(0.76,19.1)	46(0.82,18.1)	196(0.84,11.6)	52(0.62,11.5)	29(0.70,8.6)	11(0.63,17.7)	86(0.76,9.3)	114(0.86,16.0)	61(0.81,11.9)	23(0.79,17.0)	38(0.85,19.2)	17(0.51,10.5)	7(0.45,13.6)	18(0.87,30.4)	77(0.84,13.3)	172(0.86,16.8)	33(0.79,13.7)	79(0.89,18.9)	210(0.85,13.0)	21(0.77,9.6)	14(0.84,20.9)	6(0.91,36.2)	12(0.81,32.1)	207(0.72,9.2)	76(0.79,16.4)	35(0.85,18.9)	8(0.86,40.0)	107(0.78,10.6)	81(0.73,14.2)	8(0.79,40.0)	23(0.87,26.3)	11(0.79,17.7)	7(0.63,21.7)	42(0.81,11.8)	21(0.88,62.7)	21(0.91,61.0)	8(0.85,37.6)	37(0.89,30.8)	1(1.00,2.0)	
[Info]66 Clusters are found in total!
[Info]Step 17: likelihood: 1543.4841, Delta_likelihood: 0.004
oxooooooxoooooooooooooooxoooooooxooooooooooooooxooooooxooooooxoooooooxoooxoooooooooooxooooooooxooooo
oooxooooooooooooxoooooooxoooooooooooooooooooooooooooooooooxooooooooooooooxooooooxoooooooxooo
[Info]Clusters:420(0.70,7.4)	437(0.71,7.0)	454(0.62,6.7)	266(0.73,8.4)	113(0.74,9.7)	367(0.64,8.3)	416(0.84,12.7)	101(0.70,8.2)	290(0.70,8.1)	101(0.75,8.5)	441(0.62,6.6)	191(0.79,9.6)	375(0.57,6.4)	175(0.80,12.4)	254(0.72,8.2)	363(0.91,19.8)	92(0.67,9.3)	266(0.68,7.6)	122(0.78,10.8)	62(0.74,12.1)	87(0.66,10.3)	123(0.81,13.2)	563(0.60,6.1)	133(0.77,9.9)	251(0.83,12.9)	220(0.82,15.0)	12(0.85,18.1)	48(0.73,13.9)	35(0.80,20.1)	185(0.82,10.5)	51(0.65,11.4)	22(0.71,6.4)	15(0.70,20.4)	72(0.79,11.5)	98(0.87,17.5)	78(0.80,12.4)	25(0.78,17.3)	50(0.86,16.5)	14(0.40,9.3)	19(0.65,8.6)	18(0.87,29.0)	95(0.82,11.4)	178(0.88,16.7)	38(0.80,14.3)	75(0.88,17.7)	172(0.85,13.9)	16(0.79,10.8)	22(0.88,21.1)	5(0.90,43.8)	12(0.82,34.8)	200(0.73,8.6)	97(0.78,13.6)	52(0.82,13.7)	8(0.87,37.3)	81(0.80,13.7)	69(0.73,15.3)	6(0.79,51.7)	16(0.87,34.6)	14(0.83,15.5)	6(0.59,25.8)	41(0.81,10.7)	24(0.88,59.2)	29(0.91,47.5)	14(0.81,26.1)	38(0.88,26.5)	
[Info]65 Clusters are found in total!
[Info]Step 18: likelihood: 1549.0353, Delta_likelihood: -0.004
ooxooooooooxoooooxoooooooxooooooooooooooooooooooooooooooooooooooxoooooooooooooooooooooooooxoooxooooo
oxooooooxoooxooooooooooooooooooooooooooooxoooxooooooooooooooooooooooxooooooooooooooooooooooo
[Info]Clusters:381(0.69,7.5)	469(0.72,7.4)	427(0.64,7.1)	263(0.73,7.8)	144(0.73,7.7)	413(0.65,7.4)	356(0.85,14.2)	87(0.70,9.2)	326(0.68,7.3)	105(0.76,9.8)	383(0.64,6.7)	169(0.80,9.9)	416(0.56,6.5)	170(0.79,12.6)	253(0.74,8.7)	343(0.91,21.3)	71(0.69,9.9)	272(0.69,7.4)	107(0.79,11.1)	65(0.78,13.0)	97(0.65,9.7)	126(0.78,12.2)	615(0.61,6.1)	118(0.79,10.3)	291(0.82,11.8)	227(0.83,15.4)	5(0.88,41.4)	41(0.77,16.6)	52(0.80,15.1)	190(0.84,10.6)	65(0.62,9.3)	19(0.66,7.8)	19(0.71,15.3)	65(0.76,10.1)	88(0.88,19.7)	102(0.80,10.7)	33(0.79,18.3)	51(0.86,16.8)	12(0.39,9.5)	21(0.70,9.7)	17(0.87,29.6)	72(0.83,11.3)	162(0.88,18.2)	40(0.81,16.2)	66(0.87,16.9)	184(0.84,13.2)	18(0.77,11.5)	25(0.88,17.7)	5(0.92,43.6)	9(0.80,40.9)	216(0.70,8.2)	87(0.78,13.9)	46(0.83,13.7)	13(0.84,25.1)	81(0.77,12.8)	60(0.75,17.0)	6(0.79,51.8)	17(0.87,40.4)	9(0.79,20.8)	4(0.65,42.5)	40(0.82,10.7)	27(0.86,51.7)	36(0.90,36.9)	12(0.83,29.6)	23(0.88,39.7)	1(0.50,4.0)	
[Info]66 Clusters are found in total!
[Info]Step 19: likelihood: 1554.3061, Delta_likelihood: -0.003
[Info]Accumulating evaluation results during sampling...
MTCLinAdaptWithDP[dim:801,supDim:3072,M:6,alpha:1.0000,#Iter:20,N1(0.000,0.230),N2(1.000,0.100)]
Micro confusion matrix:
	0	1
0	7984	2204
1	2629	33644
Micro F1:
Class 0	0.7677	Class 1	0.9330	
Macro F1:
Class 0	0.7434	Class 1	0.8937	
[Info]Clusters:381(0.69,7.5)	469(0.72,7.4)	427(0.64,7.1)	263(0.73,7.8)	144(0.73,7.7)	413(0.65,7.4)	356(0.85,14.2)	87(0.70,9.2)	326(0.68,7.3)	105(0.76,9.8)	383(0.64,6.7)	169(0.80,9.9)	416(0.56,6.5)	170(0.79,12.6)	253(0.74,8.7)	343(0.91,21.3)	71(0.69,9.9)	272(0.69,7.4)	107(0.79,11.1)	65(0.78,13.0)	97(0.65,9.7)	126(0.78,12.2)	615(0.61,6.1)	118(0.79,10.3)	291(0.82,11.8)	227(0.83,15.4)	5(0.88,41.4)	41(0.77,16.6)	52(0.80,15.1)	190(0.84,10.6)	65(0.62,9.3)	19(0.66,7.8)	19(0.71,15.3)	65(0.76,10.1)	88(0.88,19.7)	102(0.80,10.7)	33(0.79,18.3)	51(0.86,16.8)	12(0.39,9.5)	21(0.70,9.7)	17(0.87,29.6)	72(0.83,11.3)	162(0.88,18.2)	40(0.81,16.2)	66(0.87,16.9)	184(0.84,13.2)	18(0.77,11.5)	25(0.88,17.7)	5(0.92,43.6)	9(0.80,40.9)	216(0.70,8.2)	87(0.78,13.9)	46(0.83,13.7)	13(0.84,25.1)	81(0.77,12.8)	60(0.75,17.0)	6(0.79,51.8)	17(0.87,40.4)	9(0.79,20.8)	4(0.65,42.5)	40(0.82,10.7)	27(0.86,51.7)	36(0.90,36.9)	12(0.83,29.6)	23(0.88,39.7)	1(0.50,4.0)	
[Info]66 Clusters are found in total!
[Oracle]test user size: 3000, nu of rvw for cluster assignment: 1[Info]Training size: 0, adaptation size: 93996, and testing size: 46461
[Info]Feature group size 801
[Info]Training size: 0, adaptation size: 93996, and testing size: 46461
MTCLinAdaptWithDP[dim:801,supDim:3072,M:6,alpha:1.0000,#Iter:20,N1(0.000,0.230),N2(1.000,0.100)]
oxoooxooxooxoxooxooxooxoooxoooxoxoxoooxoxooxooxooxoxooxLBFGS fails!!!!
Line search failed. See documentation of routine mcsrch. Error return of line search: info = 3 Possible causes: function or gradient are incorrect, or incorrect tolerances. (iflag == -1)
	at LBFGS.LBFGS.lbfgs(LBFGS.java:458)
	at Classifier.supervised.modelAdaptation.DirichletProcess.CLRWithDP.calculate_M_step(CLRWithDP.java:337)
	at Classifier.supervised.modelAdaptation.DirichletProcess.CLRWithDP.train(CLRWithDP.java:362)
	at mains.MyIsoTestMain.main(MyIsoTestMain.java:71)
oooooooooooooooxoooooooooooooooooooooooooooooooooooxoooooooooooooooxooooooooxooooooxoooooooxoooooooo
oooooooooooooooooxooooooooooooooooxooooooooxoooooxoooooooxoooooooxooooooooxoooooooxoooooxoooooooxooo
ooooooooooooooooooxoooooxooooooxooooooooooooooooooooxooooooxoooooooooooooooooooooooooooooooooooxoooo
ooooooooooooooooxooooooooooooooooooxooooxoooooxoo
ooooooooxooooooxooooooooxooooooxooooooxoooooooooooooooooooxoooooooxoooooooooooxoooooooxooooooooooooo
oooooooxoooooooooooooooooooooooooooooxoooooooooooooooooooxoooooooooxooooxooooooooooxoooooooxooooooxo
oooooooooooooooooxoooxooooooooo
ooxoooooooxooooooxoooooooooooooxoooxooooooooooooooooooooxoooooooooooooooxoooooxooooooxooooooooxooooo
ooooooooooooooxooooooxooooooooxoooooooooooooooxoooooxooooooooooooxoooooooooxooooooxoooooooxooooooooo
ooooxoooooooxoooooooxoooooooooooooooo
oooooooooooooooxoooxooooooooooooooxoooooooooooooooooooooxooooxoooooooooooooxooooooooooooooooxooooooo
xoooooooxooooooxoxooooooxoooooooooooooooooooooxooxoooooooooooooooooooooooooooooooooooxooooooxoooooox
ooxooooooooooooooo
oxoooooooxoooooxooxoooooooxooooooxooooooxooxoooooxoooxooooooooxooooxooooooooxoooooxooooooooooooooooo
oooxoooooooxoooooooooooooxooooooooooooooxoooooooooooxoooooooxoooooxoooxooooooooooooooooooooxooooooox
oo
[Info]Accumulating evaluation results during sampling...
[Info]Clusters:813(0.67,3.4)	813(0.63,3.6)	929(0.67,3.6)	621(0.74,4.4)	508(0.80,4.6)	672(0.71,3.5)	254(0.67,3.1)	158(0.71,5.0)	204(0.74,4.1)	477(0.72,4.3)	340(0.90,11.2)	792(0.82,4.9)	150(0.76,4.9)	221(0.70,3.8)	884(0.68,3.9)	199(0.66,4.5)	331(0.72,4.1)	684(0.85,5.4)	800(0.60,3.7)	267(0.84,9.6)	167(0.69,6.0)	249(0.74,5.4)	1109(0.76,3.3)	575(0.72,3.4)	452(0.75,4.5)	539(0.70,4.1)	54(0.70,9.7)	107(0.87,10.2)	115(0.75,4.0)	109(0.78,7.5)	25(0.90,49.8)	44(0.83,8.7)	145(0.88,12.2)	78(0.90,17.0)	389(0.60,4.2)	163(0.86,7.6)	31(0.79,14.2)	56(0.78,10.4)	328(0.82,6.0)	145(0.68,5.9)	73(0.89,7.8)	356(0.77,5.2)	41(0.84,17.6)	132(0.88,13.6)	25(0.90,24.3)	6(0.86,1.2)	159(0.85,9.5)	71(0.78,13.0)	147(0.89,11.4)	425(0.67,4.6)	181(0.88,12.5)	28(0.72,24.8)	37(0.75,3.9)	144(0.84,10.7)	23(0.90,57.1)	40(0.78,14.8)	25(0.66,7.3)	183(0.84,4.3)	114(0.58,5.0)	13(0.67,4.2)	4(0.70,42.0)	54(0.88,15.4)	70(0.85,3.7)	26(0.87,24.2)	66(0.76,5.1)	3(0.86,120.3)	
[Info]66 Clusters are found in total!
[Info]Step 0: likelihood: 1658.2023, Delta_likelihood: -1.000
oxooooooooooooooxooooooxooooooooxooooooooooooooooxooooooxooooooooooooooooooooooooxoooxoooooxoooooooo
ooooooooooxooooooooooooxoooxooooooooooooooooooooooooxooooooxooooooooooooxooooooooooxooooooooooooxooo
ooooooooooooxooo
[Info]Clusters:815(0.68,3.6)	816(0.63,3.6)	953(0.66,3.7)	621(0.74,4.2)	499(0.78,4.5)	684(0.72,3.6)	261(0.74,3.8)	166(0.73,5.7)	190(0.73,3.8)	489(0.70,4.1)	329(0.91,11.4)	820(0.84,5.0)	119(0.76,4.3)	199(0.66,3.4)	877(0.69,4.1)	192(0.62,4.0)	332(0.71,4.4)	698(0.83,5.2)	801(0.60,3.7)	255(0.85,10.2)	162(0.69,5.8)	241(0.70,4.4)	1135(0.76,3.5)	562(0.74,3.3)	480(0.75,4.4)	518(0.71,4.4)	47(0.71,10.3)	89(0.86,8.8)	125(0.71,3.9)	121(0.81,8.3)	23(0.91,54.3)	41(0.87,7.8)	144(0.87,11.3)	68(0.90,20.4)	407(0.61,4.2)	176(0.87,8.8)	29(0.81,12.2)	47(0.79,12.1)	316(0.81,5.5)	159(0.68,6.0)	72(0.85,7.0)	351(0.79,5.3)	47(0.84,17.6)	107(0.90,15.2)	27(0.86,18.2)	7(0.71,1.0)	164(0.83,8.9)	61(0.80,14.3)	147(0.89,10.8)	434(0.64,4.4)	158(0.89,14.0)	32(0.73,23.2)	41(0.78,4.6)	141(0.85,11.3)	21(0.90,61.5)	52(0.79,13.1)	24(0.70,6.9)	189(0.83,4.8)	101(0.53,4.7)	12(0.74,4.4)	3(0.70,55.0)	57(0.87,14.0)	84(0.82,4.6)	29(0.87,22.9)	71(0.72,4.8)	5(0.86,73.0)	
[Info]66 Clusters are found in total!
[Info]Step 1: likelihood: 1649.4974, Delta_likelihood: 0.005
oxooooooxoxoooooooooooooxooooooooooooooxooooooooooooooooooxoxooooooxooooooooooxoooooooxooooooooooooo
oxoooooooooooooxooooooxooooooooxoooooxoooooooooooxooooooxoooooooooooxooooooooooooooooooooxooooooooox
ooooooooooooooxoooooooooxoo
[Info]Clusters:823(0.67,3.5)	785(0.63,3.8)	951(0.68,3.6)	634(0.73,4.2)	497(0.80,4.9)	697(0.72,3.8)	284(0.71,4.2)	172(0.71,5.4)	194(0.75,4.2)	478(0.71,4.2)	336(0.91,11.5)	784(0.82,4.8)	119(0.78,4.5)	227(0.67,3.8)	874(0.68,3.9)	200(0.62,4.2)	341(0.73,4.5)	705(0.85,5.5)	750(0.61,3.6)	253(0.84,9.7)	153(0.68,6.3)	215(0.73,4.7)	1164(0.76,3.5)	551(0.73,3.4)	458(0.74,4.2)	518(0.71,4.0)	48(0.68,9.8)	94(0.85,7.6)	108(0.75,3.0)	112(0.78,6.1)	26(0.91,47.6)	48(0.85,9.4)	137(0.87,11.2)	65(0.91,20.1)	391(0.62,4.2)	158(0.88,9.2)	36(0.78,12.3)	47(0.77,9.9)	356(0.82,6.2)	161(0.69,5.5)	70(0.86,6.7)	362(0.76,4.8)	47(0.84,17.4)	91(0.91,16.1)	27(0.86,21.7)	10(0.67,3.3)	193(0.83,9.0)	58(0.80,13.7)	159(0.88,10.2)	455(0.65,4.4)	167(0.88,13.1)	38(0.75,22.1)	36(0.81,5.0)	130(0.85,11.4)	25(0.90,52.6)	40(0.78,13.9)	17(0.68,9.1)	191(0.85,5.9)	113(0.57,4.3)	18(0.70,4.4)	6(0.71,32.3)	54(0.88,16.1)	81(0.78,4.6)	37(0.86,19.4)	65(0.76,4.8)	3(0.86,119.7)	
[Info]66 Clusters are found in total!
[Info]Step 2: likelihood: 1619.3267, Delta_likelihood: 0.019
ooxoooooooxooooooooooooooooooooooooooooooooooooooooxooooooooooxooooooxoooooooxoooooooxoooooooooooooo
oooooooooooooooooooxooooooxooooooooooooooooxoooxoooooooooooooooooxoooooooooooooooooooooooooooooxooo
[Info]Clusters:831(0.65,3.4)	785(0.62,3.7)	952(0.68,3.7)	611(0.72,4.1)	469(0.81,5.0)	700(0.74,3.8)	273(0.71,3.4)	164(0.76,6.0)	173(0.76,4.0)	487(0.71,4.4)	332(0.91,11.4)	803(0.83,5.1)	134(0.77,5.5)	217(0.67,3.4)	891(0.68,3.9)	179(0.63,3.4)	345(0.73,4.5)	691(0.84,5.0)	757(0.60,3.7)	234(0.84,9.8)	142(0.68,6.1)	244(0.72,4.6)	1144(0.76,3.4)	570(0.72,3.6)	461(0.74,4.2)	573(0.72,4.5)	45(0.71,10.3)	94(0.84,7.5)	110(0.78,3.5)	103(0.77,5.6)	25(0.90,49.6)	40(0.83,7.7)	145(0.86,10.4)	81(0.90,18.3)	427(0.64,4.5)	174(0.87,8.1)	23(0.81,15.9)	48(0.77,11.6)	331(0.82,6.1)	156(0.71,6.7)	79(0.89,9.0)	387(0.77,4.8)	48(0.85,16.4)	101(0.90,15.6)	29(0.86,19.6)	9(0.64,3.7)	182(0.84,9.1)	57(0.78,13.5)	142(0.87,9.8)	466(0.65,4.6)	172(0.88,13.1)	32(0.75,24.3)	34(0.78,5.3)	125(0.86,11.4)	23(0.90,56.6)	36(0.78,14.6)	22(0.59,7.1)	167(0.87,5.7)	105(0.61,5.0)	16(0.87,7.2)	4(0.76,54.0)	50(0.87,16.6)	79(0.73,4.2)	29(0.87,22.1)	80(0.81,6.5)	4(0.85,91.3)	1(0.67,3.0)	
[Info]67 Clusters are found in total!
[Info]Step 3: likelihood: 1605.7976, Delta_likelihood: 0.008
oxoooooooooooooxoooooooxoooooooooooooxoooooxooooooooooooooooooooooooooooxoooxoooooooxooooooooooooooo
oooooxooooooooooooooooooooooxooooooooooooxooooooooooooxoooooooxooooooxoooooooooxoooooooxooooxooooooo
oo
[Info]Clusters:771(0.65,3.3)	768(0.62,3.7)	950(0.68,3.5)	628(0.73,4.3)	476(0.82,5.0)	672(0.74,3.6)	281(0.74,4.0)	171(0.78,6.7)	201(0.73,3.6)	507(0.70,4.4)	323(0.91,12.0)	807(0.83,4.9)	163(0.80,5.3)	220(0.67,3.6)	898(0.66,4.0)	184(0.66,4.0)	381(0.72,4.7)	656(0.85,5.1)	783(0.59,3.7)	255(0.83,9.1)	128(0.70,5.7)	227(0.74,5.1)	1119(0.74,3.2)	551(0.75,4.0)	490(0.72,4.4)	584(0.73,4.3)	48(0.67,9.0)	100(0.83,8.4)	143(0.72,3.8)	110(0.78,5.5)	23(0.91,52.6)	37(0.84,7.8)	146(0.86,10.7)	65(0.92,20.2)	426(0.64,4.5)	149(0.87,7.8)	27(0.83,13.0)	46(0.78,10.0)	328(0.82,6.4)	152(0.70,6.3)	79(0.88,10.4)	362(0.77,5.0)	53(0.83,14.1)	106(0.90,16.3)	35(0.88,17.8)	5(NaN,0.0)	176(0.83,9.2)	55(0.78,14.0)	136(0.89,10.3)	456(0.66,4.6)	172(0.88,12.8)	30(0.72,24.4)	37(0.79,3.6)	130(0.84,11.1)	19(0.90,68.8)	31(0.75,15.6)	20(0.66,7.3)	194(0.87,5.5)	99(0.58,5.2)	15(0.80,4.7)	4(0.68,45.3)	48(0.88,16.6)	76(0.79,4.7)	30(0.85,19.8)	73(0.70,5.3)	2(0.86,178.0)	29(0.68,0.9)	
[Info]67 Clusters are found in total!
[Info]Step 4: likelihood: 1593.9554, Delta_likelihood: 0.007
oxoooooooxooooooxoooooooooooooooooooooooooooooooooooooooooooooooxooxooooooooooooxoooooooooooooxooooo
ooooooooooxoooooooxoooooxooooooooooooooxooooooxoooooooooooooooooooxoooooooooooxoooooooooxoooooo
[Info]Accumulating evaluation results during sampling...
[Info]Clusters:779(0.67,3.3)	767(0.61,3.5)	920(0.67,3.4)	619(0.72,4.3)	486(0.81,5.4)	720(0.72,3.6)	269(0.76,3.9)	153(0.74,5.8)	210(0.74,4.3)	480(0.71,4.6)	313(0.91,11.9)	778(0.83,5.1)	150(0.78,4.9)	199(0.64,3.5)	913(0.69,4.1)	198(0.70,4.4)	361(0.71,4.2)	642(0.84,5.2)	814(0.60,3.6)	264(0.85,9.8)	167(0.65,5.9)	233(0.73,4.7)	1178(0.75,3.3)	575(0.74,3.6)	455(0.75,4.3)	558(0.74,4.5)	52(0.69,9.2)	79(0.85,7.3)	131(0.75,4.2)	99(0.80,6.5)	18(0.91,65.9)	35(0.85,8.2)	163(0.86,10.5)	65(0.91,20.2)	440(0.63,4.4)	146(0.89,8.1)	34(0.80,10.8)	46(0.76,11.3)	321(0.82,6.2)	168(0.71,6.4)	81(0.84,8.2)	362(0.77,5.5)	43(0.84,16.1)	109(0.90,14.4)	30(0.88,21.1)	8(0.62,2.6)	164(0.85,9.8)	59(0.79,14.4)	163(0.88,9.6)	444(0.66,5.0)	161(0.88,12.4)	30(0.74,23.0)	36(0.73,4.3)	120(0.86,11.4)	23(0.90,55.1)	30(0.79,15.6)	13(0.63,8.1)	206(0.85,5.3)	112(0.57,4.9)	14(0.70,4.0)	3(0.70,55.0)	47(0.88,16.6)	72(0.78,4.2)	30(0.86,20.2)	72(0.71,4.8)	3(0.86,119.3)	32(0.69,1.9)	1(0.67,3.0)	
[Info]68 Clusters are found in total!
[Info]Step 5: likelihood: 1576.6614, Delta_likelihood: 0.011
oxooooooooooooooxooooooxooooooxoooooooxooooooooxooxooooooooxooooooooooooooooooooxoooooooooooxooxoooo
ooooooooxoooooooooooxooooooooooooooxooooooooxooooooxooooooooooooxooooxoooooxoooooooooooooxoxooo
[Info]Clusters:822(0.66,3.3)	793(0.61,3.7)	910(0.68,3.5)	623(0.72,4.2)	520(0.81,5.3)	686(0.73,3.6)	256(0.77,3.9)	152(0.71,5.9)	211(0.75,4.8)	483(0.70,4.7)	336(0.91,11.7)	787(0.84,5.0)	124(0.71,3.3)	243(0.68,3.8)	903(0.69,4.1)	211(0.67,4.5)	362(0.71,4.3)	666(0.85,5.2)	765(0.61,3.7)	300(0.84,9.6)	141(0.68,5.7)	227(0.75,4.8)	1138(0.75,3.2)	552(0.73,3.8)	448(0.74,4.1)	572(0.73,4.4)	52(0.67,8.3)	91(0.83,6.8)	112(0.77,3.9)	90(0.77,5.4)	21(0.91,57.0)	34(0.84,10.2)	161(0.86,10.0)	73(0.90,18.5)	441(0.61,4.2)	149(0.89,7.8)	36(0.77,11.0)	43(0.77,10.8)	337(0.81,5.5)	157(0.72,6.4)	90(0.83,7.7)	358(0.79,5.5)	35(0.85,20.0)	110(0.90,14.1)	32(0.90,21.9)	5(NaN,0.0)	163(0.84,9.3)	52(0.81,16.3)	155(0.88,9.3)	462(0.64,5.0)	161(0.88,12.9)	32(0.74,22.7)	30(0.76,3.3)	120(0.85,10.6)	20(0.90,63.1)	41(0.79,13.6)	13(0.64,7.9)	191(0.87,6.7)	96(0.58,4.6)	13(0.69,4.7)	5(0.71,34.6)	45(0.88,16.5)	67(0.78,4.4)	36(0.86,17.9)	66(0.70,5.4)	2(0.86,178.0)	38(0.73,2.7)	
[Info]67 Clusters are found in total!
[Info]Step 6: likelihood: 1565.7789, Delta_likelihood: 0.007
ooooooooxoooooooxoooooooxoooooxooooooooooooxooooooooooooooooooooooxoooooooooooooooxooooooooooooxooxo
ooooxoooooooooooooooooooooxooxoooooooooooooooooooooooxoooooxoooooooooooooooooooooxooooxoooxoooooxooo
oooooo
[Info]Clusters:804(0.67,3.4)	822(0.61,3.7)	949(0.68,3.7)	653(0.74,4.6)	487(0.79,4.4)	721(0.73,3.8)	263(0.77,3.9)	153(0.76,6.5)	188(0.78,4.3)	515(0.71,4.5)	332(0.91,11.2)	792(0.84,5.1)	134(0.67,3.6)	218(0.70,4.0)	855(0.69,4.2)	191(0.69,4.2)	363(0.72,4.5)	648(0.84,5.3)	793(0.61,3.6)	273(0.84,9.3)	144(0.67,5.1)	225(0.75,5.2)	1178(0.75,3.5)	584(0.74,4.0)	430(0.74,4.0)	558(0.72,4.5)	47(0.70,8.8)	80(0.82,6.1)	117(0.74,4.0)	104(0.77,6.7)	34(0.91,42.6)	44(0.85,8.4)	139(0.86,10.4)	69(0.91,18.6)	415(0.61,4.3)	146(0.88,7.8)	35(0.79,11.3)	44(0.77,11.5)	324(0.79,5.1)	157(0.72,5.9)	75(0.85,7.7)	361(0.78,5.2)	46(0.83,15.8)	117(0.90,15.4)	31(0.88,17.7)	10(0.86,5.7)	164(0.82,8.3)	55(0.78,14.3)	142(0.88,9.7)	433(0.64,4.4)	181(0.88,12.0)	34(0.73,20.6)	30(0.76,2.9)	126(0.86,11.1)	19(0.90,67.1)	37(0.77,14.0)	19(0.65,6.4)	177(0.88,6.7)	79(0.60,4.8)	8(0.80,3.1)	4(0.70,42.0)	57(0.87,16.4)	73(0.79,4.8)	35(0.86,19.1)	79(0.71,6.6)	2(0.86,178.0)	37(0.80,4.6)	1(0.67,3.0)	2(0.71,3.5)	2(0.81,8.0)	2(0.44,4.5)	
[Info]71 Clusters are found in total!
[Info]Step 7: likelihood: 1562.7428, Delta_likelihood: 0.002
oxooooooooooooooooooooxooooooxooooooxoooooooooooooooooooooooooooooxooooooooxooooooooooooooooooooooxo
oooooooooooooooooooooxoxooooooooooooooxoxooooooooxoooxooooooooooxoooxoooooxooooooooooooooxoooooooooo
ooooooo
[Info]Clusters:837(0.66,3.7)	815(0.61,3.6)	963(0.69,3.8)	667(0.73,4.3)	481(0.80,4.5)	729(0.74,3.8)	278(0.77,3.8)	154(0.72,5.7)	214(0.76,4.7)	503(0.69,4.4)	359(0.90,10.7)	770(0.84,5.2)	134(0.74,4.1)	207(0.71,4.0)	858(0.69,4.1)	199(0.66,4.4)	366(0.70,4.1)	672(0.84,5.2)	800(0.61,3.8)	241(0.86,10.7)	161(0.70,5.4)	223(0.70,5.0)	1157(0.75,3.3)	556(0.72,4.0)	412(0.75,3.9)	556(0.72,4.4)	45(0.66,8.6)	82(0.85,7.3)	122(0.81,4.1)	105(0.78,5.9)	29(0.90,46.1)	45(0.83,7.8)	124(0.88,10.9)	69(0.91,20.4)	426(0.62,4.4)	153(0.88,8.5)	28(0.81,13.7)	40(0.78,11.3)	322(0.80,5.5)	167(0.72,6.1)	68(0.88,8.3)	390(0.79,5.4)	37(0.85,18.6)	109(0.91,16.6)	27(0.90,20.1)	6(0.67,0.5)	173(0.83,8.2)	45(0.81,15.8)	134(0.87,9.5)	437(0.65,4.6)	149(0.88,13.5)	29(0.74,24.2)	27(0.73,4.1)	113(0.85,10.9)	21(0.90,61.5)	44(0.76,12.2)	18(0.62,6.7)	191(0.84,5.6)	80(0.58,4.4)	9(0.83,5.2)	6(0.70,30.3)	63(0.87,15.2)	65(0.82,4.4)	34(0.85,18.4)	67(0.76,5.2)	6(0.85,62.0)	49(0.77,4.7)	
[Info]67 Clusters are found in total!
[Info]Step 8: likelihood: 1547.5507, Delta_likelihood: 0.010
oxoooooooxooooooxooooooxooooooxoooooooooooxoooooooooooooooxoooooxooooooxoooooooooooooooxooooooxooooo
oooooooxooxoooooooooooooxooooooooooxoooxooooooooooooooooooooooooooooxoooxooooooooooooxooooxooooooo
[Info]Clusters:839(0.65,3.6)	825(0.60,3.7)	955(0.68,3.7)	685(0.74,4.6)	469(0.79,4.5)	678(0.71,3.6)	259(0.77,3.8)	160(0.74,5.3)	184(0.75,4.4)	479(0.70,4.3)	329(0.91,11.9)	809(0.84,5.4)	145(0.75,3.7)	197(0.68,3.7)	854(0.70,4.3)	191(0.71,4.3)	370(0.71,4.7)	683(0.84,5.5)	829(0.62,3.8)	252(0.84,10.0)	146(0.69,4.9)	207(0.75,4.3)	1191(0.75,3.4)	547(0.73,3.6)	464(0.76,4.2)	555(0.73,4.5)	45(0.64,8.0)	76(0.83,6.8)	124(0.70,3.6)	100(0.76,5.8)	29(0.90,43.9)	34(0.83,8.1)	128(0.89,12.1)	69(0.91,19.3)	438(0.62,4.5)	165(0.89,8.9)	24(0.80,13.6)	43(0.77,11.6)	300(0.81,5.3)	155(0.73,6.3)	67(0.85,7.5)	383(0.80,5.4)	31(0.84,19.2)	113(0.90,13.7)	27(0.85,18.1)	10(0.88,5.8)	167(0.83,8.3)	45(0.81,15.5)	148(0.87,8.9)	428(0.64,4.6)	169(0.88,12.8)	33(0.74,21.0)	34(0.79,4.1)	120(0.86,11.6)	21(0.90,61.2)	39(0.78,15.2)	26(0.64,9.1)	197(0.86,5.8)	88(0.55,4.4)	9(0.80,3.3)	3(0.70,55.0)	57(0.88,16.1)	74(0.82,4.6)	35(0.87,18.8)	63(0.80,5.3)	7(0.85,57.9)	39(0.75,3.1)	1(0.60,5.0)	
[Info]68 Clusters are found in total!
[Info]Step 9: likelihood: 1565.7532, Delta_likelihood: -0.012
oxoooooooooooooooooooooxooooooxoooooxoooooooooxooooooxooooooooooooooooooooooooxoooooooooooooooooooox
oooxoooooooooooooooooooxoooooooxooooooooooooooooooxoooooooooooooooooxoooooooooxoooooxooooooxoooooooo
ooxooo
[Info]Accumulating evaluation results during sampling...
[Info]Clusters:870(0.65,3.6)	799(0.61,3.6)	948(0.68,3.7)	696(0.74,4.8)	492(0.80,4.5)	711(0.71,3.5)	248(0.75,3.9)	148(0.67,4.0)	194(0.79,4.6)	468(0.71,4.4)	339(0.91,11.4)	790(0.83,5.2)	125(0.73,3.8)	215(0.66,3.6)	865(0.69,4.2)	200(0.71,4.4)	343(0.71,4.6)	683(0.84,5.4)	844(0.61,3.9)	229(0.85,10.2)	146(0.70,5.5)	222(0.72,4.4)	1164(0.75,3.2)	549(0.74,3.8)	426(0.78,4.4)	554(0.74,4.4)	54(0.64,8.0)	74(0.84,7.3)	112(0.76,4.1)	108(0.77,6.3)	25(0.91,49.3)	34(0.86,7.6)	134(0.88,11.2)	76(0.90,18.4)	427(0.63,4.5)	159(0.88,9.0)	30(0.80,14.8)	47(0.75,11.4)	316(0.82,4.9)	158(0.71,6.5)	78(0.85,8.2)	384(0.79,5.5)	40(0.83,17.7)	100(0.90,15.5)	30(0.87,17.1)	7(0.86,6.1)	172(0.85,8.5)	46(0.79,14.3)	145(0.89,9.5)	444(0.67,5.0)	182(0.87,12.0)	29(0.77,27.9)	40(0.72,4.0)	108(0.87,11.4)	22(0.90,60.7)	44(0.79,13.8)	20(0.66,7.1)	178(0.84,5.9)	83(0.59,4.3)	10(0.87,6.7)	3(0.70,55.0)	65(0.86,14.0)	68(0.87,4.2)	24(0.86,22.0)	70(0.73,5.0)	7(0.85,53.3)	42(0.78,3.2)	2(0.67,3.0)	1(1.00,2.0)	
[Info]69 Clusters are found in total!
[Info]Step 10: likelihood: 1567.8789, Delta_likelihood: -0.001
ooxooooooooooooxooooooooooooooooxooooooxooooooxoooooooooooooooooooooooooooooooooooooxoooooxoooooooxo
oooooxoooooooxoooooooxooooxooooooooooxoooooooooooooxoooxoooooooooooooxooooooooooooxoooooooxooooooooo

[Info]Clusters:849(0.66,3.7)	815(0.61,3.5)	946(0.68,3.7)	668(0.73,4.7)	480(0.78,4.1)	700(0.70,3.6)	261(0.77,4.2)	154(0.70,4.8)	190(0.79,4.3)	484(0.68,4.4)	337(0.90,11.4)	808(0.83,5.1)	132(0.68,3.6)	199(0.67,3.6)	858(0.70,4.2)	208(0.72,4.6)	363(0.72,4.6)	680(0.86,5.3)	837(0.63,4.0)	259(0.84,9.6)	134(0.71,5.4)	211(0.76,4.6)	1165(0.76,3.4)	560(0.72,4.1)	441(0.78,4.1)	525(0.73,4.4)	49(0.64,7.8)	73(0.87,7.6)	128(0.78,4.3)	105(0.74,5.1)	26(0.91,51.5)	32(0.85,8.7)	131(0.87,11.5)	83(0.90,16.9)	453(0.63,4.6)	153(0.88,8.3)	22(0.80,15.6)	46(0.79,11.7)	282(0.81,4.7)	162(0.70,6.2)	94(0.85,8.6)	374(0.81,5.7)	44(0.84,16.3)	111(0.90,14.8)	26(0.88,18.4)	6(0.75,0.7)	180(0.83,7.6)	57(0.78,13.4)	141(0.89,9.2)	462(0.67,5.0)	156(0.88,12.5)	26(0.74,26.3)	39(0.75,2.7)	103(0.87,12.7)	23(0.90,56.3)	42(0.78,14.0)	15(0.67,8.8)	206(0.86,6.9)	76(0.54,4.5)	11(0.79,3.5)	8(0.72,27.0)	51(0.87,15.8)	78(0.78,3.8)	22(0.87,26.0)	64(0.75,5.7)	7(0.85,53.9)	34(0.72,3.4)	1(0.67,3.0)	
[Info]68 Clusters are found in total!
[Info]Step 11: likelihood: 1544.5693, Delta_likelihood: 0.015
oxoooooooooooooooooooooooooooxooooooooxooooooooxooooooooxoooooooooxooooooooooooxooooooooooxooooooooo
oooooooooooooooooxooooxoooxoooooxoooooooooxoooooooxoooooxoooooooxoooooooooooooooooooooooooooooo
[Info]Clusters:822(0.66,3.7)	862(0.60,3.6)	971(0.68,3.7)	667(0.72,4.3)	473(0.79,4.5)	696(0.71,3.6)	268(0.77,4.6)	150(0.68,4.5)	207(0.76,4.6)	484(0.69,4.5)	341(0.91,11.6)	832(0.83,5.4)	143(0.69,4.1)	206(0.69,3.8)	848(0.70,4.1)	210(0.73,4.5)	329(0.73,4.7)	711(0.85,5.4)	814(0.61,3.9)	266(0.83,9.2)	136(0.70,4.8)	221(0.75,4.4)	1211(0.75,3.4)	578(0.74,4.1)	426(0.78,4.1)	525(0.74,4.4)	43(0.65,8.3)	76(0.84,7.8)	121(0.74,4.6)	102(0.78,6.4)	32(0.90,40.6)	31(0.85,7.5)	151(0.88,11.8)	66(0.92,20.7)	422(0.62,4.4)	174(0.87,7.8)	22(0.80,13.6)	37(0.78,12.1)	299(0.80,5.2)	148(0.70,5.9)	76(0.86,9.8)	349(0.79,5.5)	44(0.85,15.8)	103(0.91,14.4)	23(0.88,20.0)	7(0.80,0.7)	153(0.84,8.6)	58(0.78,12.0)	138(0.88,9.2)	431(0.66,4.9)	141(0.88,13.2)	31(0.74,23.3)	36(0.79,3.6)	112(0.86,11.4)	24(0.90,53.7)	39(0.77,12.9)	17(0.63,7.5)	198(0.86,6.4)	76(0.58,5.1)	10(0.77,3.1)	4(0.69,42.5)	57(0.85,14.2)	77(0.80,4.4)	24(0.85,25.2)	77(0.73,5.2)	6(0.86,61.3)	34(0.73,1.7)	
[Info]67 Clusters are found in total!
[Info]Step 12: likelihood: 1553.7457, Delta_likelihood: -0.006
oxooooooooooooooooooooxoooooooxooooooxoooooooxooooxoooxoooooooooooooooooooooxooooooooooooooooooooooo
ooooxooooooooooooxoxoooooooxooooooooooooxoooooxoooooooxoooooooooooxooooooooo
[Info]Clusters:837(0.65,3.4)	814(0.61,3.8)	962(0.68,3.7)	633(0.74,4.5)	468(0.80,4.6)	730(0.71,3.6)	274(0.78,4.7)	153(0.68,4.8)	200(0.74,4.4)	496(0.70,4.5)	355(0.91,10.9)	809(0.84,5.1)	121(0.73,3.4)	199(0.60,3.1)	844(0.70,4.2)	220(0.65,3.4)	336(0.74,4.7)	658(0.85,5.0)	831(0.61,3.8)	261(0.85,10.1)	140(0.70,5.1)	212(0.72,4.2)	1199(0.75,3.4)	585(0.73,4.2)	415(0.79,4.4)	539(0.70,4.2)	44(0.66,8.0)	75(0.87,8.6)	124(0.75,4.9)	114(0.79,6.5)	28(0.91,44.2)	30(0.87,7.3)	133(0.88,11.5)	58(0.91,19.8)	447(0.62,4.5)	181(0.87,8.0)	26(0.83,15.6)	39(0.77,11.2)	294(0.81,5.3)	143(0.74,6.0)	84(0.88,9.6)	389(0.79,6.0)	38(0.85,17.4)	99(0.91,16.3)	26(0.88,18.4)	8(0.78,5.8)	169(0.84,8.1)	69(0.77,10.6)	136(0.88,9.4)	443(0.67,5.2)	150(0.88,12.4)	28(0.74,25.3)	29(0.86,5.5)	114(0.86,11.2)	19(0.90,66.0)	40(0.76,12.6)	20(0.74,8.6)	197(0.87,7.1)	77(0.58,4.2)	9(0.79,3.1)	8(0.71,22.5)	51(0.87,15.2)	81(0.84,5.5)	29(0.85,19.0)	75(0.78,6.6)	4(0.85,91.3)	47(0.79,3.5)	
[Info]67 Clusters are found in total!
[Info]Step 13: likelihood: 1544.9733, Delta_likelihood: 0.006
oxoooooooxooooooooooooxooooooxoooooooxooooooooxooooooooxooooooooxooooooxoooooooxooooooooooooooxooooo
oxooooooxoooooooxooooooxoooooooooooooxoooooooxoooooooxoooooooooooooxoooooooooooooxoooo
[Info]Clusters:847(0.65,3.5)	807(0.61,3.7)	958(0.67,3.8)	677(0.75,4.5)	486(0.80,4.6)	724(0.69,3.3)	290(0.78,4.7)	140(0.66,4.1)	195(0.72,4.5)	506(0.71,4.6)	327(0.91,11.4)	786(0.84,5.0)	135(0.71,3.4)	192(0.68,3.7)	850(0.69,4.0)	210(0.74,4.3)	351(0.74,4.7)	668(0.84,5.5)	791(0.60,3.8)	262(0.85,9.9)	161(0.68,4.7)	207(0.74,4.1)	1206(0.75,3.5)	569(0.73,4.0)	480(0.75,4.4)	542(0.69,4.2)	45(0.71,9.8)	82(0.88,7.7)	122(0.73,4.1)	107(0.81,8.1)	26(0.91,45.0)	31(0.80,4.2)	116(0.88,12.5)	59(0.91,19.3)	433(0.62,4.4)	158(0.88,8.0)	33(0.82,13.5)	36(0.77,12.4)	318(0.81,4.8)	134(0.76,7.0)	76(0.88,10.0)	378(0.76,5.3)	39(0.85,19.9)	100(0.91,15.6)	31(0.87,16.8)	9(0.50,2.2)	164(0.84,8.6)	48(0.78,13.9)	137(0.89,9.3)	421(0.69,5.1)	159(0.88,12.9)	34(0.74,21.3)	35(0.82,6.6)	117(0.86,10.2)	24(0.90,55.1)	42(0.80,16.5)	21(0.74,10.0)	203(0.86,6.5)	80(0.57,4.4)	7(0.82,3.1)	8(0.76,29.9)	45(0.87,17.6)	85(0.80,5.0)	23(0.86,22.8)	65(0.78,5.2)	4(0.86,99.0)	44(0.71,2.5)	
[Info]67 Clusters are found in total!
[Info]Step 14: likelihood: 1542.7112, Delta_likelihood: 0.001
oxoooooooooooooooooooooooooooooooxoooooooooooooooooooxoooooooxooooooooxoooooxooooooooxoooooxooooxooo
oxoooooooooooooxooxooooooxooooooxooooooxooooooxoooooooxooooooxoooooooxooooooooooooooooooooooxoooooo
[Info]Accumulating evaluation results during sampling...
[Info]Clusters:862(0.65,3.4)	777(0.62,3.6)	946(0.68,3.8)	683(0.75,4.8)	492(0.79,4.5)	738(0.70,3.5)	291(0.81,5.5)	146(0.70,5.1)	213(0.74,5.1)	493(0.69,4.4)	317(0.91,12.1)	819(0.84,5.2)	127(0.73,3.9)	190(0.64,3.1)	876(0.70,4.0)	198(0.72,4.4)	336(0.71,4.3)	726(0.85,5.5)	813(0.60,3.8)	252(0.84,10.0)	145(0.70,5.3)	209(0.72,4.0)	1183(0.74,3.2)	589(0.73,4.3)	440(0.78,4.8)	507(0.72,4.1)	48(0.67,8.6)	68(0.88,9.2)	115(0.72,4.0)	104(0.77,6.8)	25(0.91,46.7)	39(0.85,8.0)	126(0.87,10.9)	57(0.92,19.9)	415(0.60,4.3)	159(0.86,6.9)	23(0.82,14.0)	37(0.79,12.8)	310(0.81,5.0)	139(0.75,6.7)	73(0.86,8.7)	357(0.78,5.8)	41(0.84,17.3)	116(0.91,14.2)	33(0.84,16.0)	8(0.81,2.6)	160(0.84,8.9)	58(0.78,12.9)	117(0.89,10.1)	450(0.65,4.6)	150(0.88,13.4)	29(0.73,23.2)	33(0.85,5.6)	143(0.84,10.8)	23(0.90,56.2)	40(0.78,13.2)	17(0.63,7.2)	213(0.85,6.1)	80(0.60,4.6)	12(0.76,3.8)	5(0.70,34.4)	52(0.88,15.5)	92(0.83,5.6)	25(0.85,22.4)	65(0.79,6.1)	2(0.86,178.0)	38(0.74,2.4)	1(0.50,10.0)	
[Info]68 Clusters are found in total!
[Info]Step 15: likelihood: 1541.0939, Delta_likelihood: 0.001
oxoooooooooooooxoooooooooooooooooooooxooooooooooooooxooooooxoooooooxooooxoooooooooooooooooooooxooooo
oooooooooxoooooooxoooooooooooooooooooooxoooooooooooxooxooooooooooooooooooooooooooooooooooo
[Info]Clusters:859(0.65,3.6)	816(0.61,3.7)	963(0.67,3.8)	667(0.75,4.8)	496(0.81,4.7)	727(0.71,3.7)	290(0.79,4.9)	150(0.74,5.6)	218(0.73,4.6)	468(0.70,4.4)	332(0.91,11.4)	784(0.84,5.2)	100(0.70,2.7)	201(0.66,3.4)	882(0.70,4.0)	189(0.69,3.7)	341(0.73,4.4)	706(0.85,5.5)	782(0.60,3.7)	278(0.85,9.8)	142(0.71,5.3)	220(0.70,4.2)	1216(0.75,3.5)	592(0.75,4.2)	443(0.77,4.1)	505(0.71,4.4)	48(0.67,8.8)	73(0.86,5.2)	141(0.73,3.8)	97(0.81,7.3)	24(0.91,54.0)	35(0.84,5.9)	136(0.86,11.4)	49(0.92,22.2)	430(0.63,4.3)	151(0.88,8.1)	22(0.80,14.0)	41(0.77,11.7)	317(0.80,5.4)	154(0.75,6.5)	83(0.86,7.9)	351(0.80,5.9)	37(0.85,16.6)	97(0.92,17.0)	21(0.88,21.6)	6(0.57,1.2)	157(0.82,8.0)	52(0.77,14.0)	130(0.88,10.3)	456(0.64,4.7)	159(0.88,12.5)	26(0.72,26.5)	28(0.79,7.8)	123(0.85,10.3)	17(0.89,61.1)	44(0.83,17.0)	13(0.64,7.9)	198(0.85,5.6)	97(0.63,4.4)	9(0.79,3.7)	5(0.71,36.8)	57(0.88,15.3)	77(0.81,5.0)	26(0.86,21.0)	72(0.80,7.4)	2(0.86,178.0)	37(0.73,1.4)	1(0.67,9.0)	
[Info]68 Clusters are found in total!
[Info]Step 16: likelihood: 1545.1695, Delta_likelihood: -0.003
oxoooooooooooooxoooooooooooooxoooxooooxooooxooooxooooooooooooxoooooooooooooooooxoooxoooooooxoooooxoo
ooooooooooxoooooooooxooooooooxooooooxooooxooooooooooooooooooooooooooooxooooooooooooooooxoooooooooooo

[Info]Clusters:890(0.65,3.6)	792(0.61,3.6)	950(0.67,3.6)	661(0.76,4.8)	511(0.81,4.7)	703(0.70,3.5)	302(0.78,4.8)	150(0.74,5.8)	198(0.71,4.0)	469(0.70,4.5)	344(0.91,10.9)	770(0.85,5.2)	115(0.70,2.9)	205(0.67,3.7)	865(0.70,4.0)	175(0.73,4.0)	336(0.72,4.2)	688(0.84,5.6)	805(0.60,3.8)	263(0.85,9.8)	143(0.70,5.3)	220(0.70,4.1)	1204(0.75,3.4)	562(0.74,4.3)	478(0.76,4.4)	503(0.71,4.6)	53(0.64,7.1)	69(0.85,5.7)	129(0.70,4.2)	97(0.80,7.7)	20(0.91,57.3)	41(0.86,7.2)	126(0.87,11.9)	61(0.91,19.0)	386(0.63,4.2)	149(0.88,8.4)	28(0.81,11.8)	50(0.79,11.1)	303(0.79,5.1)	143(0.73,6.5)	85(0.85,8.4)	366(0.77,5.4)	33(0.85,19.1)	129(0.91,14.9)	28(0.87,18.9)	7(0.78,2.6)	181(0.83,8.1)	57(0.78,13.9)	124(0.89,10.4)	480(0.65,5.0)	172(0.88,11.7)	30(0.73,23.2)	32(0.78,4.9)	113(0.85,11.0)	16(0.89,64.8)	55(0.81,15.1)	17(0.68,8.1)	205(0.85,5.2)	93(0.62,4.9)	7(0.82,3.1)	4(0.70,42.3)	61(0.85,14.5)	76(0.84,5.6)	27(0.86,20.3)	65(0.78,4.5)	3(0.85,121.7)	43(0.81,3.3)	
[Info]67 Clusters are found in total!
[Info]Step 17: likelihood: 1538.4257, Delta_likelihood: 0.004
oxooooooxoooooooxoooooooooooxoooooooxoooooooooooooooooooooxooooooooooooooooooooooxoooooooxooooooxooo
ooooooooooooooooooxooooooooooooxoooooooooooooooooooooxoooooooxooooxoooooooooxooooooxooooo
[Info]Clusters:844(0.65,3.4)	786(0.63,3.5)	986(0.67,3.6)	696(0.75,4.8)	535(0.81,5.0)	700(0.71,3.7)	276(0.78,4.2)	156(0.68,4.6)	180(0.76,4.1)	484(0.69,4.7)	307(0.91,11.6)	769(0.85,4.7)	110(0.70,3.0)	206(0.67,3.9)	834(0.68,4.0)	190(0.70,4.3)	356(0.70,4.3)	669(0.85,5.6)	822(0.60,3.7)	256(0.85,10.1)	144(0.71,5.0)	231(0.70,4.3)	1212(0.74,3.4)	615(0.72,4.4)	446(0.79,4.6)	512(0.75,5.0)	53(0.68,8.3)	59(0.80,6.1)	126(0.76,3.7)	98(0.80,7.2)	22(0.90,53.0)	32(0.85,4.1)	133(0.87,11.6)	61(0.91,21.5)	437(0.64,4.5)	162(0.88,9.3)	24(0.79,12.1)	45(0.78,11.3)	321(0.80,5.0)	140(0.73,6.5)	67(0.88,9.8)	374(0.79,5.3)	39(0.84,17.2)	97(0.92,16.9)	25(0.88,19.2)	5(NaN,0.0)	185(0.82,7.8)	62(0.77,12.6)	129(0.89,10.7)	478(0.65,4.9)	177(0.87,11.2)	25(0.73,27.3)	32(0.83,5.3)	111(0.84,10.5)	18(0.89,60.1)	46(0.84,18.4)	24(0.76,10.3)	185(0.86,5.7)	85(0.61,5.1)	8(0.86,3.5)	3(0.70,55.0)	66(0.84,13.7)	68(0.85,5.0)	27(0.87,21.3)	52(0.79,4.7)	3(0.86,119.7)	40(0.77,2.9)	
[Info]67 Clusters are found in total!
[Info]Step 18: likelihood: 1533.7046, Delta_likelihood: 0.003
oxooooooooxooooooxoooooooooxooooooooooooooooooooooooooxoooooooooooooxooooooooooooooxooooooooooooxooo
oooxooooooxooooooxooooxooooooooooooooooxoooooooxooooooooooooooooooooxoooooooooooooooooooooooooooo
[Info]Clusters:845(0.63,3.3)	777(0.62,3.7)	944(0.67,3.6)	692(0.75,4.8)	502(0.81,5.0)	698(0.71,3.6)	252(0.81,4.6)	151(0.67,4.3)	202(0.72,4.3)	460(0.69,4.4)	306(0.91,11.4)	790(0.85,5.2)	109(0.70,2.5)	205(0.68,3.5)	885(0.70,4.0)	202(0.72,4.7)	345(0.70,4.4)	696(0.84,5.4)	819(0.62,3.7)	245(0.86,9.8)	136(0.67,5.4)	229(0.76,4.7)	1206(0.74,3.3)	594(0.73,4.4)	453(0.75,4.1)	556(0.74,4.7)	58(0.66,8.1)	70(0.86,5.4)	131(0.77,4.7)	105(0.79,7.1)	28(0.90,44.2)	27(0.80,4.9)	135(0.87,11.6)	65(0.90,18.5)	431(0.63,4.6)	173(0.88,7.9)	28(0.80,11.8)	38(0.77,12.2)	319(0.80,5.3)	134(0.74,6.6)	76(0.87,8.1)	358(0.77,5.3)	42(0.85,17.8)	112(0.91,16.3)	30(0.87,18.5)	5(NaN,0.0)	152(0.83,8.7)	52(0.79,14.2)	121(0.88,9.9)	451(0.66,5.0)	197(0.87,11.8)	28(0.72,26.2)	33(0.87,6.4)	119(0.83,10.3)	18(0.89,59.1)	45(0.82,17.0)	19(0.67,9.2)	178(0.85,5.8)	83(0.56,4.5)	10(0.78,3.2)	5(0.68,35.8)	57(0.87,13.5)	87(0.80,5.1)	33(0.85,18.0)	68(0.83,7.5)	4(0.86,90.3)	41(0.64,1.7)	1(0.89,19.0)	
[Info]68 Clusters are found in total!
[Info]Step 19: likelihood: 1539.0243, Delta_likelihood: -0.003
[Info]Accumulating evaluation results during sampling...
MTCLinAdaptWithDP[dim:801,supDim:3072,M:6,alpha:1.0000,#Iter:20,N1(0.000,0.230),N2(1.000,0.100)]
Micro confusion matrix:
	0	1
0	8147	2000
1	2466	33848
Micro F1:
Class 0	0.7849	Class 1	0.9381	
Macro F1:
Class 0	0.7664	Class 1	0.9068	
[Info]Clusters:845(0.63,3.3)	777(0.62,3.7)	944(0.67,3.6)	692(0.75,4.8)	502(0.81,5.0)	698(0.71,3.6)	252(0.81,4.6)	151(0.67,4.3)	202(0.72,4.3)	460(0.69,4.4)	306(0.91,11.4)	790(0.85,5.2)	109(0.70,2.5)	205(0.68,3.5)	885(0.70,4.0)	202(0.72,4.7)	345(0.70,4.4)	696(0.84,5.4)	819(0.62,3.7)	245(0.86,9.8)	136(0.67,5.4)	229(0.76,4.7)	1206(0.74,3.3)	594(0.73,4.4)	453(0.75,4.1)	556(0.74,4.7)	58(0.66,8.1)	70(0.86,5.4)	131(0.77,4.7)	105(0.79,7.1)	28(0.90,44.2)	27(0.80,4.9)	135(0.87,11.6)	65(0.90,18.5)	431(0.63,4.6)	173(0.88,7.9)	28(0.80,11.8)	38(0.77,12.2)	319(0.80,5.3)	134(0.74,6.6)	76(0.87,8.1)	358(0.77,5.3)	42(0.85,17.8)	112(0.91,16.3)	30(0.87,18.5)	5(NaN,0.0)	152(0.83,8.7)	52(0.79,14.2)	121(0.88,9.9)	451(0.66,5.0)	197(0.87,11.8)	28(0.72,26.2)	33(0.87,6.4)	119(0.83,10.3)	18(0.89,59.1)	45(0.82,17.0)	19(0.67,9.2)	178(0.85,5.8)	83(0.56,4.5)	10(0.78,3.2)	5(0.68,35.8)	57(0.87,13.5)	87(0.80,5.1)	33(0.85,18.0)	68(0.83,7.5)	4(0.86,90.3)	41(0.64,1.7)	1(0.89,19.0)	
[Info]68 Clusters are found in total!
[Oracle]test user size: 3000, nu of rvw for cluster assignment: 2[Info]Training size: 0, adaptation size: 93996, and testing size: 46461
[Info]Feature group size 801
[Info]Training size: 0, adaptation size: 93996, and testing size: 46461
MTCLinAdaptWithDP[dim:801,supDim:3072,M:6,alpha:1.0000,#Iter:20,N1(0.000,0.230),N2(1.000,0.100)]
oxooxooooooooooooooxoooooooxooxoooooooooooooxooooooxooooooxoooooxooooooooooooooxoooooooooooooxoooooo
oooooooooooooxooooooooooooooooooooooooxooooooooooooooooooooooooooooooooooxooooooooxooooooooooooxoooo
oooooooooooooooooooxoooooooooooooooooxooooooooooooooooooooooxoooxooooxooooxoooooxooooooooooooxoooooo
xoooxooooooooooooooooooooooooooooooooooooooooxooooooxoooxoooooooooooooooooooooooxooooxoooooooooooooo
oooooooxoooooooooxoooooooooooooooooxooooooooooooooooooooooo
ooooooooooooooooxoooooooxooooooxooooooxooooooxoooxoooooooooxoooxoooooooooooxooooooooxoooooooooooooxo
oxoooooxoooooooxoooooooxoooooxooooooooxooooooooxooooooooooooxooooooooooooooxooxooooooooooooooooooooo
ooooooxoooooooooooooxooooooooooooooooooooooooooooooooooxooooxoooxooooooooooooooo
oooooooooooooooxoooooooooooxoooooooooooooxoooooooooooooooooooooooooooooooooooxooooooooooooooooooooxo
oooooxoooooooxooooooooooooooooooxooooooooxoooooooxooooooooooooooxoooooooxoooooooooooxooooooxoooooooo
oooooooooooooxooooooxooooooooooooooooooooooo
oxooooooxoooooooxooooooooxoooooxooooooooooooxooooxooooxooooooooxoooooxooooxooooxooooooooooooxooooooo
ooooooxooooooooooxoooooooooooooxooooooooooooooxooooxoooooooooxooooooooooooooooooooooxooooooooooooxoo
oxooooooooooooxooooooooooooooo
oxoooooooxooooooxoooooooxoooooooooooooooxoooooooooooxooooooooooooooooooooooooooooooooxoooooooooooooo
xooooooxooooooooooooooooooooxooooooxoooooooxoooxooooxooooxoooooooooxooooooooooooooooooxoooxoooooxooo
ooooooooooxoooxooo
ooxoooooooooooooxooooooxooooxooooooooooooooxoooooooxooooooooooxooooooooooooxoooooooxooxooooooooooxoo
xoooooxoooooooxoooooooooooooxooooooooooooooooooooxooooooxooooooxooooooxoooooooxooooooooooooooooooooo
oooooooooooooooooooxooo
[Info]Accumulating evaluation results during sampling...
[Info]Clusters:1073(0.67,2.6)	1248(0.62,2.7)	1287(0.64,2.2)	321(0.75,4.4)	1393(0.86,4.3)	773(0.77,3.9)	258(0.65,4.8)	480(0.76,4.2)	672(0.63,2.2)	401(0.80,4.0)	1215(0.62,2.3)	163(0.70,5.6)	1025(0.73,2.4)	330(0.86,8.0)	519(0.83,4.4)	369(0.86,7.5)	367(0.63,3.1)	1203(0.67,2.2)	1783(0.67,2.3)	1053(0.71,2.6)	195(0.77,3.1)	819(0.67,2.2)	91(0.70,4.9)	674(0.82,4.0)	1323(0.74,2.5)	891(0.84,4.3)	197(0.79,6.1)	115(0.86,7.3)	150(0.86,5.2)	217(0.84,5.7)	638(0.89,8.0)	55(0.68,5.6)	49(0.82,19.5)	284(0.76,3.5)	478(0.84,4.5)	67(0.62,6.8)	58(0.84,8.4)	66(0.82,8.5)	107(0.89,11.8)	129(0.89,17.3)	308(0.72,3.3)	10(0.85,26.0)	246(0.65,3.1)	84(0.88,9.6)	171(0.76,3.4)	180(0.78,3.8)	644(0.80,2.9)	50(0.75,4.5)	187(0.69,2.8)	533(0.80,3.3)	71(0.85,7.4)	34(0.87,11.0)	39(0.88,9.2)	31(0.91,7.7)	285(0.80,4.2)	20(0.90,42.3)	8(0.88,20.1)	94(0.66,2.3)	44(0.85,2.4)	
[Info]59 Clusters are found in total!
[Info]Step 0: likelihood: 1727.2691, Delta_likelihood: -1.000
oxoooooooxooooooxooooooxoooxooooooooooooooooooooxooooooooooooooooooooooooooxooooooooxooooooooooxoooo
ooooxoooooooooooooooooooooooooooooxooooooooooooooooooooooxooooooooooooooooooooxooxoooooxoooooooooxoo
oooxooooooxoooooo
[Info]Clusters:1044(0.66,2.5)	1230(0.62,2.8)	1236(0.66,2.1)	321(0.75,4.6)	1398(0.87,4.1)	784(0.75,3.9)	272(0.63,4.6)	486(0.75,4.0)	693(0.62,2.3)	382(0.79,4.3)	1213(0.65,2.5)	161(0.73,5.8)	1026(0.72,2.4)	322(0.87,8.3)	535(0.82,4.3)	391(0.87,7.5)	369(0.62,2.9)	1247(0.66,2.3)	1828(0.65,2.3)	1054(0.70,2.4)	200(0.80,3.4)	802(0.70,2.3)	80(0.70,4.4)	641(0.82,4.0)	1337(0.74,2.7)	886(0.84,4.3)	207(0.81,7.2)	112(0.86,6.8)	166(0.85,5.5)	209(0.87,5.4)	635(0.89,7.9)	53(0.71,5.3)	48(0.82,18.9)	265(0.75,3.4)	469(0.83,4.6)	56(0.64,7.3)	65(0.85,8.1)	69(0.82,8.3)	116(0.88,9.6)	131(0.88,17.1)	284(0.71,2.7)	15(0.83,19.9)	230(0.62,2.8)	74(0.88,9.6)	168(0.73,2.9)	175(0.81,4.5)	648(0.81,3.0)	49(0.72,3.0)	182(0.72,3.5)	526(0.79,2.7)	69(0.86,7.4)	34(0.87,12.2)	44(0.88,8.9)	32(0.89,7.8)	295(0.82,4.7)	18(0.91,44.3)	8(0.85,20.4)	81(0.73,2.1)	46(0.82,2.3)	174(0.70,1.3)	86(0.66,1.6)	
[Info]61 Clusters are found in total!
[Info]Step 1: likelihood: 1706.7550, Delta_likelihood: 0.012
oxoooooooooooooxooooooxooooxooooxooooooooxoooooxooooooxooooooooxoooooooooooooxoooooooooooooxoxoooooo
ooooooooooooooxoooooooooooxooooxoooooooooooooxooooxooooooooooooooxoooooooxoooooooooooooooooooooooooo
oooooxooo
[Info]Clusters:1062(0.65,2.4)	1223(0.62,2.7)	1236(0.65,2.1)	304(0.75,4.5)	1403(0.87,4.5)	792(0.75,3.9)	257(0.65,4.5)	470(0.74,4.0)	695(0.64,2.4)	391(0.81,4.3)	1244(0.65,2.5)	162(0.70,5.6)	1028(0.71,2.5)	314(0.87,8.3)	513(0.81,4.1)	368(0.87,7.2)	343(0.62,2.6)	1219(0.65,2.2)	1794(0.68,2.3)	1040(0.66,2.4)	199(0.82,3.7)	830(0.69,2.4)	101(0.68,4.5)	663(0.82,4.0)	1308(0.75,2.5)	866(0.85,4.4)	221(0.80,6.6)	108(0.84,6.6)	166(0.84,5.2)	220(0.85,5.5)	676(0.89,7.7)	49(0.67,5.8)	58(0.81,16.2)	250(0.76,2.9)	479(0.84,5.1)	49(0.63,7.5)	58(0.87,9.2)	80(0.78,7.1)	112(0.88,10.8)	140(0.88,15.8)	302(0.72,3.2)	10(0.84,26.6)	228(0.69,3.2)	85(0.86,8.1)	166(0.74,2.8)	186(0.79,3.9)	674(0.77,2.9)	48(0.72,3.6)	185(0.75,3.2)	515(0.77,2.8)	67(0.87,8.7)	33(0.86,12.5)	50(0.87,9.3)	29(0.90,9.9)	286(0.82,4.3)	20(0.91,40.2)	9(0.87,18.3)	75(0.60,1.5)	47(0.67,2.9)	177(0.83,2.4)	94(0.70,1.8)	
[Info]61 Clusters are found in total!
[Info]Step 2: likelihood: 1698.7565, Delta_likelihood: 0.005
oxooooooooooooxoooooooxooooooooooooxooxooooooxooooooxooooooxoooooooxooooooxoooxooooooooooooooxoooooo
ooooxooooooooooooooooxoooooooxoooooooooooooooooxoooooooooooooooooooooooxooooxoooooooooooooooooooooox
oooooxoooooooooooooxooo
[Info]Clusters:1048(0.65,2.4)	1204(0.61,2.5)	1238(0.65,2.1)	315(0.73,4.4)	1435(0.87,4.4)	768(0.75,3.9)	258(0.66,4.5)	480(0.74,4.2)	715(0.63,2.5)	385(0.81,4.6)	1262(0.66,2.6)	167(0.69,5.1)	990(0.72,2.6)	314(0.87,7.9)	529(0.82,4.1)	382(0.86,7.6)	333(0.60,2.7)	1258(0.67,2.3)	1815(0.66,2.2)	1033(0.69,2.5)	197(0.85,3.8)	855(0.69,2.5)	102(0.72,4.6)	646(0.81,3.9)	1329(0.72,2.5)	858(0.85,4.5)	211(0.82,6.6)	98(0.88,6.5)	167(0.84,5.4)	229(0.86,5.7)	647(0.89,7.8)	47(0.70,6.1)	45(0.82,19.4)	243(0.74,2.8)	474(0.84,4.7)	58(0.59,6.4)	65(0.84,8.1)	65(0.81,8.5)	101(0.90,11.1)	144(0.88,15.4)	286(0.76,3.3)	12(0.84,26.1)	222(0.65,2.7)	77(0.86,8.1)	174(0.75,3.1)	179(0.76,3.1)	666(0.80,3.0)	50(0.67,3.7)	196(0.67,3.3)	527(0.78,2.8)	72(0.85,8.9)	27(0.89,12.7)	39(0.90,9.5)	28(0.89,8.4)	285(0.82,4.3)	19(0.91,44.0)	13(0.87,15.9)	77(0.82,2.3)	51(0.82,3.4)	175(0.73,1.7)	92(0.66,1.6)	
[Info]61 Clusters are found in total!
[Info]Step 3: likelihood: 1685.7146, Delta_likelihood: 0.008
oxooooooooooooooooooooooooooooxooooooxoooooooooooooooxooooxooooooooooooxooooooooxoooxoooooooooooxooo
ooooooooooxoooooooooooooooooooooooooooxooooooooooooooooooooooooxooooooxoooooooxoooooooxoooooxooooxoo
o
[Info]Clusters:1060(0.65,2.5)	1180(0.61,2.4)	1238(0.64,2.0)	308(0.74,4.3)	1410(0.87,4.2)	801(0.75,4.0)	264(0.63,4.3)	478(0.73,4.0)	702(0.65,2.6)	374(0.81,5.1)	1225(0.66,2.6)	166(0.71,5.7)	1017(0.72,2.5)	321(0.87,8.2)	507(0.83,4.3)	391(0.86,7.6)	348(0.62,2.8)	1247(0.66,2.4)	1792(0.67,2.2)	1059(0.68,2.5)	204(0.83,3.6)	840(0.70,2.6)	88(0.71,5.3)	653(0.81,4.0)	1331(0.73,2.6)	901(0.84,4.4)	199(0.82,5.8)	106(0.86,6.4)	159(0.85,5.5)	220(0.87,5.9)	644(0.89,7.5)	50(0.68,5.5)	51(0.83,18.8)	261(0.72,2.9)	489(0.83,4.5)	62(0.59,6.5)	62(0.85,7.8)	61(0.79,9.0)	103(0.90,11.4)	128(0.89,16.1)	288(0.77,2.7)	10(0.84,26.3)	238(0.69,3.1)	75(0.88,9.0)	163(0.74,2.6)	182(0.79,3.8)	652(0.80,2.8)	53(0.78,4.5)	175(0.72,2.7)	544(0.75,3.0)	74(0.83,8.0)	33(0.88,15.8)	43(0.87,9.1)	36(0.89,8.9)	287(0.81,4.6)	20(0.91,43.2)	9(0.84,18.8)	82(0.71,1.6)	42(0.85,2.6)	176(0.72,1.7)	95(0.64,1.5)	
[Info]61 Clusters are found in total!
[Info]Step 4: likelihood: 1665.8077, Delta_likelihood: 0.012
oooooooooooooooxooooooxooooooxooooxoooooooxoooxoooooooooooxooooooxoxooooooooooooooooooooooxooxooooxo
oooxooooxoooooooooooxoxoooxooooxooooxooooxoooooooooxooooxoooooooooooxooooooooooooooooxoooooxoooooooo
ooxoooooxooooooooooooooooooooo
[Info]Accumulating evaluation results during sampling...
[Info]Clusters:1035(0.66,2.5)	1193(0.60,2.5)	1240(0.63,2.2)	306(0.75,4.4)	1392(0.86,4.2)	775(0.75,4.0)	252(0.62,4.1)	470(0.73,4.0)	714(0.64,2.5)	368(0.82,4.8)	1230(0.66,2.7)	169(0.73,5.8)	1070(0.72,2.7)	307(0.87,8.1)	505(0.84,4.3)	368(0.86,7.5)	346(0.60,2.4)	1235(0.65,2.3)	1780(0.67,2.2)	1051(0.71,2.6)	194(0.76,2.8)	856(0.71,2.6)	94(0.73,5.0)	644(0.82,3.9)	1354(0.74,2.7)	899(0.84,4.4)	198(0.80,5.6)	116(0.84,6.0)	155(0.83,4.7)	222(0.86,5.3)	684(0.88,7.9)	55(0.71,5.3)	45(0.82,19.3)	273(0.74,3.1)	487(0.83,4.6)	59(0.62,6.9)	53(0.86,8.1)	68(0.83,8.5)	94(0.90,11.2)	129(0.89,16.6)	278(0.77,3.2)	12(0.83,23.3)	220(0.66,2.8)	89(0.86,9.0)	168(0.73,2.2)	177(0.79,4.0)	657(0.80,3.1)	48(0.73,3.4)	196(0.72,3.0)	541(0.77,2.9)	77(0.86,8.0)	27(0.89,13.8)	44(0.87,8.8)	42(0.88,8.5)	294(0.81,4.3)	16(0.91,49.3)	8(0.87,20.8)	75(0.78,1.8)	42(0.82,1.1)	187(0.72,2.1)	94(0.62,1.2)	
[Info]61 Clusters are found in total!
[Info]Step 5: likelihood: 1656.7436, Delta_likelihood: 0.005
ooxoooooooooooooxoooooooooooooxooooooxoooooooooooooxoooooooooooooooooooxooooxoooooooooooxooooooooooo
oooooooooooooooxooooooooooooooooooxoooooooxoooooxooooooxoooooooxoooooooooooxoxooooooooxoooooooxooooo
ooooxoooooooooooxooooooo
[Info]Clusters:1023(0.65,2.4)	1170(0.59,2.5)	1270(0.65,2.2)	326(0.73,4.5)	1411(0.86,4.2)	790(0.75,3.9)	241(0.65,4.4)	449(0.74,4.0)	715(0.64,2.6)	377(0.82,5.2)	1205(0.65,2.5)	162(0.69,5.2)	1079(0.71,2.7)	322(0.86,8.1)	518(0.83,4.2)	377(0.86,7.5)	354(0.66,2.8)	1236(0.65,2.3)	1754(0.68,2.3)	1057(0.70,2.7)	187(0.79,2.5)	877(0.69,2.6)	88(0.72,4.4)	650(0.83,4.0)	1327(0.73,2.6)	912(0.84,4.5)	196(0.81,6.3)	104(0.85,6.4)	157(0.85,5.0)	235(0.82,5.0)	676(0.88,7.8)	45(0.68,4.8)	45(0.82,19.4)	262(0.75,3.2)	483(0.83,4.5)	61(0.62,7.3)	54(0.87,8.0)	77(0.80,9.0)	109(0.89,10.8)	121(0.89,16.8)	287(0.72,2.7)	15(0.82,21.0)	229(0.70,2.9)	75(0.89,9.0)	164(0.77,2.9)	187(0.77,3.1)	655(0.80,2.9)	49(0.68,3.5)	193(0.65,2.6)	545(0.77,3.0)	78(0.86,7.3)	27(0.89,12.8)	45(0.85,9.2)	34(0.88,9.8)	284(0.84,4.3)	18(0.91,44.3)	7(0.88,22.3)	73(0.84,2.1)	43(0.85,1.9)	172(0.79,1.8)	95(0.71,1.8)	
[Info]61 Clusters are found in total!
[Info]Step 6: likelihood: 1648.7158, Delta_likelihood: 0.005
oxoooooooxooooooooooooooooooooooxoooooxooooooooooooxoooooooooxooooxoooooooooooooooooxooooooooooooooo
oxoooooooooooooxooooooooooooxooxoooooxoooooooooooxoooooooxoooooooooooooooooooooooooxoooooooooxoooooo
oooooooooooooooooooooooooooooo
[Info]Clusters:1036(0.65,2.5)	1181(0.60,2.4)	1266(0.67,2.2)	312(0.73,4.9)	1407(0.86,4.1)	784(0.75,3.8)	241(0.64,4.1)	479(0.74,3.9)	703(0.62,2.4)	387(0.83,4.6)	1243(0.66,2.6)	158(0.70,5.1)	1048(0.72,2.6)	321(0.87,8.2)	527(0.84,4.7)	367(0.86,7.3)	355(0.62,2.8)	1238(0.66,2.3)	1826(0.67,2.4)	1049(0.70,2.7)	195(0.76,2.9)	832(0.71,2.6)	82(0.73,4.3)	655(0.82,4.0)	1291(0.73,2.6)	884(0.85,4.7)	195(0.80,6.1)	104(0.83,4.9)	157(0.84,4.8)	234(0.84,5.2)	666(0.88,7.7)	45(0.67,4.6)	43(0.82,20.1)	274(0.75,3.3)	480(0.84,5.0)	60(0.60,6.3)	64(0.85,6.9)	68(0.76,8.3)	117(0.87,11.0)	128(0.89,15.7)	279(0.72,2.8)	12(0.85,24.0)	217(0.65,2.6)	85(0.88,8.8)	173(0.72,2.7)	173(0.80,3.4)	678(0.80,3.2)	47(0.69,3.7)	182(0.70,2.6)	539(0.79,2.9)	68(0.85,7.4)	28(0.84,14.0)	46(0.88,10.1)	28(0.89,9.3)	299(0.82,4.5)	17(0.91,47.1)	9(0.87,18.1)	80(0.73,1.7)	38(0.63,0.8)	188(0.85,2.9)	89(0.67,1.6)	
[Info]61 Clusters are found in total!
[Info]Step 7: likelihood: 1641.6270, Delta_likelihood: 0.004
ooooooooxooooooxoooooooooooooxooooooxoooooooooxoooooooooooooooooooooooooooxoooooooxoooooooooooxooooo
oooooooooxooooooooxoooooxooooooxoooooooxoooxooooooooooooooxoooooooooooxoooooooxoooooooooooxooooooxoo
oooooxoooxoooooooooo
[Info]Clusters:1077(0.65,2.6)	1169(0.60,2.5)	1303(0.64,2.3)	307(0.73,4.6)	1445(0.86,4.3)	760(0.75,3.8)	228(0.64,4.0)	478(0.75,4.1)	682(0.64,2.2)	377(0.81,3.9)	1199(0.66,2.5)	179(0.71,5.8)	1056(0.70,2.6)	311(0.86,8.4)	506(0.84,4.4)	358(0.87,7.7)	368(0.64,2.9)	1269(0.63,2.3)	1802(0.66,2.3)	1090(0.69,2.7)	194(0.78,2.6)	832(0.69,2.5)	91(0.71,4.7)	659(0.81,3.8)	1323(0.75,2.7)	880(0.85,4.5)	198(0.82,6.4)	110(0.84,5.6)	163(0.84,5.2)	205(0.85,5.1)	672(0.89,7.5)	41(0.70,4.5)	44(0.83,22.0)	259(0.79,3.3)	493(0.84,4.7)	53(0.61,7.4)	55(0.84,6.6)	63(0.82,8.3)	116(0.89,12.1)	126(0.89,16.7)	311(0.75,3.5)	15(0.83,20.2)	214(0.72,3.2)	69(0.89,9.6)	168(0.76,3.1)	177(0.78,3.6)	674(0.79,3.2)	47(0.72,3.1)	162(0.77,2.6)	518(0.80,2.9)	69(0.86,8.1)	26(0.89,11.5)	41(0.87,9.1)	32(0.88,9.1)	296(0.83,4.3)	20(0.91,40.5)	8(0.85,20.4)	74(0.66,1.0)	43(0.77,2.4)	179(0.82,2.7)	93(0.57,1.6)	
[Info]61 Clusters are found in total!
[Info]Step 8: likelihood: 1658.8723, Delta_likelihood: -0.010
oxooooooxoooooooooooooooxoooooooooooooooxoooooooxoooooxooooooxooooooooxooooooooooooooooooooooooooxoo
oooooooooxooooooooxoooooooooooooxooooooxoooxoooooxooooooxooooooxoooooooxoooxooooxooooooooooooooooooo
ooo
[Info]Clusters:1059(0.67,2.6)	1201(0.60,2.5)	1280(0.66,2.2)	313(0.73,4.5)	1406(0.86,4.3)	787(0.76,3.9)	227(0.61,3.8)	468(0.75,4.0)	691(0.66,2.6)	355(0.83,4.2)	1200(0.67,2.5)	153(0.69,5.7)	1050(0.73,2.9)	308(0.87,8.4)	517(0.83,4.3)	385(0.86,7.2)	364(0.64,2.8)	1266(0.64,2.5)	1838(0.67,2.3)	1065(0.69,2.7)	193(0.77,2.7)	827(0.70,2.6)	91(0.75,5.1)	657(0.82,3.9)	1344(0.73,2.6)	876(0.84,4.4)	188(0.82,6.3)	105(0.84,4.6)	156(0.82,4.8)	222(0.85,5.5)	652(0.89,7.6)	42(0.70,4.1)	45(0.82,19.6)	259(0.75,2.9)	475(0.85,5.0)	51(0.62,7.7)	58(0.84,8.4)	70(0.78,8.6)	108(0.87,10.6)	124(0.89,17.2)	298(0.75,2.9)	15(0.86,21.9)	232(0.68,3.1)	76(0.87,9.1)	169(0.71,3.1)	191(0.78,3.8)	651(0.80,2.8)	57(0.73,3.3)	176(0.71,2.8)	527(0.78,2.8)	76(0.87,8.9)	26(0.89,12.8)	38(0.90,9.3)	37(0.87,8.4)	307(0.82,4.4)	18(0.90,44.5)	9(0.87,18.0)	79(0.64,1.4)	54(0.65,2.1)	185(0.77,2.2)	80(0.75,1.1)	
[Info]61 Clusters are found in total!
[Info]Step 9: likelihood: 1641.4554, Delta_likelihood: 0.011
oxooooooxoooooooooooooxooooooxooooooooooooxoooooooooooooooooooooooooooxooooooxoooooooxooooooxooooooo
oxoooooxooooooxooooooooooooooxooooooxooooooxoooooooxoooooooxooooooooooooxoooooooxoooooooxooooooxooox
oooooxooooooooxooooooooxooooooooxoooo
[Info]Accumulating evaluation results during sampling...
[Info]Clusters:1055(0.66,2.5)	1200(0.60,2.4)	1264(0.64,2.2)	306(0.74,4.4)	1458(0.86,4.4)	746(0.76,3.8)	231(0.63,4.4)	472(0.74,4.1)	699(0.63,2.5)	385(0.81,4.1)	1210(0.67,2.5)	164(0.73,5.7)	1057(0.72,2.7)	298(0.87,8.2)	524(0.83,4.2)	361(0.87,7.3)	357(0.63,2.8)	1255(0.64,2.4)	1822(0.66,2.3)	1042(0.70,2.9)	183(0.74,2.7)	860(0.69,2.6)	81(0.78,5.4)	670(0.81,3.9)	1342(0.73,2.6)	870(0.85,4.4)	201(0.80,5.6)	113(0.86,6.3)	147(0.84,4.9)	215(0.87,5.8)	654(0.89,7.5)	56(0.65,5.1)	47(0.82,19.7)	245(0.77,2.8)	476(0.84,5.1)	51(0.60,6.7)	63(0.83,7.7)	73(0.78,7.8)	108(0.89,10.3)	124(0.89,17.3)	296(0.73,2.7)	15(0.84,18.7)	217(0.66,2.9)	75(0.89,9.8)	152(0.82,3.3)	201(0.77,3.8)	696(0.80,3.3)	60(0.71,3.9)	162(0.75,2.2)	524(0.79,2.7)	71(0.86,7.3)	33(0.89,14.2)	40(0.89,9.3)	31(0.90,10.8)	283(0.82,4.0)	17(0.91,49.8)	8(0.87,19.9)	88(0.78,2.4)	44(0.71,0.8)	192(0.79,3.0)	87(0.71,1.2)	
[Info]61 Clusters are found in total!
[Info]Step 10: likelihood: 1629.3783, Delta_likelihood: 0.007
ooooooooooooooooxooooooxooooooxoooxooooxooooooxooooxooooxoooooooooxooooxooooooooxoooooxoooooooooooox
ooooooooxoooooooooooooooooooooxoooooooooooooooooooooooooxoooooooooxoooooooooooooooooooxooooooooooooo
ooooooooo
[Info]Clusters:1069(0.66,2.6)	1204(0.60,2.5)	1275(0.65,2.3)	293(0.77,4.7)	1395(0.86,4.4)	795(0.75,4.0)	240(0.62,4.3)	464(0.74,3.8)	687(0.63,2.5)	366(0.81,4.1)	1199(0.67,2.5)	157(0.71,5.8)	1072(0.72,2.6)	308(0.88,8.5)	503(0.83,4.2)	356(0.87,7.5)	363(0.66,2.9)	1277(0.64,2.4)	1824(0.66,2.3)	1072(0.69,2.8)	194(0.75,3.3)	822(0.69,2.7)	89(0.70,4.0)	671(0.82,3.8)	1328(0.73,2.5)	920(0.84,4.6)	212(0.81,6.1)	103(0.84,5.7)	154(0.85,4.9)	212(0.86,5.3)	654(0.89,7.6)	48(0.64,4.1)	47(0.81,19.2)	244(0.76,2.8)	506(0.83,4.9)	46(0.63,7.7)	58(0.86,8.3)	67(0.79,8.0)	103(0.90,10.9)	134(0.89,16.5)	281(0.75,2.6)	13(0.84,20.7)	225(0.63,2.9)	75(0.88,9.2)	156(0.73,2.4)	185(0.81,3.5)	683(0.80,3.4)	47(0.76,4.2)	164(0.67,2.2)	539(0.79,2.7)	70(0.83,7.7)	32(0.88,14.4)	44(0.88,9.4)	39(0.82,7.5)	276(0.84,4.3)	21(0.90,39.0)	8(0.85,23.1)	73(0.83,1.7)	44(0.60,1.1)	183(0.85,2.4)	88(0.69,1.2)	
[Info]61 Clusters are found in total!
[Info]Step 11: likelihood: 1621.6246, Delta_likelihood: 0.005
ooxoooooooxooooooxooooooxooooooooooooooooxooooxooooxoooooooooxooooxoooooooooooooooooooooxooooooooxoo
oxooooooxooooooxooooooooooooooooxoooooxooooxoooooooxoooxoooooooooooooooooooooooxooooxooooxooooxooooo
oo
[Info]Clusters:1048(0.65,2.4)	1204(0.60,2.5)	1292(0.64,2.3)	296(0.76,4.5)	1416(0.86,4.4)	752(0.75,3.8)	233(0.64,4.2)	456(0.73,3.7)	708(0.63,2.5)	387(0.81,4.1)	1185(0.68,2.5)	159(0.70,5.5)	1063(0.73,2.9)	296(0.88,8.6)	519(0.83,4.6)	392(0.86,7.1)	360(0.59,2.7)	1266(0.66,2.4)	1842(0.66,2.4)	1062(0.68,2.7)	200(0.73,2.9)	862(0.71,2.7)	96(0.75,4.4)	671(0.82,3.9)	1291(0.74,2.7)	871(0.84,4.2)	192(0.83,6.1)	99(0.82,4.6)	154(0.84,4.9)	195(0.87,5.1)	647(0.89,7.8)	42(0.69,4.1)	48(0.82,19.7)	238(0.80,3.1)	497(0.83,4.7)	48(0.62,7.9)	66(0.88,9.2)	68(0.79,8.4)	110(0.89,10.2)	129(0.90,17.2)	306(0.74,2.7)	12(0.84,25.9)	228(0.65,3.0)	75(0.89,10.6)	165(0.76,2.9)	185(0.80,3.8)	697(0.78,3.0)	54(0.77,3.9)	176(0.65,1.9)	501(0.80,2.7)	70(0.85,7.5)	32(0.88,13.2)	48(0.86,9.0)	29(0.90,8.4)	286(0.81,3.7)	21(0.92,38.2)	11(0.84,20.9)	92(0.81,3.1)	50(0.71,2.3)	190(0.82,2.7)	89(0.64,1.0)	
[Info]61 Clusters are found in total!
[Info]Step 12: likelihood: 1626.5935, Delta_likelihood: -0.003
oxoooooooxooooooxooooooxoooooooooxooooooooooooooooooooooooooxooooxoooooooooooooooooooooooxoooooxoooo
oooooooooooxooooooooooooooooooooxoooooooxooooooooooooooooooooooooooooooooxoooooooooooooooooooooooooo
xooo
[Info]Clusters:1062(0.64,2.5)	1199(0.63,2.5)	1296(0.66,2.3)	308(0.75,4.9)	1410(0.87,4.4)	782(0.76,4.0)	237(0.63,4.0)	462(0.75,3.8)	723(0.64,2.7)	391(0.82,4.0)	1178(0.65,2.3)	157(0.70,5.1)	1030(0.73,2.7)	283(0.88,8.5)	524(0.82,4.0)	381(0.86,7.2)	345(0.64,2.7)	1258(0.65,2.4)	1857(0.66,2.4)	1078(0.69,2.7)	211(0.71,2.9)	865(0.68,2.7)	83(0.73,4.3)	655(0.82,4.0)	1321(0.74,2.8)	866(0.85,4.5)	191(0.81,6.8)	108(0.84,5.1)	142(0.86,5.1)	213(0.87,6.1)	670(0.89,7.6)	48(0.76,4.9)	43(0.81,20.0)	249(0.70,2.7)	479(0.83,4.5)	48(0.59,7.1)	58(0.84,8.3)	70(0.80,7.2)	110(0.89,11.1)	125(0.89,17.5)	291(0.75,3.0)	11(0.85,25.2)	240(0.63,3.1)	75(0.88,8.1)	157(0.67,2.1)	182(0.80,3.7)	691(0.79,3.1)	50(0.76,4.0)	164(0.67,1.8)	520(0.78,2.7)	63(0.87,8.8)	25(0.90,15.7)	40(0.90,9.4)	28(0.90,8.4)	288(0.80,3.5)	16(0.91,49.9)	12(0.84,17.3)	84(0.84,3.0)	47(0.69,1.3)	190(0.82,3.2)	87(0.81,2.2)	
[Info]61 Clusters are found in total!
[Info]Step 13: likelihood: 1614.0329, Delta_likelihood: 0.008
oxoooooooooooooxoooooooooooooooooooooooooooooxoooooooooooxoooooooooooooooooooooooooooooooooooooooooo
ooooxoooxoooooooooxoooooooxoooooxooooooooxooooooooxoooooooooxoooxoooooooooxooooooooooooxooooooooooxo
oooxoooooo
[Info]Clusters:1072(0.64,2.4)	1190(0.61,2.5)	1256(0.65,2.2)	299(0.74,4.4)	1397(0.86,4.2)	806(0.75,3.9)	224(0.64,4.0)	467(0.76,3.8)	724(0.64,2.6)	383(0.82,4.1)	1203(0.66,2.4)	150(0.70,5.3)	1027(0.74,2.7)	302(0.87,8.2)	519(0.84,4.6)	381(0.86,7.6)	349(0.63,2.8)	1269(0.65,2.3)	1798(0.66,2.3)	1039(0.70,2.6)	195(0.71,2.6)	852(0.69,2.6)	83(0.73,4.4)	659(0.82,4.1)	1315(0.73,2.7)	902(0.85,4.4)	192(0.82,6.3)	117(0.81,5.0)	150(0.86,4.4)	213(0.87,6.0)	672(0.88,7.4)	49(0.65,4.6)	46(0.82,19.7)	249(0.74,3.1)	492(0.83,4.7)	51(0.59,7.7)	59(0.85,8.1)	64(0.78,7.8)	93(0.90,10.0)	124(0.89,17.5)	295(0.74,3.0)	13(0.83,21.5)	246(0.66,3.2)	71(0.89,9.6)	169(0.75,2.8)	183(0.80,4.2)	724(0.80,3.8)	50(0.74,2.9)	175(0.59,2.4)	528(0.79,2.8)	70(0.86,8.3)	30(0.90,13.5)	42(0.88,9.8)	28(0.91,10.3)	289(0.80,4.4)	20(0.91,40.5)	13(0.81,18.9)	83(0.77,2.1)	45(0.70,1.7)	176(0.81,2.0)	95(0.75,2.0)	
[Info]61 Clusters are found in total!
[Info]Step 14: likelihood: 1611.3580, Delta_likelihood: 0.002
ooooooooxoooooooooooooooooooooooooooxoooooooxoooooooxoooooxoooooooxooooooxooooooooxooooooxoooooooooo
oooooxoooooooooooooooooooooxooooooxooooooxooooooxooooooooooooooooxooooooooxooooooooooooooooooxooooxo
oooxooooooxoooooooooo
[Info]Accumulating evaluation results during sampling...
[Info]Clusters:1027(0.67,2.6)	1176(0.61,2.5)	1264(0.66,2.3)	296(0.76,4.3)	1389(0.87,4.4)	788(0.74,3.9)	230(0.63,4.5)	454(0.74,3.6)	707(0.64,2.6)	382(0.82,4.2)	1226(0.68,2.6)	154(0.70,5.1)	1061(0.74,2.9)	301(0.87,8.4)	527(0.84,4.7)	385(0.86,7.5)	363(0.61,2.8)	1288(0.64,2.4)	1809(0.66,2.2)	1047(0.70,2.6)	204(0.70,2.5)	837(0.70,2.6)	78(0.71,3.5)	677(0.81,3.9)	1344(0.72,2.6)	871(0.85,4.5)	202(0.82,6.1)	116(0.79,4.9)	152(0.84,5.6)	199(0.88,5.3)	651(0.89,7.6)	46(0.63,4.0)	45(0.82,19.5)	264(0.75,3.3)	489(0.83,4.5)	61(0.62,7.0)	53(0.86,8.1)	69(0.79,7.4)	92(0.90,10.6)	126(0.89,16.7)	298(0.75,3.1)	8(0.85,31.8)	238(0.66,3.2)	77(0.87,9.2)	163(0.71,2.3)	171(0.81,3.7)	715(0.80,3.4)	45(0.75,3.7)	176(0.67,2.0)	518(0.78,2.7)	75(0.85,7.6)	31(0.89,13.9)	45(0.89,9.3)	27(0.89,8.6)	281(0.80,4.2)	25(0.90,34.0)	11(0.82,21.4)	72(0.82,1.8)	48(0.67,2.3)	203(0.75,2.3)	100(0.89,2.7)	
[Info]61 Clusters are found in total!
[Info]Step 15: likelihood: 1600.5251, Delta_likelihood: 0.007
oxooooooxooooooooooooxooooxooooooooxooooooooooooooooooooxoooooooooooooooooooooooooooooooooooxooooooo
oooooooooooooooxoooooooxooooooooooooooooooooxooooooxoooooooxooooooooxoooooooooo
[Info]Clusters:1050(0.67,2.6)	1200(0.60,2.6)	1288(0.65,2.2)	300(0.74,4.2)	1427(0.86,4.3)	757(0.75,3.8)	247(0.66,4.4)	480(0.74,4.1)	723(0.64,2.5)	369(0.82,4.0)	1207(0.67,2.5)	154(0.71,5.5)	1031(0.73,2.7)	314(0.88,8.0)	532(0.84,4.8)	384(0.86,7.4)	337(0.60,2.8)	1253(0.62,2.3)	1783(0.66,2.2)	1069(0.70,2.7)	207(0.74,2.6)	851(0.70,2.7)	78(0.70,3.5)	667(0.83,4.1)	1322(0.73,2.8)	897(0.84,4.5)	208(0.80,6.1)	113(0.84,5.5)	148(0.85,4.8)	194(0.88,5.1)	644(0.89,7.6)	43(0.70,4.5)	49(0.82,18.2)	273(0.78,3.6)	501(0.83,4.6)	52(0.60,7.4)	62(0.83,7.9)	66(0.80,8.5)	109(0.87,9.4)	135(0.89,16.7)	311(0.79,3.3)	13(0.87,31.4)	227(0.68,2.9)	77(0.88,9.5)	170(0.72,2.5)	168(0.81,4.2)	687(0.79,3.2)	44(0.76,3.0)	165(0.75,2.4)	515(0.79,2.5)	59(0.86,7.7)	30(0.88,14.5)	45(0.87,8.4)	32(0.89,7.9)	269(0.81,3.4)	30(0.89,30.4)	10(0.84,19.2)	74(0.69,1.4)	42(0.75,1.2)	198(0.77,2.4)	87(0.77,1.3)	
[Info]61 Clusters are found in total!
[Info]Step 16: likelihood: 1601.6132, Delta_likelihood: -0.001
ooooooooooooooxoooxooooxooxoooooooxooooooooooooooooooooooooooooooooooxoooooooooooooooooooooooooxoooo
ooooooooooooooooxoooxoooooooooooooooooooooooooooooxoooooooooooxoooooooxooooooxooxooooooooooo
[Info]Clusters:1065(0.64,2.5)	1193(0.61,2.5)	1295(0.64,2.3)	269(0.74,4.0)	1388(0.87,4.3)	773(0.75,4.0)	244(0.64,4.2)	463(0.76,4.2)	709(0.62,2.3)	382(0.79,4.2)	1218(0.67,2.5)	160(0.68,5.2)	1038(0.75,3.0)	308(0.88,8.2)	536(0.83,4.4)	386(0.86,7.7)	347(0.66,3.0)	1257(0.63,2.4)	1819(0.65,2.2)	1055(0.69,2.6)	202(0.73,2.8)	852(0.71,2.8)	84(0.69,4.1)	645(0.83,4.0)	1343(0.74,2.7)	883(0.84,4.3)	196(0.80,6.1)	116(0.81,5.0)	159(0.83,4.9)	197(0.85,4.5)	644(0.89,7.6)	45(0.70,4.9)	45(0.83,21.0)	277(0.81,4.3)	494(0.83,4.7)	50(0.63,7.2)	53(0.83,6.9)	63(0.80,7.8)	91(0.90,10.2)	136(0.89,16.4)	305(0.77,3.1)	14(0.81,20.4)	224(0.62,2.8)	85(0.86,9.1)	166(0.80,3.1)	173(0.80,3.9)	729(0.80,3.7)	42(0.71,3.0)	170(0.67,1.4)	500(0.79,2.5)	74(0.81,7.9)	31(0.88,13.6)	49(0.87,8.0)	32(0.88,7.8)	281(0.81,3.7)	18(0.91,45.9)	12(0.82,17.6)	73(0.72,1.6)	41(0.74,2.0)	188(0.79,2.3)	90(0.76,1.8)	
[Info]61 Clusters are found in total!
[Info]Step 17: likelihood: 1593.0453, Delta_likelihood: 0.005
oxooooooooooooxoooooooxooooooxooooooooxooooooooooooooooooooooooooooooooooooooooooooxoooooooooooooooo
xoooooooxoooxoooooxooooooooxoooooooooooooooooooooooooooooooooooooooooooxooooooooooooooooxoooooooxooo
ooooxoo
[Info]Clusters:1064(0.65,2.6)	1156(0.61,2.4)	1275(0.64,2.3)	292(0.72,4.3)	1395(0.87,4.3)	786(0.75,4.1)	228(0.63,4.1)	481(0.75,3.9)	722(0.65,2.5)	376(0.81,4.1)	1194(0.66,2.5)	169(0.72,5.8)	1094(0.74,2.9)	309(0.87,8.5)	520(0.83,4.1)	387(0.87,7.6)	359(0.62,3.1)	1243(0.63,2.4)	1858(0.65,2.3)	1061(0.70,2.7)	211(0.73,2.7)	867(0.71,2.8)	86(0.71,3.6)	675(0.82,4.2)	1366(0.74,2.8)	869(0.85,4.4)	200(0.81,6.2)	114(0.82,4.6)	146(0.86,4.6)	185(0.86,4.2)	643(0.89,7.8)	45(0.68,3.9)	48(0.82,18.1)	260(0.78,3.3)	476(0.82,4.5)	46(0.57,7.6)	53(0.85,7.8)	61(0.82,8.4)	94(0.87,10.0)	124(0.89,17.1)	299(0.76,3.0)	11(0.85,25.5)	213(0.65,2.5)	80(0.89,9.1)	161(0.69,2.2)	167(0.85,4.7)	706(0.78,3.4)	47(0.71,3.4)	169(0.76,2.2)	511(0.82,2.6)	63(0.85,7.9)	24(0.92,18.1)	38(0.88,9.4)	29(0.85,8.6)	286(0.80,3.9)	15(0.91,52.4)	13(0.83,15.5)	80(0.76,1.8)	49(0.72,2.0)	177(0.76,1.7)	98(0.87,3.5)	31(0.76,0.7)	
[Info]62 Clusters are found in total!
[Info]Step 18: likelihood: 1588.9818, Delta_likelihood: 0.003
oxooooooooxoooooooxoooooooooooooooooooxooxoooooooooooooooooooooxoooooooooooooxoooooooooxoooooooooooo
ooxoooooooxooooooooooooooooooooooooooooooooxooooooooxooooxooooooooxoooooooooooooooooooooooooooo
[Info]Clusters:1039(0.68,2.7)	1185(0.60,2.5)	1282(0.66,2.3)	303(0.74,4.2)	1387(0.87,4.4)	760(0.74,3.8)	224(0.66,4.1)	463(0.73,3.5)	706(0.64,2.5)	375(0.80,4.0)	1234(0.65,2.6)	158(0.72,5.8)	1041(0.76,2.8)	317(0.87,8.2)	507(0.84,4.4)	389(0.87,7.6)	367(0.64,3.2)	1301(0.64,2.4)	1808(0.64,2.1)	1102(0.70,2.7)	192(0.74,3.1)	838(0.70,2.8)	94(0.67,4.2)	657(0.81,4.1)	1345(0.73,2.8)	860(0.85,4.4)	197(0.83,6.6)	101(0.83,4.5)	159(0.85,4.7)	189(0.85,4.2)	657(0.89,7.6)	45(0.74,4.6)	52(0.82,17.8)	257(0.77,2.9)	462(0.84,4.5)	59(0.61,5.9)	60(0.85,7.6)	64(0.79,8.3)	95(0.88,10.0)	126(0.89,17.0)	293(0.71,2.6)	11(0.83,24.5)	222(0.67,2.5)	76(0.88,8.6)	158(0.68,1.6)	178(0.83,5.1)	714(0.77,3.4)	45(0.77,4.1)	170(0.74,2.4)	546(0.81,2.8)	70(0.83,7.9)	27(0.90,14.8)	50(0.85,10.7)	30(0.90,8.1)	292(0.82,3.6)	19(0.91,43.1)	12(0.82,16.9)	67(0.78,1.6)	42(0.78,1.2)	182(0.80,2.3)	103(0.83,3.2)	41(0.63,1.7)	
[Info]62 Clusters are found in total!
[Info]Step 19: likelihood: 1586.4280, Delta_likelihood: 0.002
[Info]Accumulating evaluation results during sampling...
MTCLinAdaptWithDP[dim:801,supDim:3072,M:6,alpha:1.0000,#Iter:20,N1(0.000,0.230),N2(1.000,0.100)]
Micro confusion matrix:
	0	1
0	8260	1892
1	2353	33956
Micro F1:
Class 0	0.7956	Class 1	0.9412	
Macro F1:
Class 0	0.7839	Class 1	0.9171	
[Info]Clusters:1039(0.68,2.7)	1185(0.60,2.5)	1282(0.66,2.3)	303(0.74,4.2)	1387(0.87,4.4)	760(0.74,3.8)	224(0.66,4.1)	463(0.73,3.5)	706(0.64,2.5)	375(0.80,4.0)	1234(0.65,2.6)	158(0.72,5.8)	1041(0.76,2.8)	317(0.87,8.2)	507(0.84,4.4)	389(0.87,7.6)	367(0.64,3.2)	1301(0.64,2.4)	1808(0.64,2.1)	1102(0.70,2.7)	192(0.74,3.1)	838(0.70,2.8)	94(0.67,4.2)	657(0.81,4.1)	1345(0.73,2.8)	860(0.85,4.4)	197(0.83,6.6)	101(0.83,4.5)	159(0.85,4.7)	189(0.85,4.2)	657(0.89,7.6)	45(0.74,4.6)	52(0.82,17.8)	257(0.77,2.9)	462(0.84,4.5)	59(0.61,5.9)	60(0.85,7.6)	64(0.79,8.3)	95(0.88,10.0)	126(0.89,17.0)	293(0.71,2.6)	11(0.83,24.5)	222(0.67,2.5)	76(0.88,8.6)	158(0.68,1.6)	178(0.83,5.1)	714(0.77,3.4)	45(0.77,4.1)	170(0.74,2.4)	546(0.81,2.8)	70(0.83,7.9)	27(0.90,14.8)	50(0.85,10.7)	30(0.90,8.1)	292(0.82,3.6)	19(0.91,43.1)	12(0.82,16.9)	67(0.78,1.6)	42(0.78,1.2)	182(0.80,2.3)	103(0.83,3.2)	41(0.63,1.7)	
[Info]62 Clusters are found in total!
[Oracle]test user size: 3000, nu of rvw for cluster assignment: 3[Info]Training size: 0, adaptation size: 93996, and testing size: 46461
