Load 5000 2-gram features from ./data/CoLinAdapt/Amazon/SelectedVocab.csv...
Max review size: 174
Average review length over all users is 55.294, max average length is 351.800.
[Info]Start: 0, End: 2147483647, (9742/9760) users and 143146 reviews are loaded from ./data/CoLinAdapt/Amazon/Users...
[Info]Feature group size 801
[Info]Training size: 0, adaptation size: 111107, and testing size: 32039
MTCLinAdaptWithDP[dim:801,supDim:5001,M:6,alpha:1.0000,#Iter:20,N1(0.000,0.100),N2(1.000,0.100)]
ooxooxoxooxoxooxooxoooxooxoxoooxoooxooxooxooxooxoxoooxoxoxoLBFGS fails!!!!
Line search failed. See documentation of routine mcsrch. Error return of line search: info = 6 Possible causes: function or gradient are incorrect, or incorrect tolerances. (iflag == -1)
	at LBFGS.LBFGS.lbfgs(LBFGS.java:458)
	at Classifier.supervised.modelAdaptation.DirichletProcess.CLRWithDP.calculate_M_step(CLRWithDP.java:337)
	at Classifier.supervised.modelAdaptation.DirichletProcess.CLRWithDP.train(CLRWithDP.java:362)
	at mains.MyIsoTestMain.main(MyIsoTestMain.java:71)
ooooooooooooooxooooooooxoooooooxoooooooooooooxooooooooooooooooooxooooooooooooooooooooooooooxoooooooo
oooooooooxooooooooxooxooooooooooooooooooooooooooxooooooooooxooooxooooooooooooooooooooooooooooooooooo
ooooooooooooooooooxoooooxooooooooooooxooooooooooooooxoooooooxoooooooooooooooooooooooooooooooooxooooo
oooooooooooooooooooooooxooooooooxooooooooooooooooooxooooooooooooooooooooooooooxooooooooooooooooooooo
oooooooooooxoooooooooooooooooooooooooooooooooooooooooooooooooooooooooooooooooooooooooooooooooooooooo
oooooooooooooooooooooooooxooooxooooooooooooooxoooooooooooooooxooooooooooooooooooooooooooooooooxooooo
oooooooooooooxoooooooooooooooooooooooooooxoooooooooooo
ooxoooooooooooooooooooooxooooooooooooooooxooooooooxoooooooooxoooxoooooooooooooxoooooooxooooxooooooox
ooooooooooooxoooooooooxoooooxooxoooooooooooooooooooooooooooooooooooooooooooooooxoooooooooooooooooooo
oooooooooxooooooooooooooooxoooooooooooooooooooooooooxooooooooooooooooooooooooooooooxoooooooooooooooo
oooooxooooxooooooooooooooooxooooooooxooooooooxoooooooo
oooooooxoooooooxoooooooxoooxooooooooxooooxooooxooooooooxoooooooooooooxoooooooooooooooooooooooooooxoo
oooooooxooooxooooxooooooooooooooooooooooooooooooooooooxooxooooooooxooooooooooooooooooxooooooooooooxo
ooooooooooxooooooooxoooooooooooooxooooooooooxoooooxoooooooooooxooooooooooooooooooooooooooooooooooo
oooxooooooooooooooooooooooooooooooooooooooooooooxooooooooxoooooooxooooooooxoooooooooooxooooooooooxoo
ooooooxooooxooooooooxoooxooooooooooooooooooooooooooooooooooooooooooooooooooooxooooooxooooooooxoooooo
oooooooxoooooooooooooooooooooooooooooxoooooooooooooxooooooooxoooooooxooooxooo
ooooooooooooooooooxoooooooooooooxooooooooooooxoooooxoooooooooxooxoooooxooooooooooooooooooooooooooooo
ooooooooooooooxooooooooxoooooooooooooooooxoooooooooooooooooooooxooooxooooooooooooooooooooooooooooooo
oooooooooooooxoooooxooooooooxooooooooooooxoooooooooooooooooooooooo
[Info]Accumulating evaluation results during sampling...
[Info]Clusters:397(0.73,11.4)	182(0.77,16.3)	258(0.74,12.9)	338(0.70,12.3)	92(0.79,16.3)	242(0.74,13.7)	154(0.74,14.4)	232(0.71,14.6)	383(0.80,15.2)	232(0.68,11.4)	199(0.78,16.1)	180(0.73,12.4)	241(0.78,15.5)	226(0.77,15.4)	44(0.70,13.8)	201(0.79,16.4)	83(0.78,18.8)	249(0.69,13.0)	160(0.70,11.5)	72(0.72,14.4)	269(0.80,15.9)	108(0.76,15.0)	152(0.72,13.0)	457(0.60,10.9)	83(0.74,14.4)	58(0.75,17.3)	91(0.71,11.9)	116(0.78,14.4)	133(0.80,15.7)	26(0.73,23.3)	82(0.79,21.4)	136(0.69,14.4)	189(0.63,13.6)	61(0.76,14.0)	28(0.76,25.6)	86(0.77,17.1)	104(0.76,15.2)	149(0.71,13.9)	209(0.64,11.1)	43(0.74,19.8)	19(0.72,22.8)	34(0.78,15.8)	57(0.74,17.5)	200(0.67,13.4)	1(0.67,3.0)	47(0.76,16.3)	30(0.70,15.7)	90(0.66,13.6)	30(0.72,18.7)	37(0.73,20.8)	48(0.81,16.2)	146(0.77,15.4)	18(0.77,16.9)	3(0.73,62.7)	31(0.68,20.0)	15(0.79,35.9)	90(0.66,15.3)	10(0.70,9.0)	50(0.77,18.4)	1(0.50,2.0)	5(0.67,37.4)	6(0.81,22.7)	5(0.76,23.6)	8(0.79,16.4)	8(0.81,22.8)	6(0.78,9.8)	2(0.70,5.0)	
[Info]67 Clusters are found in total!
[Info]Step 0: likelihood: 1645.9986, Delta_likelihood: -1.000
oxooooooooooooooxoooooxooxoooooooooooooooxoooooxoooxooooooooooooooxoooooooxoooooooooooooooooooxooooo
oooxooooooooooooooooxoooooooooooooooxoooooooooooooooooooooooooooooooooooooooxoooooooooxooooooooooooo
ooooooooxooooooooooooooooooooxoooooxooxooo
[Info]Clusters:358(0.73,12.1)	229(0.78,14.6)	224(0.74,14.3)	359(0.70,11.7)	90(0.78,16.3)	242(0.74,14.2)	161(0.74,14.6)	231(0.72,14.0)	400(0.79,14.5)	234(0.68,11.5)	205(0.77,15.8)	176(0.74,12.4)	221(0.78,16.2)	232(0.78,15.4)	35(0.68,16.2)	213(0.79,15.6)	92(0.80,18.8)	269(0.68,11.8)	146(0.70,12.1)	69(0.74,15.2)	256(0.81,16.2)	95(0.78,16.1)	203(0.71,11.0)	456(0.61,11.0)	79(0.74,15.6)	55(0.74,15.6)	86(0.69,11.5)	128(0.76,13.5)	147(0.80,15.0)	51(0.74,17.8)	82(0.79,22.4)	104(0.67,15.2)	164(0.62,15.0)	42(0.78,17.1)	29(0.76,24.9)	81(0.77,17.3)	106(0.77,17.3)	155(0.70,13.3)	218(0.64,11.1)	30(0.72,25.5)	23(0.72,23.0)	21(0.80,23.9)	59(0.74,16.8)	205(0.67,13.5)	2(0.88,13.0)	52(0.74,14.5)	23(0.71,16.7)	99(0.64,12.7)	30(0.73,17.5)	27(0.72,22.9)	47(0.81,20.1)	147(0.77,14.9)	10(0.79,20.0)	7(0.74,26.0)	25(0.68,20.9)	19(0.78,31.2)	71(0.66,17.3)	9(0.75,17.0)	63(0.77,15.8)	1(0.88,8.0)	6(0.68,35.2)	6(0.83,21.5)	9(0.75,16.1)	15(0.77,13.3)	5(0.84,34.0)	6(0.74,13.3)	2(0.71,3.5)	
[Info]67 Clusters are found in total!
[Info]Step 1: likelihood: 1615.8793, Delta_likelihood: 0.019
oxoooooooooooooooxoooooxooooooooooxooooooooooooooooooooxoooooooooooooooooooooooooxoooooooooooooooooo
oxoooooooooooooooooooooxoooooooooooooooxoooooooxoooooooooooooxooooooxooooooxoooooooooooooooooooooooo
oooooooooooooooooo
[Info]Clusters:380(0.73,11.5)	264(0.78,13.7)	212(0.74,14.7)	334(0.70,12.2)	79(0.77,16.9)	239(0.74,14.3)	176(0.73,13.4)	250(0.71,13.5)	343(0.80,15.8)	237(0.69,11.8)	194(0.77,15.9)	186(0.74,12.3)	261(0.78,15.4)	257(0.77,14.3)	30(0.67,16.8)	206(0.80,16.0)	123(0.79,15.6)	250(0.68,12.2)	152(0.71,11.2)	75(0.73,14.8)	247(0.81,16.4)	87(0.76,16.8)	169(0.70,11.9)	403(0.60,11.5)	65(0.74,15.5)	48(0.74,16.1)	87(0.71,11.4)	108(0.78,14.9)	153(0.79,14.3)	48(0.73,17.3)	97(0.79,19.8)	105(0.68,16.0)	175(0.62,14.6)	43(0.76,16.9)	26(0.78,30.4)	68(0.78,20.0)	99(0.77,17.2)	130(0.69,14.5)	225(0.64,11.0)	37(0.75,23.7)	25(0.71,20.8)	15(0.80,26.3)	71(0.73,15.0)	226(0.68,13.3)	3(0.69,5.3)	57(0.75,13.0)	24(0.70,15.7)	103(0.64,13.0)	37(0.73,14.4)	31(0.73,22.4)	47(0.80,20.8)	149(0.78,14.7)	11(0.82,22.6)	10(0.73,23.7)	31(0.70,21.3)	21(0.78,26.7)	87(0.66,14.9)	9(0.78,19.0)	71(0.78,16.6)	1(0.67,3.0)	8(0.66,24.9)	5(0.84,25.2)	10(0.72,16.3)	10(0.76,13.3)	8(0.80,23.5)	4(0.75,11.0)	
[Info]66 Clusters are found in total!
[Info]Step 2: likelihood: 1591.2608, Delta_likelihood: 0.015
oxoooooooooooooooooooooooooooooooooooooooooxoooooooooooooooooxoooooooooooxoooooxoooooooooooooooxoooo
ooooooooooooooooxooooooooooooooooxooooooooxooooooooooooooooooooooooooxoooooooooooooooxoooooooooooooo
oooooooooooooooooooooooooooooxooo
[Info]Clusters:359(0.74,12.3)	257(0.78,13.7)	235(0.75,13.9)	297(0.70,12.9)	71(0.78,18.5)	233(0.74,13.9)	182(0.74,13.0)	290(0.71,12.5)	352(0.80,15.7)	273(0.70,11.3)	194(0.76,15.2)	191(0.73,12.5)	247(0.78,15.7)	291(0.77,13.9)	35(0.69,16.7)	191(0.79,15.9)	125(0.78,15.2)	242(0.67,12.1)	114(0.71,13.3)	52(0.75,17.4)	266(0.81,15.7)	86(0.77,19.1)	138(0.70,13.3)	389(0.60,11.9)	77(0.74,15.0)	47(0.75,15.5)	93(0.70,11.3)	97(0.77,16.9)	137(0.79,15.5)	53(0.73,18.4)	92(0.79,20.8)	109(0.67,14.9)	179(0.63,14.4)	38(0.77,17.5)	32(0.76,22.6)	80(0.77,17.9)	92(0.77,17.8)	160(0.71,12.9)	214(0.62,11.0)	48(0.76,19.6)	20(0.70,25.2)	17(0.78,26.8)	62(0.73,16.9)	277(0.68,11.7)	6(0.82,37.2)	48(0.74,15.7)	17(0.71,20.4)	104(0.67,13.9)	32(0.71,16.7)	27(0.71,21.9)	34(0.80,16.3)	159(0.77,14.2)	11(0.82,27.5)	11(0.76,20.6)	21(0.71,23.1)	24(0.81,26.3)	78(0.65,15.7)	9(0.75,10.8)	78(0.76,15.2)	6(0.76,12.7)	12(0.68,19.3)	2(0.85,52.0)	22(0.76,12.0)	7(0.80,18.3)	
[Info]64 Clusters are found in total!
[Info]Step 3: likelihood: 1579.6834, Delta_likelihood: 0.007
oooooooooooooooooxoooooooooooooooooooooooooooooooooooooooooxoooooooooooooooooooooooxooooxooooooooooo
ooooooooxooooxoooxoooooooooxooooooooooooxooooooooxoooooooooxooooxooooooooooooooxooooxooooooooooooooo
xoooooxooooooooxooxooooooooooooooxoooooooooooooooooooo
[Info]Clusters:357(0.75,12.8)	242(0.77,13.4)	250(0.75,13.6)	344(0.70,11.9)	81(0.77,17.2)	202(0.74,15.4)	185(0.73,12.8)	268(0.71,13.1)	326(0.79,16.1)	282(0.69,10.8)	203(0.77,15.2)	216(0.74,11.7)	302(0.77,13.9)	304(0.77,14.0)	35(0.67,17.7)	239(0.80,15.1)	121(0.78,15.8)	241(0.67,11.9)	122(0.70,13.4)	60(0.75,16.3)	259(0.81,16.2)	118(0.77,14.1)	131(0.70,13.5)	385(0.61,11.8)	69(0.74,15.6)	39(0.74,17.4)	81(0.70,10.7)	107(0.77,15.7)	121(0.79,16.3)	57(0.72,17.5)	80(0.78,22.6)	97(0.68,15.9)	176(0.61,14.4)	36(0.79,19.1)	42(0.76,19.5)	97(0.77,15.4)	82(0.75,18.8)	123(0.70,15.3)	187(0.62,11.8)	48(0.76,20.0)	12(0.70,37.0)	26(0.79,19.1)	48(0.74,19.1)	267(0.67,11.9)	4(0.83,40.0)	45(0.76,15.2)	26(0.70,16.3)	104(0.65,14.3)	25(0.74,18.4)	25(0.71,22.2)	41(0.80,15.6)	136(0.79,16.4)	14(0.81,16.6)	16(0.76,17.9)	10(0.71,43.4)	19(0.79,28.9)	90(0.66,15.3)	2(0.74,9.5)	69(0.76,15.8)	6(0.80,11.8)	17(0.66,14.6)	2(0.80,62.0)	13(0.79,17.2)	10(0.78,15.5)	
[Info]64 Clusters are found in total!
[Info]Step 4: likelihood: 1569.7378, Delta_likelihood: 0.006
oxoooooooooooooooxooooooooxoooooooxoooooxoooooooxoooooooxoooooooooooooooooooooooooooooooooooooooooox
ooooooooooooooooooooooooooxooooooooooooooooooooooooooooooooooxoooooooooooooxoooooooooooxooooxoooooxo
ooooooxooooooooooooxooooooooxooooooooooooooooooooooooo
[Info]Accumulating evaluation results during sampling...
[Info]Clusters:364(0.74,11.8)	235(0.77,14.1)	260(0.74,13.1)	353(0.70,12.0)	72(0.78,17.5)	204(0.73,15.1)	204(0.72,11.8)	263(0.71,12.9)	337(0.80,15.7)	287(0.69,11.1)	181(0.77,17.0)	191(0.75,13.0)	262(0.78,14.7)	288(0.78,14.5)	42(0.70,15.5)	206(0.80,16.3)	131(0.78,15.1)	213(0.67,13.0)	137(0.71,12.3)	75(0.75,16.6)	245(0.81,16.4)	133(0.75,14.9)	126(0.71,13.9)	357(0.59,12.3)	88(0.74,13.4)	38(0.76,20.0)	78(0.71,12.9)	110(0.77,14.9)	165(0.78,14.1)	72(0.71,15.9)	88(0.79,22.0)	101(0.67,15.6)	159(0.61,15.3)	41(0.79,16.8)	52(0.76,17.3)	90(0.77,15.6)	92(0.77,17.4)	115(0.70,15.3)	220(0.64,11.2)	44(0.74,20.8)	13(0.65,28.3)	28(0.79,17.1)	39(0.75,21.9)	270(0.67,11.7)	4(0.84,40.3)	33(0.77,19.7)	30(0.70,12.7)	100(0.66,14.6)	33(0.75,15.6)	30(0.72,22.1)	35(0.81,16.1)	130(0.78,16.1)	11(0.83,21.9)	17(0.77,18.2)	9(0.70,43.8)	22(0.79,26.9)	95(0.65,14.3)	2(0.83,17.5)	75(0.77,14.9)	5(0.77,13.0)	20(0.69,14.1)	2(0.85,51.5)	13(0.76,13.1)	7(0.78,14.0)	
[Info]64 Clusters are found in total!
[Info]Step 5: likelihood: 1556.0367, Delta_likelihood: 0.009
oooooooooooooooooxoooooxoooooooooooxooooooooxoooooxoooooxoooooooooooooooxoooooooooooxooooooooxoooooo
ooooooooxooooxooooooooooooooooooxooooooooooxooooooooooooooxoooxoooooooooooooooooooooooooooooooxooooo
ooooooxooooxooooooooooooxooooooooxooooooo
[Info]Clusters:391(0.74,12.0)	253(0.77,13.0)	265(0.73,13.0)	344(0.70,12.1)	75(0.79,18.8)	225(0.74,14.6)	219(0.73,12.0)	252(0.71,13.2)	348(0.79,15.4)	282(0.70,11.5)	182(0.77,17.1)	197(0.74,11.9)	233(0.78,16.1)	279(0.78,14.0)	46(0.67,13.6)	214(0.80,15.7)	105(0.79,18.5)	210(0.68,12.9)	149(0.71,12.4)	73(0.73,13.9)	238(0.81,16.9)	134(0.77,14.6)	127(0.73,14.8)	387(0.60,11.3)	86(0.74,14.1)	34(0.75,18.0)	74(0.68,11.7)	95(0.76,15.7)	156(0.78,14.4)	83(0.73,14.4)	101(0.79,20.1)	83(0.69,18.6)	164(0.63,15.6)	41(0.78,16.3)	57(0.77,17.5)	75(0.77,17.5)	71(0.77,20.5)	114(0.70,16.2)	211(0.64,11.3)	44(0.73,20.2)	8(0.65,33.5)	15(0.79,25.5)	44(0.74,20.5)	275(0.66,11.3)	8(0.82,25.3)	51(0.75,15.2)	27(0.68,14.7)	101(0.64,14.1)	30(0.75,16.8)	22(0.71,22.8)	37(0.79,16.2)	127(0.78,16.7)	13(0.82,16.3)	25(0.74,15.1)	16(0.69,27.5)	24(0.79,26.4)	92(0.66,15.5)	5(0.84,27.2)	67(0.77,16.3)	6(0.74,9.5)	7(0.67,29.4)	1(0.83,6.0)	20(0.72,11.3)	3(0.80,23.7)	1(0.75,8.0)	
[Info]65 Clusters are found in total!
[Info]Step 6: likelihood: 1549.0968, Delta_likelihood: 0.004
oxoooooooxooooooooooooooooooxoooooooooooooooooxoooooooooooooooooooooooooooooxooooooooooooxoooooooooo
oooooooooooooooxoooooooooxoooooooooooooooooooooooooooxooooooooxoooooooooooooooooooooooooooooooooooox
ooooxoooooooooooooooooooooxooooooooxoooooooooooo
[Info]Clusters:372(0.74,12.3)	233(0.77,13.7)	211(0.75,15.2)	373(0.70,12.0)	86(0.77,16.7)	227(0.73,14.0)	217(0.74,12.3)	255(0.72,13.6)	356(0.79,15.2)	308(0.70,11.0)	189(0.77,16.1)	194(0.74,12.4)	221(0.78,15.7)	287(0.78,14.6)	53(0.70,12.9)	219(0.79,15.4)	103(0.79,18.1)	210(0.66,12.8)	167(0.72,12.3)	78(0.76,15.2)	269(0.81,15.2)	135(0.76,14.3)	134(0.72,13.8)	359(0.59,11.6)	105(0.75,13.3)	42(0.76,16.5)	73(0.69,11.8)	113(0.75,14.5)	150(0.78,14.4)	74(0.72,13.8)	83(0.78,22.1)	70(0.69,21.1)	171(0.62,14.8)	36(0.76,18.4)	34(0.76,22.5)	70(0.76,18.2)	57(0.75,22.3)	114(0.70,16.2)	196(0.62,11.2)	48(0.73,19.1)	14(0.67,22.3)	22(0.80,22.1)	48(0.76,21.0)	282(0.68,12.0)	6(0.82,29.3)	51(0.74,13.3)	29(0.71,15.2)	91(0.64,14.5)	33(0.75,18.5)	23(0.71,24.8)	28(0.82,19.5)	122(0.78,16.5)	11(0.80,19.7)	18(0.77,20.6)	19(0.70,26.2)	28(0.79,19.8)	117(0.66,14.0)	3(0.84,40.7)	70(0.78,16.0)	6(0.67,7.7)	5(0.68,39.4)	2(0.78,4.5)	22(0.79,11.8)	
[Info]63 Clusters are found in total!
[Info]Step 7: likelihood: 1533.6107, Delta_likelihood: 0.010
oooooooooxoooooxoooooooooooooooooooooxoooooooxoooxoooooooooooooxoooooooxoooooooooxooooxooooooooxoooo
ooooooooooooooooooooooooooooooooooxooooooooooooooooooooooooooxooooooooooooooooooooooooooooooooooooox
ooooxooooooxooooooxoooooooxooo
[Info]Clusters:370(0.75,12.5)	228(0.77,13.8)	223(0.74,14.4)	383(0.70,11.8)	74(0.79,17.1)	221(0.74,14.8)	228(0.74,12.5)	267(0.72,13.6)	353(0.79,15.3)	295(0.70,11.3)	195(0.77,15.5)	220(0.74,11.9)	208(0.78,15.8)	313(0.78,13.8)	61(0.69,12.3)	204(0.79,15.7)	103(0.79,18.5)	212(0.66,12.3)	132(0.70,13.1)	78(0.76,15.6)	255(0.81,15.9)	135(0.76,14.7)	141(0.71,12.7)	328(0.59,12.4)	103(0.73,12.3)	45(0.73,16.1)	76(0.71,12.0)	121(0.77,14.8)	156(0.79,14.0)	66(0.73,14.8)	80(0.78,23.4)	69(0.68,21.1)	167(0.62,14.6)	28(0.79,21.6)	40(0.76,20.7)	69(0.76,19.1)	87(0.77,17.9)	97(0.70,16.9)	198(0.63,11.5)	49(0.76,20.8)	13(0.66,22.5)	32(0.80,15.8)	59(0.75,16.6)	287(0.67,11.8)	10(0.82,24.1)	73(0.75,13.0)	34(0.72,14.5)	90(0.64,14.0)	32(0.77,19.3)	28(0.69,20.6)	31(0.79,15.8)	89(0.78,18.8)	20(0.76,15.7)	13(0.77,27.7)	17(0.70,28.2)	25(0.77,22.4)	105(0.66,14.1)	2(0.85,57.0)	62(0.76,17.2)	18(0.77,9.9)	10(0.69,22.0)	1(0.50,2.0)	13(0.78,18.5)	
[Info]63 Clusters are found in total!
[Info]Step 8: likelihood: 1523.0330, Delta_likelihood: 0.007
ooxooooooxooooooooxooooooooxoooooooooxooooxoooxooooxooooxooooxooooxooooooooxoooooooooooooooooooooooo
oooooooooooooooooooooooooooooooooooooooooooooooooooooooooooooooooooxoooooooooooooooooooooooooooxoooo
oooooooooxoooooooooxooooooooxooooooooo
[Info]Clusters:374(0.74,12.3)	227(0.78,14.2)	212(0.75,15.1)	415(0.70,11.9)	65(0.79,18.9)	204(0.75,15.3)	225(0.75,12.4)	296(0.71,12.4)	358(0.79,14.5)	298(0.71,11.6)	172(0.78,16.9)	212(0.74,12.2)	172(0.78,18.3)	276(0.77,14.3)	36(0.68,14.4)	222(0.78,14.1)	118(0.78,17.2)	203(0.67,13.1)	124(0.70,13.4)	77(0.75,14.7)	252(0.81,16.3)	147(0.77,13.7)	124(0.70,14.2)	332(0.60,12.3)	80(0.73,15.8)	45(0.72,16.0)	90(0.68,12.2)	116(0.77,14.5)	151(0.79,14.4)	64(0.74,16.5)	91(0.78,21.3)	71(0.69,20.2)	168(0.61,14.1)	34(0.77,18.4)	42(0.76,21.8)	106(0.77,15.3)	115(0.75,14.6)	112(0.68,15.3)	218(0.65,11.3)	41(0.74,19.7)	10(0.67,28.5)	32(0.77,13.7)	50(0.75,19.0)	269(0.68,12.1)	2(0.84,75.0)	47(0.74,16.1)	30(0.73,17.4)	100(0.65,13.2)	30(0.76,20.9)	27(0.71,22.9)	29(0.80,17.3)	142(0.76,15.0)	15(0.79,19.1)	12(0.77,25.7)	32(0.70,19.1)	20(0.78,26.1)	116(0.67,12.9)	3(0.85,39.3)	58(0.76,17.7)	15(0.71,8.7)	10(0.67,20.7)	8(0.76,17.9)	
[Info]62 Clusters are found in total!
[Info]Step 9: likelihood: 1514.7460, Delta_likelihood: 0.005
oooooooooxooooooooooxoooxooooooooooxoooxoooxooooooooooooooxooxooooooooooxooooooxoooooxoooxoooooxooox
ooooxoooxoooooooooooooxoooooooooooooooooooooooooxoooooxoooooooooxooooxoooooooooooooooooooooooooooooo
oooooooxoooooooxoooxooo
[Info]Accumulating evaluation results during sampling...
[Info]Clusters:337(0.74,12.8)	249(0.78,13.3)	226(0.74,14.5)	403(0.69,11.3)	74(0.79,18.1)	191(0.74,16.0)	250(0.74,12.0)	262(0.71,13.4)	290(0.80,17.0)	332(0.71,10.8)	156(0.78,18.3)	222(0.75,12.4)	204(0.78,16.7)	312(0.78,13.6)	44(0.68,13.9)	230(0.79,14.3)	133(0.78,16.1)	177(0.67,14.0)	129(0.72,12.0)	59(0.75,17.0)	277(0.80,15.0)	143(0.77,14.5)	139(0.70,13.4)	351(0.61,12.3)	83(0.76,14.0)	30(0.74,22.0)	65(0.68,12.9)	111(0.77,16.0)	153(0.79,14.1)	50(0.71,18.2)	108(0.78,18.4)	86(0.69,18.2)	169(0.60,14.3)	35(0.77,17.4)	38(0.77,22.4)	98(0.77,16.0)	99(0.74,15.7)	109(0.69,16.1)	203(0.65,11.4)	37(0.75,22.4)	10(0.64,26.9)	38(0.77,15.2)	59(0.75,17.3)	288(0.68,11.6)	6(0.82,28.0)	41(0.74,18.3)	27(0.72,15.3)	102(0.63,12.9)	28(0.76,21.3)	12(0.73,40.0)	30(0.79,16.1)	137(0.78,16.5)	9(0.85,18.4)	12(0.76,22.8)	29(0.69,17.2)	30(0.77,17.2)	134(0.66,12.5)	3(0.86,42.3)	53(0.78,20.1)	15(0.73,11.3)	7(0.68,30.1)	7(0.76,18.9)	1(0.75,8.0)	
[Info]63 Clusters are found in total!
[Info]Step 10: likelihood: 1516.5968, Delta_likelihood: -0.001
oxooooooooxoooooxoooooooxoooooooxooooooooxoooxoooooxoooxoooooooooooooooooooooooooooooooooooooooooooo
ooxooooooooxoooooooooooooooooooooxooooxooooooooxooooooooxooooooooxooooooooxoooooooooooooooooooooxooo
oooooxooooooooooooooooooooxooooxooooooo
[Info]Clusters:365(0.74,12.2)	239(0.78,14.5)	242(0.74,13.5)	380(0.70,12.4)	89(0.79,15.7)	182(0.73,16.2)	251(0.74,11.9)	284(0.71,12.9)	307(0.79,16.2)	337(0.70,10.7)	171(0.77,17.3)	243(0.75,11.8)	223(0.78,15.3)	273(0.77,13.9)	35(0.70,16.6)	193(0.80,16.6)	148(0.78,15.1)	176(0.67,14.3)	140(0.72,12.5)	48(0.75,19.5)	280(0.81,15.3)	162(0.74,13.4)	116(0.69,14.7)	367(0.60,11.8)	81(0.74,15.6)	39(0.74,17.6)	68(0.69,11.6)	106(0.77,16.2)	157(0.78,13.4)	39(0.71,19.6)	84(0.78,21.8)	81(0.69,19.4)	184(0.62,13.9)	34(0.76,18.5)	39(0.77,20.8)	92(0.78,16.8)	74(0.74,18.5)	119(0.69,15.1)	212(0.64,11.2)	33(0.73,22.2)	10(0.64,27.5)	28(0.81,15.5)	48(0.76,20.1)	305(0.68,11.3)	4(0.76,50.0)	38(0.74,17.6)	24(0.71,16.8)	90(0.64,14.4)	36(0.77,18.5)	14(0.71,33.6)	28(0.81,16.7)	116(0.79,18.0)	12(0.79,19.1)	4(0.77,55.8)	15(0.68,25.6)	38(0.78,15.8)	141(0.67,12.0)	8(0.80,23.4)	56(0.77,18.8)	13(0.78,16.5)	10(0.66,21.4)	11(0.77,14.7)	
[Info]62 Clusters are found in total!
[Info]Step 11: likelihood: 1512.1425, Delta_likelihood: 0.003
oooooooooooooooooooooooooooxoooooooooxoooooooooxooooooooooooooooooooxoooooooooxoooxoooooooooooooxooo
oooooooooxoooooooooooooooooooooooooooooooooooxooooooooooooxoooooooooooooooxoooooooooooooooooooooooxo
oooooooooooooo
[Info]Clusters:382(0.74,11.9)	206(0.78,14.4)	250(0.75,13.8)	388(0.70,11.7)	97(0.78,15.1)	176(0.74,17.1)	249(0.73,11.3)	250(0.70,13.3)	327(0.79,15.6)	345(0.69,10.6)	199(0.78,15.9)	254(0.75,12.0)	238(0.78,15.0)	281(0.78,14.3)	49(0.69,14.0)	191(0.80,16.5)	156(0.79,15.5)	195(0.67,13.4)	145(0.73,11.5)	43(0.74,20.6)	282(0.81,14.8)	119(0.75,15.1)	102(0.70,15.5)	413(0.60,11.1)	70(0.74,15.7)	28(0.74,20.5)	51(0.72,14.3)	116(0.78,16.4)	135(0.78,14.4)	48(0.71,17.1)	68(0.78,25.2)	97(0.68,17.4)	188(0.62,14.3)	23(0.77,24.5)	37(0.78,22.2)	92(0.78,17.2)	86(0.75,17.6)	104(0.69,15.6)	196(0.64,12.0)	36(0.74,21.9)	16(0.67,22.9)	28(0.81,17.3)	54(0.77,18.3)	299(0.68,11.9)	5(0.82,32.2)	40(0.74,17.3)	25(0.69,15.7)	73(0.63,16.5)	26(0.74,19.2)	11(0.71,42.4)	26(0.82,17.9)	115(0.78,19.0)	3(0.86,45.0)	14(0.74,25.9)	17(0.67,25.1)	51(0.78,13.9)	132(0.68,12.6)	11(0.80,20.7)	67(0.76,16.8)	3(0.61,7.7)	6(0.69,33.0)	7(0.73,18.4)	1(0.75,4.0)	
[Info]63 Clusters are found in total!
[Info]Step 12: likelihood: 1507.0694, Delta_likelihood: 0.003
oxooooooooooooooooooooooooooooooooooooooxoooooooooooooooooooooxooooooooooooooooooooxoooooxoooooooooo
ooooooooxoooooooooxoooooxoooxooooooooooooooooooooooooooooooooooooooooooooooooooxoooooooooxoooooooooo
oooooooooxooooooo
[Info]Clusters:379(0.74,12.2)	212(0.78,14.4)	239(0.74,14.0)	407(0.70,11.4)	84(0.77,15.8)	189(0.74,15.6)	243(0.75,12.1)	242(0.71,13.4)	315(0.79,15.6)	315(0.70,11.1)	177(0.77,17.4)	279(0.76,11.7)	228(0.78,15.1)	278(0.78,14.5)	42(0.67,15.4)	230(0.79,14.3)	160(0.78,15.0)	207(0.67,12.5)	146(0.73,12.1)	50(0.74,18.9)	273(0.81,15.4)	150(0.76,14.5)	105(0.69,14.8)	378(0.60,11.5)	59(0.74,16.6)	34(0.75,17.2)	40(0.72,16.9)	133(0.77,14.7)	143(0.77,14.7)	60(0.72,16.2)	79(0.78,23.6)	95(0.68,17.1)	205(0.63,14.3)	23(0.78,21.3)	32(0.78,23.5)	79(0.77,18.6)	83(0.76,18.5)	123(0.70,14.6)	197(0.63,11.9)	43(0.75,19.3)	17(0.62,18.9)	27(0.79,16.4)	59(0.76,18.4)	300(0.69,11.8)	3(0.84,50.7)	23(0.75,22.0)	24(0.71,20.2)	79(0.63,16.0)	29(0.75,19.2)	10(0.71,46.6)	33(0.78,14.9)	109(0.78,18.3)	5(0.84,28.0)	5(0.77,45.4)	22(0.69,19.4)	44(0.76,14.6)	106(0.67,14.3)	9(0.82,19.4)	60(0.76,16.7)	5(0.75,13.8)	4(0.67,47.8)	7(0.76,18.0)	1(0.75,4.0)	5(0.80,15.8)	
[Info]64 Clusters are found in total!
[Info]Step 13: likelihood: 1509.6466, Delta_likelihood: -0.002
oxoooooooooooooooooooooooxoooooxoooxoooooxoooooooooxoooooooxoooooxoooxooooooooxooooooooooooooooooooo
oooxoooooooxooooooooxooooxoooooxoooooooooooooooooooooooxooxooooooooooooooxoooooooooxooooxooooooooxoo
ooooooooooooxoooooooooxooooxooooooooxoooooooooxoooooooo
[Info]Clusters:404(0.74,12.2)	185(0.79,15.4)	282(0.75,13.5)	378(0.70,12.3)	98(0.79,15.9)	197(0.73,14.9)	206(0.74,12.4)	265(0.72,13.1)	342(0.79,15.3)	297(0.69,11.0)	181(0.77,16.4)	282(0.75,11.5)	228(0.78,15.5)	278(0.78,14.3)	45(0.70,14.3)	258(0.79,13.7)	179(0.78,14.3)	239(0.67,11.6)	138(0.70,12.3)	59(0.75,17.8)	244(0.81,16.3)	146(0.75,14.5)	119(0.70,13.4)	365(0.60,12.2)	48(0.74,17.9)	40(0.74,15.3)	40(0.68,16.7)	116(0.77,15.6)	138(0.79,15.2)	47(0.71,19.4)	79(0.78,23.8)	88(0.67,17.5)	204(0.64,13.7)	29(0.76,22.4)	24(0.78,27.4)	74(0.77,17.3)	95(0.75,16.2)	124(0.71,13.9)	188(0.63,12.0)	43(0.74,18.4)	18(0.69,21.9)	23(0.80,18.7)	42(0.76,21.4)	284(0.69,11.7)	4(0.84,39.8)	28(0.73,21.0)	12(0.70,26.5)	73(0.62,16.1)	29(0.74,19.1)	14(0.73,37.1)	20(0.80,18.0)	121(0.78,17.8)	5(0.86,28.2)	9(0.75,29.3)	13(0.68,29.8)	29(0.77,19.5)	123(0.67,14.1)	6(0.83,24.7)	68(0.76,16.5)	2(0.68,11.0)	8(0.69,26.6)	10(0.72,17.9)	1(0.25,4.0)	8(0.78,9.6)	
[Info]64 Clusters are found in total!
[Info]Step 14: likelihood: 1505.5491, Delta_likelihood: 0.003
ooooooooooooooooxooooooxooooooooooooxoooooooooooooooooooxooooooooxoooooooooooooooooooooooooooooooooo
ooooooooooooooxoooooooooooooooooooooooooooooooooooooooooooooooooooxooooxooooooooooooxooooooooooooooo
oooooooooooo
[Info]Accumulating evaluation results during sampling...
[Info]Clusters:410(0.74,11.6)	205(0.79,15.7)	273(0.74,12.9)	389(0.70,12.3)	99(0.78,14.3)	167(0.74,16.9)	207(0.74,12.5)	221(0.71,14.4)	319(0.80,15.8)	285(0.70,11.8)	171(0.77,17.4)	290(0.75,11.5)	215(0.78,16.5)	313(0.77,13.6)	48(0.70,15.7)	249(0.78,14.3)	156(0.79,15.5)	214(0.67,12.5)	139(0.71,12.3)	52(0.74,16.9)	242(0.81,16.4)	161(0.75,14.0)	110(0.69,15.1)	337(0.60,12.1)	64(0.74,15.5)	24(0.73,20.7)	59(0.67,13.5)	163(0.77,13.2)	129(0.78,14.6)	48(0.71,17.4)	88(0.77,21.8)	108(0.67,15.2)	248(0.64,12.4)	39(0.76,18.9)	32(0.77,22.3)	77(0.77,17.5)	100(0.76,16.3)	115(0.70,14.5)	228(0.65,11.6)	39(0.72,20.2)	12(0.64,22.9)	28(0.81,16.1)	40(0.75,21.1)	280(0.69,11.9)	2(0.84,75.0)	28(0.72,19.8)	11(0.72,31.6)	73(0.61,14.8)	30(0.77,20.8)	9(0.73,49.3)	27(0.79,15.0)	115(0.78,18.1)	7(0.81,21.4)	17(0.75,18.1)	11(0.68,34.5)	20(0.79,22.3)	113(0.66,13.4)	4(0.81,40.0)	52(0.77,19.7)	3(0.64,7.3)	10(0.67,21.2)	5(0.76,23.6)	5(0.80,9.8)	7(0.65,9.0)	
[Info]64 Clusters are found in total!
[Info]Step 15: likelihood: 1500.4764, Delta_likelihood: 0.003
oxooooooooooooooooooooooooooooxooooooxoooxooooxooooooooooooooooooooooooooxoooooooooooooxooooooooxooo
oooooxooooooooxooooooooooooooooooooxooooxooooooooxoooooooooxoooooooxoooooooooooooooooooooooooooooooo
oooooooooooooxoooooooooooooooo
[Info]Clusters:402(0.74,11.4)	207(0.78,15.1)	261(0.74,13.2)	392(0.70,11.9)	91(0.78,16.9)	163(0.75,17.4)	194(0.74,12.9)	225(0.72,14.3)	307(0.79,16.3)	285(0.69,11.3)	201(0.77,16.1)	300(0.74,11.2)	186(0.78,16.9)	310(0.77,13.4)	68(0.69,12.3)	246(0.79,14.8)	193(0.79,13.6)	220(0.69,12.7)	121(0.72,12.1)	57(0.72,16.5)	234(0.82,17.5)	136(0.75,15.0)	101(0.69,16.3)	357(0.60,11.6)	61(0.73,14.8)	19(0.73,25.6)	62(0.71,13.4)	162(0.76,13.1)	127(0.78,15.6)	46(0.73,20.6)	91(0.78,21.6)	116(0.68,16.0)	248(0.64,12.7)	25(0.76,24.1)	29(0.78,22.1)	93(0.78,15.6)	102(0.75,15.6)	111(0.70,15.0)	225(0.64,11.3)	51(0.74,17.6)	16(0.67,22.3)	29(0.80,18.0)	48(0.75,19.3)	284(0.68,11.6)	3(0.84,51.3)	33(0.73,17.3)	18(0.75,25.5)	67(0.61,15.9)	28(0.76,19.9)	23(0.73,21.1)	26(0.80,16.1)	93(0.78,20.2)	13(0.80,18.8)	9(0.76,28.1)	14(0.67,29.6)	18(0.79,23.6)	103(0.66,14.7)	10(0.83,20.6)	61(0.77,18.7)	3(0.64,7.3)	5(0.67,39.0)	2(0.77,51.5)	3(0.71,8.0)	6(0.76,4.8)	2(0.85,6.5)	
[Info]65 Clusters are found in total!
[Info]Step 16: likelihood: 1491.6698, Delta_likelihood: 0.006
oooooooooooooooooooooooooooooxooooooooooooooooooooooooooooooooooooooooooooxoooooxooooooooxoooooooooo
ooooooooxoooxoooooxoooooooooooooooooooooxoooooooooooooooooooooooxoooooooooooooxooooooooooooooooooxoo
ooooooooooooooo
[Info]Clusters:397(0.74,12.0)	216(0.78,14.9)	259(0.75,13.8)	388(0.69,11.9)	99(0.79,15.0)	181(0.74,17.0)	215(0.74,12.0)	201(0.71,14.9)	269(0.80,17.3)	302(0.71,11.3)	191(0.77,16.7)	306(0.74,10.9)	178(0.78,17.7)	302(0.77,13.0)	60(0.71,13.5)	245(0.78,13.9)	158(0.80,15.6)	268(0.68,11.3)	133(0.72,12.4)	54(0.76,18.1)	235(0.82,17.3)	131(0.76,15.7)	101(0.69,15.5)	347(0.59,11.8)	82(0.75,13.7)	36(0.73,18.0)	56(0.70,14.5)	154(0.77,13.8)	146(0.78,14.0)	52(0.71,18.3)	125(0.78,18.1)	106(0.67,16.2)	217(0.62,13.5)	36(0.75,17.8)	34(0.78,22.8)	70(0.77,17.6)	117(0.75,14.5)	111(0.71,15.4)	200(0.62,11.6)	57(0.72,15.1)	11(0.64,26.9)	20(0.79,17.7)	51(0.75,18.7)	306(0.70,11.5)	5(0.84,33.0)	46(0.75,15.9)	34(0.74,17.0)	77(0.62,14.4)	19(0.75,24.7)	25(0.74,22.9)	14(0.81,23.1)	84(0.78,21.1)	4(0.85,35.5)	11(0.75,25.8)	11(0.71,37.5)	13(0.80,31.3)	95(0.66,15.7)	11(0.76,15.8)	57(0.77,18.9)	1(0.83,6.0)	6(0.67,36.0)	3(0.76,35.3)	1(0.80,5.0)	2(0.43,7.0)	
[Info]64 Clusters are found in total!
[Info]Step 17: likelihood: 1488.6568, Delta_likelihood: 0.002
ooooooooooooooooooooooooooooooooooooxoooooooooooooooxoooooooooooooooooooxoooxoooooooooooooxoooooooox
oooooxooooooooooooxooooxooooxooooxooooxooooooooxoooooxoooxoooooxooooooooxooooooooxooooooooooooooooox
ooooooooooooooooooooooooooooooooo
[Info]Clusters:410(0.74,11.6)	207(0.79,15.3)	228(0.75,14.6)	354(0.69,12.1)	87(0.79,16.3)	177(0.75,17.2)	195(0.74,13.0)	246(0.71,13.2)	266(0.80,17.1)	277(0.70,11.8)	203(0.76,15.4)	302(0.74,11.4)	190(0.77,16.5)	313(0.77,13.0)	57(0.71,13.2)	222(0.79,14.3)	189(0.79,14.5)	271(0.68,11.6)	130(0.71,12.9)	48(0.74,18.8)	268(0.81,15.8)	147(0.76,15.2)	121(0.70,14.1)	338(0.60,11.9)	84(0.73,13.4)	39(0.75,17.6)	41(0.69,16.6)	138(0.77,15.0)	141(0.78,14.6)	35(0.70,21.3)	153(0.77,16.0)	110(0.69,16.3)	247(0.63,12.2)	35(0.77,18.8)	40(0.77,18.7)	61(0.78,20.3)	97(0.75,16.2)	114(0.71,16.5)	206(0.62,11.2)	57(0.73,17.4)	20(0.67,17.0)	19(0.79,17.1)	42(0.75,21.5)	288(0.69,11.7)	5(0.83,32.6)	49(0.74,15.9)	29(0.71,17.3)	82(0.62,13.7)	22(0.74,22.4)	25(0.74,21.4)	28(0.81,18.5)	81(0.79,21.2)	2(0.87,63.0)	13(0.74,22.4)	12(0.69,32.8)	19(0.80,27.7)	75(0.66,18.5)	3(0.84,39.0)	63(0.77,16.8)	1(0.88,8.0)	8(0.66,25.5)	2(0.77,51.5)	3(0.67,5.0)	5(0.75,14.2)	1(0.67,6.0)	1(0.43,7.0)	
[Info]66 Clusters are found in total!
[Info]Step 18: likelihood: 1482.8236, Delta_likelihood: 0.004
oooooooooooooooooxoooooxoooooooxoooooooooooooooxoooxooooooooxoooooooooooooxoooxooooooooxoooooxoooooo
oooooooooooooooooooooooooooooooooooooooxooooooooxooooooooooooxoooooooooooooooxoooooooooooooooooooooo
oxoooooooooooooooooxoooooxooooooooooxoooo
[Info]Clusters:411(0.74,11.5)	220(0.78,14.5)	228(0.75,13.8)	367(0.68,12.1)	68(0.79,18.8)	156(0.75,18.5)	251(0.74,11.5)	220(0.71,14.4)	246(0.81,18.5)	294(0.69,11.5)	198(0.76,15.9)	301(0.75,11.3)	181(0.78,16.8)	324(0.78,13.3)	80(0.67,11.0)	194(0.79,16.4)	178(0.79,14.5)	269(0.68,11.6)	128(0.71,13.1)	64(0.75,17.1)	247(0.81,16.3)	134(0.77,15.9)	104(0.69,14.3)	349(0.60,11.4)	84(0.75,15.0)	29(0.74,20.0)	53(0.69,13.6)	127(0.77,16.1)	129(0.78,14.6)	45(0.71,18.0)	123(0.79,18.1)	100(0.69,18.2)	223(0.63,12.7)	49(0.78,17.1)	40(0.76,16.8)	58(0.75,20.6)	106(0.76,15.4)	98(0.72,17.5)	248(0.64,10.5)	73(0.71,15.3)	10(0.65,27.4)	14(0.80,21.4)	74(0.73,15.1)	274(0.69,12.3)	5(0.83,33.4)	42(0.75,17.5)	28(0.73,17.7)	81(0.64,14.1)	30(0.77,20.8)	37(0.72,15.4)	37(0.80,14.7)	97(0.78,18.8)	2(0.87,63.0)	16(0.77,20.3)	24(0.67,20.3)	16(0.77,26.1)	80(0.66,17.9)	2(0.85,57.0)	58(0.76,17.9)	1(0.71,7.0)	8(0.67,29.1)	5(0.75,23.8)	2(0.60,2.5)	2(0.75,6.0)	
[Info]64 Clusters are found in total!
[Info]Step 19: likelihood: 1486.3982, Delta_likelihood: -0.002
[Info]Accumulating evaluation results during sampling...
MTCLinAdaptWithDP[dim:801,supDim:5001,M:6,alpha:1.0000,#Iter:20,N1(0.000,0.100),N2(1.000,0.100)]
Micro confusion matrix:
	0	1
0	7013	1138
1	1162	22726
Micro F1:
Class 0	0.8591	Class 1	0.9518	
Macro F1:
Class 0	0.8865	Class 1	0.9636	
[Info]Clusters:411(0.74,11.5)	220(0.78,14.5)	228(0.75,13.8)	367(0.68,12.1)	68(0.79,18.8)	156(0.75,18.5)	251(0.74,11.5)	220(0.71,14.4)	246(0.81,18.5)	294(0.69,11.5)	198(0.76,15.9)	301(0.75,11.3)	181(0.78,16.8)	324(0.78,13.3)	80(0.67,11.0)	194(0.79,16.4)	178(0.79,14.5)	269(0.68,11.6)	128(0.71,13.1)	64(0.75,17.1)	247(0.81,16.3)	134(0.77,15.9)	104(0.69,14.3)	349(0.60,11.4)	84(0.75,15.0)	29(0.74,20.0)	53(0.69,13.6)	127(0.77,16.1)	129(0.78,14.6)	45(0.71,18.0)	123(0.79,18.1)	100(0.69,18.2)	223(0.63,12.7)	49(0.78,17.1)	40(0.76,16.8)	58(0.75,20.6)	106(0.76,15.4)	98(0.72,17.5)	248(0.64,10.5)	73(0.71,15.3)	10(0.65,27.4)	14(0.80,21.4)	74(0.73,15.1)	274(0.69,12.3)	5(0.83,33.4)	42(0.75,17.5)	28(0.73,17.7)	81(0.64,14.1)	30(0.77,20.8)	37(0.72,15.4)	37(0.80,14.7)	97(0.78,18.8)	2(0.87,63.0)	16(0.77,20.3)	24(0.67,20.3)	16(0.77,26.1)	80(0.66,17.9)	2(0.85,57.0)	58(0.76,17.9)	1(0.71,7.0)	8(0.67,29.1)	5(0.75,23.8)	2(0.60,2.5)	2(0.75,6.0)	
[Info]64 Clusters are found in total!
[Oracle]test user size: 2000, nu of rvw for cluster assignment: 1[Info]Training size: 0, adaptation size: 111107, and testing size: 32039
Load 5000 2-gram features from ./data/CoLinAdapt/Amazon/SelectedVocab.csv...
Max review size: 174
Average review length over all users is 55.301, max average length is 351.800.
[Info]Start: 0, End: 2147483647, (9742/9760) users and 143146 reviews are loaded from ./data/CoLinAdapt/Amazon/Users...
[Info]Feature group size 801
[Info]Training size: 0, adaptation size: 94642, and testing size: 48504
MTCLinAdaptWithDP[dim:801,supDim:5001,M:6,alpha:1.0000,#Iter:20,N1(0.000,0.100),N2(1.000,0.100)]
ooxooxoooxooxooxoxooxooxooooooxooxoooxooooxoxoxoxxoxoxooooxLBFGS fails!!!!
Line search failed. See documentation of routine mcsrch. Error return of line search: info = 3 Possible causes: function or gradient are incorrect, or incorrect tolerances. (iflag == -1)
	at LBFGS.LBFGS.lbfgs(LBFGS.java:458)
	at Classifier.supervised.modelAdaptation.DirichletProcess.CLRWithDP.calculate_M_step(CLRWithDP.java:337)
	at Classifier.supervised.modelAdaptation.DirichletProcess.CLRWithDP.train(CLRWithDP.java:362)
	at mains.MyIsoTestMain.main(MyIsoTestMain.java:71)
oxoxoxxoxxoxxoxxoxxoxoxoxoxoxxoxxoxxoxxoxxoLBFGS fails!!!!
Line search failed. See documentation of routine mcsrch. Error return of line search: info = 6 Possible causes: function or gradient are incorrect, or incorrect tolerances. (iflag == -1)
	at LBFGS.LBFGS.lbfgs(LBFGS.java:458)
	at Classifier.supervised.modelAdaptation.DirichletProcess.CLRWithDP.calculate_M_step(CLRWithDP.java:337)
	at Classifier.supervised.modelAdaptation.DirichletProcess.CLRWithDP.train(CLRWithDP.java:362)
	at mains.MyIsoTestMain.main(MyIsoTestMain.java:71)
oxoxoxxoxxoxxoxxoxxoxxoxxoxxoxxoxxoxxoxxoxxoxxoxxoxLBFGS fails!!!!
Line search failed. See documentation of routine mcsrch. Error return of line search: info = 3 Possible causes: function or gradient are incorrect, or incorrect tolerances. (iflag == -1)
	at LBFGS.LBFGS.lbfgs(LBFGS.java:458)
	at Classifier.supervised.modelAdaptation.DirichletProcess.CLRWithDP.calculate_M_step(CLRWithDP.java:337)
	at Classifier.supervised.modelAdaptation.DirichletProcess.CLRWithDP.train(CLRWithDP.java:362)
	at mains.MyIsoTestMain.main(MyIsoTestMain.java:71)
oxooxoxooxoxoxoxoxooxoxoooxooxoxoooxoxoooxooxoooxooxoxooxoxLBFGS fails!!!!
Line search failed. See documentation of routine mcsrch. Error return of line search: info = 3 Possible causes: function or gradient are incorrect, or incorrect tolerances. (iflag == -1)
	at LBFGS.LBFGS.lbfgs(LBFGS.java:458)
	at Classifier.supervised.modelAdaptation.DirichletProcess.CLRWithDP.calculate_M_step(CLRWithDP.java:337)
	at Classifier.supervised.modelAdaptation.DirichletProcess.CLRWithDP.train(CLRWithDP.java:362)
	at mains.MyIsoTestMain.main(MyIsoTestMain.java:71)
oxxxoxxoxoxoxooxoxoxoxooxoxxoxooxoLBFGS fails!!!!
Line search failed. See documentation of routine mcsrch. Error return of line search: info = 6 Possible causes: function or gradient are incorrect, or incorrect tolerances. (iflag == -1)
	at LBFGS.LBFGS.lbfgs(LBFGS.java:458)
	at Classifier.supervised.modelAdaptation.DirichletProcess.CLRWithDP.calculate_M_step(CLRWithDP.java:337)
	at Classifier.supervised.modelAdaptation.DirichletProcess.CLRWithDP.train(CLRWithDP.java:362)
	at mains.MyIsoTestMain.main(MyIsoTestMain.java:71)
ooooooooooooooooooooooxooooooooooooooooooxooooooooooooooooooooxoooooooxooooooooooooooooooooooooxoooo
ooooooooooooooooooooooooooooooooooooooooooooxooooxoooooxooooxooooooooooooxoooooooooooooooooxoooooxoo
oxoooooxoooxoooooooooooooooxooooooxoooooooxoooooooooxooooooooooooooooooooooooooooooooxooooooooxooooo
ooooooooooooooooooooooooooooooooooxooooxoooooooxoooooooooooooxooooxoooooxooooooooxoooxoooooooooooooo
oooxooooxooooooooooooooooooooooxoooooooooooooooooooooooooooooooooooooooooooooooooooooooooxoooooooooo
ooooooooooooooooooooooooooooooooooooxooooooooooooooooxoooxoooooxooo
[Info]Accumulating evaluation results during sampling...
[Info]Clusters:144(0.75,10.0)	754(0.66,5.0)	420(0.72,4.3)	415(0.80,8.4)	399(0.73,5.4)	406(0.76,7.2)	458(0.73,4.1)	514(0.74,4.2)	299(0.74,6.4)	209(0.73,10.8)	411(0.64,5.9)	425(0.78,6.5)	430(0.79,8.1)	332(0.72,5.5)	666(0.68,5.2)	597(0.82,9.8)	376(0.60,7.4)	344(0.66,5.6)	217(0.78,8.6)	233(0.71,4.9)	608(0.61,6.0)	186(0.62,8.5)	694(0.81,8.3)	227(0.79,7.2)	86(0.72,8.6)	258(0.69,7.3)	123(0.78,10.3)	559(0.72,5.5)	86(0.64,13.6)	107(0.65,6.7)	216(0.78,11.5)	126(0.76,8.6)	197(0.70,6.7)	401(0.76,4.4)	81(0.78,10.6)	358(0.74,4.8)	180(0.72,7.2)	32(0.72,8.8)	124(0.76,10.4)	430(0.75,4.6)	98(0.75,9.1)	22(0.67,14.2)	68(0.77,10.9)	213(0.71,5.3)	68(0.74,8.6)	168(0.75,7.6)	127(0.79,5.6)	160(0.77,6.2)	7(0.71,20.6)	32(0.78,15.3)	107(0.76,4.4)	
[Info]51 Clusters are found in total!
[Info]Step 0: likelihood: 1757.9070, Delta_likelihood: -1.000
ooooooooooxoooooxoooxooooooooooooxooooooxooooxoooxoooooxooooooooooxooooooooxooooxooooooooooooooooooo
oooooxooooooooooooooooooooooxoooooooooooxoooooooooxoooooooooooooooooooooxooooooooooooooooooooooooooo
oooooooooooooooooooooooooooooxoooooxoooooooxoooooooooooooxooooxoooooooooxooooooooooooxoooooooooooxoo
ooxoooxooooxooooxooooooooooooooooxooooooo
[Info]Clusters:134(0.75,10.4)	754(0.66,5.2)	459(0.73,4.7)	414(0.79,7.5)	438(0.72,5.3)	390(0.76,7.6)	514(0.72,4.4)	539(0.74,4.5)	292(0.74,6.6)	191(0.74,11.5)	419(0.63,6.1)	427(0.76,6.3)	435(0.79,7.9)	327(0.71,5.2)	639(0.69,4.9)	571(0.82,9.6)	325(0.60,7.4)	366(0.66,5.6)	202(0.78,8.5)	225(0.73,4.9)	547(0.62,6.2)	167(0.62,9.3)	733(0.79,7.9)	215(0.79,7.2)	84(0.73,9.3)	260(0.69,7.0)	116(0.76,10.3)	543(0.73,5.5)	75(0.63,13.7)	105(0.64,6.3)	222(0.78,11.8)	130(0.76,9.2)	204(0.71,6.4)	383(0.74,4.8)	87(0.78,10.1)	370(0.73,5.1)	194(0.73,6.7)	29(0.72,9.0)	107(0.76,10.0)	485(0.76,5.2)	87(0.77,10.3)	19(0.66,13.3)	65(0.79,11.3)	220(0.73,5.1)	73(0.69,8.1)	159(0.75,8.0)	122(0.80,5.8)	172(0.79,6.9)	10(0.70,17.8)	37(0.78,15.3)	117(0.76,4.9)	
[Info]51 Clusters are found in total!
[Info]Step 1: likelihood: 1501.1363, Delta_likelihood: 0.171
oooooooooooooooooooooxooooooooooooooooooxooooooooooooxoooooooooxoooxooooxooooooooxooooooooooooxooooo
ooooxooooooooooooxoooooooooooooooooooooooooooooooxooooooooooooooooooxooooooooooooooooooooooxoooooooo
oooooxooooooooooooooooooooxoooooooooooooooooooooooooooooooooooooooxooooooooooooooooooooooooooooooooo
oooooooxooo
[Info]Clusters:141(0.76,10.8)	745(0.67,5.3)	488(0.72,4.4)	381(0.79,7.7)	457(0.73,5.5)	403(0.76,7.5)	511(0.73,4.2)	506(0.75,4.6)	319(0.73,6.0)	175(0.74,11.4)	386(0.63,6.2)	444(0.75,6.2)	471(0.78,7.6)	314(0.71,4.7)	630(0.69,5.1)	544(0.82,9.8)	311(0.60,7.4)	368(0.67,5.7)	203(0.79,8.8)	239(0.72,5.1)	536(0.62,6.3)	169(0.63,9.6)	699(0.80,7.8)	208(0.78,7.1)	89(0.72,9.2)	251(0.70,7.4)	127(0.77,10.0)	591(0.72,5.5)	75(0.63,13.0)	93(0.64,6.4)	235(0.77,10.8)	140(0.77,10.1)	184(0.69,6.7)	389(0.75,5.2)	75(0.79,9.7)	386(0.72,4.9)	193(0.72,7.2)	25(0.73,10.4)	114(0.76,9.7)	481(0.76,5.3)	91(0.76,10.5)	24(0.64,11.3)	63(0.79,10.4)	211(0.73,5.4)	62(0.71,8.5)	151(0.76,8.3)	124(0.79,5.8)	191(0.78,6.6)	6(0.74,26.7)	40(0.78,15.0)	139(0.74,5.0)	
[Info]51 Clusters are found in total!
[Info]Step 2: likelihood: 1418.7802, Delta_likelihood: 0.058
ooxoooooooooooxoooxooooooooxoooooxooooooooxoooooooxoooooooooooxooooooooooooooxoooooooooooooooooxoooo
oooxoooooooooooxooooxooooooooooooxoooooooooooooooooooooooooooooooooooxooooxoooooooooooooxoooxooooooo
oxoooooooooooooooooooooooooooooooooooooooooooooooooooooxooooooooxoooooxoooooo
[Info]Clusters:137(0.75,11.1)	759(0.66,5.2)	463(0.72,4.4)	399(0.79,7.2)	450(0.76,5.7)	384(0.77,7.5)	519(0.72,4.4)	539(0.75,5.0)	284(0.73,6.1)	180(0.72,10.9)	418(0.63,5.9)	422(0.76,6.3)	447(0.79,8.3)	333(0.71,4.7)	688(0.69,5.1)	526(0.82,9.7)	298(0.60,7.4)	351(0.68,6.0)	199(0.79,8.3)	268(0.72,5.3)	521(0.62,6.2)	175(0.63,9.2)	697(0.79,7.7)	207(0.79,7.0)	86(0.72,8.6)	255(0.69,7.1)	121(0.78,9.7)	591(0.73,5.4)	69(0.63,14.1)	97(0.65,6.0)	223(0.77,11.5)	127(0.76,10.0)	191(0.68,7.0)	418(0.76,5.3)	86(0.80,9.2)	384(0.73,5.2)	172(0.72,7.2)	19(0.73,12.2)	106(0.75,10.2)	492(0.76,5.5)	83(0.77,9.4)	15(0.65,15.6)	56(0.80,12.6)	224(0.73,6.0)	75(0.70,7.3)	149(0.76,8.5)	128(0.79,6.1)	184(0.77,6.6)	6(0.70,22.3)	36(0.79,14.9)	124(0.73,4.3)	48(0.63,1.8)	86(0.67,0.4)	
[Info]53 Clusters are found in total!
[Info]Step 3: likelihood: 1378.1183, Delta_likelihood: 0.030
ooooooooooxooooooooooooooooxoooooooxoooooooxooxoooooxooooooooooxooxoooooxooooooooxooooooooxooooooooo
ooooooooooooooooooooooooooooooxoooxoooooooooooooooooooooooooooooooxooooooooooooooooooooooooooooooooo
ooooooooooooooooooooooxooooooooooxoooooooooooooooooooooooooooo
[Info]Clusters:144(0.76,10.8)	774(0.67,5.4)	444(0.72,4.0)	381(0.80,7.5)	444(0.75,5.8)	387(0.76,7.1)	558(0.72,4.6)	524(0.74,4.7)	284(0.73,6.0)	174(0.73,10.7)	399(0.63,6.3)	419(0.77,6.6)	463(0.79,8.6)	326(0.70,4.9)	673(0.69,5.0)	523(0.82,9.3)	300(0.60,7.3)	364(0.68,5.8)	196(0.79,8.4)	249(0.71,5.2)	508(0.62,6.2)	167(0.62,9.4)	667(0.79,7.7)	228(0.79,7.0)	80(0.72,8.3)	256(0.68,7.2)	118(0.76,9.8)	622(0.72,5.5)	73(0.64,14.7)	90(0.66,5.8)	210(0.77,11.4)	123(0.78,9.4)	196(0.68,7.5)	400(0.76,5.3)	71(0.80,9.1)	402(0.72,5.2)	185(0.71,7.3)	18(0.72,13.1)	132(0.76,9.6)	495(0.77,5.7)	90(0.75,8.4)	12(0.64,17.6)	53(0.78,10.4)	210(0.73,5.8)	59(0.69,8.5)	146(0.75,7.3)	137(0.80,6.9)	178(0.78,6.5)	9(0.70,17.6)	27(0.79,16.9)	131(0.76,5.7)	63(0.73,3.2)	131(0.76,2.9)	4(0.82,2.8)	
[Info]54 Clusters are found in total!
[Info]Step 4: likelihood: 1346.3480, Delta_likelihood: 0.024
ooooooooooooooooooooxooooxooooooooxoooooooooxooooooxoooooooxoooooooooooooooooooooooooooooooooooxoooo
oooooooooooooxooooooooooooooooxooooxoooooooooooooooxoooooooooooooooooooooxooooxooooxooooooooooooooox
ooooxoooooooooooooooxoooooxoooooooooooxoooooooooxoooooooooooooooo
[Info]Accumulating evaluation results during sampling...
[Info]Clusters:143(0.75,10.3)	781(0.68,5.3)	421(0.72,4.2)	403(0.80,7.6)	432(0.75,5.7)	367(0.77,7.3)	550(0.72,5.0)	513(0.74,4.7)	282(0.73,5.9)	185(0.73,10.3)	401(0.64,6.4)	442(0.76,6.6)	456(0.79,8.3)	360(0.71,5.2)	697(0.68,5.1)	502(0.82,9.7)	317(0.59,7.1)	353(0.69,6.0)	197(0.79,7.7)	236(0.71,5.1)	499(0.63,6.3)	175(0.63,9.1)	663(0.79,7.7)	234(0.78,6.9)	103(0.72,8.0)	250(0.69,7.6)	118(0.78,9.7)	600(0.73,5.6)	70(0.62,13.2)	100(0.65,6.0)	201(0.77,11.0)	130(0.76,9.2)	201(0.70,6.6)	433(0.77,5.4)	71(0.79,9.0)	408(0.71,5.2)	186(0.71,7.3)	21(0.74,13.4)	113(0.76,9.6)	493(0.76,5.5)	84(0.76,9.2)	15(0.65,15.1)	59(0.78,10.8)	210(0.71,5.6)	51(0.73,7.5)	158(0.74,7.8)	120(0.81,6.4)	169(0.78,6.5)	11(0.72,15.0)	31(0.76,15.3)	125(0.76,6.1)	57(0.73,2.3)	117(0.75,2.9)	3(0.80,1.7)	
[Info]54 Clusters are found in total!
[Info]Step 5: likelihood: 1328.3890, Delta_likelihood: 0.014
ooooooooooooooooooooooooxoooxooooooooooooooxoooooooooooooooooxooooxoooooooooooooooooooooxooooooooooo
oooooxoooooxoooxooooooooooooooooooooooxoooooooooooooooooooooxoooxooooooooooooooooooooxooooxooooooooo
oooxoooooooooooooxooooooooxooooooo
[Info]Clusters:155(0.75,9.3)	731(0.68,5.5)	437(0.73,4.2)	388(0.80,7.8)	437(0.75,5.6)	377(0.78,7.2)	539(0.72,4.8)	529(0.73,4.7)	276(0.73,6.1)	182(0.73,10.6)	403(0.63,6.3)	425(0.76,6.9)	460(0.79,8.6)	346(0.72,5.2)	694(0.69,5.2)	508(0.82,9.3)	299(0.60,7.3)	340(0.68,6.1)	184(0.80,8.3)	264(0.72,5.4)	515(0.63,6.3)	181(0.61,8.6)	650(0.79,7.5)	234(0.79,7.0)	108(0.72,8.6)	261(0.68,7.5)	133(0.77,9.0)	586(0.72,5.5)	68(0.60,13.8)	81(0.66,6.1)	202(0.77,11.7)	134(0.76,8.1)	213(0.70,6.6)	407(0.77,5.4)	71(0.78,8.9)	411(0.73,5.5)	172(0.71,7.5)	24(0.71,10.0)	125(0.77,9.7)	490(0.76,5.3)	102(0.74,8.5)	14(0.64,15.6)	58(0.79,9.0)	220(0.73,5.7)	54(0.74,8.3)	158(0.75,7.6)	139(0.78,6.2)	170(0.75,5.9)	8(0.71,18.1)	38(0.79,14.2)	129(0.77,5.7)	58(0.78,3.8)	125(0.73,3.1)	4(0.56,2.3)	
[Info]54 Clusters are found in total!
[Info]Step 6: likelihood: 1316.2901, Delta_likelihood: 0.009
ooooooooooooooooooooooooooooooooooooooooxooooooooooooooooxoooxooooooooooooooooooooooooxooooooooooooo
ooooooooooxoooooooooxooooxoooooooooxoooooxoooooooooooooooooooooooooooooooooooooxooooooooooooooooooox
oooooooxoooooooooooooxoooooooooooooxooooxooo
[Info]Clusters:140(0.77,10.7)	762(0.67,5.3)	455(0.73,4.4)	396(0.79,7.5)	435(0.74,5.6)	384(0.77,7.1)	536(0.72,5.0)	548(0.75,5.0)	306(0.74,6.1)	177(0.74,10.5)	392(0.63,6.5)	413(0.76,6.8)	461(0.79,8.3)	355(0.69,4.8)	650(0.69,5.0)	516(0.82,9.3)	294(0.60,7.3)	338(0.68,6.0)	169(0.80,8.4)	260(0.72,5.4)	533(0.63,6.4)	165(0.62,9.1)	668(0.79,7.7)	246(0.78,6.9)	97(0.73,8.7)	274(0.69,7.5)	109(0.78,9.5)	585(0.72,5.4)	63(0.60,14.2)	83(0.65,6.7)	217(0.77,11.5)	122(0.76,8.1)	214(0.68,6.6)	417(0.76,5.3)	71(0.78,9.1)	414(0.74,5.5)	175(0.70,7.3)	16(0.67,8.7)	120(0.75,9.7)	473(0.77,5.6)	78(0.75,9.6)	14(0.64,15.4)	56(0.77,9.4)	220(0.71,5.8)	66(0.74,8.5)	153(0.75,7.4)	130(0.81,5.7)	167(0.76,6.4)	10(0.73,16.8)	31(0.78,14.8)	134(0.77,6.0)	56(0.68,1.7)	129(0.74,3.3)	5(0.71,2.8)	77(0.73,2.6)	
[Info]55 Clusters are found in total!
[Info]Step 7: likelihood: 1309.9093, Delta_likelihood: 0.005
oxooooooooooooooooxooooxoooooooxoooooooooooooxooooooooxooooxooooooooooooooxoooooooxooooxoooooooooooo
ooooooooooooxooooooooooooooooooooooooooooooooooooooooooxoooooxoooooooooxoooooooooooxoooooooooooooooo
ooooooooooooxoooooooo
[Info]Clusters:153(0.76,10.2)	779(0.68,5.3)	442(0.72,4.3)	392(0.79,7.6)	454(0.74,5.6)	380(0.77,7.1)	530(0.72,5.0)	535(0.74,4.9)	297(0.73,5.8)	178(0.73,10.7)	401(0.63,5.9)	445(0.76,7.1)	452(0.80,8.9)	355(0.69,5.1)	671(0.69,5.3)	505(0.82,9.4)	281(0.59,7.3)	346(0.68,6.0)	191(0.79,8.5)	255(0.72,5.3)	539(0.63,6.4)	152(0.60,8.9)	640(0.80,7.8)	226(0.78,7.0)	79(0.72,8.1)	260(0.70,7.2)	108(0.76,9.9)	618(0.72,5.4)	79(0.60,12.4)	92(0.69,7.6)	204(0.78,11.5)	117(0.76,8.0)	193(0.70,6.8)	423(0.77,5.5)	64(0.79,9.1)	395(0.74,5.4)	188(0.72,7.6)	20(0.68,8.3)	124(0.76,9.8)	493(0.76,5.2)	80(0.77,9.7)	15(0.63,16.7)	62(0.78,9.4)	241(0.70,5.6)	55(0.72,8.9)	148(0.74,7.3)	121(0.82,6.0)	162(0.77,5.7)	5(0.71,26.2)	29(0.78,15.3)	137(0.78,5.5)	50(0.72,2.6)	130(0.73,3.4)	2(NaN,0.0)	82(0.64,2.8)	
[Info]55 Clusters are found in total!
[Info]Step 8: likelihood: 1299.0389, Delta_likelihood: 0.008
ooooooooooooxooooooooxoooooooooooxooooxooooooooxooooooooooooxooooxooooxoooxooooxoooooooooooooooxoooo
ooooxooooooooooooooooooooooooooooooooxooooxoooooxoooxooooooooxooooxooooooooxooooooooooooooooxooooooo
oooooxoooooxoooxoooooooooooooooooooooooooxooo
[Info]Clusters:140(0.77,10.6)	767(0.69,5.4)	417(0.75,4.2)	405(0.80,8.0)	468(0.75,5.8)	388(0.77,7.0)	509(0.72,4.5)	558(0.73,5.0)	303(0.73,5.9)	213(0.72,10.0)	394(0.61,5.8)	461(0.76,7.0)	448(0.79,8.5)	334(0.69,5.3)	670(0.69,5.5)	473(0.82,9.5)	287(0.59,7.0)	327(0.69,6.0)	196(0.79,8.4)	261(0.72,5.5)	514(0.63,6.3)	167(0.62,8.8)	696(0.79,7.5)	224(0.79,7.6)	88(0.71,8.4)	263(0.68,7.2)	101(0.76,9.1)	585(0.72,5.4)	66(0.60,14.0)	81(0.67,6.5)	189(0.77,11.2)	114(0.77,8.0)	197(0.69,6.4)	479(0.75,5.4)	66(0.80,10.2)	397(0.74,5.7)	181(0.72,7.7)	21(0.68,8.3)	124(0.76,10.4)	477(0.77,5.5)	87(0.77,10.0)	19(0.68,15.8)	50(0.79,10.1)	239(0.71,5.3)	61(0.71,7.0)	144(0.73,7.1)	126(0.78,5.2)	168(0.77,6.3)	7(0.74,23.9)	36(0.80,14.7)	130(0.78,5.8)	47(0.80,1.7)	125(0.79,3.0)	2(NaN,0.0)	85(0.70,2.2)	
[Info]55 Clusters are found in total!
[Info]Step 9: likelihood: 1291.1265, Delta_likelihood: 0.006
oxoooooooooooooxoooxoooooxoooooooooxooooooooooxoooooooooooooooooooxooooxooooxoooooxooooooooxoooooooo
ooooooooooxooooxooooooooooooooooooooxoooooooooxooooxoooooooxooooxooooxooooooooooooxooooooooooooooooo
oooooooooxooooooooooooooooooooooooo
[Info]Accumulating evaluation results during sampling...
[Info]Clusters:140(0.77,9.8)	755(0.68,5.2)	451(0.75,4.5)	407(0.79,7.7)	454(0.75,5.5)	393(0.77,7.0)	525(0.73,4.9)	528(0.74,4.9)	291(0.71,5.7)	183(0.72,10.6)	390(0.61,5.9)	449(0.76,6.7)	439(0.79,8.8)	341(0.69,5.4)	685(0.68,5.2)	497(0.82,9.3)	303(0.60,7.2)	353(0.70,6.0)	216(0.77,8.2)	255(0.73,5.8)	521(0.62,6.4)	171(0.61,8.6)	673(0.79,7.5)	241(0.78,7.3)	84(0.71,8.8)	247(0.69,7.2)	86(0.78,9.7)	584(0.71,5.4)	61(0.60,14.4)	95(0.67,6.5)	192(0.77,11.3)	114(0.76,8.5)	188(0.70,6.5)	428(0.76,5.3)	65(0.80,10.7)	426(0.75,5.7)	180(0.68,7.6)	21(0.69,7.5)	114(0.77,11.3)	514(0.77,5.7)	84(0.78,10.1)	14(0.67,16.7)	56(0.78,10.0)	241(0.71,5.9)	56(0.72,7.4)	158(0.74,7.7)	121(0.80,6.5)	164(0.78,5.8)	8(0.68,18.4)	37(0.78,15.2)	126(0.78,5.9)	55(0.73,2.8)	118(0.74,2.4)	2(NaN,0.0)	75(0.70,1.2)	
[Info]55 Clusters are found in total!
[Info]Step 10: likelihood: 1284.2710, Delta_likelihood: 0.005
oooooooooxooooooooooooooooxooooooooxoooooooooooooooooooooxooooxooooooooxoooooooooooooxooooooooxooooo
ooxooooooooxooooooooooxoooooooooooooooooooooxoooooooooooooooooxoooooooooooooooooooooooooooooooooooxo
ooooooooooooooooooooooooxooooooooxooooxooo
[Info]Clusters:133(0.77,10.1)	748(0.67,5.2)	457(0.73,4.5)	412(0.79,7.4)	459(0.75,5.6)	387(0.77,7.1)	513(0.73,4.7)	533(0.74,4.9)	290(0.72,6.0)	177(0.72,10.6)	388(0.62,6.0)	445(0.75,6.5)	451(0.79,8.8)	358(0.71,5.4)	670(0.68,5.1)	497(0.82,9.4)	311(0.61,7.2)	331(0.69,5.8)	213(0.78,8.4)	265(0.73,5.7)	535(0.63,6.4)	168(0.62,8.8)	641(0.79,7.6)	239(0.79,7.3)	85(0.72,8.5)	281(0.71,7.3)	103(0.77,9.0)	588(0.72,5.5)	62(0.62,15.5)	84(0.69,5.9)	194(0.77,11.4)	116(0.77,9.4)	188(0.70,6.5)	430(0.76,5.3)	76(0.79,8.5)	443(0.72,5.6)	172(0.71,7.0)	29(0.68,6.2)	123(0.75,9.6)	503(0.78,6.0)	71(0.74,9.3)	15(0.65,15.3)	51(0.77,10.1)	223(0.72,5.7)	53(0.71,6.4)	169(0.75,7.7)	120(0.80,5.9)	164(0.77,6.7)	7(0.69,21.1)	31(0.79,15.1)	112(0.77,6.0)	58(0.79,3.9)	124(0.75,3.2)	2(NaN,0.0)	77(0.72,1.8)	
[Info]55 Clusters are found in total!
[Info]Step 11: likelihood: 1285.5672, Delta_likelihood: -0.001
oooooooooxooooooooooooooooooooooooooooxooooooooxooooooooooooooooooooooooooooooooxoooooooxooooooooooo
oooooooooooooooxooooxoooooxooooooooooxooooooxoooooooooooooooooooooxoooooooooxoooooooooooxoooooooooxo
ooooooooooo
[Info]Clusters:158(0.77,9.4)	732(0.67,5.2)	435(0.74,4.4)	426(0.79,7.7)	430(0.76,5.7)	399(0.77,6.8)	524(0.71,4.5)	538(0.74,5.1)	271(0.72,6.0)	182(0.72,10.7)	382(0.63,5.9)	429(0.76,6.8)	435(0.80,8.6)	335(0.70,5.3)	684(0.68,5.2)	483(0.82,9.3)	307(0.61,7.4)	342(0.69,5.7)	217(0.78,9.1)	256(0.73,5.9)	538(0.63,6.1)	173(0.62,8.9)	651(0.79,7.5)	242(0.78,7.6)	92(0.71,8.0)	259(0.71,7.4)	112(0.77,10.2)	597(0.71,5.2)	64(0.62,14.7)	86(0.65,5.0)	211(0.77,10.8)	110(0.77,9.2)	193(0.70,6.7)	452(0.75,5.2)	71(0.80,9.7)	419(0.73,5.8)	195(0.72,7.3)	21(0.66,6.9)	110(0.75,10.2)	479(0.78,6.1)	90(0.75,8.5)	13(0.64,17.1)	53(0.78,9.9)	229(0.71,6.2)	50(0.71,7.2)	179(0.74,7.4)	131(0.77,5.0)	158(0.77,5.8)	13(0.71,14.7)	29(0.80,16.0)	132(0.76,6.6)	52(0.78,2.8)	117(0.77,2.5)	2(NaN,0.0)	87(0.67,2.5)	
[Info]55 Clusters are found in total!
[Info]Step 12: likelihood: 1267.9987, Delta_likelihood: 0.014
oxoooxooooxooooooooooxooooooooooooooooooooooooxooooxooooooooooooooooooooxooooooooxooooooooooooooxooo
ooooxooooooooxooooooooxoooooooooooooxooooooooxooooooooooooooooxoooooooooxoooooooooooooooooooooooooox
ooooooooxooooooooxoooxoooooxooooooooooo
[Info]Clusters:147(0.77,10.3)	780(0.68,5.4)	443(0.75,4.8)	401(0.79,7.9)	421(0.75,5.7)	383(0.77,6.8)	537(0.71,4.6)	532(0.73,5.0)	271(0.71,5.5)	187(0.73,10.7)	376(0.62,6.1)	450(0.76,6.6)	445(0.79,8.3)	347(0.69,5.5)	676(0.68,5.2)	483(0.82,9.3)	295(0.61,7.2)	340(0.69,6.0)	203(0.79,8.8)	228(0.71,5.6)	530(0.63,6.2)	169(0.62,8.7)	657(0.79,7.4)	242(0.79,8.1)	84(0.73,8.4)	263(0.69,7.2)	107(0.78,9.0)	594(0.71,5.1)	65(0.62,14.5)	88(0.65,5.6)	220(0.77,10.8)	126(0.77,8.8)	193(0.70,6.7)	425(0.76,5.4)	82(0.79,8.6)	423(0.74,5.9)	203(0.72,7.4)	21(0.64,6.2)	115(0.76,9.8)	518(0.78,5.9)	83(0.75,8.6)	18(0.65,14.8)	53(0.78,10.3)	224(0.69,6.1)	53(0.74,8.2)	157(0.74,7.7)	106(0.79,5.2)	172(0.78,6.0)	9(0.72,18.6)	31(0.79,15.8)	130(0.77,5.6)	49(0.80,1.4)	129(0.77,3.0)	3(0.44,3.0)	84(0.71,2.0)	28(0.84,2.0)	
[Info]56 Clusters are found in total!
[Info]Step 13: likelihood: 1266.8656, Delta_likelihood: 0.001
ooooooooooooooooxooooooooxoooooooooooooooooooxooooxooooxoooooooxooooooooooooxoooooooooooooooooxooooo
oooxooooooooxoooooooooxoooooooooooooooooooxooooxoooooooooooooooooooooooooooooooooooooooooxooooxoooox
ooooxoooooooooooxooooooooxooooooooxooooooooxoooooxoo
[Info]Clusters:163(0.77,10.0)	759(0.67,5.3)	437(0.74,4.6)	422(0.79,8.1)	430(0.75,5.4)	381(0.77,7.0)	564(0.71,4.7)	551(0.74,4.9)	275(0.72,5.3)	183(0.72,10.7)	373(0.62,6.3)	429(0.76,6.7)	450(0.79,8.2)	374(0.69,5.5)	673(0.67,5.2)	497(0.82,9.2)	287(0.60,7.3)	376(0.68,5.8)	207(0.78,9.2)	215(0.73,5.6)	528(0.63,6.2)	176(0.64,9.2)	660(0.79,7.4)	252(0.79,7.4)	87(0.73,8.8)	240(0.68,7.0)	103(0.78,8.6)	568(0.72,5.2)	63(0.62,15.1)	83(0.65,5.9)	218(0.78,11.3)	125(0.76,9.0)	198(0.70,6.9)	430(0.77,5.3)	73(0.78,9.4)	395(0.74,6.0)	174(0.73,7.8)	21(0.62,5.6)	107(0.76,9.8)	522(0.76,5.9)	80(0.77,8.5)	11(0.64,19.0)	62(0.77,10.0)	229(0.70,5.8)	49(0.71,6.6)	148(0.74,7.6)	110(0.77,5.0)	156(0.76,5.7)	10(0.72,15.1)	37(0.79,15.3)	117(0.76,5.8)	60(0.73,2.7)	138(0.79,4.3)	2(NaN,0.0)	83(0.74,2.4)	38(0.65,3.2)	
[Info]56 Clusters are found in total!
[Info]Step 14: likelihood: 1268.6691, Delta_likelihood: -0.001
oxoooooooooooooooooooooooooooooooooooooooooooooooooooooooooooooooxoooooooooooooooooooooooooooooxoooo
oooooooooooooxooooooxooooooooooooooooooxooooooooooooxooooooooooooooooxooooooooxooooooooooooooooooxoo
ooooooxooooooooxoooooxoooxooooxooo
[Info]Accumulating evaluation results during sampling...
[Info]Clusters:147(0.78,10.8)	721(0.68,5.2)	438(0.74,4.8)	406(0.79,7.8)	435(0.75,5.5)	374(0.77,6.7)	552(0.71,4.9)	545(0.74,5.2)	281(0.70,5.5)	183(0.72,10.7)	369(0.60,5.9)	441(0.76,6.5)	439(0.80,8.4)	360(0.70,5.3)	709(0.68,5.5)	477(0.82,9.4)	289(0.61,7.2)	366(0.67,5.6)	212(0.79,9.2)	241(0.76,5.8)	544(0.63,6.2)	162(0.62,9.4)	655(0.79,7.4)	246(0.78,7.5)	82(0.73,8.4)	255(0.68,7.1)	106(0.77,9.1)	590(0.72,5.2)	62(0.60,13.6)	86(0.67,6.0)	218(0.78,10.8)	124(0.78,9.3)	196(0.70,6.7)	436(0.77,5.7)	68(0.81,9.8)	437(0.73,5.9)	188(0.70,7.2)	20(0.68,7.4)	110(0.77,10.5)	495(0.77,5.8)	73(0.76,8.5)	19(0.63,12.9)	65(0.78,10.3)	217(0.70,5.2)	50(0.68,7.9)	137(0.74,7.3)	110(0.78,5.0)	178(0.77,6.2)	9(0.72,17.6)	32(0.78,15.4)	127(0.77,5.7)	61(0.78,2.5)	133(0.75,3.6)	3(0.67,1.0)	81(0.78,2.4)	39(0.72,2.4)	
[Info]56 Clusters are found in total!
[Info]Step 15: likelihood: 1261.4289, Delta_likelihood: 0.006
oxoooooooooooooooooxoooooxoooooooooooooooooxooooooooooooooooxoooooooooxoooooxooooooooooooooooooooooo
ooooooooooooooooooooxoooooooooxooooooooxooooooooooooooooxooooooooooooooooooooooooooooooooooooooooooo
oooxoooooooooooooxoooooxoooooooo
[Info]Clusters:138(0.77,10.2)	731(0.67,5.1)	432(0.72,4.3)	440(0.79,8.0)	443(0.74,5.5)	374(0.78,7.2)	578(0.72,4.8)	528(0.74,5.3)	274(0.69,5.5)	181(0.74,11.2)	380(0.62,6.2)	451(0.76,6.8)	432(0.79,8.4)	341(0.70,5.5)	688(0.68,5.4)	481(0.82,9.2)	277(0.61,7.3)	374(0.68,5.8)	212(0.79,9.7)	245(0.75,5.3)	543(0.63,6.3)	168(0.62,9.2)	662(0.79,7.4)	236(0.78,7.5)	83(0.73,9.3)	238(0.68,7.1)	110(0.77,8.7)	591(0.72,5.0)	60(0.61,14.3)	90(0.66,5.8)	202(0.77,10.7)	126(0.77,8.6)	176(0.68,6.8)	451(0.77,5.2)	76(0.78,9.7)	423(0.74,5.7)	193(0.71,7.2)	20(0.64,6.1)	123(0.76,10.7)	477(0.77,5.5)	87(0.75,8.3)	15(0.66,15.9)	60(0.77,9.0)	220(0.71,5.7)	48(0.70,6.5)	155(0.74,7.7)	135(0.77,6.2)	156(0.76,6.1)	7(0.72,21.1)	38(0.77,14.1)	133(0.77,6.7)	64(0.74,3.0)	115(0.76,2.4)	2(NaN,0.0)	77(0.78,3.2)	34(0.70,2.3)	12(0.63,3.2)	2(0.83,3.0)	
[Info]58 Clusters are found in total!
[Info]Step 16: likelihood: 1260.7221, Delta_likelihood: 0.001
ooooooooooooooooooooxoooooxooooooooooooooxooooxooooxooooooooooooooooooooooooooooooxoooooxooooooooooo
ooxoooxooooooxooooooooxoooxoooooxoooooxooooooooooooxooooooooooooxoooooooooxoooooooooxooooooooooxoooo
ooooooxooooooooxoooooooxooooooooooooooooooo
[Info]Clusters:139(0.77,9.3)	750(0.68,5.2)	463(0.72,4.7)	404(0.79,7.8)	405(0.74,5.4)	369(0.77,7.1)	534(0.72,4.6)	535(0.74,5.1)	283(0.70,5.5)	179(0.74,11.1)	414(0.64,6.5)	445(0.77,6.9)	456(0.79,8.1)	342(0.71,5.7)	713(0.68,5.7)	460(0.83,9.7)	264(0.60,6.9)	365(0.67,6.0)	208(0.79,9.9)	235(0.72,5.4)	544(0.63,6.2)	172(0.62,8.8)	648(0.79,7.2)	222(0.78,7.5)	74(0.73,8.9)	270(0.68,7.0)	105(0.78,9.3)	601(0.71,5.3)	57(0.60,15.1)	77(0.67,5.8)	212(0.77,10.5)	128(0.77,8.6)	193(0.69,6.8)	465(0.77,5.9)	78(0.79,8.7)	415(0.74,5.8)	181(0.70,7.4)	16(0.61,6.2)	116(0.75,10.0)	496(0.78,5.7)	84(0.77,9.0)	18(0.65,14.0)	58(0.77,9.6)	213(0.71,4.8)	52(0.70,6.0)	152(0.72,7.7)	138(0.79,6.2)	149(0.78,6.0)	10(0.66,15.7)	41(0.78,13.6)	147(0.75,5.6)	56(0.76,1.8)	116(0.78,3.3)	2(NaN,0.0)	87(0.69,2.0)	36(0.79,2.7)	14(0.67,3.9)	2(0.67,1.5)	
[Info]58 Clusters are found in total!
[Info]Step 17: likelihood: 1258.6764, Delta_likelihood: 0.002
ooxoooooooooooooooooxooooooooooooooooxooooooooooooooxooooxooooooooxooooooooooxooooooxooooooooooooooo
ooooooooooooxooooooooooooooxoooooooooooooooxoooooooooooooooooxooooooooxoooooxoooooooooooooxoooooooox
ooooxoooooooooooooooooxooooxooooooooooooxoooooooooooooxooooxooooooooxooo
[Info]Clusters:145(0.77,9.4)	772(0.69,5.4)	461(0.72,4.5)	414(0.80,7.7)	435(0.74,5.3)	382(0.77,7.0)	516(0.73,4.7)	537(0.73,5.1)	284(0.70,5.7)	173(0.73,10.7)	401(0.62,6.1)	440(0.76,7.1)	464(0.79,8.0)	361(0.71,5.5)	688(0.68,5.5)	486(0.82,9.4)	292(0.61,6.8)	382(0.68,5.8)	210(0.80,9.5)	241(0.71,5.4)	540(0.64,6.2)	149(0.62,9.4)	667(0.79,7.3)	246(0.77,7.3)	83(0.73,9.2)	234(0.69,7.1)	101(0.77,8.9)	573(0.71,5.3)	68(0.62,14.1)	89(0.65,6.2)	208(0.76,10.9)	114(0.78,8.2)	194(0.69,6.9)	458(0.76,5.8)	72(0.78,9.7)	377(0.75,5.5)	185(0.71,7.6)	16(0.60,7.3)	123(0.76,10.0)	485(0.77,5.6)	81(0.77,8.4)	15(0.66,15.6)	47(0.79,10.6)	221(0.71,5.3)	43(0.70,6.6)	168(0.73,7.4)	126(0.79,6.4)	157(0.78,5.5)	6(0.70,24.3)	38(0.78,14.8)	131(0.77,6.6)	53(0.75,3.0)	110(0.81,4.5)	2(NaN,0.0)	95(0.73,3.3)	36(0.74,2.6)	12(0.63,2.0)	1(NaN,0.0)	
[Info]58 Clusters are found in total!
[Info]Step 18: likelihood: 1258.7027, Delta_likelihood: -0.000
ooooooooooxoooooooxoooooooooooooxooooooooxoooooooooooooooooxooooooooooooooooooooooooooooooooooooooox
ooooooooxooooxooooooooxooooooooxoooooxoooxooooxooooooooxooooooooooooooooooooooooooooooooooooooooooxo
ooooooooooooooo
[Info]Clusters:131(0.77,9.9)	734(0.68,5.2)	436(0.72,4.8)	395(0.79,7.7)	464(0.74,5.5)	377(0.77,7.1)	528(0.73,4.9)	531(0.74,4.7)	285(0.70,5.7)	180(0.73,10.9)	398(0.61,6.3)	419(0.77,7.1)	460(0.79,8.0)	344(0.70,5.4)	694(0.68,5.6)	499(0.82,9.3)	297(0.61,6.7)	369(0.67,5.5)	192(0.79,9.7)	257(0.72,5.3)	535(0.63,6.1)	154(0.62,9.4)	647(0.79,7.2)	229(0.78,7.3)	96(0.75,9.0)	253(0.69,7.1)	103(0.76,8.6)	591(0.71,5.1)	63(0.62,14.6)	89(0.66,5.4)	202(0.76,10.5)	112(0.79,8.4)	188(0.71,7.0)	476(0.76,5.8)	71(0.79,10.4)	407(0.74,5.9)	190(0.72,7.9)	18(0.63,6.8)	123(0.77,10.3)	516(0.78,5.9)	71(0.76,8.1)	11(0.64,18.8)	54(0.78,9.9)	217(0.71,5.6)	47(0.72,5.7)	168(0.73,7.4)	114(0.80,5.6)	163(0.76,5.9)	6(0.71,22.5)	39(0.78,15.6)	134(0.78,6.9)	52(0.75,2.6)	130(0.80,4.6)	2(NaN,0.0)	104(0.73,3.6)	33(0.80,3.3)	9(0.50,0.2)	1(NaN,0.0)	
[Info]58 Clusters are found in total!
[Info]Step 19: likelihood: 1246.1991, Delta_likelihood: 0.010
[Info]Accumulating evaluation results during sampling...
MTCLinAdaptWithDP[dim:801,supDim:5001,M:6,alpha:1.0000,#Iter:20,N1(0.000,0.100),N2(1.000,0.100)]
Micro confusion matrix:
	0	1
0	10603	1631
1	1834	34436
Micro F1:
Class 0	0.8596	Class 1	0.9521	
Macro F1:
Class 0	0.8887	Class 1	0.9626	
[Info]Clusters:131(0.77,9.9)	734(0.68,5.2)	436(0.72,4.8)	395(0.79,7.7)	464(0.74,5.5)	377(0.77,7.1)	528(0.73,4.9)	531(0.74,4.7)	285(0.70,5.7)	180(0.73,10.9)	398(0.61,6.3)	419(0.77,7.1)	460(0.79,8.0)	344(0.70,5.4)	694(0.68,5.6)	499(0.82,9.3)	297(0.61,6.7)	369(0.67,5.5)	192(0.79,9.7)	257(0.72,5.3)	535(0.63,6.1)	154(0.62,9.4)	647(0.79,7.2)	229(0.78,7.3)	96(0.75,9.0)	253(0.69,7.1)	103(0.76,8.6)	591(0.71,5.1)	63(0.62,14.6)	89(0.66,5.4)	202(0.76,10.5)	112(0.79,8.4)	188(0.71,7.0)	476(0.76,5.8)	71(0.79,10.4)	407(0.74,5.9)	190(0.72,7.9)	18(0.63,6.8)	123(0.77,10.3)	516(0.78,5.9)	71(0.76,8.1)	11(0.64,18.8)	54(0.78,9.9)	217(0.71,5.6)	47(0.72,5.7)	168(0.73,7.4)	114(0.80,5.6)	163(0.76,5.9)	6(0.71,22.5)	39(0.78,15.6)	134(0.78,6.9)	52(0.75,2.6)	130(0.80,4.6)	2(NaN,0.0)	104(0.73,3.6)	33(0.80,3.3)	9(0.50,0.2)	1(NaN,0.0)	
[Info]58 Clusters are found in total!
[Oracle]test user size: 3000, nu of rvw for cluster assignment: 1[Info]Training size: 0, adaptation size: 94642, and testing size: 48504
Load 5000 2-gram features from ./data/CoLinAdapt/Amazon/SelectedVocab.csv...
Max review size: 174
Average review length over all users is 55.312, max average length is 351.800.
[Info]Start: 0, End: 2147483647, (9742/9760) users and 143146 reviews are loaded from ./data/CoLinAdapt/Amazon/Users...
[Info]Feature group size 801
[Info]Training size: 0, adaptation size: 78171, and testing size: 64975
MTCLinAdaptWithDP[dim:801,supDim:5001,M:6,alpha:1.0000,#Iter:20,N1(0.000,0.100),N2(1.000,0.100)]
ooxoxoxoooooxooxoooxooxooxoooxooxooxoxooxoxooxoLBFGS fails!!!!
Line search failed. See documentation of routine mcsrch. Error return of line search: info = 6 Possible causes: function or gradient are incorrect, or incorrect tolerances. (iflag == -1)
	at LBFGS.LBFGS.lbfgs(LBFGS.java:458)
	at Classifier.supervised.modelAdaptation.DirichletProcess.CLRWithDP.calculate_M_step(CLRWithDP.java:337)
	at Classifier.supervised.modelAdaptation.DirichletProcess.CLRWithDP.train(CLRWithDP.java:362)
	at mains.MyIsoTestMain.main(MyIsoTestMain.java:71)
oxoxoxxoxxoxxoxxoxxoxxoxxoxoxoxxoxxoxxoxxoxoxoxxoLBFGS fails!!!!
Line search failed. See documentation of routine mcsrch. Error return of line search: info = 6 Possible causes: function or gradient are incorrect, or incorrect tolerances. (iflag == -1)
	at LBFGS.LBFGS.lbfgs(LBFGS.java:458)
	at Classifier.supervised.modelAdaptation.DirichletProcess.CLRWithDP.calculate_M_step(CLRWithDP.java:337)
	at Classifier.supervised.modelAdaptation.DirichletProcess.CLRWithDP.train(CLRWithDP.java:362)
	at mains.MyIsoTestMain.main(MyIsoTestMain.java:71)
oxoooxooxooxooxoxooxooxoxoooooooooxooooooxooooooooooooooooooooooooooooooooooooxooooooooooooooooooooo
ooxooooooooooooooooooxoooooooooooooxooooooooooooooooooooooooooooooooooooxoooooooooooooooooxooooooooo
xoooooxooooooooxooxoooooooooooooooooooooooooooooooooooxoooooooxoooooooooooooooooooooxooooxoooooooooo
ooooooooooooooooooooooooooooooooooxoooooooooooooooooooxoooxoooooxooooooooooooooooooooooooooooooooooo
ooooooooooooooooooooooxoooooooooooooooxooooxooooxooooooooooooooooooooooooxooooooooooooooooooooxooooo
oooooo
oxoooooooooooxoooxooooooooooooooooooooooooooooooooooooooooooooooooooxoooooooooooooooooooooooxoooxooo
ooooooxooooxoooxoooooooooooooooooooooooooxooooooooooooooooooooooooooooooooooooxooooooooxoooooooooooo
oxooooooooooooxooooooooooooooxoooooooooooooxooooooooooooooooooooxooooooooooooooxoooooooxooooxooooooo
oxooooooooxoooooooooo
oooooooooxoooooooooooooooxooooooooooooooooooooooooooooooooooxooooxoooxooooooooxooooooooxoooooooooooo
ooooooooooooooooxooooxooooxooooooooxooooooooxooooxoooooooooooooxooooooooooooxooooooooxooooooooxoooox
ooooooooxoooooooooxooooxooooxoooooooooxooooooooxoooooooooooooooooxoooooooooo
oxooooooooooooooooooooooxooooxoooooxooooooooooooooooxooooooooooooooooooooooooooooooooooooxoooooooooo
ooxooooxooooooooooooooooxoooooooooooooooooooooooooooooooxooooooooxoooooooooxoooooxooooooooxoooooooox
ooooooooooooxoooooxoooooooooooooooooooooxoooooxoooooooooooooooooxoo
[Info]Accumulating evaluation results during sampling...
[Info]Clusters:549(0.75,4.1)	998(0.76,3.1)	699(0.55,5.7)	210(0.77,6.1)	675(0.69,5.4)	741(0.76,3.8)	812(0.64,4.3)	427(0.78,4.9)	571(0.78,3.8)	580(0.73,3.8)	670(0.75,4.1)	726(0.80,4.5)	276(0.74,7.0)	586(0.66,5.1)	693(0.80,5.1)	302(0.80,7.1)	251(0.75,6.3)	403(0.79,6.2)	777(0.75,3.3)	984(0.76,3.3)	526(0.75,5.3)	151(0.79,6.3)	390(0.74,4.5)	364(0.63,5.4)	918(0.73,3.9)	463(0.76,4.7)	156(0.66,6.5)	179(0.71,3.5)	137(0.69,5.6)	284(0.69,5.6)	664(0.76,3.8)	267(0.76,4.9)	291(0.72,3.4)	26(0.83,9.6)	838(0.70,2.5)	154(0.78,2.0)	
[Info]36 Clusters are found in total!
[Info]Step 0: likelihood: 1148.9191, Delta_likelihood: -1.000
oxoooooooooooxooooooooooooooooooooooooooooooooooxooooooooooooooooooooooooxoooooooooooooooooooooooooo
oooooooooooooooooxoooooooooxoooooooooooooxooooxoooooxooooooooooooxooooooooxooooooooooooooooooooooooo
ooooooooxoooooooooooooooooooooooooooooooooxoooooo
[Info]Clusters:591(0.75,4.4)	999(0.76,3.0)	673(0.55,5.7)	187(0.75,5.1)	674(0.68,5.2)	749(0.75,3.7)	804(0.65,4.3)	432(0.77,4.9)	582(0.78,4.1)	584(0.74,3.7)	701(0.76,4.4)	734(0.80,4.4)	300(0.75,6.6)	572(0.66,5.1)	692(0.81,5.2)	285(0.79,6.3)	262(0.75,6.6)	403(0.79,6.3)	757(0.75,3.4)	984(0.74,3.2)	490(0.75,5.1)	146(0.79,6.4)	389(0.72,4.2)	365(0.64,5.5)	939(0.73,4.1)	445(0.77,4.7)	162(0.66,6.4)	160(0.79,4.0)	137(0.68,5.8)	278(0.70,5.5)	682(0.76,4.0)	275(0.75,4.9)	295(0.71,3.4)	24(0.82,6.6)	818(0.70,2.7)	168(0.74,1.8)	
[Info]36 Clusters are found in total!
[Info]Step 1: likelihood: 1126.5939, Delta_likelihood: 0.020
oxooooooooooooxoooooooooooooooxoooxoooooxoooxoooooooooxooooxooooooxooooxooooooooxoooooooxooooxoooooo
oooooooooxooooxooooxoooooooooooooooooooooooooooooooooooooooooooooooooxooooooooooooxooooxoooooooooooo
oooooxoooooooooooooooooooooooooooooooooxooooooo
[Info]Clusters:584(0.75,4.4)	989(0.76,3.1)	664(0.55,5.7)	187(0.76,5.4)	704(0.68,5.2)	740(0.75,3.8)	798(0.65,4.2)	425(0.77,5.0)	600(0.77,4.1)	567(0.75,3.7)	686(0.76,4.5)	719(0.79,4.2)	289(0.74,6.9)	600(0.66,5.0)	683(0.81,5.2)	304(0.80,6.4)	257(0.75,6.7)	398(0.79,6.5)	764(0.74,3.3)	992(0.75,3.3)	523(0.75,5.2)	143(0.79,5.9)	362(0.73,4.0)	371(0.63,5.4)	953(0.74,4.2)	433(0.77,4.6)	158(0.66,6.4)	170(0.78,4.4)	128(0.68,5.5)	292(0.69,5.5)	671(0.76,4.0)	281(0.76,5.2)	302(0.71,3.3)	28(0.81,7.7)	813(0.68,2.5)	160(0.77,2.1)	
[Info]36 Clusters are found in total!
[Info]Step 2: likelihood: 1110.1467, Delta_likelihood: 0.015
ooooooooooooxooooooooxooooooooxooooooooxoooxoooooxoooooooooooooooooooooooooooooooooooooooooooooooooo
oooxoooooxoooooooooooooooooooooooooooooooooooooooooooxooooooooooooooooooooxooooooooxooooooooxooooxoo
ooxoooooooooooooxooooooooooo
[Info]Clusters:565(0.75,4.5)	1017(0.76,3.1)	675(0.55,5.6)	189(0.76,5.4)	692(0.67,5.1)	743(0.75,3.8)	788(0.65,4.3)	425(0.78,4.8)	584(0.79,4.2)	570(0.75,3.9)	670(0.75,4.0)	700(0.79,4.4)	291(0.74,7.2)	589(0.67,5.2)	666(0.81,5.0)	310(0.78,6.2)	251(0.75,6.7)	385(0.80,6.4)	782(0.75,3.4)	989(0.75,3.2)	533(0.75,5.1)	143(0.78,6.2)	376(0.73,4.3)	362(0.62,5.1)	964(0.73,4.3)	442(0.78,4.5)	159(0.65,5.7)	174(0.77,5.1)	153(0.67,5.8)	293(0.69,5.6)	667(0.76,3.9)	262(0.77,5.2)	312(0.71,3.9)	29(0.79,6.5)	825(0.70,2.4)	163(0.77,1.9)	
[Info]36 Clusters are found in total!
[Info]Step 3: likelihood: 1100.6059, Delta_likelihood: 0.009
ooxooooxooooooooooooxooooooooooooxooooxooooooooooooooooooooooooooooooooooooooooooooooooooooooooooooo
ooooooooooooooooxoooooxoooxooooxooooooooxoooooooooxoooooooooooooxoooooooooooooooooooooooooooooooxooo
oooooxooooxoooooooooooooxoooxooo
[Info]Clusters:576(0.75,4.2)	1036(0.76,3.1)	676(0.55,5.7)	192(0.75,5.3)	687(0.67,5.1)	751(0.75,3.7)	789(0.65,4.2)	425(0.77,4.9)	588(0.78,4.0)	551(0.75,4.0)	692(0.75,4.2)	722(0.80,4.3)	290(0.75,7.3)	583(0.66,5.1)	679(0.80,5.0)	302(0.79,6.4)	257(0.75,6.7)	383(0.80,6.3)	778(0.76,3.7)	953(0.74,3.1)	522(0.74,4.8)	140(0.79,6.4)	371(0.74,4.3)	371(0.63,5.2)	956(0.74,4.2)	437(0.77,4.6)	164(0.65,6.1)	158(0.76,3.6)	124(0.69,5.9)	284(0.69,6.2)	687(0.77,4.2)	266(0.77,5.1)	320(0.71,4.1)	32(0.79,7.4)	826(0.70,2.4)	170(0.76,2.1)	
[Info]36 Clusters are found in total!
[Info]Step 4: likelihood: 1088.3478, Delta_likelihood: 0.011
oxooooooooooooxoooooooooooooooooooooooxoooooooooooooooooooooooooooxoooooooooooxoooooooooxooooooooxoo
ooooooooooooooooooxooooooooxoooxooooooooxooooooooooooooooooooooooooooooxooooooooooooooooxooooxoooooo
ooxooooooooxoooooooooooo
[Info]Accumulating evaluation results during sampling...
[Info]Clusters:574(0.75,4.5)	1040(0.76,3.2)	694(0.56,5.8)	188(0.77,6.0)	676(0.68,5.1)	759(0.75,3.8)	776(0.64,4.1)	416(0.77,4.8)	583(0.78,3.9)	568(0.74,3.6)	676(0.76,4.3)	709(0.79,4.3)	286(0.74,6.8)	573(0.67,5.1)	653(0.81,5.0)	307(0.79,6.5)	251(0.75,6.5)	400(0.79,6.2)	793(0.74,3.5)	952(0.74,3.1)	507(0.76,5.1)	140(0.77,6.1)	394(0.73,4.4)	367(0.62,5.2)	974(0.74,4.3)	437(0.78,4.6)	155(0.66,6.4)	169(0.76,3.9)	124(0.68,5.9)	290(0.70,5.9)	684(0.77,4.1)	261(0.76,5.2)	313(0.72,4.3)	26(0.83,6.2)	853(0.69,2.5)	170(0.74,2.3)	
[Info]36 Clusters are found in total!
[Info]Step 5: likelihood: 1081.7790, Delta_likelihood: 0.006
oxooooooooxooooooxoooooooooooooooxoooxoooooooooooooooooooooxoooooooooxooooxoooooxooooooooooooooooooo
ooooooooxoooooooooooooooooooooxooooooooooooooooooxoooooooooooooooooooooxoooooxoooooooxoooooooooooooo
ooooooooxooooooooxoooooxooooxooooooooxoooooooo
[Info]Clusters:558(0.74,4.3)	1041(0.75,3.1)	668(0.56,5.7)	196(0.77,6.4)	691(0.68,5.1)	770(0.76,3.7)	785(0.64,4.1)	424(0.77,4.9)	582(0.78,3.9)	572(0.74,3.8)	664(0.76,4.3)	710(0.79,4.2)	277(0.75,7.0)	585(0.67,5.2)	680(0.80,5.0)	302(0.78,6.6)	240(0.75,6.4)	388(0.80,6.2)	796(0.75,3.7)	966(0.75,3.1)	502(0.75,4.8)	139(0.78,5.7)	388(0.73,4.4)	358(0.64,5.7)	986(0.73,4.2)	443(0.77,4.4)	152(0.64,6.0)	170(0.76,4.3)	132(0.66,5.9)	322(0.68,5.8)	680(0.76,4.0)	271(0.76,5.3)	287(0.71,3.7)	23(0.82,6.6)	823(0.70,2.5)	167(0.77,2.7)	
[Info]36 Clusters are found in total!
[Info]Step 6: likelihood: 1072.0111, Delta_likelihood: 0.009
oxooooooooooooooxoooooooooooooooooooooooooooooooooooooxooooooooooooooooooooooooooxoooooooooxooooxooo
ooxooooooooooooxooooooooxoooooooooxoooooxoooxoooooxooooooooooxooooooooooooxooooooooxooooooooxooooxoo
oooooooxooooooooooooxooo
[Info]Clusters:557(0.75,4.4)	1031(0.75,3.1)	688(0.57,5.7)	199(0.76,6.2)	683(0.68,5.0)	764(0.76,3.9)	772(0.63,4.1)	423(0.77,4.8)	580(0.77,3.8)	597(0.74,3.9)	685(0.76,4.5)	703(0.80,4.2)	299(0.75,6.8)	615(0.67,5.2)	684(0.80,5.0)	301(0.79,6.6)	253(0.76,6.5)	388(0.79,6.3)	762(0.74,3.4)	965(0.75,3.1)	511(0.74,4.7)	137(0.79,5.8)	374(0.74,4.6)	368(0.63,5.3)	988(0.73,4.3)	446(0.78,4.5)	153(0.64,5.6)	171(0.74,4.6)	138(0.67,6.4)	283(0.69,6.0)	684(0.76,4.2)	265(0.77,4.7)	279(0.72,3.5)	25(0.77,6.6)	797(0.72,2.4)	169(0.77,3.0)	12(0.67,0.3)	
[Info]37 Clusters are found in total!
[Info]Step 7: likelihood: 1067.8133, Delta_likelihood: 0.004
oxoooooooooooooooooooooxooooooooooooxoooooooooooooooxoooxooooooooooooooxoooxooooxooooxooooooooooooxo
oooxoooooooooooooooooooooooxooooooooxooooooooooooxoooooooooooooxooooooooooooooooooooxooooooooooooooo
oooooooooooooxoooooooooo
[Info]Clusters:561(0.75,4.1)	1014(0.75,3.0)	694(0.57,5.7)	202(0.77,7.2)	688(0.67,4.9)	756(0.75,3.8)	774(0.64,4.1)	420(0.78,4.9)	597(0.77,3.7)	564(0.74,3.7)	683(0.75,4.2)	719(0.79,4.4)	289(0.75,6.5)	571(0.66,5.1)	675(0.80,5.0)	312(0.79,6.7)	245(0.76,6.7)	393(0.78,6.2)	773(0.75,3.5)	970(0.74,3.2)	501(0.75,4.9)	150(0.79,6.0)	379(0.74,4.6)	375(0.63,5.3)	963(0.74,4.4)	437(0.79,4.6)	166(0.65,5.6)	167(0.72,4.4)	133(0.67,5.6)	308(0.69,5.8)	672(0.76,4.2)	266(0.78,4.9)	295(0.73,4.0)	25(0.81,6.9)	836(0.69,2.6)	162(0.77,2.4)	14(0.59,1.6)	
[Info]37 Clusters are found in total!
[Info]Step 8: likelihood: 1060.7954, Delta_likelihood: 0.007
oooooooooooooooooooooooooooooxooooooooooooooooooxooooooooooooooooooooooooxooooxoooxoooooxooooooooxoo
ooxooooooooooooooxooooooooooooooooooooooooooooooooxooooooooooooxooooxooooooooooooooooooxoooooooooooo
oooxooooxooooxooooxooooxoooooooooooo
[Info]Clusters:560(0.74,4.0)	1016(0.76,3.0)	665(0.58,6.0)	183(0.77,6.0)	692(0.67,4.9)	755(0.76,3.9)	775(0.64,4.0)	411(0.77,4.7)	590(0.77,4.0)	580(0.74,4.0)	688(0.76,4.3)	715(0.80,4.4)	271(0.75,6.7)	574(0.66,5.2)	680(0.80,4.8)	309(0.79,6.7)	244(0.75,6.6)	394(0.79,6.2)	773(0.74,3.4)	974(0.75,3.1)	508(0.75,4.9)	156(0.79,6.5)	394(0.73,4.6)	372(0.62,5.4)	969(0.73,4.2)	444(0.77,4.5)	160(0.66,6.0)	161(0.76,3.7)	142(0.69,6.4)	292(0.69,6.1)	665(0.77,4.0)	278(0.76,5.3)	296(0.73,4.0)	24(0.83,6.3)	855(0.72,2.7)	166(0.73,2.4)	18(0.82,4.9)	
[Info]37 Clusters are found in total!
[Info]Step 9: likelihood: 1056.5505, Delta_likelihood: 0.004
oxoooooooooooooooxooooooooxoooooooooooooooooxooooooooooooxoooooooooooooxooooxooooooooooooooooooooooo
ooxoooooooooooooooooooooooxoooooooooooooooxooooooooxoooxoooooxoooxooooooooxooooooxoooooooooooooxoooo
oxoooooooooooooooxooooxooo
[Info]Accumulating evaluation results during sampling...
[Info]Clusters:539(0.73,3.8)	1030(0.75,3.0)	672(0.57,5.5)	199(0.77,6.1)	697(0.68,5.0)	762(0.76,4.0)	785(0.64,3.9)	428(0.77,4.8)	599(0.77,4.1)	574(0.75,4.1)	690(0.76,4.6)	711(0.79,4.5)	286(0.75,6.4)	556(0.65,4.9)	699(0.80,5.1)	288(0.80,6.7)	254(0.76,6.4)	397(0.79,6.2)	760(0.74,3.3)	987(0.75,3.3)	504(0.74,4.9)	152(0.78,6.6)	386(0.73,4.7)	372(0.60,5.3)	941(0.74,4.2)	442(0.78,4.8)	158(0.65,5.8)	153(0.68,3.1)	136(0.67,5.9)	309(0.68,5.8)	672(0.77,4.2)	269(0.76,5.0)	297(0.71,4.0)	24(0.83,6.6)	846(0.71,2.5)	162(0.79,2.9)	13(0.91,0.8)	
[Info]37 Clusters are found in total!
[Info]Step 10: likelihood: 1056.0680, Delta_likelihood: 0.000
oxoooooooxooooooooxooooxoooxoooooxooxoooooxoooooooxoooxooooooooxoooxoooooooooooooooooooooooooooooooo
oooooxoooooxooooooooxoooxooooooooooooxooooooooxoooooooooooooooxoooooooooooxooooooooooooooooooooooooo
oxooooooooxooooooooooooooooooo
[Info]Clusters:563(0.73,3.9)	983(0.75,3.0)	658(0.56,5.5)	199(0.76,6.3)	702(0.68,5.1)	774(0.76,3.9)	800(0.64,3.9)	443(0.76,4.9)	621(0.77,4.2)	564(0.76,4.0)	697(0.76,4.4)	726(0.80,4.4)	272(0.76,6.7)	550(0.66,5.1)	672(0.81,5.0)	297(0.80,7.0)	245(0.76,6.6)	384(0.79,6.1)	780(0.74,3.5)	999(0.75,3.4)	507(0.74,4.8)	135(0.79,6.2)	376(0.74,4.5)	372(0.62,5.4)	961(0.73,4.1)	426(0.78,4.5)	149(0.64,5.6)	169(0.72,3.3)	138(0.67,6.3)	301(0.68,5.9)	680(0.77,3.9)	253(0.77,5.0)	311(0.71,4.1)	27(0.74,7.5)	837(0.71,2.5)	163(0.75,2.9)	15(0.82,5.5)	
[Info]37 Clusters are found in total!
[Info]Step 11: likelihood: 1051.0958, Delta_likelihood: 0.005
oxoooooooooooooxooooooooxoooooooooooooooooooooxooooxoooooooooooooooooooooooooooxoooooooooxoooooooooo
oooooooooooooooooooooooxoooooooooooooxoooooooooxoooooooooxooooooooxooooooooooooxoooooooooooooooooooo
ooooooooooooooooooooxooooooooooo
[Info]Clusters:565(0.73,3.8)	990(0.74,2.9)	665(0.57,5.5)	191(0.75,5.9)	652(0.68,4.9)	783(0.77,4.1)	791(0.65,4.2)	433(0.77,5.0)	608(0.77,4.0)	559(0.76,3.9)	689(0.75,4.3)	713(0.80,4.4)	283(0.75,6.9)	574(0.65,5.0)	694(0.81,5.1)	314(0.79,6.6)	239(0.77,6.7)	380(0.79,5.9)	785(0.73,3.5)	991(0.74,3.4)	513(0.75,5.0)	137(0.80,6.2)	380(0.74,4.4)	361(0.61,5.3)	948(0.73,4.2)	433(0.78,4.7)	156(0.66,5.9)	159(0.73,3.3)	145(0.70,6.7)	315(0.66,5.3)	652(0.77,3.9)	269(0.76,4.8)	329(0.72,4.6)	28(0.79,6.8)	851(0.70,2.7)	162(0.72,2.4)	12(0.50,0.2)	
[Info]37 Clusters are found in total!
[Info]Step 12: likelihood: 1049.4474, Delta_likelihood: 0.002
oxoooooooooooooooxooooxoooooooxooooooooooooooooooxoooooooooooooooooooooooxoooooooooxoooooooooooooooo
ooooooxoooooooooooooooooooooooooooooooxoooooxooooooooooooooooxoooooooooooooooooooooooxoooooooooooooo
oooooooxoooooxooooooooo
[Info]Clusters:555(0.73,3.8)	1016(0.75,3.0)	667(0.57,5.7)	190(0.75,6.2)	674(0.68,4.9)	754(0.77,3.9)	766(0.64,4.0)	432(0.77,5.2)	602(0.78,4.1)	587(0.76,4.2)	676(0.74,4.3)	723(0.79,4.2)	280(0.76,6.7)	577(0.66,4.9)	685(0.80,5.0)	316(0.79,7.0)	243(0.76,6.7)	385(0.78,5.9)	791(0.73,3.4)	960(0.75,3.4)	517(0.74,4.7)	143(0.79,6.3)	375(0.75,4.5)	367(0.62,5.1)	967(0.73,4.1)	442(0.78,4.8)	160(0.68,6.1)	156(0.74,3.4)	141(0.67,5.9)	296(0.67,5.4)	668(0.77,4.0)	283(0.77,4.9)	314(0.71,4.8)	26(0.82,6.1)	843(0.71,2.8)	160(0.69,2.2)	12(0.78,0.8)	
[Info]37 Clusters are found in total!
[Info]Step 13: likelihood: 1046.5862, Delta_likelihood: 0.003
oxoooooooooooxoooooooooooxooooxoooooxoooxooooooooxooooxoooooooxoooooooooooooooxoooooooooooxooooxoooo
ooooooooooxooooxooooooooxoooxooooxooooxoooooooooooxoooooooooooooxoooooooooooooooooxoooooooooxooooooo
oooxooooooooxooooooooxoooxooooooo
[Info]Clusters:590(0.74,4.0)	1031(0.74,3.1)	651(0.56,5.5)	196(0.76,6.2)	695(0.68,4.9)	765(0.76,3.9)	765(0.64,4.0)	410(0.77,5.0)	610(0.78,4.1)	570(0.76,3.9)	685(0.76,4.3)	728(0.79,4.5)	286(0.75,6.7)	578(0.67,5.2)	679(0.80,4.8)	286(0.80,6.6)	263(0.76,7.3)	396(0.78,6.1)	789(0.73,3.3)	950(0.75,3.3)	502(0.72,4.5)	140(0.78,6.3)	357(0.74,4.3)	372(0.62,5.2)	956(0.73,4.1)	432(0.79,4.7)	159(0.68,6.2)	155(0.72,3.4)	155(0.69,6.3)	302(0.66,5.5)	668(0.76,4.0)	271(0.76,4.9)	319(0.72,4.5)	25(0.82,7.0)	824(0.71,2.8)	163(0.76,2.8)	12(0.50,0.2)	85(0.77,2.1)	
[Info]38 Clusters are found in total!
[Info]Step 14: likelihood: 1036.7538, Delta_likelihood: 0.009
oxoooxooooooooooooxoooooxooxoooooooooooooooooooooooooooooooooooooooooooooooooooooxoooooooooxooooxooo
oooooooooooxooooooooooooxoooooxoooooooooooooooxooooxooooooooooooooooooooooooooooooxoooooooooooooooox
ooooxooooooo
[Info]Accumulating evaluation results during sampling...
[Info]Clusters:571(0.74,4.0)	1005(0.76,3.1)	641(0.57,5.7)	192(0.77,5.8)	670(0.67,5.1)	738(0.76,3.8)	790(0.63,4.0)	424(0.77,5.1)	617(0.79,4.4)	583(0.76,3.9)	689(0.75,4.3)	736(0.79,4.3)	275(0.75,6.5)	582(0.66,5.0)	659(0.81,5.0)	283(0.80,6.6)	278(0.77,7.0)	395(0.79,6.1)	802(0.72,3.4)	977(0.75,3.5)	482(0.74,4.4)	160(0.78,5.6)	382(0.72,4.4)	371(0.64,5.5)	943(0.73,4.0)	420(0.78,4.6)	145(0.66,5.9)	147(0.71,3.0)	146(0.69,6.5)	304(0.67,5.5)	678(0.77,4.0)	267(0.77,5.2)	317(0.71,4.2)	26(0.80,7.5)	848(0.71,2.7)	164(0.73,1.9)	13(0.70,0.8)	100(0.75,2.4)	
[Info]38 Clusters are found in total!
[Info]Step 15: likelihood: 1028.8079, Delta_likelihood: 0.008
oxoooooooooooooooooooooooooooooooxooooooooooooooxoooooooooooooooxoooooooooooooooooooooooxooooooooooo
ooooxooooooxoooxoooooooooooooxoooooooooxooooooooxoooooooxoooooooooooooxooooxooooooooxooooooooooooooo
oooooo
[Info]Clusters:544(0.74,4.0)	1035(0.75,3.2)	642(0.57,5.7)	191(0.75,5.7)	706(0.68,5.2)	751(0.76,3.9)	780(0.64,4.0)	427(0.77,5.4)	594(0.79,4.0)	593(0.76,3.9)	698(0.76,4.3)	737(0.79,4.3)	284(0.74,6.6)	569(0.66,5.1)	684(0.80,5.0)	294(0.80,6.6)	269(0.78,7.3)	385(0.79,6.2)	780(0.73,3.3)	996(0.75,3.6)	485(0.74,4.3)	137(0.81,5.6)	373(0.74,4.5)	361(0.62,5.5)	950(0.74,4.0)	428(0.77,4.5)	156(0.66,5.8)	162(0.72,3.2)	145(0.69,7.0)	302(0.67,5.5)	654(0.76,3.8)	273(0.76,5.1)	298(0.71,4.2)	25(0.82,6.8)	830(0.70,2.6)	165(0.75,2.4)	19(0.77,3.3)	98(0.72,1.9)	
[Info]38 Clusters are found in total!
[Info]Step 16: likelihood: 1032.5723, Delta_likelihood: -0.004
oxooooooooxoooooooooooooooooooooooooooooooxooooooooxooooxooooooooooooooooooooooooooooooooooooooxoooo
ooooooooooooooooooooooooooooxooooxooooooooxooooooooxoooooooooooooxooooooooooooooooooooooxooooooxoooo
oooooooooo
[Info]Clusters:533(0.75,3.9)	1069(0.75,3.4)	654(0.57,5.8)	192(0.75,5.5)	687(0.68,5.1)	748(0.75,3.8)	804(0.62,4.0)	416(0.78,5.1)	608(0.79,4.1)	588(0.75,4.0)	682(0.77,4.7)	728(0.79,4.4)	297(0.74,6.4)	580(0.66,5.1)	669(0.81,4.9)	278(0.80,7.1)	272(0.78,7.0)	384(0.79,6.2)	775(0.72,3.3)	974(0.74,3.5)	513(0.74,4.8)	134(0.80,5.5)	365(0.74,4.2)	363(0.63,5.3)	947(0.73,3.9)	426(0.78,4.7)	157(0.66,5.7)	164(0.73,2.9)	168(0.70,6.5)	297(0.67,5.4)	645(0.77,4.0)	270(0.77,5.2)	285(0.71,3.8)	33(0.77,6.1)	848(0.70,2.7)	162(0.69,1.5)	14(0.71,1.0)	91(0.75,1.6)	
[Info]38 Clusters are found in total!
[Info]Step 17: likelihood: 1035.0083, Delta_likelihood: -0.002
oxoooooooooooooooooooooooooooooooooooooxooooooooxoooxooooxooooooooooooooooooooooooxooooooooxoooooooo
oxoooooxooooooooxoooxoooooxoooooooxooooooooxooooxoooooooxoooooooooooooxooooooooooooooooooooooooxoooo
oxooooooo
[Info]Clusters:561(0.75,4.2)	1027(0.75,3.2)	645(0.57,5.6)	198(0.75,5.5)	669(0.69,5.1)	774(0.76,4.0)	797(0.63,4.1)	434(0.78,5.4)	610(0.78,4.2)	601(0.76,4.1)	681(0.77,4.7)	722(0.80,4.4)	273(0.75,6.6)	569(0.66,5.0)	694(0.80,5.1)	296(0.79,6.6)	245(0.78,7.3)	373(0.79,6.2)	776(0.72,3.2)	999(0.75,3.5)	489(0.74,4.4)	138(0.79,5.5)	363(0.74,4.2)	370(0.62,5.3)	936(0.73,3.8)	449(0.77,4.7)	157(0.69,6.9)	144(0.72,2.5)	143(0.66,6.4)	301(0.66,5.4)	679(0.76,4.0)	269(0.76,5.3)	295(0.71,4.0)	24(0.81,6.9)	861(0.70,2.8)	154(0.71,1.2)	15(0.58,2.1)	89(0.69,1.1)	
[Info]38 Clusters are found in total!
[Info]Step 18: likelihood: 1029.4528, Delta_likelihood: 0.005
oxoooxooooooooxoooooooooooooooooooooooooooooooooooooooooooooooooxooooxoooooooxooooooooooooxooooxoooo
oooooooooxooooxoooooooooooooooooooooooooxoooooxooooooooxooooooooxooooooooxooooxooooooooooooxoooooooo
xooooooooooooooooooooooooooooo
[Info]Clusters:554(0.74,4.0)	1014(0.75,3.2)	671(0.57,5.5)	194(0.75,5.7)	686(0.68,5.1)	744(0.78,4.0)	790(0.64,4.2)	439(0.78,5.2)	591(0.78,4.2)	581(0.77,3.9)	691(0.76,4.3)	713(0.79,4.1)	297(0.75,6.5)	575(0.65,4.9)	669(0.80,4.9)	285(0.79,6.7)	243(0.78,7.2)	392(0.79,5.9)	758(0.73,3.3)	989(0.75,3.5)	510(0.74,4.6)	145(0.79,5.6)	367(0.73,4.0)	374(0.62,5.3)	941(0.73,4.1)	458(0.77,5.1)	148(0.65,5.8)	148(0.70,3.0)	133(0.68,6.3)	315(0.66,5.6)	698(0.76,4.0)	285(0.77,5.4)	297(0.70,4.5)	25(0.82,7.0)	832(0.70,2.6)	162(0.76,2.5)	11(NaN,0.0)	95(0.74,1.7)	
[Info]38 Clusters are found in total!
[Info]Step 19: likelihood: 1028.0565, Delta_likelihood: 0.001
[Info]Accumulating evaluation results during sampling...
MTCLinAdaptWithDP[dim:801,supDim:5001,M:6,alpha:1.0000,#Iter:20,N1(0.000,0.100),N2(1.000,0.100)]
Micro confusion matrix:
	0	1
0	13952	2059
1	2663	46301
Micro F1:
Class 0	0.8553	Class 1	0.9515	
Macro F1:
Class 0	0.8765	Class 1	0.9587	
[Info]Clusters:554(0.74,4.0)	1014(0.75,3.2)	671(0.57,5.5)	194(0.75,5.7)	686(0.68,5.1)	744(0.78,4.0)	790(0.64,4.2)	439(0.78,5.2)	591(0.78,4.2)	581(0.77,3.9)	691(0.76,4.3)	713(0.79,4.1)	297(0.75,6.5)	575(0.65,4.9)	669(0.80,4.9)	285(0.79,6.7)	243(0.78,7.2)	392(0.79,5.9)	758(0.73,3.3)	989(0.75,3.5)	510(0.74,4.6)	145(0.79,5.6)	367(0.73,4.0)	374(0.62,5.3)	941(0.73,4.1)	458(0.77,5.1)	148(0.65,5.8)	148(0.70,3.0)	133(0.68,6.3)	315(0.66,5.6)	698(0.76,4.0)	285(0.77,5.4)	297(0.70,4.5)	25(0.82,7.0)	832(0.70,2.6)	162(0.76,2.5)	11(NaN,0.0)	95(0.74,1.7)	
[Info]38 Clusters are found in total!
[Oracle]test user size: 4000, nu of rvw for cluster assignment: 1[Info]Training size: 0, adaptation size: 78171, and testing size: 64975
Load 5000 2-gram features from ./data/CoLinAdapt/Amazon/SelectedVocab.csv...
Max review size: 174
Average review length over all users is 55.307, max average length is 351.800.
[Info]Start: 0, End: 2147483647, (9742/9760) users and 143146 reviews are loaded from ./data/CoLinAdapt/Amazon/Users...
[Info]Feature group size 801
[Info]Training size: 0, adaptation size: 62688, and testing size: 80458
MTCLinAdaptWithDP[dim:801,supDim:5001,M:6,alpha:1.0000,#Iter:20,N1(0.000,0.100),N2(1.000,0.100)]
ooxoooxooxooxoooxoooooxoooxooxoooxooooxoxoxxoxxoLBFGS fails!!!!
Line search failed. See documentation of routine mcsrch. Error return of line search: info = 6 Possible causes: function or gradient are incorrect, or incorrect tolerances. (iflag == -1)
	at LBFGS.LBFGS.lbfgs(LBFGS.java:458)
	at Classifier.supervised.modelAdaptation.DirichletProcess.CLRWithDP.calculate_M_step(CLRWithDP.java:337)
	at Classifier.supervised.modelAdaptation.DirichletProcess.CLRWithDP.train(CLRWithDP.java:362)
	at mains.MyIsoTestMain.main(MyIsoTestMain.java:71)
oxooxoxoxoxoxoxxoxoxoxoxoxooxoxoxoxoxoLBFGS fails!!!!
Line search failed. See documentation of routine mcsrch. Error return of line search: info = 6 Possible causes: function or gradient are incorrect, or incorrect tolerances. (iflag == -1)
	at LBFGS.LBFGS.lbfgs(LBFGS.java:458)
	at Classifier.supervised.modelAdaptation.DirichletProcess.CLRWithDP.calculate_M_step(CLRWithDP.java:337)
	at Classifier.supervised.modelAdaptation.DirichletProcess.CLRWithDP.train(CLRWithDP.java:362)
	at mains.MyIsoTestMain.main(MyIsoTestMain.java:71)
oxoxoxxoxxoxxoxxoxxoxxoxxoxxoxxoxxoxxoxoxoxxoxoxoxxLBFGS fails!!!!
Line search failed. See documentation of routine mcsrch. Error return of line search: info = 3 Possible causes: function or gradient are incorrect, or incorrect tolerances. (iflag == -1)
	at LBFGS.LBFGS.lbfgs(LBFGS.java:458)
	at Classifier.supervised.modelAdaptation.DirichletProcess.CLRWithDP.calculate_M_step(CLRWithDP.java:337)
	at Classifier.supervised.modelAdaptation.DirichletProcess.CLRWithDP.train(CLRWithDP.java:362)
	at mains.MyIsoTestMain.main(MyIsoTestMain.java:71)
oxoxoxxoxxoxxoxxoxxoxxoxxoxxoxxoxxoxxoxxoxxoxxoxxoxLBFGS fails!!!!
Line search failed. See documentation of routine mcsrch. Error return of line search: info = 3 Possible causes: function or gradient are incorrect, or incorrect tolerances. (iflag == -1)
	at LBFGS.LBFGS.lbfgs(LBFGS.java:458)
	at Classifier.supervised.modelAdaptation.DirichletProcess.CLRWithDP.calculate_M_step(CLRWithDP.java:337)
	at Classifier.supervised.modelAdaptation.DirichletProcess.CLRWithDP.train(CLRWithDP.java:362)
	at mains.MyIsoTestMain.main(MyIsoTestMain.java:71)
oxooxooooooooooooooooooooooooooooooxoooooooxooooxooooooooooooooooooxoooxoooooooooooooooooooooooooooo
ooooooooooooxoooooooooooooxooxoooooooooooooxooooooooxoooooxooxooooooooooooxoooooooxoooooooooooxooooo
xoooooooooxoooooooooooooooooooooooxooooooooooooooooooooooooxoooooxoooooooooooooooooooooooooooooooooo
oooooxooooooooo
ooooooooooooooooxoooooooxoooxoooooooooooooooooxoooooooooooooooxoooooooooooxooooooooooooooooooxoooooo
ooooooooooooooooooooooxooooooooooooooooooooxooooooxoooooxoooooooooooooooooooooooxooooooooxoooooo
[Info]Accumulating evaluation results during sampling...
[Info]Clusters:839(0.76,2.2)	1256(0.74,2.2)	981(0.73,2.0)	830(0.68,2.5)	703(0.79,2.5)	248(0.80,3.4)	687(0.68,2.1)	568(0.65,2.5)	879(0.75,2.6)	718(0.70,2.4)	358(0.74,3.1)	737(0.67,2.8)	382(0.77,3.3)	882(0.80,3.3)	913(0.68,1.9)	972(0.61,2.7)	1273(0.81,3.9)	317(0.78,3.9)	885(0.57,3.0)	189(0.69,4.2)	1170(0.76,2.6)	634(0.75,2.5)	463(0.74,2.9)	188(0.68,2.2)	489(0.77,3.1)	490(0.73,2.7)	392(0.68,2.5)	557(0.75,2.8)	863(0.75,2.3)	359(0.75,2.1)	31(0.68,6.2)	202(0.77,3.5)	16(0.69,10.4)	195(0.72,3.6)	1020(0.68,1.8)	380(0.73,3.8)	507(0.76,2.4)	125(0.74,4.9)	79(0.76,3.1)	170(0.79,3.6)	601(0.70,1.2)	
[Info]41 Clusters are found in total!
[Info]Step 0: likelihood: 924.5448, Delta_likelihood: -1.000
ooooooooooooooooooooooooooooooooooooooooooooxooooooooooooxooooooooooooooooooooooooooooooooxooooooooo
ooooooooooooooooxoooooooooooooooooooooooooooooooooooooooooooooooooooooo
[Info]Clusters:829(0.77,2.4)	1255(0.74,2.3)	986(0.73,2.2)	835(0.68,2.7)	719(0.79,2.5)	255(0.79,3.6)	691(0.68,2.2)	567(0.66,2.5)	878(0.75,2.7)	749(0.69,2.5)	365(0.75,3.6)	768(0.67,2.9)	365(0.78,3.3)	851(0.81,3.0)	918(0.69,2.0)	1001(0.61,2.8)	1261(0.80,3.8)	320(0.78,4.0)	891(0.58,2.9)	187(0.70,4.4)	1143(0.77,2.5)	631(0.75,2.2)	468(0.75,2.8)	184(0.70,2.0)	473(0.77,3.4)	468(0.73,2.3)	401(0.65,2.1)	572(0.76,3.1)	866(0.75,2.2)	361(0.75,2.2)	36(0.68,4.9)	193(0.76,3.1)	16(0.70,9.3)	185(0.71,3.1)	1008(0.67,1.7)	380(0.72,4.0)	497(0.75,2.2)	126(0.76,5.6)	80(0.72,3.3)	162(0.77,3.0)	607(0.71,1.4)	
[Info]41 Clusters are found in total!
[Info]Step 1: likelihood: 879.7356, Delta_likelihood: 0.051
ooooooooooooooooooooooooooxooooooooooooxooooooooooooooooxooooooooooooxoooooooooooooxoooooooooooooooo
ooooooxoooooooooooooxooooooooxoooooxooooooooxooooooooxoooooooooooooooooxooo
[Info]Clusters:840(0.76,2.3)	1259(0.74,2.2)	969(0.73,2.0)	857(0.67,2.7)	709(0.78,2.4)	262(0.80,4.1)	689(0.68,2.2)	570(0.65,2.3)	881(0.75,2.7)	735(0.70,2.6)	368(0.76,4.0)	780(0.66,3.0)	383(0.76,3.4)	851(0.81,3.0)	922(0.69,2.1)	961(0.61,2.7)	1241(0.80,3.9)	299(0.80,3.7)	887(0.57,2.8)	197(0.66,3.8)	1187(0.77,2.8)	621(0.76,2.3)	470(0.75,2.9)	180(0.72,2.4)	462(0.77,3.3)	490(0.74,2.5)	402(0.66,2.3)	583(0.75,3.0)	856(0.74,2.1)	366(0.75,2.2)	37(0.68,5.1)	213(0.75,3.3)	16(0.72,9.7)	184(0.71,3.2)	998(0.68,1.7)	357(0.73,3.8)	503(0.75,2.3)	123(0.79,5.1)	85(0.75,3.6)	157(0.78,2.7)	598(0.68,1.3)	
[Info]41 Clusters are found in total!
[Info]Step 2: likelihood: 859.6314, Delta_likelihood: 0.023
oooooooooooooooxooooooxoxoooooooooooooooooooxoooooooooooooooooooooooooooooooxooooooooooooooxooooxooo
ooooooxoooxoooooxooooooooooooooxooooooooooooxooooooo
[Info]Clusters:846(0.76,2.3)	1258(0.75,2.3)	985(0.73,2.1)	843(0.68,2.7)	712(0.78,2.3)	245(0.80,4.0)	681(0.66,1.9)	565(0.65,2.3)	894(0.75,2.9)	725(0.69,2.5)	362(0.75,3.5)	767(0.67,3.0)	376(0.78,3.6)	838(0.81,2.9)	936(0.70,2.3)	979(0.62,2.9)	1244(0.80,3.8)	306(0.79,3.6)	862(0.58,2.8)	185(0.68,3.8)	1170(0.76,2.5)	622(0.76,2.3)	475(0.75,3.0)	187(0.70,2.2)	478(0.77,3.4)	495(0.72,2.4)	395(0.66,2.3)	562(0.75,2.8)	864(0.74,2.1)	384(0.73,2.2)	31(0.64,4.3)	203(0.77,3.2)	16(0.72,9.8)	181(0.72,3.3)	1038(0.67,1.8)	371(0.71,3.7)	501(0.76,2.5)	118(0.78,4.7)	81(0.76,3.3)	158(0.76,2.6)	609(0.71,1.5)	
[Info]41 Clusters are found in total!
[Info]Step 3: likelihood: 847.9057, Delta_likelihood: 0.014
oooooooooooooooxoooooooxoooooooxooooooxooooooooooooxooooooooooooxooooxooooxoooooooooxooooooooxoooooo
ooooooooooooooooooooooooooooooooooooooooooooxoooooooooooooo
[Info]Clusters:854(0.76,2.4)	1262(0.75,2.2)	960(0.74,2.0)	834(0.67,2.6)	716(0.78,2.4)	243(0.80,3.9)	672(0.67,2.0)	574(0.67,2.5)	893(0.74,2.8)	735(0.69,2.5)	369(0.76,3.5)	763(0.66,3.0)	372(0.79,3.8)	836(0.81,2.9)	911(0.71,2.2)	982(0.62,2.9)	1232(0.81,3.6)	293(0.80,3.4)	896(0.58,3.0)	177(0.69,3.8)	1191(0.75,2.6)	653(0.75,2.6)	483(0.74,3.1)	186(0.71,2.8)	463(0.78,3.3)	494(0.74,2.6)	375(0.65,2.1)	581(0.75,3.0)	889(0.74,2.2)	371(0.74,2.1)	31(0.67,4.1)	198(0.77,3.0)	14(0.72,10.4)	184(0.70,3.1)	1012(0.68,1.7)	370(0.72,3.7)	497(0.74,2.2)	123(0.78,5.3)	75(0.77,3.0)	164(0.76,2.9)	620(0.72,1.4)	
[Info]41 Clusters are found in total!
[Info]Step 4: likelihood: 841.3917, Delta_likelihood: 0.008
oxooooooooooooooxoooooooooooooxooooooxooooooooooooooooooooooxooooooooooooooooooooxoooxooooooooxooooo
oooxoooooxoooooooooooooooooooooooooxoooooooooooo
[Info]Accumulating evaluation results during sampling...
[Info]Clusters:847(0.77,2.2)	1264(0.75,2.3)	971(0.73,2.0)	842(0.68,2.7)	712(0.77,2.4)	235(0.81,3.4)	672(0.67,1.9)	561(0.66,2.5)	896(0.75,2.8)	719(0.69,2.4)	391(0.75,3.6)	742(0.66,2.8)	381(0.78,3.5)	855(0.81,2.9)	925(0.69,2.2)	973(0.62,2.8)	1244(0.80,3.7)	300(0.79,4.0)	880(0.57,2.9)	189(0.69,4.0)	1181(0.75,2.6)	647(0.77,2.7)	473(0.74,2.9)	189(0.68,2.5)	463(0.77,3.1)	494(0.74,2.7)	395(0.64,2.1)	586(0.77,3.4)	860(0.74,2.3)	360(0.75,2.2)	33(0.71,4.7)	205(0.75,3.5)	16(0.73,9.6)	187(0.70,3.2)	1035(0.68,1.9)	369(0.71,3.6)	493(0.75,2.3)	123(0.77,4.8)	78(0.75,3.4)	161(0.77,2.8)	601(0.74,1.3)	
[Info]41 Clusters are found in total!
[Info]Step 5: likelihood: 836.9196, Delta_likelihood: 0.005
oxoooxoooxoooooxoooooooooooooooxoooooxoooooooooxooooxoooooooooooooooooooooooooooooooooooooooooooxooo
oooooxooooxooooooooooooxoooooooxooooxoooooooooooooxoooooooooo
[Info]Clusters:859(0.76,2.4)	1284(0.75,2.3)	972(0.74,2.2)	848(0.68,2.7)	743(0.77,2.5)	255(0.78,3.7)	696(0.65,1.9)	566(0.66,2.6)	893(0.75,2.7)	738(0.69,2.6)	360(0.76,3.3)	775(0.66,2.9)	379(0.77,3.3)	847(0.81,2.9)	906(0.70,2.2)	977(0.62,2.8)	1256(0.80,3.6)	305(0.78,3.9)	870(0.57,2.9)	183(0.69,3.9)	1159(0.75,2.6)	625(0.75,2.5)	459(0.75,2.8)	184(0.72,2.1)	473(0.77,3.3)	493(0.73,2.8)	400(0.64,2.2)	560(0.76,3.1)	833(0.74,2.0)	358(0.75,2.1)	34(0.65,3.6)	196(0.77,3.2)	15(0.72,9.7)	190(0.73,3.6)	1006(0.69,1.8)	359(0.71,3.7)	503(0.75,2.2)	128(0.77,5.1)	76(0.75,2.9)	153(0.78,3.1)	632(0.73,1.7)	
[Info]41 Clusters are found in total!
[Info]Step 6: likelihood: 827.1596, Delta_likelihood: 0.012
ooooooooxooooooooooooooxoooooooooooooooooooooxoooooooxooooooooooooooooxooooooooooooooooooooooooooooo
oooooooooooxoooxoooooxooooooooooooooooooxoooo
[Info]Clusters:844(0.75,2.2)	1272(0.74,2.3)	978(0.74,2.1)	838(0.69,2.7)	739(0.78,2.7)	244(0.81,3.9)	688(0.65,2.0)	569(0.65,2.4)	883(0.75,2.7)	758(0.69,2.7)	359(0.75,3.2)	748(0.66,2.9)	380(0.78,3.7)	837(0.81,2.8)	936(0.70,2.5)	964(0.62,2.7)	1249(0.80,3.6)	297(0.79,4.1)	890(0.58,2.9)	188(0.68,3.7)	1159(0.76,2.6)	624(0.75,2.5)	484(0.75,3.0)	189(0.71,2.0)	461(0.77,3.1)	491(0.74,2.7)	395(0.65,2.2)	573(0.76,3.2)	844(0.75,2.1)	360(0.74,2.0)	29(0.64,3.7)	204(0.75,3.3)	13(0.72,10.7)	181(0.70,3.0)	1025(0.68,1.7)	365(0.71,3.4)	495(0.75,2.0)	130(0.77,5.3)	84(0.75,3.2)	160(0.77,2.6)	621(0.74,2.0)	
[Info]41 Clusters are found in total!
[Info]Step 7: likelihood: 823.8166, Delta_likelihood: 0.004
oxooooooooooooooooooooooxooooooooooooooooooooooooooooooooooooooooooooooooxoooooooooooooooooooxoooooo
ooooooooooooooooooooooooxoooooooooooxoooooooooooooooo
[Info]Clusters:846(0.75,2.2)	1276(0.75,2.4)	986(0.74,2.3)	851(0.69,2.8)	725(0.77,2.5)	246(0.79,3.3)	693(0.67,2.0)	556(0.66,2.4)	906(0.74,2.8)	717(0.69,2.5)	357(0.75,3.4)	761(0.66,3.0)	380(0.79,3.5)	837(0.81,2.8)	922(0.69,2.3)	997(0.62,2.7)	1252(0.80,3.7)	303(0.78,3.9)	857(0.58,2.9)	185(0.70,4.2)	1160(0.75,2.4)	633(0.75,2.5)	463(0.75,3.0)	188(0.72,2.4)	467(0.77,3.1)	477(0.73,2.6)	392(0.67,2.2)	572(0.77,3.1)	865(0.74,2.2)	367(0.74,1.9)	28(0.63,3.6)	200(0.76,3.1)	14(0.73,10.4)	188(0.71,3.5)	1059(0.69,2.1)	353(0.71,3.4)	499(0.75,2.1)	116(0.77,4.4)	75(0.79,3.3)	163(0.78,3.2)	616(0.71,1.7)	
[Info]41 Clusters are found in total!
[Info]Step 8: likelihood: 820.8932, Delta_likelihood: 0.004
oooooooooxooooooooooooxoooooooooooooooooooooooooooooooxoooooxoooooooxoooooooxooooxoooooxoooooooxoooo
oooooooooxoooooooooooooooooooxooooxooooooooooooooooooooooooooo
[Info]Clusters:828(0.75,2.0)	1281(0.75,2.3)	956(0.74,2.2)	842(0.69,2.9)	722(0.77,2.3)	244(0.79,3.1)	702(0.67,2.1)	557(0.65,2.5)	897(0.75,2.7)	726(0.68,2.5)	365(0.75,3.4)	746(0.66,2.8)	383(0.79,3.7)	861(0.81,2.9)	929(0.69,2.2)	981(0.61,2.7)	1253(0.80,3.7)	303(0.79,4.0)	870(0.59,2.9)	184(0.70,4.1)	1156(0.75,2.5)	640(0.75,2.5)	455(0.74,2.9)	181(0.71,2.3)	462(0.77,3.0)	493(0.74,2.9)	392(0.67,2.3)	567(0.75,3.1)	879(0.76,2.4)	362(0.73,2.1)	29(0.63,3.6)	202(0.76,3.0)	15(0.72,9.7)	183(0.72,3.5)	1052(0.69,2.0)	351(0.71,3.4)	501(0.75,2.2)	124(0.76,4.4)	77(0.77,3.7)	158(0.79,3.1)	639(0.71,1.8)	
[Info]41 Clusters are found in total!
[Info]Step 9: likelihood: 814.6856, Delta_likelihood: 0.008
oxoooooooxooooooooooooooooooooooooxoooxooooxoooooooooooooooooxooooooooooooooooooooooooooxooooxoooxoo
ooxoooooooooooooooooxooooooooooooooooooxooooooooooooooooooooxooo
[Info]Accumulating evaluation results during sampling...
[Info]Clusters:840(0.74,2.2)	1270(0.76,2.4)	973(0.74,2.2)	835(0.67,2.7)	735(0.77,2.3)	237(0.79,3.1)	707(0.67,2.1)	556(0.65,2.5)	885(0.74,2.6)	739(0.70,2.6)	355(0.77,3.5)	755(0.66,3.0)	390(0.79,3.7)	840(0.81,2.9)	939(0.69,2.3)	980(0.62,2.7)	1259(0.80,3.7)	289(0.80,3.8)	866(0.58,2.8)	183(0.69,4.0)	1181(0.76,2.5)	633(0.75,2.5)	451(0.75,3.0)	173(0.70,2.0)	474(0.77,3.1)	494(0.74,2.6)	391(0.66,2.1)	565(0.76,3.0)	872(0.74,2.3)	350(0.75,2.2)	28(0.63,3.6)	202(0.74,3.0)	15(0.72,10.1)	182(0.72,3.8)	1048(0.69,2.1)	355(0.72,3.4)	500(0.74,2.3)	120(0.77,4.2)	83(0.76,3.8)	167(0.76,2.9)	631(0.73,1.8)	
[Info]41 Clusters are found in total!
[Info]Step 10: likelihood: 812.8291, Delta_likelihood: 0.002
oxoooooooooooooooooooooooooooooooooooooooooooooooooooooooooooooooooooooooooooooooooooooooxoooooooooo
oooxoooooooooooooooooxoooooxooooooooooooooooooooooo
[Info]Clusters:864(0.74,2.2)	1271(0.76,2.3)	966(0.76,2.2)	835(0.68,2.7)	749(0.77,2.3)	237(0.79,3.4)	691(0.68,2.2)	555(0.65,2.4)	901(0.73,2.5)	725(0.68,2.3)	353(0.75,3.1)	777(0.65,3.0)	384(0.79,3.8)	839(0.81,2.9)	928(0.68,2.2)	963(0.61,2.7)	1239(0.80,3.6)	301(0.79,3.9)	857(0.57,2.8)	188(0.72,4.3)	1158(0.75,2.4)	629(0.75,2.6)	460(0.75,2.9)	174(0.73,2.1)	494(0.75,3.3)	477(0.75,2.9)	388(0.70,2.5)	577(0.75,2.9)	878(0.75,2.5)	372(0.75,2.3)	31(0.63,4.1)	206(0.74,3.3)	15(0.72,9.6)	180(0.70,3.5)	1029(0.71,2.1)	367(0.73,3.7)	514(0.75,2.4)	119(0.77,4.5)	77(0.77,2.8)	162(0.75,2.9)	618(0.73,1.7)	
[Info]41 Clusters are found in total!
[Info]Step 11: likelihood: 812.9255, Delta_likelihood: -0.000
ooooooooooooooooooooooooooooooooooooooooooxoooooooxooooxooooooooxoooxooooooooooooooooooooooooooooooo
ooxoooooooooooooxoooooooooooooooooooooooxoooooooo
[Info]Clusters:863(0.75,2.4)	1273(0.76,2.3)	981(0.75,2.3)	824(0.69,2.8)	727(0.78,2.4)	242(0.79,3.4)	695(0.68,2.3)	560(0.63,2.4)	862(0.73,2.3)	718(0.68,2.3)	362(0.73,3.2)	782(0.67,3.2)	395(0.78,3.7)	852(0.81,2.9)	913(0.69,2.2)	966(0.62,2.7)	1244(0.80,3.6)	295(0.78,3.6)	871(0.59,2.9)	188(0.70,3.9)	1182(0.75,2.5)	647(0.76,2.6)	462(0.74,2.7)	175(0.68,2.0)	482(0.75,3.4)	485(0.74,2.9)	402(0.67,2.4)	554(0.74,2.7)	865(0.76,2.4)	367(0.75,2.1)	29(0.63,3.9)	201(0.77,3.6)	14(0.72,10.1)	183(0.71,3.3)	1032(0.70,2.0)	363(0.72,3.2)	500(0.75,2.2)	120(0.76,4.1)	74(0.77,2.9)	158(0.77,2.8)	629(0.72,1.7)	82(0.72,1.0)	
[Info]42 Clusters are found in total!
[Info]Step 12: likelihood: 810.3565, Delta_likelihood: 0.003
oooooooooooooooooooooooooooooooooxoooooooooooooooooooooooooooooooooxooooooxoooooooooxoooooooooooooox
oooooooooxoooooooooooooooooooooooooooooo
[Info]Clusters:842(0.73,2.2)	1284(0.75,2.3)	984(0.74,2.2)	834(0.68,2.8)	737(0.77,2.4)	241(0.78,3.2)	688(0.69,2.2)	559(0.66,2.6)	886(0.74,2.5)	708(0.69,2.4)	353(0.76,3.0)	742(0.67,3.0)	373(0.79,3.4)	866(0.81,3.0)	933(0.68,2.0)	962(0.61,2.6)	1234(0.80,3.7)	299(0.78,3.7)	880(0.59,3.0)	189(0.68,3.7)	1163(0.75,2.5)	646(0.76,2.8)	458(0.74,2.5)	184(0.68,2.6)	469(0.77,3.0)	494(0.74,2.7)	395(0.70,2.5)	560(0.75,2.7)	874(0.75,2.5)	367(0.76,2.2)	32(0.61,3.8)	216(0.76,3.5)	15(0.72,9.7)	183(0.71,3.5)	1053(0.71,2.2)	360(0.71,3.5)	494(0.74,2.2)	118(0.77,4.6)	74(0.75,2.9)	157(0.78,2.7)	627(0.73,1.9)	86(0.68,1.0)	
[Info]42 Clusters are found in total!
[Info]Step 13: likelihood: 807.3619, Delta_likelihood: 0.004
oxooooooxoooooooooooooooooooooooooxoooooooooooooooxooooooooooooooooooxoooooooxoooooooooooooooooooooo
ooooooooooooooooooooooooooooooxooooooooooooooooooooooo
[Info]Clusters:862(0.73,2.2)	1271(0.75,2.4)	986(0.74,2.2)	824(0.68,2.7)	727(0.78,2.4)	245(0.80,3.7)	706(0.68,2.3)	573(0.66,2.7)	901(0.74,2.5)	713(0.68,2.4)	356(0.75,2.8)	761(0.67,3.0)	367(0.80,3.4)	834(0.82,2.9)	906(0.69,1.9)	968(0.61,2.7)	1252(0.79,3.6)	296(0.77,3.6)	879(0.58,2.9)	185(0.69,3.8)	1180(0.75,2.5)	649(0.76,2.7)	464(0.74,2.7)	179(0.68,2.0)	475(0.78,3.4)	472(0.74,2.6)	387(0.66,2.3)	567(0.76,2.9)	861(0.74,2.3)	352(0.76,2.3)	31(0.66,3.8)	210(0.75,3.6)	14(0.72,10.3)	191(0.71,3.5)	1042(0.70,2.2)	364(0.72,3.7)	501(0.74,2.3)	120(0.76,4.6)	81(0.79,3.9)	160(0.75,2.6)	620(0.74,1.8)	87(0.71,1.4)	
[Info]42 Clusters are found in total!
[Info]Step 14: likelihood: 808.4146, Delta_likelihood: -0.001
oxooooooxooooooooooooooxoooooxoooooooooooooooxoooooooooooooooooooooooooooooooooooooooxoooooooooooooo
ooooooooooooooooooooooooooooooxoooooooooo
[Info]Accumulating evaluation results during sampling...
[Info]Clusters:848(0.74,2.1)	1285(0.76,2.4)	957(0.75,2.2)	834(0.68,2.7)	740(0.77,2.6)	248(0.80,3.4)	712(0.67,2.2)	554(0.65,2.5)	871(0.74,2.4)	708(0.68,2.4)	364(0.76,3.1)	775(0.67,3.1)	364(0.78,3.5)	842(0.81,2.8)	909(0.67,1.9)	964(0.62,2.7)	1233(0.80,3.5)	322(0.77,3.9)	861(0.59,2.9)	180(0.72,4.4)	1150(0.75,2.4)	665(0.75,2.9)	464(0.73,2.6)	179(0.72,2.5)	474(0.77,3.2)	500(0.73,2.6)	391(0.67,2.5)	566(0.76,3.0)	866(0.75,2.4)	362(0.75,2.4)	30(0.64,3.8)	210(0.76,3.5)	13(0.72,10.7)	187(0.72,3.4)	1054(0.71,2.3)	364(0.73,3.4)	498(0.75,2.0)	123(0.77,4.4)	76(0.75,2.9)	156(0.77,3.1)	635(0.73,2.0)	85(0.65,1.2)	
[Info]42 Clusters are found in total!
[Info]Step 15: likelihood: 803.6320, Delta_likelihood: 0.006
ooooooooxoooooooooooooooxoooooooxoooooooooooooooooooooooooooooooooooooooooooooooooooooxooooooooooooo
ooooooooooooxooooooooooooxoooooooooooooooooo
[Info]Clusters:855(0.73,2.2)	1267(0.76,2.3)	1009(0.74,2.4)	853(0.70,2.9)	721(0.78,2.5)	228(0.80,3.3)	699(0.69,2.3)	552(0.65,2.4)	892(0.74,2.7)	696(0.69,2.4)	364(0.75,3.1)	753(0.67,2.8)	361(0.79,3.2)	845(0.81,2.9)	929(0.68,2.1)	953(0.60,2.6)	1224(0.80,3.6)	304(0.78,3.8)	867(0.58,2.9)	179(0.69,3.8)	1172(0.75,2.5)	661(0.74,2.7)	459(0.75,3.0)	184(0.73,2.6)	464(0.77,3.0)	489(0.73,2.5)	410(0.66,2.4)	564(0.76,2.8)	866(0.75,2.5)	361(0.74,1.9)	30(0.66,4.0)	209(0.73,3.4)	15(0.71,9.7)	181(0.71,3.4)	1040(0.70,2.1)	366(0.72,3.5)	510(0.78,2.4)	125(0.76,4.4)	80(0.73,2.9)	153(0.78,2.9)	645(0.72,1.9)	84(0.69,1.3)	
[Info]42 Clusters are found in total!
[Info]Step 16: likelihood: 805.5798, Delta_likelihood: -0.002
oxooooooooxoooooxoooooooooxoooooooooooooooooooooooooxoooooooooooooooooooooooxooooooooooooxooooxooooo
ooooooooxoooooooooooooooooooooooooxooooooooooooxoooooooooooo
[Info]Clusters:860(0.73,2.3)	1256(0.77,2.3)	994(0.75,2.4)	841(0.70,2.9)	724(0.77,2.4)	240(0.81,3.3)	705(0.67,2.2)	566(0.64,2.5)	900(0.75,2.6)	715(0.67,2.4)	348(0.74,2.8)	771(0.67,3.0)	372(0.78,3.4)	867(0.80,2.9)	939(0.68,2.3)	951(0.60,2.6)	1242(0.80,3.6)	307(0.78,4.1)	835(0.58,2.8)	177(0.69,3.8)	1151(0.75,2.4)	638(0.75,2.5)	463(0.74,2.8)	183(0.71,2.5)	453(0.78,3.1)	498(0.74,2.7)	397(0.67,2.4)	566(0.76,3.0)	859(0.72,2.4)	373(0.70,1.8)	30(0.65,3.9)	211(0.76,3.8)	13(0.72,10.7)	179(0.72,3.4)	1043(0.70,2.0)	360(0.72,3.5)	508(0.78,2.4)	124(0.76,4.3)	75(0.77,2.9)	170(0.78,3.2)	628(0.73,1.9)	87(0.80,1.7)	
[Info]42 Clusters are found in total!
[Info]Step 17: likelihood: 804.1749, Delta_likelihood: 0.002
oxoooooooooooooooooooooooooooooooooooooooooooxoooooooxoooooooooooooooooooooooxooooxoooxooooooooooooo
ooooooooooooxoooooooooooooooooooooooooooooooo
[Info]Clusters:861(0.74,2.1)	1263(0.76,2.2)	994(0.75,2.4)	850(0.69,2.9)	721(0.76,2.3)	235(0.82,3.1)	711(0.67,2.3)	557(0.65,2.5)	894(0.72,2.6)	699(0.70,2.5)	353(0.75,3.2)	759(0.68,3.0)	375(0.77,3.2)	827(0.81,2.9)	936(0.67,2.2)	980(0.61,2.7)	1247(0.80,3.5)	298(0.80,3.6)	857(0.58,2.8)	185(0.70,4.1)	1181(0.75,2.5)	646(0.76,2.7)	454(0.75,2.6)	190(0.73,2.6)	458(0.77,3.3)	473(0.74,2.5)	393(0.67,2.2)	564(0.77,3.0)	880(0.73,2.6)	363(0.75,2.3)	31(0.67,4.4)	207(0.76,3.5)	15(0.71,9.6)	191(0.72,3.6)	1031(0.71,2.1)	363(0.71,3.5)	509(0.76,2.2)	118(0.77,4.4)	69(0.76,2.6)	171(0.75,3.0)	622(0.73,1.9)	88(0.70,1.1)	
[Info]42 Clusters are found in total!
[Info]Step 18: likelihood: 800.8347, Delta_likelihood: 0.004
oxoooooooooooooooooooxooooooooxooooooooooxooooooooooooooooxoooooooooooooooooooooooooooxooooooooooooo
oooooxooooxoooooooxoooooxooooooooooooooooooooxoooooooo
[Info]Clusters:861(0.76,2.1)	1269(0.75,2.3)	1003(0.74,2.3)	839(0.68,2.9)	722(0.78,2.5)	248(0.79,3.8)	698(0.67,2.2)	567(0.63,2.5)	884(0.74,2.6)	705(0.68,2.5)	352(0.75,2.9)	771(0.68,3.0)	378(0.79,3.5)	847(0.81,3.0)	935(0.68,2.2)	974(0.61,2.7)	1224(0.80,3.5)	298(0.79,3.7)	873(0.59,2.9)	185(0.70,3.9)	1158(0.75,2.4)	643(0.76,2.6)	460(0.73,2.5)	186(0.71,2.2)	461(0.78,3.0)	477(0.75,2.8)	380(0.68,2.4)	573(0.77,3.2)	876(0.74,2.5)	377(0.74,2.5)	30(0.62,4.2)	201(0.76,3.2)	15(0.71,9.9)	189(0.72,3.4)	1024(0.71,2.1)	360(0.73,3.3)	510(0.76,2.1)	119(0.75,4.2)	79(0.75,2.7)	164(0.77,3.2)	626(0.71,1.6)	78(0.67,0.6)	
[Info]42 Clusters are found in total!
[Info]Step 19: likelihood: 803.3416, Delta_likelihood: -0.003
[Info]Accumulating evaluation results during sampling...
MTCLinAdaptWithDP[dim:801,supDim:5001,M:6,alpha:1.0000,#Iter:20,N1(0.000,0.100),N2(1.000,0.100)]
Micro confusion matrix:
	0	1
0	17251	2676
1	3345	57186
Micro F1:
Class 0	0.8514	Class 1	0.9500	
Macro F1:
Class 0	0.8692	Class 1	0.9553	
[Info]Clusters:861(0.76,2.1)	1269(0.75,2.3)	1003(0.74,2.3)	839(0.68,2.9)	722(0.78,2.5)	248(0.79,3.8)	698(0.67,2.2)	567(0.63,2.5)	884(0.74,2.6)	705(0.68,2.5)	352(0.75,2.9)	771(0.68,3.0)	378(0.79,3.5)	847(0.81,3.0)	935(0.68,2.2)	974(0.61,2.7)	1224(0.80,3.5)	298(0.79,3.7)	873(0.59,2.9)	185(0.70,3.9)	1158(0.75,2.4)	643(0.76,2.6)	460(0.73,2.5)	186(0.71,2.2)	461(0.78,3.0)	477(0.75,2.8)	380(0.68,2.4)	573(0.77,3.2)	876(0.74,2.5)	377(0.74,2.5)	30(0.62,4.2)	201(0.76,3.2)	15(0.71,9.9)	189(0.72,3.4)	1024(0.71,2.1)	360(0.73,3.3)	510(0.76,2.1)	119(0.75,4.2)	79(0.75,2.7)	164(0.77,3.2)	626(0.71,1.6)	78(0.67,0.6)	
[Info]42 Clusters are found in total!
[Oracle]test user size: 5000, nu of rvw for cluster assignment: 1[Info]Training size: 0, adaptation size: 62688, and testing size: 80458
