Load 3071 2-gram old features from ./data/CoLinAdapt/YelpNew/SelectedVocab.csv...
1000 users are loaded from ./data/CoLinAdapt/YelpNew/Users_1000...
[Info]Total user size: 433, users with friends: 433, avg friend: 2.314.
[Info]Training size: 0(0.00), adaptation size: 0(0.00), and testing size: 0(0.00)
[Info]Construct network with interactions and non-interactions....Finish network construction!
[Info]Initializing topics, documents and users...
[M-step]Estimate beta....

Start E-step....
[Info]E-Step: 0 iteration, likelihood=-9796712.45, converge to 1.00000000
[Info]E-Step: 5 iteration, likelihood=-7413251.53, converge to 0.00345851
[Info]E-Step: 10 iteration, likelihood=-7339573.86, converge to 0.00145322
[Info]E-Step: 15 iteration, likelihood=-7301261.73, converge to 0.00083283
[Info]E-Step: 20 iteration, likelihood=-7278889.73, converge to 0.00049094
[Info]Finish E-step: loglikelihood is: -7278889.73242.

Start M-step....
[M-step]Estimate beta....

Start E-step....
[Info]E-Step: 0 iteration, likelihood=-7275493.89, converge to 1.00000000
[Info]E-Step: 5 iteration, likelihood=-7263805.71, converge to 0.00025468
[Info]E-Step: 10 iteration, likelihood=-7257144.41, converge to 0.00014377
[Info]E-Step: 15 iteration, likelihood=-7253440.92, converge to 0.00007903
[Info]E-Step: 20 iteration, likelihood=-7251438.57, converge to 0.00004215
[Info]Finish E-step: loglikelihood is: -7251438.57070.

Start M-step....
[M-step]Estimate beta....

Start E-step....
[Info]E-Step: 0 iteration, likelihood=-7251026.78, converge to 1.00000000
[Info]E-Step: 5 iteration, likelihood=-7250115.61, converge to 0.00001873
[Info]E-Step: 10 iteration, likelihood=-7249668.45, converge to 0.00000889
