Load 5000 2-gram old features from ./data/CoLinAdapt/Amazon/SelectedVocab.csv...
Language models share the same features with classification models!
9760 users are loaded from ./data/CoLinAdapt/Amazon/Users...
No normalizaiton is adopted here or wrong parameters in setFeatureValues()!
Text feature generated for 143161 documents...
[Info]Feature group size 801
[Info]Training size: 0(0.00), adaptation size: 69235(0.75), and testing size: 73911(0.73)
CLinAdaptWithDP[dim:801,M:6,alpha:1.0000,#Iter:50,N1(0.000,0.450),N2(1.000,0.200)]
oooxoooooooooooooooooooooooooooooooooooooooooooooxooooooooooooooooooooooooooooooooooooooooooxooooooo
ooooooooxooooooooxooooooxooxoooooooooooooooooxoooooooooooooooooooxooooooooooooooooooxo
oooxoooooooooooooooooooxoooooooxoooooooooooooooooooooooxoooooooooooooooooooooooooooooooooooooooooooo
oooooooooooooooooooxoooooooxoooooo
oooxoooooooooooooooooxooooooooooooooooooooooooooooooooooooooooooooooooooooooooooooooooooxooooooooxoo
oooooooooooxooooxoooooooo
oooxooooooooooooooooooxoooooooooxooooooooooooooooooooooooooooooooooxoooxooooooooooooooooooooooooooxo
ooooooxooooooooxoooooooooo
oooxooooooooooooooooooooooxooooooxooooooooxooooooooooooooooooooxoooxooooxooooooooooooooooooooooooooo
oooooooxoooooooxooooooooo
ooooooooooooooooooooooooooooooooooooooooooooooooxoooooooooooooooooooooxoooxooooooooooooxoooooooxoooo
oooooxooooooooooooooooooxooo
oooxoooooooooooxooooxoooxoooooxoooxooooooooxooooooooxooooooooooooooxoooooooooooooooooooooooooooooooo
oooooooooooooxooooo
ooooooooooooooooooooooxoooooxoooxoooooooooooooooooooooooooooooooooooxooooooooooooooooxoooooooooooooo
ooooooooooxoooooooooooooo
oooooooooooooooooooooooooooooooooooooooooooooooooooooooooooooooooxooooooooooooooooooooooooooooooxooo
ooooxooooooo
ooooooooooooooooooooooooooooooooooooooooooxoooooooooooooooooooxooooooooxoooooooxoooooxooooooooooooxo
oooooooxooooooooooo
ooooooooooooxooooooooooooooooooooooooooooooooxoooooooooooooooooooooooooooooooooooooxoooooooooxoooooo
oooxooooooooooo
[Info]Accumulating evaluation results during sampling...
[Info]Clusters:414(0.80,6.6)	273(0.72,5.2)	265(0.76,7.0)	285(0.77,7.6)	224(0.79,6.8)	202(0.64,6.0)	543(0.81,6.9)	73(0.68,7.6)	357(0.70,5.4)	153(0.80,6.6)	359(0.73,5.9)	122(0.67,5.2)	425(0.78,6.8)	289(0.68,5.8)	105(0.72,7.1)	139(0.51,5.1)	270(0.82,7.2)	139(0.76,6.4)	275(0.71,6.0)	298(0.75,6.6)	221(0.79,6.7)	58(0.69,7.7)	120(0.63,8.0)	123(0.73,6.8)	192(0.79,8.0)	53(0.81,8.0)	53(0.66,8.5)	435(0.75,6.4)	63(0.79,8.3)	361(0.73,6.6)	182(0.72,6.3)	19(0.64,12.1)	78(0.69,7.4)	57(0.65,7.6)	164(0.85,7.9)	55(0.65,7.2)	132(0.75,7.5)	17(0.74,13.8)	6(0.65,12.0)	43(0.74,11.5)	31(0.71,6.6)	65(0.71,8.2)	31(0.71,12.5)	122(0.82,7.3)	85(0.70,7.8)	62(0.73,9.7)	57(0.80,9.1)	24(0.83,12.6)	21(0.76,8.9)	40(0.55,7.9)	350(0.78,7.6)	37(0.82,11.4)	88(0.72,8.1)	45(0.78,10.1)	50(0.77,8.9)	68(0.71,7.9)	27(0.43,9.3)	48(0.71,9.0)	59(0.84,8.2)	105(0.83,9.2)	2(0.70,21.5)	8(0.82,10.4)	21(0.56,6.0)	7(0.83,10.9)	90(0.71,6.8)	29(0.79,9.3)	24(0.77,9.3)	50(0.60,7.0)	39(0.84,13.1)	28(0.76,11.5)	19(0.74,9.4)	32(0.75,10.4)	32(0.71,8.1)	47(0.43,6.0)	34(0.49,6.5)	4(0.71,1.8)	19(0.75,11.9)	25(0.68,11.9)	30(0.72,7.2)	38(0.59,5.7)	20(0.78,13.0)	13(0.83,13.3)	2(0.84,22.5)	1(0.00,1.0)	23(0.67,15.7)	9(0.76,5.7)	25(0.66,6.9)	8(0.83,15.8)	6(0.83,24.3)	
[Info]89 Clusters are found in total!
[Info]Step 0: likelihood: 1184.5514, Delta_likelihood: 0.006
oooooooooooooooooooooooooooooooooooooooooooooooooooooooooooxooooooooooooooooooooxooooooooooooooooxoo
ooooooooooooo
[Info]Clusters:398(0.80,6.7)	271(0.74,5.2)	246(0.77,8.0)	315(0.76,7.1)	221(0.79,6.9)	192(0.66,7.2)	556(0.80,6.7)	66(0.69,8.2)	356(0.71,5.4)	166(0.79,5.9)	316(0.72,6.0)	121(0.70,5.9)	473(0.78,6.2)	264(0.66,5.6)	79(0.70,7.9)	130(0.53,5.3)	270(0.81,7.5)	134(0.77,7.0)	296(0.71,6.2)	308(0.75,6.4)	233(0.79,6.9)	69(0.68,6.6)	144(0.65,7.6)	94(0.71,6.7)	154(0.79,8.6)	55(0.82,7.4)	52(0.65,8.5)	445(0.75,6.4)	58(0.77,8.5)	362(0.73,6.5)	182(0.72,6.1)	24(0.66,11.4)	85(0.68,7.4)	57(0.69,7.6)	146(0.84,8.2)	49(0.65,7.5)	173(0.78,6.7)	20(0.73,11.0)	15(0.67,6.5)	50(0.74,10.9)	32(0.68,6.6)	57(0.73,8.6)	34(0.73,10.3)	116(0.82,8.1)	76(0.70,8.2)	57(0.73,10.0)	57(0.80,9.5)	19(0.81,15.8)	15(0.76,9.3)	35(0.55,7.9)	425(0.78,7.2)	47(0.81,10.0)	75(0.74,8.6)	52(0.79,8.9)	56(0.78,8.3)	76(0.73,8.2)	21(0.40,10.5)	59(0.72,8.3)	45(0.85,10.3)	85(0.83,10.1)	25(0.65,6.3)	8(0.80,10.9)	10(0.49,8.4)	11(0.81,9.2)	80(0.72,7.5)	40(0.79,7.7)	18(0.77,11.2)	51(0.57,7.5)	40(0.83,13.7)	25(0.77,11.1)	19(0.78,8.5)	25(0.77,11.4)	17(0.67,11.1)	45(0.45,5.9)	63(0.52,5.6)	1(0.33,3.0)	16(0.71,12.3)	21(0.64,12.6)	30(0.76,6.4)	31(0.63,7.1)	14(0.78,15.6)	17(0.83,11.5)	9(0.76,12.2)	3(0.82,34.0)	19(0.64,15.5)	20(0.71,5.6)	
[Info]86 Clusters are found in total!
[Info]Step 1: likelihood: 1188.3551, Delta_likelihood: -0.003
ooooooooooooooxoooooooooooooooooooooooxoooooooooooooxoooooooooooooooxoooooxoooooooxoooooooooxooooooo
oooooooooooooooo
[Info]Clusters:438(0.79,6.4)	240(0.76,5.2)	272(0.77,7.0)	361(0.75,6.6)	237(0.82,7.3)	190(0.69,7.2)	590(0.80,6.4)	109(0.65,6.5)	387(0.70,5.6)	170(0.81,6.6)	325(0.72,6.2)	111(0.68,5.6)	456(0.79,6.8)	275(0.68,5.8)	95(0.71,8.2)	95(0.53,6.3)	272(0.82,7.2)	66(0.79,9.2)	288(0.69,6.1)	278(0.74,6.8)	222(0.80,7.1)	57(0.65,6.6)	189(0.64,6.1)	98(0.69,6.1)	137(0.78,9.4)	55(0.83,6.8)	49(0.67,8.6)	449(0.76,6.5)	70(0.79,7.9)	375(0.73,6.5)	171(0.70,6.1)	25(0.63,10.8)	72(0.67,7.3)	58(0.64,7.7)	109(0.83,9.1)	63(0.62,6.4)	178(0.77,6.5)	30(0.75,8.8)	12(0.62,7.2)	62(0.73,9.7)	49(0.69,5.9)	50(0.73,8.8)	36(0.71,9.4)	99(0.83,8.5)	65(0.69,8.6)	61(0.72,8.8)	34(0.80,11.5)	14(0.84,20.2)	16(0.77,10.8)	32(0.52,8.8)	435(0.78,7.5)	50(0.85,9.0)	68(0.72,9.4)	50(0.76,9.4)	59(0.79,7.9)	55(0.71,8.1)	23(0.39,9.3)	51(0.70,8.8)	41(0.85,10.6)	72(0.80,10.4)	17(0.63,6.9)	6(0.78,12.8)	16(0.52,7.6)	11(0.81,7.8)	64(0.70,8.8)	32(0.79,7.5)	15(0.73,14.1)	36(0.59,9.0)	24(0.84,19.1)	33(0.77,9.0)	25(0.71,7.9)	23(0.76,12.6)	20(0.67,10.7)	46(0.44,6.5)	54(0.60,5.9)	1(0.50,2.0)	29(0.72,8.7)	22(0.70,13.9)	30(0.78,6.4)	21(0.55,6.6)	17(0.79,13.2)	24(0.84,9.8)	14(0.80,9.9)	12(0.79,10.8)	32(0.66,12.0)	22(0.74,5.2)	
[Info]86 Clusters are found in total!
[Info]Step 2: likelihood: 1186.0730, Delta_likelihood: 0.002
ooooooooooooooooooooooooooooxoooooooxoooooooooooooooooooooooooooxoooxoooooooxooooooooooooooooooooooo
xoooooooooooooooooooo
[Info]Clusters:469(0.78,6.3)	211(0.77,6.4)	264(0.78,7.5)	327(0.75,6.4)	261(0.79,6.3)	160(0.67,6.9)	568(0.80,6.6)	81(0.67,7.5)	370(0.69,5.5)	163(0.79,5.8)	377(0.72,5.7)	98(0.64,5.6)	500(0.79,6.3)	268(0.68,6.1)	98(0.74,7.8)	94(0.52,5.9)	280(0.82,7.0)	86(0.77,8.1)	307(0.71,6.0)	275(0.74,6.8)	227(0.79,7.6)	52(0.71,7.9)	188(0.65,6.4)	117(0.69,5.2)	162(0.78,9.0)	62(0.81,8.1)	52(0.67,8.7)	422(0.75,6.7)	59(0.78,8.6)	444(0.75,6.0)	153(0.73,6.5)	22(0.63,12.2)	72(0.68,7.5)	43(0.67,9.3)	113(0.83,9.2)	58(0.58,7.5)	139(0.76,7.3)	22(0.75,11.0)	17(0.60,7.6)	77(0.73,8.6)	27(0.73,8.6)	47(0.73,9.3)	48(0.73,9.6)	91(0.82,9.0)	71(0.70,8.6)	43(0.73,11.2)	22(0.83,15.1)	28(0.83,11.8)	7(0.74,13.0)	31(0.55,8.6)	474(0.77,6.9)	43(0.84,10.6)	73(0.75,9.1)	59(0.75,9.4)	63(0.80,7.7)	61(0.71,7.9)	27(0.42,9.6)	45(0.71,9.5)	31(0.85,12.6)	56(0.80,11.5)	19(0.60,7.4)	7(0.82,11.0)	21(0.51,6.7)	8(0.83,10.8)	76(0.71,7.0)	24(0.81,10.8)	17(0.75,11.7)	35(0.60,11.2)	26(0.84,16.6)	43(0.79,8.6)	28(0.74,8.2)	27(0.76,12.1)	21(0.68,9.9)	51(0.46,5.8)	42(0.56,5.2)	2(0.73,5.5)	34(0.72,7.5)	22(0.66,11.4)	23(0.81,7.9)	22(0.66,6.9)	14(0.81,15.1)	13(0.81,11.5)	6(0.76,18.5)	10(0.82,12.8)	32(0.64,11.6)	14(0.75,6.9)	
[Info]86 Clusters are found in total!
[Info]Step 3: likelihood: 1193.9704, Delta_likelihood: -0.007
oooooooooooooooooooooooooooooooooooooooxoooooooooxoooooooooooooooooooooxooooooooxooooooooooooooooooo
ooooooooooooooooooooooxoo
[Info]Clusters:503(0.78,6.3)	177(0.75,6.5)	277(0.78,6.7)	326(0.75,6.5)	239(0.79,6.8)	132(0.66,7.3)	562(0.81,6.4)	58(0.67,8.8)	366(0.69,5.6)	156(0.82,6.7)	380(0.72,5.7)	134(0.65,4.8)	499(0.80,6.5)	279(0.68,5.8)	81(0.72,8.6)	117(0.56,6.1)	298(0.82,6.7)	74(0.81,9.8)	332(0.69,5.9)	281(0.74,6.8)	228(0.80,7.8)	47(0.70,7.5)	153(0.63,6.9)	133(0.68,6.1)	163(0.78,8.1)	42(0.81,8.5)	57(0.65,7.7)	445(0.75,6.5)	75(0.79,7.7)	471(0.75,6.1)	161(0.72,6.6)	22(0.66,14.1)	63(0.66,8.0)	39(0.65,9.4)	112(0.83,8.5)	47(0.61,8.2)	151(0.77,6.8)	19(0.75,12.4)	12(0.64,7.3)	73(0.73,8.7)	25(0.67,8.5)	32(0.74,11.6)	50(0.74,8.9)	99(0.83,9.5)	56(0.69,9.9)	58(0.72,10.5)	19(0.82,15.3)	34(0.80,9.4)	12(0.78,9.8)	23(0.57,9.5)	480(0.78,7.2)	38(0.81,9.7)	62(0.73,9.6)	68(0.79,7.9)	58(0.80,9.7)	71(0.70,7.4)	31(0.47,9.4)	41(0.70,10.4)	40(0.83,11.5)	50(0.80,11.4)	15(0.63,8.5)	13(0.80,9.0)	12(0.51,8.4)	14(0.85,8.9)	54(0.69,8.7)	19(0.78,9.8)	25(0.77,10.5)	40(0.58,9.3)	39(0.82,10.6)	24(0.77,10.6)	25(0.75,8.0)	21(0.77,14.0)	21(0.73,10.9)	60(0.44,5.2)	64(0.57,6.5)	1(1.00,1.0)	31(0.73,7.5)	21(0.69,13.8)	15(0.77,9.0)	24(0.59,5.3)	12(0.78,16.8)	9(0.81,13.2)	2(0.81,41.5)	5(0.84,24.0)	32(0.63,11.2)	13(0.73,6.3)	
[Info]86 Clusters are found in total!
[Info]Step 4: likelihood: 1203.3594, Delta_likelihood: -0.008
oooooooooooooooooooooooooooooooooooooooooooooooooooooooooooooooooooooooooooooooooooooxoooooooooooooo
ooooooooooooooooooooooo
[Info]Accumulating evaluation results during sampling...
[Info]Clusters:499(0.79,6.4)	186(0.75,6.7)	281(0.78,6.9)	312(0.76,6.8)	207(0.80,6.9)	135(0.66,7.3)	575(0.81,6.7)	64(0.67,8.7)	352(0.70,5.7)	128(0.83,8.0)	438(0.72,5.5)	110(0.67,5.5)	437(0.79,6.9)	237(0.66,6.2)	80(0.70,8.0)	109(0.54,6.1)	322(0.83,6.8)	70(0.80,7.8)	341(0.70,5.8)	315(0.73,6.4)	227(0.80,7.5)	39(0.70,9.1)	158(0.62,6.6)	116(0.65,5.3)	159(0.77,9.1)	63(0.82,6.9)	66(0.66,7.5)	470(0.74,6.2)	52(0.78,10.5)	475(0.75,6.2)	167(0.70,6.1)	11(0.63,18.9)	77(0.67,6.9)	41(0.64,8.6)	118(0.83,7.8)	54(0.62,7.0)	133(0.77,7.5)	29(0.75,8.2)	5(0.62,13.2)	68(0.74,9.4)	38(0.69,6.3)	37(0.72,10.4)	42(0.71,9.1)	117(0.83,8.5)	55(0.69,9.4)	55(0.72,11.0)	18(0.84,16.9)	30(0.81,10.6)	19(0.75,8.2)	17(0.56,11.2)	453(0.76,7.0)	51(0.84,9.9)	71(0.73,8.9)	75(0.79,7.7)	56(0.79,8.6)	84(0.71,7.9)	43(0.44,6.2)	30(0.72,11.5)	34(0.84,11.4)	50(0.81,11.0)	18(0.67,8.3)	22(0.80,7.2)	5(0.47,14.8)	8(0.81,10.5)	61(0.72,8.6)	29(0.77,8.7)	31(0.78,8.1)	50(0.59,8.0)	31(0.83,12.9)	38(0.81,8.4)	26(0.73,7.6)	31(0.76,9.6)	26(0.71,8.7)	51(0.48,7.3)	49(0.56,6.6)	2(0.60,2.5)	35(0.72,7.3)	22(0.68,13.8)	11(0.78,10.5)	21(0.60,6.9)	7(0.81,26.0)	8(0.83,14.0)	6(0.78,16.3)	10(0.79,13.4)	34(0.67,12.2)	9(0.64,5.9)	
[Info]86 Clusters are found in total!
[Info]Step 5: likelihood: 1203.9172, Delta_likelihood: -0.000
ooooooooooooooooooxooooooooooxoooooooooooooooooooooooooooooooooooooooooooooooooooooooooooooooooooooo
oooooooooooooooooo
[Info]Clusters:506(0.79,6.3)	196(0.77,6.5)	267(0.76,7.5)	329(0.75,6.4)	243(0.80,6.7)	116(0.68,7.6)	568(0.82,6.7)	66(0.66,8.2)	333(0.68,5.7)	107(0.83,8.7)	401(0.72,5.6)	117(0.64,5.4)	466(0.79,6.6)	302(0.68,5.9)	59(0.69,7.9)	123(0.51,5.5)	283(0.82,7.3)	75(0.79,7.8)	330(0.70,5.7)	271(0.73,6.9)	229(0.79,7.1)	45(0.70,7.8)	161(0.63,6.6)	111(0.71,6.3)	126(0.79,9.7)	62(0.80,7.3)	62(0.67,8.7)	510(0.74,6.1)	54(0.77,9.6)	517(0.75,6.0)	156(0.71,6.4)	13(0.63,18.1)	71(0.68,7.3)	49(0.65,7.8)	124(0.83,8.5)	48(0.65,7.8)	132(0.76,7.4)	33(0.75,7.0)	3(0.65,21.0)	60(0.76,9.2)	42(0.70,5.9)	31(0.70,11.6)	38(0.74,11.2)	86(0.84,10.1)	63(0.69,8.7)	72(0.73,9.5)	23(0.82,15.6)	31(0.83,9.6)	27(0.73,6.0)	10(0.55,15.8)	460(0.77,7.1)	46(0.81,9.3)	100(0.75,7.6)	58(0.76,9.6)	49(0.77,8.8)	94(0.69,6.6)	32(0.44,7.5)	31(0.70,10.5)	22(0.85,15.6)	56(0.81,10.7)	9(0.67,12.2)	22(0.79,7.9)	5(0.50,16.8)	9(0.84,9.1)	55(0.70,8.7)	33(0.77,7.2)	34(0.77,8.0)	38(0.63,10.8)	11(0.84,28.4)	23(0.75,10.8)	32(0.75,6.6)	34(0.78,10.8)	21(0.70,10.3)	54(0.44,6.9)	79(0.62,5.6)	1(0.67,3.0)	38(0.74,8.6)	43(0.67,7.6)	15(0.75,10.3)	24(0.58,6.0)	5(0.81,35.6)	12(0.78,13.8)	4(0.81,21.5)	9(0.83,15.1)	24(0.67,14.9)	13(0.70,4.6)	
[Info]86 Clusters are found in total!
[Info]Step 6: likelihood: 1193.2306, Delta_likelihood: 0.009
oooxooooooooooooooooooooooooooooooooooooooooooooooooooooooooooooxoooxooooooooooooooooooxoooxoooooooo
ooooooooooo
[Info]Clusters:460(0.79,6.8)	209(0.75,6.4)	259(0.77,7.6)	336(0.74,6.3)	259(0.81,6.8)	127(0.67,7.3)	627(0.81,6.3)	56(0.69,9.2)	344(0.69,5.7)	90(0.82,8.1)	363(0.71,5.7)	130(0.69,5.2)	462(0.79,6.5)	339(0.68,5.6)	65(0.67,6.9)	90(0.53,6.4)	263(0.82,7.6)	46(0.81,11.3)	317(0.70,5.9)	294(0.75,6.8)	237(0.76,6.6)	40(0.68,8.2)	190(0.65,6.6)	113(0.71,6.1)	144(0.79,9.3)	72(0.77,5.8)	65(0.67,8.3)	487(0.74,6.1)	51(0.80,10.2)	494(0.75,6.4)	136(0.74,7.2)	18(0.62,14.3)	90(0.69,7.0)	46(0.67,8.8)	124(0.83,8.1)	38(0.62,8.4)	108(0.77,8.6)	21(0.78,10.3)	5(0.65,14.2)	60(0.75,9.4)	40(0.66,5.7)	24(0.70,13.4)	49(0.75,8.2)	77(0.82,9.6)	63(0.68,9.8)	64(0.73,9.7)	33(0.84,11.5)	37(0.83,9.9)	18(0.73,7.1)	10(0.55,15.5)	443(0.77,6.8)	69(0.84,8.5)	81(0.75,10.0)	56(0.76,9.3)	59(0.79,9.7)	100(0.72,6.5)	44(0.41,6.4)	37(0.71,9.3)	27(0.86,14.5)	50(0.81,11.9)	13(0.65,8.2)	10(0.77,9.6)	7(0.49,11.6)	4(0.81,14.8)	61(0.69,8.7)	37(0.79,7.2)	32(0.72,8.9)	52(0.61,7.6)	22(0.83,14.6)	26(0.75,10.0)	20(0.76,8.4)	42(0.76,9.0)	20(0.71,11.4)	67(0.47,5.6)	65(0.60,5.9)	20(0.66,6.5)	40(0.73,8.4)	43(0.70,7.7)	12(0.78,11.3)	23(0.60,5.7)	12(0.81,17.4)	18(0.80,9.0)	3(0.79,28.3)	7(0.81,17.1)	30(0.66,12.2)	
[Info]85 Clusters are found in total!
[Info]Step 7: likelihood: 1183.3579, Delta_likelihood: 0.008
oooxooooooooooooooooooooooooooooooooooxooooooooxoooooooooooooooooooooooooooooooooooooooooooooooooxoo
oooooooxoooxooooooooxooo
[Info]Clusters:523(0.80,6.6)	152(0.76,7.4)	277(0.77,7.4)	385(0.75,6.0)	265(0.79,6.3)	147(0.67,7.2)	637(0.81,6.4)	56(0.70,9.2)	363(0.71,5.8)	72(0.81,9.6)	369(0.73,6.1)	154(0.67,4.8)	437(0.79,6.6)	349(0.68,5.2)	57(0.70,8.4)	71(0.51,7.5)	238(0.84,7.6)	45(0.83,11.6)	335(0.69,5.6)	295(0.71,6.4)	221(0.77,6.8)	40(0.70,9.4)	166(0.65,7.1)	100(0.69,6.2)	145(0.78,8.7)	58(0.80,6.4)	64(0.67,7.8)	480(0.74,6.1)	40(0.76,10.6)	523(0.75,6.2)	129(0.69,6.2)	23(0.67,11.6)	107(0.66,6.1)	54(0.65,7.7)	102(0.84,8.7)	33(0.62,8.7)	123(0.76,7.7)	13(0.77,13.3)	8(0.68,9.3)	85(0.73,8.5)	49(0.66,5.7)	39(0.71,9.3)	30(0.72,11.6)	90(0.83,8.7)	68(0.70,8.4)	57(0.74,10.5)	41(0.79,10.3)	28(0.85,10.8)	25(0.74,6.8)	13(0.57,13.0)	459(0.78,7.1)	54(0.84,9.1)	59(0.73,10.4)	51(0.78,10.4)	66(0.78,8.4)	75(0.74,9.5)	27(0.45,9.3)	39(0.67,8.9)	34(0.84,11.9)	60(0.83,10.2)	18(0.65,7.3)	6(0.82,12.2)	12(0.59,9.7)	6(0.80,13.5)	75(0.69,8.0)	24(0.73,10.9)	30(0.74,9.7)	39(0.64,9.8)	34(0.83,11.3)	30(0.74,9.6)	11(0.73,13.5)	57(0.77,8.1)	17(0.69,12.3)	53(0.43,5.4)	40(0.57,6.4)	19(0.66,5.5)	36(0.73,10.0)	31(0.65,10.7)	11(0.75,10.5)	17(0.61,8.5)	22(0.79,11.5)	11(0.83,12.5)	11(0.77,9.9)	3(0.83,34.7)	22(0.64,14.6)	1(0.75,4.0)	1(1.00,1.0)	
[Info]87 Clusters are found in total!
[Info]Step 8: likelihood: 1187.4524, Delta_likelihood: -0.003
oooxoooooooooooooooxooooooooooooooooooooooooooooooooooooooooooooooooooooooooooooooooxooooooooooooooo
oooooooooooooxooooooooxoooo
[Info]Clusters:465(0.79,6.9)	138(0.77,7.8)	284(0.77,7.0)	330(0.74,6.7)	304(0.79,6.2)	144(0.69,7.3)	592(0.80,6.3)	79(0.69,7.3)	332(0.70,6.3)	70(0.80,9.2)	395(0.72,5.7)	140(0.68,5.5)	445(0.78,6.6)	345(0.69,5.2)	55(0.70,7.7)	85(0.54,6.5)	242(0.83,7.6)	44(0.82,11.3)	357(0.72,5.9)	272(0.73,7.0)	237(0.75,6.8)	42(0.72,8.8)	159(0.66,7.4)	117(0.71,6.0)	168(0.77,8.0)	70(0.85,6.6)	61(0.69,8.5)	509(0.73,6.0)	45(0.77,9.1)	546(0.76,6.4)	134(0.70,6.6)	20(0.62,12.1)	111(0.71,7.0)	54(0.63,7.7)	123(0.85,8.8)	37(0.59,8.5)	93(0.73,8.8)	20(0.75,9.2)	5(0.63,17.2)	80(0.76,8.4)	34(0.70,6.0)	47(0.71,9.3)	29(0.72,13.1)	93(0.81,9.5)	66(0.68,9.3)	74(0.74,8.3)	33(0.81,11.5)	42(0.86,9.8)	32(0.75,5.7)	15(0.57,11.5)	435(0.78,7.2)	40(0.82,10.8)	68(0.71,8.0)	53(0.77,8.9)	51(0.77,8.0)	50(0.72,9.9)	22(0.41,9.4)	32(0.66,10.6)	47(0.85,10.1)	48(0.80,12.8)	17(0.65,7.7)	10(0.80,8.9)	11(0.49,8.3)	7(0.85,10.4)	110(0.70,6.1)	24(0.76,8.3)	25(0.78,9.3)	45(0.63,8.5)	25(0.84,13.4)	32(0.76,9.8)	6(0.78,21.2)	44(0.76,9.2)	27(0.71,9.1)	52(0.44,5.8)	30(0.52,6.0)	22(0.65,3.9)	41(0.71,7.4)	33(0.68,10.1)	10(0.73,11.5)	32(0.62,6.3)	22(0.77,11.3)	19(0.77,6.4)	10(0.81,12.9)	7(0.81,18.4)	19(0.61,16.1)	1(0.50,2.0)	1(0.86,7.0)	
[Info]87 Clusters are found in total!
[Info]Step 9: likelihood: 1199.3191, Delta_likelihood: -0.010
oooooooooooooooxooooooooooooooooxooooooooxoooooooooooooxooooooooooooooooooooooooooxooooooxoooooooooo
oooooooooooooooooooo
[Info]Accumulating evaluation results during sampling...
[Info]Clusters:519(0.80,6.8)	155(0.76,7.3)	304(0.78,6.6)	322(0.74,6.3)	308(0.80,6.7)	129(0.70,7.7)	649(0.81,6.2)	83(0.67,7.5)	314(0.71,6.3)	84(0.81,7.9)	376(0.72,6.0)	144(0.69,5.4)	456(0.78,6.8)	374(0.69,5.3)	46(0.67,8.6)	99(0.52,6.3)	220(0.83,7.6)	38(0.80,11.6)	395(0.69,5.5)	234(0.71,7.1)	231(0.77,6.9)	45(0.71,8.5)	148(0.66,7.7)	95(0.72,6.2)	193(0.78,7.7)	43(0.81,8.2)	76(0.67,7.4)	518(0.73,6.0)	52(0.77,9.7)	522(0.76,6.2)	130(0.68,6.6)	32(0.68,10.5)	96(0.69,6.7)	52(0.62,8.4)	117(0.85,9.1)	39(0.66,9.1)	78(0.75,9.7)	17(0.75,11.1)	7(0.65,10.1)	75(0.76,8.5)	37(0.68,6.2)	52(0.65,7.8)	23(0.74,14.3)	70(0.83,9.6)	86(0.72,8.5)	67(0.73,9.0)	41(0.79,9.6)	35(0.83,9.8)	32(0.74,7.0)	19(0.57,10.4)	434(0.78,7.1)	49(0.84,11.0)	58(0.73,9.6)	43(0.76,9.6)	47(0.78,8.7)	69(0.73,8.7)	19(0.43,11.3)	33(0.68,10.2)	47(0.84,10.3)	50(0.79,11.7)	21(0.65,8.9)	9(0.81,10.8)	11(0.55,8.3)	5(0.81,15.6)	87(0.70,7.4)	17(0.76,9.6)	15(0.76,13.2)	37(0.59,9.0)	24(0.82,12.8)	27(0.75,8.8)	10(0.76,13.7)	32(0.78,10.3)	28(0.70,8.7)	52(0.44,5.6)	26(0.57,8.2)	8(0.76,4.8)	41(0.72,9.3)	43(0.66,8.2)	18(0.78,8.5)	29(0.64,6.1)	23(0.78,11.0)	11(0.80,9.5)	15(0.75,8.1)	8(0.84,18.5)	18(0.61,15.2)	1(0.50,2.0)	
[Info]86 Clusters are found in total!
[Info]Step 10: likelihood: 1184.3166, Delta_likelihood: 0.013
oooxooooooooxoooooooooooooooooooooooooxooooooooxoooooooooooooooooooooooooxooooooxooooooooooooooooooo
oooooooooooooxooooooooxooooooooooo
[Info]Clusters:526(0.80,7.4)	186(0.74,6.7)	315(0.77,6.1)	317(0.74,6.1)	280(0.80,6.4)	136(0.71,8.4)	599(0.81,6.5)	81(0.65,7.4)	315(0.70,5.9)	84(0.83,8.3)	414(0.72,5.7)	100(0.68,6.4)	453(0.78,6.4)	403(0.67,5.4)	37(0.69,9.6)	110(0.57,5.8)	211(0.82,7.4)	42(0.81,10.8)	390(0.70,5.5)	233(0.74,7.5)	197(0.77,8.0)	37(0.75,9.9)	219(0.65,6.0)	109(0.70,5.2)	177(0.79,8.6)	47(0.83,7.4)	66(0.63,7.6)	496(0.74,6.4)	67(0.75,7.4)	519(0.75,6.4)	107(0.69,7.6)	39(0.68,8.6)	92(0.70,7.0)	69(0.62,6.9)	101(0.84,9.2)	33(0.64,9.6)	89(0.77,9.4)	22(0.74,11.4)	6(0.67,12.0)	75(0.75,8.4)	41(0.65,6.1)	45(0.72,9.7)	18(0.70,16.1)	76(0.84,9.1)	82(0.69,8.0)	78(0.73,8.4)	36(0.82,11.2)	53(0.81,7.8)	25(0.69,7.4)	17(0.54,10.6)	464(0.78,6.9)	44(0.82,9.2)	66(0.71,8.8)	42(0.78,9.7)	36(0.77,9.4)	64(0.73,8.7)	23(0.40,8.6)	34(0.69,10.4)	52(0.82,9.2)	67(0.82,10.7)	13(0.65,12.1)	10(0.79,9.2)	9(0.50,9.3)	5(0.84,12.2)	65(0.72,8.6)	14(0.78,10.9)	15(0.76,13.9)	37(0.59,8.8)	29(0.86,14.1)	23(0.72,9.3)	15(0.74,10.3)	29(0.75,11.1)	33(0.71,8.7)	47(0.46,6.1)	26(0.53,6.8)	8(0.77,5.9)	29(0.70,10.2)	61(0.68,6.5)	21(0.83,8.6)	19(0.56,7.3)	25(0.79,9.1)	10(0.78,6.3)	4(0.80,23.5)	9(0.80,14.1)	21(0.60,13.2)	2(0.67,1.5)	1(0.00,2.0)	
[Info]87 Clusters are found in total!
[Info]Step 11: likelihood: 1201.6322, Delta_likelihood: -0.014
oooooooooooooooooooooooooooooooooooooooooooooooooxooooooooooooooooooooooooooooooooooooxooooooooooooo
oxooooooooxoooooooo
[Info]Clusters:530(0.79,6.8)	146(0.75,7.2)	324(0.77,6.4)	314(0.74,6.4)	287(0.81,6.4)	148(0.70,7.6)	629(0.82,6.4)	87(0.65,7.1)	330(0.70,5.7)	93(0.84,9.5)	434(0.72,5.6)	95(0.70,6.2)	402(0.78,6.7)	421(0.67,5.2)	47(0.69,8.3)	93(0.52,5.8)	189(0.83,8.1)	37(0.81,11.6)	410(0.70,5.2)	243(0.73,6.9)	182(0.76,7.4)	42(0.71,9.0)	207(0.65,6.3)	105(0.70,6.0)	195(0.79,7.9)	44(0.81,7.5)	55(0.65,8.1)	521(0.75,6.3)	63(0.76,7.6)	485(0.75,6.5)	144(0.70,6.3)	41(0.64,9.2)	93(0.70,7.3)	52(0.66,8.6)	98(0.82,9.5)	50(0.64,7.7)	95(0.78,8.9)	18(0.75,9.6)	16(0.65,6.9)	59(0.75,11.4)	34(0.66,5.9)	54(0.71,9.3)	16(0.70,16.4)	87(0.83,9.1)	80(0.75,9.2)	89(0.74,8.0)	24(0.80,15.7)	60(0.83,8.5)	28(0.74,6.0)	15(0.56,13.1)	442(0.78,7.4)	58(0.83,9.1)	37(0.70,11.9)	36(0.79,11.8)	37(0.77,9.4)	63(0.72,8.4)	17(0.41,12.9)	49(0.68,7.8)	48(0.83,9.9)	90(0.78,9.5)	15(0.59,7.4)	9(0.81,9.2)	7(0.47,10.7)	7(0.84,13.9)	47(0.71,10.1)	17(0.77,10.5)	25(0.78,9.1)	32(0.60,9.9)	21(0.84,16.0)	26(0.77,9.6)	19(0.71,9.5)	30(0.77,10.8)	31(0.71,9.2)	44(0.44,6.3)	26(0.51,7.8)	8(0.68,4.6)	42(0.74,8.3)	41(0.66,8.4)	10(0.78,11.6)	21(0.61,6.9)	18(0.77,12.7)	4(0.73,12.8)	8(0.78,12.5)	18(0.83,8.3)	28(0.65,11.1)	
[Info]85 Clusters are found in total!
[Info]Step 12: likelihood: 1187.0779, Delta_likelihood: 0.012
ooooooooooooooooooooooooooooooooooooooooooooooooooooooooooooooxoooooooooooooooxoooooooooooooxooooooo
oooooooooooooooooooooooooooooxooo
[Info]Clusters:587(0.80,6.4)	152(0.76,6.8)	291(0.78,7.0)	312(0.75,6.4)	322(0.81,6.6)	145(0.68,7.1)	695(0.82,6.4)	88(0.67,7.4)	323(0.69,5.7)	105(0.80,7.4)	410(0.73,5.8)	125(0.69,6.2)	393(0.77,6.8)	367(0.66,5.2)	44(0.68,8.5)	72(0.50,6.8)	207(0.81,7.1)	50(0.80,10.6)	407(0.70,5.4)	248(0.73,6.8)	167(0.79,8.2)	43(0.69,8.7)	224(0.64,6.2)	96(0.70,6.0)	190(0.78,7.5)	44(0.79,8.1)	61(0.64,7.7)	493(0.74,6.4)	66(0.77,7.3)	452(0.76,6.7)	182(0.70,6.2)	27(0.67,12.0)	100(0.68,7.0)	45(0.65,8.6)	97(0.86,9.8)	64(0.67,7.4)	113(0.77,8.2)	17(0.75,10.7)	14(0.67,8.0)	43(0.73,11.0)	15(0.70,10.8)	54(0.72,8.3)	15(0.72,19.3)	89(0.82,8.6)	60(0.69,9.1)	74(0.74,9.2)	21(0.82,14.5)	48(0.82,7.7)	28(0.80,9.3)	13(0.56,13.6)	448(0.77,7.0)	62(0.82,8.5)	49(0.69,10.5)	35(0.78,11.7)	31(0.78,10.4)	66(0.74,8.6)	15(0.40,14.5)	47(0.69,8.5)	38(0.87,12.7)	67(0.81,10.4)	18(0.64,7.9)	15(0.76,8.7)	5(0.44,14.0)	4(0.84,14.3)	56(0.70,9.0)	19(0.74,8.9)	17(0.75,10.8)	38(0.60,9.9)	31(0.81,11.5)	35(0.74,9.5)	28(0.77,8.0)	29(0.78,10.3)	42(0.72,7.7)	48(0.46,5.7)	36(0.55,7.8)	15(0.70,4.5)	38(0.76,9.4)	37(0.70,10.2)	9(0.81,8.8)	21(0.57,6.4)	11(0.80,18.6)	3(0.71,11.3)	8(0.78,14.1)	11(0.80,11.6)	11(0.61,22.9)	1(0.71,7.0)	
[Info]86 Clusters are found in total!
[Info]Step 13: likelihood: 1183.5778, Delta_likelihood: 0.003
ooooooooooooooooooooooooooooooooooooxoooxoooooooxooooooooooooooooooooooooooooooooooxoooooooooooooxoo
oooooooooooooooooooooooooo
[Info]Clusters:595(0.79,6.6)	163(0.74,6.6)	267(0.77,7.3)	321(0.74,6.6)	343(0.81,6.5)	143(0.69,7.0)	653(0.82,6.5)	91(0.70,8.1)	309(0.70,5.8)	103(0.82,7.8)	393(0.73,5.9)	125(0.66,5.7)	350(0.77,7.0)	346(0.66,5.4)	36(0.69,11.3)	57(0.51,7.5)	264(0.83,6.8)	68(0.80,8.8)	405(0.69,5.5)	241(0.72,7.1)	163(0.80,8.2)	58(0.68,7.1)	209(0.66,6.5)	113(0.70,5.4)	182(0.78,7.7)	34(0.83,8.4)	64(0.65,7.4)	508(0.74,6.0)	73(0.80,7.9)	478(0.76,6.7)	159(0.73,7.1)	30(0.66,9.6)	85(0.66,7.3)	56(0.63,8.0)	89(0.85,10.9)	71(0.66,6.6)	141(0.76,7.2)	17(0.72,9.4)	15(0.66,6.7)	45(0.73,11.3)	22(0.65,8.8)	40(0.71,10.4)	15(0.72,19.7)	101(0.82,7.7)	50(0.69,10.3)	82(0.73,8.4)	30(0.79,13.2)	36(0.85,12.2)	22(0.74,8.0)	21(0.55,9.3)	483(0.77,6.7)	43(0.81,10.0)	42(0.73,12.7)	43(0.77,9.1)	26(0.77,10.8)	64(0.71,8.3)	25(0.41,8.4)	34(0.68,10.0)	62(0.82,9.6)	72(0.83,9.6)	17(0.59,8.6)	15(0.74,9.6)	5(0.49,14.8)	7(0.85,13.6)	57(0.70,7.8)	13(0.78,13.4)	24(0.75,9.6)	37(0.61,9.5)	37(0.84,10.0)	27(0.75,9.4)	20(0.73,10.1)	37(0.75,8.0)	46(0.71,6.4)	46(0.46,6.7)	36(0.52,6.2)	13(0.66,5.6)	25(0.73,10.6)	36(0.66,8.8)	3(0.78,21.3)	18(0.59,8.2)	14(0.80,15.5)	1(0.69,29.0)	10(0.82,10.6)	8(0.81,15.5)	14(0.61,19.9)	
[Info]85 Clusters are found in total!
[Info]Step 14: likelihood: 1184.0576, Delta_likelihood: -0.000
oooooooxoooooooooooooooooooooooooooooooooxoooooooooooooooooooooooooooooooooooooooooooooooooooooooooo
oooooooooooooooooxooooooooooo
[Info]Accumulating evaluation results during sampling...
[Info]Clusters:628(0.80,6.7)	124(0.76,7.0)	277(0.78,7.5)	292(0.74,6.5)	314(0.80,6.7)	141(0.68,7.5)	679(0.81,6.1)	95(0.70,7.4)	264(0.67,5.6)	103(0.82,8.5)	440(0.72,5.4)	137(0.67,5.7)	329(0.78,7.2)	343(0.68,5.5)	36(0.65,9.3)	71(0.52,6.9)	276(0.82,6.9)	60(0.80,9.5)	417(0.69,5.5)	277(0.72,6.4)	143(0.78,8.0)	54(0.70,7.8)	196(0.65,6.7)	95(0.68,5.8)	179(0.79,7.5)	53(0.84,8.5)	76(0.66,6.8)	445(0.73,6.6)	64(0.80,8.5)	491(0.75,6.4)	174(0.70,6.3)	16(0.65,15.5)	64(0.66,8.2)	54(0.61,8.9)	73(0.86,8.9)	53(0.64,8.4)	161(0.76,6.8)	12(0.78,12.3)	5(0.69,14.8)	45(0.74,11.8)	19(0.66,10.7)	45(0.73,9.7)	28(0.73,12.3)	81(0.81,8.7)	66(0.69,9.0)	77(0.74,9.4)	18(0.81,16.7)	47(0.84,9.5)	15(0.73,8.0)	26(0.57,8.5)	510(0.78,6.7)	60(0.81,8.8)	51(0.72,11.1)	45(0.79,10.4)	42(0.76,8.8)	57(0.73,9.1)	51(0.51,6.7)	45(0.69,8.6)	74(0.84,8.6)	88(0.82,9.0)	12(0.60,9.7)	13(0.79,7.8)	6(0.59,16.5)	3(0.80,19.7)	72(0.69,6.8)	19(0.77,11.1)	17(0.75,11.9)	31(0.59,10.3)	26(0.85,17.1)	33(0.76,9.2)	18(0.75,10.8)	35(0.75,8.6)	36(0.68,7.1)	45(0.43,6.6)	31(0.48,6.0)	15(0.68,4.7)	29(0.72,9.3)	37(0.69,10.2)	3(0.80,20.3)	15(0.57,8.5)	12(0.79,18.2)	1(1.00,3.0)	10(0.80,10.5)	6(0.79,19.5)	13(0.61,20.0)	1(1.00,1.0)	2(0.40,2.5)	
[Info]87 Clusters are found in total!
[Info]Step 15: likelihood: 1177.8959, Delta_likelihood: 0.005
ooooooooooooooooooooooooooooooooooooxooooooooooooooooooooooooxooooooooooooooooooooooooooooxooooooooo
oooooooooooooooooxooooxooo
[Info]Clusters:628(0.79,6.3)	117(0.77,7.0)	290(0.77,6.9)	302(0.74,6.3)	308(0.78,6.4)	151(0.68,7.2)	641(0.81,6.3)	94(0.70,7.4)	273(0.69,5.9)	86(0.84,9.5)	463(0.73,5.4)	138(0.69,5.4)	339(0.78,7.1)	335(0.68,5.8)	32(0.65,9.8)	67(0.51,7.3)	273(0.82,6.9)	37(0.82,12.6)	426(0.71,5.5)	246(0.73,7.3)	164(0.79,7.6)	46(0.69,8.0)	185(0.64,7.1)	90(0.68,6.2)	158(0.78,8.5)	41(0.83,8.2)	77(0.67,7.9)	468(0.74,6.4)	58(0.77,9.4)	465(0.75,6.6)	172(0.73,6.4)	14(0.63,15.9)	76(0.67,8.6)	68(0.66,7.5)	71(0.85,8.7)	45(0.64,8.4)	127(0.76,8.0)	20(0.71,9.1)	3(0.66,21.7)	78(0.75,9.3)	12(0.69,11.7)	40(0.72,9.1)	34(0.73,10.3)	105(0.80,8.1)	68(0.72,8.5)	69(0.74,9.0)	16(0.81,21.1)	50(0.81,8.9)	17(0.73,8.2)	29(0.56,8.7)	560(0.77,6.7)	46(0.81,9.3)	39(0.69,11.0)	41(0.78,11.3)	63(0.79,7.4)	37(0.71,10.5)	36(0.47,8.4)	50(0.70,8.8)	88(0.84,8.4)	77(0.83,9.2)	12(0.61,9.8)	12(0.78,7.6)	13(0.55,9.1)	4(0.83,16.0)	76(0.71,7.4)	25(0.76,8.4)	15(0.77,11.7)	42(0.61,9.2)	30(0.82,13.9)	33(0.76,8.2)	18(0.80,9.8)	41(0.76,8.3)	34(0.70,8.6)	49(0.41,5.9)	31(0.50,6.5)	15(0.71,6.3)	27(0.72,10.4)	25(0.70,12.4)	5(0.78,12.8)	18(0.57,7.1)	19(0.81,13.5)	1(1.00,3.0)	14(0.79,9.5)	7(0.83,15.6)	25(0.63,12.4)	1(0.67,6.0)	1(0.75,4.0)	
[Info]87 Clusters are found in total!
[Info]Step 16: likelihood: 1193.7404, Delta_likelihood: -0.013
ooooooooooxoooooooooooooxoooooooooooooooooooooooooooooooooooooooooooooooooooxooooooooooooooooooooooo
ooooooooxoooooooooooooooooooo
[Info]Clusters:658(0.79,6.3)	114(0.75,6.7)	305(0.78,7.1)	245(0.74,6.7)	266(0.80,6.8)	121(0.70,7.9)	618(0.81,6.5)	107(0.69,7.5)	265(0.71,5.7)	77(0.81,9.1)	431(0.73,5.8)	131(0.67,6.0)	351(0.78,7.5)	335(0.66,5.6)	21(0.67,12.5)	87(0.55,5.8)	248(0.83,7.6)	61(0.80,9.9)	459(0.70,5.3)	242(0.74,7.0)	142(0.78,8.8)	37(0.72,10.2)	172(0.64,7.0)	109(0.69,5.5)	140(0.78,8.8)	29(0.80,8.1)	71(0.63,8.0)	520(0.73,6.2)	56(0.78,9.1)	457(0.74,6.2)	162(0.71,6.6)	20(0.62,12.7)	74(0.66,8.0)	51(0.63,8.2)	65(0.86,9.0)	59(0.65,7.9)	139(0.76,7.6)	18(0.71,8.7)	4(0.63,16.0)	91(0.76,8.1)	21(0.66,7.6)	43(0.71,8.4)	19(0.74,16.8)	93(0.79,9.0)	78(0.68,7.1)	76(0.76,9.1)	24(0.82,14.4)	48(0.84,9.5)	12(0.75,8.5)	39(0.59,6.6)	595(0.77,6.7)	68(0.83,8.4)	55(0.71,9.9)	37(0.81,10.6)	58(0.77,8.4)	28(0.75,12.5)	40(0.40,6.9)	69(0.66,7.3)	107(0.85,7.1)	65(0.84,11.2)	12(0.63,9.8)	20(0.77,6.4)	15(0.57,7.7)	3(0.84,18.3)	77(0.67,6.5)	21(0.79,9.5)	15(0.77,12.5)	31(0.61,11.5)	34(0.85,12.2)	39(0.74,7.5)	8(0.78,16.0)	40(0.75,8.5)	42(0.70,7.4)	55(0.48,5.6)	38(0.55,6.3)	20(0.70,4.2)	20(0.72,12.4)	20(0.67,14.9)	9(0.80,8.4)	18(0.64,9.4)	21(0.80,10.5)	1(0.50,2.0)	13(0.78,9.1)	4(0.81,26.5)	30(0.65,12.4)	2(0.57,3.5)	1(0.75,4.0)	
[Info]87 Clusters are found in total!
[Info]Step 17: likelihood: 1176.6037, Delta_likelihood: 0.015
ooooooooooooxoooooooooxoooooooooooooooooooooooooooooooooooooooooooooooooooooooooxooooooooooooooooooo
ooooooooooooooooooooooooooo
[Info]Clusters:691(0.79,6.4)	125(0.73,6.6)	326(0.78,7.0)	262(0.74,6.7)	274(0.80,7.1)	150(0.69,6.9)	569(0.82,6.4)	121(0.70,7.1)	280(0.69,6.0)	73(0.82,9.0)	479(0.72,5.5)	117(0.71,6.0)	350(0.78,7.2)	329(0.67,5.7)	31(0.63,9.7)	83(0.54,6.6)	249(0.83,7.7)	56(0.82,10.8)	443(0.71,5.6)	251(0.75,7.2)	143(0.79,8.1)	44(0.71,8.8)	203(0.62,6.5)	74(0.71,7.5)	141(0.79,9.0)	34(0.81,7.6)	59(0.64,8.2)	535(0.74,6.2)	52(0.76,8.8)	479(0.74,6.2)	137(0.73,6.6)	25(0.67,12.3)	70(0.67,7.5)	65(0.64,7.1)	67(0.85,8.4)	43(0.66,9.0)	160(0.75,7.0)	25(0.73,7.8)	2(0.66,30.5)	55(0.75,10.1)	19(0.68,8.8)	55(0.69,6.4)	26(0.72,11.5)	65(0.84,9.5)	68(0.69,8.6)	66(0.73,9.5)	29(0.82,12.2)	52(0.84,8.7)	19(0.74,9.3)	33(0.55,7.9)	548(0.77,7.1)	81(0.83,6.9)	58(0.71,9.7)	39(0.77,10.8)	40(0.78,8.8)	30(0.72,10.5)	55(0.41,5.9)	56(0.70,7.9)	81(0.86,7.8)	66(0.81,11.0)	12(0.65,10.2)	11(0.83,11.0)	17(0.53,7.9)	2(0.83,27.0)	78(0.70,7.2)	19(0.81,10.1)	20(0.79,11.8)	25(0.56,11.4)	45(0.83,9.4)	30(0.78,9.3)	7(0.78,17.6)	38(0.77,9.2)	22(0.65,9.6)	45(0.43,6.1)	27(0.53,6.1)	17(0.65,6.7)	20(0.76,13.5)	23(0.68,11.8)	8(0.75,9.0)	21(0.61,6.8)	17(0.83,18.1)	50(0.62,7.1)	24(0.75,10.3)	6(0.83,20.5)	
[Info]84 Clusters are found in total!
[Info]Step 18: likelihood: 1189.9047, Delta_likelihood: -0.011
ooooooooooooooooooooooxoooooooooooooooooooxoooooxoooooooooooxoooooooooooxooooooooooooooooooooooxoooo
oooooooooooooooooooo
[Info]Clusters:714(0.81,6.6)	112(0.76,7.4)	312(0.78,6.8)	225(0.74,7.0)	283(0.80,7.5)	137(0.69,7.1)	521(0.82,6.4)	110(0.66,6.9)	291(0.69,5.7)	90(0.82,8.3)	468(0.74,5.6)	125(0.70,6.1)	422(0.78,6.7)	327(0.67,5.5)	44(0.66,7.6)	98(0.55,6.2)	268(0.81,6.8)	84(0.79,8.7)	430(0.70,5.6)	222(0.74,7.1)	151(0.77,8.0)	47(0.72,7.9)	199(0.63,6.3)	44(0.70,8.4)	135(0.79,9.2)	43(0.79,7.5)	61(0.64,8.6)	537(0.73,6.2)	44(0.76,9.6)	500(0.73,5.8)	134(0.74,7.2)	20(0.63,12.1)	71(0.65,8.1)	74(0.64,6.9)	64(0.84,9.4)	48(0.64,7.5)	147(0.76,7.0)	9(0.73,13.1)	3(0.67,21.3)	45(0.74,10.3)	15(0.69,9.3)	39(0.74,9.8)	24(0.72,14.0)	76(0.83,8.9)	60(0.70,9.6)	73(0.73,8.9)	32(0.78,11.6)	37(0.84,9.7)	24(0.74,6.1)	28(0.55,9.3)	559(0.77,7.1)	80(0.84,8.0)	61(0.72,9.7)	39(0.79,10.1)	41(0.81,11.1)	39(0.71,8.4)	48(0.41,6.3)	55(0.69,8.9)	79(0.83,8.1)	77(0.81,8.9)	15(0.64,9.0)	19(0.77,7.9)	11(0.57,11.3)	7(0.81,10.4)	75(0.71,7.7)	16(0.78,11.1)	17(0.75,11.1)	29(0.60,10.4)	55(0.86,8.8)	36(0.78,8.9)	6(0.79,20.5)	25(0.79,13.0)	31(0.69,8.2)	55(0.48,6.3)	19(0.53,8.4)	12(0.73,6.2)	20(0.73,14.1)	14(0.66,16.2)	14(0.80,8.8)	19(0.68,9.5)	18(0.79,13.1)	50(0.67,8.7)	25(0.72,7.9)	9(0.83,14.0)	
[Info]84 Clusters are found in total!
[Info]Step 19: likelihood: 1183.7286, Delta_likelihood: 0.005
oooooooooooooooooooooxooooooxooooooooooooooooooooooooooooooooooooooooooooooooooxoooooooooooooooooooo
ooooooxooooxoooooooooooooo
[Info]Accumulating evaluation results during sampling...
[Info]Clusters:671(0.80,6.7)	96(0.74,7.8)	333(0.77,6.7)	231(0.74,6.9)	285(0.82,7.2)	119(0.69,7.8)	499(0.82,6.4)	95(0.68,7.2)	277(0.68,5.7)	74(0.80,9.0)	459(0.74,5.7)	118(0.71,6.1)	432(0.78,6.5)	338(0.65,5.2)	31(0.68,10.5)	85(0.56,7.1)	297(0.82,6.7)	96(0.79,8.0)	470(0.70,5.4)	221(0.74,7.3)	158(0.76,7.8)	49(0.73,8.9)	233(0.64,6.1)	57(0.73,7.6)	140(0.77,8.8)	59(0.81,6.6)	61(0.65,7.9)	567(0.73,6.1)	43(0.76,9.1)	482(0.75,6.5)	122(0.73,6.7)	26(0.59,9.8)	80(0.68,7.8)	86(0.68,6.5)	65(0.86,10.4)	37(0.67,9.0)	107(0.77,9.1)	8(0.75,14.8)	4(0.66,16.8)	34(0.72,12.6)	10(0.65,15.1)	48(0.73,9.2)	26(0.73,13.5)	76(0.84,9.6)	51(0.68,10.8)	47(0.72,10.9)	31(0.82,12.8)	36(0.82,7.9)	25(0.76,6.6)	37(0.59,7.7)	606(0.76,6.8)	59(0.83,8.8)	78(0.73,8.8)	42(0.78,9.8)	38(0.77,9.9)	27(0.71,11.4)	29(0.44,8.8)	58(0.68,7.8)	85(0.82,8.3)	71(0.81,10.0)	11(0.65,10.2)	19(0.71,6.5)	10(0.52,9.8)	11(0.75,7.0)	70(0.71,7.2)	27(0.75,7.9)	14(0.77,14.1)	37(0.58,8.7)	44(0.84,10.2)	32(0.78,8.6)	18(0.77,10.8)	26(0.78,11.6)	39(0.70,7.9)	58(0.45,5.8)	24(0.52,7.5)	7(0.67,5.6)	18(0.74,13.7)	18(0.68,13.2)	6(0.80,11.5)	20(0.63,7.3)	21(0.80,10.6)	49(0.64,8.2)	28(0.78,6.7)	9(0.82,18.6)	1(0.50,2.0)	
[Info]85 Clusters are found in total!
[Info]Step 20: likelihood: 1205.4955, Delta_likelihood: -0.018
oooooooooooooooooooooooooooooooooooooooooooxooooooooooooooooooooooxooooooooooxoooooooooooooooooooooo
oooooooooooooooooooxooooo
[Info]Clusters:665(0.80,6.7)	118(0.77,7.1)	306(0.77,7.0)	206(0.74,7.1)	286(0.82,6.9)	119(0.68,8.3)	520(0.81,6.7)	110(0.68,8.0)	218(0.70,6.1)	86(0.81,8.4)	373(0.73,6.1)	141(0.67,5.8)	465(0.79,6.6)	362(0.65,5.2)	42(0.69,8.4)	75(0.52,6.8)	322(0.83,7.2)	69(0.81,10.4)	486(0.70,5.4)	196(0.74,7.7)	161(0.76,7.8)	57(0.72,8.6)	253(0.65,6.2)	75(0.69,6.4)	161(0.75,7.9)	41(0.84,7.7)	96(0.68,7.0)	580(0.74,6.1)	49(0.74,8.3)	527(0.75,6.2)	135(0.70,5.8)	25(0.65,10.5)	57(0.67,8.1)	72(0.68,7.0)	46(0.85,10.2)	37(0.61,9.1)	100(0.77,8.2)	8(0.74,15.9)	5(0.68,16.2)	35(0.72,12.7)	8(0.70,16.4)	61(0.70,7.0)	24(0.69,11.0)	87(0.83,9.6)	57(0.68,9.5)	46(0.73,10.3)	30(0.80,10.7)	41(0.83,9.8)	19(0.80,7.7)	32(0.64,10.5)	566(0.77,6.9)	64(0.83,7.6)	79(0.73,8.6)	27(0.79,12.4)	51(0.79,8.6)	38(0.73,9.2)	25(0.46,10.4)	72(0.71,7.3)	87(0.83,7.4)	72(0.81,9.7)	5(0.66,17.4)	11(0.80,9.8)	14(0.57,8.5)	6(0.81,11.5)	85(0.67,6.5)	16(0.76,10.1)	19(0.78,9.7)	45(0.60,8.5)	35(0.83,10.6)	40(0.78,7.5)	15(0.77,9.8)	21(0.76,14.6)	27(0.67,9.3)	59(0.42,5.1)	19(0.51,8.1)	7(0.77,6.1)	18(0.73,14.6)	31(0.64,9.9)	9(0.75,9.7)	13(0.55,8.6)	20(0.77,11.7)	30(0.64,11.4)	23(0.82,7.9)	3(0.82,34.3)	
[Info]84 Clusters are found in total!
[Info]Step 21: likelihood: 1195.2367, Delta_likelihood: 0.009
ooooooooooooooxooooooooxoooooooooooooooooooooooooooooooooooooooooooooooooooooxoooooooooooooooooooxoo
ooooooooooooooooooxooo
[Info]Clusters:648(0.80,6.7)	111(0.75,7.8)	315(0.78,7.0)	248(0.74,6.8)	289(0.80,6.8)	114(0.68,8.0)	551(0.82,6.5)	95(0.71,8.5)	185(0.69,6.5)	106(0.79,6.5)	390(0.72,6.0)	121(0.66,5.4)	439(0.79,6.5)	378(0.66,5.4)	33(0.70,9.2)	86(0.54,6.3)	313(0.83,7.0)	60(0.79,10.4)	533(0.69,5.2)	222(0.76,7.4)	168(0.78,7.7)	44(0.75,9.2)	223(0.63,6.6)	54(0.74,6.3)	139(0.77,8.6)	36(0.78,7.9)	86(0.70,7.5)	605(0.73,6.1)	67(0.78,7.7)	500(0.75,6.4)	119(0.68,6.4)	21(0.65,12.2)	57(0.68,7.8)	82(0.69,6.7)	52(0.86,9.7)	47(0.66,7.8)	110(0.75,7.7)	19(0.74,8.6)	6(0.69,14.5)	46(0.72,11.1)	15(0.68,10.3)	69(0.70,6.8)	26(0.71,11.2)	80(0.84,9.9)	77(0.68,7.9)	48(0.72,10.0)	13(0.84,20.8)	41(0.83,8.4)	19(0.79,7.4)	43(0.64,8.0)	535(0.76,7.2)	59(0.83,7.9)	94(0.72,8.2)	27(0.79,12.9)	32(0.79,12.3)	31(0.69,10.0)	28(0.47,9.0)	64(0.72,7.2)	80(0.83,9.1)	70(0.82,9.5)	7(0.64,12.9)	14(0.81,7.8)	8(0.54,10.3)	11(0.81,6.5)	81(0.69,7.2)	17(0.80,11.8)	21(0.79,9.8)	36(0.62,9.8)	21(0.83,16.4)	28(0.75,8.5)	23(0.73,8.1)	32(0.76,11.3)	30(0.67,9.9)	76(0.49,5.7)	14(0.49,9.9)	8(0.78,8.1)	32(0.72,10.0)	40(0.68,9.2)	4(0.80,20.3)	12(0.60,9.0)	9(0.81,21.4)	31(0.63,10.7)	11(0.77,10.3)	7(0.79,19.4)	
[Info]84 Clusters are found in total!
[Info]Step 22: likelihood: 1195.6092, Delta_likelihood: -0.000
oooooooxoooooooooooooooooooooxooooooooxooooooooooooooooooooooooooooooooooooooooooooooooooooooooooooo
oooooooxoooxooo
[Info]Clusters:726(0.80,6.8)	94(0.75,7.2)	345(0.77,6.4)	226(0.72,7.0)	248(0.80,7.7)	120(0.67,7.5)	519(0.81,6.6)	114(0.73,7.6)	170(0.69,6.6)	76(0.80,8.1)	379(0.72,5.6)	126(0.66,5.1)	402(0.79,6.8)	393(0.66,5.3)	22(0.66,11.5)	91(0.56,6.8)	278(0.84,7.8)	41(0.79,12.1)	535(0.70,5.4)	234(0.75,7.0)	181(0.77,7.7)	66(0.72,8.0)	192(0.62,6.9)	66(0.72,6.0)	170(0.77,7.7)	51(0.78,5.5)	73(0.67,8.3)	621(0.73,6.0)	77(0.80,7.2)	501(0.77,6.6)	125(0.68,6.1)	24(0.65,10.5)	65(0.67,7.5)	76(0.70,7.4)	59(0.86,9.6)	55(0.65,7.1)	109(0.77,8.9)	20(0.79,8.1)	8(0.66,9.6)	49(0.73,9.9)	15(0.68,10.7)	55(0.68,7.6)	43(0.71,8.7)	71(0.84,9.9)	73(0.70,7.8)	29(0.75,13.7)	14(0.84,20.1)	52(0.81,8.7)	16(0.74,7.5)	44(0.65,7.7)	505(0.77,7.4)	42(0.83,9.3)	107(0.75,7.5)	39(0.76,9.5)	37(0.79,9.8)	32(0.75,11.6)	24(0.43,9.7)	52(0.71,9.3)	59(0.81,8.8)	88(0.81,8.5)	13(0.65,8.7)	16(0.80,8.5)	5(0.48,14.2)	8(0.76,13.1)	98(0.71,6.5)	15(0.76,10.9)	25(0.73,8.2)	28(0.61,11.4)	28(0.85,12.5)	21(0.75,10.7)	25(0.75,7.1)	47(0.76,8.5)	39(0.70,8.0)	80(0.44,5.4)	13(0.46,11.3)	6(0.66,8.8)	34(0.76,9.1)	42(0.66,8.5)	2(0.80,28.0)	23(0.55,6.0)	11(0.81,18.2)	26(0.64,13.0)	9(0.76,11.0)	4(0.83,27.8)	
[Info]84 Clusters are found in total!
[Info]Step 23: likelihood: 1195.8576, Delta_likelihood: -0.000
oooooooooooxooooooooooooooooooooooooooooooooooooooooooooooooooooooooooooooooooooxooooooooooooooooooo
oooooooooxooooooooo
[Info]Clusters:718(0.80,6.6)	80(0.75,8.6)	296(0.76,7.0)	237(0.73,7.1)	247(0.81,7.5)	107(0.66,8.2)	550(0.82,6.8)	137(0.71,7.5)	196(0.69,5.7)	85(0.79,9.1)	411(0.72,5.7)	115(0.66,5.3)	414(0.79,6.8)	370(0.65,5.0)	20(0.65,11.2)	90(0.55,6.1)	276(0.83,7.3)	46(0.80,9.4)	528(0.70,5.4)	257(0.73,6.7)	176(0.76,7.5)	57(0.73,7.8)	189(0.62,6.9)	55(0.75,7.4)	161(0.77,8.2)	44(0.84,8.4)	83(0.63,7.5)	626(0.75,6.1)	52(0.83,9.1)	508(0.75,6.5)	140(0.68,6.0)	26(0.61,10.1)	58(0.70,8.8)	79(0.69,7.4)	60(0.85,9.1)	68(0.66,6.4)	122(0.79,8.6)	14(0.75,9.1)	9(0.61,13.3)	61(0.73,9.1)	18(0.66,9.3)	50(0.71,8.3)	27(0.72,9.7)	66(0.83,9.2)	87(0.70,7.4)	34(0.70,11.2)	19(0.83,15.2)	55(0.85,9.1)	17(0.65,6.9)	44(0.63,6.0)	562(0.78,7.1)	41(0.84,10.0)	74(0.71,8.9)	52(0.75,8.3)	30(0.78,10.4)	22(0.72,14.0)	20(0.38,10.3)	71(0.72,7.5)	58(0.83,8.4)	101(0.81,8.1)	9(0.63,10.8)	11(0.82,11.4)	8(0.51,12.9)	6(0.83,11.0)	67(0.71,7.4)	20(0.77,10.0)	17(0.76,10.4)	18(0.59,15.8)	38(0.83,10.8)	24(0.76,10.5)	10(0.75,13.1)	26(0.77,11.7)	25(0.70,11.0)	71(0.42,5.0)	20(0.46,8.1)	5(0.71,6.2)	36(0.74,9.0)	36(0.68,8.8)	2(0.80,28.0)	22(0.61,7.3)	16(0.81,15.1)	23(0.58,13.6)	13(0.78,9.6)	3(0.83,34.3)	
[Info]84 Clusters are found in total!
[Info]Step 24: likelihood: 1192.6497, Delta_likelihood: 0.003
oooooooxooooooooxoooooooooxoooooooooooxooooooxooooooxooooxooooooooooooooooooooooooooooooxooooooooooo
ooooxooooooooooooooxooo
[Info]Accumulating evaluation results during sampling...
[Info]Clusters:677(0.80,6.6)	80(0.72,7.5)	322(0.78,7.5)	269(0.75,6.5)	249(0.81,7.3)	82(0.66,9.8)	592(0.81,6.6)	128(0.71,7.3)	185(0.67,5.9)	98(0.82,8.5)	385(0.74,6.3)	120(0.64,5.4)	422(0.78,6.4)	384(0.68,5.4)	33(0.64,9.0)	66(0.52,7.4)	263(0.83,7.3)	50(0.78,9.4)	513(0.69,5.3)	217(0.74,7.6)	153(0.78,8.3)	47(0.70,9.5)	224(0.61,6.6)	73(0.72,5.9)	149(0.78,8.9)	44(0.77,6.7)	88(0.67,6.9)	554(0.74,6.2)	45(0.79,9.6)	536(0.74,6.3)	132(0.69,5.8)	23(0.65,11.3)	61(0.70,7.4)	62(0.69,8.1)	53(0.85,10.1)	62(0.66,6.6)	143(0.77,7.9)	5(0.75,21.8)	7(0.65,14.0)	62(0.74,8.8)	24(0.73,8.5)	51(0.70,8.7)	16(0.73,14.6)	65(0.84,9.7)	63(0.69,8.9)	24(0.73,13.9)	28(0.82,13.5)	39(0.85,9.8)	20(0.71,5.9)	39(0.63,8.2)	594(0.77,6.6)	42(0.80,9.0)	83(0.73,8.7)	60(0.75,7.8)	46(0.73,7.0)	26(0.74,13.5)	14(0.36,13.8)	87(0.69,6.1)	52(0.82,10.5)	108(0.81,8.3)	15(0.68,8.5)	21(0.79,7.1)	16(0.54,6.9)	9(0.86,16.1)	62(0.69,7.6)	14(0.78,10.1)	19(0.79,10.2)	22(0.61,13.5)	63(0.86,9.1)	21(0.76,11.1)	10(0.77,13.9)	34(0.77,9.9)	18(0.67,11.4)	86(0.46,4.7)	23(0.53,7.5)	3(0.81,8.7)	46(0.71,7.7)	26(0.66,10.3)	4(0.78,15.0)	20(0.57,7.2)	19(0.81,12.8)	24(0.62,12.1)	24(0.80,6.7)	4(0.80,27.8)	
[Info]84 Clusters are found in total!
[Info]Step 25: likelihood: 1178.7473, Delta_likelihood: 0.012
oooxoooooooooooooooooooooooooooooooooooooooooooooooooooooooooooooxoooooooooooooooooooooooooooooooooo
oooooooooooooooooooooxoo
[Info]Clusters:657(0.81,6.7)	106(0.73,7.5)	298(0.77,7.3)	233(0.73,7.2)	228(0.80,7.8)	101(0.63,7.6)	591(0.80,6.4)	106(0.71,7.4)	176(0.68,6.1)	73(0.77,8.6)	387(0.74,5.9)	143(0.66,5.5)	384(0.79,7.4)	375(0.69,5.7)	43(0.66,7.1)	63(0.51,8.0)	284(0.83,7.2)	42(0.79,10.7)	548(0.69,5.1)	238(0.75,7.1)	158(0.78,8.1)	51(0.72,8.0)	204(0.64,6.8)	61(0.72,6.6)	141(0.80,8.3)	46(0.81,7.1)	71(0.66,8.1)	578(0.75,6.4)	56(0.81,8.6)	534(0.74,6.2)	118(0.71,6.1)	40(0.66,8.5)	83(0.69,6.5)	51(0.70,7.7)	51(0.85,9.2)	57(0.64,6.5)	163(0.77,7.6)	4(0.75,27.5)	7(0.66,10.1)	51(0.72,10.1)	22(0.62,8.3)	52(0.71,8.1)	14(0.70,15.7)	66(0.81,10.1)	69(0.69,8.9)	31(0.68,12.0)	30(0.80,12.2)	38(0.81,9.2)	14(0.71,6.9)	38(0.61,7.0)	604(0.78,7.0)	65(0.78,7.2)	70(0.72,9.4)	45(0.75,8.6)	42(0.76,7.5)	37(0.73,10.4)	22(0.42,9.3)	82(0.70,7.1)	45(0.83,10.3)	113(0.79,8.3)	13(0.63,9.2)	22(0.82,6.5)	19(0.58,8.6)	12(0.77,7.9)	69(0.72,7.7)	9(0.81,15.6)	28(0.78,10.5)	23(0.61,12.5)	81(0.85,7.5)	17(0.74,12.5)	15(0.73,9.5)	33(0.77,11.1)	22(0.66,9.0)	69(0.44,5.2)	27(0.49,6.6)	3(0.74,9.0)	53(0.74,7.0)	20(0.65,13.4)	5(0.79,13.4)	15(0.55,7.7)	38(0.79,8.3)	24(0.64,14.0)	21(0.71,7.0)	3(0.83,39.0)	1(0.67,3.0)	
[Info]85 Clusters are found in total!
[Info]Step 26: likelihood: 1189.4037, Delta_likelihood: -0.009
oooooooxoooooooooxoooooxoooooooxoooxoooooooooxoooooooooooxoooooooooooooooooooooooooooxoooooooooooooo
oooooooooooooooooooooooxoooooooooo
[Info]Clusters:673(0.81,6.7)	96(0.72,6.7)	331(0.77,6.6)	270(0.73,6.4)	254(0.80,7.4)	121(0.64,7.1)	542(0.81,6.6)	105(0.71,7.4)	198(0.66,5.9)	77(0.78,8.6)	379(0.73,6.1)	139(0.66,5.3)	369(0.78,7.1)	353(0.70,5.8)	38(0.68,9.2)	75(0.51,6.2)	289(0.84,7.5)	38(0.79,11.6)	522(0.71,5.3)	236(0.76,7.2)	140(0.79,9.0)	42(0.74,8.4)	222(0.64,6.5)	44(0.74,7.5)	105(0.77,8.7)	52(0.78,6.3)	70(0.66,8.4)	583(0.74,6.6)	35(0.81,12.9)	577(0.76,6.1)	109(0.70,6.5)	36(0.63,9.3)	68(0.66,7.3)	55(0.67,7.2)	37(0.86,11.1)	59(0.64,6.8)	154(0.78,7.9)	4(0.76,27.0)	3(0.63,21.0)	53(0.69,9.2)	25(0.67,8.2)	57(0.69,7.3)	15(0.76,18.5)	78(0.84,9.2)	62(0.69,9.4)	33(0.70,11.7)	21(0.82,16.0)	47(0.80,8.1)	9(0.69,8.6)	33(0.61,8.3)	644(0.76,6.5)	57(0.80,8.5)	70(0.71,8.8)	28(0.77,12.0)	36(0.79,10.8)	54(0.74,8.2)	17(0.41,11.9)	66(0.68,7.8)	45(0.80,10.7)	89(0.79,9.1)	15(0.66,9.3)	20(0.76,6.8)	16(0.65,7.8)	15(0.78,7.7)	74(0.70,7.4)	11(0.74,10.8)	26(0.79,10.2)	32(0.60,9.9)	73(0.84,8.5)	29(0.78,8.3)	28(0.68,7.7)	44(0.75,9.4)	26(0.66,8.4)	63(0.49,5.8)	25(0.51,7.1)	13(0.74,6.7)	52(0.75,8.9)	32(0.68,9.6)	3(0.81,19.3)	22(0.62,6.6)	40(0.78,7.0)	22(0.62,13.7)	12(0.75,9.9)	8(0.81,15.8)	2(0.50,6.0)	
[Info]85 Clusters are found in total!
[Info]Step 27: likelihood: 1199.9663, Delta_likelihood: -0.009
ooooooooooooooxooooooooooooxooooxooooxoooooooooooooooooooooooooooooooooooooooooooooooooooooooooooooo
oooooooooxooooooooooooxoooooo
[Info]Clusters:702(0.80,6.3)	112(0.73,6.7)	321(0.78,6.9)	270(0.73,6.5)	208(0.80,7.4)	127(0.67,7.7)	531(0.81,6.6)	97(0.71,8.1)	237(0.68,6.0)	105(0.80,7.9)	375(0.73,5.9)	126(0.68,5.3)	377(0.77,6.7)	355(0.67,5.7)	54(0.69,6.8)	79(0.53,6.8)	252(0.83,7.6)	46(0.80,10.1)	464(0.69,5.6)	251(0.76,7.1)	157(0.75,7.7)	56(0.73,7.0)	234(0.65,6.7)	53(0.69,5.6)	112(0.77,9.9)	62(0.85,8.9)	74(0.68,8.2)	611(0.74,6.1)	33(0.80,10.7)	586(0.76,6.1)	119(0.69,6.3)	36(0.61,8.6)	56(0.70,7.2)	49(0.66,8.2)	41(0.87,10.3)	57(0.65,7.1)	159(0.79,7.7)	5(0.76,21.8)	4(0.64,16.8)	46(0.72,10.3)	18(0.70,11.9)	52(0.73,8.3)	23(0.76,13.9)	81(0.82,7.9)	66(0.66,7.9)	37(0.70,10.2)	23(0.83,14.3)	40(0.80,8.5)	14(0.76,8.9)	48(0.61,6.8)	695(0.77,6.5)	44(0.81,9.2)	69(0.73,10.1)	24(0.79,13.6)	45(0.73,6.8)	44(0.74,9.3)	18(0.41,10.9)	58(0.69,8.2)	36(0.82,12.1)	86(0.80,9.3)	4(0.63,21.8)	12(0.83,8.4)	14(0.61,9.2)	8(0.76,13.0)	66(0.72,9.1)	9(0.75,14.4)	23(0.84,10.4)	33(0.58,9.4)	43(0.83,11.4)	16(0.80,13.6)	17(0.74,11.5)	45(0.81,10.2)	17(0.68,11.2)	69(0.44,5.4)	51(0.56,5.8)	9(0.78,6.4)	43(0.75,10.0)	32(0.70,11.3)	7(0.82,16.6)	12(0.60,9.4)	21(0.83,11.4)	20(0.62,15.0)	5(0.81,18.0)	5(0.83,24.4)	1(0.30,10.0)	
[Info]85 Clusters are found in total!
[Info]Step 28: likelihood: 1189.6623, Delta_likelihood: 0.009
ooooooooooooooooooooooooooxoooooooooooooooooooxooooooooooooooooooooooooooooooooooooooooooooooooooooo
oooooooooooooooo
[Info]Clusters:668(0.81,7.0)	128(0.75,6.5)	305(0.78,7.4)	281(0.72,6.3)	253(0.80,7.1)	116(0.67,8.1)	518(0.81,6.5)	82(0.72,8.6)	232(0.69,5.9)	98(0.81,8.0)	400(0.73,5.9)	102(0.67,6.5)	393(0.77,6.8)	366(0.67,5.5)	40(0.65,7.3)	91(0.50,6.0)	308(0.83,7.2)	46(0.79,10.0)	485(0.71,5.4)	281(0.76,6.8)	154(0.76,7.1)	38(0.75,9.2)	234(0.65,6.5)	37(0.65,7.1)	128(0.79,9.1)	59(0.84,8.1)	73(0.67,7.7)	601(0.74,6.1)	27(0.80,11.4)	589(0.76,6.2)	129(0.67,6.0)	49(0.63,6.8)	46(0.63,7.9)	51(0.69,8.8)	37(0.83,12.1)	50(0.65,7.8)	154(0.78,8.0)	6(0.75,19.3)	11(0.61,8.2)	65(0.68,8.3)	20(0.65,9.4)	43(0.74,8.1)	21(0.74,13.4)	69(0.81,8.3)	57(0.67,8.9)	50(0.72,9.2)	13(0.85,21.9)	35(0.82,10.4)	19(0.69,5.8)	47(0.58,6.6)	682(0.76,6.7)	52(0.79,7.9)	49(0.69,10.1)	15(0.79,19.0)	46(0.79,10.2)	32(0.71,10.2)	15(0.39,12.4)	42(0.72,10.9)	40(0.80,11.9)	64(0.79,9.7)	6(0.62,17.0)	17(0.77,6.8)	12(0.51,7.6)	7(0.84,10.9)	76(0.74,7.5)	19(0.74,8.5)	13(0.78,13.2)	39(0.58,10.5)	31(0.85,13.4)	26(0.77,9.7)	22(0.72,8.0)	56(0.76,8.3)	17(0.68,10.8)	65(0.44,5.2)	35(0.57,6.3)	9(0.79,6.3)	39(0.72,8.9)	31(0.68,10.4)	11(0.82,9.6)	14(0.62,7.9)	19(0.79,14.5)	23(0.64,13.7)	3(0.80,30.3)	10(0.83,15.2)	
[Info]84 Clusters are found in total!
[Info]Step 29: likelihood: 1203.1383, Delta_likelihood: -0.011
ooooooooooooooooooooooooooooooooooooooooooooooooooooooooooooxoooooooooooooooooooooooooooooooooxooooo
ooooooooooooooooooooooo
[Info]Accumulating evaluation results during sampling...
[Info]Clusters:647(0.81,6.7)	118(0.77,7.8)	259(0.76,7.6)	244(0.73,6.5)	281(0.80,6.8)	123(0.69,8.1)	521(0.81,6.9)	70(0.71,9.8)	229(0.69,6.0)	119(0.83,8.0)	395(0.73,6.2)	82(0.67,6.9)	435(0.77,6.1)	387(0.68,5.4)	32(0.62,8.2)	76(0.51,6.5)	267(0.83,8.0)	42(0.80,12.3)	528(0.70,5.1)	325(0.75,6.4)	128(0.77,8.8)	25(0.73,11.1)	227(0.65,7.0)	45(0.69,6.4)	127(0.79,8.9)	37(0.83,8.0)	78(0.70,8.3)	623(0.74,6.1)	38(0.82,9.3)	621(0.75,6.0)	108(0.68,6.3)	36(0.62,7.9)	37(0.66,9.3)	38(0.65,8.3)	63(0.83,9.4)	38(0.62,8.4)	140(0.77,8.5)	14(0.77,11.1)	8(0.65,9.6)	61(0.73,9.7)	26(0.66,8.6)	28(0.69,11.0)	27(0.71,12.0)	70(0.81,9.0)	68(0.70,8.4)	53(0.71,8.7)	22(0.81,13.5)	28(0.81,10.0)	18(0.78,6.5)	68(0.65,6.5)	676(0.77,6.5)	48(0.84,8.0)	55(0.71,9.8)	24(0.79,13.3)	49(0.77,7.7)	32(0.72,10.5)	24(0.44,9.6)	54(0.69,8.1)	33(0.81,11.6)	77(0.81,8.9)	6(0.64,14.7)	27(0.76,5.8)	9(0.62,11.3)	4(0.85,16.8)	66(0.71,7.3)	29(0.74,7.0)	14(0.78,12.3)	33(0.60,10.3)	24(0.83,15.3)	34(0.73,8.4)	23(0.76,7.8)	66(0.79,8.0)	16(0.67,12.0)	56(0.46,5.6)	20(0.48,8.8)	5(0.73,7.4)	46(0.74,8.6)	25(0.67,11.9)	13(0.77,7.2)	17(0.57,7.8)	25(0.76,11.8)	23(0.60,13.0)	3(0.79,29.0)	4(0.82,27.0)	1(0.50,4.0)	1(0.50,2.0)	
[Info]86 Clusters are found in total!
[Info]Step 30: likelihood: 1196.0766, Delta_likelihood: 0.006
oooooooooooooooooooooooooooooooooooooooxooooooooooooooooooooooooooooooooxoooooooxooooooooooooooooooo
oooooooooooooxooooooooxoo
[Info]Clusters:683(0.80,6.1)	127(0.78,7.1)	264(0.77,7.5)	219(0.73,6.9)	259(0.80,7.4)	125(0.67,7.4)	538(0.81,6.7)	70(0.71,9.5)	226(0.68,6.4)	131(0.83,7.7)	449(0.72,5.6)	99(0.71,7.0)	398(0.78,6.4)	428(0.67,5.0)	27(0.64,9.0)	49(0.51,8.8)	301(0.82,7.6)	33(0.81,14.2)	480(0.69,5.3)	302(0.75,6.6)	115(0.77,8.5)	34(0.71,12.2)	245(0.64,6.4)	27(0.67,8.7)	133(0.78,8.4)	46(0.81,7.8)	79(0.67,7.8)	652(0.74,5.8)	41(0.80,9.0)	567(0.76,6.7)	92(0.68,7.4)	30(0.65,9.4)	36(0.67,10.4)	45(0.71,8.9)	59(0.84,8.8)	41(0.61,8.2)	136(0.76,8.2)	16(0.73,8.8)	6(0.61,15.8)	47(0.74,11.2)	34(0.63,7.0)	35(0.65,10.1)	14(0.72,17.4)	56(0.81,10.2)	56(0.70,9.8)	33(0.68,12.3)	25(0.82,12.6)	34(0.82,9.2)	28(0.74,5.9)	53(0.68,9.1)	709(0.77,6.4)	44(0.81,8.8)	56(0.68,10.5)	24(0.80,13.9)	60(0.77,7.8)	28(0.74,11.3)	37(0.45,6.8)	47(0.69,8.1)	41(0.82,10.8)	88(0.79,8.7)	9(0.70,14.1)	14(0.79,7.4)	11(0.50,8.9)	4(0.80,14.8)	58(0.71,7.9)	18(0.77,8.3)	10(0.80,14.4)	28(0.59,10.8)	37(0.83,11.4)	19(0.75,11.2)	17(0.75,9.8)	70(0.77,8.5)	20(0.73,10.2)	63(0.45,5.4)	11(0.47,11.0)	7(0.74,6.7)	65(0.75,6.3)	22(0.70,12.5)	14(0.83,9.9)	21(0.64,7.6)	30(0.76,10.2)	23(0.64,13.5)	4(0.80,21.5)	7(0.82,17.9)	2(1.00,1.0)	1(1.00,4.0)	
[Info]86 Clusters are found in total!
[Info]Step 31: likelihood: 1197.2727, Delta_likelihood: -0.001
oooooooooooooooooooooooooooooooooooooooooooooooooooooooooooooooooooooooooooooooooooxoooooooooxoooooo
ooooooooooxooooooooxooo
[Info]Clusters:687(0.81,6.2)	108(0.78,8.0)	282(0.78,7.5)	217(0.75,7.2)	243(0.80,7.4)	100(0.68,8.4)	578(0.80,6.5)	78(0.72,9.1)	254(0.67,6.1)	134(0.81,7.7)	444(0.74,5.9)	109(0.71,6.2)	380(0.79,6.8)	389(0.69,5.3)	31(0.67,9.3)	71(0.45,6.7)	274(0.82,7.3)	30(0.77,12.2)	441(0.69,5.4)	274(0.75,6.7)	118(0.77,8.5)	36(0.70,9.2)	247(0.63,6.4)	19(0.69,10.8)	140(0.78,8.6)	42(0.82,7.7)	114(0.68,6.9)	636(0.74,6.0)	39(0.78,8.9)	584(0.75,6.6)	97(0.69,7.1)	26(0.67,11.5)	50(0.68,8.4)	49(0.70,8.2)	53(0.84,9.3)	51(0.64,8.0)	128(0.77,7.9)	18(0.75,10.4)	4(0.66,16.0)	51(0.73,9.9)	27(0.64,8.4)	47(0.72,7.8)	30(0.71,9.6)	53(0.82,11.3)	44(0.72,11.2)	41(0.72,9.5)	25(0.84,13.6)	39(0.81,8.4)	17(0.77,7.3)	58(0.60,6.8)	727(0.77,6.6)	33(0.83,10.9)	41(0.69,12.7)	29(0.80,11.5)	29(0.78,10.7)	26(0.71,12.8)	40(0.46,6.7)	48(0.70,8.1)	28(0.85,13.0)	90(0.78,8.4)	7(0.64,15.3)	25(0.71,6.6)	17(0.62,7.4)	11(0.78,7.3)	63(0.74,7.4)	21(0.75,8.1)	18(0.78,11.3)	49(0.57,8.5)	37(0.81,11.3)	21(0.75,10.3)	13(0.76,10.7)	86(0.75,7.7)	20(0.70,10.3)	64(0.47,5.6)	15(0.45,7.8)	5(0.75,6.4)	50(0.74,6.6)	17(0.69,16.7)	11(0.73,10.3)	18(0.58,6.3)	46(0.79,7.2)	14(0.62,18.9)	2(0.81,41.5)	13(0.78,13.0)	1(0.00,1.0)	
[Info]85 Clusters are found in total!
[Info]Step 32: likelihood: 1186.5202, Delta_likelihood: 0.009
ooooooooooooooooooooooooooooxooooooooooooooooooooooooooooooooooooooooooooooxooooooooxooooooooooooooo
ooooooooooxooooooooooooooooo
[Info]Clusters:720(0.80,6.4)	104(0.77,8.3)	284(0.78,7.7)	167(0.74,8.2)	236(0.81,7.3)	102(0.65,8.3)	617(0.80,6.4)	71(0.69,9.1)	245(0.69,6.0)	130(0.82,8.5)	442(0.73,5.9)	115(0.67,5.2)	421(0.79,6.6)	394(0.68,5.0)	35(0.65,8.8)	53(0.48,8.8)	295(0.82,7.1)	38(0.80,13.3)	410(0.69,5.7)	247(0.73,6.9)	101(0.77,8.5)	48(0.71,7.9)	265(0.64,6.1)	27(0.68,8.1)	107(0.77,9.2)	43(0.80,6.7)	126(0.68,6.4)	639(0.74,5.8)	35(0.79,9.9)	569(0.76,6.8)	73(0.71,7.6)	21(0.67,11.8)	65(0.67,7.1)	55(0.68,7.5)	44(0.84,9.8)	52(0.68,8.6)	116(0.78,9.3)	17(0.76,9.5)	7(0.64,11.0)	59(0.73,9.9)	51(0.63,5.5)	42(0.69,8.6)	32(0.74,10.0)	80(0.82,9.3)	37(0.71,11.0)	35(0.71,11.9)	24(0.85,13.5)	42(0.81,7.7)	15(0.74,6.7)	54(0.57,6.9)	735(0.77,6.6)	28(0.81,8.8)	48(0.69,10.5)	31(0.77,10.9)	41(0.74,8.1)	20(0.74,13.9)	42(0.45,6.2)	73(0.69,6.9)	25(0.84,12.6)	82(0.79,9.1)	9(0.65,10.7)	21(0.76,11.8)	18(0.63,8.4)	14(0.79,8.4)	57(0.70,7.9)	10(0.74,11.9)	8(0.80,16.6)	66(0.61,7.0)	32(0.81,12.1)	25(0.75,10.2)	18(0.75,9.4)	78(0.78,8.0)	11(0.68,15.4)	56(0.46,5.5)	18(0.51,7.8)	5(0.73,6.0)	42(0.72,7.3)	18(0.68,14.5)	20(0.81,6.4)	22(0.58,6.4)	30(0.83,10.0)	13(0.61,20.5)	4(0.79,22.5)	14(0.79,12.9)	1(0.50,2.0)	
[Info]85 Clusters are found in total!
[Info]Step 33: likelihood: 1198.6320, Delta_likelihood: -0.010
ooooooooooooxooooooooooooooooxooooooooooooooxoooooooooooooooooooooooooooooxooooooooooooooooooooooooo
xoooooooooooooooooooooooooo
[Info]Clusters:718(0.81,6.5)	82(0.74,8.4)	254(0.78,8.0)	190(0.74,7.8)	269(0.80,6.6)	100(0.64,8.0)	611(0.82,6.3)	100(0.70,7.3)	308(0.66,5.4)	141(0.83,8.2)	400(0.73,6.2)	83(0.70,5.8)	413(0.77,6.6)	339(0.68,5.8)	35(0.66,9.2)	45(0.48,9.1)	269(0.83,7.1)	61(0.78,9.9)	450(0.71,5.7)	256(0.74,6.9)	89(0.78,9.1)	49(0.72,7.3)	247(0.66,6.6)	19(0.72,9.7)	120(0.79,9.3)	29(0.78,8.5)	109(0.66,6.4)	637(0.74,5.9)	41(0.81,10.5)	647(0.76,6.5)	89(0.72,7.2)	39(0.67,8.6)	63(0.68,7.9)	56(0.67,7.7)	41(0.84,11.0)	55(0.65,7.1)	102(0.78,9.2)	11(0.74,12.1)	7(0.66,12.3)	84(0.74,8.2)	32(0.68,6.7)	35(0.70,8.9)	34(0.74,9.3)	69(0.81,9.5)	36(0.69,11.1)	33(0.69,11.7)	29(0.82,12.0)	56(0.81,8.2)	9(0.68,8.9)	53(0.62,7.3)	728(0.77,6.5)	22(0.80,11.6)	29(0.66,13.0)	42(0.78,10.0)	42(0.78,8.7)	23(0.67,12.1)	61(0.45,5.6)	64(0.70,7.4)	36(0.82,10.2)	75(0.80,10.0)	9(0.64,11.9)	13(0.74,12.0)	26(0.62,7.5)	6(0.81,11.5)	45(0.73,9.6)	7(0.72,16.0)	16(0.80,10.3)	51(0.56,7.8)	36(0.81,10.4)	30(0.75,10.5)	17(0.73,9.9)	77(0.77,7.0)	10(0.68,16.7)	51(0.45,5.6)	19(0.48,7.4)	2(0.79,12.0)	24(0.74,9.1)	22(0.71,13.0)	10(0.78,7.7)	28(0.55,5.9)	39(0.81,8.3)	21(0.66,14.8)	2(0.81,41.5)	11(0.81,12.5)	4(0.80,3.8)	
[Info]85 Clusters are found in total!
[Info]Step 34: likelihood: 1205.3645, Delta_likelihood: -0.006
oooooooooooooooooooooooxoooooooooooooooooooooooooooooooooooxooooooooooooooooooooooxooooooooooooooooo
ooxoooxoooooooooooxooooooooooooooxooooooooooo
[Info]Accumulating evaluation results during sampling...
[Info]Clusters:703(0.81,6.4)	90(0.75,7.8)	258(0.77,7.9)	184(0.74,7.5)	274(0.80,7.2)	82(0.63,8.5)	550(0.80,6.3)	99(0.71,7.8)	290(0.67,5.7)	126(0.84,7.9)	385(0.72,6.1)	83(0.68,6.5)	451(0.77,6.7)	400(0.69,5.5)	30(0.67,10.3)	59(0.53,7.5)	287(0.83,7.1)	51(0.81,10.9)	468(0.71,5.8)	278(0.73,6.4)	79(0.78,9.7)	52(0.73,8.1)	269(0.65,6.0)	23(0.72,9.6)	124(0.77,8.8)	30(0.81,7.7)	96(0.66,6.5)	612(0.74,6.1)	60(0.78,6.6)	672(0.76,6.4)	96(0.71,6.8)	29(0.67,10.6)	66(0.70,6.9)	61(0.67,7.1)	49(0.85,9.3)	44(0.60,8.9)	93(0.81,10.0)	11(0.75,12.4)	3(0.66,21.3)	97(0.76,7.6)	33(0.68,6.5)	27(0.72,12.2)	28(0.74,11.9)	52(0.82,12.1)	38(0.68,10.3)	21(0.72,15.8)	23(0.80,13.9)	66(0.85,8.2)	10(0.63,10.3)	60(0.60,6.8)	722(0.77,6.5)	19(0.73,12.0)	24(0.68,15.1)	26(0.78,12.8)	24(0.76,11.2)	25(0.74,11.9)	35(0.44,7.5)	48(0.67,8.4)	39(0.82,10.1)	73(0.80,9.7)	10(0.64,10.6)	13(0.78,12.8)	31(0.62,7.4)	11(0.78,7.5)	48(0.72,8.5)	11(0.72,11.5)	9(0.80,15.9)	65(0.56,6.7)	48(0.83,12.5)	47(0.78,7.1)	9(0.78,13.9)	92(0.77,6.5)	19(0.67,9.8)	37(0.42,6.2)	17(0.43,9.6)	1(0.00,1.0)	36(0.68,7.6)	28(0.72,12.3)	6(0.70,13.2)	16(0.57,7.3)	52(0.78,7.0)	16(0.60,16.3)	3(0.80,28.3)	4(0.82,26.0)	3(0.77,4.3)	3(0.91,3.7)	
[Info]86 Clusters are found in total!
[Info]Step 35: likelihood: 1203.8285, Delta_likelihood: 0.001
ooooooxoooooooooooooooooooooooooooooooooooooooooooooooxooooooooooxooooooooxoooooooooooooooooooooooox
oooooooooooooooooooooooxooo
[Info]Clusters:668(0.80,6.4)	104(0.74,6.6)	280(0.76,7.3)	223(0.73,6.6)	279(0.80,7.4)	98(0.63,7.7)	533(0.81,6.9)	86(0.71,8.2)	319(0.69,5.4)	115(0.81,8.5)	433(0.72,5.6)	83(0.67,6.5)	447(0.78,6.8)	419(0.70,5.5)	37(0.65,8.4)	72(0.54,7.3)	298(0.83,6.9)	58(0.77,8.8)	475(0.70,5.7)	214(0.73,7.2)	77(0.78,11.0)	56(0.73,8.0)	275(0.64,6.0)	21(0.75,9.7)	128(0.78,9.3)	31(0.79,8.8)	75(0.68,7.8)	620(0.74,6.0)	57(0.80,7.2)	671(0.76,6.4)	71(0.72,8.0)	38(0.66,9.2)	70(0.70,7.5)	45(0.64,8.4)	54(0.83,8.0)	61(0.63,6.4)	92(0.78,9.7)	11(0.75,12.5)	6(0.72,17.0)	96(0.76,8.1)	40(0.64,6.1)	41(0.70,9.6)	24(0.72,13.0)	41(0.80,12.3)	46(0.70,9.2)	25(0.71,13.6)	14(0.84,17.8)	47(0.80,8.8)	12(0.71,7.6)	39(0.60,7.4)	686(0.76,6.8)	11(0.80,21.3)	31(0.69,13.4)	29(0.81,12.8)	21(0.78,12.6)	24(0.71,12.2)	27(0.44,9.2)	67(0.71,7.8)	39(0.81,10.3)	52(0.82,11.7)	19(0.69,6.7)	4(0.81,20.3)	22(0.59,7.7)	8(0.78,8.4)	56(0.74,8.6)	13(0.68,12.2)	10(0.83,17.3)	66(0.62,6.3)	41(0.82,10.5)	37(0.79,8.6)	11(0.79,12.6)	84(0.76,6.9)	24(0.72,10.5)	29(0.41,7.8)	18(0.43,7.3)	1(0.54,28.0)	21(0.72,9.9)	37(0.69,8.5)	7(0.79,10.9)	26(0.63,6.9)	55(0.79,6.8)	20(0.65,15.6)	7(0.83,17.3)	7(0.80,17.7)	6(0.79,4.0)	1(0.00,1.0)	
[Info]86 Clusters are found in total!
[Info]Step 36: likelihood: 1199.4560, Delta_likelihood: 0.004
oooooooooooxooooooooxoooooooooooooooooooooooooooooooxooooooooxooooooooooooooooxooooooooxoooooooooooo
oooooooooooooooxoooooooooooooo
[Info]Clusters:660(0.80,6.3)	93(0.75,7.3)	280(0.77,7.3)	193(0.74,7.6)	303(0.81,7.0)	106(0.63,7.9)	520(0.82,6.8)	108(0.71,6.7)	301(0.68,5.5)	134(0.81,7.2)	420(0.72,5.9)	71(0.71,7.1)	431(0.79,6.9)	416(0.68,5.5)	41(0.68,8.3)	51(0.52,8.2)	261(0.82,7.3)	57(0.80,11.0)	501(0.69,5.3)	249(0.74,7.0)	101(0.78,8.5)	39(0.73,8.7)	268(0.63,6.0)	16(0.68,11.6)	118(0.78,9.5)	25(0.82,9.4)	85(0.68,6.9)	648(0.74,6.0)	59(0.81,9.3)	645(0.77,6.4)	76(0.71,7.2)	34(0.66,8.3)	64(0.70,7.3)	46(0.67,8.7)	62(0.83,7.5)	53(0.62,7.0)	119(0.79,9.1)	8(0.78,15.1)	13(0.72,9.2)	118(0.75,8.1)	49(0.71,6.3)	55(0.72,8.1)	17(0.72,14.8)	52(0.81,10.7)	55(0.70,8.0)	28(0.68,12.2)	12(0.82,20.8)	31(0.82,13.1)	9(0.69,9.8)	46(0.59,7.9)	697(0.76,6.6)	11(0.72,11.2)	21(0.69,18.1)	25(0.79,14.8)	30(0.78,10.5)	39(0.72,8.4)	50(0.45,6.1)	52(0.72,9.3)	57(0.81,8.5)	65(0.82,11.1)	31(0.62,5.6)	6(0.84,14.7)	29(0.59,6.5)	10(0.82,7.8)	31(0.71,11.3)	14(0.72,9.3)	5(0.81,25.8)	66(0.59,6.4)	43(0.81,11.6)	24(0.74,9.4)	9(0.79,16.7)	54(0.76,8.4)	18(0.73,12.7)	41(0.46,6.4)	16(0.44,9.2)	3(0.82,3.7)	32(0.74,9.4)	26(0.68,12.0)	10(0.75,11.8)	14(0.59,7.9)	29(0.83,9.3)	26(0.62,11.6)	8(0.76,12.6)	3(0.82,35.0)	
[Info]84 Clusters are found in total!
[Info]Step 37: likelihood: 1194.3360, Delta_likelihood: 0.004
oooooooooooooooxooooooooooooxooooooooxooooooooooooooooooooooooooooooooooooooxoooooooooooxooooooooooo
oooooooxooooooooooooxooooooooxooooooooooooooooo
[Info]Clusters:671(0.81,6.6)	73(0.78,8.6)	275(0.78,7.8)	199(0.75,7.2)	298(0.79,7.0)	122(0.64,7.1)	519(0.82,6.8)	87(0.71,8.2)	314(0.68,5.4)	138(0.80,7.4)	425(0.73,5.6)	67(0.71,6.7)	434(0.79,7.0)	440(0.67,5.2)	58(0.71,6.3)	42(0.52,10.1)	238(0.81,7.4)	47(0.78,10.8)	500(0.70,5.8)	253(0.75,7.3)	100(0.77,8.4)	33(0.71,9.6)	275(0.63,6.0)	15(0.73,12.1)	121(0.77,8.4)	38(0.78,8.2)	63(0.64,8.3)	627(0.75,6.2)	58(0.83,8.2)	684(0.77,6.3)	81(0.69,7.0)	29(0.63,11.2)	73(0.67,7.4)	31(0.65,10.1)	59(0.84,7.9)	54(0.66,6.9)	130(0.79,7.7)	10(0.78,14.4)	11(0.68,8.2)	97(0.75,8.4)	27(0.69,7.2)	47(0.71,9.2)	22(0.73,12.4)	50(0.81,11.8)	54(0.72,8.3)	40(0.70,9.8)	23(0.83,13.9)	24(0.79,14.0)	8(0.69,9.0)	42(0.58,8.0)	700(0.76,6.6)	11(0.77,10.5)	23(0.70,16.0)	21(0.80,14.1)	37(0.80,8.6)	40(0.74,8.9)	45(0.42,6.3)	59(0.69,7.8)	60(0.82,9.0)	54(0.82,11.8)	39(0.62,5.3)	8(0.83,13.5)	25(0.59,6.2)	10(0.82,7.2)	50(0.69,7.4)	13(0.78,14.5)	7(0.80,19.3)	65(0.60,6.9)	22(0.81,16.5)	31(0.74,7.9)	12(0.77,11.8)	51(0.78,8.8)	21(0.68,10.2)	40(0.41,6.3)	19(0.47,8.7)	3(0.57,2.3)	26(0.73,10.4)	24(0.67,12.3)	9(0.77,15.8)	17(0.59,8.0)	45(0.83,7.5)	23(0.62,13.7)	2(0.81,41.5)	4(0.83,30.3)	
[Info]84 Clusters are found in total!
[Info]Step 38: likelihood: 1199.4180, Delta_likelihood: -0.004
oooooooooooooooooooooooooooooooooooooooooooooooooooooooooooooooooooooooooooxoooooooooooooooooooooooo
oooooooxooooooooooooooooooooooooooooooooooooooooo
[Info]Clusters:650(0.80,6.8)	74(0.78,9.7)	290(0.78,8.1)	241(0.76,6.9)	270(0.81,7.1)	132(0.65,7.3)	518(0.82,6.7)	100(0.73,8.3)	305(0.68,5.6)	119(0.81,7.9)	382(0.71,5.8)	40(0.70,7.5)	520(0.79,6.5)	438(0.68,5.1)	60(0.71,7.0)	42(0.52,9.2)	229(0.83,7.6)	50(0.76,10.7)	479(0.69,5.7)	244(0.73,7.4)	100(0.78,8.4)	31(0.69,10.6)	294(0.63,5.5)	28(0.74,9.1)	138(0.77,8.6)	41(0.83,7.5)	79(0.66,6.8)	578(0.75,6.3)	64(0.83,8.0)	704(0.75,6.3)	88(0.71,6.3)	19(0.62,13.4)	76(0.71,7.2)	22(0.65,11.5)	46(0.83,10.0)	64(0.63,6.9)	150(0.79,7.9)	13(0.74,11.2)	7(0.63,8.1)	82(0.73,8.4)	35(0.68,7.0)	60(0.70,7.6)	17(0.73,15.5)	48(0.81,11.5)	54(0.69,8.7)	40(0.72,10.1)	35(0.84,11.2)	16(0.83,13.1)	14(0.73,6.6)	39(0.56,7.7)	642(0.76,6.7)	16(0.74,9.3)	30(0.68,10.9)	16(0.81,16.8)	31(0.77,9.3)	30(0.75,11.4)	38(0.43,7.4)	81(0.70,7.1)	56(0.80,7.9)	44(0.83,12.9)	24(0.66,7.5)	8(0.82,10.5)	22(0.52,7.2)	16(0.79,10.0)	48(0.72,9.0)	18(0.74,11.7)	8(0.79,17.5)	69(0.60,6.3)	25(0.81,15.4)	37(0.78,7.8)	9(0.75,14.2)	51(0.79,7.7)	19(0.67,9.8)	53(0.45,5.0)	27(0.50,6.1)	1(0.90,10.0)	24(0.74,11.2)	29(0.67,10.1)	7(0.84,10.4)	19(0.57,6.8)	27(0.80,11.1)	38(0.63,9.9)	8(0.79,13.0)	5(0.81,21.6)	1(0.00,1.0)	
[Info]85 Clusters are found in total!
[Info]Step 39: likelihood: 1200.2217, Delta_likelihood: -0.001
oooooooooooxoooooxoooooooooooooooooooooooooooooooooooooooooooooooooooooxooooooooxoooooooooooooooxooo
oooooooooooooooooooxoooooooooooooxoooooo
[Info]Accumulating evaluation results during sampling...
[Info]Clusters:682(0.81,6.4)	71(0.74,8.2)	311(0.77,7.5)	250(0.75,6.9)	285(0.80,7.1)	133(0.67,7.3)	522(0.82,7.1)	97(0.72,8.6)	284(0.69,5.6)	131(0.81,7.0)	397(0.72,5.6)	38(0.68,8.0)	533(0.78,6.3)	435(0.66,5.2)	46(0.69,8.7)	54(0.54,8.8)	224(0.82,7.1)	64(0.78,9.0)	496(0.70,5.6)	199(0.74,8.4)	95(0.77,9.5)	33(0.70,10.8)	288(0.62,5.8)	24(0.70,8.8)	103(0.78,9.4)	40(0.83,8.3)	82(0.67,7.6)	549(0.74,6.3)	50(0.83,8.0)	682(0.77,6.4)	83(0.70,6.8)	23(0.60,11.4)	75(0.71,6.9)	26(0.64,10.8)	40(0.85,12.6)	73(0.62,6.5)	156(0.82,7.6)	7(0.75,16.7)	3(0.60,14.0)	92(0.73,8.3)	23(0.69,8.0)	51(0.70,8.1)	18(0.74,14.4)	50(0.81,9.7)	53(0.69,8.8)	43(0.70,9.2)	39(0.77,10.4)	14(0.84,16.4)	17(0.74,6.5)	40(0.56,8.5)	671(0.76,6.6)	8(0.71,12.6)	29(0.70,12.9)	22(0.80,13.3)	37(0.80,9.0)	20(0.73,13.8)	18(0.38,11.2)	58(0.70,7.3)	64(0.82,7.7)	40(0.80,12.7)	22(0.67,8.2)	15(0.78,7.5)	25(0.53,6.7)	13(0.73,9.4)	74(0.74,7.8)	26(0.75,9.7)	10(0.83,16.2)	58(0.61,8.5)	29(0.80,13.3)	30(0.77,8.3)	10(0.79,13.5)	52(0.79,10.1)	42(0.72,7.6)	50(0.43,5.4)	25(0.52,6.6)	6(0.81,19.3)	25(0.75,12.3)	18(0.69,15.2)	3(0.79,19.3)	13(0.54,8.0)	41(0.78,7.9)	55(0.64,7.3)	9(0.77,12.0)	
[Info]83 Clusters are found in total!
[Info]Step 40: likelihood: 1193.8722, Delta_likelihood: 0.005
oooooooooooooooooooooooooooooooooooooooooooooooooooooooooooooooooooooooooooooooooooxoooooooooooooooo
ooooooooooooooooooooooxooooooooo
[Info]Clusters:669(0.80,6.6)	65(0.77,8.5)	315(0.78,7.3)	247(0.75,6.6)	299(0.80,7.2)	132(0.66,6.9)	486(0.82,7.1)	101(0.71,7.4)	262(0.67,5.7)	138(0.81,7.6)	356(0.73,6.1)	38(0.68,7.1)	499(0.79,6.9)	437(0.68,5.4)	41(0.70,7.7)	68(0.53,7.1)	241(0.83,7.0)	63(0.79,9.3)	559(0.69,5.2)	239(0.74,7.1)	90(0.77,8.6)	40(0.73,8.9)	250(0.64,6.1)	24(0.69,9.7)	106(0.78,9.3)	32(0.84,10.7)	64(0.66,7.8)	599(0.74,6.1)	50(0.80,8.2)	721(0.76,6.1)	84(0.71,7.3)	30(0.67,10.1)	80(0.70,7.1)	36(0.64,9.4)	44(0.85,9.6)	55(0.64,7.0)	158(0.79,7.3)	8(0.75,14.5)	3(0.62,14.0)	63(0.73,11.6)	28(0.72,6.9)	72(0.70,6.9)	11(0.71,20.1)	56(0.80,8.8)	41(0.69,10.2)	37(0.70,10.1)	38(0.78,9.4)	26(0.82,10.6)	13(0.74,6.5)	51(0.58,6.5)	673(0.76,6.8)	3(0.73,28.0)	33(0.69,11.1)	21(0.78,15.5)	25(0.80,10.0)	29(0.74,11.5)	22(0.45,11.8)	46(0.68,9.0)	45(0.82,10.4)	36(0.83,14.7)	24(0.63,7.6)	25(0.77,6.8)	20(0.61,7.3)	16(0.75,7.7)	55(0.70,9.2)	27(0.71,10.1)	8(0.81,16.8)	57(0.58,7.7)	46(0.82,11.6)	35(0.78,8.7)	14(0.75,11.0)	58(0.80,9.6)	36(0.68,7.8)	39(0.41,6.7)	22(0.55,7.5)	4(0.81,26.5)	12(0.74,19.6)	20(0.70,15.1)	4(0.81,15.5)	16(0.59,6.9)	50(0.81,7.3)	45(0.61,7.8)	11(0.76,12.7)	
[Info]83 Clusters are found in total!
[Info]Step 41: likelihood: 1192.7938, Delta_likelihood: 0.001
ooooooooooooooxooooxooooooooooooooooooooooooooooooooooooooooxooooooooooooooooooooooooooooooooooooooo
ooooooooooooooooooooooooooooooooooo
[Info]Clusters:625(0.79,6.5)	79(0.77,8.4)	328(0.76,7.0)	236(0.76,7.2)	307(0.80,7.0)	129(0.66,6.8)	549(0.81,6.5)	104(0.69,7.4)	266(0.68,5.7)	129(0.81,7.9)	337(0.72,6.1)	48(0.70,7.4)	515(0.79,7.0)	369(0.68,5.7)	45(0.69,8.3)	62(0.50,7.5)	209(0.84,7.8)	52(0.79,10.3)	585(0.71,5.4)	232(0.74,7.7)	65(0.77,10.2)	62(0.74,7.4)	281(0.63,6.1)	28(0.73,9.0)	133(0.77,8.5)	27(0.82,10.5)	68(0.70,9.1)	605(0.74,6.2)	52(0.81,8.0)	776(0.78,5.9)	80(0.72,6.7)	30(0.66,9.9)	65(0.68,7.7)	41(0.65,8.9)	46(0.85,8.8)	40(0.61,8.5)	128(0.80,8.0)	10(0.78,15.2)	2(0.59,19.5)	93(0.73,8.1)	28(0.70,7.6)	77(0.67,6.6)	13(0.73,17.5)	45(0.81,10.6)	41(0.68,10.3)	33(0.71,10.6)	40(0.80,10.1)	20(0.84,11.1)	9(0.70,8.4)	34(0.60,8.5)	671(0.75,6.7)	5(0.70,17.6)	30(0.69,11.3)	24(0.80,13.0)	29(0.80,10.0)	21(0.72,13.1)	21(0.38,10.8)	42(0.68,8.5)	45(0.85,10.9)	51(0.82,10.8)	33(0.63,5.7)	24(0.74,6.5)	14(0.61,9.6)	11(0.84,11.2)	61(0.67,8.0)	25(0.75,8.8)	19(0.77,9.4)	68(0.60,7.3)	35(0.81,13.2)	35(0.76,7.6)	12(0.76,12.3)	47(0.79,9.4)	28(0.70,10.5)	26(0.40,7.7)	31(0.51,6.6)	3(0.82,36.7)	15(0.73,13.5)	16(0.67,15.9)	5(0.80,13.8)	24(0.60,6.7)	59(0.79,7.6)	28(0.63,11.5)	6(0.74,22.2)	
[Info]83 Clusters are found in total!
[Info]Step 42: likelihood: 1191.4677, Delta_likelihood: 0.001
ooooooooooooooooooooooooooooooooooooooooooooooooooooooooooooooooooooooooooooooooooooooooooooxooooooo
oxoooooooooooooooooxooooooooooooo
[Info]Clusters:676(0.79,6.0)	62(0.77,9.6)	340(0.77,7.0)	185(0.73,7.6)	271(0.81,8.0)	117(0.65,7.0)	560(0.81,6.8)	72(0.70,9.2)	288(0.68,5.5)	81(0.80,8.8)	340(0.71,6.2)	51(0.68,6.4)	455(0.79,7.4)	372(0.68,5.6)	34(0.74,10.4)	59(0.53,7.9)	211(0.84,8.3)	52(0.78,10.6)	503(0.70,5.6)	227(0.74,7.6)	77(0.78,9.6)	66(0.72,7.3)	297(0.62,5.5)	40(0.71,6.3)	152(0.79,7.9)	31(0.82,9.5)	62(0.71,9.3)	627(0.75,6.4)	50(0.82,8.1)	794(0.76,5.7)	85(0.73,6.8)	30(0.65,10.5)	61(0.69,6.6)	43(0.65,7.9)	84(0.81,6.8)	41(0.60,8.1)	119(0.80,7.7)	10(0.77,12.5)	5(0.76,24.6)	94(0.77,8.9)	22(0.71,9.4)	65(0.70,8.0)	7(0.72,30.3)	62(0.80,9.9)	50(0.70,8.9)	40(0.72,10.5)	37(0.79,9.9)	29(0.84,10.8)	13(0.72,7.3)	43(0.58,7.6)	742(0.76,6.3)	9(0.72,11.7)	34(0.65,11.6)	37(0.77,10.8)	27(0.78,10.6)	28(0.72,10.4)	21(0.37,10.9)	61(0.73,7.8)	50(0.82,9.0)	49(0.80,11.7)	28(0.61,6.5)	21(0.79,6.6)	13(0.52,7.4)	6(0.75,19.0)	79(0.72,7.9)	21(0.73,9.7)	19(0.79,10.4)	71(0.58,7.6)	35(0.83,13.5)	24(0.75,8.6)	14(0.77,10.2)	36(0.79,10.3)	16(0.68,11.1)	37(0.45,6.8)	22(0.47,7.5)	7(0.82,16.4)	17(0.73,12.4)	21(0.67,13.0)	3(0.81,19.0)	29(0.62,6.9)	41(0.80,7.5)	32(0.66,11.9)	
[Info]82 Clusters are found in total!
[Info]Step 43: likelihood: 1192.6544, Delta_likelihood: -0.001
ooooooooooooooooooooooooxoooooooooooxoooxooooooooooooxooooooxooooooooooooooooooooooooooooooooooooooo
ooooooooooooooxooooooooxooooooooooxoooooooooxooooooooooo
[Info]Clusters:710(0.80,6.2)	58(0.75,9.4)	340(0.77,7.1)	198(0.74,7.1)	249(0.80,7.4)	116(0.65,7.2)	595(0.82,6.7)	83(0.70,8.3)	282(0.70,6.1)	102(0.79,7.4)	370(0.72,5.8)	60(0.69,6.6)	419(0.78,7.3)	363(0.66,5.5)	33(0.70,10.1)	64(0.53,7.4)	194(0.83,7.7)	48(0.76,10.7)	522(0.71,5.4)	225(0.74,7.1)	94(0.76,9.0)	62(0.75,8.4)	275(0.63,5.9)	41(0.75,7.6)	121(0.79,9.4)	29(0.81,8.6)	48(0.65,9.7)	606(0.75,6.2)	40(0.81,9.4)	785(0.76,5.9)	73(0.71,7.5)	33(0.68,9.9)	57(0.70,7.0)	42(0.68,8.5)	54(0.80,9.0)	27(0.63,13.0)	106(0.80,8.5)	19(0.71,10.2)	2(0.81,41.5)	89(0.75,8.2)	20(0.67,8.6)	75(0.72,7.8)	12(0.71,18.1)	62(0.81,9.9)	65(0.70,8.2)	36(0.73,9.9)	35(0.80,10.2)	23(0.81,10.7)	13(0.70,7.0)	30(0.58,8.0)	802(0.77,6.4)	7(0.73,14.3)	34(0.65,11.7)	37(0.77,9.4)	29(0.77,9.6)	22(0.73,14.1)	28(0.40,8.3)	69(0.69,7.4)	57(0.82,8.8)	46(0.82,12.0)	18(0.65,8.1)	25(0.76,7.5)	11(0.63,12.0)	6(0.84,12.2)	89(0.74,8.2)	21(0.73,10.8)	22(0.73,10.3)	84(0.62,7.0)	48(0.82,13.2)	28(0.74,9.1)	7(0.79,17.3)	29(0.77,11.2)	20(0.67,12.0)	51(0.47,5.8)	23(0.48,7.7)	14(0.82,12.1)	20(0.72,10.6)	12(0.64,19.0)	3(0.77,22.0)	23(0.62,6.5)	19(0.80,13.1)	32(0.68,11.4)	1(0.71,7.0)	
[Info]83 Clusters are found in total!
[Info]Step 44: likelihood: 1202.1866, Delta_likelihood: -0.008
ooooooooooooooooooooooooooooooooooooooooooooxooooooooooooooxoooooooooooooooooooooooooxoooooooooooooo
oooooooooxoooooooooooooooooxooooooo
[Info]Accumulating evaluation results during sampling...
[Info]Clusters:728(0.80,6.4)	41(0.79,12.4)	343(0.78,7.0)	227(0.73,6.4)	236(0.78,7.0)	121(0.67,7.7)	568(0.81,6.6)	95(0.69,8.0)	306(0.68,5.5)	100(0.82,8.5)	400(0.72,6.0)	43(0.67,7.4)	418(0.79,7.7)	395(0.67,5.6)	39(0.71,9.1)	65(0.51,7.3)	220(0.82,7.0)	45(0.79,10.6)	555(0.71,5.5)	222(0.74,7.3)	111(0.76,7.5)	65(0.75,8.2)	245(0.64,6.2)	42(0.74,6.6)	126(0.77,8.5)	28(0.81,9.5)	64(0.66,7.7)	582(0.74,6.3)	52(0.80,8.9)	759(0.77,6.0)	71(0.72,7.1)	37(0.62,7.7)	58(0.68,8.3)	35(0.66,9.2)	41(0.85,11.1)	26(0.61,11.0)	92(0.78,9.2)	27(0.72,8.3)	2(0.81,41.5)	77(0.74,9.1)	23(0.66,8.6)	73(0.68,6.7)	21(0.73,12.3)	60(0.82,9.8)	75(0.72,7.8)	50(0.70,8.7)	31(0.80,12.4)	32(0.79,8.5)	10(0.74,8.7)	45(0.59,7.1)	760(0.77,6.4)	5(0.75,21.4)	35(0.65,11.7)	27(0.79,11.7)	22(0.80,11.8)	34(0.77,10.7)	23(0.40,9.9)	78(0.73,7.8)	58(0.84,9.3)	32(0.83,15.5)	11(0.64,11.5)	23(0.76,6.4)	16(0.54,7.1)	8(0.84,9.5)	73(0.72,7.5)	9(0.77,13.8)	13(0.79,12.2)	60(0.63,8.0)	45(0.83,13.7)	31(0.71,9.1)	25(0.75,6.9)	30(0.74,11.6)	19(0.73,12.6)	40(0.41,6.4)	19(0.49,7.7)	10(0.83,14.7)	24(0.75,10.0)	17(0.67,14.8)	4(0.78,15.0)	26(0.61,7.0)	14(0.82,16.1)	19(0.61,15.4)	4(0.58,4.8)	1(0.60,5.0)	
[Info]84 Clusters are found in total!
[Info]Step 45: likelihood: 1194.8942, Delta_likelihood: 0.006
oooooooooooooxoooooooooooooooooooooxooooooooooooooooooooooooooooooooooxoooooooooooooooooooooooxooooo
oooooooooooooooooxoooooooooooooooo
[Info]Clusters:708(0.81,6.4)	50(0.75,10.3)	344(0.78,7.2)	216(0.74,6.8)	225(0.79,7.3)	144(0.65,7.2)	545(0.80,6.4)	114(0.72,7.2)	262(0.69,6.1)	113(0.82,8.3)	388(0.72,5.9)	44(0.69,7.2)	414(0.78,7.4)	395(0.66,5.4)	39(0.71,8.5)	54(0.51,8.8)	201(0.81,7.1)	55(0.79,10.3)	532(0.71,5.6)	216(0.73,7.4)	106(0.75,8.4)	65(0.69,8.1)	242(0.64,6.6)	43(0.73,7.6)	118(0.77,9.5)	51(0.79,6.4)	49(0.64,9.0)	621(0.74,6.1)	57(0.82,7.5)	792(0.76,5.9)	58(0.71,8.5)	33(0.63,9.2)	44(0.65,9.4)	37(0.68,9.1)	48(0.85,8.5)	31(0.67,12.0)	96(0.80,8.9)	29(0.78,7.0)	2(0.81,41.5)	83(0.74,9.2)	36(0.69,6.9)	59(0.70,7.9)	24(0.74,11.8)	74(0.81,8.9)	47(0.71,9.4)	50(0.73,8.4)	39(0.81,9.4)	25(0.84,10.7)	11(0.63,9.5)	36(0.57,8.5)	775(0.78,6.5)	4(0.74,22.5)	43(0.68,10.9)	33(0.78,10.6)	29(0.74,10.7)	24(0.73,11.7)	30(0.44,8.5)	71(0.72,7.4)	45(0.86,10.9)	31(0.83,13.7)	13(0.65,10.0)	15(0.80,6.7)	33(0.57,5.6)	7(0.84,10.6)	78(0.72,7.3)	12(0.76,11.9)	26(0.78,8.8)	62(0.64,8.8)	53(0.82,11.5)	27(0.75,9.7)	17(0.79,10.2)	26(0.78,12.1)	19(0.71,11.3)	35(0.42,6.6)	30(0.56,7.7)	10(0.83,14.9)	22(0.74,9.5)	12(0.66,18.3)	13(0.76,7.7)	28(0.65,6.1)	12(0.80,17.9)	22(0.64,13.6)	11(0.76,6.4)	9(0.78,5.0)	
[Info]84 Clusters are found in total!
[Info]Step 46: likelihood: 1211.5988, Delta_likelihood: -0.014
ooooooooooooooooooooooooooooooooooooooooooooooooooooooooooooooooooooooooooooooxooooxoooooooooooooooo
oooooooooooooooxoooooooooooooooooxooooooo
[Info]Clusters:700(0.81,6.6)	50(0.77,10.8)	320(0.77,7.1)	204(0.73,7.2)	234(0.80,7.3)	120(0.65,8.0)	508(0.81,6.6)	95(0.70,7.3)	279(0.69,6.3)	106(0.81,8.3)	377(0.70,6.1)	54(0.70,6.0)	452(0.78,7.1)	357(0.67,5.5)	40(0.71,8.0)	72(0.54,7.1)	195(0.82,8.0)	54(0.80,11.2)	583(0.71,5.5)	218(0.73,7.3)	109(0.76,8.0)	52(0.72,8.0)	184(0.62,6.9)	34(0.71,7.5)	133(0.77,8.8)	24(0.82,10.4)	56(0.59,7.4)	563(0.73,6.2)	57(0.82,8.6)	787(0.76,5.9)	88(0.73,7.4)	52(0.63,7.4)	56(0.68,8.1)	42(0.69,9.3)	57(0.84,8.3)	41(0.65,8.5)	109(0.80,8.4)	21(0.76,8.0)	3(0.80,28.0)	81(0.74,8.3)	33(0.71,6.6)	38(0.70,8.8)	25(0.74,10.8)	63(0.83,10.9)	84(0.74,7.6)	38(0.70,9.4)	29(0.82,11.3)	20(0.82,9.7)	25(0.66,6.5)	48(0.59,7.1)	777(0.77,6.7)	6(0.72,19.8)	48(0.67,10.3)	42(0.79,9.9)	34(0.82,9.5)	15(0.72,15.9)	38(0.46,8.3)	66(0.71,8.5)	64(0.80,7.6)	40(0.83,12.0)	16(0.65,7.9)	10(0.81,10.4)	35(0.61,5.0)	5(0.82,17.6)	85(0.74,7.5)	15(0.74,9.3)	25(0.81,7.8)	57(0.61,7.6)	71(0.83,9.8)	42(0.77,7.8)	11(0.79,12.6)	31(0.77,10.7)	26(0.70,8.8)	39(0.39,6.3)	42(0.54,5.5)	5(0.83,21.8)	23(0.74,9.8)	13(0.69,19.3)	16(0.72,6.3)	24(0.68,7.3)	9(0.80,22.4)	30(0.64,10.7)	9(0.67,3.7)	3(0.50,3.3)	
[Info]84 Clusters are found in total!
[Info]Step 47: likelihood: 1222.6140, Delta_likelihood: -0.009
ooooooooooooooooooooooooooooooooooooooooooooooooooooooxoooooooooooooooooooooooooooooooooooooooooooxo
ooooxoooooxoooooooooooooxooooooooxooo
[Info]Clusters:664(0.80,6.6)	61(0.77,9.1)	344(0.79,7.0)	203(0.74,7.1)	228(0.80,7.3)	125(0.67,7.7)	530(0.82,6.5)	96(0.71,7.7)	271(0.69,5.9)	96(0.80,8.6)	412(0.71,6.0)	52(0.60,5.3)	514(0.78,6.8)	351(0.68,5.8)	41(0.69,8.6)	74(0.52,6.7)	227(0.82,7.3)	73(0.78,8.0)	623(0.72,5.6)	237(0.73,6.7)	106(0.76,7.5)	38(0.72,8.6)	164(0.64,7.7)	36(0.76,7.4)	148(0.79,8.9)	23(0.83,11.0)	69(0.62,6.8)	530(0.74,6.4)	56(0.83,9.5)	772(0.75,6.0)	104(0.72,6.9)	47(0.64,8.1)	70(0.67,7.8)	65(0.64,6.7)	39(0.84,9.6)	35(0.64,9.6)	115(0.77,7.9)	30(0.75,7.1)	5(0.81,17.6)	81(0.75,8.4)	33(0.69,6.6)	34(0.72,10.4)	29(0.77,12.8)	45(0.80,11.8)	83(0.73,7.5)	32(0.70,11.5)	20(0.82,14.3)	28(0.82,8.1)	23(0.69,8.4)	42(0.56,8.2)	734(0.77,6.5)	11(0.74,12.5)	53(0.65,9.1)	35(0.81,10.9)	28(0.76,9.8)	25(0.73,11.4)	31(0.45,8.0)	50(0.67,9.6)	52(0.81,9.1)	49(0.82,11.0)	15(0.67,7.8)	13(0.79,8.8)	29(0.63,6.4)	6(0.88,15.0)	72(0.72,7.4)	15(0.74,10.5)	13(0.78,11.6)	37(0.59,9.8)	70(0.84,9.5)	29(0.77,9.4)	15(0.77,10.1)	39(0.75,9.8)	20(0.70,12.6)	32(0.42,7.4)	33(0.46,5.3)	6(0.83,18.3)	21(0.77,12.2)	13(0.67,17.4)	8(0.79,8.4)	21(0.62,6.5)	11(0.81,19.1)	28(0.60,11.9)	1(0.50,2.0)	3(0.64,3.7)	
[Info]84 Clusters are found in total!
[Info]Step 48: likelihood: 1208.7950, Delta_likelihood: 0.011
oooooooooooxoooooooxoooxooooooooxoooooooooooooooxooooooooooooooooooooooooooooooooooooooooooooooooooo
ooxoooxooooooooooooooooooooooooooooooooooo
[Info]Clusters:659(0.80,6.7)	68(0.78,8.4)	292(0.80,7.4)	189(0.74,7.3)	250(0.79,7.0)	137(0.69,7.1)	545(0.81,6.7)	112(0.69,7.0)	263(0.69,6.0)	103(0.82,8.5)	487(0.72,5.8)	40(0.65,6.0)	528(0.77,6.9)	368(0.68,5.8)	33(0.73,11.9)	61(0.53,7.3)	231(0.82,7.5)	66(0.76,8.5)	572(0.69,5.5)	249(0.74,7.0)	115(0.76,8.4)	26(0.73,12.2)	193(0.63,7.1)	32(0.74,7.8)	162(0.78,8.0)	22(0.81,9.4)	60(0.65,8.2)	522(0.74,6.3)	41(0.81,10.3)	787(0.76,5.9)	87(0.71,6.3)	39(0.66,8.9)	66(0.69,6.8)	55(0.68,8.0)	38(0.86,11.5)	49(0.63,7.4)	92(0.78,8.5)	31(0.68,6.5)	4(0.79,21.8)	64(0.75,11.0)	28(0.75,7.3)	37(0.68,9.2)	28(0.70,10.1)	51(0.81,12.3)	79(0.73,7.4)	18(0.68,18.8)	16(0.82,16.3)	32(0.81,10.4)	12(0.72,8.4)	39(0.61,7.8)	765(0.76,6.3)	15(0.72,8.5)	51(0.67,9.2)	42(0.78,9.7)	26(0.72,10.3)	26(0.73,11.5)	24(0.43,10.0)	77(0.71,6.8)	60(0.84,8.7)	33(0.83,13.2)	16(0.72,9.0)	9(0.87,11.6)	33(0.58,5.9)	8(0.73,8.8)	75(0.72,7.1)	15(0.77,10.3)	20(0.79,10.1)	32(0.58,9.9)	48(0.84,12.8)	37(0.79,8.6)	13(0.75,11.1)	33(0.76,10.5)	23(0.72,10.0)	43(0.42,5.8)	18(0.48,7.3)	10(0.83,17.2)	32(0.74,8.8)	18(0.67,14.5)	3(0.79,19.3)	27(0.61,6.0)	7(0.81,26.3)	22(0.61,14.8)	1(0.50,2.0)	2(0.67,1.5)	
[Info]84 Clusters are found in total!
[Info]Step 49: likelihood: 1205.5432, Delta_likelihood: 0.003
[Info]Accumulating evaluation results during sampling...
CLinAdaptWithDP[dim:801,M:6,alpha:1.0000,#Iter:50,N1(0.000,0.450),N2(1.000,0.200)]
Micro confusion matrix:
	0	1
0	12488	5198
1	7532	48693
Micro F1:
Class 0: 0.6624	Class 1: 0.8844	
Macro F1:
Class 0: 0.4700	Class 1: 0.8197	

[Info]Save personalized models to ./data/Amazon_clindp_0.5_1.[Info]Training size: 0(0.00), adaptation size: 69235(0.75), and testing size: 73911(0.73)
[Info]Training size: 0(0.00), adaptation size: 69235(0.75), and testing size: 73911(0.73)
