Load 5000 2-gram old features from ./data/CoLinAdapt/Amazon/SelectedVocab.csv...
Language models share the same features with classification models!
9760 users are loaded from ./data/CoLinAdapt/Amazon/Users...
No normalizaiton is adopted here or wrong parameters in setFeatureValues()!
Text feature generated for 143161 documents...
[Info]Feature group size 801
[Info]Training size: 0(0.00), adaptation size: 69235(0.75), and testing size: 73911(0.73)
MTCLinAdaptWithDP[dim:801,supDim:5001,M:6,alpha:1.0000,#Iter:30,N1(0.000,0.200),N2(1.000,0.200)]
oxooxooxooxoxooooxoxoxoxoxooxooxoxoxoxoxoxoxoooxooxoxoxooxooxoxoxoxLBFGS fails!!!!
Line search failed. See documentation of routine mcsrch. Error return of line search: info = 3 Possible causes: function or gradient are incorrect, or incorrect tolerances. (iflag == -1)
	at LBFGS.LBFGS.lbfgs(LBFGS.java:458)
	at Classifier.supervised.modelAdaptation.DirichletProcess.CLRWithDP.estPhi(CLRWithDP.java:357)
	at Classifier.supervised.modelAdaptation.DirichletProcess.CLRWithDP.calculate_M_step(CLRWithDP.java:373)
	at Classifier.supervised.modelAdaptation.DirichletProcess.CLRWithDP.train(CLRWithDP.java:387)
	at mains.MyDPMain.main(MyDPMain.java:214)
oxooxooxoxxoxooxxoxxoxoLBFGS fails!!!!
Line search failed. See documentation of routine mcsrch. Error return of line search: info = 6 Possible causes: function or gradient are incorrect, or incorrect tolerances. (iflag == -1)
	at LBFGS.LBFGS.lbfgs(LBFGS.java:458)
	at Classifier.supervised.modelAdaptation.DirichletProcess.CLRWithDP.estPhi(CLRWithDP.java:357)
	at Classifier.supervised.modelAdaptation.DirichletProcess.CLRWithDP.calculate_M_step(CLRWithDP.java:373)
	at Classifier.supervised.modelAdaptation.DirichletProcess.CLRWithDP.train(CLRWithDP.java:387)
	at mains.MyDPMain.main(MyDPMain.java:214)
oxxxoxoxoxoxoxoxoxoxoxxoxoxoxoxoxxoxxoxoxoLBFGS fails!!!!
Line search failed. See documentation of routine mcsrch. Error return of line search: info = 6 Possible causes: function or gradient are incorrect, or incorrect tolerances. (iflag == -1)
	at LBFGS.LBFGS.lbfgs(LBFGS.java:458)
	at Classifier.supervised.modelAdaptation.DirichletProcess.CLRWithDP.estPhi(CLRWithDP.java:357)
	at Classifier.supervised.modelAdaptation.DirichletProcess.CLRWithDP.calculate_M_step(CLRWithDP.java:373)
	at Classifier.supervised.modelAdaptation.DirichletProcess.CLRWithDP.train(CLRWithDP.java:387)
	at mains.MyDPMain.main(MyDPMain.java:214)
ooxooooooxooooooooxoooooooxooooooxoooooooooooooxooooooooooooooooooooooooooooooooooooooooxooooooooooo
oooooxoooxoooxooooxooooooooooooooooxoooxooooooooxoooooooooooooooooooooooooooxooooooooooooooooooooooo
ooooooooooooooooooooooooxooooxoooooooooxoooxoooooxooooooooooooooooooooooooo
ooooooooooooxooooxooooxoooooooooooooooooooooooooooooooooooooooooooooooooxooooxooooxooooooooooooooooo
ooooooooooooxooooooooooooooooooooxooooxoooooooooooooooooooooxoooooooooooooooooxooooooooxoooooo
ooxooooooooooooooooooooooooooooooooooooxoooooooxoooooooooooxooooxoooxooooooooooooxooooooxooooooooxoo
oooooooooooooooooooooooooooooooooooooooxooooooooooooxooooooooxooooooooooooooo
ooxooooooooooooooxoooooooooooooooooooooooooooooooooooooooooooooooooooooxoooooooooooooooxoooooooooooo
ooooooooooooooooooooooxoooooooooooooxooooooooxooooooooooooooooooooooooooo
oooxoooooooooooooooooooooooooooooooooooooooooooooooxoooooooxooooooooxooooooooooooooooooooooooooooooo
oxoooooooooooxoooooooxooooooooooooooooooooooooooooooooxoooooooooooooo
oooooooxoooxooooooooooooooooooooooooooooooxoooooooooooooooxooooooooooooooooooooooooooooooooooooooooo
oxooooooooxooooooooooooooooooxooooooooooooooooooooxooooooooooooooo
oooooooooooooooooooooooooooooxooooooooooooooooooooooooxoooooooooooooooooxoooooooooooooooooooooooxooo
xooooooooooooooooooooooooooooooooooxoooooooooooooooooxooooooooooxoo
ooxoooooooooooooooooooxoooxooooooooooooooooxoooooooooooooooooooooooooooooooooooooooooooooooooooooooo
oooooooxooooxooooooooxooooooooooooxoooooooooooooooooooooooooooooooooooo
[Info]Accumulating evaluation results during sampling...
[Info]Clusters:140(0.80,9.2)	205(0.71,6.2)	319(0.85,7.3)	130(0.79,5.6)	92(0.74,6.8)	120(0.78,6.2)	209(0.67,5.4)	200(0.75,7.4)	101(0.66,7.2)	64(0.84,8.2)	210(0.72,7.5)	118(0.73,7.1)	117(0.74,6.9)	59(0.72,8.6)	153(0.75,7.8)	108(0.78,6.7)	279(0.76,6.6)	260(0.73,5.9)	131(0.75,6.9)	56(0.74,8.9)	198(0.70,6.8)	92(0.75,7.2)	63(0.73,7.4)	179(0.72,6.9)	285(0.84,8.1)	132(0.73,6.7)	87(0.78,7.3)	118(0.66,7.1)	163(0.75,8.2)	145(0.69,5.6)	81(0.68,6.1)	66(0.77,7.5)	287(0.66,6.2)	145(0.84,7.1)	42(0.73,6.2)	104(0.72,5.2)	30(0.78,11.0)	238(0.79,7.7)	146(0.69,5.8)	247(0.77,7.0)	41(0.78,8.8)	91(0.80,7.5)	253(0.67,6.0)	63(0.61,7.8)	160(0.75,6.7)	117(0.73,6.5)	33(0.65,5.1)	150(0.73,6.3)	128(0.71,8.4)	35(0.82,9.9)	96(0.72,7.3)	117(0.79,7.5)	115(0.77,8.2)	326(0.68,6.5)	34(0.79,9.2)	224(0.62,6.2)	267(0.71,5.9)	44(0.78,8.2)	70(0.77,9.7)	99(0.80,7.0)	105(0.55,5.9)	118(0.82,7.9)	56(0.79,10.8)	115(0.84,8.1)	65(0.78,6.9)	94(0.77,8.7)	1(0.75,8.0)	78(0.74,7.3)	1(0.00,1.0)	103(0.79,8.5)	1(0.75,8.0)	108(0.77,9.4)	4(0.85,6.5)	43(0.71,8.0)	15(0.83,13.7)	18(0.73,9.5)	60(0.75,8.2)	4(0.75,8.0)	113(0.68,8.0)	59(0.85,7.5)	13(0.84,7.5)	42(0.70,7.9)	3(0.57,4.7)	3(0.85,13.0)	21(0.64,7.6)	45(0.83,7.6)	3(0.73,12.3)	23(0.77,9.5)	12(0.75,8.3)	21(0.83,6.9)	8(0.70,8.6)	4(0.71,10.3)	1(0.80,5.0)	
[Info]93 Clusters are found in total!
[Info]Step 0: likelihood: 478.4670, Delta_likelihood: 0.005
ooxooooooooooooooooooooooooooooooooooooooooooooooxoooooooooooooooooxoooxooooooooooooxoooooooxooooooo
ooooooooooooooooooooooooooooxoooooooooooooooxoooooooooooooooooooooxooooooooooo
[Info]Clusters:161(0.78,8.4)	205(0.73,7.0)	310(0.84,7.4)	131(0.79,7.1)	76(0.74,8.2)	80(0.77,7.5)	212(0.70,5.5)	206(0.77,7.1)	114(0.67,6.4)	63(0.80,6.8)	220(0.72,7.1)	129(0.75,7.5)	123(0.77,7.3)	72(0.74,8.4)	128(0.75,7.2)	132(0.79,6.5)	261(0.73,6.7)	255(0.69,5.0)	133(0.79,7.3)	51(0.70,8.5)	188(0.70,6.6)	86(0.78,8.2)	72(0.75,7.9)	170(0.72,7.0)	304(0.83,7.5)	105(0.72,6.1)	88(0.79,8.4)	141(0.67,6.9)	163(0.77,8.3)	114(0.69,6.6)	72(0.69,7.0)	49(0.75,8.9)	263(0.66,6.7)	136(0.84,7.8)	52(0.74,8.0)	106(0.74,7.3)	20(0.82,9.9)	254(0.78,6.6)	106(0.66,6.5)	287(0.77,6.8)	58(0.78,7.6)	97(0.78,7.2)	235(0.69,6.5)	78(0.64,6.8)	185(0.76,7.1)	119(0.73,7.8)	37(0.64,4.5)	122(0.74,6.7)	143(0.73,8.6)	25(0.81,9.4)	87(0.70,8.4)	100(0.77,7.4)	123(0.76,6.9)	417(0.67,5.7)	48(0.70,7.0)	216(0.62,6.2)	273(0.74,6.3)	37(0.77,9.3)	66(0.79,6.4)	97(0.84,8.8)	130(0.60,5.6)	127(0.82,7.4)	64(0.77,10.4)	110(0.83,7.9)	72(0.80,7.5)	93(0.76,7.7)	4(0.80,3.8)	65(0.67,7.7)	2(0.82,5.5)	110(0.79,7.3)	3(0.64,4.7)	83(0.79,9.0)	4(0.93,10.5)	32(0.69,9.8)	26(0.82,9.4)	28(0.70,8.0)	46(0.77,10.2)	3(0.77,10.0)	89(0.63,7.3)	58(0.82,7.7)	12(0.81,5.2)	59(0.69,6.9)	2(0.89,9.0)	1(1.00,1.0)	25(0.67,7.5)	42(0.84,7.9)	3(0.74,13.0)	17(0.82,10.1)	4(0.81,21.3)	19(0.80,7.3)	8(0.65,8.1)	
[Info]91 Clusters are found in total!
[Info]Step 1: likelihood: 477.0448, Delta_likelihood: 0.003
oooooooooooooooooooooooooooooooooooooooooooooooooooooooooooooooooooxooooooooooooooooooooooooooooooox
ooooooooxoooooooooooooxoooooooxooooooooooooooooooooooooooooooooooooooooxooooooooooxoo
[Info]Clusters:163(0.77,8.3)	240(0.75,6.8)	310(0.85,7.3)	97(0.80,6.9)	59(0.77,7.9)	65(0.77,7.4)	213(0.68,5.6)	243(0.76,6.5)	131(0.65,6.1)	81(0.83,8.2)	229(0.72,7.5)	138(0.75,6.7)	107(0.76,6.6)	77(0.75,8.1)	168(0.75,5.6)	123(0.79,5.5)	248(0.73,6.6)	267(0.72,5.8)	151(0.77,7.3)	48(0.72,9.0)	147(0.67,6.2)	101(0.74,6.7)	81(0.74,6.7)	148(0.71,7.6)	293(0.83,7.1)	102(0.73,6.0)	82(0.78,7.9)	153(0.69,7.2)	158(0.76,7.7)	114(0.68,6.8)	63(0.71,6.9)	95(0.79,6.3)	303(0.64,6.1)	129(0.83,7.4)	59(0.73,6.3)	108(0.75,8.4)	28(0.78,6.7)	198(0.80,8.2)	122(0.69,7.2)	291(0.78,7.3)	43(0.72,7.6)	76(0.77,7.6)	249(0.66,6.0)	69(0.64,7.3)	210(0.76,6.9)	121(0.72,7.6)	40(0.66,5.5)	114(0.74,7.9)	147(0.74,8.3)	36(0.74,7.8)	113(0.73,7.3)	118(0.81,7.0)	112(0.75,7.3)	372(0.66,6.0)	35(0.76,7.1)	212(0.65,6.0)	276(0.74,6.3)	38(0.80,7.6)	62(0.77,8.6)	84(0.82,9.8)	124(0.57,5.6)	114(0.83,8.9)	72(0.80,10.2)	107(0.84,8.6)	63(0.82,7.4)	91(0.74,8.6)	1(1.00,4.0)	55(0.72,9.0)	17(0.81,10.4)	80(0.79,8.4)	2(0.57,3.5)	88(0.77,8.9)	8(0.97,3.8)	27(0.70,10.0)	20(0.84,10.2)	27(0.68,7.9)	48(0.78,8.1)	1(0.75,20.0)	96(0.66,8.0)	42(0.82,8.4)	11(0.84,8.3)	72(0.71,6.8)	12(0.65,6.9)	3(0.73,25.0)	34(0.67,8.4)	38(0.84,9.4)	3(0.82,11.0)	14(0.83,12.4)	12(0.74,7.3)	
[Info]89 Clusters are found in total!
[Info]Step 2: likelihood: 473.7163, Delta_likelihood: 0.007
ooxoooooooooooooxooooooooooooooooxoooxoooooooooooooooooooooooooooooooooooooxoooooooooooooooooxoooooo
ooooooooooooooooooooxooooooooooooooooooooooooooooooooooooooooxooooooooooooooooooooooooooo
[Info]Clusters:178(0.79,8.9)	220(0.74,6.9)	280(0.85,7.8)	92(0.79,8.2)	73(0.76,7.9)	62(0.77,7.2)	229(0.71,5.5)	217(0.77,7.7)	107(0.64,7.2)	48(0.82,7.9)	254(0.72,7.3)	147(0.74,7.4)	129(0.76,6.4)	92(0.75,7.6)	164(0.75,6.5)	110(0.79,7.3)	230(0.73,6.5)	262(0.70,5.6)	178(0.77,7.2)	48(0.72,9.1)	111(0.68,7.0)	82(0.75,6.7)	89(0.76,8.0)	148(0.74,6.8)	270(0.84,7.7)	79(0.70,6.7)	83(0.75,6.1)	124(0.66,7.4)	165(0.77,8.1)	137(0.67,7.0)	71(0.68,7.0)	77(0.80,7.5)	288(0.65,6.4)	128(0.85,7.3)	53(0.77,6.6)	133(0.76,5.9)	37(0.76,7.5)	221(0.77,6.7)	137(0.67,6.5)	332(0.79,7.0)	55(0.74,5.9)	43(0.81,8.8)	302(0.67,5.8)	69(0.67,7.0)	189(0.75,7.1)	130(0.72,7.2)	40(0.72,5.6)	116(0.73,6.2)	127(0.73,7.7)	33(0.84,8.5)	112(0.72,8.1)	115(0.79,6.6)	121(0.76,6.9)	378(0.68,5.9)	21(0.80,10.4)	237(0.62,5.5)	245(0.74,6.9)	47(0.76,6.8)	61(0.77,8.4)	79(0.79,8.6)	130(0.56,5.4)	93(0.83,10.3)	95(0.79,10.0)	131(0.85,6.4)	63(0.79,6.4)	88(0.79,9.6)	18(0.78,7.2)	55(0.72,8.2)	15(0.74,8.2)	88(0.81,8.6)	1(1.00,1.0)	62(0.77,10.4)	5(0.78,1.8)	44(0.68,9.1)	11(0.82,15.5)	35(0.70,7.3)	37(0.80,7.8)	14(0.82,13.1)	85(0.63,8.7)	43(0.80,9.0)	11(0.82,8.3)	87(0.69,6.6)	8(0.87,6.9)	8(0.75,9.1)	35(0.71,7.4)	70(0.84,7.4)	3(0.77,10.3)	1(0.67,3.0)	1(0.50,2.0)	
[Info]89 Clusters are found in total!
[Info]Step 3: likelihood: 471.4581, Delta_likelihood: 0.005
oooooooooooooooooooooooooooooooooooooooxooooooooooooooooooooooooooooooooooooooooooooooooooooooxooooo
oooxoooooooooooooooooooooooooooxooooooooooooooooxooooooooooooxooooooooo
[Info]Clusters:200(0.79,8.3)	207(0.74,7.1)	284(0.85,7.4)	106(0.78,7.2)	77(0.75,7.6)	57(0.79,7.4)	245(0.70,5.7)	172(0.75,7.9)	83(0.64,5.8)	42(0.80,9.1)	235(0.71,6.8)	124(0.74,7.2)	124(0.77,6.3)	71(0.72,7.2)	179(0.78,7.0)	104(0.81,7.0)	234(0.73,6.5)	262(0.70,5.8)	211(0.77,7.1)	34(0.70,10.6)	116(0.68,7.2)	82(0.76,6.2)	90(0.75,6.4)	149(0.71,6.8)	243(0.84,7.6)	110(0.74,6.5)	76(0.77,6.9)	121(0.68,7.4)	201(0.78,7.5)	148(0.65,7.1)	50(0.67,7.4)	79(0.78,6.2)	324(0.67,6.6)	131(0.86,7.6)	43(0.74,7.0)	149(0.72,6.5)	32(0.80,8.1)	255(0.78,7.0)	111(0.73,7.5)	300(0.77,7.4)	63(0.74,6.9)	36(0.80,9.0)	246(0.66,6.2)	49(0.59,8.0)	201(0.76,8.1)	133(0.68,6.5)	60(0.70,5.6)	115(0.75,7.1)	92(0.73,8.8)	38(0.81,8.7)	126(0.69,6.7)	105(0.79,6.9)	100(0.76,6.7)	361(0.68,6.1)	14(0.73,9.8)	260(0.64,5.4)	260(0.73,6.8)	46(0.78,7.2)	59(0.78,8.1)	95(0.80,6.6)	131(0.56,5.8)	100(0.85,9.5)	118(0.78,9.0)	140(0.82,6.8)	73(0.79,6.7)	88(0.79,10.6)	18(0.78,6.7)	57(0.72,7.5)	13(0.82,11.2)	108(0.79,8.2)	4(0.78,8.0)	61(0.79,10.0)	8(0.65,2.5)	48(0.76,10.2)	19(0.85,12.6)	40(0.73,6.8)	36(0.81,8.7)	18(0.84,9.5)	80(0.65,8.1)	42(0.82,8.3)	6(0.66,11.7)	97(0.67,6.0)	9(0.68,6.9)	11(0.68,6.6)	32(0.67,7.6)	64(0.86,8.5)	1(0.33,3.0)	
[Info]87 Clusters are found in total!
[Info]Step 4: likelihood: 472.4923, Delta_likelihood: -0.002
oooooooooooooooooxooooxooooxooooooooxoooooooooooooooooooooooooooooxooooooooooooooooxooooxooooooooooo
ooooooooooooooooooooooooooooooooooooooooooooooooooooooxooooooooxooooooo
[Info]Accumulating evaluation results during sampling...
[Info]Clusters:183(0.80,8.8)	201(0.71,6.3)	269(0.84,7.2)	95(0.80,7.9)	73(0.74,8.6)	48(0.75,6.6)	217(0.70,5.6)	204(0.76,7.0)	90(0.65,7.9)	37(0.81,8.9)	268(0.71,6.8)	158(0.72,6.8)	144(0.78,6.7)	64(0.71,7.3)	177(0.79,7.3)	114(0.81,6.8)	240(0.74,7.1)	237(0.70,6.7)	218(0.76,6.9)	27(0.73,15.4)	133(0.69,7.3)	83(0.71,6.4)	83(0.76,6.6)	143(0.72,6.7)	259(0.83,6.8)	99(0.74,6.3)	75(0.80,8.6)	131(0.70,7.7)	193(0.78,7.8)	144(0.66,6.2)	39(0.70,8.3)	64(0.73,6.6)	331(0.68,6.4)	137(0.86,7.4)	35(0.71,6.4)	119(0.75,6.0)	19(0.79,10.9)	266(0.78,7.2)	144(0.70,6.7)	350(0.78,7.4)	32(0.78,10.4)	53(0.75,7.3)	225(0.65,6.0)	39(0.65,8.9)	207(0.77,6.9)	148(0.72,5.8)	25(0.70,5.7)	100(0.75,7.3)	111(0.74,7.7)	39(0.81,7.3)	104(0.72,8.7)	117(0.80,7.1)	78(0.75,7.7)	355(0.67,6.1)	23(0.74,5.2)	240(0.65,5.9)	281(0.73,6.3)	53(0.79,7.7)	42(0.70,8.5)	79(0.81,7.2)	162(0.55,5.4)	98(0.85,10.4)	104(0.79,9.0)	142(0.83,7.6)	73(0.78,7.5)	79(0.79,10.8)	29(0.79,6.9)	56(0.72,7.9)	21(0.81,8.3)	121(0.76,6.2)	2(1.00,1.5)	57(0.78,8.6)	12(0.79,5.3)	39(0.72,8.3)	37(0.81,7.5)	37(0.76,8.6)	64(0.78,8.9)	28(0.86,11.3)	103(0.66,8.1)	50(0.78,8.3)	7(0.82,6.4)	93(0.65,6.5)	3(0.75,4.0)	18(0.74,6.7)	21(0.64,8.4)	24(0.84,10.7)	
[Info]86 Clusters are found in total!
[Info]Step 5: likelihood: 470.2843, Delta_likelihood: 0.005
oooooooooooooooooooooooooooooooooooooooooooooooooooooooooxooooooooooooooxoooooooooxooooooooxoooooooo
ooooxoooooooooooxooooxooooooooooooooooxooooooooxoooooxooooooooooooooxooooooo
[Info]Clusters:209(0.79,8.1)	210(0.74,6.6)	297(0.86,8.2)	91(0.78,8.8)	84(0.75,7.9)	33(0.73,9.2)	208(0.69,6.2)	222(0.76,6.8)	74(0.66,7.0)	34(0.81,7.1)	256(0.70,6.8)	184(0.72,6.2)	110(0.77,7.0)	58(0.72,9.2)	197(0.76,6.0)	92(0.81,6.4)	240(0.74,7.1)	235(0.71,6.9)	172(0.75,7.6)	37(0.71,10.3)	147(0.71,7.1)	71(0.76,7.5)	77(0.71,5.8)	133(0.73,7.8)	236(0.84,7.5)	87(0.74,6.9)	81(0.81,8.8)	103(0.67,8.1)	214(0.79,7.6)	167(0.67,6.1)	39(0.72,8.5)	38(0.79,8.7)	389(0.67,5.7)	137(0.85,7.5)	27(0.72,8.6)	109(0.74,6.7)	31(0.76,9.4)	339(0.79,6.9)	162(0.70,6.0)	371(0.79,7.0)	34(0.75,6.1)	56(0.76,7.8)	208(0.67,6.9)	42(0.65,8.2)	190(0.76,7.3)	134(0.71,5.7)	33(0.77,5.9)	84(0.77,8.0)	95(0.75,9.5)	24(0.77,9.4)	81(0.72,8.3)	114(0.78,6.5)	95(0.75,7.1)	335(0.66,6.3)	25(0.67,7.4)	285(0.63,6.0)	345(0.74,6.2)	53(0.77,8.6)	43(0.78,9.6)	47(0.81,7.0)	167(0.54,4.9)	103(0.82,10.3)	83(0.77,9.1)	109(0.86,8.2)	58(0.80,6.7)	84(0.78,9.7)	36(0.78,7.3)	63(0.71,5.8)	25(0.77,7.8)	106(0.77,7.2)	27(0.82,10.3)	37(0.79,8.5)	2(0.86,3.5)	35(0.74,9.7)	34(0.82,8.5)	38(0.65,7.0)	59(0.78,6.9)	34(0.82,9.0)	121(0.69,6.9)	38(0.83,8.8)	4(0.79,8.3)	111(0.64,6.0)	6(0.81,6.2)	27(0.70,6.1)	11(0.57,10.5)	
[Info]85 Clusters are found in total!
[Info]Step 6: likelihood: 469.0964, Delta_likelihood: 0.003
ooxooooooooooooooxooooooooooooooooooxooooooooooooxooooooooooooooooooooooxooooooxooooxooooxoooxoooooo
ooooooooooooooooxoooooooxooooxoooooooooooooooooooooooooooooooooooooooooxoooooo
[Info]Clusters:174(0.78,9.1)	213(0.72,6.7)	276(0.86,7.6)	94(0.78,8.3)	101(0.71,6.6)	28(0.76,8.2)	211(0.71,6.2)	204(0.75,7.4)	66(0.68,7.3)	29(0.81,8.0)	279(0.70,6.0)	197(0.77,6.7)	151(0.78,7.5)	36(0.73,9.6)	206(0.75,6.6)	80(0.77,6.1)	275(0.73,6.5)	249(0.72,6.8)	165(0.78,7.3)	29(0.68,9.0)	142(0.71,6.8)	64(0.78,7.1)	86(0.74,6.7)	121(0.72,8.1)	272(0.83,7.4)	74(0.74,6.4)	81(0.80,7.3)	125(0.65,6.6)	218(0.78,6.8)	204(0.67,5.6)	38(0.69,7.6)	36(0.78,7.4)	364(0.68,6.2)	152(0.87,7.4)	24(0.76,9.9)	109(0.78,7.7)	35(0.76,8.9)	327(0.79,6.7)	161(0.68,6.1)	405(0.79,6.9)	30(0.72,9.2)	68(0.75,7.6)	251(0.66,6.4)	54(0.69,7.1)	190(0.76,7.7)	117(0.71,5.6)	29(0.77,7.3)	74(0.71,6.4)	99(0.74,7.8)	30(0.76,7.5)	88(0.72,8.3)	107(0.78,6.6)	91(0.77,7.3)	321(0.68,7.0)	24(0.74,6.1)	264(0.64,6.2)	327(0.73,6.6)	47(0.82,8.9)	39(0.76,10.2)	59(0.79,8.1)	171(0.51,5.3)	67(0.81,9.1)	86(0.78,8.8)	103(0.83,9.3)	37(0.81,7.7)	103(0.78,9.3)	32(0.78,7.3)	48(0.70,8.3)	26(0.85,10.7)	114(0.79,7.8)	37(0.84,9.4)	37(0.78,9.4)	3(0.94,12.0)	42(0.73,8.7)	19(0.83,8.8)	32(0.71,6.6)	30(0.78,10.6)	14(0.85,13.2)	120(0.67,7.0)	37(0.81,9.0)	12(0.81,8.3)	120(0.66,6.4)	4(0.62,3.3)	19(0.80,10.6)	14(0.64,12.6)	2(0.79,12.0)	2(0.82,8.5)	1(0.50,4.0)	
[Info]88 Clusters are found in total!
[Info]Step 7: likelihood: 474.0456, Delta_likelihood: -0.010
ooxooooooooooooooooooxooooooooooooxooooooooooooooooooooooooooooooooooooooooxooooooooooooooooooooooxo
ooooooooooooooooooooooooxooooxoooooooxooooooooooooooooooxooooooooooooooooxoooooo
[Info]Clusters:180(0.77,8.1)	208(0.72,6.3)	242(0.85,7.7)	92(0.81,8.4)	73(0.75,8.6)	35(0.72,7.2)	214(0.75,6.9)	177(0.75,7.4)	46(0.76,11.5)	41(0.82,9.1)	267(0.70,6.0)	169(0.74,6.9)	170(0.81,7.3)	32(0.72,11.0)	174(0.74,6.8)	80(0.78,6.7)	299(0.77,6.4)	266(0.72,6.6)	153(0.77,8.7)	20(0.70,12.4)	119(0.67,6.3)	68(0.76,6.9)	98(0.75,7.4)	142(0.73,7.1)	287(0.82,7.3)	79(0.75,6.4)	111(0.80,7.7)	134(0.68,6.9)	218(0.80,7.6)	215(0.64,5.1)	30(0.68,9.5)	25(0.79,9.9)	370(0.66,6.1)	145(0.86,6.7)	24(0.67,5.7)	116(0.74,6.4)	30(0.79,8.5)	318(0.79,7.0)	135(0.72,6.8)	414(0.78,7.2)	19(0.65,7.7)	64(0.79,8.3)	271(0.65,5.9)	87(0.68,7.9)	189(0.77,7.3)	125(0.73,7.0)	35(0.72,5.6)	77(0.74,7.1)	93(0.77,9.0)	41(0.76,7.9)	101(0.73,7.4)	79(0.78,8.7)	94(0.76,7.8)	333(0.67,6.4)	16(0.76,5.8)	238(0.62,6.4)	315(0.72,6.1)	57(0.76,7.3)	32(0.74,11.5)	44(0.80,7.7)	192(0.54,4.8)	72(0.80,10.2)	125(0.80,8.9)	128(0.84,7.7)	36(0.81,9.8)	115(0.80,8.6)	33(0.77,8.6)	42(0.65,7.4)	19(0.77,9.9)	117(0.79,6.3)	43(0.83,8.1)	42(0.75,9.4)	4(0.78,11.5)	47(0.74,8.3)	16(0.83,11.1)	44(0.76,9.3)	22(0.74,10.1)	15(0.83,12.2)	115(0.65,5.6)	37(0.80,8.6)	9(0.80,5.1)	99(0.64,6.0)	6(0.97,5.0)	21(0.77,9.5)	11(0.55,10.0)	3(0.75,9.3)	3(0.84,10.3)	
[Info]87 Clusters are found in total!
[Info]Step 8: likelihood: 468.0308, Delta_likelihood: 0.013
oooooooooxoooooxoooooooooooooooooxoooxooooooxoooooooooooooooooooooooxooooooxooooooxooooooooooooooooo
ooooooooooooooooooooooxoooooooooooooxoooooooooooooxooooooooxoooxoooooooooooxoo
[Info]Clusters:202(0.79,8.2)	223(0.74,6.5)	233(0.85,8.0)	84(0.83,8.6)	95(0.71,6.9)	23(0.73,6.4)	246(0.72,6.5)	153(0.77,8.5)	60(0.72,9.6)	41(0.79,8.0)	257(0.72,6.3)	185(0.73,5.9)	175(0.82,7.8)	53(0.74,9.3)	172(0.73,6.4)	102(0.79,6.9)	282(0.76,7.0)	255(0.73,6.7)	135(0.77,8.0)	29(0.70,7.0)	119(0.68,7.1)	58(0.77,6.4)	80(0.73,7.2)	118(0.72,7.8)	264(0.83,7.4)	78(0.75,7.9)	122(0.81,7.6)	114(0.68,7.8)	222(0.79,6.9)	181(0.65,5.9)	33(0.67,9.0)	22(0.80,10.1)	363(0.66,6.3)	122(0.88,6.5)	16(0.74,6.1)	116(0.71,7.0)	22(0.77,10.2)	336(0.80,7.0)	119(0.71,7.3)	428(0.78,6.6)	27(0.66,4.8)	69(0.77,8.2)	279(0.65,5.9)	86(0.68,7.1)	200(0.76,6.9)	147(0.71,6.4)	32(0.65,5.8)	85(0.76,7.0)	89(0.75,9.4)	36(0.79,7.6)	95(0.72,7.2)	75(0.79,7.7)	108(0.76,7.3)	351(0.67,6.3)	8(0.76,8.4)	252(0.64,6.3)	359(0.74,6.6)	45(0.79,8.0)	31(0.76,10.7)	37(0.81,6.7)	190(0.50,4.8)	55(0.81,10.7)	144(0.79,7.7)	111(0.82,8.3)	44(0.74,7.0)	109(0.78,9.7)	29(0.76,7.0)	46(0.71,9.2)	7(0.80,12.6)	98(0.78,7.8)	63(0.85,9.1)	47(0.75,9.7)	1(0.67,6.0)	45(0.76,7.2)	15(0.83,13.9)	54(0.71,5.7)	21(0.80,10.8)	21(0.83,11.1)	100(0.68,6.8)	33(0.79,7.8)	8(0.70,7.9)	97(0.72,7.1)	6(0.41,2.8)	21(0.74,8.8)	17(0.56,7.3)	10(0.59,2.2)	1(1.00,1.0)	
[Info]87 Clusters are found in total!
[Info]Step 9: likelihood: 470.1332, Delta_likelihood: -0.004
ooxooooooooooooooooooooooooooooooooooooooooooooooooooooooooooooooooooooooooooooooooooooooooooooooooo
ooooxoooooooxoooooooooooooxooooooooooooooooooooooooooooooxoooooooooooooo
[Info]Accumulating evaluation results during sampling...
[Info]Clusters:197(0.79,8.1)	218(0.76,6.7)	235(0.84,7.7)	75(0.78,8.5)	82(0.73,7.8)	25(0.80,8.8)	282(0.73,6.6)	152(0.77,7.9)	59(0.72,8.8)	58(0.84,6.7)	269(0.70,6.6)	169(0.77,7.4)	164(0.81,6.9)	52(0.70,8.3)	142(0.74,7.3)	105(0.77,7.1)	303(0.75,6.9)	290(0.72,6.2)	159(0.79,8.1)	33(0.71,8.1)	140(0.68,6.5)	44(0.78,7.7)	74(0.73,6.0)	104(0.72,8.0)	246(0.84,7.7)	76(0.75,8.6)	103(0.79,6.6)	130(0.70,7.9)	203(0.80,7.4)	159(0.64,5.9)	42(0.65,6.5)	24(0.79,10.4)	382(0.67,5.9)	124(0.85,6.5)	28(0.72,7.0)	108(0.71,7.0)	16(0.76,7.9)	299(0.80,7.3)	129(0.73,8.2)	397(0.77,6.7)	33(0.71,7.4)	73(0.75,6.3)	287(0.65,5.6)	92(0.69,6.6)	206(0.76,7.4)	122(0.73,6.3)	35(0.72,5.1)	80(0.73,5.9)	82(0.75,10.2)	32(0.83,9.6)	103(0.71,7.4)	102(0.76,6.9)	93(0.75,8.5)	392(0.69,6.4)	6(0.64,11.5)	267(0.64,5.7)	330(0.74,6.7)	38(0.76,7.2)	28(0.76,9.3)	47(0.82,6.7)	191(0.51,5.3)	42(0.83,11.8)	106(0.77,8.4)	112(0.83,8.0)	60(0.78,8.5)	104(0.78,8.6)	31(0.79,10.5)	52(0.71,6.9)	6(0.82,19.0)	82(0.79,8.7)	77(0.84,7.1)	63(0.78,11.6)	1(0.50,2.0)	24(0.74,9.5)	23(0.82,9.6)	44(0.72,8.1)	18(0.76,9.2)	19(0.81,9.8)	138(0.69,6.1)	18(0.76,9.1)	12(0.82,8.6)	110(0.66,6.4)	1(1.00,6.0)	32(0.76,7.4)	27(0.63,7.1)	4(0.73,5.5)	
[Info]86 Clusters are found in total!
[Info]Step 10: likelihood: 470.2013, Delta_likelihood: -0.000
ooxooooooooooooooooooooooxooooooxoooooooxooooooooooooooooooooooooooooooooooooooooooooooooooxoooooooo
xoooooooooooooxoooooooooooooooooooooooooooooooooxooooooooooooooo
[Info]Clusters:225(0.79,8.4)	208(0.75,7.2)	229(0.85,8.3)	66(0.81,9.1)	78(0.74,7.1)	40(0.78,6.8)	273(0.69,6.5)	162(0.76,8.0)	55(0.73,8.6)	80(0.83,6.9)	278(0.73,6.7)	186(0.76,7.5)	149(0.80,7.2)	44(0.70,9.9)	148(0.75,6.8)	91(0.77,5.5)	278(0.74,7.3)	312(0.74,6.2)	157(0.79,7.5)	34(0.68,7.2)	178(0.71,6.1)	62(0.76,5.6)	46(0.74,6.6)	104(0.74,8.8)	259(0.85,7.7)	36(0.75,10.1)	118(0.81,7.4)	162(0.71,7.0)	171(0.80,8.0)	131(0.67,6.4)	40(0.63,5.8)	38(0.78,9.3)	385(0.68,6.2)	113(0.86,7.3)	22(0.78,5.6)	117(0.74,7.1)	26(0.80,9.4)	284(0.80,7.5)	147(0.72,7.6)	374(0.77,7.0)	27(0.67,7.0)	58(0.75,7.8)	309(0.63,5.6)	92(0.67,6.8)	230(0.78,6.9)	147(0.71,6.2)	25(0.67,4.2)	71(0.68,6.4)	90(0.77,10.6)	33(0.77,7.4)	122(0.72,7.0)	101(0.76,6.2)	98(0.73,7.8)	347(0.68,6.4)	7(0.77,9.1)	284(0.67,5.8)	313(0.74,6.5)	36(0.77,8.5)	17(0.77,11.4)	45(0.77,7.4)	188(0.51,5.2)	44(0.83,11.2)	133(0.76,7.9)	88(0.83,8.1)	66(0.81,7.4)	118(0.77,8.3)	36(0.78,7.2)	43(0.70,7.6)	6(0.74,15.8)	74(0.77,7.8)	83(0.84,6.7)	62(0.77,8.6)	2(0.33,1.5)	31(0.75,8.3)	25(0.81,12.1)	40(0.73,9.0)	14(0.69,8.9)	16(0.79,9.1)	151(0.69,6.5)	11(0.87,12.1)	9(0.81,5.9)	96(0.65,6.3)	33(0.67,8.8)	13(0.68,5.9)	2(1.00,2.0)	
[Info]85 Clusters are found in total!
[Info]Step 11: likelihood: 466.9652, Delta_likelihood: 0.007
oooooooooooooooooooooooooooooooooooooooooxoooooooooooooooooooooxoooooooooooooooooooooooooooooooooooo
ooooooooooooooooooooooooooooooooooooooooxoooooooooooxooo
[Info]Clusters:257(0.78,8.4)	237(0.75,7.5)	212(0.85,8.8)	84(0.81,8.0)	69(0.77,8.9)	33(0.76,5.7)	279(0.70,5.5)	157(0.78,8.9)	51(0.67,7.6)	66(0.79,5.7)	252(0.71,7.2)	224(0.77,6.8)	140(0.80,7.6)	39(0.66,7.2)	123(0.74,7.3)	83(0.80,8.7)	312(0.76,6.8)	345(0.74,6.5)	177(0.78,6.3)	38(0.72,9.2)	153(0.72,6.6)	46(0.80,7.7)	49(0.70,5.0)	122(0.73,7.8)	248(0.85,8.2)	44(0.72,8.9)	83(0.77,6.8)	184(0.70,7.3)	166(0.79,8.3)	127(0.66,6.1)	40(0.69,8.4)	58(0.80,6.7)	402(0.67,6.3)	94(0.85,8.0)	18(0.78,4.0)	127(0.73,6.5)	18(0.77,8.1)	263(0.81,7.2)	148(0.71,6.7)	328(0.78,7.7)	31(0.73,8.0)	50(0.80,6.8)	276(0.65,5.9)	97(0.69,6.8)	244(0.77,6.9)	200(0.74,5.9)	7(0.61,7.0)	75(0.75,6.6)	95(0.76,9.3)	37(0.75,5.7)	129(0.70,7.2)	110(0.76,5.9)	103(0.72,6.1)	356(0.69,6.4)	8(0.76,11.0)	319(0.65,5.7)	277(0.74,7.2)	35(0.80,8.2)	12(0.75,14.9)	43(0.76,8.1)	156(0.48,5.0)	85(0.81,8.5)	142(0.75,7.1)	99(0.85,8.5)	67(0.79,7.9)	101(0.75,9.0)	40(0.78,6.8)	41(0.66,8.0)	14(0.78,10.7)	51(0.79,7.9)	62(0.83,7.0)	71(0.76,7.7)	5(0.76,3.4)	30(0.77,8.1)	23(0.83,8.7)	40(0.69,6.9)	32(0.72,7.6)	17(0.79,10.5)	150(0.68,7.0)	12(0.83,7.3)	2(0.73,5.5)	68(0.67,7.3)	30(0.64,8.6)	4(0.66,13.3)	
[Info]84 Clusters are found in total!
[Info]Step 12: likelihood: 472.8429, Delta_likelihood: -0.012
ooxooooooooooooooooooooooooooooooooooooooooooooooooooooooooooooooooooooooooooooooooooooooooooooooooo
oooooooooooooooooooxoooooooooooooooooooooooooooooooooooooooo
[Info]Clusters:299(0.78,7.7)	258(0.72,7.2)	227(0.86,8.9)	74(0.80,8.9)	52(0.78,10.5)	41(0.73,6.5)	247(0.69,5.9)	176(0.73,7.4)	49(0.63,6.8)	34(0.85,8.2)	316(0.72,6.9)	238(0.75,6.3)	168(0.80,7.1)	32(0.70,8.8)	97(0.77,7.9)	38(0.80,7.4)	310(0.76,7.1)	354(0.73,6.3)	165(0.76,6.8)	30(0.70,8.7)	150(0.71,6.1)	37(0.84,9.3)	41(0.71,6.1)	142(0.72,7.7)	268(0.84,7.6)	51(0.75,7.8)	104(0.78,7.4)	152(0.69,8.1)	169(0.80,7.8)	136(0.64,5.9)	28(0.67,7.9)	57(0.80,6.9)	417(0.68,6.2)	94(0.87,6.8)	18(0.77,5.5)	129(0.76,5.9)	16(0.78,10.4)	292(0.81,7.0)	162(0.72,6.7)	308(0.77,7.2)	23(0.75,7.4)	45(0.75,8.0)	287(0.65,6.4)	97(0.67,6.2)	245(0.75,7.2)	175(0.74,6.0)	7(0.65,5.7)	82(0.73,7.6)	111(0.76,8.1)	44(0.81,7.5)	98(0.71,6.7)	127(0.74,6.0)	102(0.73,7.4)	389(0.69,6.0)	5(0.80,10.8)	300(0.64,5.5)	292(0.74,7.1)	24(0.76,9.7)	8(0.77,20.3)	43(0.80,8.6)	162(0.50,5.3)	67(0.81,9.4)	124(0.80,7.8)	106(0.84,8.4)	65(0.80,7.4)	91(0.80,10.0)	23(0.83,8.5)	55(0.67,8.0)	13(0.80,15.5)	55(0.76,7.5)	54(0.88,8.5)	71(0.80,7.7)	8(0.80,9.4)	30(0.77,12.4)	12(0.84,14.2)	34(0.65,6.4)	33(0.77,6.9)	21(0.80,9.0)	133(0.71,7.9)	8(0.81,11.8)	5(0.77,8.6)	52(0.64,7.9)	35(0.66,8.2)	5(0.68,11.2)	
[Info]84 Clusters are found in total!
[Info]Step 13: likelihood: 466.6130, Delta_likelihood: 0.013
ooooooooooooooooooooooooooooxooooxooooooooooooooooooooooooooooooooooxooooooooooooooooooooooooooooooo
ooooooooooooooooooooooooooooooxooooooooooooooooooooooooooooooooo
[Info]Clusters:338(0.78,7.5)	249(0.74,6.7)	246(0.86,7.8)	104(0.74,6.3)	59(0.77,9.4)	20(0.69,6.6)	254(0.71,6.6)	204(0.75,8.1)	66(0.71,7.0)	31(0.79,6.1)	325(0.74,6.8)	275(0.76,6.7)	146(0.79,7.0)	16(0.68,12.0)	88(0.76,7.0)	44(0.82,8.6)	340(0.76,6.9)	304(0.74,6.6)	161(0.77,6.7)	34(0.72,9.1)	162(0.70,6.7)	28(0.83,8.5)	31(0.72,8.2)	150(0.72,7.2)	258(0.84,7.5)	54(0.73,7.6)	105(0.72,6.0)	154(0.69,7.8)	159(0.80,8.3)	131(0.68,6.5)	25(0.67,10.7)	54(0.82,7.3)	373(0.67,6.0)	87(0.89,7.6)	16(0.74,6.1)	121(0.75,7.7)	20(0.81,8.2)	274(0.80,7.0)	148(0.72,7.1)	294(0.76,7.7)	10(0.72,10.2)	27(0.76,10.1)	279(0.66,6.1)	76(0.66,6.0)	291(0.77,6.8)	159(0.76,6.3)	8(0.75,13.1)	75(0.73,6.9)	112(0.74,7.6)	23(0.79,7.0)	91(0.75,8.4)	131(0.75,6.1)	119(0.73,6.9)	400(0.68,6.1)	4(0.79,14.0)	288(0.65,6.1)	328(0.73,6.3)	18(0.77,11.4)	15(0.72,17.1)	38(0.81,10.5)	189(0.48,4.9)	70(0.83,9.4)	132(0.78,7.6)	106(0.84,8.0)	59(0.78,7.8)	132(0.76,8.0)	23(0.72,6.7)	58(0.73,8.4)	14(0.80,11.9)	72(0.78,8.0)	45(0.87,8.3)	71(0.80,9.1)	1(0.60,15.0)	30(0.77,10.6)	8(0.81,13.3)	24(0.67,7.5)	6(0.67,9.0)	42(0.81,7.2)	128(0.68,7.5)	2(0.85,23.0)	3(0.67,6.0)	50(0.71,7.7)	25(0.68,9.2)	12(0.76,8.2)	
[Info]84 Clusters are found in total!
[Info]Step 14: likelihood: 469.3536, Delta_likelihood: -0.006
ooxoooooooooooooooooxooooxooooooooooooxoooooooxooooxoooxooooooooooooxoooooooooooooooooooooooooooxooo
xooooooooxoooooooooooooooooooooooooooxooooooooxoooooooooooooo
[Info]Accumulating evaluation results during sampling...
[Info]Clusters:341(0.78,7.6)	265(0.72,6.5)	256(0.85,7.7)	81(0.75,6.9)	75(0.77,8.2)	20(0.78,7.4)	266(0.73,6.3)	216(0.77,7.6)	62(0.67,7.9)	36(0.78,7.8)	342(0.74,6.3)	282(0.77,6.7)	131(0.81,7.2)	31(0.75,9.6)	104(0.72,7.8)	41(0.83,7.0)	310(0.75,6.8)	340(0.73,6.7)	162(0.77,7.2)	23(0.58,6.6)	151(0.70,6.6)	23(0.88,9.5)	44(0.72,7.4)	149(0.73,7.7)	264(0.83,7.8)	57(0.78,8.1)	119(0.77,5.7)	155(0.69,7.6)	132(0.79,8.3)	126(0.67,7.1)	38(0.66,9.7)	54(0.77,7.1)	374(0.67,6.1)	80(0.87,8.2)	14(0.75,7.9)	121(0.73,7.7)	25(0.77,8.5)	275(0.81,6.8)	134(0.71,7.6)	282(0.77,7.6)	11(0.67,9.1)	20(0.73,8.7)	253(0.67,6.2)	58(0.63,6.9)	256(0.77,7.0)	136(0.75,6.3)	5(0.59,5.4)	84(0.74,7.3)	99(0.74,8.6)	28(0.79,7.4)	71(0.69,7.5)	94(0.77,7.6)	92(0.74,6.0)	406(0.69,6.2)	3(0.78,16.7)	280(0.64,5.8)	361(0.74,6.2)	29(0.76,8.8)	9(0.75,18.2)	29(0.82,9.0)	205(0.52,5.0)	86(0.82,8.7)	155(0.78,7.7)	92(0.83,7.8)	49(0.81,9.7)	142(0.75,7.6)	22(0.83,10.7)	60(0.72,8.3)	25(0.79,9.4)	71(0.79,8.0)	33(0.81,8.8)	94(0.78,8.0)	17(0.79,10.6)	37(0.77,7.3)	7(0.81,14.1)	16(0.59,9.2)	6(0.56,7.5)	56(0.81,7.5)	163(0.71,7.7)	2(0.84,33.5)	3(0.68,7.3)	49(0.71,8.4)	27(0.61,6.7)	
[Info]83 Clusters are found in total!
[Info]Step 15: likelihood: 467.7106, Delta_likelihood: 0.004
ooooooooooooooxoooxooooooooooooooooooooooooooooooooooxoooooooooooooooooooooooooooooooooooooooooooooo
ooooooooooooooxoooooooooooooooooooooxoooooooooooooooooooooooooooo
[Info]Clusters:366(0.78,7.4)	286(0.71,6.5)	271(0.85,7.2)	80(0.75,6.8)	66(0.74,8.0)	18(0.71,8.2)	264(0.73,6.5)	221(0.77,7.5)	73(0.68,5.9)	54(0.81,6.8)	329(0.74,6.1)	259(0.77,7.4)	127(0.80,6.5)	21(0.65,9.2)	119(0.73,7.6)	45(0.77,7.1)	255(0.75,7.1)	342(0.73,7.1)	119(0.78,8.1)	26(0.68,8.9)	160(0.72,7.8)	23(0.84,11.7)	49(0.74,6.3)	150(0.73,7.3)	293(0.83,7.3)	71(0.79,7.4)	87(0.78,7.0)	133(0.67,7.9)	169(0.80,8.5)	140(0.69,6.0)	43(0.70,7.6)	49(0.79,8.1)	379(0.67,5.8)	61(0.88,7.0)	11(0.80,8.1)	128(0.72,7.5)	34(0.78,9.6)	284(0.80,7.3)	143(0.73,6.5)	260(0.80,7.5)	14(0.69,8.0)	27(0.73,8.7)	252(0.66,5.8)	52(0.62,6.6)	204(0.76,7.7)	122(0.78,6.9)	6(0.53,5.0)	59(0.72,9.4)	111(0.75,8.9)	24(0.80,6.8)	72(0.73,8.4)	102(0.78,7.2)	97(0.74,7.5)	395(0.68,6.1)	10(0.84,10.2)	304(0.66,6.3)	370(0.73,6.4)	24(0.79,9.3)	14(0.75,15.9)	23(0.78,8.0)	236(0.54,4.9)	84(0.84,9.2)	188(0.77,6.8)	116(0.83,7.1)	34(0.77,8.9)	141(0.75,8.0)	14(0.82,10.0)	52(0.71,7.2)	14(0.80,13.0)	70(0.78,8.4)	22(0.87,11.9)	78(0.79,9.1)	26(0.74,7.0)	44(0.77,7.0)	9(0.80,12.4)	21(0.64,7.7)	10(0.60,11.8)	61(0.81,6.3)	138(0.70,7.1)	2(0.89,33.0)	1(0.70,10.0)	51(0.66,8.3)	39(0.64,6.6)	1(1.00,4.0)	
[Info]84 Clusters are found in total!
[Info]Step 16: likelihood: 468.4194, Delta_likelihood: -0.002
ooooooooooooooooooooooooooooooxoooooooxooooooxooooooooooooooooooooooooooooooooooooooooxooooooooooooo
ooxooooooxoooooooooooooooooooooooooooooooooooooooxooooooooooooooooooo
[Info]Clusters:362(0.79,7.6)	273(0.72,6.2)	202(0.85,8.3)	89(0.76,8.1)	53(0.76,8.8)	19(0.73,8.7)	285(0.72,6.4)	232(0.74,7.4)	53(0.70,9.2)	56(0.78,7.2)	360(0.74,6.0)	222(0.76,7.6)	91(0.77,6.5)	26(0.74,9.0)	133(0.73,6.6)	51(0.81,10.0)	269(0.73,6.4)	361(0.73,6.8)	121(0.79,7.8)	29(0.60,7.0)	126(0.71,8.2)	11(0.84,13.5)	36(0.74,7.8)	142(0.74,7.5)	303(0.82,6.9)	37(0.74,8.2)	62(0.78,7.1)	162(0.69,7.4)	165(0.80,7.9)	165(0.72,6.5)	30(0.70,9.4)	40(0.80,7.9)	372(0.65,6.0)	53(0.88,7.6)	15(0.85,7.1)	154(0.75,8.6)	41(0.74,7.0)	296(0.81,7.4)	153(0.70,6.8)	253(0.79,7.6)	22(0.73,6.3)	23(0.74,10.6)	215(0.66,6.4)	53(0.64,6.0)	231(0.77,6.9)	97(0.74,7.1)	1(0.60,20.0)	62(0.76,8.1)	122(0.75,8.7)	25(0.81,10.8)	43(0.71,10.6)	105(0.76,7.2)	87(0.74,6.8)	401(0.70,6.0)	9(0.81,13.2)	319(0.64,5.6)	380(0.74,6.3)	33(0.76,7.5)	23(0.74,11.9)	26(0.78,8.1)	211(0.51,4.6)	116(0.82,8.6)	197(0.80,7.6)	130(0.84,6.6)	33(0.80,8.0)	115(0.79,9.8)	23(0.76,7.9)	68(0.75,8.0)	10(0.77,10.2)	89(0.76,6.6)	10(0.83,19.2)	58(0.80,9.4)	29(0.76,7.8)	87(0.77,5.9)	12(0.81,11.7)	35(0.66,6.3)	24(0.66,4.7)	35(0.80,10.0)	149(0.66,6.7)	5(0.87,6.0)	1(0.58,19.0)	64(0.68,7.5)	57(0.70,7.6)	1(0.60,10.0)	1(0.50,4.0)	1(1.00,4.0)	1(0.00,1.0)	
[Info]87 Clusters are found in total!
[Info]Step 17: likelihood: 468.4900, Delta_likelihood: -0.000
oooooooooooooooooxooooxoooooooooooooxooooxoooooooooooooooooooooooooooooxoooooooooooooooooooooooooooo
ooooooooxooooooooooooooooooooooooooooooxoooxoooooooooooooooooxooooooo
[Info]Clusters:349(0.79,7.5)	245(0.72,6.3)	246(0.85,7.7)	101(0.76,7.4)	58(0.76,8.5)	18(0.80,9.7)	285(0.74,6.4)	215(0.75,8.0)	46(0.67,7.6)	46(0.83,6.9)	383(0.73,5.9)	234(0.75,7.1)	83(0.81,6.1)	20(0.73,9.0)	132(0.76,8.5)	45(0.80,8.8)	255(0.74,7.0)	409(0.73,6.4)	156(0.76,7.3)	30(0.67,6.7)	120(0.68,7.3)	6(0.83,16.7)	32(0.79,5.8)	175(0.72,7.6)	267(0.83,7.7)	35(0.71,8.7)	92(0.76,6.4)	152(0.68,7.7)	136(0.81,8.6)	133(0.67,6.1)	28(0.67,7.5)	37(0.76,7.4)	394(0.64,5.4)	77(0.86,7.4)	13(0.83,9.3)	134(0.76,8.0)	33(0.77,6.7)	283(0.82,7.6)	189(0.72,6.7)	247(0.77,7.5)	22(0.76,6.1)	23(0.74,8.2)	229(0.66,6.7)	32(0.63,8.1)	213(0.78,7.2)	102(0.78,7.6)	2(0.50,2.0)	40(0.72,6.7)	129(0.77,8.3)	21(0.78,7.8)	61(0.74,10.6)	94(0.75,7.4)	111(0.70,7.1)	354(0.70,7.0)	12(0.79,9.1)	324(0.61,5.4)	420(0.75,5.7)	40(0.82,10.8)	38(0.73,9.0)	17(0.78,9.0)	199(0.52,4.8)	128(0.79,7.4)	180(0.78,7.3)	105(0.85,8.7)	35(0.79,9.3)	117(0.80,9.5)	20(0.79,8.5)	60(0.77,8.7)	24(0.83,11.0)	75(0.73,6.4)	18(0.84,12.7)	56(0.81,9.4)	29(0.72,4.9)	82(0.76,7.3)	10(0.80,11.6)	24(0.59,7.0)	30(0.66,5.0)	23(0.81,11.0)	140(0.67,7.1)	6(0.88,4.3)	2(0.77,15.0)	86(0.71,7.9)	70(0.70,6.2)	
[Info]83 Clusters are found in total!
[Info]Step 18: likelihood: 468.0981, Delta_likelihood: 0.001
ooooooooooxooooooooxooooooooooooxooooooooooooooooooooooooooooooooooooxooooxooooooooooooooxoooooxoooo
ooooooooooooooooxoooooooooooooooxoooooooooooooooooooooooooooooxooo
[Info]Clusters:353(0.78,7.9)	248(0.71,6.7)	226(0.85,7.9)	100(0.77,8.8)	69(0.77,9.1)	19(0.73,7.5)	277(0.72,5.9)	204(0.75,8.2)	33(0.65,7.4)	28(0.85,8.0)	402(0.73,6.3)	203(0.75,7.0)	62(0.81,5.9)	24(0.71,8.8)	157(0.76,6.7)	50(0.82,8.6)	264(0.75,7.4)	440(0.73,6.3)	164(0.77,7.2)	27(0.66,6.5)	131(0.71,7.6)	83(0.71,6.7)	33(0.75,5.7)	171(0.72,6.3)	272(0.84,7.4)	48(0.73,9.1)	76(0.78,7.8)	154(0.68,7.4)	121(0.82,8.7)	114(0.66,7.2)	28(0.65,7.5)	62(0.81,8.0)	363(0.64,5.9)	60(0.87,7.0)	10(0.78,4.6)	138(0.77,7.6)	39(0.81,9.5)	297(0.82,8.1)	189(0.71,7.0)	224(0.77,7.4)	19(0.75,8.8)	25(0.79,8.4)	293(0.66,5.5)	38(0.66,8.9)	217(0.78,7.1)	110(0.75,7.4)	62(0.69,7.1)	35(0.73,8.7)	138(0.73,7.6)	27(0.84,10.3)	59(0.73,9.7)	94(0.77,7.9)	102(0.73,7.8)	356(0.70,6.5)	20(0.78,8.1)	337(0.62,5.4)	418(0.75,6.2)	32(0.77,9.0)	18(0.78,15.9)	15(0.78,10.8)	201(0.52,4.9)	128(0.83,7.5)	190(0.79,7.5)	73(0.84,9.3)	25(0.74,7.9)	167(0.77,8.1)	22(0.81,7.3)	49(0.70,7.1)	26(0.79,8.9)	70(0.75,7.3)	17(0.82,12.4)	54(0.79,9.4)	34(0.79,7.3)	65(0.76,7.3)	13(0.78,11.3)	29(0.59,6.2)	26(0.72,7.3)	26(0.84,8.8)	139(0.68,6.7)	8(0.83,4.4)	2(0.71,3.5)	
[Info]81 Clusters are found in total!
[Info]Step 19: likelihood: 467.3921, Delta_likelihood: 0.002
ooxoooooooxoooooooxooooooooxooooooooooooooxoooxoooooooooooooooooxooooooooooooooooooooooooooooooooooo
oxooooxoooooooooooooxoooooooxooooooooooooooooooooooooooooooooooxoooooooooo
[Info]Accumulating evaluation results during sampling...
[Info]Clusters:368(0.77,8.1)	290(0.73,6.6)	250(0.86,8.2)	111(0.80,8.8)	66(0.77,8.3)	20(0.76,7.8)	270(0.71,6.6)	208(0.77,8.6)	24(0.62,9.3)	37(0.86,8.6)	378(0.73,6.6)	232(0.77,7.1)	67(0.78,5.3)	14(0.72,12.1)	149(0.75,7.4)	37(0.80,8.4)	271(0.73,7.2)	421(0.73,6.3)	158(0.77,7.1)	46(0.74,8.3)	175(0.69,6.8)	91(0.71,7.0)	37(0.75,5.4)	133(0.70,7.3)	247(0.84,7.4)	48(0.70,8.0)	102(0.80,8.2)	142(0.70,7.5)	129(0.80,8.4)	111(0.70,6.3)	25(0.65,8.0)	53(0.78,7.6)	376(0.63,5.8)	55(0.89,8.0)	12(0.65,4.8)	135(0.75,7.9)	52(0.79,8.1)	281(0.81,7.4)	202(0.73,6.7)	247(0.79,7.6)	21(0.72,5.0)	19(0.78,9.7)	302(0.64,5.4)	36(0.62,7.8)	241(0.77,7.7)	118(0.74,5.9)	48(0.63,6.9)	26(0.73,6.7)	136(0.73,7.1)	15(0.82,12.7)	69(0.73,8.6)	88(0.79,8.6)	108(0.74,7.6)	345(0.69,6.8)	31(0.78,7.3)	320(0.62,5.2)	366(0.74,6.1)	32(0.78,8.5)	13(0.78,12.1)	16(0.78,13.3)	202(0.53,5.0)	96(0.84,7.8)	166(0.80,8.0)	71(0.85,8.9)	27(0.74,9.6)	196(0.78,7.1)	25(0.77,6.9)	28(0.72,8.1)	22(0.75,8.9)	79(0.75,6.6)	13(0.83,15.4)	57(0.81,9.9)	39(0.78,7.0)	53(0.71,5.8)	19(0.76,7.4)	28(0.62,7.5)	27(0.76,6.9)	29(0.82,10.3)	142(0.68,6.8)	1(0.75,4.0)	1(1.00,4.0)	1(0.54,13.0)	
[Info]82 Clusters are found in total!
[Info]Step 20: likelihood: 468.8946, Delta_likelihood: -0.003
ooooooooooooooxoooooooooooooooxoooooooooooooooooxoooooooooooooooooooooooooooooxooooooooooooooooooooo
ooooooxoooooooooooooxoooooooooooooooooooxooooooooooooooooooooooxooo
[Info]Clusters:395(0.79,7.3)	310(0.71,6.2)	293(0.86,7.2)	109(0.79,6.6)	49(0.74,9.2)	26(0.73,6.9)	240(0.71,6.5)	215(0.74,7.5)	37(0.65,8.2)	40(0.83,7.2)	382(0.73,6.8)	183(0.75,7.0)	67(0.80,5.6)	16(0.75,12.4)	146(0.76,7.7)	53(0.82,8.0)	246(0.75,7.9)	427(0.72,6.4)	150(0.75,7.3)	38(0.67,7.0)	139(0.68,6.9)	87(0.72,8.2)	31(0.75,4.9)	123(0.71,7.1)	204(0.85,8.4)	44(0.72,8.1)	88(0.78,7.2)	128(0.67,7.5)	147(0.80,8.2)	81(0.70,8.5)	45(0.62,6.8)	43(0.81,7.9)	373(0.65,5.7)	59(0.85,7.7)	14(0.74,4.7)	132(0.75,7.1)	58(0.77,8.6)	235(0.81,7.5)	168(0.74,7.4)	262(0.79,7.0)	18(0.79,7.9)	25(0.74,7.5)	304(0.63,5.8)	39(0.55,6.4)	232(0.79,7.9)	144(0.74,5.4)	28(0.67,11.4)	21(0.70,10.6)	185(0.75,7.5)	18(0.81,9.1)	83(0.72,7.1)	79(0.76,7.1)	106(0.76,7.3)	335(0.68,6.7)	35(0.76,5.6)	293(0.64,5.7)	389(0.76,6.3)	30(0.78,9.4)	22(0.79,10.0)	12(0.77,14.5)	221(0.54,5.3)	114(0.81,8.8)	174(0.78,7.7)	91(0.83,9.7)	38(0.80,8.6)	213(0.78,8.2)	31(0.79,7.0)	18(0.64,8.4)	17(0.80,11.6)	76(0.72,5.5)	18(0.82,12.9)	89(0.80,8.8)	46(0.77,7.5)	33(0.73,6.8)	19(0.78,10.1)	31(0.72,8.7)	37(0.75,7.8)	29(0.82,8.0)	164(0.71,6.7)	1(0.67,3.0)	1(1.00,2.0)	
[Info]81 Clusters are found in total!
[Info]Step 21: likelihood: 469.1245, Delta_likelihood: -0.000
oooooooooooooooooooooooooooooooooxooooooooooooooooooooooooooxooooooooooooooooooooooooooooooooooooooo
oooooooooooooooooooxooooooooooooooooooooooooooooooooooooooooo
[Info]Clusters:408(0.78,7.9)	305(0.72,6.8)	256(0.85,7.9)	125(0.81,7.2)	69(0.73,7.8)	26(0.78,6.8)	243(0.72,6.3)	219(0.76,7.8)	17(0.61,10.2)	36(0.81,7.1)	408(0.75,6.9)	152(0.75,7.2)	58(0.82,7.5)	8(0.77,21.4)	141(0.76,6.5)	59(0.83,9.2)	267(0.73,7.0)	439(0.71,6.0)	170(0.82,7.4)	40(0.65,6.7)	149(0.71,7.9)	91(0.69,6.5)	35(0.74,5.4)	112(0.72,7.8)	233(0.83,7.3)	42(0.75,8.6)	82(0.78,7.0)	177(0.66,6.3)	119(0.80,8.2)	76(0.66,7.2)	36(0.64,7.7)	33(0.81,7.7)	352(0.66,6.0)	48(0.87,7.8)	35(0.76,5.9)	121(0.73,6.3)	38(0.80,8.3)	229(0.79,8.0)	158(0.73,7.3)	292(0.79,7.1)	11(0.74,12.1)	22(0.73,9.8)	286(0.65,5.8)	42(0.65,6.8)	244(0.80,7.4)	106(0.73,6.7)	24(0.71,9.7)	17(0.71,7.7)	195(0.74,7.3)	12(0.74,9.4)	84(0.74,7.0)	61(0.77,8.0)	132(0.74,7.6)	312(0.69,7.2)	22(0.80,7.6)	298(0.64,5.3)	401(0.74,6.1)	22(0.78,9.5)	17(0.73,14.5)	7(0.75,15.6)	235(0.49,5.0)	114(0.83,8.0)	184(0.78,7.6)	83(0.84,8.6)	47(0.75,7.1)	228(0.77,8.1)	22(0.76,8.5)	24(0.66,8.1)	22(0.80,8.0)	95(0.74,6.7)	15(0.88,16.7)	94(0.81,9.2)	50(0.80,6.1)	33(0.75,8.2)	14(0.80,11.6)	27(0.65,6.9)	26(0.73,5.2)	24(0.86,10.8)	186(0.70,7.3)	
[Info]79 Clusters are found in total!
[Info]Step 22: likelihood: 469.8902, Delta_likelihood: -0.002
ooxoooooooxooooooooooooooooooooooooxoooooooooooooooooooooxooooxooooooooooooxoooooooooooooooooooooooo
ooooooooooooooooooooooooooooooooxoooooooooxooooxooooooooooooxooooooo
[Info]Clusters:444(0.79,7.5)	319(0.73,6.5)	241(0.85,7.8)	134(0.77,6.8)	69(0.75,8.3)	31(0.73,6.5)	254(0.72,6.1)	235(0.75,7.8)	13(0.61,11.9)	19(0.83,6.8)	457(0.74,6.3)	150(0.76,7.4)	71(0.79,7.1)	11(0.74,13.2)	117(0.78,8.1)	57(0.82,5.5)	266(0.74,7.5)	400(0.73,6.1)	198(0.78,7.0)	32(0.63,6.5)	161(0.71,7.0)	100(0.67,5.8)	24(0.75,6.1)	131(0.72,7.3)	196(0.84,8.4)	44(0.72,7.2)	82(0.74,6.6)	187(0.65,6.2)	133(0.80,9.1)	94(0.68,6.7)	50(0.71,8.5)	47(0.81,8.1)	379(0.67,6.3)	58(0.89,8.1)	25(0.72,6.2)	125(0.76,7.4)	24(0.76,12.5)	236(0.82,7.8)	166(0.70,6.7)	289(0.79,7.5)	7(0.65,8.9)	27(0.77,8.6)	254(0.67,6.2)	36(0.60,6.7)	232(0.78,6.7)	90(0.72,5.9)	22(0.64,7.9)	10(0.77,13.8)	238(0.76,7.7)	25(0.77,8.6)	115(0.72,6.9)	91(0.77,7.7)	117(0.74,7.5)	289(0.68,6.7)	19(0.77,5.3)	303(0.63,5.4)	404(0.75,6.3)	25(0.79,9.4)	13(0.78,13.2)	9(0.74,16.0)	196(0.48,5.1)	74(0.84,10.1)	159(0.80,7.6)	84(0.81,8.9)	33(0.77,7.2)	199(0.76,8.5)	20(0.83,9.0)	25(0.67,8.8)	29(0.83,10.5)	90(0.77,7.7)	13(0.85,18.5)	77(0.80,9.0)	52(0.78,6.3)	30(0.74,9.1)	11(0.77,11.2)	24(0.67,8.7)	32(0.76,4.5)	17(0.86,11.5)	182(0.68,6.5)	
[Info]79 Clusters are found in total!
[Info]Step 23: likelihood: 472.3165, Delta_likelihood: -0.005
ooxooooooooooooooooooxoooooooooooooooooooooooooooooooooooooooooooooooooooooooooooooooooooooooooooxoo
ooooxooooooooxooooooooooooooooxooooooooxoooooooooooooooooooooooxooooxooooxooo
[Info]Clusters:395(0.79,7.6)	331(0.74,6.8)	261(0.85,7.4)	129(0.76,6.0)	60(0.74,8.9)	22(0.81,10.9)	236(0.72,6.4)	258(0.75,7.5)	27(0.67,9.1)	15(0.80,6.4)	412(0.74,6.3)	128(0.77,7.5)	69(0.82,6.5)	10(0.65,16.1)	105(0.77,7.4)	37(0.79,7.9)	256(0.73,6.5)	437(0.72,6.2)	242(0.79,6.9)	32(0.71,9.3)	212(0.71,6.7)	86(0.70,6.7)	19(0.70,8.8)	125(0.72,7.8)	213(0.84,8.0)	59(0.73,7.6)	100(0.79,7.1)	187(0.68,6.8)	149(0.80,7.8)	92(0.69,7.0)	45(0.64,6.8)	52(0.78,7.0)	359(0.65,6.2)	44(0.89,9.4)	17(0.81,6.5)	133(0.76,7.6)	36(0.75,7.9)	229(0.80,7.9)	198(0.70,6.9)	278(0.79,7.9)	10(0.77,10.3)	19(0.78,9.8)	218(0.68,6.6)	29(0.63,7.9)	249(0.79,6.3)	111(0.76,6.1)	30(0.68,6.2)	13(0.71,10.8)	215(0.72,6.8)	39(0.76,7.4)	118(0.75,7.4)	83(0.77,7.6)	151(0.74,6.6)	332(0.69,6.9)	16(0.74,7.6)	294(0.63,5.5)	474(0.74,6.1)	13(0.82,16.5)	12(0.79,15.4)	19(0.74,9.4)	191(0.49,5.3)	50(0.81,11.2)	140(0.81,8.7)	73(0.84,8.4)	33(0.80,9.7)	193(0.78,8.2)	19(0.78,6.5)	25(0.68,8.6)	34(0.76,5.3)	64(0.79,8.3)	10(0.85,17.2)	62(0.80,10.6)	50(0.75,6.9)	33(0.78,8.4)	17(0.80,9.7)	23(0.72,11.0)	24(0.76,6.5)	22(0.87,12.1)	135(0.67,7.9)	3(0.33,2.0)	1(1.00,3.0)	
[Info]81 Clusters are found in total!
[Info]Step 24: likelihood: 465.0036, Delta_likelihood: 0.016
ooxoooooooooooooooooooooooooooooooooooxoooooooooooooooooooooooooooooooooxooooooooooooooooooooooooooo
ooooooooooooooooooooooooooxooooooooooooooooooxoooooooooooooooo
[Info]Accumulating evaluation results during sampling...
[Info]Clusters:468(0.80,7.5)	309(0.75,6.8)	281(0.84,7.0)	155(0.77,7.5)	59(0.74,7.8)	36(0.78,6.2)	276(0.71,5.7)	234(0.75,7.4)	32(0.64,8.0)	12(0.76,9.0)	389(0.71,6.5)	135(0.78,7.9)	53(0.76,8.0)	16(0.74,12.3)	121(0.77,6.9)	28(0.78,8.2)	250(0.73,7.3)	463(0.74,6.0)	176(0.77,7.3)	32(0.66,7.7)	185(0.70,6.6)	81(0.71,6.7)	15(0.74,2.5)	130(0.70,7.0)	217(0.84,8.6)	84(0.75,7.1)	83(0.80,7.3)	165(0.69,7.5)	132(0.79,7.5)	87(0.64,6.2)	55(0.68,5.9)	65(0.81,8.1)	368(0.66,5.9)	37(0.88,9.7)	8(0.72,6.8)	137(0.77,6.5)	38(0.78,12.9)	245(0.81,7.3)	192(0.70,6.9)	274(0.80,7.8)	10(0.74,8.9)	18(0.79,12.6)	196(0.64,6.6)	15(0.59,11.9)	262(0.79,6.5)	111(0.77,6.5)	27(0.63,6.9)	12(0.68,9.9)	192(0.76,8.2)	45(0.78,5.8)	138(0.76,7.7)	70(0.77,9.0)	152(0.75,6.8)	321(0.68,7.3)	5(0.79,15.0)	281(0.62,6.0)	496(0.74,6.1)	15(0.80,15.5)	12(0.81,20.1)	22(0.76,8.2)	177(0.49,5.6)	49(0.80,9.7)	138(0.78,8.9)	57(0.80,5.6)	39(0.76,6.9)	239(0.78,7.4)	26(0.83,8.3)	14(0.63,9.4)	13(0.86,10.1)	49(0.75,8.3)	19(0.83,10.8)	84(0.81,9.3)	35(0.69,5.5)	21(0.77,11.0)	23(0.78,7.7)	36(0.67,7.0)	27(0.78,6.9)	37(0.85,8.6)	131(0.67,7.4)	3(0.65,5.7)	1(1.00,3.0)	1(1.00,1.0)	
[Info]82 Clusters are found in total!
[Info]Step 25: likelihood: 474.6263, Delta_likelihood: -0.020
ooxooooooooooooooxooooooooooooooooooooooooooooooooooooooooooxooooooooxooooooooooooooxoooooooooxooooo
oooooooooooooooooooooooooooooooxooooooooooooooooooooooxooooooooxoooooooo
[Info]Clusters:499(0.79,7.1)	284(0.75,6.6)	241(0.85,7.8)	112(0.78,7.7)	64(0.74,7.5)	34(0.80,6.1)	323(0.72,6.1)	218(0.74,7.9)	43(0.69,7.1)	19(0.83,6.6)	378(0.74,6.6)	111(0.78,8.2)	42(0.77,7.0)	14(0.75,12.1)	118(0.77,7.6)	32(0.83,7.8)	242(0.74,7.1)	471(0.72,6.3)	172(0.78,7.5)	34(0.68,7.1)	221(0.72,6.2)	66(0.70,7.6)	15(0.74,3.3)	133(0.71,6.7)	246(0.84,7.6)	60(0.76,8.6)	98(0.77,6.6)	180(0.67,7.2)	161(0.80,7.6)	72(0.66,7.6)	59(0.67,6.7)	62(0.80,8.8)	358(0.64,6.0)	40(0.87,7.5)	5(0.79,15.2)	125(0.77,8.2)	45(0.75,7.2)	288(0.80,7.4)	171(0.71,7.3)	296(0.78,6.7)	13(0.67,6.6)	18(0.76,8.8)	220(0.67,6.7)	15(0.62,12.2)	299(0.79,6.6)	110(0.76,6.5)	14(0.53,8.8)	12(0.74,9.7)	183(0.74,7.9)	30(0.72,5.2)	138(0.74,6.8)	89(0.76,7.1)	127(0.73,6.5)	350(0.70,7.0)	4(0.81,17.5)	258(0.64,6.6)	546(0.73,5.9)	13(0.78,14.4)	14(0.77,12.6)	16(0.76,10.3)	171(0.53,5.9)	34(0.78,12.8)	120(0.79,8.9)	53(0.81,7.5)	38(0.78,7.0)	198(0.79,8.3)	21(0.78,9.0)	12(0.61,10.6)	13(0.82,6.7)	52(0.77,12.1)	23(0.84,12.0)	93(0.82,7.5)	19(0.71,7.1)	21(0.76,10.8)	22(0.80,11.5)	31(0.67,7.0)	17(0.73,7.6)	31(0.85,9.1)	145(0.70,7.2)	4(0.90,5.0)	1(0.00,1.0)	1(0.92,13.0)	1(0.50,4.0)	
[Info]83 Clusters are found in total!
[Info]Step 26: likelihood: 472.8529, Delta_likelihood: 0.004
ooxooooooooooooooxooooooooooooooooooxooooooooooooxoooooooooooooxooooooooooooooxoooooooxooooxoooooooo
ooooooooooxooooooooooooooooooooxoooooooooooooooooxooooooooooooooooooooooo
[Info]Clusters:500(0.80,7.3)	272(0.73,6.6)	233(0.85,8.6)	121(0.74,7.1)	57(0.76,8.5)	25(0.71,6.6)	358(0.70,5.9)	198(0.76,7.9)	54(0.71,6.4)	28(0.77,5.0)	431(0.73,6.5)	95(0.77,7.9)	38(0.83,6.0)	21(0.72,8.5)	106(0.77,7.7)	37(0.81,7.1)	295(0.74,7.5)	448(0.73,6.2)	177(0.78,8.0)	32(0.68,9.0)	208(0.73,6.7)	80(0.68,5.4)	12(0.83,8.4)	109(0.73,8.5)	263(0.84,7.5)	52(0.75,8.6)	69(0.78,7.2)	152(0.72,8.1)	164(0.79,7.8)	103(0.66,6.3)	67(0.71,6.3)	42(0.83,9.0)	338(0.64,5.8)	38(0.84,8.8)	8(0.77,8.6)	152(0.77,7.1)	43(0.77,6.6)	238(0.79,7.8)	147(0.70,7.3)	278(0.78,7.3)	15(0.65,6.5)	17(0.76,10.9)	258(0.67,6.0)	13(0.56,12.7)	256(0.80,6.9)	106(0.77,6.5)	20(0.68,10.2)	18(0.71,7.2)	187(0.73,6.6)	22(0.76,8.0)	151(0.73,6.2)	81(0.76,7.8)	101(0.73,7.5)	370(0.70,6.6)	5(0.80,12.0)	276(0.63,6.4)	558(0.73,6.2)	15(0.79,12.9)	17(0.81,12.8)	21(0.80,13.3)	176(0.51,5.6)	38(0.84,11.9)	107(0.77,9.6)	42(0.83,6.0)	40(0.76,6.7)	196(0.80,7.8)	32(0.79,5.8)	16(0.65,10.7)	22(0.80,6.2)	62(0.73,8.0)	27(0.84,13.5)	106(0.81,9.0)	16(0.64,6.1)	24(0.76,8.4)	28(0.78,7.0)	35(0.74,9.4)	11(0.77,11.8)	18(0.81,13.4)	148(0.69,6.8)	1(1.00,2.0)	1(0.50,4.0)	
[Info]81 Clusters are found in total!
[Info]Step 27: likelihood: 471.1581, Delta_likelihood: 0.004
ooxoooooooooooooooooooxooooxooooooooooooooooooooooooooxooooooooooooxoooooooooooxoooooooooooooooooooo
xoooooooooooooooooooooooooooooooooooooooooooooooooooooooooxoooooooooooo
[Info]Clusters:510(0.80,7.3)	265(0.74,6.5)	233(0.85,7.8)	108(0.73,6.9)	69(0.76,8.6)	29(0.71,6.0)	338(0.70,6.1)	212(0.75,7.8)	56(0.67,6.5)	22(0.79,6.9)	440(0.74,6.6)	93(0.77,7.6)	41(0.81,6.4)	34(0.73,7.9)	83(0.78,7.4)	31(0.80,6.7)	305(0.75,6.9)	424(0.72,6.1)	144(0.77,8.8)	26(0.68,8.1)	160(0.71,7.3)	65(0.71,7.9)	8(0.78,8.0)	128(0.71,6.9)	273(0.84,7.2)	84(0.75,7.3)	56(0.77,8.2)	160(0.74,8.6)	174(0.78,7.5)	96(0.67,6.7)	61(0.71,8.3)	40(0.82,9.1)	352(0.64,6.0)	36(0.84,8.2)	11(0.78,7.2)	138(0.74,7.1)	45(0.77,8.7)	264(0.81,8.0)	152(0.72,7.7)	252(0.79,7.9)	23(0.74,7.4)	22(0.75,7.4)	245(0.66,6.0)	15(0.62,13.0)	247(0.80,7.2)	94(0.77,5.6)	24(0.61,8.3)	17(0.78,10.3)	192(0.75,7.4)	15(0.80,11.0)	173(0.75,7.6)	76(0.78,8.8)	133(0.71,6.7)	399(0.70,6.6)	2(0.78,24.5)	293(0.63,6.0)	544(0.73,6.1)	7(0.82,23.3)	37(0.74,7.4)	28(0.77,5.8)	195(0.50,4.9)	76(0.82,8.4)	96(0.77,9.4)	24(0.78,6.7)	29(0.75,7.1)	165(0.80,8.1)	39(0.76,6.8)	31(0.73,7.5)	24(0.81,6.1)	49(0.76,8.3)	24(0.84,13.2)	110(0.81,7.4)	13(0.79,11.8)	19(0.75,10.3)	38(0.80,7.2)	33(0.71,8.2)	3(0.56,10.7)	22(0.82,14.1)	147(0.67,6.7)	1(1.00,7.0)	
[Info]80 Clusters are found in total!
[Info]Step 28: likelihood: 471.2285, Delta_likelihood: -0.000
ooooooooooooooooooooooooooooooooooooooooooooooooooooooooooooooooooooooooooooxooooooooooooooooooooooo
oxoooxooooooooooooooooooooooooxooooooooxooooooooxoooooooooooooo
[Info]Clusters:503(0.79,7.2)	285(0.73,6.6)	238(0.85,8.4)	101(0.73,7.4)	77(0.76,7.9)	24(0.78,6.3)	319(0.71,5.8)	202(0.77,7.9)	39(0.68,7.7)	30(0.83,7.2)	476(0.74,6.2)	76(0.77,7.7)	46(0.80,7.6)	54(0.73,7.1)	65(0.76,8.1)	30(0.77,7.6)	328(0.75,6.8)	414(0.74,6.7)	151(0.78,9.1)	41(0.71,7.7)	150(0.74,7.7)	46(0.68,8.0)	6(0.78,3.0)	113(0.69,7.7)	299(0.83,6.9)	68(0.74,5.6)	45(0.82,8.1)	178(0.68,6.9)	150(0.81,8.3)	77(0.66,7.2)	85(0.70,5.4)	53(0.80,9.1)	351(0.66,6.2)	32(0.83,8.1)	14(0.78,4.2)	115(0.74,7.2)	33(0.77,9.0)	259(0.82,8.4)	172(0.68,6.8)	285(0.79,7.2)	25(0.82,9.6)	14(0.74,11.9)	241(0.66,6.2)	28(0.65,7.5)	241(0.80,7.7)	114(0.76,5.9)	19(0.58,8.1)	13(0.72,11.7)	190(0.75,7.2)	13(0.75,7.8)	163(0.75,7.6)	83(0.76,8.5)	98(0.72,7.6)	451(0.70,6.4)	9(0.78,8.0)	276(0.62,6.0)	531(0.72,5.8)	14(0.80,12.9)	28(0.79,8.6)	21(0.74,9.2)	233(0.50,4.8)	64(0.82,9.8)	120(0.77,8.0)	18(0.77,6.7)	27(0.76,9.3)	158(0.77,8.2)	24(0.82,8.5)	45(0.76,8.7)	16(0.78,7.6)	57(0.74,8.4)	31(0.85,11.0)	87(0.80,9.0)	6(0.74,12.7)	24(0.80,11.0)	25(0.81,11.0)	51(0.72,8.1)	4(0.57,8.8)	21(0.84,11.3)	127(0.69,7.5)	1(1.00,3.0)	1(0.00,1.0)	
[Info]81 Clusters are found in total!
[Info]Step 29: likelihood: 467.7291, Delta_likelihood: 0.007
[Info]Accumulating evaluation results during sampling...
MTCLinAdaptWithDP[dim:801,supDim:5001,M:6,alpha:1.0000,#Iter:30,N1(0.000,0.200),N2(1.000,0.200)]
Micro confusion matrix:
	0	1
0	14199	4015
1	5821	49876
Micro F1:
Class 0: 0.7427	Class 1: 0.9102	
Macro F1:
Class 0: 0.5366	Class 1: 0.8432	

Collect 81 clusters of reviews for sanity check.

........................*
optimization finished, #iter = 242
Objective value = -4.42884
nSV = 1221
.......**
optimization finished, #iter = 76
Objective value = -4.26278
nSV = 1219
..........**
optimization finished, #iter = 107
Objective value = -4.37046
nSV = 1231
....*
optimization finished, #iter = 49
Objective value = -4.44558
nSV = 1201
...*
optimization finished, #iter = 35
Objective value = -4.41915
nSV = 1237
.....*
optimization finished, #iter = 54
Objective value = -5.38662
nSV = 1187
....*
optimization finished, #iter = 48
Objective value = -5.29767
nSV = 1192
....*.
optimization finished, #iter = 50
Objective value = -4.98482
nSV = 1205
...*
optimization finished, #iter = 38
Objective value = -5.53780
nSV = 1184
...*.*
optimization finished, #iter = 42
Objective value = -5.45593
nSV = 1192
......*
optimization finished, #iter = 68
Objective value = -4.14640
nSV = 1137
.......*
optimization finished, #iter = 72
Objective value = -4.17640
nSV = 1150
..............**
optimization finished, #iter = 147
Objective value = -4.36977
nSV = 1129
.......*
optimization finished, #iter = 76
Objective value = -4.22889
nSV = 1129
..............................................................*
optimization finished, #iter = 623
Objective value = -4.20345
nSV = 1128
...........................................................*..**
optimization finished, #iter = 613
Objective value = -6.26750
nSV = 1191
..........................................................*...........*.**
optimization finished, #iter = 706
Objective value = -6.10011
nSV = 1168
.........**
optimization finished, #iter = 95
Objective value = -4.21479
nSV = 1166
................................................................*........*
optimization finished, #iter = 726
Objective value = -6.53469
nSV = 1181
........................................................*...........*
optimization finished, #iter = 671
Objective value = -6.29722
nSV = 1190
...*
optimization finished, #iter = 31
Objective value = -4.47605
nSV = 1137
...*
optimization finished, #iter = 34
Objective value = -4.39357
nSV = 1112
...*
optimization finished, #iter = 33
Objective value = -4.40896
nSV = 1144
...*
optimization finished, #iter = 34
Objective value = -4.41829
nSV = 1151
...*
optimization finished, #iter = 38
Objective value = -4.45216
nSV = 1129
.............................**
optimization finished, #iter = 294
Objective value = -2.84604
nSV = 957
..*.
optimization finished, #iter = 30
Objective value = -2.81193
nSV = 980
..............................*.....*.**
optimization finished, #iter = 363
Objective value = -2.72340
nSV = 944
................................*...........*..***
optimization finished, #iter = 457
Objective value = -2.75667
nSV = 962
.............................*.....*.**.***
optimization finished, #iter = 368
Objective value = -2.75000
nSV = 980
....*
optimization finished, #iter = 42
Objective value = -2.90627
nSV = 842
..*.
optimization finished, #iter = 30
Objective value = -2.88404
nSV = 848
....*
optimization finished, #iter = 42
Objective value = -2.90194
nSV = 891
..*.
optimization finished, #iter = 30
Objective value = -2.77198
nSV = 837
..*.
optimization finished, #iter = 30
Objective value = -2.72390
nSV = 850
...*
optimization finished, #iter = 32
Objective value = -3.88181
nSV = 1012
..*
optimization finished, #iter = 29
Objective value = -3.83248
nSV = 1022
..*.
optimization finished, #iter = 30
Objective value = -3.75259
nSV = 1016
...*
optimization finished, #iter = 33
Objective value = -3.79950
nSV = 1003
..*.
optimization finished, #iter = 30
Objective value = -3.93725
nSV = 1038
..*
optimization finished, #iter = 24
Objective value = -2.33088
nSV = 796
..*
optimization finished, #iter = 24
Objective value = -2.42862
nSV = 785
..*
optimization finished, #iter = 24
Objective value = -2.44532
nSV = 775
..*
optimization finished, #iter = 22
Objective value = -2.36814
nSV = 787
..*
optimization finished, #iter = 24
Objective value = -2.32554
nSV = 769
..*
optimization finished, #iter = 24
Objective value = -2.16339
nSV = 831
..*
optimization finished, #iter = 23
Objective value = -2.20496
nSV = 849
..*
optimization finished, #iter = 22
Objective value = -2.12440
nSV = 826
...**
optimization finished, #iter = 39
Objective value = -2.36346
nSV = 863
..*
optimization finished, #iter = 24
Objective value = -2.30582
nSV = 837
...*.
optimization finished, #iter = 40
Objective value = -2.31161
nSV = 749
..*
optimization finished, #iter = 21
Objective value = -2.14338
nSV = 718
...*
optimization finished, #iter = 31
Objective value = -2.02891
nSV = 758
...*
optimization finished, #iter = 37
Objective value = -2.03044
nSV = 754
...*
optimization finished, #iter = 34
Objective value = -2.14572
nSV = 766
..*
optimization finished, #iter = 25
Objective value = -2.20781
nSV = 837
.........*
optimization finished, #iter = 99
Objective value = -2.25507
nSV = 821
........**
optimization finished, #iter = 87
Objective value = -2.34012
nSV = 837
........................*
optimization finished, #iter = 246
Objective value = -2.25907
nSV = 849
..*
optimization finished, #iter = 23
Objective value = -2.15142
nSV = 794
..........**
optimization finished, #iter = 107
Objective value = -2.19839
nSV = 802
........**
optimization finished, #iter = 84
Objective value = -2.53742
nSV = 777
....................................................................................................
optimization finished, #iter = 1000

WARNING: reaching max number of iterations
Using -s 2 may be faster (also see FAQ)

Objective value = -2.50139
nSV = 751
....................................................................................................
optimization finished, #iter = 1000

WARNING: reaching max number of iterations
Using -s 2 may be faster (also see FAQ)

Objective value = -2.57404
nSV = 768
....................................................................................................
optimization finished, #iter = 1000

WARNING: reaching max number of iterations
Using -s 2 may be faster (also see FAQ)

Objective value = -2.67265
nSV = 788
...*
optimization finished, #iter = 31
Objective value = -3.10505
nSV = 857
..*.
optimization finished, #iter = 30
Objective value = -3.16435
nSV = 824
..*
optimization finished, #iter = 28
Objective value = -3.00494
nSV = 847
..*.
optimization finished, #iter = 30
Objective value = -3.06479
nSV = 868
..*
optimization finished, #iter = 25
Objective value = -2.78636
nSV = 852
........*
optimization finished, #iter = 84
Objective value = -3.08199
nSV = 845
.............****.**.***
optimization finished, #iter = 156
Objective value = -3.13178
nSV = 842
..*
optimization finished, #iter = 24
Objective value = -3.05049
nSV = 809
....*
optimization finished, #iter = 42
Objective value = -2.99758
nSV = 813
......**
optimization finished, #iter = 68
Objective value = -2.97506
nSV = 839
..*
optimization finished, #iter = 22
Objective value = -1.99108
nSV = 746
..*
optimization finished, #iter = 21
Objective value = -1.88914
nSV = 741
..*
optimization finished, #iter = 21
Objective value = -2.03188
nSV = 737
..*
optimization finished, #iter = 21
Objective value = -2.09053
nSV = 752
..*
optimization finished, #iter = 23
Objective value = -1.99935
nSV = 745
..*
optimization finished, #iter = 29
Objective value = -2.62544
nSV = 773
.......*
optimization finished, #iter = 71
Objective value = -2.50537
nSV = 759
...*
optimization finished, #iter = 36
Objective value = -2.51071
nSV = 766
..*.
optimization finished, #iter = 30
Objective value = -2.64742
nSV = 758
...*
optimization finished, #iter = 35
Objective value = -2.45655
nSV = 759
.*.
optimization finished, #iter = 20
Objective value = -1.73543
nSV = 642
...*
optimization finished, #iter = 36
Objective value = -1.69315
nSV = 654
.*.
optimization finished, #iter = 20
Objective value = -1.62279
nSV = 637
.*.
optimization finished, #iter = 20
Objective value = -1.82346
nSV = 659
.*.
optimization finished, #iter = 20
Objective value = -1.74788
nSV = 634
..*
optimization finished, #iter = 21
Objective value = -1.88353
nSV = 673
.*
optimization finished, #iter = 19
Objective value = -1.91967
nSV = 666
..*
optimization finished, #iter = 21
Objective value = -1.83489
nSV = 665
.*.
optimization finished, #iter = 20
Objective value = -1.96962
nSV = 671
..*
optimization finished, #iter = 22
Objective value = -1.88878
nSV = 657
.*.
optimization finished, #iter = 20
Objective value = -1.60238
nSV = 619
.*
optimization finished, #iter = 19
Objective value = -1.59900
nSV = 633
.*.
optimization finished, #iter = 20
Objective value = -1.50401
nSV = 635
.*
optimization finished, #iter = 19
Objective value = -1.55869
nSV = 614
.*.
optimization finished, #iter = 20
Objective value = -1.63184
nSV = 637
.*
optimization finished, #iter = 19
Objective value = -1.80520
nSV = 577
..*
optimization finished, #iter = 25
Objective value = -1.82207
nSV = 563
.*.
optimization finished, #iter = 20
Objective value = -1.85744
nSV = 583
.*.
optimization finished, #iter = 20
Objective value = -1.70433
nSV = 581
..*
optimization finished, #iter = 24
Objective value = -1.78620
nSV = 572
..*
optimization finished, #iter = 21
Objective value = -1.59814
nSV = 630
.*.
optimization finished, #iter = 20
Objective value = -1.58995
nSV = 636
..*
optimization finished, #iter = 21
Objective value = -1.64184
nSV = 629
..*
optimization finished, #iter = 21
Objective value = -1.67613
nSV = 613
.*.
optimization finished, #iter = 20
Objective value = -1.68574
nSV = 630
.....*
optimization finished, #iter = 54
Objective value = -2.14153
nSV = 643
..*
optimization finished, #iter = 22
Objective value = -2.10109
nSV = 644
.....**
optimization finished, #iter = 55
Objective value = -2.18236
nSV = 668
..*
optimization finished, #iter = 25
Objective value = -2.13737
nSV = 648
...**
optimization finished, #iter = 37
Objective value = -2.14387
nSV = 671
..*
optimization finished, #iter = 28
Objective value = -1.59068
nSV = 613
..*
optimization finished, #iter = 28
Objective value = -1.63207
nSV = 612
.............*.
optimization finished, #iter = 140
Objective value = -1.65001
nSV = 626
..*
optimization finished, #iter = 23
Objective value = -1.58081
nSV = 608
..**
optimization finished, #iter = 26
Objective value = -1.59852
nSV = 607
..*
optimization finished, #iter = 25
Objective value = -1.33353
nSV = 617
..*
optimization finished, #iter = 22
Objective value = -1.36442
nSV = 623
.*
optimization finished, #iter = 19
Objective value = -1.32837
nSV = 597
.*
optimization finished, #iter = 18
Objective value = -1.35751
nSV = 621
..*
optimization finished, #iter = 21
Objective value = -1.39009
nSV = 625
...**.
optimization finished, #iter = 40
Objective value = -2.37412
nSV = 650
..*
optimization finished, #iter = 24
Objective value = -2.22712
nSV = 639
...*
optimization finished, #iter = 34
Objective value = -2.58272
nSV = 660
...*
optimization finished, #iter = 35
Objective value = -2.43291
nSV = 663
...*
optimization finished, #iter = 35
Objective value = -2.59505
nSV = 664
.*
optimization finished, #iter = 16
Objective value = -1.14420
nSV = 506
.......*
optimization finished, #iter = 73
Objective value = -1.19088
nSV = 524
..*
optimization finished, #iter = 21
Objective value = -1.16505
nSV = 527
.*
optimization finished, #iter = 17
Objective value = -1.18906
nSV = 508
.*
optimization finished, #iter = 17
Objective value = -1.18080
nSV = 532
.*
optimization finished, #iter = 19
Objective value = -1.55247
nSV = 537
.*
optimization finished, #iter = 18
Objective value = -1.45487
nSV = 550
.*
optimization finished, #iter = 19
Objective value = -1.48936
nSV = 544
.*.
optimization finished, #iter = 20
Objective value = -1.58801
nSV = 553
.*
optimization finished, #iter = 18
Objective value = -1.42652
nSV = 556
....................................................................................................
optimization finished, #iter = 1000

WARNING: reaching max number of iterations
Using -s 2 may be faster (also see FAQ)

Objective value = -2.06681
nSV = 481
....*
optimization finished, #iter = 43
Objective value = -1.22959
nSV = 517
....*
optimization finished, #iter = 48
Objective value = -1.30621
nSV = 536
....................................................................................................
optimization finished, #iter = 1000

WARNING: reaching max number of iterations
Using -s 2 may be faster (also see FAQ)

Objective value = -1.99389
nSV = 468
....................................................................................................
optimization finished, #iter = 1000

WARNING: reaching max number of iterations
Using -s 2 may be faster (also see FAQ)

Objective value = -1.85880
nSV = 481
.*
optimization finished, #iter = 16
Objective value = -1.25560
nSV = 463
.*
optimization finished, #iter = 18
Objective value = -1.28661
nSV = 449
.*
optimization finished, #iter = 18
Objective value = -1.33167
nSV = 474
..*
optimization finished, #iter = 25
Objective value = -1.32229
nSV = 449
.*
optimization finished, #iter = 16
Objective value = -1.33532
nSV = 467
.*
optimization finished, #iter = 15
Objective value = -0.944223
nSV = 405
.*
optimization finished, #iter = 15
Objective value = -0.902748
nSV = 387
..*
optimization finished, #iter = 22
Objective value = -0.895331
nSV = 389
...*
optimization finished, #iter = 39
Objective value = -0.880179
nSV = 408
.....**.
optimization finished, #iter = 60
Objective value = -1.01575
nSV = 418
.........................................*.............*
optimization finished, #iter = 548
Objective value = -1.22379
nSV = 430
.*
optimization finished, #iter = 17
Objective value = -1.21507
nSV = 433
........................................*........*
optimization finished, #iter = 483
Objective value = -1.09824
nSV = 421
........................................**
optimization finished, #iter = 409
Objective value = -1.09564
nSV = 418
.........................................*...**
optimization finished, #iter = 449
Objective value = -1.31063
nSV = 432
..*
optimization finished, #iter = 26
Objective value = -0.948654
nSV = 452
..*
optimization finished, #iter = 23
Objective value = -0.938943
nSV = 468
...**
optimization finished, #iter = 36
Objective value = -0.940247
nSV = 433
..*
optimization finished, #iter = 26
Objective value = -0.901784
nSV = 457
......*
optimization finished, #iter = 64
Objective value = -0.983799
nSV = 458
.......................**.*
optimization finished, #iter = 241
Objective value = -0.924807
nSV = 414
..*
optimization finished, #iter = 27
Objective value = -0.854478
nSV = 419
..*
optimization finished, #iter = 21
Objective value = -0.827850
nSV = 407
..*
optimization finished, #iter = 29
Objective value = -0.840876
nSV = 414
..*
optimization finished, #iter = 22
Objective value = -0.888415
nSV = 421
..*
optimization finished, #iter = 28
Objective value = -1.02885
nSV = 396
.*
optimization finished, #iter = 15
Objective value = -0.994593
nSV = 421
.*
optimization finished, #iter = 15
Objective value = -1.03621
nSV = 387
.*
optimization finished, #iter = 16
Objective value = -0.890132
nSV = 377
.*
optimization finished, #iter = 16
Objective value = -1.07496
nSV = 399
.*
optimization finished, #iter = 17
Objective value = -0.782460
nSV = 344
.*
optimization finished, #iter = 17
Objective value = -0.747875
nSV = 336
.*
optimization finished, #iter = 14
Objective value = -0.766830
nSV = 336
.*
optimization finished, #iter = 14
Objective value = -0.726742
nSV = 336
.*
optimization finished, #iter = 16
Objective value = -0.765770
nSV = 330
.*
optimization finished, #iter = 15
Objective value = -0.725370
nSV = 360
.*
optimization finished, #iter = 16
Objective value = -0.646404
nSV = 344
.*
optimization finished, #iter = 14
Objective value = -0.734741
nSV = 357
.*
optimization finished, #iter = 15
Objective value = -0.729310
nSV = 354
.*
optimization finished, #iter = 14
Objective value = -0.673269
nSV = 353
.....**
optimization finished, #iter = 58
Objective value = -0.651454
nSV = 335
..*
optimization finished, #iter = 21
Objective value = -0.629164
nSV = 336
..*.
optimization finished, #iter = 30
Objective value = -0.613526
nSV = 327
..**
optimization finished, #iter = 26
Objective value = -0.643716
nSV = 342
...*
optimization finished, #iter = 36
Objective value = -0.560494
nSV = 330
.*
optimization finished, #iter = 16
Objective value = -0.975804
nSV = 371
.*
optimization finished, #iter = 14
Objective value = -1.00931
nSV = 372
.*
optimization finished, #iter = 15
Objective value = -1.01011
nSV = 378
..*
optimization finished, #iter = 22
Objective value = -1.06127
nSV = 386
.*
optimization finished, #iter = 14
Objective value = -0.987123
nSV = 350
..*
optimization finished, #iter = 25
Objective value = -0.643905
nSV = 320
..*
optimization finished, #iter = 21
Objective value = -0.626428
nSV = 318
...*
optimization finished, #iter = 33
Objective value = -0.607309
nSV = 308
.*
optimization finished, #iter = 18
Objective value = -0.663298
nSV = 311
....*
optimization finished, #iter = 44
Objective value = -0.607677
nSV = 305
.*
optimization finished, #iter = 13
Objective value = -0.660276
nSV = 290
.*
optimization finished, #iter = 14
Objective value = -0.739555
nSV = 317
.*
optimization finished, #iter = 14
Objective value = -0.741767
nSV = 308
.*
optimization finished, #iter = 13
Objective value = -0.680980
nSV = 305
.*
optimization finished, #iter = 13
Objective value = -0.787511
nSV = 327
.*
optimization finished, #iter = 12
Objective value = -0.477578
nSV = 282
.*
optimization finished, #iter = 14
Objective value = -0.442024
nSV = 256
.*
optimization finished, #iter = 15
Objective value = -0.523770
nSV = 286
.*
optimization finished, #iter = 14
Objective value = -0.495188
nSV = 287
.*
optimization finished, #iter = 14
Objective value = -0.492073
nSV = 283
.*
optimization finished, #iter = 14
Objective value = -0.727776
nSV = 281
.*
optimization finished, #iter = 14
Objective value = -0.736451
nSV = 300
.*
optimization finished, #iter = 14
Objective value = -0.744498
nSV = 290
.*
optimization finished, #iter = 14
Objective value = -0.797387
nSV = 297
.*
optimization finished, #iter = 13
Objective value = -0.758778
nSV = 298
..*
optimization finished, #iter = 23
Objective value = -0.614523
nSV = 289
.*
optimization finished, #iter = 13
Objective value = -0.577505
nSV = 271
.*
optimization finished, #iter = 16
Objective value = -0.617624
nSV = 276
.*.
optimization finished, #iter = 20
Objective value = -0.625248
nSV = 272
.*
optimization finished, #iter = 14
Objective value = -0.641717
nSV = 278
.*
optimization finished, #iter = 14
Objective value = -0.578959
nSV = 247
.*
optimization finished, #iter = 16
Objective value = -0.607718
nSV = 256
.*
optimization finished, #iter = 12
Objective value = -0.606542
nSV = 245
.*
optimization finished, #iter = 13
Objective value = -0.567261
nSV = 244
.*
optimization finished, #iter = 13
Objective value = -0.565682
nSV = 236
.*
optimization finished, #iter = 17
Objective value = -0.524462
nSV = 233
..*
optimization finished, #iter = 21
Objective value = -0.598023
nSV = 253
.*
optimization finished, #iter = 14
Objective value = -0.611122
nSV = 258
.*
optimization finished, #iter = 13
Objective value = -0.564102
nSV = 251
.*
optimization finished, #iter = 19
Objective value = -0.545448
nSV = 253
.*
optimization finished, #iter = 14
Objective value = -0.557258
nSV = 250
.*
optimization finished, #iter = 14
Objective value = -0.540866
nSV = 256
.*
optimization finished, #iter = 13
Objective value = -0.567269
nSV = 267
.*
optimization finished, #iter = 14
Objective value = -0.560191
nSV = 273
.*
optimization finished, #iter = 12
Objective value = -0.520306
nSV = 258
.............**.**
optimization finished, #iter = 148
Objective value = -0.417705
nSV = 252
.*
optimization finished, #iter = 15
Objective value = -0.478766
nSV = 268
............*.*
optimization finished, #iter = 132
Objective value = -0.398458
nSV = 248
...........*
optimization finished, #iter = 115
Objective value = -0.430044
nSV = 259
.*
optimization finished, #iter = 14
Objective value = -0.439481
nSV = 245
..*.
optimization finished, #iter = 30
Objective value = -0.619480
nSV = 204
..*
optimization finished, #iter = 24
Objective value = -0.547544
nSV = 207
.*.
optimization finished, #iter = 20
Objective value = -0.580382
nSV = 210
...........*
optimization finished, #iter = 118
Objective value = -0.471572
nSV = 210
.*
optimization finished, #iter = 17
Objective value = -0.593501
nSV = 220
..*
optimization finished, #iter = 27
Objective value = -0.382044
nSV = 212
...*
optimization finished, #iter = 36
Objective value = -0.399351
nSV = 201
......**
optimization finished, #iter = 66
Objective value = -0.421675
nSV = 211
..**
optimization finished, #iter = 27
Objective value = -0.377330
nSV = 201
.*
optimization finished, #iter = 11
Objective value = -0.433029
nSV = 206
.*
optimization finished, #iter = 12
Objective value = -0.361694
nSV = 206
.*
optimization finished, #iter = 17
Objective value = -0.320089
nSV = 196
.*
optimization finished, #iter = 11
Objective value = -0.356078
nSV = 209
.*.
optimization finished, #iter = 20
Objective value = -0.383546
nSV = 205
.*
optimization finished, #iter = 12
Objective value = -0.306318
nSV = 196
.*.
optimization finished, #iter = 20
Objective value = -0.353915
nSV = 218
.*
optimization finished, #iter = 12
Objective value = -0.334939
nSV = 202
.*
optimization finished, #iter = 12
Objective value = -0.341931
nSV = 210
.*
optimization finished, #iter = 12
Objective value = -0.341067
nSV = 211
.*
optimization finished, #iter = 14
Objective value = -0.362920
nSV = 207
.*
optimization finished, #iter = 14
Objective value = -0.465242
nSV = 216
.*
optimization finished, #iter = 13
Objective value = -0.482623
nSV = 211
.*
optimization finished, #iter = 13
Objective value = -0.497798
nSV = 215
.*
optimization finished, #iter = 13
Objective value = -0.475753
nSV = 210
.*
optimization finished, #iter = 12
Objective value = -0.443404
nSV = 206
.*
optimization finished, #iter = 11
Objective value = -0.430083
nSV = 207
.*
optimization finished, #iter = 18
Objective value = -0.471907
nSV = 203
.*
optimization finished, #iter = 11
Objective value = -0.422249
nSV = 201
.*
optimization finished, #iter = 12
Objective value = -0.428464
nSV = 192
.*
optimization finished, #iter = 11
Objective value = -0.453245
nSV = 200
.*
optimization finished, #iter = 12
Objective value = -0.274138
nSV = 183
.*
optimization finished, #iter = 13
Objective value = -0.292764
nSV = 184
.*
optimization finished, #iter = 12
Objective value = -0.282900
nSV = 173
.*
optimization finished, #iter = 13
Objective value = -0.265618
nSV = 172
.*
optimization finished, #iter = 12
Objective value = -0.291257
nSV = 183
.*
optimization finished, #iter = 13
Objective value = -0.313200
nSV = 161
.*
optimization finished, #iter = 12
Objective value = -0.343429
nSV = 166
.*
optimization finished, #iter = 15
Objective value = -0.344854
nSV = 159
.*
optimization finished, #iter = 13
Objective value = -0.330447
nSV = 170
.*
optimization finished, #iter = 11
Objective value = -0.318480
nSV = 165
.*
optimization finished, #iter = 11
Objective value = -0.291015
nSV = 149
.*
optimization finished, #iter = 13
Objective value = -0.311087
nSV = 164
.*
optimization finished, #iter = 11
Objective value = -0.290525
nSV = 159
.........................................*
optimization finished, #iter = 416
Objective value = -0.278846
nSV = 160
.*
optimization finished, #iter = 11
Objective value = -0.291228
nSV = 157
.*
optimization finished, #iter = 12
Objective value = -0.316437
nSV = 177
.*
optimization finished, #iter = 11
Objective value = -0.295485
nSV = 171
............*
optimization finished, #iter = 127
Objective value = -0.304169
nSV = 170
.*
optimization finished, #iter = 11
Objective value = -0.281755
nSV = 177
.*
optimization finished, #iter = 11
Objective value = -0.298177
nSV = 178
*.
optimization finished, #iter = 10
Objective value = -0.231604
nSV = 164
.....****
optimization finished, #iter = 57
Objective value = -0.241983
nSV = 165
......*
optimization finished, #iter = 62
Objective value = -0.277369
nSV = 171
.*
optimization finished, #iter = 11
Objective value = -0.257078
nSV = 164
....***.
optimization finished, #iter = 50
Objective value = -0.246574
nSV = 161
.*
optimization finished, #iter = 12
Objective value = -0.320518
nSV = 156
.*
optimization finished, #iter = 11
Objective value = -0.304705
nSV = 158
.*
optimization finished, #iter = 12
Objective value = -0.311361
nSV = 159
.*
optimization finished, #iter = 12
Objective value = -0.300198
nSV = 153
.*
optimization finished, #iter = 11
Objective value = -0.252655
nSV = 139
..**
optimization finished, #iter = 23
Objective value = -0.289273
nSV = 142
..*.*
optimization finished, #iter = 31
Objective value = -0.292553
nSV = 148
..*.*
optimization finished, #iter = 31
Objective value = -0.268745
nSV = 140
.*
optimization finished, #iter = 13
Objective value = -0.260762
nSV = 143
..**
optimization finished, #iter = 24
Objective value = -0.290150
nSV = 142
.*
optimization finished, #iter = 11
Objective value = -0.360394
nSV = 158
.*
optimization finished, #iter = 11
Objective value = -0.327327
nSV = 141
.*
optimization finished, #iter = 11
Objective value = -0.383850
nSV = 148
.*
optimization finished, #iter = 11
Objective value = -0.407582
nSV = 158
.*
optimization finished, #iter = 12
Objective value = -0.366688
nSV = 143
.*
optimization finished, #iter = 11
Objective value = -0.271505
nSV = 136
.*
optimization finished, #iter = 11
Objective value = -0.289769
nSV = 144
*.
optimization finished, #iter = 10
Objective value = -0.226946
nSV = 125
*.
optimization finished, #iter = 10
Objective value = -0.267697
nSV = 137
.*
optimization finished, #iter = 11
Objective value = -0.289257
nSV = 147
.*
optimization finished, #iter = 12
Objective value = -0.423682
nSV = 152
.*
optimization finished, #iter = 12
Objective value = -0.456516
nSV = 147
.*
optimization finished, #iter = 11
Objective value = -0.405793
nSV = 143
.*
optimization finished, #iter = 12
Objective value = -0.455038
nSV = 153
.*
optimization finished, #iter = 12
Objective value = -0.429986
nSV = 143
...............*.*
optimization finished, #iter = 163
Objective value = -0.239465
nSV = 126
.......*
optimization finished, #iter = 72
Objective value = -0.281866
nSV = 134
.*
optimization finished, #iter = 11
Objective value = -0.286942
nSV = 136
.*
optimization finished, #iter = 11
Objective value = -0.285180
nSV = 128
..........*.*
optimization finished, #iter = 112
Objective value = -0.280047
nSV = 125
*.
optimization finished, #iter = 10
Objective value = -0.267260
nSV = 142
.*
optimization finished, #iter = 11
Objective value = -0.294140
nSV = 144
*.
optimization finished, #iter = 10
Objective value = -0.233808
nSV = 135
*.
optimization finished, #iter = 10
Objective value = -0.276756
nSV = 137
.*
optimization finished, #iter = 11
Objective value = -0.282226
nSV = 133
.*
optimization finished, #iter = 14
Objective value = -0.235261
nSV = 117
.*
optimization finished, #iter = 13
Objective value = -0.240109
nSV = 119
..*
optimization finished, #iter = 21
Objective value = -0.229509
nSV = 112
.*.
optimization finished, #iter = 20
Objective value = -0.244451
nSV = 117
.*
optimization finished, #iter = 15
Objective value = -0.237339
nSV = 110
*.
optimization finished, #iter = 10
Objective value = -0.272894
nSV = 128
.*
optimization finished, #iter = 11
Objective value = -0.247742
nSV = 128
*.
optimization finished, #iter = 10
Objective value = -0.274122
nSV = 117
.*
optimization finished, #iter = 11
Objective value = -0.262066
nSV = 123
*.
optimization finished, #iter = 10
Objective value = -0.266980
nSV = 129
...*
optimization finished, #iter = 32
Objective value = -0.291171
nSV = 116
.....**.*
optimization finished, #iter = 62
Objective value = -0.299924
nSV = 121
.*.
optimization finished, #iter = 20
Objective value = -0.306661
nSV = 123
..*
optimization finished, #iter = 26
Objective value = -0.314610
nSV = 118
...*
optimization finished, #iter = 39
Objective value = -0.277731
nSV = 110
*
optimization finished, #iter = 9
Objective value = -0.148873
nSV = 113
*.
optimization finished, #iter = 10
Objective value = -0.166338
nSV = 122
*
optimization finished, #iter = 9
Objective value = -0.159662
nSV = 117
*.
optimization finished, #iter = 10
Objective value = -0.157384
nSV = 109
.*
optimization finished, #iter = 11
Objective value = -0.147638
nSV = 118
*.
optimization finished, #iter = 10
Objective value = -0.157240
nSV = 98
*.
optimization finished, #iter = 10
Objective value = -0.184461
nSV = 108
*.
optimization finished, #iter = 10
Objective value = -0.195879
nSV = 113
.*
optimization finished, #iter = 11
Objective value = -0.179728
nSV = 117
*.
optimization finished, #iter = 10
Objective value = -0.180248
nSV = 100
*.
optimization finished, #iter = 10
Objective value = -0.205735
nSV = 93
*
optimization finished, #iter = 9
Objective value = -0.156105
nSV = 82
*.
optimization finished, #iter = 10
Objective value = -0.185089
nSV = 91
*.
optimization finished, #iter = 10
Objective value = -0.195435
nSV = 87
*.
optimization finished, #iter = 10
Objective value = -0.197220
nSV = 93
*.
optimization finished, #iter = 10
Objective value = -0.176856
nSV = 88
*.
optimization finished, #iter = 10
Objective value = -0.194061
nSV = 82
.*
optimization finished, #iter = 11
Objective value = -0.197756
nSV = 89
*.
optimization finished, #iter = 10
Objective value = -0.183059
nSV = 86
*.
optimization finished, #iter = 10
Objective value = -0.197701
nSV = 93
.*
optimization finished, #iter = 12
Objective value = -0.170065
nSV = 81
.*
optimization finished, #iter = 12
Objective value = -0.167111
nSV = 78
.*
optimization finished, #iter = 11
Objective value = -0.157595
nSV = 79
*
optimization finished, #iter = 9
Objective value = -0.164682
nSV = 76
.*
optimization finished, #iter = 13
Objective value = -0.160697
nSV = 74
Size	Neg:Precision	Recall		F1		Pos:Precision	Recall		F1
3599	0.7605+-0.0314	0.6665+-0.0244	0.7099+-0.0205	0.9153+-0.0050	0.9448+-0.0082	0.9298+-0.0038
3071	0.7096+-0.0296	0.6879+-0.0321	0.6982+-0.0262	0.8780+-0.0151	0.8885+-0.0145	0.8831+-0.0124
2961	0.7444+-0.0107	0.6637+-0.0145	0.7016+-0.0113	0.8848+-0.0064	0.9187+-0.0070	0.9014+-0.0063
2866	0.7381+-0.0363	0.6756+-0.0441	0.7045+-0.0323	0.8682+-0.0168	0.8994+-0.0109	0.8833+-0.0066
2790	0.7387+-0.0382	0.6618+-0.0493	0.6973+-0.0372	0.8853+-0.0100	0.9173+-0.0124	0.9009+-0.0048
2243	0.7339+-0.0091	0.6356+-0.0383	0.6803+-0.0192	0.8826+-0.0159	0.9226+-0.0070	0.9020+-0.0082
2180	0.6829+-0.0321	0.5467+-0.0388	0.6068+-0.0336	0.9019+-0.0088	0.9427+-0.0055	0.9218+-0.0055
2169	0.7519+-0.0393	0.6984+-0.0425	0.7224+-0.0184	0.8519+-0.0191	0.8817+-0.0250	0.8660+-0.0066
2064	0.6333+-0.0589	0.4812+-0.0381	0.5460+-0.0416	0.9017+-0.0096	0.9436+-0.0147	0.9222+-0.0112
2054	0.6943+-0.0256	0.5627+-0.0644	0.6190+-0.0391	0.8883+-0.0261	0.9347+-0.0067	0.9107+-0.0131
2003	0.6578+-0.0998	0.4852+-0.0692	0.5559+-0.0745	0.9157+-0.0102	0.9571+-0.0104	0.9358+-0.0040
1883	0.8072+-0.0172	0.6781+-0.0283	0.7366+-0.0184	0.8891+-0.0058	0.9407+-0.0073	0.9141+-0.0029
1866	0.6635+-0.0268	0.5436+-0.0629	0.5954+-0.0404	0.8885+-0.0149	0.9295+-0.0104	0.9083+-0.0063
1860	0.7203+-0.0498	0.6847+-0.0438	0.6996+-0.0205	0.8721+-0.0204	0.8899+-0.0226	0.8804+-0.0048
1645	0.7762+-0.0288	0.7470+-0.0335	0.7609+-0.0248	0.8491+-0.0214	0.8682+-0.0206	0.8584+-0.0172
1592	0.6654+-0.0546	0.5166+-0.1096	0.5774+-0.0893	0.8667+-0.0303	0.9255+-0.0111	0.8947+-0.0158
1484	0.7232+-0.0746	0.6104+-0.0380	0.6601+-0.0429	0.8143+-0.0389	0.8795+-0.0414	0.8450+-0.0332
1377	0.6559+-0.0434	0.5313+-0.0519	0.5864+-0.0460	0.8764+-0.0138	0.9228+-0.0089	0.8989+-0.0096
1374	0.7113+-0.0343	0.5688+-0.0220	0.6312+-0.0135	0.8637+-0.0196	0.9219+-0.0154	0.8917+-0.0144
1301	0.7633+-0.0752	0.5975+-0.0692	0.6638+-0.0265	0.8843+-0.0297	0.9439+-0.0193	0.9125+-0.0072
1243	0.6487+-0.0972	0.4785+-0.1014	0.5451+-0.0854	0.8836+-0.0203	0.9391+-0.0169	0.9101+-0.0061
1242	0.7317+-0.0653	0.5883+-0.0569	0.6512+-0.0565	0.8663+-0.0310	0.9269+-0.0166	0.8953+-0.0219
1220	0.7116+-0.0444	0.6416+-0.0430	0.6736+-0.0348	0.8421+-0.0207	0.8798+-0.0228	0.8603+-0.0163
1161	0.7219+-0.0600	0.6382+-0.0283	0.6758+-0.0294	0.8411+-0.0111	0.8845+-0.0329	0.8619+-0.0163
1149	0.7226+-0.0482	0.5690+-0.0497	0.6336+-0.0256	0.8587+-0.0279	0.9227+-0.0200	0.8892+-0.0162
1129	0.7892+-0.0622	0.7649+-0.0230	0.7757+-0.0362	0.7747+-0.0216	0.8005+-0.0461	0.7864+-0.0217
954	0.6616+-0.0362	0.4599+-0.0697	0.5411+-0.0611	0.8550+-0.0191	0.9320+-0.0053	0.8917+-0.0111
953	0.7239+-0.0526	0.5937+-0.0534	0.6521+-0.0523	0.8344+-0.0085	0.9006+-0.0140	0.8662+-0.0107
872	0.6179+-0.0722	0.5439+-0.0815	0.5770+-0.0730	0.8073+-0.0178	0.8473+-0.0419	0.8265+-0.0283
826	0.6286+-0.0999	0.5378+-0.0728	0.5792+-0.0835	0.8495+-0.0166	0.8921+-0.0227	0.8701+-0.0172
782	0.6378+-0.0791	0.4782+-0.0737	0.5400+-0.0400	0.8753+-0.0266	0.9296+-0.0246	0.9011+-0.0143
749	0.6522+-0.0772	0.5460+-0.0521	0.5916+-0.0494	0.8407+-0.0496	0.8931+-0.0283	0.8654+-0.0338
743	0.7045+-0.0759	0.5292+-0.0443	0.6023+-0.0452	0.8345+-0.0329	0.9140+-0.0259	0.8720+-0.0234
704	0.6273+-0.0654	0.4104+-0.0454	0.4943+-0.0438	0.8310+-0.0222	0.9215+-0.0195	0.8737+-0.0170
671	0.6210+-0.0261	0.4817+-0.1009	0.5361+-0.0646	0.8427+-0.0542	0.9094+-0.0037	0.8737+-0.0284
627	0.7732+-0.1724	0.3505+-0.0789	0.4787+-0.1005	0.8733+-0.0225	0.9766+-0.0190	0.9219+-0.0164
608	0.7518+-0.0796	0.4065+-0.0738	0.5226+-0.0700	0.8344+-0.0437	0.9551+-0.0264	0.8900+-0.0307
585	0.6582+-0.0818	0.4603+-0.0867	0.5373+-0.0764	0.8509+-0.0414	0.9284+-0.0246	0.8875+-0.0282
552	0.6502+-0.0848	0.5268+-0.0594	0.5788+-0.0597	0.7770+-0.0347	0.8519+-0.0417	0.8119+-0.0279
526	0.7629+-0.0833	0.4685+-0.0616	0.5795+-0.0664	0.8524+-0.0309	0.9574+-0.0057	0.9015+-0.0171
481	0.5862+-0.0786	0.4408+-0.0995	0.5000+-0.0869	0.8234+-0.0468	0.8969+-0.0153	0.8579+-0.0294
480	0.6791+-0.1140	0.3441+-0.0850	0.4504+-0.0895	0.8601+-0.0336	0.9632+-0.0112	0.9082+-0.0157
455	0.6184+-0.0266	0.4743+-0.0896	0.5332+-0.0645	0.7979+-0.0260	0.8752+-0.0258	0.8343+-0.0176
414	0.6842+-0.1009	0.3417+-0.0658	0.4478+-0.0504	0.7820+-0.0646	0.9353+-0.0294	0.8505+-0.0433
393	0.6348+-0.1401	0.4350+-0.1115	0.5127+-0.1153	0.8368+-0.0221	0.9227+-0.0255	0.8773+-0.0139
386	0.7034+-0.1186	0.4855+-0.0287	0.5691+-0.0354	0.8285+-0.0263	0.9171+-0.0439	0.8700+-0.0275
384	0.6489+-0.1079	0.4096+-0.1559	0.4837+-0.1283	0.8110+-0.0671	0.9229+-0.0264	0.8611+-0.0339
366	0.7159+-0.0847	0.5651+-0.1132	0.6201+-0.0676	0.8135+-0.0742	0.9034+-0.0203	0.8539+-0.0387
365	0.6110+-0.1197	0.2553+-0.0554	0.3480+-0.0400	0.8515+-0.0210	0.9580+-0.0270	0.9011+-0.0105
348	0.7629+-0.2052	0.3464+-0.1319	0.4451+-0.0979	0.8534+-0.0469	0.9695+-0.0288	0.9063+-0.0171
340	0.2333+-0.2906	0.0705+-0.1107	0.1035+-0.1551	0.8552+-0.0469	0.9721+-0.0134	0.9090+-0.0241
314	0.7802+-0.0686	0.5081+-0.1345	0.6078+-0.1215	0.8276+-0.0359	0.9459+-0.0093	0.8822+-0.0183
299	0.7095+-0.0646	0.5299+-0.1241	0.5962+-0.0624	0.8059+-0.0488	0.8968+-0.0371	0.8470+-0.0148
298	0.8000+-0.2530	0.3137+-0.1106	0.4071+-0.0617	0.8192+-0.0511	0.9560+-0.0545	0.8800+-0.0256
274	0.7100+-0.3693	0.2272+-0.1234	0.3384+-0.1750	0.8400+-0.0376	0.9868+-0.0109	0.9070+-0.0230
264	0.5133+-0.2244	0.2534+-0.1449	0.3348+-0.1741	0.8342+-0.0485	0.9479+-0.0174	0.8868+-0.0319
258	0.5500+-0.4583	0.1282+-0.1254	0.1990+-0.1862	0.8489+-0.0672	0.9919+-0.0100	0.9131+-0.0367
251	0.7614+-0.1538	0.3283+-0.0871	0.4580+-0.1127	0.8182+-0.0245	0.9705+-0.0176	0.8876+-0.0181
242	0.6233+-0.2662	0.1848+-0.0879	0.2837+-0.1321	0.8053+-0.0699	0.9611+-0.0379	0.8753+-0.0532
241	0.6583+-0.2115	0.2638+-0.0442	0.3628+-0.0503	0.8564+-0.0400	0.9518+-0.0435	0.9011+-0.0362
237	0.5333+-0.4522	0.0952+-0.0858	0.1567+-0.1348	0.8528+-0.0227	0.9907+-0.0115	0.9164+-0.0151
227	0.3883+-0.1275	0.2297+-0.1159	0.2783+-0.1213	0.7965+-0.0824	0.9114+-0.0233	0.8483+-0.0520
217	0.7667+-0.2906	0.2011+-0.0323	0.3076+-0.0495	0.8647+-0.0316	0.9818+-0.0248	0.9190+-0.0181
210	0.7909+-0.0791	0.5218+-0.1312	0.6189+-0.0964	0.7794+-0.0869	0.9275+-0.0305	0.8444+-0.0536
205	0.5333+-0.4522	0.1107+-0.1062	0.1744+-0.1547	0.8383+-0.0254	0.9762+-0.0231	0.9016+-0.0147
194	0.9029+-0.1220	0.4632+-0.2083	0.5829+-0.1802	0.8257+-0.0989	0.9808+-0.0263	0.8928+-0.0590
180	0.7000+-0.4000	0.1305+-0.0685	0.2183+-0.1153	0.8161+-0.0411	0.9833+-0.0208	0.8915+-0.0298
167	0.8000+-0.4000	0.2715+-0.1392	0.4046+-0.2053	0.7969+-0.0238	0.9917+-0.0167	0.8834+-0.0164
154	0.5821+-0.2108	0.4472+-0.1595	0.5019+-0.1731	0.6584+-0.0474	0.7809+-0.0707	0.7118+-0.0359
152	0.7800+-0.1771	0.5468+-0.1178	0.6239+-0.0985	0.8338+-0.0691	0.9406+-0.0340	0.8815+-0.0334
152	0.7000+-0.2449	0.2753+-0.1737	0.3839+-0.2049	0.8246+-0.0665	0.9698+-0.0261	0.8904+-0.0472
122	0.8000+-0.2449	0.3388+-0.0994	0.4685+-0.1295	0.8366+-0.0633	0.9794+-0.0254	0.9007+-0.0364
121	0.4500+-0.3317	0.2286+-0.1721	0.2611+-0.1625	0.8014+-0.0718	0.9218+-0.0641	0.8533+-0.0342
102	0.4167+-0.4014	0.2100+-0.2200	0.2571+-0.2476	0.7773+-0.0956	0.9299+-0.0423	0.8437+-0.0672
81 clusters in total!
