Load 5000 2-gram old features from /if15/lg5bt/DataSigir/Amazon/SelectedVocab.csv...
Language models share the same features with classification models!
9760 users are loaded from /if15/lg5bt/DataSigir/Amazon/Users...
No normalizaiton is adopted here or wrong parameters in setFeatureValues()!
Text feature generated for 143161 documents...
[Info]Training size: 0(0.00), adaptation size: 69235(0.75), and testing size: 73911(0.73)
Entering KMeans iteration
Iter 1 deltaMeans = 15.523382227313059
Iter 2 deltaMeans = 1.1955647177238822
Iter 3 deltaMeans = 0.4116908827524718
Iter 4 deltaMeans = 0.22237362869750232
Iter 5 deltaMeans = 0.12208179068946501
Iter 6 deltaMeans = 0.05877116670076832
Iter 7 deltaMeans = 0.028169309143287524
Iter 8 deltaMeans = 0.01897755239851473
Iter 9 deltaMeans = 0.01740100243578846
Iter 10 deltaMeans = 0.014315817767981076
Iter 11 deltaMeans = 0.008355182058114363
KMeans converged with deltaMeans = 0.008355182058114363
...................*........**
optimization finished, #iter = 279
Objective value = -38.4064
nSV = 2205
..........**
optimization finished, #iter = 104
Objective value = -10.0012
nSV = 1290
....*
optimization finished, #iter = 41
Objective value = -3.58839
nSV = 911
.........*
optimization finished, #iter = 97
Objective value = -14.7994
nSV = 1596
...................*....**.*
optimization finished, #iter = 241
Objective value = -25.5959
nSV = 1733
...........................................................*.*
optimization finished, #iter = 607
Objective value = -5.79560
nSV = 900
........*.*
optimization finished, #iter = 98
Objective value = -8.65196
nSV = 1490
........*
optimization finished, #iter = 82
Objective value = -5.10711
nSV = 1164
....................................................................................................
optimization finished, #iter = 1000

WARNING: reaching max number of iterations
Using -s 2 may be faster (also see FAQ)

Objective value = -3.03260
nSV = 483
...........*...*.
optimization finished, #iter = 150
Objective value = -19.8324
nSV = 1735
....*
optimization finished, #iter = 41
Objective value = -1.73337
nSV = 533
....*
optimization finished, #iter = 45
Objective value = -4.18486
nSV = 1096
.*
optimization finished, #iter = 15
Objective value = -0.534336
nSV = 255
.........**.
optimization finished, #iter = 100
Objective value = -4.46344
nSV = 922
.................................***.
optimization finished, #iter = 340
Objective value = -13.8549
nSV = 2019
..................................................*....*
optimization finished, #iter = 548
Objective value = -11.9575
nSV = 1196
......*
optimization finished, #iter = 67
Objective value = -8.68009
nSV = 1603
....*
optimization finished, #iter = 49
Objective value = -1.54515
nSV = 395
...*
optimization finished, #iter = 37
Objective value = -4.06343
nSV = 787
....*
optimization finished, #iter = 47
Objective value = -6.51228
nSV = 945
....................................................................................................
optimization finished, #iter = 1000

WARNING: reaching max number of iterations
Using -s 2 may be faster (also see FAQ)

Objective value = -6.13594
nSV = 1448
..*
optimization finished, #iter = 21
Objective value = -1.23313
nSV = 436
.......................................................................*.........................*.***.**
optimization finished, #iter = 986
Objective value = -6.78616
nSV = 986
...........*.*
optimization finished, #iter = 123
Objective value = -9.51945
nSV = 1453
..............................*......*.*.**
optimization finished, #iter = 385
Objective value = -2.30971
nSV = 670
IndividualSVMWithKmeans[k:25]
Micro confusion matrix:
	0	1
0	12133	2809
1	7887	51082
Micro F1:
Class 0: 0.6941	Class 1: 0.9052	
Macro F1:
Class 0: 0.4770	Class 1: 0.8408	

Collect 25 clusters of reviews for sanity check.

..............*..*.
optimization finished, #iter = 170
Objective value = -26.2448
nSV = 1908
...............*.......*
optimization finished, #iter = 223
Objective value = -25.6356
nSV = 1945
........................*....*.**
optimization finished, #iter = 294
Objective value = -24.7716
nSV = 1924
................**
optimization finished, #iter = 168
Objective value = -24.8630
nSV = 1933
.............*....**
optimization finished, #iter = 179
Objective value = -24.4482
nSV = 1874
........*..*
optimization finished, #iter = 104
Objective value = -10.0380
nSV = 1366
................**
optimization finished, #iter = 167
Objective value = -10.6009
nSV = 1410
............*.*
optimization finished, #iter = 137
Objective value = -10.1993
nSV = 1378
......*.*
optimization finished, #iter = 72
Objective value = -10.1498
nSV = 1381
........*
optimization finished, #iter = 83
Objective value = -10.1508
nSV = 1339
...........*.*
optimization finished, #iter = 122
Objective value = -14.1357
nSV = 1564
.........*.**
optimization finished, #iter = 107
Objective value = -14.3531
nSV = 1541
........*...*
optimization finished, #iter = 117
Objective value = -12.7723
nSV = 1526
.........*...**
optimization finished, #iter = 125
Objective value = -13.6849
nSV = 1501
.........*...*
optimization finished, #iter = 122
Objective value = -13.3743
nSV = 1511
.......*
optimization finished, #iter = 71
Objective value = -9.37014
nSV = 1757
............*
optimization finished, #iter = 122
Objective value = -9.55023
nSV = 1799
............**.
optimization finished, #iter = 130
Objective value = -9.21350
nSV = 1740
........*
optimization finished, #iter = 82
Objective value = -9.25363
nSV = 1793
.....................*.**
optimization finished, #iter = 228
Objective value = -9.40245
nSV = 1779
......*.*
optimization finished, #iter = 72
Objective value = -6.21149
nSV = 1317
......*
optimization finished, #iter = 67
Objective value = -6.16778
nSV = 1302
.....*
optimization finished, #iter = 55
Objective value = -6.09164
nSV = 1338
......*.
optimization finished, #iter = 70
Objective value = -6.11199
nSV = 1301
.....*
optimization finished, #iter = 51
Objective value = -6.23910
nSV = 1314
......*
optimization finished, #iter = 62
Objective value = -6.90603
nSV = 1235
.............*.*
optimization finished, #iter = 142
Objective value = -6.77635
nSV = 1253
.....*.
optimization finished, #iter = 60
Objective value = -6.76393
nSV = 1232
......*.*.
optimization finished, #iter = 80
Objective value = -6.79107
nSV = 1214
...........*
optimization finished, #iter = 117
Objective value = -7.08548
nSV = 1324
....*.*
optimization finished, #iter = 51
Objective value = -5.86552
nSV = 1363
.......*
optimization finished, #iter = 78
Objective value = -6.13653
nSV = 1398
.....*..*
optimization finished, #iter = 72
Objective value = -6.43380
nSV = 1416
.....*
optimization finished, #iter = 53
Objective value = -6.09439
nSV = 1358
.....*
optimization finished, #iter = 51
Objective value = -6.35402
nSV = 1369
..........*
optimization finished, #iter = 105
Objective value = -16.7754
nSV = 1519
...................................................................*..*.
optimization finished, #iter = 700
Objective value = -17.8260
nSV = 1494
....................................................................................................
optimization finished, #iter = 1000

WARNING: reaching max number of iterations
Using -s 2 may be faster (also see FAQ)

Objective value = -18.7608
nSV = 1472
............................................................*...**
optimization finished, #iter = 634
Objective value = -17.1061
nSV = 1470
......................*..*
optimization finished, #iter = 247
Objective value = -16.7589
nSV = 1426
........*
optimization finished, #iter = 83
Objective value = -7.02999
nSV = 1117
.......*.*
optimization finished, #iter = 84
Objective value = -7.19357
nSV = 1116
........*
optimization finished, #iter = 82
Objective value = -7.19726
nSV = 1111
........*..**
optimization finished, #iter = 108
Objective value = -7.62044
nSV = 1115
......*
optimization finished, #iter = 69
Objective value = -7.38092
nSV = 1143
....................................................................................................
optimization finished, #iter = 1000

WARNING: reaching max number of iterations
Using -s 2 may be faster (also see FAQ)

Objective value = -4.37247
nSV = 1195
.....................................................................................*
optimization finished, #iter = 853
Objective value = -4.34769
nSV = 1261
....................................................................................................
optimization finished, #iter = 1000

WARNING: reaching max number of iterations
Using -s 2 may be faster (also see FAQ)

Objective value = -4.47788
nSV = 1191
....................................................................................................
optimization finished, #iter = 1000

WARNING: reaching max number of iterations
Using -s 2 may be faster (also see FAQ)

Objective value = -4.18833
nSV = 1243
....................................................................................................
optimization finished, #iter = 1000

WARNING: reaching max number of iterations
Using -s 2 may be faster (also see FAQ)

Objective value = -4.18299
nSV = 1239
........*..*
optimization finished, #iter = 103
Objective value = -8.97280
nSV = 1022
............................................**.*
optimization finished, #iter = 454
Objective value = -8.40487
nSV = 1036
.........................................*...................**
optimization finished, #iter = 606
Objective value = -7.94192
nSV = 1015
.....*.*
optimization finished, #iter = 61
Objective value = -7.95421
nSV = 1014
.........................................*................**.*
optimization finished, #iter = 583
Objective value = -8.57157
nSV = 1026
............................................................*......................**
optimization finished, #iter = 829
Objective value = -4.43997
nSV = 835
.............................................................*.....................*.
optimization finished, #iter = 830
Objective value = -4.81152
nSV = 817
........*.
optimization finished, #iter = 90
Objective value = -5.18608
nSV = 862
.....*
optimization finished, #iter = 54
Objective value = -4.88508
nSV = 829
..................................................................*................................*
optimization finished, #iter = 982
Objective value = -5.24094
nSV = 845
......*.*
optimization finished, #iter = 71
Objective value = -4.00514
nSV = 994
...*
optimization finished, #iter = 32
Objective value = -3.61311
nSV = 954
............................*
optimization finished, #iter = 287
Objective value = -3.96732
nSV = 979
......*
optimization finished, #iter = 68
Objective value = -3.78771
nSV = 1008
..............*
optimization finished, #iter = 145
Objective value = -4.08365
nSV = 1017
...*.
optimization finished, #iter = 40
Objective value = -3.15837
nSV = 939
.....*
optimization finished, #iter = 59
Objective value = -3.01427
nSV = 941
...*.
optimization finished, #iter = 40
Objective value = -3.29860
nSV = 964
...*.
optimization finished, #iter = 40
Objective value = -3.33982
nSV = 934
...*
optimization finished, #iter = 36
Objective value = -3.04607
nSV = 935
....................................................................................................
optimization finished, #iter = 1000

WARNING: reaching max number of iterations
Using -s 2 may be faster (also see FAQ)

Objective value = -2.31491
nSV = 390
...*
optimization finished, #iter = 36
Objective value = -1.84548
nSV = 533
....................................................................................................
optimization finished, #iter = 1000

WARNING: reaching max number of iterations
Using -s 2 may be faster (also see FAQ)

Objective value = -2.24100
nSV = 410
...*
optimization finished, #iter = 33
Objective value = -1.80587
nSV = 518
....................................................................................................
optimization finished, #iter = 1000

WARNING: reaching max number of iterations
Using -s 2 may be faster (also see FAQ)

Objective value = -2.60369
nSV = 430
..........................................................**
optimization finished, #iter = 587
Objective value = -5.01705
nSV = 745
...........................................................*.*
optimization finished, #iter = 605
Objective value = -4.87278
nSV = 786
..........................................................*.*
optimization finished, #iter = 597
Objective value = -4.79364
nSV = 746
....*
optimization finished, #iter = 47
Objective value = -3.28768
nSV = 764
.............................................................*.*
optimization finished, #iter = 624
Objective value = -4.34130
nSV = 750
...*
optimization finished, #iter = 37
Objective value = -2.77599
nSV = 793
...*
optimization finished, #iter = 36
Objective value = -2.73034
nSV = 796
....*
optimization finished, #iter = 43
Objective value = -2.69940
nSV = 779
...*
optimization finished, #iter = 35
Objective value = -2.72193
nSV = 813
...*
optimization finished, #iter = 37
Objective value = -2.71217
nSV = 782
........*
optimization finished, #iter = 86
Objective value = -3.32812
nSV = 806
.......**
optimization finished, #iter = 73
Objective value = -3.36101
nSV = 792
....*
optimization finished, #iter = 42
Objective value = -3.34604
nSV = 814
.....*
optimization finished, #iter = 59
Objective value = -3.25683
nSV = 772
...*
optimization finished, #iter = 38
Objective value = -3.60065
nSV = 810
...*
optimization finished, #iter = 34
Objective value = -3.27221
nSV = 674
.....*.*
optimization finished, #iter = 64
Objective value = -2.90998
nSV = 639
...*
optimization finished, #iter = 31
Objective value = -2.84603
nSV = 662
..*.
optimization finished, #iter = 30
Objective value = -3.05458
nSV = 692
...*
optimization finished, #iter = 33
Objective value = -3.42823
nSV = 695
...*
optimization finished, #iter = 37
Objective value = -4.46789
nSV = 831
..........***
optimization finished, #iter = 107
Objective value = -4.61796
nSV = 822
....*
optimization finished, #iter = 45
Objective value = -5.15674
nSV = 836
....*.*
optimization finished, #iter = 57
Objective value = -4.70573
nSV = 810
....*
optimization finished, #iter = 42
Objective value = -5.19211
nSV = 827
...*.
optimization finished, #iter = 40
Objective value = -1.39446
nSV = 462
...*
optimization finished, #iter = 39
Objective value = -1.30179
nSV = 456
...*
optimization finished, #iter = 36
Objective value = -1.39735
nSV = 443
..*
optimization finished, #iter = 25
Objective value = -1.39805
nSV = 459
...*
optimization finished, #iter = 32
Objective value = -1.38333
nSV = 442
..........................*..........**
optimization finished, #iter = 367
Objective value = -1.90519
nSV = 583
..........................**.**
optimization finished, #iter = 279
Objective value = -1.80255
nSV = 564
...........*
optimization finished, #iter = 113
Objective value = -1.72775
nSV = 549
..........................*..***.**
optimization finished, #iter = 297
Objective value = -1.78521
nSV = 570
...............................*.....***.*
optimization finished, #iter = 373
Objective value = -1.77852
nSV = 564
.*
optimization finished, #iter = 17
Objective value = -0.960905
nSV = 361
.*
optimization finished, #iter = 19
Objective value = -1.02592
nSV = 378
.*
optimization finished, #iter = 17
Objective value = -0.921550
nSV = 346
.*
optimization finished, #iter = 16
Objective value = -0.965977
nSV = 347
.*
optimization finished, #iter = 16
Objective value = -0.911281
nSV = 366
......*
optimization finished, #iter = 65
Objective value = -1.29484
nSV = 341
....*
optimization finished, #iter = 47
Objective value = -1.21430
nSV = 327
....*
optimization finished, #iter = 43
Objective value = -1.21967
nSV = 330
..............*
optimization finished, #iter = 144
Objective value = -1.09341
nSV = 330
....*
optimization finished, #iter = 49
Objective value = -1.33140
nSV = 342
.*
optimization finished, #iter = 14
Objective value = -0.425351
nSV = 215
.*
optimization finished, #iter = 14
Objective value = -0.408718
nSV = 199
.*
optimization finished, #iter = 13
Objective value = -0.430906
nSV = 231
.*
optimization finished, #iter = 14
Objective value = -0.445437
nSV = 211
.*
optimization finished, #iter = 14
Objective value = -0.459641
nSV = 239
Size	Neg:Precision	Recall		F1		Pos:Precision	Recall		F1
6906	0.5810+-0.0215	0.5950+-0.0274	0.5872+-0.0123	0.8924+-0.0079	0.8863+-0.0132	0.8892+-0.0066
5053	0.6221+-0.0301	0.6156+-0.0496	0.6179+-0.0338	0.9071+-0.0167	0.9103+-0.0051	0.9086+-0.0091
4878	0.7235+-0.0082	0.7087+-0.0184	0.7159+-0.0128	0.8612+-0.0104	0.8697+-0.0061	0.8654+-0.0077
4315	0.6992+-0.0260	0.6918+-0.0289	0.6948+-0.0162	0.7678+-0.0285	0.7747+-0.0152	0.7708+-0.0134
4267	0.5991+-0.0442	0.5601+-0.0201	0.5777+-0.0193	0.8996+-0.0121	0.9135+-0.0090	0.9064+-0.0043
4036	0.5755+-0.0277	0.5526+-0.0641	0.5625+-0.0407	0.9003+-0.0183	0.9094+-0.0075	0.9047+-0.0105
3637	0.6606+-0.0354	0.6281+-0.0299	0.6429+-0.0197	0.8425+-0.0127	0.8595+-0.0227	0.8507+-0.0116
3607	0.7135+-0.0211	0.7161+-0.0222	0.7144+-0.0122	0.7619+-0.0192	0.7597+-0.0162	0.7605+-0.0078
3550	0.6264+-0.0671	0.5930+-0.0648	0.6088+-0.0643	0.9041+-0.0126	0.9158+-0.0113	0.9099+-0.0105
3314	0.4852+-0.0270	0.4786+-0.0375	0.4805+-0.0205	0.8620+-0.0095	0.8644+-0.0176	0.8630+-0.0075
3119	0.5128+-0.0719	0.4641+-0.0560	0.4818+-0.0342	0.8871+-0.0170	0.9042+-0.0225	0.8952+-0.0057
2372	0.4800+-0.0613	0.4513+-0.0509	0.4611+-0.0375	0.8807+-0.0212	0.8927+-0.0172	0.8863+-0.0079
2343	0.6073+-0.0710	0.5210+-0.0432	0.5599+-0.0523	0.8832+-0.0187	0.9143+-0.0202	0.8984+-0.0172
2158	0.7379+-0.0229	0.6976+-0.0249	0.7170+-0.0211	0.8435+-0.0139	0.8677+-0.0151	0.8554+-0.0130
2110	0.4689+-0.1484	0.3872+-0.0774	0.4196+-0.1007	0.9504+-0.0130	0.9631+-0.0125	0.9566+-0.0100
2056	0.5156+-0.0355	0.4131+-0.0475	0.4555+-0.0267	0.8945+-0.0149	0.9274+-0.0125	0.9105+-0.0071
2006	0.6739+-0.0663	0.6337+-0.0329	0.6495+-0.0175	0.8685+-0.0243	0.8869+-0.0290	0.8770+-0.0148
1973	0.5635+-0.0526	0.3982+-0.0394	0.4661+-0.0425	0.8824+-0.0135	0.9361+-0.0107	0.9084+-0.0109
1776	0.5927+-0.0739	0.4388+-0.0911	0.5012+-0.0775	0.9009+-0.0179	0.9456+-0.0066	0.9226+-0.0081
1677	0.6825+-0.0518	0.6846+-0.0606	0.6813+-0.0401	0.7942+-0.0505	0.7938+-0.0412	0.7928+-0.0349
1214	0.9180+-0.0116	0.9805+-0.0091	0.9481+-0.0042	0.7092+-0.0985	0.3515+-0.1008	0.4603+-0.1096
1060	0.6389+-0.0498	0.5569+-0.0663	0.5916+-0.0386	0.8248+-0.0273	0.8678+-0.0292	0.8450+-0.0143
686	0.5115+-0.2043	0.2491+-0.1588	0.3129+-0.1493	0.8699+-0.0405	0.9623+-0.0178	0.9129+-0.0157
638	0.5005+-0.1321	0.2536+-0.0982	0.3317+-0.1107	0.8646+-0.0366	0.9504+-0.0190	0.9051+-0.0252
484	0.4000+-0.4899	0.0452+-0.0585	0.0808+-0.1035	0.9201+-0.0267	0.9953+-0.0094	0.9560+-0.0158
25 clusters in total!
