Load 3071 2-gram old features from ./data/CoLinAdapt/YelpNew/SelectedVocab.csv...
1000 features for language model are loaded from ./data/CoLinAdapt/YelpNew/fv_lm_DF_1000.txt...
1000 users are loaded from ./data/CoLinAdapt/YelpNew/Users_1000...
No normalizaiton is adopted here or wrong parameters in setFeatureValues()!
Text feature generated for 19267 documents...
[Info]Feature group size 801
[Info]Training size: 0(0.00), adaptation size: 9403(0.74), and testing size: 9861(0.76)
MTCLinAdaptWithMMB[dim:801,dimSup:3072,lmDim:1000,M:6,rho:0.01000,alpha:0.1000,eta:0.0100,beta:0.0100,nScale:(0.050,0.050),#Iter:30,N1(0.000,0.043),N2(1.000,0.043)]
....
[Info]kBar: 4, background prob: 0.99000, eij=0(mmb): 9336.0, eij=1:1002.0, eij=0(background):980682.0
[Info]Clusters with only edges: 0, Clusters with only docs: 0, kBar:4, non_null hdp: 10
....5
....
[Info]kBar: 5, background prob: 0.99000, eij=0(mmb): 9604.0, eij=1:1002.0, eij=0(background):980414.0
[Info]Clusters with only edges: 0, Clusters with only docs: 0, kBar:5, non_null hdp: 11
ooooooooooooooooooooooxooooxoooooxooooxoooooxoooooooooxooooxooooooooooooooxooooxoooooooo
....6
....
[Info]kBar: 6, background prob: 0.99000, eij=0(mmb): 9816.0, eij=1:1002.0, eij=0(background):980202.0
[Info]Clusters with only edges: 0, Clusters with only docs: 0, kBar:6, non_null hdp: 12
oxoooooooxoooooooooxooooooooooooxoooooooooooxooooxooooooooooooooooooxooo
....7
....
[Info]kBar: 7, background prob: 0.99000, eij=0(mmb): 9784.0, eij=1:1002.0, eij=0(background):980234.0
[Info]Clusters with only edges: 0, Clusters with only docs: 0, kBar:7, non_null hdp: 13
ooooooooxoooxoooooooooooooooooooxoooooxoooooooooooxooooooooooooooxoo
....9
....
[Info]kBar: 9, background prob: 0.99000, eij=0(mmb): 9708.0, eij=1:1002.0, eij=0(background):980310.0
[Info]Clusters with only edges: 0, Clusters with only docs: 0, kBar:9, non_null hdp: 15
oooooooooooooxoooooxoooxooooooooooooooooxoooooooooxooooooooooooooxoo
....10
....
[Info]kBar: 10, background prob: 0.99000, eij=0(mmb): 9836.0, eij=1:1002.0, eij=0(background):980182.0
[Info]Clusters with only edges: 0, Clusters with only docs: 0, kBar:10, non_null hdp: 16
ooooooooooooooooooooooooooooooooooxooooooooooooooooooooo
....10
....
[Info]kBar: 10, background prob: 0.99000, eij=0(mmb): 9422.0, eij=1:1002.0, eij=0(background):980596.0
[Info]Clusters with only edges: 0, Clusters with only docs: 0, kBar:10, non_null hdp: 16
oxoooooooooxooooooooxooooooooooooooooooooooooooooxoooooxooooxooo
....11
....
[Info]kBar: 11, background prob: 0.99000, eij=0(mmb): 9738.0, eij=1:1002.0, eij=0(background):980280.0
[Info]Clusters with only edges: 0, Clusters with only docs: 0, kBar:11, non_null hdp: 17
ooxooooooxoooooooooooooxoooooooooooooooooooxoooooxooooxoooooooo
....11
....
[Info]kBar: 11, background prob: 0.99000, eij=0(mmb): 9474.0, eij=1:1002.0, eij=0(background):980544.0
[Info]Clusters with only edges: 0, Clusters with only docs: 0, kBar:11, non_null hdp: 17
oxoooooooooxooooooooxooooooooooooooxooooooooxoooxooooooxooo
....11
....
[Info]kBar: 11, background prob: 0.99000, eij=0(mmb): 9716.0, eij=1:1002.0, eij=0(background):980302.0
[Info]Clusters with only edges: 0, Clusters with only docs: 0, kBar:11, non_null hdp: 17
ooxooooooooxooooooooxooooooooxoooooxoooooxooooooxooooxooo
....11
....
[Info]kBar: 11, background prob: 0.99000, eij=0(mmb): 9774.0, eij=1:1002.0, eij=0(background):980244.0
[Info]Clusters with only edges: 0, Clusters with only docs: 0, kBar:11, non_null hdp: 17
oxooooooooxooooxooooxoooooxooooooooooxooooooooxoooooooo
....11
....
[Info]kBar: 11, background prob: 0.99000, eij=0(mmb): 9584.0, eij=1:1002.0, eij=0(background):980434.0
ooxooooooooxooooooooooxooooooooooooooooooxooooooooooo
[Info]Accumulating evaluation results during sampling...
[Info]Clusters:1841(0.65/0.223)	2311(0.87/0.222)	897(0.34/0.132)	1113(0.87/0.108)	964(0.83/0.101)	467(0.69/0.048)	512(0.83/0.040)	483(0.65/0.063)	311(0.79/0.019)	274(0.76/0.024)	230(0.57/0.021)	
[Info]11 Clusters are found in total! And the highligt is as follows
Cluster 1 (2311)
[positive]: food:0.956	good:1.012	great:1.009	servic:1.030	nt:1.001	love:1.020	NUM:1.024	this-place:0.970	time:1.067	like:1.207	friend:1.000	the-food:0.964	alway:1.012	favorit:0.978	get:0.995	happi-hour:0.998	back:0.999	best:1.001	the-servic:0.969	been:0.963	lunch:1.001	ve:0.999	fresh:0.979	atmospher:1.021	order:0.956	will:0.991	price:0.984	restaur:1.023	i-ve:0.997	my-favorit:1.000	
[negative]: hidden:-0.142	the-ambianc:-0.148	delish:-0.127	to-die:-0.125	recommend-the:-0.099	bonus:-0.171	romant:-0.173	to-watch:-0.202	the-chip:-0.079	favorit-place:-0.065	definit-a:-0.115	die-for:-0.078	to-perfect:-0.306	good-but:-0.152	the-valley:-0.049	bomb:-0.140	best-i:-0.085	by-far:-0.082	salad-was:-0.238	wish-they:-0.090	are-great:-0.052	wait-staff:-0.080	summer:-0.165	definit-go:-0.098	befor-the:-0.160	both-were:-0.103	i-expect:-0.194	reason-i:-0.158	homemad:-0.088	must-have:-0.108	
[popular]: food:1889.0	good:1584.0	great:1404.0	NUM:1164.0	servic:908.0	love:851.0	time:820.0	friend:656.0	order:544.0	best:540.0	price:458.0	hour:446.0	happi:445.0	restaur:440.0	amaz:377.0	happi-hour:362.0	chicken:359.0	drink:352.0	favorit:340.0	nice:340.0	eat:334.0	delici:331.0	staff:329.0	bar:326.0	sushi:324.0	menu:322.0	lunch:310.0	fresh:290.0	definit:288.0	pretti:285.0	
Cluster 0 (1841)
[positive]: NUM:0.995	nt:1.000	time:1.082	help:1.027	get:1.009	call:1.013	custom:1.006	car:1.020	servic:1.023	will:1.006	been:0.961	about:0.942	back:1.000	need:1.010	work:0.957	told:1.010	no:0.930	great:0.970	friend:0.988	look:1.044	after:0.984	even:1.009	care:0.891	busi:0.999	becaus:1.032	guy:0.987	clean:0.998	minut:0.992	done:1.020	like:0.848	
[negative]: send:-0.208	nail:-0.057	NUM-pm:-0.219	the-person:-0.161	told-her:-0.156	contact:-0.095	wash:-0.051	peopl-who:-0.179	bother:-0.113	they-get:-0.132	ridicul:-0.135	great-experi:-0.119	unless-you:-0.173	repeat:-0.205	went-back:-0.153	all-over:-0.121	no-idea:-0.107	ask-the:-0.123	by-far:-0.156	my-experi:-0.070	thought-i:-0.134	heart:-0.141	and-told:-0.054	would-give:-0.126	budget:-0.125	even-better:-0.199	warn:-0.129	kill:-0.135	even-the:-0.173	friend-staff:-0.123	
[popular]: NUM:2241.0	time:1128.0	servic:757.0	great:682.0	work:667.0	car:651.0	call:618.0	friend:566.0	help:540.0	custom:491.0	day:482.0	good:467.0	staff:427.0	year:426.0	store:426.0	price:426.0	told:400.0	wait:394.0	experi:369.0	care:361.0	nice:349.0	love:334.0	locat:329.0	recommend:326.0	peopl:326.0	guy:314.0	busi:306.0	hour:289.0	thing:289.0	minut:286.0	
Cluster 3 (1113)
[positive]: good:1.011	chees:1.000	nt:1.000	order:1.010	salad:1.005	NUM:0.944	like:0.949	sweet:1.000	perfect:1.016	cream:0.985	delici:1.000	food:1.046	back:1.001	dessert:1.030	great:1.018	this-place:0.999	also:1.000	time:0.937	love:0.969	fresh:0.988	get:1.005	chocol:0.997	dinner:0.999	lunch:1.011	order-the:1.038	tasti:1.011	coffe:1.000	been:1.002	will:1.000	about:1.028	
[negative]: the-chocol:-0.102	peanut:-0.135	to-perfect:-0.148	moist:-0.093	we-wait:-0.121	creme:-0.075	top-notch:-0.125	yeah:-0.080	salad-was:-0.064	a-fantast:-0.255	was-fantast:-0.069	was-all:-0.058	the-chees:-0.053	brought-out:-0.078	intim:-0.188	generous:-0.062	a-varieti:-0.155	the-hostess:-0.124	pair:-0.105	nt-believ:-0.101	vanilla:-0.031	were-pretti:-0.060	delish:-0.048	was-ok:-0.064	of-chees:-0.068	nt-tri:-0.065	none:-0.093	your-mouth:-0.049	tender-and:-0.052	great-time:-0.166	
[popular]: good:1233.0	NUM:938.0	order:703.0	food:525.0	time:522.0	great:515.0	chees:484.0	delici:460.0	love:430.0	salad:398.0	chicken:362.0	fri:351.0	sandwich:326.0	bread:319.0	flavor:318.0	sauc:317.0	friend:317.0	tast:311.0	sweet:304.0	cream:303.0	potato:290.0	servic:279.0	perfect:274.0	nice:269.0	ice:258.0	best:254.0	side:250.0	chocol:248.0	wait:247.0	dessert:244.0	
Cluster 4 (964)
[positive]: NUM:1.027	nt:1.000	great:0.988	get:0.992	like:0.936	time:0.962	good:1.011	drink:0.971	beer:1.021	friend:1.000	fun:0.989	peopl:0.980	love:0.990	back:1.000	about:0.985	nice:0.992	stay:0.999	even:1.009	walk:1.037	been:1.009	this-place:0.993	will:0.998	live:0.998	do-nt:1.021	no:1.032	feel:1.000	seat:1.034	cool:1.020	lot-of:1.018	the-place:1.019	
[negative]: of-place:-0.250	secur:-0.150	fee:-0.127	drunk:-0.107	alway-have:-0.152	here-again:-0.120	gave-us:-0.182	outdoor:-0.088	weather:-0.087	team:-0.102	modern:-0.102	websit:-0.148	listen:-0.114	cozi:-0.100	lose:-0.128	continu:-0.100	deal-with:-0.129	price-for:-0.155	on-tap:-0.063	mile:-0.091	mother:-0.183	you-feel:-0.133	patron:-0.083	return-to:-0.123	fountain:-0.071	major:-0.124	wait-in:-0.085	light-and:-0.106	stori:-0.087	around-and:-0.081	
[popular]: NUM:1214.0	great:611.0	time:532.0	bar:514.0	good:492.0	drink:403.0	night:372.0	peopl:367.0	room:362.0	love:349.0	park:348.0	friend:343.0	nice:320.0	food:286.0	lot:241.0	beer:233.0	pretti:212.0	stay:200.0	play:199.0	fun:195.0	area:195.0	day:192.0	staff:186.0	crowd:179.0	music:179.0	seat:179.0	walk:172.0	price:166.0	pool:165.0	work:165.0	
Cluster 2 (897)
[positive]: NUM:1.000	order:0.982	nt:1.000	food:0.967	minut:1.006	servic:1.007	time:0.972	wait:0.992	NUM-minut:0.979	back:1.000	get:1.002	server:0.985	no:1.011	about:0.972	manag:0.997	like:1.081	tabl:0.986	even:1.011	the-food:1.074	ask:0.992	told:0.996	good:0.998	custom:0.995	busi:0.998	becaus:1.005	waitress:1.001	been:0.981	drink:1.008	anoth:1.000	will:1.000	
[negative]: check-on:-0.215	we-sat:-0.185	here-again:-0.179	our-drink:-0.090	crap:-0.112	a-sunday:-0.102	stuck:-0.118	not-even:-0.099	we-wait:-0.040	to-leav:-0.099	appear:-0.155	the-bathroom:-0.133	pizza-was:-0.123	than-NUM:-0.154	websit:-0.176	last-time:-0.077	stori:-0.145	few-minut:-0.079	confus:-0.077	like-we:-0.119	came-back:-0.049	a-reserv:-0.073	the-hostess:-0.030	to-NUM:-0.078	ass:-0.085	find-out:-0.163	down-and:-0.060	will-never:-0.051	ahead:-0.070	not-get:-0.112	
[popular]: NUM:1623.0	order:917.0	food:865.0	time:698.0	wait:588.0	servic:540.0	minut:438.0	good:427.0	tabl:423.0	NUM-minut:353.0	drink:336.0	server:325.0	friend:264.0	restaur:254.0	manag:251.0	great:243.0	told:236.0	custom:228.0	waitress:222.0	peopl:221.0	hour:202.0	eat:202.0	busi:200.0	bar:197.0	experi:196.0	night:193.0	seat:191.0	walk:183.0	pizza:182.0	check:182.0	
Cluster 6 (512)
[positive]: shop:1.008	nt:1.000	NUM:1.022	like:1.054	help:0.986	get:1.003	love:1.005	also:0.986	about:0.997	select:1.000	price:0.998	will:1.000	look:1.001	do-nt:0.997	time:0.996	walk:0.983	alway:0.987	good:1.006	the-store:0.990	need:1.006	check:1.005	purchas:0.997	make:1.000	even:1.000	visit:0.989	ve:0.981	sale:1.007	someth:0.987	great:0.967	lot-of:1.000	
[negative]: women:-0.126	paper:-0.132	young:-0.111	in-love:-0.094	to-help:-0.060	to-NUM:-0.159	perhap:-0.064	deal-with:-0.094	interest-in:-0.079	love-to:-0.061	block:-0.043	candi:-0.038	contact:-0.134	older:-0.075	m-glad:-0.072	one-star:-0.166	listen:-0.076	rather-than:-0.064	realli-enjoy:-0.108	luck:-0.041	daughter:-0.099	happi-to:-0.042	otherwis:-0.073	great-deal:-0.063	children:-0.025	too-bad:-0.046	staff-are:-0.121	none:-0.075	replac:-0.052	the-valley:-0.019	
[popular]: NUM:593.0	store:411.0	find:240.0	time:230.0	love:219.0	shop:207.0	price:201.0	good:190.0	great:179.0	buy:166.0	item:161.0	food:137.0	thing:136.0	help:131.0	dog:129.0	friend:129.0	locat:128.0	lot:128.0	select:119.0	year:119.0	day:117.0	book:108.0	park:107.0	visit:103.0	walk:103.0	staff:99.0	nice:97.0	best:96.0	peopl:94.0	check:93.0	
Cluster 7 (483)
[positive]: order:1.001	food:0.936	good:0.996	nt:0.999	NUM:0.983	like:1.006	lunch:0.999	spici:1.002	been:1.016	eat:0.993	get:1.009	tast:1.063	restaur:0.942	time:0.955	the-food:0.986	fresh:1.003	this-place:0.999	back:1.001	i-order:1.000	no:1.042	portion:1.004	about:0.984	curri:0.974	order-the:1.021	salad:1.004	will:1.000	also:1.002	serv:1.012	veggi:1.011	everyth:1.000	
[negative]: my-order:-0.121	the-mood:-0.106	soup-and:-0.032	expect-a:-0.115	veri-tasti:-0.077	they-get:-0.134	nt-do:-0.109	salad-was:-0.069	would-definit:-0.133	was-like:-0.121	went-back:-0.168	good-too:-0.065	greasi:-0.041	suppos-to:-0.096	and-clean:-0.098	over-NUM:-0.073	our-waitress:-0.079	noth-to:-0.049	will-never:-0.115	we-sat:-0.137	otherwis:-0.075	fat:-0.062	peanut:-0.029	worth-a:-0.084	to-call:-0.083	friend-servic:-0.137	even-the:-0.047	the-ladi:-0.061	quick-and:-0.050	the-bill:-0.046	
[popular]: NUM:623.0	food:622.0	chicken:537.0	good:532.0	order:491.0	time:279.0	rice:278.0	sauc:276.0	dish:268.0	soup:244.0	fri:230.0	restaur:230.0	eat:224.0	tast:205.0	thai:202.0	roll:199.0	noodl:196.0	lunch:180.0	shrimp:167.0	menu:160.0	flavor:155.0	chines:154.0	great:154.0	spici:151.0	friend:151.0	delici:147.0	egg:144.0	salad:142.0	pho:141.0	servic:137.0	
Cluster 5 (467)
[positive]: nt:0.999	NUM:0.983	order:0.998	chees:1.000	good:0.997	like:0.966	salad:1.000	get:1.000	the-pizza:1.006	time:0.966	lunch:1.005	eat:0.998	fresh:1.000	food:0.979	this-place:0.995	been:0.999	about:0.997	back:1.000	do-nt:1.050	no:1.014	someth:1.023	love:1.002	ve:0.990	becaus:0.999	also:0.992	make:1.000	to-eat:1.002	will:1.001	tast:1.004	even:0.990	
[negative]: hummus:-0.060	nt-believ:-0.104	the-chees:-0.055	pizza-was:-0.034	i-hate:-0.111	confus:-0.083	kill:-0.117	of-place:-0.111	hidden:-0.051	assum:-0.043	alright:-0.083	contact:-0.087	be-disappoint:-0.059	to-NUM:-0.068	suppos-to:-0.056	notch:-0.139	bother:-0.062	was-fantast:-0.062	addict:-0.060	disgust:-0.023	leftov:-0.021	courteous:-0.087	outdoor:-0.112	popular:-0.042	here-again:-0.038	wors:-0.044	appear:-0.056	previous:-0.040	everyth-i:-0.072	a-restaur:-0.062	
[popular]: pizza:738.0	NUM:570.0	good:401.0	order:352.0	time:334.0	food:307.0	salad:244.0	chees:224.0	eat:224.0	sandwich:202.0	love:174.0	slice:155.0	tast:152.0	sauc:151.0	lunch:137.0	great:136.0	chicken:133.0	vegan:132.0	top:128.0	flavor:128.0	fresh:127.0	pretti:123.0	restaur:118.0	thing:118.0	crust:117.0	day:117.0	price:114.0	friend:114.0	locat:106.0	bread:104.0	
Cluster 8 (311)
[positive]: nt:1.000	food:1.005	good:0.994	like:0.996	NUM:1.003	get:1.001	order:1.001	this-place:1.000	lunch:1.000	time:1.006	about:1.000	been:1.009	seem:1.000	no:1.015	restaur:0.974	chip:0.998	back:1.000	the-place:1.002	love:1.004	fresh:0.995	servic:1.000	great:1.005	even:1.001	ve:1.014	will:1.000	serv:1.010	chees:1.000	make:0.996	littl:1.000	do-nt:1.008	
[negative]: outstand:-0.122	at-best:-0.072	par:-0.087	star-for:-0.051	one-star:-0.077	heart:-0.065	will-never:-0.145	bell:-0.035	feet:-0.064	sandwich-was:-0.108	plastic:-0.032	martini:-0.110	multipl:-0.064	older:-0.063	be-disappoint:-0.087	my-order:-0.042	figur-out:-0.082	an-order:-0.049	regist:-0.055	friend-s:-0.081	hand-down:-0.079	are-also:-0.046	cozi:-0.051	appear:-0.023	experi-was:-0.073	hidden:-0.047	to-perfect:-0.032	are-all:-0.048	and-give:-0.032	give-them:-0.092	
[popular]: NUM:292.0	food:274.0	good:271.0	time:168.0	order:155.0	great:124.0	restaur:116.0	menu:113.0	love:111.0	sauc:106.0	chicken:105.0	pretti:102.0	servic:102.0	friend:101.0	bean:96.0	salsa:94.0	eat:93.0	burrito:87.0	locat:86.0	hot:82.0	thing:80.0	lunch:78.0	day:78.0	nice:77.0	rice:76.0	mexican:74.0	breakfast:73.0	chees:73.0	side:69.0	chip:69.0	
Cluster 9 (274)
[positive]: NUM:0.986	nt:1.003	order:1.007	dinner:1.000	visit:0.997	server:0.992	wine:0.965	like:1.012	food:1.020	time:1.022	salad:0.989	about:0.995	good:0.963	serv:0.988	restaur:0.997	perfect:0.964	even:1.001	love:1.004	ve:1.006	friend:1.002	anoth:1.000	tabl:0.996	chees:1.000	servic:1.026	decid:1.008	look:0.994	dessert:1.034	after:1.000	great:0.998	plate:1.000	
[negative]: veri-tasti:-0.124	listen:-0.172	the-plate:-0.062	sens:-0.073	and-fresh:-0.064	our-drink:-0.071	brought-out:-0.067	luck:-0.055	young:-0.035	outdoor:-0.090	a-restaur:-0.049	salad-was:-0.061	plain:-0.056	savori:-0.042	and-order:-0.061	the-chip:-0.045	we-walk:-0.064	to-die:-0.092	and-after:-0.036	laid:-0.089	a-second:-0.049	to-return:-0.036	charm:-0.037	a-perfect:-0.026	we-start:-0.030	intim:-0.029	compliment:-0.066	not-disappoint:-0.061	stomach:-0.043	excit-to:-0.038	
[popular]: NUM:567.0	order:286.0	food:235.0	good:231.0	time:227.0	great:177.0	menu:169.0	restaur:166.0	tabl:158.0	bread:153.0	friend:152.0	love:150.0	dinner:146.0	enjoy:142.0	wait:136.0	servic:133.0	visit:132.0	salad:131.0	meal:129.0	server:128.0	wine:123.0	happi:117.0	serv:116.0	dish:114.0	chees:110.0	perfect:109.0	mom:105.0	hour:105.0	nice:104.0	night:98.0	

[Info]Step 0: likelihood: 1151.8069, Delta_likelihood: -0.002
....11
....
[Info]kBar: 11, background prob: 0.99000, eij=0(mmb): 9860.0, eij=1:1002.0, eij=0(background):980158.0
oxoooooooooooooooooooooooooxooooooooooooxoooooxooooooo
[Info]Clusters:1806(0.65/0.224)	2271(0.87/0.219)	876(0.32/0.121)	1099(0.87/0.102)	979(0.82/0.095)	491(0.69/0.053)	523(0.82/0.042)	504(0.66/0.063)	351(0.79/0.028)	265(0.76/0.027)	238(0.61/0.026)	
[Info]Step 1: likelihood: 1154.3013, Delta_likelihood: -0.002
....11
....
[Info]kBar: 11, background prob: 0.99000, eij=0(mmb): 9778.0, eij=1:1002.0, eij=0(background):980240.0
oxoooooooooooooooooooxoooooxooooooooooooooooooooxooooooo
[Info]Clusters:1789(0.65/0.224)	2228(0.88/0.204)	893(0.32/0.121)	1081(0.87/0.107)	977(0.82/0.100)	505(0.72/0.053)	550(0.82/0.047)	507(0.66/0.062)	364(0.76/0.035)	280(0.78/0.022)	229(0.61/0.026)	
[Info]Step 2: likelihood: 1151.5451, Delta_likelihood: 0.002
....11
....
[Info]kBar: 11, background prob: 0.99000, eij=0(mmb): 9736.0, eij=1:1002.0, eij=0(background):980282.0
oxoxoooooooooooooxoooooooooxooooooooxoooooooooooooxooo
[Info]Accumulating evaluation results during sampling...
[Info]Clusters:1757(0.65/0.228)	2161(0.88/0.193)	861(0.32/0.123)	1080(0.87/0.100)	998(0.82/0.091)	528(0.71/0.061)	552(0.82/0.052)	522(0.65/0.058)	406(0.76/0.042)	285(0.77/0.029)	253(0.62/0.025)	
[Info]Step 3: likelihood: 1151.9667, Delta_likelihood: -0.000
....11
....
[Info]kBar: 11, background prob: 0.99000, eij=0(mmb): 9614.0, eij=1:1002.0, eij=0(background):980404.0
oxoxooooooooxoooooooooooooooooxoooooxoooooooooooooooo
[Info]Clusters:1731(0.65/0.219)	2101(0.89/0.198)	844(0.31/0.113)	1055(0.86/0.099)	986(0.82/0.092)	554(0.73/0.064)	573(0.81/0.050)	563(0.66/0.065)	441(0.75/0.046)	299(0.78/0.031)	256(0.62/0.024)	
[Info]Step 4: likelihood: 1147.6289, Delta_likelihood: 0.004
....12
....
[Info]kBar: 12, background prob: 0.99000, eij=0(mmb): 9854.0, eij=1:1002.0, eij=0(background):980164.0
oxooooooooooooooooooxoooooooooooooooooooooooooooooo
[Info]Clusters:1717(0.65/0.209)	2089(0.89/0.191)	806(0.30/0.107)	1016(0.87/0.110)	962(0.81/0.105)	535(0.73/0.056)	577(0.81/0.040)	569(0.67/0.066)	460(0.74/0.058)	309(0.77/0.032)	269(0.64/0.023)	94(0.73/0.004)	
[Info]Step 5: likelihood: 1152.2103, Delta_likelihood: -0.004
....12
....
[Info]kBar: 12, background prob: 0.99000, eij=0(mmb): 9702.0, eij=1:1002.0, eij=0(background):980316.0
oxooooooooooooooxooooooooxooooooooooooxoooxoooooxooooooo
[Info]Accumulating evaluation results during sampling...
[Info]Clusters:1708(0.65/0.213)	2065(0.89/0.188)	789(0.29/0.103)	999(0.86/0.095)	953(0.81/0.090)	530(0.73/0.065)	582(0.79/0.048)	565(0.66/0.066)	461(0.72/0.064)	326(0.78/0.033)	276(0.68/0.025)	149(0.79/0.009)	
[Info]Step 6: likelihood: 1149.9207, Delta_likelihood: 0.002
....12
....
[Info]kBar: 12, background prob: 0.99000, eij=0(mmb): 9596.0, eij=1:1002.0, eij=0(background):980422.0
oxoxooooooooooooooxoooooooooooooooooooooxooooooooxoo
[Info]Clusters:1681(0.64/0.211)	2055(0.89/0.196)	789(0.29/0.106)	991(0.86/0.096)	966(0.81/0.088)	527(0.73/0.056)	568(0.80/0.044)	555(0.65/0.069)	487(0.72/0.064)	336(0.81/0.036)	290(0.71/0.025)	158(0.81/0.009)	
[Info]Step 7: likelihood: 1153.7985, Delta_likelihood: -0.003
....12
....
[Info]kBar: 12, background prob: 0.99000, eij=0(mmb): 9638.0, eij=1:1002.0, eij=0(background):980380.0
oxooooooooooooooooxoooooxooooxooooxooooxoooooooooxoooooo
[Info]Clusters:1692(0.65/0.194)	2040(0.89/0.194)	762(0.28/0.105)	987(0.86/0.097)	960(0.81/0.093)	517(0.73/0.066)	557(0.79/0.047)	574(0.65/0.064)	493(0.71/0.064)	337(0.80/0.037)	306(0.71/0.029)	178(0.80/0.009)	
[Info]Step 8: likelihood: 1154.8781, Delta_likelihood: -0.001
....12
....
[Info]kBar: 13, background prob: 0.99000, eij=0(mmb): 9454.0, eij=1:1002.0, eij=0(background):980564.0
ooxooooooooooooooxoooooooooooooxoooooxooooxoooooxoooooo
[Info]Accumulating evaluation results during sampling...
[Info]Clusters:1662(0.64/0.194)	2010(0.90/0.186)	761(0.28/0.107)	998(0.86/0.095)	973(0.80/0.090)	524(0.73/0.067)	575(0.80/0.048)	585(0.65/0.067)	502(0.70/0.072)	347(0.78/0.034)	290(0.71/0.029)	176(0.78/0.012)	0(NaN/0.000)	
[Info]Step 9: likelihood: 1156.3488, Delta_likelihood: -0.001
....13
....
[Info]kBar: 13, background prob: 0.99000, eij=0(mmb): 9774.0, eij=1:1002.0, eij=0(background):980244.0
oxoxooooooooxooooooooooooooooooxoooooooooooooooo
[Info]Clusters:1655(0.65/0.201)	2015(0.90/0.185)	765(0.29/0.102)	979(0.86/0.090)	948(0.80/0.093)	492(0.74/0.064)	573(0.79/0.048)	605(0.67/0.061)	513(0.69/0.062)	348(0.80/0.038)	297(0.71/0.031)	187(0.78/0.019)	26(0.46/0.005)	
[Info]13 Clusters are found in total! And the highligt is as follows
Cluster 1 (2015)
[positive]: food:0.949	great:0.997	good:1.008	servic:1.021	love:1.022	nt:0.999	friend:0.998	NUM:0.995	this-place:0.970	time:1.011	happi-hour:0.998	alway:1.033	the-food:0.961	favorit:0.960	back:0.999	like:1.091	best:1.001	atmospher:1.021	been:0.994	beer:1.078	get:0.998	price:0.986	the-servic:0.969	ve:1.005	fresh:0.981	awesom:1.011	will:1.000	lunch:1.005	happi:0.969	drink:1.024	
[negative]: to-watch:-0.191	delish:-0.131	die-for:-0.105	wine-and:-0.114	cozi:-0.088	favorit-place:-0.063	are-great:-0.084	romant:-0.137	hidden:-0.073	to-die:-0.087	of-place:-0.200	outdoor:-0.088	wait-staff:-0.069	bonus:-0.096	and-alway:-0.066	best-i:-0.097	bomb:-0.090	are-realli:-0.077	wide:-0.127	must-tri:-0.095	and-love:-0.058	in-love:-0.102	recommend-the:-0.040	i-expect:-0.202	strawberri:-0.107	the-valley:-0.030	reason-i:-0.183	the-hostess:-0.171	befor-the:-0.119	even-the:-0.165	
[popular]: food:1517.0	great:1343.0	good:1258.0	NUM:927.0	love:799.0	servic:791.0	time:720.0	friend:630.0	best:478.0	price:454.0	hour:449.0	happi:444.0	drink:396.0	order:389.0	happi-hour:368.0	bar:347.0	staff:341.0	amaz:335.0	restaur:321.0	favorit:307.0	sushi:298.0	beer:298.0	nice:296.0	delici:277.0	menu:271.0	definit:256.0	recommend:247.0	atmospher:235.0	lunch:232.0	fresh:228.0	
Cluster 0 (1655)
[positive]: NUM:0.994	nt:1.000	time:1.065	call:1.010	get:1.011	help:1.011	custom:1.005	car:1.021	servic:1.021	will:1.001	been:0.962	about:0.944	back:1.000	told:1.015	need:1.012	work:0.942	no:0.943	care:0.897	friend:0.988	great:0.965	after:0.981	look:1.033	guy:0.989	even:1.007	minut:0.991	done:1.014	busi:1.000	becaus:0.989	clean:0.997	like:0.860	
[negative]: send:-0.184	nail:-0.068	contact:-0.110	told-her:-0.151	bother:-0.152	and-told:-0.112	the-person:-0.148	NUM-pm:-0.173	they-get:-0.163	wash:-0.041	peopl-who:-0.185	a-differ:-0.081	repeat:-0.200	my-experi:-0.077	great-experi:-0.096	went-back:-0.148	all-over:-0.114	by-far:-0.145	the-phone:-0.042	claim:-0.129	ask-the:-0.108	the-valley:-0.112	unless-you:-0.141	replac:-0.035	budget:-0.118	the-employe:-0.063	NUM-i:-0.102	heart:-0.118	kill:-0.135	deal-with:-0.045	
[popular]: NUM:2091.0	time:1038.0	servic:706.0	car:637.0	work:625.0	call:607.0	great:601.0	friend:512.0	help:497.0	day:453.0	custom:450.0	good:419.0	year:396.0	told:392.0	staff:383.0	wait:373.0	care:355.0	price:355.0	store:342.0	experi:340.0	recommend:319.0	nice:313.0	guy:294.0	minut:285.0	locat:285.0	hour:283.0	peopl:282.0	busi:276.0	love:274.0	nail:268.0	
Cluster 3 (979)
[positive]: good:1.012	chees:1.000	nt:1.000	order:1.021	like:0.928	NUM:0.983	sweet:1.000	salad:1.003	food:1.072	this-place:1.007	cream:0.990	back:1.001	perfect:1.009	delici:1.004	lunch:1.012	also:1.007	get:1.000	love:0.968	dessert:1.037	time:0.929	great:1.007	breakfast:0.996	fresh:0.990	coffe:1.000	been:1.007	chocol:1.016	tasti:1.014	order-the:1.032	friend:1.000	will:1.000	
[negative]: peanut:-0.155	the-chocol:-0.065	creme:-0.100	meh:-0.143	we-wait:-0.098	nt-believ:-0.126	the-sandwich:-0.061	be-disappoint:-0.146	sandwich-was:-0.069	was-fantast:-0.082	a-burger:-0.080	to-perfect:-0.068	a-fantast:-0.255	brought-out:-0.098	yeah:-0.068	our-waiter:-0.083	moist:-0.043	was-ok:-0.080	classic:-0.072	top-notch:-0.108	was-all:-0.054	your-mouth:-0.055	and-order:-0.070	the-chees:-0.051	over-and:-0.063	definit-a:-0.052	vanilla:-0.031	martini:-0.079	intim:-0.140	of-chees:-0.068	
[popular]: good:1073.0	NUM:725.0	order:587.0	food:450.0	time:439.0	great:407.0	chees:383.0	delici:379.0	love:375.0	fri:351.0	chicken:342.0	sandwich:319.0	friend:302.0	salad:292.0	sauc:277.0	breakfast:265.0	flavor:265.0	tast:254.0	sweet:253.0	cream:245.0	potato:245.0	side:243.0	pretti:233.0	bread:231.0	wait:226.0	ice:224.0	best:223.0	lunch:220.0	eat:220.0	servic:219.0	
Cluster 4 (948)
[positive]: NUM:1.007	nt:1.000	great:0.985	get:0.995	like:0.957	time:0.950	good:1.011	peopl:0.980	friend:0.996	drink:0.977	nice:1.001	stay:0.999	fun:1.010	been:1.005	love:0.988	about:0.975	back:1.000	no:1.047	even:0.999	will:0.996	walk:1.014	seat:1.032	feel:1.000	this-place:0.992	show:1.011	do-nt:1.014	live:0.998	lot-of:1.018	cool:1.017	pool:1.003	
[negative]: secur:-0.182	gorgeous:-0.150	weather:-0.158	outdoor:-0.140	here-again:-0.134	modern:-0.112	cozi:-0.134	desk:-0.079	listen:-0.145	fee:-0.086	of-place:-0.119	continu:-0.103	around-and:-0.111	return-to:-0.114	alway-have:-0.165	block:-0.090	lose:-0.120	intim:-0.134	websit:-0.146	drunk:-0.067	peopl-who:-0.101	fountain:-0.063	major:-0.104	anymor:-0.131	patron:-0.083	a-busi:-0.160	mile:-0.086	team:-0.065	stori:-0.093	deal-with:-0.090	
[popular]: NUM:1172.0	great:581.0	time:524.0	bar:452.0	good:429.0	peopl:376.0	room:367.0	park:361.0	drink:357.0	night:355.0	friend:336.0	love:327.0	nice:323.0	food:252.0	lot:235.0	pretti:209.0	stay:204.0	area:196.0	seat:189.0	play:189.0	day:189.0	fun:178.0	pool:176.0	walk:171.0	staff:170.0	year:169.0	crowd:166.0	work:165.0	music:163.0	servic:163.0	
Cluster 2 (765)
[positive]: NUM:1.000	order:1.004	nt:1.001	food:0.962	minut:1.009	servic:1.006	wait:1.009	time:0.984	NUM-minut:0.978	get:1.004	back:1.000	no:1.057	manag:1.001	server:0.978	about:1.020	told:0.996	tabl:0.987	ask:0.989	even:1.016	like:1.060	the-food:1.061	custom:0.994	waitress:1.003	becaus:1.008	anoth:1.006	walk:1.039	bad:0.977	drink:1.007	been:0.980	busi:0.997	
[negative]: check-on:-0.158	here-again:-0.220	our-drink:-0.097	to-NUM:-0.172	we-wait:-0.052	appear:-0.189	a-sunday:-0.113	the-bathroom:-0.131	websit:-0.173	we-love:-0.153	situat:-0.095	crap:-0.126	stuck:-0.101	stori:-0.146	bother:-0.068	ridicul:-0.079	came-back:-0.053	a-reserv:-0.064	NUM-pm:-0.101	one-star:-0.085	ask-the:-0.062	than-NUM:-0.155	we-sat:-0.057	confus:-0.078	show-up:-0.055	few-minut:-0.073	like-we:-0.091	to-leav:-0.059	ruin:-0.167	was-decent:-0.117	
[popular]: NUM:1483.0	food:801.0	order:796.0	time:620.0	wait:560.0	servic:502.0	minut:414.0	tabl:392.0	good:350.0	NUM-minut:334.0	drink:301.0	server:291.0	manag:261.0	friend:245.0	restaur:243.0	told:226.0	waitress:211.0	custom:210.0	peopl:206.0	great:200.0	eat:188.0	experi:185.0	seat:184.0	walk:183.0	bad:176.0	bar:176.0	hour:172.0	busi:168.0	check:167.0	meal:157.0	
Cluster 7 (605)
[positive]: food:0.902	order:1.000	good:0.995	nt:1.001	NUM:0.992	like:1.043	lunch:0.999	restaur:1.001	spici:1.040	been:1.013	this-place:0.992	time:0.964	the-food:0.974	get:1.012	fresh:0.994	back:1.000	will:1.000	curri:0.967	pork:0.999	no:1.045	i-order:1.000	ve:1.008	eat:0.986	tast:1.000	veggi:1.018	portion:1.000	servic:1.021	about:0.996	also:1.011	serv:1.018	
[negative]: quick-and:-0.097	of-flavor:-0.143	suppos-to:-0.168	will-never:-0.209	soup-and:-0.040	nt-bad:-0.082	my-order:-0.094	was-like:-0.137	food-that:-0.066	the-spot:-0.071	the-soup:-0.021	worth-a:-0.088	to-perfect:-0.094	or-someth:-0.094	brought-out:-0.088	over-NUM:-0.117	the-mood:-0.089	by-far:-0.098	sat-down:-0.065	was-ok:-0.052	to-call:-0.094	good-too:-0.050	would-definit:-0.068	savori:-0.070	a-restaur:-0.043	nt-do:-0.103	pleasant-surpris:-0.057	can-eat:-0.053	outstand:-0.090	modern:-0.117	
[popular]: food:710.0	NUM:633.0	good:599.0	chicken:512.0	order:494.0	rice:314.0	time:312.0	dish:275.0	restaur:274.0	sauc:241.0	soup:240.0	roll:236.0	thai:233.0	fri:226.0	noodl:220.0	eat:208.0	great:206.0	tast:204.0	lunch:200.0	chines:185.0	servic:185.0	menu:178.0	friend:173.0	spici:170.0	flavor:169.0	shrimp:163.0	pho:161.0	egg:157.0	love:154.0	curri:144.0	
Cluster 6 (573)
[positive]: shop:0.994	nt:0.999	NUM:1.000	help:0.989	like:1.029	select:1.000	get:0.996	price:0.998	look:1.006	about:1.001	love:1.003	also:0.985	will:0.998	the-store:0.996	time:0.983	walk:0.993	do-nt:0.971	check:0.999	alway:0.986	good:1.006	need:1.007	custom:1.000	great:0.967	look-for:1.030	even:0.996	someth:0.983	purchas:0.987	make:1.000	visit:0.982	back:1.000	
[negative]: young:-0.090	replac:-0.108	staff-are:-0.146	interest-in:-0.088	great-select:-0.052	addict:-0.146	also-a:-0.089	depend-on:-0.061	deal-with:-0.093	even-the:-0.118	listen:-0.103	contact:-0.115	find-out:-0.057	major:-0.045	warn:-0.076	no-longer:-0.083	perhap:-0.056	work-in:-0.091	mother:-0.123	were-abl:-0.088	crap:-0.069	one-star:-0.087	a-fun:-0.057	needless-to:-0.055	walk-out:-0.049	realli-enjoy:-0.145	thought-i:-0.080	to-NUM:-0.100	women:-0.028	to-help:-0.020	
[popular]: NUM:608.0	store:481.0	find:266.0	price:264.0	time:257.0	shop:255.0	love:224.0	great:216.0	good:212.0	item:186.0	buy:172.0	help:172.0	locat:158.0	select:154.0	lot:146.0	thing:146.0	friend:136.0	food:132.0	day:131.0	walk:123.0	peopl:118.0	staff:118.0	book:112.0	check:112.0	dog:111.0	park:111.0	best:110.0	year:109.0	servic:109.0	nice:107.0	
Cluster 8 (513)
[positive]: food:1.024	good:1.002	chip:1.037	nt:0.998	like:1.089	NUM:1.020	order:1.000	chees:1.000	time:1.037	get:1.003	this-place:0.996	the-food:1.000	green:1.001	eat:0.998	about:1.033	servic:1.014	back:1.000	restaur:0.947	great:1.024	order-the:1.015	fresh:1.000	lunch:0.999	been:0.994	i-order:0.995	ve:1.006	bad:1.024	love:1.001	do-nt:1.012	no:1.015	will:0.997	
[negative]: the-chip:-0.036	and-salsa:-0.024	my-order:-0.132	my-food:-0.092	load:-0.083	noth-special:-0.053	stori:-0.081	hand-down:-0.147	not-realli:-0.098	yeah:-0.066	food-that:-0.083	par:-0.098	at-best:-0.080	behind-the:-0.071	ten:-0.079	order-was:-0.110	second-time:-0.063	fast-and:-0.105	romant:-0.099	the-chees:-0.024	suppos-to:-0.073	hell:-0.060	regist:-0.069	popular:-0.056	burn:-0.076	wish-they:-0.082	must-have:-0.036	definit-a:-0.054	onli-NUM:-0.032	my-experi:-0.121	
[popular]: food:569.0	NUM:490.0	good:447.0	taco:310.0	order:279.0	time:254.0	salsa:246.0	mexican:224.0	bean:205.0	burrito:196.0	chicken:192.0	chip:182.0	eat:182.0	restaur:176.0	great:174.0	sauc:166.0	servic:166.0	chees:157.0	love:149.0	tast:130.0	rice:128.0	friend:128.0	flavor:123.0	best:120.0	nice:119.0	hot:114.0	green:111.0	mexican-food:108.0	pretti:107.0	tortilla:103.0	
Cluster 5 (492)
[positive]: the-pizza:1.003	order:1.000	good:0.993	nt:0.999	chees:1.000	NUM:0.983	salad:0.995	like:0.988	get:1.004	time:1.011	food:1.010	back:1.000	fresh:1.004	this-place:1.000	love:1.003	about:0.995	eat:1.001	no:1.017	been:1.003	lunch:1.001	great:1.000	also:1.001	do-nt:1.046	ve:0.991	becaus:0.997	make:1.000	wine:1.000	even:0.991	i-order:0.994	will:0.999	
[negative]: the-chees:-0.048	hummus:-0.081	hidden:-0.084	the-floor:-0.134	i-hate:-0.058	were-pretti:-0.127	contact:-0.087	confus:-0.069	was-fresh:-0.053	groupon:-0.072	a-restaur:-0.066	outdoor:-0.052	are-great:-0.088	kill:-0.103	meh:-0.047	than-NUM:-0.053	be-disappoint:-0.062	young:-0.058	ten:-0.043	well-worth:-0.059	place-a:-0.096	wors:-0.046	here-again:-0.025	leftov:-0.017	price-for:-0.060	nt-take:-0.073	of-place:-0.066	good-thing:-0.049	nt-believ:-0.055	notch:-0.090	
[popular]: pizza:1093.0	NUM:587.0	good:474.0	order:396.0	time:257.0	food:254.0	salad:253.0	chees:217.0	great:186.0	crust:185.0	love:172.0	eat:171.0	slice:170.0	top:153.0	sauc:147.0	tast:134.0	servic:124.0	friend:122.0	bread:118.0	sandwich:110.0	wait:110.0	fresh:108.0	locat:107.0	pretti:104.0	restaur:99.0	flavor:98.0	thing:98.0	price:96.0	lunch:94.0	best:94.0	
Cluster 9 (348)
[positive]: order:1.003	nt:1.001	dinner:0.999	NUM:0.978	salad:1.001	serv:0.999	perfect:0.972	good:0.964	food:0.992	wine:0.967	chees:1.000	server:0.993	time:1.034	dessert:1.028	like:1.026	about:1.000	cook:0.988	restaur:0.997	even:1.001	plate:1.000	fresh:1.000	also:1.000	tabl:0.998	enjoy:0.999	love:1.007	happi:1.001	delici:1.001	great:1.030	visit:0.988	servic:1.025	
[negative]: to-perfect:-0.124	salad-was:-0.135	veri-tasti:-0.107	to-die:-0.105	young:-0.065	charm:-0.074	a-restaur:-0.061	the-chocol:-0.040	we-start:-0.052	booth:-0.053	call-the:-0.093	sit-in:-0.102	outdoor:-0.084	the-ambianc:-0.035	finger:-0.073	for-dessert:-0.027	fabul:-0.048	burger-was:-0.050	befor-i:-0.034	listen:-0.093	proper:-0.072	truffl:-0.041	not-disappoint:-0.051	was-ok:-0.064	plain:-0.047	room-for:-0.026	our-drink:-0.032	caramel:-0.031	have-ani:-0.047	push:-0.060	
[popular]: NUM:605.0	order:375.0	good:357.0	food:308.0	time:274.0	menu:217.0	bread:216.0	salad:213.0	dinner:209.0	great:209.0	restaur:207.0	tabl:193.0	serv:191.0	meal:180.0	love:179.0	sauc:178.0	happi:178.0	dish:175.0	chees:175.0	enjoy:173.0	delici:172.0	perfect:163.0	servic:156.0	hour:154.0	night:152.0	friend:152.0	tast:150.0	potato:146.0	server:142.0	nice:142.0	

[Info]Step 10: likelihood: 1158.7645, Delta_likelihood: -0.002
....13
....
[Info]kBar: 13, background prob: 0.99000, eij=0(mmb): 9884.0, eij=1:1002.0, eij=0(background):980134.0
oxooooooooxooooooooxoooooxooooxooooooooxoooooxooooxooooooo
[Info]Clusters:1649(0.65/0.205)	1975(0.90/0.187)	742(0.30/0.106)	983(0.86/0.091)	935(0.81/0.081)	506(0.72/0.066)	564(0.79/0.044)	593(0.66/0.061)	495(0.69/0.070)	371(0.79/0.029)	315(0.73/0.036)	187(0.80/0.014)	88(0.42/0.010)	
[Info]Step 11: likelihood: 1153.8675, Delta_likelihood: 0.004
....13
....
[Info]kBar: 13, background prob: 0.99000, eij=0(mmb): 9982.0, eij=1:1002.0, eij=0(background):980036.0
oxoxooooooooooooooooooooooooxooooooooooooooooooooooooo
[Info]Accumulating evaluation results during sampling...
[Info]Clusters:1616(0.65/0.201)	1966(0.89/0.186)	751(0.29/0.098)	973(0.86/0.095)	919(0.82/0.083)	511(0.73/0.061)	568(0.79/0.050)	594(0.67/0.066)	497(0.71/0.062)	376(0.82/0.034)	336(0.72/0.031)	186(0.82/0.017)	110(0.42/0.018)	
[Info]Step 12: likelihood: 1152.5224, Delta_likelihood: 0.001
....13
....
[Info]kBar: 13, background prob: 0.99000, eij=0(mmb): 9480.0, eij=1:1002.0, eij=0(background):980538.0
ooxoooooooooooooooooooooooooooooooooooooxoooooxoo
[Info]Clusters:1638(0.65/0.211)	1955(0.89/0.175)	729(0.29/0.096)	973(0.87/0.087)	885(0.81/0.084)	494(0.73/0.063)	568(0.78/0.047)	598(0.66/0.066)	493(0.71/0.062)	380(0.82/0.037)	346(0.73/0.035)	203(0.80/0.016)	141(0.46/0.022)	
[Info]Step 13: likelihood: 1157.5709, Delta_likelihood: -0.004
....13
....
[Info]kBar: 13, background prob: 0.99000, eij=0(mmb): 9502.0, eij=1:1002.0, eij=0(background):980516.0
oxoooooooooooooooxooooooooooooooooooooooxoooooxoooxooooo
[Info]Clusters:1599(0.64/0.199)	1944(0.89/0.182)	710(0.29/0.101)	974(0.86/0.092)	889(0.81/0.081)	513(0.73/0.069)	583(0.79/0.043)	600(0.68/0.068)	490(0.70/0.070)	393(0.82/0.032)	356(0.71/0.026)	209(0.78/0.015)	143(0.45/0.022)	
[Info]Step 14: likelihood: 1152.9663, Delta_likelihood: 0.004
....13
....
[Info]kBar: 13, background prob: 0.99000, eij=0(mmb): 10012.0, eij=1:1002.0, eij=0(background):980006.0
oxoxooooooooooooooooooooooooooxoooooooooooooooxoo
[Info]Accumulating evaluation results during sampling...
[Info]Clusters:1600(0.65/0.196)	1887(0.90/0.183)	709(0.29/0.091)	975(0.86/0.086)	882(0.80/0.089)	516(0.74/0.061)	591(0.79/0.047)	604(0.67/0.073)	514(0.70/0.069)	404(0.82/0.033)	356(0.71/0.032)	208(0.78/0.019)	157(0.51/0.021)	
[Info]Step 15: likelihood: 1151.5533, Delta_likelihood: 0.001
....13
....
[Info]kBar: 13, background prob: 0.99000, eij=0(mmb): 10026.0, eij=1:1002.0, eij=0(background):979992.0
oxoxooooooooooooooooooxoooooxoooxooooxooooxooooooooooo
[Info]Clusters:1607(0.65/0.212)	1898(0.90/0.170)	705(0.27/0.090)	961(0.86/0.088)	865(0.81/0.081)	518(0.74/0.064)	604(0.78/0.046)	603(0.68/0.068)	530(0.70/0.068)	387(0.83/0.038)	347(0.71/0.036)	213(0.78/0.017)	165(0.53/0.021)	
[Info]Step 16: likelihood: 1148.5257, Delta_likelihood: 0.003
....13
....
[Info]kBar: 13, background prob: 0.99000, eij=0(mmb): 9692.0, eij=1:1002.0, eij=0(background):980326.0
oxoxooooooooxooooooooxoooooxooooxoooooxooooooooooooooxoo
[Info]Clusters:1599(0.64/0.197)	1881(0.89/0.177)	683(0.28/0.090)	979(0.86/0.089)	860(0.81/0.075)	512(0.74/0.065)	607(0.79/0.050)	600(0.67/0.066)	509(0.72/0.072)	412(0.83/0.040)	353(0.70/0.035)	224(0.79/0.023)	184(0.55/0.021)	
[Info]Step 17: likelihood: 1152.6283, Delta_likelihood: -0.004
....13
....
[Info]kBar: 13, background prob: 0.99000, eij=0(mmb): 9806.0, eij=1:1002.0, eij=0(background):980212.0
oxooooooooxooooooooooooooxoooooooooooooxoooooooooxoo
[Info]Accumulating evaluation results during sampling...
[Info]Clusters:1603(0.64/0.200)	1869(0.90/0.176)	680(0.28/0.087)	952(0.85/0.090)	835(0.81/0.076)	516(0.74/0.066)	620(0.79/0.048)	606(0.67/0.073)	522(0.72/0.073)	413(0.82/0.037)	355(0.71/0.035)	228(0.80/0.018)	204(0.55/0.021)	
[Info]Step 18: likelihood: 1150.1956, Delta_likelihood: 0.002
....13
....
[Info]kBar: 13, background prob: 0.99000, eij=0(mmb): 9736.0, eij=1:1002.0, eij=0(background):980282.0
oxoooooooooxoooooooooooooooxoooooooooooxoooooooooo
[Info]Clusters:1590(0.64/0.189)	1882(0.89/0.175)	679(0.28/0.095)	974(0.86/0.090)	849(0.80/0.085)	501(0.73/0.065)	609(0.79/0.052)	604(0.67/0.065)	517(0.71/0.072)	411(0.83/0.036)	346(0.72/0.035)	233(0.79/0.017)	208(0.55/0.024)	
[Info]Step 19: likelihood: 1150.5849, Delta_likelihood: -0.000
....13
....
[Info]kBar: 13, background prob: 0.99000, eij=0(mmb): 9870.0, eij=1:1002.0, eij=0(background):980148.0
oxoxooooooooxoooooooooooooooooooooooooooooooooo
[Info]Clusters:1589(0.64/0.196)	1886(0.90/0.164)	678(0.28/0.095)	964(0.86/0.088)	840(0.81/0.080)	493(0.73/0.060)	604(0.78/0.051)	603(0.67/0.071)	530(0.71/0.076)	406(0.83/0.044)	354(0.73/0.034)	239(0.77/0.017)	217(0.56/0.024)	
[Info]13 Clusters are found in total! And the highligt is as follows
Cluster 1 (1886)
[positive]: food:0.948	great:1.006	good:1.010	servic:1.018	love:1.023	nt:0.994	friend:1.000	NUM:0.996	this-place:0.971	time:0.991	happi-hour:0.997	alway:1.014	the-food:0.958	favorit:0.984	atmospher:1.018	beer:1.054	best:1.001	like:1.077	get:0.999	been:1.009	back:0.998	price:0.986	the-servic:0.974	ve:1.005	awesom:1.004	hour:0.996	drink:1.012	lunch:1.004	happi:0.946	place-to:1.008	
[negative]: to-die:-0.213	good-time:-0.133	recommend-the:-0.086	favorit-place:-0.062	the-ambianc:-0.091	romant:-0.150	to-watch:-0.136	wine-and:-0.116	cozi:-0.083	wait-staff:-0.075	delish:-0.124	die-for:-0.102	are-great:-0.065	and-love:-0.081	of-place:-0.233	ve-tri:-0.078	and-alway:-0.058	must-tri:-0.103	are-realli:-0.070	hidden:-0.043	best-i:-0.089	bonus:-0.083	wide:-0.126	definit-go:-0.067	meal-was:-0.162	in-love:-0.101	strawberri:-0.095	the-hostess:-0.181	nt-that:-0.097	even-the:-0.152	
[popular]: food:1430.0	great:1306.0	good:1152.0	NUM:866.0	servic:756.0	love:748.0	time:687.0	friend:599.0	best:441.0	hour:432.0	price:425.0	happi:423.0	drink:397.0	order:354.0	happi-hour:353.0	bar:345.0	staff:342.0	amaz:318.0	restaur:297.0	beer:293.0	favorit:287.0	sushi:270.0	nice:263.0	menu:256.0	delici:237.0	recommend:236.0	definit:232.0	atmospher:229.0	awesom:218.0	lunch:214.0	
Cluster 0 (1589)
[positive]: NUM:0.995	nt:1.000	call:1.009	time:1.026	get:1.007	help:1.009	custom:1.001	car:1.021	servic:1.033	will:1.004	been:0.951	about:0.947	back:1.000	work:0.966	told:1.014	need:1.009	no:0.945	care:0.917	after:0.980	friend:0.988	great:0.956	look:1.030	even:1.000	busi:1.000	guy:0.987	minut:0.981	done:1.018	becaus:0.994	like:0.882	have-been:1.031	
[negative]: nail:-0.079	send:-0.165	contact:-0.113	told-her:-0.150	NUM-pm:-0.171	the-person:-0.159	and-told:-0.108	wash:-0.046	they-get:-0.170	bother:-0.117	peopl-who:-0.193	went-back:-0.185	repeat:-0.192	a-differ:-0.071	NUM-i:-0.129	unless-you:-0.148	veri-reason:-0.105	claim:-0.131	ask-the:-0.119	great-experi:-0.082	by-far:-0.173	ridicul:-0.089	deal-with:-0.051	no-idea:-0.084	budget:-0.113	the-phone:-0.033	kill:-0.139	happen-to:-0.118	effici:-0.059	all-over:-0.086	
[popular]: NUM:2044.0	time:1017.0	servic:702.0	car:633.0	work:623.0	call:604.0	great:572.0	friend:479.0	help:468.0	day:451.0	custom:442.0	good:406.0	year:387.0	told:381.0	wait:368.0	care:357.0	staff:356.0	price:347.0	experi:339.0	recommend:310.0	store:303.0	nice:300.0	guy:288.0	busi:280.0	minut:277.0	hour:275.0	locat:274.0	dr:266.0	peopl:266.0	dog:264.0	
Cluster 3 (964)
[positive]: good:1.016	chees:1.000	nt:1.003	order:1.008	like:0.934	salad:1.004	NUM:0.982	food:1.054	sweet:1.000	this-place:0.997	back:1.003	lunch:1.017	delici:1.000	perfect:1.012	get:0.996	time:0.946	love:0.967	cream:0.986	fresh:0.992	also:1.015	great:0.997	tasti:1.010	breakfast:0.992	dessert:1.033	coffe:1.000	about:1.022	been:0.999	will:1.000	littl:1.000	flavor:1.005	
[negative]: peanut:-0.120	the-chocol:-0.087	nt-believ:-0.160	sandwich-was:-0.075	moist:-0.071	yeah:-0.087	the-sandwich:-0.053	definit-a:-0.084	we-wait:-0.125	be-disappoint:-0.137	was-ok:-0.096	top-notch:-0.108	were-pretti:-0.075	nt-tri:-0.072	was-fantast:-0.066	generous:-0.075	to-bring:-0.112	intim:-0.135	older:-0.114	your-mouth:-0.065	the-chees:-0.049	par:-0.080	soup-and:-0.071	none:-0.093	classic:-0.062	a-burger:-0.042	go-wrong:-0.038	of-chees:-0.080	tender-and:-0.060	vanilla:-0.042	
[popular]: good:1096.0	NUM:651.0	order:518.0	food:453.0	time:408.0	chees:387.0	great:375.0	fri:359.0	chicken:359.0	sandwich:354.0	delici:353.0	love:344.0	salad:313.0	flavor:278.0	friend:275.0	burger:259.0	tast:248.0	sweet:244.0	sauc:244.0	pretti:236.0	potato:234.0	side:229.0	servic:226.0	best:225.0	eat:223.0	bread:223.0	nice:223.0	lunch:222.0	breakfast:213.0	coffe:198.0	
Cluster 4 (840)
[positive]: NUM:0.991	nt:1.008	great:0.994	get:0.992	like:0.975	time:0.967	stay:1.000	good:1.012	peopl:0.974	nice:1.003	friend:0.997	about:1.004	love:0.988	fun:0.997	will:1.000	no:1.047	back:0.999	walk:1.009	even:1.015	been:0.998	drink:1.002	pool:0.987	clean:1.004	show:1.006	feel:1.000	lot-of:0.992	seem:0.991	live:1.003	do-nt:1.030	cool:1.016	
[negative]: gorgeous:-0.175	secur:-0.150	weather:-0.155	here-again:-0.134	cozi:-0.223	modern:-0.096	continu:-0.121	a-busi:-0.205	outdoor:-0.099	desk:-0.061	fee:-0.063	stori:-0.142	listen:-0.115	mile:-0.096	around-and:-0.103	of-place:-0.102	drunk:-0.082	to-watch:-0.040	anymor:-0.147	light-and:-0.114	return-to:-0.099	lose:-0.109	also-veri:-0.187	laid:-0.093	we-arriv:-0.114	nt-that:-0.155	team:-0.062	major:-0.110	and-enjoy:-0.093	wait-in:-0.078	
[popular]: NUM:1050.0	great:500.0	time:464.0	good:383.0	room:367.0	park:362.0	peopl:330.0	nice:301.0	night:298.0	love:297.0	friend:292.0	bar:288.0	drink:255.0	lot:231.0	stay:209.0	area:195.0	pretti:183.0	food:183.0	play:176.0	day:175.0	pool:174.0	year:166.0	work:164.0	walk:161.0	staff:157.0	crowd:156.0	fun:156.0	seat:150.0	hotel:146.0	clean:141.0	
Cluster 2 (678)
[positive]: NUM:1.000	order:1.004	minut:1.006	nt:1.000	food:0.975	wait:1.010	servic:1.000	NUM-minut:0.970	time:1.010	back:1.000	get:1.002	manag:1.001	no:1.059	server:0.977	tabl:0.982	about:1.015	told:0.977	ask:0.988	even:1.017	the-food:1.072	custom:0.995	becaus:1.004	waitress:1.002	anoth:1.002	like:1.045	been:0.961	busi:0.996	after:0.975	walk:1.044	food-was:0.991	
[negative]: check-on:-0.209	our-drink:-0.099	here-again:-0.162	to-NUM:-0.146	a-sunday:-0.114	crap:-0.153	situat:-0.098	stuck:-0.132	the-bathroom:-0.123	aw:-0.064	appear:-0.122	came-back:-0.047	last-time:-0.076	expect-a:-0.127	than-NUM:-0.133	not-even:-0.061	to-leav:-0.061	we-wait:-0.023	confus:-0.076	websit:-0.175	all-over:-0.123	one-star:-0.069	find-out:-0.148	a-reserv:-0.045	minut-to:-0.034	food-to:-0.061	experi-was:-0.084	we-sat:-0.044	contact:-0.071	i-notic:-0.086	
[popular]: NUM:1309.0	order:750.0	food:718.0	time:551.0	wait:525.0	servic:435.0	minut:400.0	tabl:356.0	NUM-minut:324.0	good:304.0	server:274.0	drink:251.0	manag:236.0	told:208.0	restaur:207.0	peopl:193.0	friend:193.0	waitress:186.0	custom:185.0	seat:166.0	eat:166.0	great:165.0	experi:164.0	check:155.0	busi:152.0	meal:151.0	walk:150.0	bad:147.0	hour:140.0	call:127.0	
Cluster 6 (604)
[positive]: shop:0.999	nt:0.998	NUM:0.998	help:0.985	price:0.997	get:0.998	like:1.005	select:1.000	the-store:0.985	about:0.995	look:1.016	love:1.000	alway:0.996	will:0.998	time:0.984	do-nt:0.969	also:1.011	walk:1.034	custom:1.004	need:1.010	check:1.000	great:0.951	purchas:0.984	someth:0.992	good:1.004	make:1.000	sale:0.999	look-for:1.044	visit:0.983	back:1.000	
[negative]: staff-are:-0.168	addict:-0.190	young:-0.092	listen:-0.202	replac:-0.111	older:-0.074	mother:-0.158	interest-in:-0.089	depend-on:-0.070	a-fun:-0.087	also-a:-0.090	deal-with:-0.089	were-abl:-0.110	to-help:-0.028	contact:-0.105	to-NUM:-0.105	even-the:-0.114	realli-enjoy:-0.126	find-out:-0.057	great-select:-0.037	no-longer:-0.076	luck:-0.053	rather-than:-0.070	daughter:-0.088	walk-out:-0.053	some-great:-0.058	great-deal:-0.055	warn:-0.057	otherwis:-0.084	long-time:-0.111	
[popular]: NUM:598.0	store:520.0	find:280.0	price:269.0	shop:260.0	time:255.0	love:239.0	great:228.0	good:193.0	item:191.0	help:187.0	buy:180.0	locat:168.0	thing:152.0	select:143.0	lot:143.0	friend:142.0	staff:131.0	food:128.0	day:123.0	best:118.0	peopl:115.0	year:114.0	walk:113.0	servic:113.0	visit:109.0	custom:107.0	stuff:106.0	book:104.0	nice:104.0	
Cluster 7 (603)
[positive]: food:0.902	order:1.000	good:0.993	nt:1.001	NUM:0.992	like:1.090	lunch:0.998	spici:1.030	restaur:1.001	this-place:0.992	been:1.014	time:0.981	get:1.007	fresh:0.998	will:1.000	the-food:0.972	eat:0.986	curri:0.960	back:1.001	i-order:1.000	ve:1.009	no:1.052	tast:1.000	portion:1.000	pork:0.998	also:1.009	servic:1.011	about:0.996	sweet:1.000	veggi:1.003	
[negative]: of-flavor:-0.151	will-never:-0.228	quick-and:-0.071	food-that:-0.074	balanc:-0.204	the-spot:-0.094	over-NUM:-0.125	my-order:-0.093	by-far:-0.118	was-like:-0.126	the-mood:-0.104	of-place:-0.102	credit:-0.138	soup-and:-0.023	savori:-0.097	was-ok:-0.060	to-call:-0.112	outstand:-0.098	suppos-to:-0.119	or-someth:-0.091	the-order:-0.059	the-soup:-0.018	modern:-0.134	to-perfect:-0.089	they-get:-0.087	was-decent:-0.083	good-too:-0.055	expect-a:-0.053	a-perfect:-0.100	can-eat:-0.054	
[popular]: food:716.0	NUM:674.0	good:560.0	chicken:497.0	order:481.0	time:320.0	rice:317.0	roll:275.0	restaur:273.0	dish:264.0	sauc:253.0	thai:241.0	soup:236.0	fri:230.0	eat:229.0	noodl:217.0	lunch:208.0	great:204.0	tast:201.0	servic:185.0	spici:182.0	chines:181.0	shrimp:174.0	friend:171.0	love:165.0	flavor:163.0	menu:161.0	pho:160.0	egg:155.0	curri:142.0	
Cluster 8 (530)
[positive]: food:1.009	chip:1.034	good:1.002	nt:1.000	NUM:1.021	like:1.079	order:1.001	chees:1.000	time:1.044	get:1.002	this-place:0.996	the-food:1.000	servic:1.015	green:1.001	about:0.991	love:1.002	great:1.034	restaur:0.969	eat:0.998	order-the:1.013	fresh:1.012	lunch:1.001	back:1.001	been:1.003	bad:1.110	alway:1.011	i-order:0.988	do-nt:1.000	plate:1.016	ve:1.000	
[negative]: and-salsa:-0.023	suppos-to:-0.109	proper:-0.122	noth-special:-0.054	load:-0.084	booth:-0.055	hand-down:-0.124	my-order:-0.071	not-realli:-0.095	stori:-0.084	addict:-0.066	order-was:-0.114	nt-bad:-0.070	my-food:-0.036	continu:-0.080	pour:-0.079	popular:-0.048	burn:-0.072	a-must:-0.062	they-get:-0.068	are-great:-0.041	my-experi:-0.084	at-best:-0.055	the-chees:-0.021	meat-was:-0.032	have-no:-0.060	show-up:-0.120	ve-tri:-0.064	our-drink:-0.077	must-have:-0.044	
[popular]: food:584.0	NUM:495.0	good:418.0	taco:337.0	order:277.0	salsa:256.0	time:255.0	mexican:237.0	bean:214.0	burrito:198.0	chicken:192.0	chip:191.0	great:184.0	love:178.0	restaur:178.0	servic:178.0	eat:165.0	chees:152.0	sauc:151.0	rice:133.0	friend:127.0	tast:126.0	mexican-food:119.0	flavor:117.0	best:116.0	nice:113.0	tortilla:110.0	green:108.0	enchilada:105.0	fresh:103.0	
Cluster 5 (493)
[positive]: the-pizza:1.004	order:0.999	good:0.994	nt:0.999	chees:1.000	NUM:0.985	salad:0.994	like:0.989	get:1.003	time:1.017	back:1.000	this-place:1.000	great:0.994	fresh:1.003	food:1.004	love:1.002	about:0.995	no:1.010	been:1.001	eat:1.001	ve:0.991	do-nt:1.066	lunch:1.003	servic:1.031	i-order:0.994	wine:1.000	also:1.001	becaus:0.999	tast:1.005	someth:1.043	
[negative]: pizza-was:-0.016	hidden:-0.095	the-chees:-0.050	confus:-0.088	contact:-0.101	i-hate:-0.058	are-great:-0.116	was-fresh:-0.077	groupon:-0.074	kill:-0.122	here-again:-0.055	well-worth:-0.078	outdoor:-0.068	were-pretti:-0.124	the-sandwich:-0.032	care-about:-0.071	listen:-0.094	unlik:-0.069	ten:-0.040	nt-take:-0.082	price-for:-0.060	than-NUM:-0.055	yeah:-0.035	nt-believ:-0.057	notch:-0.092	hummus:-0.102	meh:-0.054	young:-0.053	the-ambianc:-0.086	room-for:-0.084	
[popular]: pizza:1110.0	NUM:592.0	good:459.0	order:367.0	time:245.0	chees:218.0	salad:217.0	food:216.0	great:206.0	crust:178.0	love:165.0	slice:163.0	top:156.0	sauc:155.0	eat:155.0	servic:133.0	tast:131.0	friend:113.0	wait:112.0	best:105.0	bread:100.0	night:96.0	locat:96.0	wing:95.0	fresh:95.0	price:94.0	pretti:92.0	restaur:89.0	flavor:88.0	star:88.0	
Cluster 9 (406)
[positive]: order:1.003	dinner:0.999	nt:0.999	NUM:0.979	salad:1.002	perfect:0.999	good:0.963	dessert:1.030	serv:1.002	chees:1.000	like:1.009	food:0.983	server:1.005	time:1.010	also:1.000	about:1.000	cook:0.984	fresh:1.003	wine:0.976	cake:1.003	order-the:1.002	chocol:0.996	great:1.027	restaur:0.998	love:1.009	even:1.001	delici:1.001	happi:1.002	sweet:1.000	happi-hour:1.000	
[negative]: salad-was:-0.083	veri-tasti:-0.123	creme:-0.057	the-chocol:-0.035	to-perfect:-0.045	booth:-0.071	to-die:-0.070	we-start:-0.042	not-disappoint:-0.080	realli-enjoy:-0.056	expect-a:-0.137	a-restaur:-0.044	our-drink:-0.035	we-sat:-0.041	return-to:-0.071	was-all:-0.037	listen:-0.098	to-return:-0.053	truffl:-0.035	charm:-0.044	the-ambianc:-0.029	sit-in:-0.068	be-seat:-0.031	generous:-0.021	proper:-0.064	push:-0.076	outdoor:-0.062	modern:-0.092	befor-i:-0.032	hook:-0.084	
[popular]: NUM:712.0	order:458.0	good:446.0	food:327.0	time:307.0	great:254.0	dinner:245.0	salad:229.0	bread:224.0	restaur:216.0	sauc:211.0	love:211.0	menu:209.0	friend:205.0	tabl:204.0	happi:202.0	delici:201.0	chees:200.0	meal:191.0	serv:189.0	enjoy:187.0	perfect:184.0	dish:179.0	tast:174.0	servic:172.0	hour:170.0	night:169.0	dessert:165.0	potato:160.0	cake:158.0	

[Info]Step 20: likelihood: 1148.6382, Delta_likelihood: 0.002
....13
....
[Info]kBar: 13, background prob: 0.99000, eij=0(mmb): 9832.0, eij=1:1002.0, eij=0(background):980186.0
oxoooooooooxooooooxoooooooooooooooxooooooooooooxooo
[Info]Accumulating evaluation results during sampling...
[Info]Clusters:1591(0.65/0.191)	1889(0.89/0.173)	674(0.27/0.091)	947(0.86/0.095)	833(0.81/0.080)	486(0.73/0.060)	616(0.79/0.055)	602(0.67/0.065)	534(0.71/0.069)	410(0.84/0.038)	355(0.75/0.035)	241(0.78/0.024)	225(0.58/0.024)	
[Info]Step 21: likelihood: 1150.5057, Delta_likelihood: -0.002
....13
....
[Info]kBar: 13, background prob: 0.99000, eij=0(mmb): 9748.0, eij=1:1002.0, eij=0(background):980270.0
oxoxoooooooooxooooooooxoooooooooxoooooooooooooooo
[Info]Clusters:1596(0.64/0.183)	1876(0.89/0.177)	686(0.27/0.091)	929(0.86/0.089)	826(0.81/0.082)	501(0.73/0.062)	618(0.79/0.048)	598(0.68/0.066)	516(0.72/0.073)	418(0.83/0.041)	342(0.74/0.035)	255(0.76/0.025)	242(0.59/0.028)	
[Info]Step 22: likelihood: 1147.1080, Delta_likelihood: 0.003
....13
....
[Info]kBar: 13, background prob: 0.99000, eij=0(mmb): 9434.0, eij=1:1002.0, eij=0(background):980584.0
oxooooooooooooooooooooooooooooooooooxooooooooooooxoo
[Info]Clusters:1582(0.64/0.196)	1839(0.89/0.166)	688(0.27/0.096)	961(0.85/0.084)	812(0.81/0.078)	484(0.75/0.066)	626(0.79/0.053)	596(0.68/0.068)	515(0.70/0.067)	427(0.84/0.038)	352(0.76/0.041)	260(0.76/0.019)	261(0.62/0.027)	
[Info]Step 23: likelihood: 1150.5706, Delta_likelihood: -0.003
....13
....
[Info]kBar: 13, background prob: 0.99000, eij=0(mmb): 9734.0, eij=1:1002.0, eij=0(background):980284.0
oxoxoooooooooxooooooxooooooooooooxoooooxoooooooooxooo
[Info]Accumulating evaluation results during sampling...
[Info]Clusters:1566(0.64/0.197)	1815(0.90/0.168)	691(0.28/0.086)	966(0.85/0.095)	802(0.80/0.079)	502(0.74/0.067)	623(0.80/0.044)	609(0.66/0.070)	504(0.71/0.067)	430(0.84/0.040)	353(0.76/0.038)	259(0.78/0.020)	283(0.64/0.028)	
[Info]Step 24: likelihood: 1153.4480, Delta_likelihood: -0.002
....13
....
[Info]kBar: 13, background prob: 0.99000, eij=0(mmb): 9492.0, eij=1:1002.0, eij=0(background):980526.0
oxooooooooooooooooooooxooooooooxooooooooxoooooxoooxoo
[Info]Clusters:1569(0.64/0.194)	1831(0.89/0.173)	683(0.28/0.084)	953(0.86/0.092)	797(0.79/0.080)	492(0.75/0.061)	611(0.79/0.050)	601(0.66/0.063)	500(0.71/0.072)	422(0.84/0.043)	375(0.76/0.043)	261(0.78/0.019)	308(0.65/0.026)	
[Info]Step 25: likelihood: 1152.1023, Delta_likelihood: 0.001
....13
....
[Info]kBar: 13, background prob: 0.99000, eij=0(mmb): 9718.0, eij=1:1002.0, eij=0(background):980300.0
oxoooooooooooooooooooxooooooooooooooooooooooooo
[Info]Clusters:1559(0.64/0.185)	1811(0.89/0.168)	684(0.28/0.092)	969(0.86/0.093)	795(0.79/0.083)	487(0.75/0.061)	628(0.79/0.048)	623(0.68/0.075)	497(0.69/0.068)	411(0.83/0.042)	377(0.75/0.035)	258(0.78/0.018)	304(0.67/0.032)	
[Info]Step 26: likelihood: 1152.9913, Delta_likelihood: -0.001
....13
....
[Info]kBar: 13, background prob: 0.99000, eij=0(mmb): 9870.0, eij=1:1002.0, eij=0(background):980148.0
oxooooooooxooooxooooxoooooooooxooooooooooooooo
[Info]Accumulating evaluation results during sampling...
[Info]Clusters:1560(0.64/0.204)	1800(0.90/0.160)	689(0.28/0.093)	929(0.86/0.090)	777(0.78/0.086)	486(0.74/0.065)	618(0.79/0.046)	619(0.67/0.061)	498(0.71/0.067)	431(0.83/0.039)	403(0.76/0.038)	260(0.79/0.019)	333(0.69/0.033)	
[Info]Step 27: likelihood: 1156.1328, Delta_likelihood: -0.003
....13
....
[Info]kBar: 13, background prob: 0.99000, eij=0(mmb): 9810.0, eij=1:1002.0, eij=0(background):980208.0
oxooooooooooxoooooxooooxoooooooooxoooooooooxoooooxooooo
[Info]Clusters:1557(0.64/0.193)	1810(0.90/0.164)	680(0.26/0.090)	937(0.86/0.093)	774(0.78/0.083)	497(0.74/0.059)	617(0.81/0.046)	617(0.67/0.064)	498(0.70/0.069)	418(0.82/0.043)	389(0.76/0.043)	271(0.77/0.022)	338(0.70/0.032)	
[Info]Step 28: likelihood: 1154.5516, Delta_likelihood: 0.001
....13
....
[Info]kBar: 13, background prob: 0.99000, eij=0(mmb): 9598.0, eij=1:1002.0, eij=0(background):980420.0
oxooooooooxoooooooooooooooooooooooooooxooooooxooxoooo
[Info]Clusters:1532(0.64/0.193)	1818(0.90/0.164)	666(0.26/0.087)	914(0.85/0.084)	784(0.78/0.074)	508(0.73/0.068)	628(0.80/0.050)	624(0.67/0.071)	501(0.71/0.073)	414(0.83/0.038)	405(0.76/0.042)	263(0.79/0.019)	346(0.68/0.035)	
[Info]Step 29: likelihood: 1152.7417, Delta_likelihood: 0.002
[Info]Accumulating evaluation results during sampling...
neg users: 747	pos users: 930
MTCLinAdaptWithMMB[dim:801,dimSup:3072,lmDim:1000,M:6,rho:0.01000,alpha:0.1000,eta:0.0100,beta:0.0100,nScale:(0.050,0.050),#Iter:30,N1(0.000,0.043),N2(1.000,0.043)]
Micro confusion matrix:
	0	1
0	1960	372
1	400	7129
Micro F1:
Class 0: 0.8355		Class 1: 0.9486		
Macro F1:
Class 0: 0.8244+0.2871	Class 1: 0.9451+0.1215	