Load 5000 2-gram old features from ./data/CoLinAdapt/Amazon/SelectedVocab.csv...
1000 features for language model are loaded from ./data/CoLinAdapt/Amazon/fv_lm_DF_1000.txt...
2000 users are loaded from ./data/CoLinAdapt/Amazon/Users_2000...
7760 users are loaded from ./data/CoLinAdapt/Amazon/Users_8000...
No normalizaiton is adopted here or wrong parameters in setFeatureValues()!
Text feature generated for 143161 documents...
[Info]Feature group size 801
[Info]Training size: 0(0.00), adaptation size: 29119(0.74), and testing size: 114027(0.74)
MTCLinAdaptWithDP[dim:801,supDim:5001,M:6,alpha:0.1000,#Iter:30,N1(0.000,0.200),N2(1.000,0.200)]
oooxooxooooxooxooxooooooooooooooxooooxooooooooxoooooooxoooooooxoooooooooxooooooooooooooooxoooooxoooo
ooooxoooooooxoooooooooooxoooooxoooxooooxooooxooooooooxooooxoooooooooooooxoooooooooxooooxoooooooooooo
ooooxooooo
oxoooooooooooooxoxoooooooooxoooooooooooxooooooooooooooooooooxooooooooxoooooooxooxoooooooooooooxooooo
oooxoooooxoooooooooooooxoooooooooooooooooxooooooxooooooooxoooooxoooooo
oxooooooooooooooooooooooooooooooooooooooooooooooxoooooooooxooxooooooooooxooooxoooooooooxooooooxooooo
oooxoooooxooooxoooooxoooooxooooxooooooooxoooooooooxooooooooxooooooxoooooooo
oxooooooooxooooooooooooooooooooooooooooooxoooooooooxoooxoooooxooooooooxoxooooooooooooxooooxoooooooxo
oooooooxoooooxooooxooooooooxoooooxooxoooooooxooooooooooo
oxooooooooxooooooooxooooooxooxoooooooooxoooooxooooxoooooooooxooooooxooooxooooxoooooooooooooxoooooooo
xooooooooooooooooxooooooxooooooooooooooooooooooxooxooooooo
oxoooooooooooooxooxoooooooooooooooooooooxoooooooooooooooooooxoooooxoooooooooooooooooooxooooooxoooooo
oxooooooooooooxoooooooooxooooooooxoooooxoooooooo
oxooooooooooooxooooooooxooooooooooxoooooxoooooooooooooooooooooooooooooxooooooxooooooooxoooxoooooxooo
xoooooxooooooxooooooooooooxooooooxooooooooooooooxoxooooo
oxooooooooooooooxoooxooooooooxooooooxoooooooxooxoooooooxooooooxooxooooooooxooooooooxoooooooxooooooxo
xoooooo
oxoxooooooooxoooooooooooooooxooxooooooxooooxooooooooooooooooxoooxooooooxoooooooxooxooooooxooooooooxo
oxooooooxooooooooooooxooo
oxooooooooxooooooooxoooooooxooooooxoooooxooooooooooooxoooooooooooooxooooooooooooxooooxooooxooooooooo
oooooooooxooooooooxoo
oxoxoooooooooxooooooooxoooooooooooooooxoxoooooooxooooooxoxoooooooxooooooooxooooxoooooooooooooooooooo
ooooooo
[Info]Accumulating evaluation results during sampling...
[Info]Clusters:1991(0.74,14.6)	3(0.76,11.0)	
[Info]2 Clusters are found in total!
[Info]Step 0: likelihood: 774.5654, Delta_likelihood: 0.000323
oxooooooooxooooooooxooooooooxoooooxooooxooooooxoooooooxooxoooooooxoooooooooooooooooxooooxooooooxoxoo
oooooooooooxoxoooooooooooooxo
[Info]Clusters:1993(0.74,14.6)	1(0.67,3.0)	
[Info]2 Clusters are found in total!
[Info]Step 1: likelihood: 774.9679, Delta_likelihood: -0.000519
oxooooooooooxoooooooxooooooooxoooooxooooxooooooooxoooooooxoooooooooooooxooooooooxooooooooooooooooooo
ooooooooxoxooooooooooxoooooooxooxoo
[Info]Clusters:1994(0.74,14.6)	
[Info]1 Clusters are found in total!
[Info]Step 2: likelihood: 777.6873, Delta_likelihood: -0.003497
oxooo
[Info]Accumulating evaluation results during sampling...
[Info]Clusters:1994(0.74,14.6)	
[Info]1 Clusters are found in total!
[Info]Step 3: likelihood: 777.6873, Delta_likelihood: 0.000000
[Info]Accumulating evaluation results during sampling...
neg users: 7717	pos users: 7745
MTCLinAdaptWithDP[dim:801,supDim:5001,M:6,alpha:0.1000,#Iter:30,N1(0.000,0.200),N2(1.000,0.200)]
Micro confusion matrix:
	0	1
0	21067	9585
1	9056	74319
Micro F1:
Class 0: 0.6933		Class 1: 0.8886		
Macro F1:
Class 0: 0.6613+0.3260	Class 1: 0.8659+0.1581	
