#
# There is insufficient memory for the Java Runtime Environment to continue.
# Native memory allocation (mmap) failed to map 8496611328 bytes for committing reserved memory.
# Possible reasons:
#   The system is out of physical RAM or swap space
#   In 32 bit mode, the process size limit was hit
# Possible solutions:
#   Reduce memory load on the system
#   Increase physical memory or swap space
#   Check if swap backing store is full
#   Use 64 bit Java on a 64 bit OS
#   Decrease Java heap size (-Xmx/-Xms)
#   Decrease number of Java threads
#   Decrease Java thread stack sizes (-Xss)
#   Set larger code cache with -XX:ReservedCodeCacheSize=
# This output file may be truncated or incomplete.
#
#  Out of Memory Error (os_linux.cpp:2673), pid=19423, tid=140305073280768
#
# JRE version: Java(TM) SE Runtime Environment (8.0_40-b25) (build 1.8.0_40-b25)
# Java VM: Java HotSpot(TM) 64-Bit Server VM (25.40-b25 mixed mode linux-amd64 )
# Failed to write core dump. Core dumps have been disabled. To enable core dumping, try "ulimit -c unlimited" before starting Java again
#

---------------  T H R E A D  ---------------

Current thread (0x00007fab80089000):  VMThread [stack: 0x00007f9b51fd9000,0x00007f9b520da000] [id=19438]

Stack: [0x00007f9b51fd9000,0x00007f9b520da000],  sp=0x00007f9b520d8260,  free space=1020k
Native frames: (J=compiled Java code, j=interpreted, Vv=VM code, C=native code)
V  [libjvm.so+0xaaca9a]  VMError::report_and_die()+0x2ba
V  [libjvm.so+0x4f333b]  report_vm_out_of_memory(char const*, int, unsigned long, VMErrorType, char const*)+0x8b
V  [libjvm.so+0x90e8c3]  os::Linux::commit_memory_impl(char*, unsigned long, bool)+0x103
V  [libjvm.so+0x90ee19]  os::pd_commit_memory(char*, unsigned long, unsigned long, bool)+0x29
V  [libjvm.so+0x90877a]  os::commit_memory(char*, unsigned long, unsigned long, bool)+0x2a
V  [libjvm.so+0x97bbc3]  PSVirtualSpace::expand_by(unsigned long)+0x53
V  [libjvm.so+0x96c420]  PSOldGen::expand(unsigned long)+0x170
V  [libjvm.so+0x96c62b]  PSOldGen::resize(unsigned long)+0x1cb
V  [libjvm.so+0x974341]  PSParallelCompact::invoke_no_policy(bool)+0x9d1
V  [libjvm.so+0x979ced]  PSScavenge::invoke()+0x1ad
V  [libjvm.so+0x932150]  ParallelScavengeHeap::failed_mem_allocate(unsigned long)+0x70
V  [libjvm.so+0xaae2d7]  VM_ParallelGCFailedAllocation::doit()+0x97
V  [libjvm.so+0xab5ac5]  VM_Operation::evaluate()+0x55
V  [libjvm.so+0xab3e9a]  VMThread::evaluate_operation(VM_Operation*)+0xba
V  [libjvm.so+0xab421e]  VMThread::loop()+0x1ce
V  [libjvm.so+0xab4690]  VMThread::run()+0x70
V  [libjvm.so+0x910ee8]  java_start(Thread*)+0x108

VM_Operation (0x00007fab85ffc310): ParallelGCFailedAllocation, mode: safepoint, requested by thread 0x00007fab80009800


---------------  P R O C E S S  ---------------

Java Threads: ( => current thread )
  0x00007fab800ef000 JavaThread "Service Thread" daemon [_thread_blocked, id=19454, stack(0x00007f9b50cc2000,0x00007f9b50dc3000)]
  0x00007fab800ea000 JavaThread "C1 CompilerThread11" daemon [_thread_blocked, id=19453, stack(0x00007f9b50dc3000,0x00007f9b50ec4000)]
  0x00007fab800e8000 JavaThread "C1 CompilerThread10" daemon [_thread_blocked, id=19452, stack(0x00007f9b50ec4000,0x00007f9b50fc5000)]
  0x00007fab800e6000 JavaThread "C1 CompilerThread9" daemon [_thread_blocked, id=19451, stack(0x00007f9b50fc5000,0x00007f9b510c6000)]
  0x00007fab800e3800 JavaThread "C1 CompilerThread8" daemon [_thread_blocked, id=19450, stack(0x00007f9b510c6000,0x00007f9b511c7000)]
  0x00007fab800e1800 JavaThread "C2 CompilerThread7" daemon [_thread_blocked, id=19449, stack(0x00007f9b511c7000,0x00007f9b512c8000)]
  0x00007fab800df800 JavaThread "C2 CompilerThread6" daemon [_thread_blocked, id=19448, stack(0x00007f9b512c8000,0x00007f9b513c9000)]
  0x00007fab800dd800 JavaThread "C2 CompilerThread5" daemon [_thread_blocked, id=19447, stack(0x00007f9b513c9000,0x00007f9b514ca000)]
  0x00007fab800d3000 JavaThread "C2 CompilerThread4" daemon [_thread_blocked, id=19446, stack(0x00007f9b514ca000,0x00007f9b515cb000)]
  0x00007fab800d1000 JavaThread "C2 CompilerThread3" daemon [_thread_blocked, id=19445, stack(0x00007f9b515cb000,0x00007f9b516cc000)]
  0x00007fab800cf000 JavaThread "C2 CompilerThread2" daemon [_thread_blocked, id=19444, stack(0x00007f9b516cc000,0x00007f9b517cd000)]
  0x00007fab800cd000 JavaThread "C2 CompilerThread1" daemon [_thread_blocked, id=19443, stack(0x00007f9b517cd000,0x00007f9b518ce000)]
  0x00007fab800ca000 JavaThread "C2 CompilerThread0" daemon [_thread_blocked, id=19442, stack(0x00007f9b518ce000,0x00007f9b519cf000)]
  0x00007fab800c8800 JavaThread "Signal Dispatcher" daemon [_thread_blocked, id=19441, stack(0x00007f9b519cf000,0x00007f9b51ad0000)]
  0x00007fab80090800 JavaThread "Finalizer" daemon [_thread_blocked, id=19440, stack(0x00007f9b51dd7000,0x00007f9b51ed8000)]
  0x00007fab8008e800 JavaThread "Reference Handler" daemon [_thread_blocked, id=19439, stack(0x00007f9b51ed8000,0x00007f9b51fd9000)]
  0x00007fab80009800 JavaThread "main" [_thread_blocked, id=19424, stack(0x00007fab85efd000,0x00007fab85ffe000)]

Other Threads:
=>0x00007fab80089000 VMThread [stack: 0x00007f9b51fd9000,0x00007f9b520da000] [id=19438]
  0x00007fab800f1800 WatcherThread [stack: 0x00007f9b50bc1000,0x00007f9b50cc2000] [id=19455]

VM state:at safepoint (normal execution)

VM Mutex/Monitor currently owned by a thread:  ([mutex/lock_event])
[0x00007fab80005910] ExpandHeap_lock - owner thread: 0x00007fab80089000
[0x00007fab80005f90] Threads_lock - owner thread: 0x00007fab80089000
[0x00007fab80006490] Heap_lock - owner thread: 0x00007fab80009800

Heap:
 PSYoungGen      total 21708800K, used 0K [0x00007fa61a700000, 0x00007fab49a00000, 0x00007fab6fc00000)
  eden space 21707264K, 0% used [0x00007fa61a700000,0x00007fa61a700000,0x00007fab47580000)
  from space 1536K, 0% used [0x00007fab47580000,0x00007fab47580000,0x00007fab47700000)
  to   space 1536K, 0% used [0x00007fab49880000,0x00007fab49880000,0x00007fab49a00000)
 ParOldGen       total 17557504K, used 13193684K [0x00007f9b6fc00000, 0x00007f9f9f600000, 0x00007fa61a700000)
  object space 17557504K, 75% used [0x00007f9b6fc00000,0x00007f9e950753f0,0x00007f9f9f600000)
 Metaspace       used 3722K, capacity 4496K, committed 4608K, reserved 8192K

Card table byte_map: [0x00007f9b67bff000,0x00007f9b6fc00000] byte_map_base: 0x00007f5b9a081000

Marking Bits: (ParMarkBitMap*) 0x00007fab853ad6c0
 Begin Bits: [0x00007f9a98000000, 0x00007f9ad8000000)
 End Bits:   [0x00007f9ad8000000, 0x00007f9b18000000)

Polling page: 0x00007fab85efc000

CodeCache: size=245760Kb used=5876Kb max_used=5973Kb free=239883Kb
 bounds [0x00007fab70158000, 0x00007fab70738000, 0x00007fab7f158000]
 total_blobs=810 nmethods=536 adapters=186
 compilation: enabled

Compilation events (10 events):
Event: 5585.125 Thread 0x00007fab800d3000  598       4       Classifier.semisupervised.GaussianFieldsByRandomWalk::randomWalk (356 bytes)
Event: 5585.151 Thread 0x00007fab800d3000 nmethod 598 0x00007fab7048f550 code [0x00007fab7048f7c0, 0x00007fab70490bd0]
Event: 5588.099 Thread 0x00007fab800ea000  599 %     3       Classifier.semisupervised.GaussianFieldsByRandomWalk::test @ 119 (262 bytes)
Event: 5588.101 Thread 0x00007fab800ea000 nmethod 599% 0x00007fab7041c6d0 code [0x00007fab7041ca40, 0x00007fab7041e5f8]
Event: 5588.102 Thread 0x00007fab800e8000  600   !   3       Classifier.BaseClassifier::crossValidation (224 bytes)
Event: 5588.104 Thread 0x00007fab800e8000 nmethod 600 0x00007fab7042c790 code [0x00007fab7042cc00, 0x00007fab7042eeb8]
Event: 5588.105 Thread 0x00007fab800df800  601 % !   4       Classifier.BaseClassifier::crossValidation @ 67 (224 bytes)
Event: 5588.106 Thread 0x00007fab800d1000  602 %     4       java.util.ArrayList::clear @ 12 (39 bytes)
Event: 5588.109 Thread 0x00007fab800d1000 nmethod 602% 0x00007fab70442d10 code [0x00007fab70442e60, 0x00007fab70443078]
Event: 5588.119 Thread 0x00007fab800df800 nmethod 601% 0x00007fab7040a1d0 code [0x00007fab7040a3a0, 0x00007fab7040afd8]

GC Heap History (10 events):
Event: 5547.501 GC heap after
Heap after GC invocations=552 (full 5):
 PSYoungGen      total 21677056K, used 192K [0x00007fa61a700000, 0x00007fab45d00000, 0x00007fab6fc00000)
  eden space 21676544K, 0% used [0x00007fa61a700000,0x00007fa61a700000,0x00007fab45780000)
  from space 512K, 37% used [0x00007fab45c80000,0x00007fab45cb0000,0x00007fab45d00000)
  to   space 1536K, 0% used [0x00007fab45a00000,0x00007fab45a00000,0x00007fab45b80000)
 ParOldGen       total 13608960K, used 4731308K [0x00007f9b6fc00000, 0x00007f9eae600000, 0x00007fa61a700000)
  object space 13608960K, 34% used [0x00007f9b6fc00000,0x00007f9c9086b238,0x00007f9eae600000)
 Metaspace       used 3715K, capacity 4496K, committed 4608K, reserved 8192K
}
Event: 5560.378 GC heap before
{Heap before GC invocations=553 (full 5):
 PSYoungGen      total 21677056K, used 21676736K [0x00007fa61a700000, 0x00007fab45d00000, 0x00007fab6fc00000)
  eden space 21676544K, 100% used [0x00007fa61a700000,0x00007fab45780000,0x00007fab45780000)
  from space 512K, 37% used [0x00007fab45c80000,0x00007fab45cb0000,0x00007fab45d00000)
  to   space 1536K, 0% used [0x00007fab45a00000,0x00007fab45a00000,0x00007fab45b80000)
 ParOldGen       total 13608960K, used 4731308K [0x00007f9b6fc00000, 0x00007f9eae600000, 0x00007fa61a700000)
  object space 13608960K, 34% used [0x00007f9b6fc00000,0x00007f9c9086b238,0x00007f9eae600000)
 Metaspace       used 3715K, capacity 4496K, committed 4608K, reserved 8192K
Event: 5560.391 GC heap after
Heap after GC invocations=553 (full 5):
 PSYoungGen      total 21680640K, used 224K [0x00007fa61a700000, 0x00007fab47880000, 0x00007fab6fc00000)
  eden space 21679104K, 0% used [0x00007fa61a700000,0x00007fa61a700000,0x00007fab45a00000)
  from space 1536K, 14% used [0x00007fab45a00000,0x00007fab45a38000,0x00007fab45b80000)
  to   space 1536K, 0% used [0x00007fab47700000,0x00007fab47700000,0x00007fab47880000)
 ParOldGen       total 13608960K, used 4731308K [0x00007f9b6fc00000, 0x00007f9eae600000, 0x00007fa61a700000)
  object space 13608960K, 34% used [0x00007f9b6fc00000,0x00007f9c9086b238,0x00007f9eae600000)
 Metaspace       used 3715K, capacity 4496K, committed 4608K, reserved 8192K
}
Event: 5571.639 GC heap before
{Heap before GC invocations=554 (full 5):
 PSYoungGen      total 21680640K, used 21679328K [0x00007fa61a700000, 0x00007fab47880000, 0x00007fab6fc00000)
  eden space 21679104K, 100% used [0x00007fa61a700000,0x00007fab45a00000,0x00007fab45a00000)
  from space 1536K, 14% used [0x00007fab45a00000,0x00007fab45a38000,0x00007fab45b80000)
  to   space 1536K, 0% used [0x00007fab47700000,0x00007fab47700000,0x00007fab47880000)
 ParOldGen       total 13608960K, used 4731308K [0x00007f9b6fc00000, 0x00007f9eae600000, 0x00007fa61a700000)
  object space 13608960K, 34% used [0x00007f9b6fc00000,0x00007f9c9086b238,0x00007f9eae600000)
 Metaspace       used 3715K, capacity 4496K, committed 4608K, reserved 8192K
Event: 5571.666 GC heap after
Heap after GC invocations=554 (full 5):
 PSYoungGen      total 21708800K, used 197K [0x00007fa61a700000, 0x00007fab48180000, 0x00007fab6fc00000)
  eden space 21707264K, 0% used [0x00007fa61a700000,0x00007fa61a700000,0x00007fab47580000)
  from space 1536K, 12% used [0x00007fab47700000,0x00007fab477314a0,0x00007fab47880000)
  to   space 1536K, 0% used [0x00007fab47580000,0x00007fab47580000,0x00007fab47700000)
 ParOldGen       total 13608960K, used 4731308K [0x00007f9b6fc00000, 0x00007f9eae600000, 0x00007fa61a700000)
  object space 13608960K, 34% used [0x00007f9b6fc00000,0x00007f9c9086b238,0x00007f9eae600000)
 Metaspace       used 3715K, capacity 4496K, committed 4608K, reserved 8192K
}
Event: 5583.121 GC heap before
{Heap before GC invocations=555 (full 5):
 PSYoungGen      total 21708800K, used 21707461K [0x00007fa61a700000, 0x00007fab48180000, 0x00007fab6fc00000)
  eden space 21707264K, 100% used [0x00007fa61a700000,0x00007fab47580000,0x00007fab47580000)
  from space 1536K, 12% used [0x00007fab47700000,0x00007fab477314a0,0x00007fab47880000)
  to   space 1536K, 0% used [0x00007fab47580000,0x00007fab47580000,0x00007fab47700000)
 ParOldGen       total 13608960K, used 4731308K [0x00007f9b6fc00000, 0x00007f9eae600000, 0x00007fa61a700000)
  object space 13608960K, 34% used [0x00007f9b6fc00000,0x00007f9c9086b238,0x00007f9eae600000)
 Metaspace       used 3715K, capacity 4496K, committed 4608K, reserved 8192K
Event: 5583.133 GC heap after
Heap after GC invocations=555 (full 5):
 PSYoungGen      total 21708800K, used 162K [0x00007fa61a700000, 0x00007fab49a00000, 0x00007fab6fc00000)
  eden space 21707264K, 0% used [0x00007fa61a700000,0x00007fa61a700000,0x00007fab47580000)
  from space 1536K, 10% used [0x00007fab47580000,0x00007fab475a8ba0,0x00007fab47700000)
  to   space 1536K, 0% used [0x00007fab49880000,0x00007fab49880000,0x00007fab49a00000)
 ParOldGen       total 13608960K, used 4731308K [0x00007f9b6fc00000, 0x00007f9eae600000, 0x00007fa61a700000)
  object space 13608960K, 34% used [0x00007f9b6fc00000,0x00007f9c9086b238,0x00007f9eae600000)
 Metaspace       used 3715K, capacity 4496K, committed 4608K, reserved 8192K
}
Event: 5615.779 GC heap before
{Heap before GC invocations=556 (full 5):
 PSYoungGen      total 21708800K, used 21707426K [0x00007fa61a700000, 0x00007fab49a00000, 0x00007fab6fc00000)
  eden space 21707264K, 100% used [0x00007fa61a700000,0x00007fab47580000,0x00007fab47580000)
  from space 1536K, 10% used [0x00007fab47580000,0x00007fab475a8ba0,0x00007fab47700000)
  to   space 1536K, 0% used [0x00007fab49880000,0x00007fab49880000,0x00007fab49a00000)
 ParOldGen       total 13608960K, used 4731308K [0x00007f9b6fc00000, 0x00007f9eae600000, 0x00007fa61a700000)
  object space 13608960K, 34% used [0x00007f9b6fc00000,0x00007f9c9086b238,0x00007f9eae600000)
 Metaspace       used 3722K, capacity 4496K, committed 4608K, reserved 8192K
Event: 5630.585 GC heap after
Heap after GC invocations=556 (full 5):
 PSYoungGen      total 21708800K, used 21707426K [0x00007fa61a700000, 0x00007fab49a00000, 0x00007fab6fc00000)
  eden space 21707264K, 100% used [0x00007fa61a700000,0x00007fab47580000,0x00007fab47580000)
  from space 1536K, 10% used [0x00007fab47580000,0x00007fab475a8ba0,0x00007fab47700000)
  to   space 1536K, 99% used [0x00007fab49880000,0x00007fab499fc900,0x00007fab49a00000)
 ParOldGen       total 17557504K, used 17555854K [0x00007f9b6fc00000, 0x00007f9f9f600000, 0x00007fa61a700000)
  object space 17557504K, 99% used [0x00007f9b6fc00000,0x00007f9f9f463a98,0x00007f9f9f600000)
 Metaspace       used 3722K, capacity 4496K, committed 4608K, reserved 8192K
}
Event: 5630.586 GC heap before
{Heap before GC invocations=557 (full 6):
 PSYoungGen      total 21708800K, used 21707426K [0x00007fa61a700000, 0x00007fab49a00000, 0x00007fab6fc00000)
  eden space 21707264K, 100% used [0x00007fa61a700000,0x00007fab47580000,0x00007fab47580000)
  from space 1536K, 10% used [0x00007fab47580000,0x00007fab475a8ba0,0x00007fab47700000)
  to   space 1536K, 99% used [0x00007fab49880000,0x00007fab499fc900,0x00007fab49a00000)
 ParOldGen       total 17557504K, used 17555854K [0x00007f9b6fc00000, 0x00007f9f9f600000, 0x00007fa61a700000)
  object space 17557504K, 99% used [0x00007f9b6fc00000,0x00007f9f9f463a98,0x00007f9f9f600000)
 Metaspace       used 3722K, capacity 4496K, committed 4608K, reserved 8192K

Deoptimization events (10 events):
Event: 1888.211 Thread 0x00007fab80009800 Uncommon trap: reason=unstable_if action=reinterpret pc=0x00007fab7069829c method=Classifier.semisupervised.GaussianFields.encode(II)I @ 2
Event: 1891.019 Thread 0x00007fab80009800 Uncommon trap: reason=unstable_if action=reinterpret pc=0x00007fab706d6018 method=Classifier.semisupervised.GaussianFieldsByRandomWalk.randomWalk()V @ 38
Event: 1984.098 Thread 0x00007fab80009800 Uncommon trap: reason=unstable_if action=reinterpret pc=0x00007fab705d7ec8 method=Classifier.supervised.liblinear.Linear.solve_l2r_l1l2_svc(LClassifier/supervised/liblinear/Problem;[DDDDLClassifier/supervised/liblinear/SolverType;)V @ 208
Event: 2102.189 Thread 0x00007fab80009800 Uncommon trap: reason=unstable_if action=reinterpret pc=0x00007fab70700778 method=java.lang.Math.min(DD)D @ 17
Event: 3832.129 Thread 0x00007fab80009800 Uncommon trap: reason=unstable_if action=reinterpret pc=0x00007fab706e6404 method=Classifier.metricLearning.LinearSVMMetricLearning.selFeatures(Ljava/util/Collection;D)V @ 39
Event: 3836.240 Thread 0x00007fab80009800 Uncommon trap: reason=unstable_if action=reinterpret pc=0x00007fab706ea538 method=Classifier.metricLearning.LinearSVMMetricLearning.selFeatures(Ljava/util/Collection;D)V @ 172
Event: 3864.878 Thread 0x00007fab80009800 Uncommon trap: reason=unstable_if action=reinterpret pc=0x00007fab706ef5a8 method=Classifier.metricLearning.LinearSVMMetricLearning.trainLibLinear(I)LClassifier/supervised/liblinear/Model; @ 54
Event: 3864.902 Thread 0x00007fab80009800 Uncommon trap: reason=unstable_if action=reinterpret pc=0x00007fab70725828 method=Classifier.metricLearning.LinearSVMMetricLearning.trainLibLinear(I)LClassifier/supervised/liblinear/Model; @ 318
Event: 3871.677 Thread 0x00007fab80009800 Uncommon trap: reason=unstable_if action=reinterpret pc=0x00007fab7061a888 method=Classifier.supervised.liblinear.Linear.solve_l2r_l1l2_svc(LClassifier/supervised/liblinear/Problem;[DDDDLClassifier/supervised/liblinear/SolverType;)V @ 229
Event: 3877.368 Thread 0x00007fab80009800 Uncommon trap: reason=unstable_if action=reinterpret pc=0x00007fab7065a848 method=java.lang.Math.min(DD)D @ 17

Internal exceptions (2 events):
Event: 0.035 Thread 0x00007fab80009800 Exception <a 'java/lang/NoSuchMethodError': Method sun.misc.Unsafe.defineClass(Ljava/lang/String;[BII)Ljava/lang/Class; name or signature does not match> (0x00007fa61a71b930) thrown at [/HUDSON/workspace/8-2-build-linux-amd64/jdk8u40/2855/hotspot/src/shar
Event: 0.035 Thread 0x00007fab80009800 Exception <a 'java/lang/NoSuchMethodError': Method sun.misc.Unsafe.prefetchRead(Ljava/lang/Object;J)V name or signature does not match> (0x00007fa61a71bc98) thrown at [/HUDSON/workspace/8-2-build-linux-amd64/jdk8u40/2855/hotspot/src/share/vm/prims/jni.cpp

Events (10 events):
Event: 5585.151 Thread 0x00007fab800d3000 flushing nmethod 0x00007fab7040d590
Event: 5585.151 Thread 0x00007fab800d3000 flushing nmethod 0x00007fab70410b50
Event: 5588.102 Thread 0x00007fab800ea000 flushing nmethod 0x00007fab70442a90
Event: 5588.109 Thread 0x00007fab800d1000 flushing nmethod 0x00007fab7046abd0
Event: 5588.119 Thread 0x00007fab800df800 flushing nmethod 0x00007fab70489f50
Event: 5588.119 Thread 0x00007fab800df800 flushing nmethod 0x00007fab7048b490
Event: 5588.119 Thread 0x00007fab800df800 flushing nmethod 0x00007fab7048c0d0
Event: 5588.119 Thread 0x00007fab800df800 flushing nmethod 0x00007fab7048c610
Event: 5588.119 Thread 0x00007fab800df800 flushing nmethod 0x00007fab704a2750
Event: 5615.779 Executing VM operation: ParallelGCFailedAllocation


Dynamic libraries:
00400000-00401000 r-xp 00000000 08:01 4327606                            /opt/java/64/jre1.8.0_40/bin/java
00600000-00601000 rw-p 00000000 08:01 4327606                            /opt/java/64/jre1.8.0_40/bin/java
014cc000-014ed000 rw-p 00000000 00:00 0                                  [heap]
7f9a48000000-7f9a48021000 rw-p 00000000 00:00 0 
7f9a48021000-7f9a4c000000 ---p 00000000 00:00 0 
7f9a4c000000-7f9a4c021000 rw-p 00000000 00:00 0 
7f9a4c021000-7f9a50000000 ---p 00000000 00:00 0 
7f9a50000000-7f9a50162000 rw-p 00000000 00:00 0 
7f9a50162000-7f9a54000000 ---p 00000000 00:00 0 
7f9a54000000-7f9a541a9000 rw-p 00000000 00:00 0 
7f9a541a9000-7f9a58000000 ---p 00000000 00:00 0 
7f9a58000000-7f9a582bf000 rw-p 00000000 00:00 0 
7f9a582bf000-7f9a5c000000 ---p 00000000 00:00 0 
7f9a5c000000-7f9a5c18a000 rw-p 00000000 00:00 0 
7f9a5c18a000-7f9a60000000 ---p 00000000 00:00 0 
7f9a60000000-7f9a602d8000 rw-p 00000000 00:00 0 
7f9a602d8000-7f9a64000000 ---p 00000000 00:00 0 
7f9a64000000-7f9a64365000 rw-p 00000000 00:00 0 
7f9a64365000-7f9a68000000 ---p 00000000 00:00 0 
7f9a68000000-7f9a683c1000 rw-p 00000000 00:00 0 
7f9a683c1000-7f9a6c000000 ---p 00000000 00:00 0 
7f9a6c000000-7f9a6c42f000 rw-p 00000000 00:00 0 
7f9a6c42f000-7f9a70000000 ---p 00000000 00:00 0 
7f9a70000000-7f9a706ba000 rw-p 00000000 00:00 0 
7f9a706ba000-7f9a74000000 ---p 00000000 00:00 0 
7f9a74000000-7f9a743dd000 rw-p 00000000 00:00 0 
7f9a743dd000-7f9a78000000 ---p 00000000 00:00 0 
7f9a78000000-7f9a78409000 rw-p 00000000 00:00 0 
7f9a78409000-7f9a7c000000 ---p 00000000 00:00 0 
7f9a7c000000-7f9a7c3e6000 rw-p 00000000 00:00 0 
7f9a7c3e6000-7f9a80000000 ---p 00000000 00:00 0 
7f9a80000000-7f9a80021000 rw-p 00000000 00:00 0 
7f9a80021000-7f9a84000000 ---p 00000000 00:00 0 
7f9a84000000-7f9a84021000 rw-p 00000000 00:00 0 
7f9a84021000-7f9a88000000 ---p 00000000 00:00 0 
7f9a88000000-7f9a8828a000 rw-p 00000000 00:00 0 
7f9a8828a000-7f9a8c000000 ---p 00000000 00:00 0 
7f9a8c000000-7f9a8c021000 rw-p 00000000 00:00 0 
7f9a8c021000-7f9a90000000 ---p 00000000 00:00 0 
7f9a90000000-7f9b18000000 rw-p 00000000 00:00 0 
7f9b18000000-7f9b18021000 rw-p 00000000 00:00 0 
7f9b18021000-7f9b1c000000 ---p 00000000 00:00 0 
7f9b20000000-7f9b20021000 rw-p 00000000 00:00 0 
7f9b20021000-7f9b24000000 ---p 00000000 00:00 0 
7f9b28000000-7f9b28021000 rw-p 00000000 00:00 0 
7f9b28021000-7f9b2c000000 ---p 00000000 00:00 0 
7f9b30000000-7f9b30021000 rw-p 00000000 00:00 0 
7f9b30021000-7f9b34000000 ---p 00000000 00:00 0 
7f9b38000000-7f9b38021000 rw-p 00000000 00:00 0 
7f9b38021000-7f9b3c000000 ---p 00000000 00:00 0 
7f9b3c000000-7f9b3c021000 rw-p 00000000 00:00 0 
7f9b3c021000-7f9b40000000 ---p 00000000 00:00 0 
7f9b40000000-7f9b40021000 rw-p 00000000 00:00 0 
7f9b40021000-7f9b44000000 ---p 00000000 00:00 0 
7f9b44000000-7f9b44021000 rw-p 00000000 00:00 0 
7f9b44021000-7f9b48000000 ---p 00000000 00:00 0 
7f9b48000000-7f9b48021000 rw-p 00000000 00:00 0 
7f9b48021000-7f9b4c000000 ---p 00000000 00:00 0 
7f9b4c000000-7f9b4c021000 rw-p 00000000 00:00 0 
7f9b4c021000-7f9b50000000 ---p 00000000 00:00 0 
7f9b50b69000-7f9b50bc0000 r--s 002f9000 00:1f 263198774                  /net/if15/hw5x/wrk/projects/Git/IR_Base/libs/parallelcolt-0.9.4.jar
7f9b50bc1000-7f9b50bc2000 ---p 00000000 00:00 0 
7f9b50bc2000-7f9b50cc2000 rw-p 00000000 00:00 0                          [stack:19455]
7f9b50cc2000-7f9b50cc5000 ---p 00000000 00:00 0 
7f9b50cc5000-7f9b50dc3000 rw-p 00000000 00:00 0                          [stack:19454]
7f9b50dc3000-7f9b50dc6000 ---p 00000000 00:00 0 
7f9b50dc6000-7f9b50ec4000 rw-p 00000000 00:00 0                          [stack:19453]
7f9b50ec4000-7f9b50ec7000 ---p 00000000 00:00 0 
7f9b50ec7000-7f9b50fc5000 rw-p 00000000 00:00 0                          [stack:19452]
7f9b50fc5000-7f9b50fc8000 ---p 00000000 00:00 0 
7f9b50fc8000-7f9b510c6000 rw-p 00000000 00:00 0                          [stack:19451]
7f9b510c6000-7f9b510c9000 ---p 00000000 00:00 0 
7f9b510c9000-7f9b511c7000 rw-p 00000000 00:00 0                          [stack:19450]
7f9b511c7000-7f9b511ca000 ---p 00000000 00:00 0 
7f9b511ca000-7f9b512c8000 rw-p 00000000 00:00 0                          [stack:19449]
7f9b512c8000-7f9b512cb000 ---p 00000000 00:00 0 
7f9b512cb000-7f9b513c9000 rw-p 00000000 00:00 0                          [stack:19448]
7f9b513c9000-7f9b513cc000 ---p 00000000 00:00 0 
7f9b513cc000-7f9b514ca000 rw-p 00000000 00:00 0                          [stack:19447]
7f9b514ca000-7f9b514cd000 ---p 00000000 00:00 0 
7f9b514cd000-7f9b515cb000 rw-p 00000000 00:00 0                          [stack:19446]
7f9b515cb000-7f9b515ce000 ---p 00000000 00:00 0 
7f9b515ce000-7f9b516cc000 rw-p 00000000 00:00 0                          [stack:19445]
7f9b516cc000-7f9b516cf000 ---p 00000000 00:00 0 
7f9b516cf000-7f9b517cd000 rw-p 00000000 00:00 0                          [stack:19444]
7f9b517cd000-7f9b517d0000 ---p 00000000 00:00 0 
7f9b517d0000-7f9b518ce000 rw-p 00000000 00:00 0                          [stack:19443]
7f9b518ce000-7f9b518d1000 ---p 00000000 00:00 0 
7f9b518d1000-7f9b519cf000 rw-p 00000000 00:00 0                          [stack:19442]
7f9b519cf000-7f9b519d2000 ---p 00000000 00:00 0 
7f9b519d2000-7f9b51ad0000 rw-p 00000000 00:00 0                          [stack:19441]
7f9b51ad0000-7f9b51dd5000 r--p 00000000 08:01 3539084                    /usr/lib/locale/locale-archive
7f9b51dd7000-7f9b51dda000 ---p 00000000 00:00 0 
7f9b51dda000-7f9b51ed8000 rw-p 00000000 00:00 0                          [stack:19440]
7f9b51ed8000-7f9b51edb000 ---p 00000000 00:00 0 
7f9b51edb000-7f9b51fd9000 rw-p 00000000 00:00 0                          [stack:19439]
7f9b51fd9000-7f9b51fda000 ---p 00000000 00:00 0 
7f9b51fda000-7f9b54000000 rw-p 00000000 00:00 0                          [stack:19438]
7f9b54000000-7f9b54021000 rw-p 00000000 00:00 0 
7f9b54021000-7f9b58000000 ---p 00000000 00:00 0 
7f9b58000000-7f9b5a9cd000 rw-p 00000000 00:00 0 
7f9b5a9cd000-7f9b5c000000 ---p 00000000 00:00 0 
7f9b5c000000-7f9b5f58b000 rw-p 00000000 00:00 0 
7f9b5f58b000-7f9b60000000 ---p 00000000 00:00 0 
7f9b60010000-7f9b60cc1000 rw-p 00000000 00:00 0 
7f9b60cc1000-7f9b60e99000 r--s 03d09000 08:01 4327741                    /opt/java/64/jre1.8.0_40/lib/rt.jar
7f9b60e9e000-7f9b6131e000 rw-p 00000000 00:00 0 
7f9b6131e000-7f9b6169e000 ---p 00000000 00:00 0 
7f9b6169e000-7f9b61b9e000 rw-p 00000000 00:00 0 
7f9b61b9e000-7f9b61b9f000 ---p 00000000 00:00 0 
7f9b61b9f000-7f9b61c9f000 rw-p 00000000 00:00 0                          [stack:19437]
7f9b61c9f000-7f9b61ca0000 ---p 00000000 00:00 0 
7f9b61ca0000-7f9b61da0000 rw-p 00000000 00:00 0                          [stack:19436]
7f9b61da0000-7f9b61da1000 ---p 00000000 00:00 0 
7f9b61da1000-7f9b61ea1000 rw-p 00000000 00:00 0                          [stack:19435]
7f9b61ea1000-7f9b61ea2000 ---p 00000000 00:00 0 
7f9b61ea2000-7f9b61fa2000 rw-p 00000000 00:00 0                          [stack:19434]
7f9b61fa2000-7f9b61fa3000 ---p 00000000 00:00 0 
7f9b61fa3000-7f9b620a3000 rw-p 00000000 00:00 0                          [stack:19433]
7f9b620a3000-7f9b620a4000 ---p 00000000 00:00 0 
7f9b620a4000-7f9b621a4000 rw-p 00000000 00:00 0                          [stack:19432]
7f9b621a4000-7f9b621a5000 ---p 00000000 00:00 0 
7f9b621a5000-7f9b622a5000 rw-p 00000000 00:00 0                          [stack:19431]
7f9b622a5000-7f9b622a6000 ---p 00000000 00:00 0 
7f9b622a6000-7f9b623a6000 rw-p 00000000 00:00 0                          [stack:19430]
7f9b623a6000-7f9b623a7000 ---p 00000000 00:00 0 
7f9b623a7000-7f9b624a7000 rw-p 00000000 00:00 0                          [stack:19429]
7f9b624a7000-7f9b624a8000 ---p 00000000 00:00 0 
7f9b624a8000-7f9b625a8000 rw-p 00000000 00:00 0                          [stack:19428]
7f9b625a8000-7f9b625a9000 ---p 00000000 00:00 0 
7f9b625a9000-7f9b64826000 rw-p 00000000 00:00 0                          [stack:19427]
7f9b64826000-7f9b67bff000 ---p 00000000 00:00 0 
7f9b67bff000-7f9b69d7c000 rw-p 00000000 00:00 0 
7f9b69d7c000-7f9b6d154000 ---p 00000000 00:00 0 
7f9b6d154000-7f9b6face000 rw-p 00000000 00:00 0 
7f9b6face000-7f9b6fbff000 ---p 00000000 00:00 0 
7f9b6fbff000-7f9f9f600000 rw-p 00000000 00:00 0 
7fa199d00000-7fa61a700000 ---p 00000000 00:00 0 
7fa61a700000-7fab49a00000 rw-p 00000000 00:00 0 
7fab49a00000-7fab6fc00000 ---p 00000000 00:00 0 
7fab6fc00000-7fab6fc97000 rw-p 00000000 00:00 0 
7fab6fc97000-7fab6fc98000 ---p 00000000 00:00 0 
7fab6fc98000-7fab6fdb0000 rw-p 00000000 00:00 0                          [stack:19426]
7fab6fdb0000-7fab70158000 ---p 00000000 00:00 0 
7fab70158000-7fab70738000 rwxp 00000000 00:00 0 
7fab70738000-7fab7f158000 ---p 00000000 00:00 0 
7fab7f158000-7fab7f172000 r-xp 00000000 08:01 4327938                    /opt/java/64/jre1.8.0_40/lib/amd64/libzip.so
7fab7f172000-7fab7f372000 ---p 0001a000 08:01 4327938                    /opt/java/64/jre1.8.0_40/lib/amd64/libzip.so
7fab7f372000-7fab7f373000 rw-p 0001a000 08:01 4327938                    /opt/java/64/jre1.8.0_40/lib/amd64/libzip.so
7fab7f378000-7fab7f38f000 r-xp 00000000 08:01 4063842                    /lib/x86_64-linux-gnu/libnsl-2.19.so
7fab7f38f000-7fab7f58e000 ---p 00017000 08:01 4063842                    /lib/x86_64-linux-gnu/libnsl-2.19.so
7fab7f58e000-7fab7f58f000 r--p 00016000 08:01 4063842                    /lib/x86_64-linux-gnu/libnsl-2.19.so
7fab7f58f000-7fab7f590000 rw-p 00017000 08:01 4063842                    /lib/x86_64-linux-gnu/libnsl-2.19.so
7fab7f590000-7fab7f592000 rw-p 00000000 00:00 0 
7fab7f598000-7fab7f5a3000 r-xp 00000000 08:01 4063853                    /lib/x86_64-linux-gnu/libnss_nis-2.19.so
7fab7f5a3000-7fab7f7a2000 ---p 0000b000 08:01 4063853                    /lib/x86_64-linux-gnu/libnss_nis-2.19.so
7fab7f7a2000-7fab7f7a3000 r--p 0000a000 08:01 4063853                    /lib/x86_64-linux-gnu/libnss_nis-2.19.so
7fab7f7a3000-7fab7f7a4000 rw-p 0000b000 08:01 4063853                    /lib/x86_64-linux-gnu/libnss_nis-2.19.so
7fab7f7a8000-7fab7f7b3000 r-xp 00000000 08:01 4063833                    /lib/x86_64-linux-gnu/libnss_files-2.19.so
7fab7f7b3000-7fab7f9b2000 ---p 0000b000 08:01 4063833                    /lib/x86_64-linux-gnu/libnss_files-2.19.so
7fab7f9b2000-7fab7f9b3000 r--p 0000a000 08:01 4063833                    /lib/x86_64-linux-gnu/libnss_files-2.19.so
7fab7f9b3000-7fab7f9b4000 rw-p 0000b000 08:01 4063833                    /lib/x86_64-linux-gnu/libnss_files-2.19.so
7fab7f9b8000-7fab7f9e2000 r-xp 00000000 08:01 4327933                    /opt/java/64/jre1.8.0_40/lib/amd64/libjava.so
7fab7f9e2000-7fab7fbe2000 ---p 0002a000 08:01 4327933                    /opt/java/64/jre1.8.0_40/lib/amd64/libjava.so
7fab7fbe2000-7fab7fbe4000 rw-p 0002a000 08:01 4327933                    /opt/java/64/jre1.8.0_40/lib/amd64/libjava.so
7fab7fbe8000-7fab7fbf5000 r-xp 00000000 08:01 4327937                    /opt/java/64/jre1.8.0_40/lib/amd64/libverify.so
7fab7fbf5000-7fab7fdf5000 ---p 0000d000 08:01 4327937                    /opt/java/64/jre1.8.0_40/lib/amd64/libverify.so
7fab7fdf5000-7fab7fdf7000 rw-p 0000d000 08:01 4327937                    /opt/java/64/jre1.8.0_40/lib/amd64/libverify.so
7fab7fdf8000-7fab7fdff000 r-xp 00000000 08:01 4063850                    /lib/x86_64-linux-gnu/librt-2.19.so
7fab7fdff000-7fab7fffe000 ---p 00007000 08:01 4063850                    /lib/x86_64-linux-gnu/librt-2.19.so
7fab7fffe000-7fab7ffff000 r--p 00006000 08:01 4063850                    /lib/x86_64-linux-gnu/librt-2.19.so
7fab7ffff000-7fab80000000 rw-p 00007000 08:01 4063850                    /lib/x86_64-linux-gnu/librt-2.19.so
7fab80000000-7fab803f8000 rw-p 00000000 00:00 0 
7fab803f8000-7fab84000000 ---p 00000000 00:00 0 
7fab84007000-7fab84008000 ---p 00000000 00:00 0 
7fab84008000-7fab84108000 rw-p 00000000 00:00 0                          [stack:19425]
7fab84108000-7fab8420d000 r-xp 00000000 08:01 4063832                    /lib/x86_64-linux-gnu/libm-2.19.so
7fab8420d000-7fab8440c000 ---p 00105000 08:01 4063832                    /lib/x86_64-linux-gnu/libm-2.19.so
7fab8440c000-7fab8440d000 r--p 00104000 08:01 4063832                    /lib/x86_64-linux-gnu/libm-2.19.so
7fab8440d000-7fab8440e000 rw-p 00105000 08:01 4063832                    /lib/x86_64-linux-gnu/libm-2.19.so
7fab84410000-7fab850be000 r-xp 00000000 08:01 4327918                    /opt/java/64/jre1.8.0_40/lib/amd64/server/libjvm.so
7fab850be000-7fab852bd000 ---p 00cae000 08:01 4327918                    /opt/java/64/jre1.8.0_40/lib/amd64/server/libjvm.so
7fab852bd000-7fab85394000 rw-p 00cad000 08:01 4327918                    /opt/java/64/jre1.8.0_40/lib/amd64/server/libjvm.so
7fab85394000-7fab853d8000 rw-p 00000000 00:00 0 
7fab853d8000-7fab85593000 r-xp 00000000 08:01 4063847                    /lib/x86_64-linux-gnu/libc-2.19.so
7fab85593000-7fab85792000 ---p 001bb000 08:01 4063847                    /lib/x86_64-linux-gnu/libc-2.19.so
7fab85792000-7fab85796000 r--p 001ba000 08:01 4063847                    /lib/x86_64-linux-gnu/libc-2.19.so
7fab85796000-7fab85798000 rw-p 001be000 08:01 4063847                    /lib/x86_64-linux-gnu/libc-2.19.so
7fab85798000-7fab8579d000 rw-p 00000000 00:00 0 
7fab857a0000-7fab857a3000 r-xp 00000000 08:01 4063836                    /lib/x86_64-linux-gnu/libdl-2.19.so
7fab857a3000-7fab859a2000 ---p 00003000 08:01 4063836                    /lib/x86_64-linux-gnu/libdl-2.19.so
7fab859a2000-7fab859a3000 r--p 00002000 08:01 4063836                    /lib/x86_64-linux-gnu/libdl-2.19.so
7fab859a3000-7fab859a4000 rw-p 00003000 08:01 4063836                    /lib/x86_64-linux-gnu/libdl-2.19.so
7fab859a8000-7fab859bd000 r-xp 00000000 08:01 4327913                    /opt/java/64/jre1.8.0_40/lib/amd64/jli/libjli.so
7fab859bd000-7fab85bbd000 ---p 00015000 08:01 4327913                    /opt/java/64/jre1.8.0_40/lib/amd64/jli/libjli.so
7fab85bbd000-7fab85bbe000 rw-p 00015000 08:01 4327913                    /opt/java/64/jre1.8.0_40/lib/amd64/jli/libjli.so
7fab85bc0000-7fab85bd9000 r-xp 00000000 08:01 4063848                    /lib/x86_64-linux-gnu/libpthread-2.19.so
7fab85bd9000-7fab85dd8000 ---p 00019000 08:01 4063848                    /lib/x86_64-linux-gnu/libpthread-2.19.so
7fab85dd8000-7fab85dd9000 r--p 00018000 08:01 4063848                    /lib/x86_64-linux-gnu/libpthread-2.19.so
7fab85dd9000-7fab85dda000 rw-p 00019000 08:01 4063848                    /lib/x86_64-linux-gnu/libpthread-2.19.so
7fab85dda000-7fab85dde000 rw-p 00000000 00:00 0 
7fab85de0000-7fab85e03000 r-xp 00000000 08:01 4063844                    /lib/x86_64-linux-gnu/ld-2.19.so
7fab85e1e000-7fab85ef0000 rw-p 00000000 00:00 0 
7fab85ef0000-7fab85ef8000 rw-s 00000000 08:01 2493837                    /tmp/hsperfdata_hw5x/19423
7fab85efa000-7fab85efc000 rw-p 00000000 00:00 0 
7fab85efc000-7fab85efd000 ---p 00000000 00:00 0 
7fab85efd000-7fab85f00000 ---p 00000000 00:00 0 
7fab85f00000-7fab86002000 rw-p 00000000 00:00 0                          [stack:19424]
7fab86002000-7fab86003000 r--p 00022000 08:01 4063844                    /lib/x86_64-linux-gnu/ld-2.19.so
7fab86003000-7fab86004000 rw-p 00023000 08:01 4063844                    /lib/x86_64-linux-gnu/ld-2.19.so
7fab86004000-7fab86007000 rw-p 00000000 00:00 0 
7fffa5b05000-7fffa5b26000 rw-p 00000000 00:00 0                          [stack]
7fffa5c00000-7fffa5c02000 r-xp 00000000 00:00 0                          [vdso]
ffffffffff600000-ffffffffff601000 r-xp 00000000 00:00 0                  [vsyscall]

VM Arguments:
jvm_args: -Xmx64G -Xms6G 
java_command: Classifier.Execution -vf data/FVs/vct_2gram_BM25_CHI_small.dat -fpath data/Features/fv_2gram_BM25_CHI_small.txt -c GF-RW-ML -s SEMI -cs 5 -csr 0.001
java_class_path (initial): bin:libs/parallelcolt-0.9.4.jar:libs/jsoup-1.7.3.jar:libs/jwnl-1.3.3.jar:libs/opennlp-maxent-3.0.3.jar:libs/opennlp-tools-1.5.3.jar:libs/optimization.jar:libs/trove-2.0.2.jar
Launcher Type: SUN_STANDARD

Environment Variables:
PATH=/if15/hw5x/bin:/usr/local/sbin:/usr/local/bin:/usr/sbin:/usr/bin:/sbin:/bin:/usr/games:/usr/local/games:/opt/genesis2-xcg:/usr/pbs/bin:/usr/cs/contrib/bin:.
SHELL=/usr/cs/bin/bash

Signal Handlers:
SIGSEGV: [libjvm.so+0xaad2e0], sa_mask[0]=11111111011111111101111111111110, sa_flags=SA_RESTART|SA_SIGINFO
SIGBUS: [libjvm.so+0xaad2e0], sa_mask[0]=11111111011111111101111111111110, sa_flags=SA_RESTART|SA_SIGINFO
SIGFPE: [libjvm.so+0x90b550], sa_mask[0]=11111111011111111101111111111110, sa_flags=SA_RESTART|SA_SIGINFO
SIGPIPE: [libjvm.so+0x90b550], sa_mask[0]=11111111011111111101111111111110, sa_flags=SA_RESTART|SA_SIGINFO
SIGXFSZ: [libjvm.so+0x90b550], sa_mask[0]=11111111011111111101111111111110, sa_flags=SA_RESTART|SA_SIGINFO
SIGILL: [libjvm.so+0x90b550], sa_mask[0]=11111111011111111101111111111110, sa_flags=SA_RESTART|SA_SIGINFO
SIGUSR1: SIG_DFL, sa_mask[0]=00000000000000000000000000000000, sa_flags=none
SIGUSR2: [libjvm.so+0x90cb90], sa_mask[0]=00000000000000000000000000000000, sa_flags=SA_RESTART|SA_SIGINFO
SIGHUP: [libjvm.so+0x90dee0], sa_mask[0]=11111111011111111101111111111110, sa_flags=SA_RESTART|SA_SIGINFO
SIGINT: [libjvm.so+0x90dee0], sa_mask[0]=11111111011111111101111111111110, sa_flags=SA_RESTART|SA_SIGINFO
SIGTERM: [libjvm.so+0x90dee0], sa_mask[0]=11111111011111111101111111111110, sa_flags=SA_RESTART|SA_SIGINFO
SIGQUIT: [libjvm.so+0x90dee0], sa_mask[0]=11111111011111111101111111111110, sa_flags=SA_RESTART|SA_SIGINFO


---------------  S Y S T E M  ---------------

OS:DISTRIB_ID=Ubuntu
DISTRIB_RELEASE=14.04
DISTRIB_CODENAME=trusty
DISTRIB_DESCRIPTION="Ubuntu 14.04.2 LTS"

uname:Linux 3.13.0-43-generic #72-Ubuntu SMP Mon Dec 8 19:35:06 UTC 2014 x86_64
libc:glibc 2.19 NPTL 2.19 
rlimit: STACK 8192k, CORE 0k, NPROC 772511, NOFILE 4096, AS infinity
load average:2.98 1.39 1.06

/proc/meminfo:
MemTotal:       98977260 kB
MemFree:          838040 kB
Buffers:           28668 kB
Cached:           316788 kB
SwapCached:      1586044 kB
Active:         91146868 kB
Inactive:        5027252 kB
Active(anon):   90949088 kB
Inactive(anon):  4883480 kB
Active(file):     197780 kB
Inactive(file):   143772 kB
Unevictable:           0 kB
Mlocked:               0 kB
SwapTotal:      15624188 kB
SwapFree:              0 kB
Dirty:               352 kB
Writeback:             0 kB
AnonPages:      94243368 kB
Mapped:            28728 kB
Shmem:              3704 kB
Slab:            1069748 kB
SReclaimable:     998152 kB
SUnreclaim:        71596 kB
KernelStack:        5032 kB
PageTables:       226948 kB
NFS_Unstable:          0 kB
Bounce:                0 kB
WritebackTmp:          0 kB
CommitLimit:    65112816 kB
Committed_AS:   112157816 kB
VmallocTotal:   34359738367 kB
VmallocUsed:      296772 kB
VmallocChunk:   34309108272 kB
HardwareCorrupted:     0 kB
AnonHugePages:  65286144 kB
HugePages_Total:       0
HugePages_Free:        0
HugePages_Rsvd:        0
HugePages_Surp:        0
Hugepagesize:       2048 kB
DirectMap4k:      346724 kB
DirectMap2M:    46813184 kB
DirectMap1G:    53477376 kB


CPU:total 16 (8 cores per cpu, 1 threads per core) family 21 model 2 stepping 0, cmov, cx8, fxsr, mmx, sse, sse2, sse3, ssse3, sse4.1, sse4.2, popcnt, avx, aes, clmul, mmxext, 3dnowpref, lzcnt, sse4a, tsc, tscinvbit, tscinv, bmi1

/proc/cpuinfo:
processor	: 0
vendor_id	: AuthenticAMD
cpu family	: 21
model		: 2
model name	: AMD Opteron(tm) Processor 4386
stepping	: 0
microcode	: 0x6000822
cpu MHz		: 3100.142
cache size	: 2048 KB
physical id	: 0
siblings	: 8
core id		: 0
cpu cores	: 4
apicid		: 0
initial apicid	: 0
fpu		: yes
fpu_exception	: yes
cpuid level	: 13
wp		: yes
flags		: fpu vme de pse tsc msr pae mce cx8 apic sep mtrr pge mca cmov pat pse36 clflush mmx fxsr sse sse2 ht syscall nx mmxext fxsr_opt pdpe1gb rdtscp lm constant_tsc rep_good nopl nonstop_tsc extd_apicid aperfmperf pni pclmulqdq monitor ssse3 fma cx16 sse4_1 sse4_2 popcnt aes xsave avx f16c lahf_lm cmp_legacy svm extapic cr8_legacy abm sse4a misalignsse 3dnowprefetch osvw ibs xop skinit wdt lwp fma4 tce nodeid_msr tbm topoext perfctr_core perfctr_nb arat cpb hw_pstate npt lbrv svm_lock nrip_save tsc_scale vmcb_clean flushbyasid decodeassists pausefilter pfthreshold bmi1
bogomips	: 6200.28
TLB size	: 1536 4K pages
clflush size	: 64
cache_alignment	: 64
address sizes	: 48 bits physical, 48 bits virtual
power management: ts ttp tm 100mhzsteps hwpstate cpb eff_freq_ro

processor	: 1
vendor_id	: AuthenticAMD
cpu family	: 21
model		: 2
model name	: AMD Opteron(tm) Processor 4386                 
stepping	: 0
microcode	: 0x6000822
cpu MHz		: 3100.142
cache size	: 2048 KB
physical id	: 0
siblings	: 8
core id		: 1
cpu cores	: 4
apicid		: 1
initial apicid	: 1
fpu		: yes
fpu_exception	: yes
cpuid level	: 13
wp		: yes
flags		: fpu vme de pse tsc msr pae mce cx8 apic sep mtrr pge mca cmov pat pse36 clflush mmx fxsr sse sse2 ht syscall nx mmxext fxsr_opt pdpe1gb rdtscp lm constant_tsc rep_good nopl nonstop_tsc extd_apicid aperfmperf pni pclmulqdq monitor ssse3 fma cx16 sse4_1 sse4_2 popcnt aes xsave avx f16c lahf_lm cmp_legacy svm extapic cr8_legacy abm sse4a misalignsse 3dnowprefetch osvw ibs xop skinit wdt lwp fma4 tce nodeid_msr tbm topoext perfctr_core perfctr_nb arat cpb hw_pstate npt lbrv svm_lock nrip_save tsc_scale vmcb_clean flushbyasid decodeassists pausefilter pfthreshold bmi1
bogomips	: 6200.28
TLB size	: 1536 4K pages
clflush size	: 64
cache_alignment	: 64
address sizes	: 48 bits physical, 48 bits virtual
power management: ts ttp tm 100mhzsteps hwpstate cpb eff_freq_ro

processor	: 2
vendor_id	: AuthenticAMD
cpu family	: 21
model		: 2
model name	: AMD Opteron(tm) Processor 4386                 
stepping	: 0
microcode	: 0x6000822
cpu MHz		: 3100.142
cache size	: 2048 KB
physical id	: 0
siblings	: 8
core id		: 2
cpu cores	: 4
apicid		: 2
initial apicid	: 2
fpu		: yes
fpu_exception	: yes
cpuid level	: 13
wp		: yes
flags		: fpu vme de pse tsc msr pae mce cx8 apic sep mtrr pge mca cmov pat pse36 clflush mmx fxsr sse sse2 ht syscall nx mmxext fxsr_opt pdpe1gb rdtscp lm constant_tsc rep_good nopl nonstop_tsc extd_apicid aperfmperf pni pclmulqdq monitor ssse3 fma cx16 sse4_1 sse4_2 popcnt aes xsave avx f16c lahf_lm cmp_legacy svm extapic cr8_legacy abm sse4a misalignsse 3dnowprefetch osvw ibs xop skinit wdt lwp fma4 tce nodeid_msr tbm topoext perfctr_core perfctr_nb arat cpb hw_pstate npt lbrv svm_lock nrip_save tsc_scale vmcb_clean flushbyasid decodeassists pausefilter pfthreshold bmi1
bogomips	: 6200.28
TLB size	: 1536 4K pages
clflush size	: 64
cache_alignment	: 64
address sizes	: 48 bits physical, 48 bits virtual
power management: ts ttp tm 100mhzsteps hwpstate cpb eff_freq_ro

processor	: 3
vendor_id	: AuthenticAMD
cpu family	: 21
model		: 2
model name	: AMD Opteron(tm) Processor 4386                 
stepping	: 0
microcode	: 0x6000822
cpu MHz		: 3100.142
cache size	: 2048 KB
physical id	: 0
siblings	: 8
core id		: 3
cpu cores	: 4
apicid		: 3
initial apicid	: 3
fpu		: yes
fpu_exception	: yes
cpuid level	: 13
wp		: yes
flags		: fpu vme de pse tsc msr pae mce cx8 apic sep mtrr pge mca cmov pat pse36 clflush mmx fxsr sse sse2 ht syscall nx mmxext fxsr_opt pdpe1gb rdtscp lm constant_tsc rep_good nopl nonstop_tsc extd_apicid aperfmperf pni pclmulqdq monitor ssse3 fma cx16 sse4_1 sse4_2 popcnt aes xsave avx f16c lahf_lm cmp_legacy svm extapic cr8_legacy abm sse4a misalignsse 3dnowprefetch osvw ibs xop skinit wdt lwp fma4 tce nodeid_msr tbm topoext perfctr_core perfctr_nb arat cpb hw_pstate npt lbrv svm_lock nrip_save tsc_scale vmcb_clean flushbyasid decodeassists pausefilter pfthreshold bmi1
bogomips	: 6200.28
TLB size	: 1536 4K pages
clflush size	: 64
cache_alignment	: 64
address sizes	: 48 bits physical, 48 bits virtual
power management: ts ttp tm 100mhzsteps hwpstate cpb eff_freq_ro

processor	: 4
vendor_id	: AuthenticAMD
cpu family	: 21
model		: 2
model name	: AMD Opteron(tm) Processor 4386                 
stepping	: 0
microcode	: 0x6000822
cpu MHz		: 3100.142
cache size	: 2048 KB
physical id	: 0
siblings	: 8
core id		: 4
cpu cores	: 4
apicid		: 4
initial apicid	: 4
fpu		: yes
fpu_exception	: yes
cpuid level	: 13
wp		: yes
flags		: fpu vme de pse tsc msr pae mce cx8 apic sep mtrr pge mca cmov pat pse36 clflush mmx fxsr sse sse2 ht syscall nx mmxext fxsr_opt pdpe1gb rdtscp lm constant_tsc rep_good nopl nonstop_tsc extd_apicid aperfmperf pni pclmulqdq monitor ssse3 fma cx16 sse4_1 sse4_2 popcnt aes xsave avx f16c lahf_lm cmp_legacy svm extapic cr8_legacy abm sse4a misalignsse 3dnowprefetch osvw ibs xop skinit wdt lwp fma4 tce nodeid_msr tbm topoext perfctr_core perfctr_nb arat cpb hw_pstate npt lbrv svm_lock nrip_save tsc_scale vmcb_clean flushbyasid decodeassists pausefilter pfthreshold bmi1
bogomips	: 6200.28
TLB size	: 1536 4K pages
clflush size	: 64
cache_alignment	: 64
address sizes	: 48 bits physical, 48 bits virtual
power management: ts ttp tm 100mhzsteps hwpstate cpb eff_freq_ro

processor	: 5
vendor_id	: AuthenticAMD
cpu family	: 21
model		: 2
model name	: AMD Opteron(tm) Processor 4386                 
stepping	: 0
microcode	: 0x6000822
cpu MHz		: 3100.142
cache size	: 2048 KB
physical id	: 0
siblings	: 8
core id		: 5
cpu cores	: 4
apicid		: 5
initial apicid	: 5
fpu		: yes
fpu_exception	: yes
cpuid level	: 13
wp		: yes
flags		: fpu vme de pse tsc msr pae mce cx8 apic sep mtrr pge mca cmov pat pse36 clflush mmx fxsr sse sse2 ht syscall nx mmxext fxsr_opt pdpe1gb rdtscp lm constant_tsc rep_good nopl nonstop_tsc extd_apicid aperfmperf pni pclmulqdq monitor ssse3 fma cx16 sse4_1 sse4_2 popcnt aes xsave avx f16c lahf_lm cmp_legacy svm extapic cr8_legacy abm sse4a misalignsse 3dnowprefetch osvw ibs xop skinit wdt lwp fma4 tce nodeid_msr tbm topoext perfctr_core perfctr_nb arat cpb hw_pstate npt lbrv svm_lock nrip_save tsc_scale vmcb_clean flushbyasid decodeassists pausefilter pfthreshold bmi1
bogomips	: 6200.28
TLB size	: 1536 4K pages
clflush size	: 64
cache_alignment	: 64
address sizes	: 48 bits physical, 48 bits virtual
power management: ts ttp tm 100mhzsteps hwpstate cpb eff_freq_ro

processor	: 6
vendor_id	: AuthenticAMD
cpu family	: 21
model		: 2
model name	: AMD Opteron(tm) Processor 4386                 
stepping	: 0
microcode	: 0x6000822
cpu MHz		: 3100.142
cache size	: 2048 KB
physical id	: 0
siblings	: 8
core id		: 6
cpu cores	: 4
apicid		: 6
initial apicid	: 6
fpu		: yes
fpu_exception	: yes
cpuid level	: 13
wp		: yes
flags		: fpu vme de pse tsc msr pae mce cx8 apic sep mtrr pge mca cmov pat pse36 clflush mmx fxsr sse sse2 ht syscall nx mmxext fxsr_opt pdpe1gb rdtscp lm constant_tsc rep_good nopl nonstop_tsc extd_apicid aperfmperf pni pclmulqdq monitor ssse3 fma cx16 sse4_1 sse4_2 popcnt aes xsave avx f16c lahf_lm cmp_legacy svm extapic cr8_legacy abm sse4a misalignsse 3dnowprefetch osvw ibs xop skinit wdt lwp fma4 tce nodeid_msr tbm topoext perfctr_core perfctr_nb arat cpb hw_pstate npt lbrv svm_lock nrip_save tsc_scale vmcb_clean flushbyasid decodeassists pausefilter pfthreshold bmi1
bogomips	: 6200.28
TLB size	: 1536 4K pages
clflush size	: 64
cache_alignment	: 64
address sizes	: 48 bits physical, 48 bits virtual
power management: ts ttp tm 100mhzsteps hwpstate cpb eff_freq_ro

processor	: 7
vendor_id	: AuthenticAMD
cpu family	: 21
model		: 2
model name	: AMD Opteron(tm) Processor 4386                 
stepping	: 0
microcode	: 0x6000822
cpu MHz		: 3100.142
cache size	: 2048 KB
physical id	: 0
siblings	: 8
core id		: 7
cpu cores	: 4
apicid		: 7
initial apicid	: 7
fpu		: yes
fpu_exception	: yes
cpuid level	: 13
wp		: yes
flags		: fpu vme de pse tsc msr pae mce cx8 apic sep mtrr pge mca cmov pat pse36 clflush mmx fxsr sse sse2 ht syscall nx mmxext fxsr_opt pdpe1gb rdtscp lm constant_tsc rep_good nopl nonstop_tsc extd_apicid aperfmperf pni pclmulqdq monitor ssse3 fma cx16 sse4_1 sse4_2 popcnt aes xsave avx f16c lahf_lm cmp_legacy svm extapic cr8_legacy abm sse4a misalignsse 3dnowprefetch osvw ibs xop skinit wdt lwp fma4 tce nodeid_msr tbm topoext perfctr_core perfctr_nb arat cpb hw_pstate npt lbrv svm_lock nrip_save tsc_scale vmcb_clean flushbyasid decodeassists pausefilter pfthreshold bmi1
bogomips	: 6200.28
TLB size	: 1536 4K pages
clflush size	: 64
cache_alignment	: 64
address sizes	: 48 bits physical, 48 bits virtual
power management: ts ttp tm 100mhzsteps hwpstate cpb eff_freq_ro

processor	: 8
vendor_id	: AuthenticAMD
cpu family	: 21
model		: 2
model name	: AMD Opteron(tm) Processor 4386                 
stepping	: 0
microcode	: 0x6000822
cpu MHz		: 3100.142
cache size	: 2048 KB
physical id	: 1
siblings	: 8
core id		: 0
cpu cores	: 4
apicid		: 16
initial apicid	: 16
fpu		: yes
fpu_exception	: yes
cpuid level	: 13
wp		: yes
flags		: fpu vme de pse tsc msr pae mce cx8 apic sep mtrr pge mca cmov pat pse36 clflush mmx fxsr sse sse2 ht syscall nx mmxext fxsr_opt pdpe1gb rdtscp lm constant_tsc rep_good nopl nonstop_tsc extd_apicid aperfmperf pni pclmulqdq monitor ssse3 fma cx16 sse4_1 sse4_2 popcnt aes xsave avx f16c lahf_lm cmp_legacy svm extapic cr8_legacy abm sse4a misalignsse 3dnowprefetch osvw ibs xop skinit wdt lwp fma4 tce nodeid_msr tbm topoext perfctr_core perfctr_nb arat cpb hw_pstate npt lbrv svm_lock nrip_save tsc_scale vmcb_clean flushbyasid decodeassists pausefilter pfthreshold bmi1
bogomips	: 6199.91
TLB size	: 1536 4K pages
clflush size	: 64
cache_alignment	: 64
address sizes	: 48 bits physical, 48 bits virtual
power management: ts ttp tm 100mhzsteps hwpstate cpb eff_freq_ro

processor	: 9
vendor_id	: AuthenticAMD
cpu family	: 21
model		: 2
model name	: AMD Opteron(tm) Processor 4386                 
stepping	: 0
microcode	: 0x6000822
cpu MHz		: 3100.142
cache size	: 2048 KB
physical id	: 1
siblings	: 8
core id		: 1
cpu cores	: 4
apicid		: 17
initial apicid	: 17
fpu		: yes
fpu_exception	: yes
cpuid level	: 13
wp		: yes
flags		: fpu vme de pse tsc msr pae mce cx8 apic sep mtrr pge mca cmov pat pse36 clflush mmx fxsr sse sse2 ht syscall nx mmxext fxsr_opt pdpe1gb rdtscp lm constant_tsc rep_good nopl nonstop_tsc extd_apicid aperfmperf pni pclmulqdq monitor ssse3 fma cx16 sse4_1 sse4_2 popcnt aes xsave avx f16c lahf_lm cmp_legacy svm extapic cr8_legacy abm sse4a misalignsse 3dnowprefetch osvw ibs xop skinit wdt lwp fma4 tce nodeid_msr tbm topoext perfctr_core perfctr_nb arat cpb hw_pstate npt lbrv svm_lock nrip_save tsc_scale vmcb_clean flushbyasid decodeassists pausefilter pfthreshold bmi1
bogomips	: 6199.91
TLB size	: 1536 4K pages
clflush size	: 64
cache_alignment	: 64
address sizes	: 48 bits physical, 48 bits virtual
power management: ts ttp tm 100mhzsteps hwpstate cpb eff_freq_ro

processor	: 10
vendor_id	: AuthenticAMD
cpu family	: 21
model		: 2
model name	: AMD Opteron(tm) Processor 4386                 
stepping	: 0
microcode	: 0x6000822
cpu MHz		: 3100.142
cache size	: 2048 KB
physical id	: 1
siblings	: 8
core id		: 2
cpu cores	: 4
apicid		: 18
initial apicid	: 18
fpu		: yes
fpu_exception	: yes
cpuid level	: 13
wp		: yes
flags		: fpu vme de pse tsc msr pae mce cx8 apic sep mtrr pge mca cmov pat pse36 clflush mmx fxsr sse sse2 ht syscall nx mmxext fxsr_opt pdpe1gb rdtscp lm constant_tsc rep_good nopl nonstop_tsc extd_apicid aperfmperf pni pclmulqdq monitor ssse3 fma cx16 sse4_1 sse4_2 popcnt aes xsave avx f16c lahf_lm cmp_legacy svm extapic cr8_legacy abm sse4a misalignsse 3dnowprefetch osvw ibs xop skinit wdt lwp fma4 tce nodeid_msr tbm topoext perfctr_core perfctr_nb arat cpb hw_pstate npt lbrv svm_lock nrip_save tsc_scale vmcb_clean flushbyasid decodeassists pausefilter pfthreshold bmi1
bogomips	: 6199.91
TLB size	: 1536 4K pages
clflush size	: 64
cache_alignment	: 64
address sizes	: 48 bits physical, 48 bits virtual
power management: ts ttp tm 100mhzsteps hwpstate cpb eff_freq_ro

processor	: 11
vendor_id	: AuthenticAMD
cpu family	: 21
model		: 2
model name	: AMD Opteron(tm) Processor 4386                 
stepping	: 0
microcode	: 0x6000822
cpu MHz		: 3100.142
cache size	: 2048 KB
physical id	: 1
siblings	: 8
core id		: 3
cpu cores	: 4
apicid		: 19
initial apicid	: 19
fpu		: yes
fpu_exception	: yes
cpuid level	: 13
wp		: yes
flags		: fpu vme de pse tsc msr pae mce cx8 apic sep mtrr pge mca cmov pat pse36 clflush mmx fxsr sse sse2 ht syscall nx mmxext fxsr_opt pdpe1gb rdtscp lm constant_tsc rep_good nopl nonstop_tsc extd_apicid aperfmperf pni pclmulqdq monitor ssse3 fma cx16 sse4_1 sse4_2 popcnt aes xsave avx f16c lahf_lm cmp_legacy svm extapic cr8_legacy abm sse4a misalignsse 3dnowprefetch osvw ibs xop skinit wdt lwp fma4 tce nodeid_msr tbm topoext perfctr_core perfctr_nb arat cpb hw_pstate npt lbrv svm_lock nrip_save tsc_scale vmcb_clean flushbyasid decodeassists pausefilter pfthreshold bmi1
bogomips	: 6199.91
TLB size	: 1536 4K pages
clflush size	: 64
cache_alignment	: 64
address sizes	: 48 bits physical, 48 bits virtual
power management: ts ttp tm 100mhzsteps hwpstate cpb eff_freq_ro

processor	: 12
vendor_id	: AuthenticAMD
cpu family	: 21
model		: 2
model name	: AMD Opteron(tm) Processor 4386                 
stepping	: 0
microcode	: 0x6000822
cpu MHz		: 3100.142
cache size	: 2048 KB
physical id	: 1
siblings	: 8
core id		: 4
cpu cores	: 4
apicid		: 20
initial apicid	: 20
fpu		: yes
fpu_exception	: yes
cpuid level	: 13
wp		: yes
flags		: fpu vme de pse tsc msr pae mce cx8 apic sep mtrr pge mca cmov pat pse36 clflush mmx fxsr sse sse2 ht syscall nx mmxext fxsr_opt pdpe1gb rdtscp lm constant_tsc rep_good nopl nonstop_tsc extd_apicid aperfmperf pni pclmulqdq monitor ssse3 fma cx16 sse4_1 sse4_2 popcnt aes xsave avx f16c lahf_lm cmp_legacy svm extapic cr8_legacy abm sse4a misalignsse 3dnowprefetch osvw ibs xop skinit wdt lwp fma4 tce nodeid_msr tbm topoext perfctr_core perfctr_nb arat cpb hw_pstate npt lbrv svm_lock nrip_save tsc_scale vmcb_clean flushbyasid decodeassists pausefilter pfthreshold bmi1
bogomips	: 6199.91
TLB size	: 1536 4K pages
clflush size	: 64
cache_alignment	: 64
address sizes	: 48 bits physical, 48 bits virtual
power management: ts ttp tm 100mhzsteps hwpstate cpb eff_freq_ro

processor	: 13
vendor_id	: AuthenticAMD
cpu family	: 21
model		: 2
model name	: AMD Opteron(tm) Processor 4386                 
stepping	: 0
microcode	: 0x6000822
cpu MHz		: 3100.142
cache size	: 2048 KB
physical id	: 1
siblings	: 8
core id		: 5
cpu cores	: 4
apicid		: 21
initial apicid	: 21
fpu		: yes
fpu_exception	: yes
cpuid level	: 13
wp		: yes
flags		: fpu vme de pse tsc msr pae mce cx8 apic sep mtrr pge mca cmov pat pse36 clflush mmx fxsr sse sse2 ht syscall nx mmxext fxsr_opt pdpe1gb rdtscp lm constant_tsc rep_good nopl nonstop_tsc extd_apicid aperfmperf pni pclmulqdq monitor ssse3 fma cx16 sse4_1 sse4_2 popcnt aes xsave avx f16c lahf_lm cmp_legacy svm extapic cr8_legacy abm sse4a misalignsse 3dnowprefetch osvw ibs xop skinit wdt lwp fma4 tce nodeid_msr tbm topoext perfctr_core perfctr_nb arat cpb hw_pstate npt lbrv svm_lock nrip_save tsc_scale vmcb_clean flushbyasid decodeassists pausefilter pfthreshold bmi1
bogomips	: 6199.91
TLB size	: 1536 4K pages
clflush size	: 64
cache_alignment	: 64
address sizes	: 48 bits physical, 48 bits virtual
power management: ts ttp tm 100mhzsteps hwpstate cpb eff_freq_ro

processor	: 14
vendor_id	: AuthenticAMD
cpu family	: 21
model		: 2
model name	: AMD Opteron(tm) Processor 4386                 
stepping	: 0
microcode	: 0x6000822
cpu MHz		: 3100.142
cache size	: 2048 KB
physical id	: 1
siblings	: 8
core id		: 6
cpu cores	: 4
apicid		: 22
initial apicid	: 22
fpu		: yes
fpu_exception	: yes
cpuid level	: 13
wp		: yes
flags		: fpu vme de pse tsc msr pae mce cx8 apic sep mtrr pge mca cmov pat pse36 clflush mmx fxsr sse sse2 ht syscall nx mmxext fxsr_opt pdpe1gb rdtscp lm constant_tsc rep_good nopl nonstop_tsc extd_apicid aperfmperf pni pclmulqdq monitor ssse3 fma cx16 sse4_1 sse4_2 popcnt aes xsave avx f16c lahf_lm cmp_legacy svm extapic cr8_legacy abm sse4a misalignsse 3dnowprefetch osvw ibs xop skinit wdt lwp fma4 tce nodeid_msr tbm topoext perfctr_core perfctr_nb arat cpb hw_pstate npt lbrv svm_lock nrip_save tsc_scale vmcb_clean flushbyasid decodeassists pausefilter pfthreshold bmi1
bogomips	: 6199.91
TLB size	: 1536 4K pages
clflush size	: 64
cache_alignment	: 64
address sizes	: 48 bits physical, 48 bits virtual
power management: ts ttp tm 100mhzsteps hwpstate cpb eff_freq_ro

processor	: 15
vendor_id	: AuthenticAMD
cpu family	: 21
model		: 2
model name	: AMD Opteron(tm) Processor 4386                 
stepping	: 0
microcode	: 0x6000822
cpu MHz		: 3100.142
cache size	: 2048 KB
physical id	: 1
siblings	: 8
core id		: 7
cpu cores	: 4
apicid		: 23
initial apicid	: 23
fpu		: yes
fpu_exception	: yes
cpuid level	: 13
wp		: yes
flags		: fpu vme de pse tsc msr pae mce cx8 apic sep mtrr pge mca cmov pat pse36 clflush mmx fxsr sse sse2 ht syscall nx mmxext fxsr_opt pdpe1gb rdtscp lm constant_tsc rep_good nopl nonstop_tsc extd_apicid aperfmperf pni pclmulqdq monitor ssse3 fma cx16 sse4_1 sse4_2 popcnt aes xsave avx f16c lahf_lm cmp_legacy svm extapic cr8_legacy abm sse4a misalignsse 3dnowprefetch osvw ibs xop skinit wdt lwp fma4 tce nodeid_msr tbm topoext perfctr_core perfctr_nb arat cpb hw_pstate npt lbrv svm_lock nrip_save tsc_scale vmcb_clean flushbyasid decodeassists pausefilter pfthreshold bmi1
bogomips	: 6199.91
TLB size	: 1536 4K pages
clflush size	: 64
cache_alignment	: 64
address sizes	: 48 bits physical, 48 bits virtual
power management: ts ttp tm 100mhzsteps hwpstate cpb eff_freq_ro



Memory: 4k page, physical 98977260k(838040k free), swap 15624188k(0k free)

vm_info: Java HotSpot(TM) 64-Bit Server VM (25.40-b25) for linux-amd64 JRE (1.8.0_40-b25), built on Feb 10 2015 21:29:53 by "java_re" with gcc 4.3.0 20080428 (Red Hat 4.3.0-8)

time: Tue Mar 10 01:18:01 2015
elapsed time: 5647 seconds (0d 1h 34m 7s)

