
--------------------------------------------------------------------------------------
Parameters of learning procedure:
#Class: 5	Ngram: 2	Feature value: TF	Normalization: 2
Doc length cut: 10	Window length: 0
Learning paradigm: SEMI	Sampling rate: 0.25	kUL: 100	kUU: 50
alpha: 1.05	beta: 1.01
Solver: Random Walk	Base Classifer: SVM	Weighted Sum: true	Similarity Weight: false
Classifier: SVM	Instance weighting: NONE	Trade-off Parameter: 1.0	Cross validation: 10
Data directory: ./data/amazon/small/dedup/RawData
--------------------------------------------------------------------------------------
Creating feature vectors, wait...
8055 feature words loaded from ./data/Features/fv_2gram_tablets_86jsons.txt...
Keywords for <screen>: 52
Keywords for <app>: 55
Keywords for <price>: 63
Keywords for <battery>: 60
Keywords for <sound>: 23
Keywords for <camera>: 47
Keywords for <cpu>: 46
Keywords for <microsd>: 44
Keywords for <internet>: 46
Keywords for <keyboard>: 26
Keywords for <usb>: 35
Keywords for <servic>: 49
Loading 614 stopwords from ./data/Model/stopwords.dat
DTLoading 16776 reviews from ./data/amazon/small/dedup/RawData
No normalizaiton is adopted here or wrong parameters!!
Text feature generated for 16776 documents...
2082 1104 1325 3146 9119 , Total: 16776
Info File Path: ./data/result/Topics_30Information.txt
Prior keywords for Topic 0 (<screen>): 52/52
Prior keywords for Topic 1 (<app>): 55/55
Prior keywords for Topic 2 (<price>): 63/63
Prior keywords for Topic 3 (<battery>): 60/60
Prior keywords for Topic 4 (<sound>): 23/23
Prior keywords for Topic 5 (<camera>): 47/47
Prior keywords for Topic 6 (<cpu>): 46/46
Prior keywords for Topic 7 (<microsd>): 44/44
Prior keywords for Topic 8 (<internet>): 46/46
Prior keywords for Topic 9 (<keyboard>): 26/26
Prior keywords for Topic 10 (<usb>): 35/35
Prior keywords for Topic 11 (<servic>): 49/50
..........Likelihood 16776.000 after step 100 converge to 0.000000 after 13 seconds...
Text feature generated for 16776 documents...
2082 1104 1325 3146 9119 , Total: 16776
Start Transductive Learning, wait...
.*
optimization finished, #iter = 17
Objective value = -1162.72
nSV = 2339
Creating cache for labeled documents...
Generate 2366(0:1183) ranking pairs for L2R model training...
[Info]LambdaRank configuration:
	Optimization Type OT_MAP, Lambda 0.600, Shrinkage 0.980, WindowSize 20
	Initial step size 1.0, Steps 100, Iteration 10
Iter	Misorder	LogLilikelihood	Perf
0	879	-3136.18	0.7875
1	875	-3132.30	0.7886
2	873	-3131.34	0.7883
3	872	-3131.34	0.7890
4	871	-3131.34	0.7892
5	871	-3131.34	0.7892
6	871	-3131.34	0.7892
[Info]Training procedure takes 0.48 seconds to finish...
0.10714 -0.22566 0.13030 -0.04584 0.04794 0.00157 0.06231 0.34426 0.02051 0.19616 0.00000 
Construct nearest neighbor graph nodes in parallel: L: 3361, U: 13415
Construct nearest neighbor graph edges in parallel: L: 3361, U: 13415
[5028,6704) finished...
[1676,3352) finished...
[3352,5028) finished...
[11732,13415) finished...
[0,1676) finished...
[8380,10056) finished...
[6704,8380) finished...
[10056,11732) finished...
Nearest neighbor graph construction finished!
Random walk starts:
Iteration 1, converge to 0.039 with accuracy 0.7850...
Iteration 2, converge to 0.000 with accuracy 0.7850...
Iteration 3, converge to 0.000 with accuracy 0.7850...

Query	Docs	P@5	P@10	P@20
Pos	U	0.689	0.684	0.666
Pos	L	0.571	0.563	0.558
Neg	U	0.528	0.524	0.533
Neg	L	0.599	0.600	0.596

Gaussian Fields by random walk [C:SVM[C:2, F:8055, T:L2R_L1LOSS_SVC_DUAL, c:1.000], k:20, k':20, r:1.000, alpha:1.000, beta:1.000, eta:0.100]-[LambdaRank@MAP] Train/Test finished in 127.76 seconds with accuracy 0.7850 and F1 (0:0.756 1:0.808)...
.*
optimization finished, #iter = 19
Objective value = -1164.75
nSV = 2348
Creating cache for labeled documents...
Generate 2232(0:1116) ranking pairs for L2R model training...
[Info]LambdaRank configuration:
	Optimization Type OT_MAP, Lambda 0.600, Shrinkage 0.980, WindowSize 20
	Initial step size 1.0, Steps 100, Iteration 10
Iter	Misorder	LogLilikelihood	Perf
0	905	-3011.73	0.7664
1	903	-3010.44	0.7676
2	903	-3010.37	0.7689
3	898	-3010.28	0.7702
4	900	-3010.27	0.7696
5	899	-3010.26	0.7698
6	899	-3010.26	0.7698
[Info]Training procedure takes 0.17 seconds to finish...
0.07250 -0.11852 0.09988 -0.00429 0.02970 -0.00243 0.08616 0.26099 0.04758 0.22727 0.00001 
Construct nearest neighbor graph nodes in parallel: L: 3323, U: 13453
Construct nearest neighbor graph edges in parallel: L: 3323, U: 13453
[5043,6724) finished...
[1681,3362) finished...
[0,1681) finished...
[3362,5043) finished...
[11767,13453) finished...
[8405,10086) finished...
[6724,8405) finished...
[10086,11767) finished...
Nearest neighbor graph construction finished!
Random walk starts:
Iteration 1, converge to 0.048 with accuracy 0.7857...
Iteration 2, converge to 0.000 with accuracy 0.7857...
Iteration 3, converge to 0.000 with accuracy 0.7857...

Query	Docs	P@5	P@10	P@20
Pos	U	0.043	0.107	0.214
Pos	L	0.501	0.510	0.497
Neg	U	0.974	0.931	0.853
Neg	L	0.631	0.622	0.621

Gaussian Fields by random walk [C:SVM[C:2, F:8055, T:L2R_L1LOSS_SVC_DUAL, c:1.000], k:20, k':20, r:1.000, alpha:1.000, beta:1.000, eta:0.100]-[LambdaRank@MAP] Train/Test finished in 122.47 seconds with accuracy 0.7857 and F1 (0:0.756 1:0.809)...
.*
optimization finished, #iter = 19
Objective value = -1207.36
nSV = 2377
Creating cache for labeled documents...
Generate 2186(0:1093) ranking pairs for L2R model training...
[Info]LambdaRank configuration:
	Optimization Type OT_MAP, Lambda 0.600, Shrinkage 0.980, WindowSize 20
	Initial step size 1.0, Steps 100, Iteration 10
Iter	Misorder	LogLilikelihood	Perf
0	820	-2909.33	0.7800
1	819	-2909.06	0.7805
2	821	-2910.51	0.7805
3	822	-2911.08	0.7797
4	822	-2911.15	0.7797
5	822	-2911.15	0.7797
6	822	-2911.15	0.7797
[Info]Training procedure takes 0.16 seconds to finish...
0.06078 -0.11842 0.02817 0.03191 0.02093 -0.00273 0.04908 0.32127 0.01266 0.31599 -0.00000 
Construct nearest neighbor graph nodes in parallel: L: 3297, U: 13479
Construct nearest neighbor graph edges in parallel: L: 3297, U: 13479
[5052,6736) finished...
[1684,3368) finished...
[0,1684) finished...
[3368,5052) finished...
[11788,13479) finished...
[6736,8420) finished...
[8420,10104) finished...
[10104,11788) finished...
Nearest neighbor graph construction finished!
Random walk starts:
Iteration 1, converge to 0.048 with accuracy 0.7875...
Iteration 2, converge to 0.000 with accuracy 0.7875...
Iteration 3, converge to 0.000 with accuracy 0.7875...

Query	Docs	P@5	P@10	P@20
Pos	U	0.508	0.400	0.397
Pos	L	0.612	0.545	0.581
Neg	U	0.538	0.639	0.641
Neg	L	0.364	0.445	0.440

Gaussian Fields by random walk [C:SVM[C:2, F:8055, T:L2R_L1LOSS_SVC_DUAL, c:1.000], k:20, k':20, r:1.000, alpha:1.000, beta:1.000, eta:0.100]-[LambdaRank@MAP] Train/Test finished in 123.04 seconds with accuracy 0.7875 and F1 (0:0.759 1:0.810)...
.*
optimization finished, #iter = 19
Objective value = -1197.03
nSV = 2369
Creating cache for labeled documents...
Generate 2296(0:1148) ranking pairs for L2R model training...
[Info]LambdaRank configuration:
	Optimization Type OT_MAP, Lambda 0.600, Shrinkage 0.980, WindowSize 20
	Initial step size 1.0, Steps 100, Iteration 10
Iter	Misorder	LogLilikelihood	Perf
0	861	-3050.95	0.7871
1	861	-3052.43	0.7875
2	868	-3051.81	0.7860
3	867	-3051.64	0.7859
4	867	-3051.63	0.7856
5	867	-3051.63	0.7856
6	867	-3051.63	0.7856
7	867	-3051.63	0.7856
8	867	-3051.63	0.7856
9	867	-3051.63	0.7856
[Info]Training procedure takes 0.25 seconds to finish...
0.08754 -0.20391 0.11843 -0.02290 0.03836 -0.00115 0.07624 0.38557 0.00202 0.16200 0.00000 
Construct nearest neighbor graph nodes in parallel: L: 3310, U: 13466
Construct nearest neighbor graph edges in parallel: L: 3310, U: 13466
[5049,6732) finished...
[1683,3366) finished...
[0,1683) finished...
[3366,5049) finished...
[11781,13466) finished...
[6732,8415) finished...
[8415,10098) finished...
[10098,11781) finished...
Nearest neighbor graph construction finished!
Random walk starts:
Iteration 1, converge to 0.039 with accuracy 0.7875...
Iteration 2, converge to 0.000 with accuracy 0.7875...
Iteration 3, converge to 0.000 with accuracy 0.7875...

Query	Docs	P@5	P@10	P@20
Pos	U	0.626	0.612	0.611
Pos	L	0.624	0.598	0.579
Neg	U	0.603	0.600	0.596
Neg	L	0.582	0.591	0.592

Gaussian Fields by random walk [C:SVM[C:2, F:8055, T:L2R_L1LOSS_SVC_DUAL, c:1.000], k:20, k':20, r:1.000, alpha:1.000, beta:1.000, eta:0.100]-[LambdaRank@MAP] Train/Test finished in 123.23 seconds with accuracy 0.7875 and F1 (0:0.757 1:0.811)...
.*.
optimization finished, #iter = 20
Objective value = -1195.33
nSV = 2367
Creating cache for labeled documents...
Generate 2382(0:1191) ranking pairs for L2R model training...
[Info]LambdaRank configuration:
	Optimization Type OT_MAP, Lambda 0.600, Shrinkage 0.980, WindowSize 20
	Initial step size 1.0, Steps 100, Iteration 10
Iter	Misorder	LogLilikelihood	Perf
0	885	-3168.04	0.7879
1	884	-3166.69	0.7876
2	893	-3168.40	0.7867
3	888	-3167.42	0.7869
4	887	-3167.26	0.7872
5	887	-3167.25	0.7872
6	887	-3167.24	0.7872
7	887	-3167.24	0.7872
8	887	-3167.24	0.7872
[Info]Training procedure takes 0.20 seconds to finish...
0.10229 -0.17612 0.13127 -0.04297 0.04168 -0.00187 0.02178 0.28292 -0.00109 0.28884 -0.00000 
Construct nearest neighbor graph nodes in parallel: L: 3376, U: 13400
Construct nearest neighbor graph edges in parallel: L: 3376, U: 13400
[5025,6700) finished...
[1675,3350) finished...
[0,1675) finished...
[3350,5025) finished...
[11725,13400) finished...
[6700,8375) finished...
[8375,10050) finished...
[10050,11725) finished...
Nearest neighbor graph construction finished!
Random walk starts:
Iteration 1, converge to 0.044 with accuracy 0.7891...
Iteration 2, converge to 0.000 with accuracy 0.7891...
Iteration 3, converge to 0.000 with accuracy 0.7891...

Query	Docs	P@5	P@10	P@20
Pos	U	0.679	0.621	0.610
Pos	L	0.591	0.590	0.544
Neg	U	0.345	0.416	0.472
Neg	L	0.433	0.474	0.548

Gaussian Fields by random walk [C:SVM[C:2, F:8055, T:L2R_L1LOSS_SVC_DUAL, c:1.000], k:20, k':20, r:1.000, alpha:1.000, beta:1.000, eta:0.100]-[LambdaRank@MAP] Train/Test finished in 121.63 seconds with accuracy 0.7891 and F1 (0:0.756 1:0.815)...
.*
optimization finished, #iter = 18
Objective value = -1225.46
nSV = 2443
Creating cache for labeled documents...
Generate 2314(0:1157) ranking pairs for L2R model training...
[Info]LambdaRank configuration:
	Optimization Type OT_MAP, Lambda 0.600, Shrinkage 0.980, WindowSize 20
	Initial step size 1.0, Steps 100, Iteration 10
Iter	Misorder	LogLilikelihood	Perf
0	768	-2998.98	0.8091
1	765	-2997.50	0.8093
2	766	-2996.96	0.8100
3	774	-2997.36	0.8082
4	774	-2997.40	0.8082
5	774	-2997.41	0.8082
6	774	-2997.41	0.8082
[Info]Training procedure takes 0.17 seconds to finish...
0.04168 -0.09871 -0.01669 -0.07014 0.01609 -0.00098 -0.03720 0.18903 0.00933 0.51630 0.00000 
Construct nearest neighbor graph nodes in parallel: L: 3418, U: 13358
Construct nearest neighbor graph edges in parallel: L: 3418, U: 13358
[5007,6676) finished...
[1669,3338) finished...
[0,1669) finished...
[3338,5007) finished...
[11683,13358) finished...
[6676,8345) finished...
[8345,10014) finished...
[10014,11683) finished...
Nearest neighbor graph construction finished!
Random walk starts:
Iteration 1, converge to 0.047 with accuracy 0.7836...
Iteration 2, converge to 0.000 with accuracy 0.7836...
Iteration 3, converge to 0.000 with accuracy 0.7836...

Query	Docs	P@5	P@10	P@20
Pos	U	0.800	0.800	0.794
Pos	L	0.511	0.632	0.521
Neg	U	0.200	0.200	0.205
Neg	L	0.490	0.371	0.506

Gaussian Fields by random walk [C:SVM[C:2, F:8055, T:L2R_L1LOSS_SVC_DUAL, c:1.000], k:20, k':20, r:1.000, alpha:1.000, beta:1.000, eta:0.100]-[LambdaRank@MAP] Train/Test finished in 122.15 seconds with accuracy 0.7836 and F1 (0:0.753 1:0.807)...
.*
optimization finished, #iter = 19
Objective value = -1246.84
nSV = 2478
Creating cache for labeled documents...
Generate 2418(0:1209) ranking pairs for L2R model training...
[Info]LambdaRank configuration:
	Optimization Type OT_MAP, Lambda 0.600, Shrinkage 0.980, WindowSize 20
	Initial step size 1.0, Steps 100, Iteration 10
Iter	Misorder	LogLilikelihood	Perf
0	913	-3208.38	0.7827
1	914	-3199.38	0.7832
2	914	-3200.18	0.7830
3	915	-3199.00	0.7831
4	914	-3198.77	0.7833
5	914	-3198.74	0.7833
6	914	-3198.74	0.7833
[Info]Training procedure takes 0.17 seconds to finish...
0.04576 -0.10826 0.06433 0.05732 0.02095 -0.00073 0.00836 0.23123 -0.00048 0.37347 -0.00000 
Construct nearest neighbor graph nodes in parallel: L: 3405, U: 13371
Construct nearest neighbor graph edges in parallel: L: 3405, U: 13371
[5013,6684) finished...
[1671,3342) finished...
[0,1671) finished...
[3342,5013) finished...
[11697,13371) finished...
[8355,10026) finished...
[6684,8355) finished...
[10026,11697) finished...
Nearest neighbor graph construction finished!
Random walk starts:
Iteration 1, converge to 0.049 with accuracy 0.7851...
Iteration 2, converge to 0.001 with accuracy 0.7851...
Iteration 3, converge to 0.000 with accuracy 0.7851...

Query	Docs	P@5	P@10	P@20
Pos	U	0.841	0.610	0.467
Pos	L	0.567	0.484	0.482
Neg	U	0.141	0.346	0.480
Neg	L	0.425	0.509	0.522

Gaussian Fields by random walk [C:SVM[C:2, F:8055, T:L2R_L1LOSS_SVC_DUAL, c:1.000], k:20, k':20, r:1.000, alpha:1.000, beta:1.000, eta:0.100]-[LambdaRank@MAP] Train/Test finished in 126.17 seconds with accuracy 0.7851 and F1 (0:0.755 1:0.808)...
.*
optimization finished, #iter = 19
Objective value = -1222.24
nSV = 2432
Creating cache for labeled documents...
Generate 2312(0:1156) ranking pairs for L2R model training...
[Info]LambdaRank configuration:
	Optimization Type OT_MAP, Lambda 0.600, Shrinkage 0.980, WindowSize 20
	Initial step size 1.0, Steps 100, Iteration 10
Iter	Misorder	LogLilikelihood	Perf
0	859	-3083.43	0.7873
1	856	-3080.62	0.7876
2	871	-3080.11	0.7819
3	872	-3081.02	0.7819
4	872	-3081.22	0.7822
5	872	-3081.24	0.7822
6	872	-3081.24	0.7822
[Info]Training procedure takes 0.18 seconds to finish...
0.07778 -0.14363 0.04052 0.03662 0.03098 -0.00191 0.02127 0.24999 0.03752 0.30721 0.00000 
Construct nearest neighbor graph nodes in parallel: L: 3382, U: 13394
Construct nearest neighbor graph edges in parallel: L: 3382, U: 13394
[5022,6696) finished...
[1674,3348) finished...
[0,1674) finished...
[11718,13394) finished...
[3348,5022) finished...
[6696,8370) finished...
[8370,10044) finished...
[10044,11718) finished...
Nearest neighbor graph construction finished!
Random walk starts:
Iteration 1, converge to 0.055 with accuracy 0.7877...
Iteration 2, converge to 0.001 with accuracy 0.7877...
Iteration 3, converge to 0.000 with accuracy 0.7877...

Query	Docs	P@5	P@10	P@20
Pos	U	0.328	0.298	0.230
Pos	L	0.322	0.291	0.313
Neg	U	0.611	0.659	0.731
Neg	L	0.644	0.679	0.682

Gaussian Fields by random walk [C:SVM[C:2, F:8055, T:L2R_L1LOSS_SVC_DUAL, c:1.000], k:20, k':20, r:1.000, alpha:1.000, beta:1.000, eta:0.100]-[LambdaRank@MAP] Train/Test finished in 127.40 seconds with accuracy 0.7877 and F1 (0:0.757 1:0.812)...
.*.
optimization finished, #iter = 20
Objective value = -1138.59
nSV = 2345
Creating cache for labeled documents...
Generate 2194(0:1097) ranking pairs for L2R model training...
[Info]LambdaRank configuration:
	Optimization Type OT_MAP, Lambda 0.600, Shrinkage 0.980, WindowSize 20
	Initial step size 1.0, Steps 100, Iteration 10
Iter	Misorder	LogLilikelihood	Perf
0	778	-2928.96	0.8006
1	799	-2927.20	0.7936
2	809	-2928.11	0.7914
3	809	-2928.25	0.7914
4	809	-2928.29	0.7914
5	809	-2928.29	0.7914
6	809	-2928.29	0.7914
7	809	-2928.29	0.7914
8	809	-2928.29	0.7914
[Info]Training procedure takes 0.20 seconds to finish...
0.03754 -0.08350 0.05971 0.00979 0.00974 -0.00251 -0.02730 0.18648 0.03459 0.39825 -0.00000 
Construct nearest neighbor graph nodes in parallel: L: 3337, U: 13439
Construct nearest neighbor graph edges in parallel: L: 3337, U: 13439
