Load 5000 2-gram features from ./data/CoLinAdapt/Amazon/SelectedVocab.csv...
Average review length over all users is 55.333, max average length is 351.800.
[Info]Start: 0, End: 2147483647, (9742/9760) users and 143146 reviews are loaded from ./data/CoLinAdapt/Amazon/Users...
[Info]Training size: 0, adaptation size: 143146, and testing size: 0
Gradient magnitude 92.87195
Gradient magnitude 87.94334
Gradient magnitude 85.36041
Gradient magnitude 83.48068
Gradient magnitude 82.12192
Gradient magnitude 81.38630
Gradient magnitude 80.51099
Gradient magnitude 79.75877
Gradient magnitude 79.18812
Gradient magnitude 78.40639
Gradient magnitude 77.97884
Gradient magnitude 77.49465
Gradient magnitude 77.11545
Gradient magnitude 76.62439
Gradient magnitude 84.88646
Gradient magnitude 82.15921
Gradient magnitude 80.45145
Gradient magnitude 79.02095
Gradient magnitude 77.69881
Gradient magnitude 76.84398
Gradient magnitude 76.11894
Gradient magnitude 75.58170
Gradient magnitude 74.88230
Gradient magnitude 74.31044
Gradient magnitude 80.70030
Gradient magnitude 78.27283
Gradient magnitude 76.77812
Gradient magnitude 75.16047
Gradient magnitude 74.33867
Gradient magnitude 78.22147
Gradient magnitude 75.14022
Gradient magnitude 72.94669
Gradient magnitude 71.70131
Gradient magnitude 76.09029
Gradient magnitude 74.00308
Gradient magnitude 71.77101
Gradient magnitude 70.13697
Gradient magnitude 69.93901
Gradient magnitude 69.06705
Gradient magnitude 67.45071
Gradient magnitude 66.69606
Gradient magnitude 66.24669
Gradient magnitude 65.66765
Gradient magnitude 65.35592
Gradient magnitude 73.30729
Gradient magnitude 71.34474
Gradient magnitude 69.18401
Gradient magnitude 68.26751
Gradient magnitude 67.44068
Gradient magnitude 66.73883
Gradient magnitude 65.95531
Gradient magnitude 65.46938
Gradient magnitude 64.87095
Gradient magnitude 64.43514
Gradient magnitude 64.00257
Gradient magnitude 63.62858
Gradient magnitude 63.17522
Gradient magnitude 62.89695
Gradient magnitude 71.24346
Gradient magnitude 69.07108
Gradient magnitude 67.69164
Gradient magnitude 66.41927
Gradient magnitude 65.29485
Gradient magnitude 64.47557
Gradient magnitude 63.81502
Gradient magnitude 63.41305
Gradient magnitude 62.84111
Gradient magnitude 62.86065
Gradient magnitude 62.36060
Gradient magnitude 61.86254
Gradient magnitude 61.06232
Gradient magnitude 60.81318
Gradient magnitude 60.58041
Gradient magnitude 60.22059
Gradient magnitude 59.83154
Gradient magnitude 59.39358
Gradient magnitude 69.84762
Gradient magnitude 66.22368
Gradient magnitude 64.81170
Gradient magnitude 63.23081
Gradient magnitude 62.27002
Gradient magnitude 61.74868
Gradient magnitude 61.20068
Gradient magnitude 60.60760
Gradient magnitude 68.45287
Gradient magnitude 65.95089
Gradient magnitude 64.30888
Gradient magnitude 63.32598
Gradient magnitude 62.46424
Gradient magnitude 61.91751
Gradient magnitude 61.07473
Gradient magnitude 60.49567
Gradient magnitude 60.08964
Gradient magnitude 59.73862
Gradient magnitude 59.28712
Gradient magnitude 58.86083
Gradient magnitude 58.73443
Gradient magnitude 58.41727
Gradient magnitude 58.06095
Gradient magnitude 57.65554
Gradient magnitude 57.44885
Gradient magnitude 57.17830
Gradient magnitude 56.97416
Gradient magnitude 56.74065
Gradient magnitude 56.56407
Gradient magnitude 56.53346
Gradient magnitude 56.32884
Gradient magnitude 56.15998
Gradient magnitude 55.85352
Gradient magnitude 55.66561
Gradient magnitude 67.54022
Gradient magnitude 64.53267
Gradient magnitude 62.67972
Gradient magnitude 61.87248
Gradient magnitude 60.92798
Gradient magnitude 60.08776
Gradient magnitude 59.29436
Gradient magnitude 58.75501
Gradient magnitude 58.58492
Gradient magnitude 58.30227
Gradient magnitude 57.93552
Gradient magnitude 57.11532
Gradient magnitude 56.75322
Gradient magnitude 56.52029
Gradient magnitude 56.15906
Gradient magnitude 55.98094
Gradient magnitude 55.75440
Gradient magnitude 55.90713
Gradient magnitude 55.61080
Gradient magnitude 66.71918
Gradient magnitude 63.53332
Gradient magnitude 62.02957
Gradient magnitude 61.01238
Gradient magnitude 60.40094
Gradient magnitude 60.11827
Gradient magnitude 59.59028
Gradient magnitude 66.40478
Gradient magnitude 63.10424
Gradient magnitude 66.24247
Gradient magnitude 63.14585
Gradient magnitude 61.78923
Gradient magnitude 60.57825
Gradient magnitude 59.44446
Gradient magnitude 60.38662
Gradient magnitude 59.63347
Gradient magnitude 58.87607
Gradient magnitude 56.84381
Gradient magnitude 56.51290
Gradient magnitude 56.21291
Gradient magnitude 57.23949
Gradient magnitude 56.99890
Gradient magnitude 56.69987
Gradient magnitude 55.04236
Gradient magnitude 54.86442
Gradient magnitude 54.70213
Gradient magnitude 65.95273
Gradient magnitude 64.15044
Gradient magnitude 62.68798
Gradient magnitude 61.72914
Gradient magnitude 61.04156
Gradient magnitude 60.19461
Gradient magnitude 59.66187
Gradient magnitude 58.96078
Gradient magnitude 58.52906
Gradient magnitude 65.81704
Gradient magnitude 63.17516
Gradient magnitude 61.28995
Gradient magnitude 59.78008
Gradient magnitude 59.03019
Gradient magnitude 58.10583
Gradient magnitude 57.66818
Gradient magnitude 57.14151
Gradient magnitude 56.63916
Gradient magnitude 56.46983
Gradient magnitude 56.12762
Gradient magnitude 55.94380
Gradient magnitude 55.44389
Gradient magnitude 55.40080
Gradient magnitude 54.96759
Gradient magnitude 54.56821
Gradient magnitude 54.25114
Gradient magnitude 54.05128
Gradient magnitude 53.81426
Gradient magnitude 53.73364
Gradient magnitude 53.54538
Gradient magnitude 53.30041
Gradient magnitude 53.09128
Gradient magnitude 52.96828
Gradient magnitude 52.78980
Gradient magnitude 52.68814
Gradient magnitude 52.57574
Gradient magnitude 52.46091
Gradient magnitude 52.31248
Gradient magnitude 52.21783
Gradient magnitude 52.12068
Gradient magnitude 51.97185
Gradient magnitude 51.86611
Gradient magnitude 51.71505
Gradient magnitude 51.60691
Gradient magnitude 51.51590
Gradient magnitude 51.37780
Gradient magnitude 51.31789
Gradient magnitude 51.18563
Gradient magnitude 51.11562
Gradient magnitude 51.03195
Gradient magnitude 50.96088
Gradient magnitude 50.87072
Gradient magnitude 50.77988
Gradient magnitude 50.87821
Gradient magnitude 50.78325
Gradient magnitude 50.69162
Gradient magnitude 50.43442
Gradient magnitude 50.34930
Gradient magnitude 50.24195
Gradient magnitude 50.17598
Gradient magnitude 50.10722
Gradient magnitude 50.04322
Gradient magnitude 49.98660
Gradient magnitude 50.05888
Gradient magnitude 50.00386
Gradient magnitude 49.94441
Gradient magnitude 49.75246
Gradient magnitude 49.67280
Gradient magnitude 49.61380
Gradient magnitude 49.55269
Gradient magnitude 49.74528
Gradient magnitude 49.75289
Gradient magnitude 49.71207
Gradient magnitude 49.36689
Gradient magnitude 49.26141
Gradient magnitude 49.18817
Gradient magnitude 49.14070
Gradient magnitude 49.09861
Gradient magnitude 49.03820
Gradient magnitude 49.37252
Gradient magnitude 49.31148
Gradient magnitude 66.78516
Gradient magnitude 63.63640
Gradient magnitude 62.51480
Gradient magnitude 65.56457
Gradient magnitude 63.41417
Gradient magnitude 61.35806
Gradient magnitude 60.56361
Gradient magnitude 59.58549
Gradient magnitude 58.87865
Gradient magnitude 58.49501
Gradient magnitude 57.92410
Gradient magnitude 57.26772
Gradient magnitude 56.88938
Gradient magnitude 56.62022
Gradient magnitude 56.21820
Gradient magnitude 55.89077
Gradient magnitude 55.54755
Gradient magnitude 55.25650
Gradient magnitude 54.91624
Gradient magnitude 54.73524
Gradient magnitude 54.50619
Gradient magnitude 54.34885
Gradient magnitude 54.09695
Gradient magnitude 53.96257
Gradient magnitude 53.83337
Gradient magnitude 53.64456
Gradient magnitude 53.44235
Gradient magnitude 53.27515
Gradient magnitude 53.16601
Gradient magnitude 52.96931
Gradient magnitude 52.83261
Gradient magnitude 52.70242
Gradient magnitude 52.58179
Gradient magnitude 52.47457
Gradient magnitude 52.36995
Gradient magnitude 52.28309
Gradient magnitude 52.17973
Gradient magnitude 52.05769
Gradient magnitude 51.95726
Gradient magnitude 51.90108
Gradient magnitude 51.78639
Gradient magnitude 51.67764
Gradient magnitude 51.51654
Gradient magnitude 51.43064
Gradient magnitude 51.36023
Gradient magnitude 51.24800
Gradient magnitude 51.13390
Gradient magnitude 51.06315
Gradient magnitude 50.99419
Gradient magnitude 50.92372
Gradient magnitude 50.86972
Gradient magnitude 50.78945
Gradient magnitude 50.73764
Gradient magnitude 50.65675
Gradient magnitude 50.58107
Gradient magnitude 50.50149
Gradient magnitude 50.43568
Gradient magnitude 50.36668
Gradient magnitude 50.31789
Gradient magnitude 50.25550
Gradient magnitude 50.20241
Gradient magnitude 50.13864
Gradient magnitude 50.07273
Gradient magnitude 49.99297
Gradient magnitude 49.94106
Gradient magnitude 50.05548
Gradient magnitude 50.00158
Gradient magnitude 49.93782
Gradient magnitude 49.68652
Gradient magnitude 49.61337
Gradient magnitude 49.54736
Gradient magnitude 49.48037
Gradient magnitude 49.43530
Gradient magnitude 49.38445
Gradient magnitude 65.46717
Gradient magnitude 62.29688
Gradient magnitude 60.34893
Gradient magnitude 59.17716
Gradient magnitude 58.43307
Gradient magnitude 57.48904
Gradient magnitude 65.43360
Gradient magnitude 63.06643
Gradient magnitude 61.38572
Gradient magnitude 60.16004
Gradient magnitude 59.11968
Gradient magnitude 58.50042
Gradient magnitude 57.87520
Gradient magnitude 57.24220
Gradient magnitude 56.78772
Gradient magnitude 56.37947
Gradient magnitude 56.01000
Gradient magnitude 55.59751
Gradient magnitude 55.17828
Gradient magnitude 54.82180
Gradient magnitude 54.66980
Gradient magnitude 54.38555
Gradient magnitude 54.13196
Gradient magnitude 53.82952
Gradient magnitude 53.63513
Gradient magnitude 53.49500
Gradient magnitude 53.37564
Gradient magnitude 53.15670
Gradient magnitude 52.96980
Gradient magnitude 52.77722
Gradient magnitude 52.64822
Gradient magnitude 52.48176
Gradient magnitude 52.30712
Gradient magnitude 52.18901
Gradient magnitude 52.01441
Gradient magnitude 51.89875
Gradient magnitude 51.74025
Gradient magnitude 51.61930
Gradient magnitude 51.56282
Gradient magnitude 51.45764
Gradient magnitude 51.32851
Gradient magnitude 51.14193
Gradient magnitude 51.02184
Gradient magnitude 50.93989
Gradient magnitude 50.86435
Gradient magnitude 51.13348
Gradient magnitude 51.42800
Gradient magnitude 51.30188
Gradient magnitude 51.35214
Gradient magnitude 50.87907
Gradient magnitude 50.77298
Gradient magnitude 50.25820
Gradient magnitude 50.17053
Gradient magnitude 50.06915
Gradient magnitude 50.01248
Gradient magnitude 49.95528
Gradient magnitude 49.90087
Gradient magnitude 49.82382
Gradient magnitude 49.75520
Gradient magnitude 65.39082
Gradient magnitude 62.77390
Gradient magnitude 65.38315
Gradient magnitude 62.57491
Gradient magnitude 60.81311
Gradient magnitude 59.49724
Gradient magnitude 58.33178
Gradient magnitude 57.49568
Gradient magnitude 56.92976
Gradient magnitude 56.54072
Gradient magnitude 55.96694
Gradient magnitude 55.65158
Gradient magnitude 55.32941
Gradient magnitude 54.90056
Gradient magnitude 66.53223
Gradient magnitude 63.18201
Gradient magnitude 61.68493
Gradient magnitude 60.42054
Gradient magnitude 65.36407
Gradient magnitude 62.61776
Gradient magnitude 61.46510
Gradient magnitude 60.32707
Gradient magnitude 59.38931
Gradient magnitude 58.31975
Gradient magnitude 58.27847
Gradient magnitude 65.35721
Gradient magnitude 62.20127
Gradient magnitude 60.35783
Gradient magnitude 58.99099
Gradient magnitude 58.11987
Gradient magnitude 57.30637
Gradient magnitude 56.87210
Gradient magnitude 56.30173
Gradient magnitude 66.02871
Gradient magnitude 63.24002
Gradient magnitude 68.15816
Gradient magnitude 63.11790
Gradient magnitude 62.13606
Gradient magnitude 60.92068
Gradient magnitude 59.68413
Gradient magnitude 65.34842
Gradient magnitude 63.46996
Gradient magnitude 62.47547
Gradient magnitude 73.41472
Gradient magnitude 62.92468
Gradient magnitude 61.57775
Gradient magnitude 60.18518
Gradient magnitude 59.47956
Gradient magnitude 58.69553
Gradient magnitude 58.09885
Gradient magnitude 57.52107
Gradient magnitude 66.81741
Gradient magnitude 62.68147
Gradient magnitude 65.34918
Gradient magnitude 62.35798
Gradient magnitude 62.09689
Gradient magnitude 61.28174
Gradient magnitude 60.72343
Gradient magnitude 65.34756
Gradient magnitude 62.39286
Gradient magnitude 60.77769
Gradient magnitude 59.30739
Gradient magnitude 58.09645
Gradient magnitude 57.63815
Gradient magnitude 56.94762
Gradient magnitude 56.53595
Gradient magnitude 56.14084
Gradient magnitude 55.83161
Gradient magnitude 55.37732
Gradient magnitude 55.09193
Gradient magnitude 54.77627
Gradient magnitude 54.38086
Gradient magnitude 55.22093
Gradient magnitude 54.56070
Gradient magnitude 54.17408
Gradient magnitude 53.33178
Gradient magnitude 53.40561
Gradient magnitude 54.80099
Gradient magnitude 54.56431
Gradient magnitude 54.00926
Gradient magnitude 52.61495
Gradient magnitude 53.85710
Gradient magnitude 53.71398
Gradient magnitude 53.44288
Gradient magnitude 51.94818
Gradient magnitude 51.84016
Gradient magnitude 51.55714
Gradient magnitude 65.35652
Gradient magnitude 62.13237
Gradient magnitude 60.58882
Gradient magnitude 59.38916
Gradient magnitude 58.32377
Gradient magnitude 57.41051
Gradient magnitude 56.88034
Gradient magnitude 57.23991
Gradient magnitude 66.80421
Gradient magnitude 62.27797
Gradient magnitude 60.77128
Gradient magnitude 65.71875
Gradient magnitude 62.96144
Gradient magnitude 61.11999
Gradient magnitude 60.11078
Gradient magnitude 58.97730
Gradient magnitude 58.41865
Gradient magnitude 57.77120
Gradient magnitude 57.12485
Gradient magnitude 56.78315
Gradient magnitude 56.43687
Gradient magnitude 56.12363
Gradient magnitude 55.88944
Gradient magnitude 55.48940
Gradient magnitude 55.14937
Gradient magnitude 56.04935
Gradient magnitude 55.93429
Gradient magnitude 55.70673
Gradient magnitude 54.57423
Gradient magnitude 53.87991
Gradient magnitude 53.65648
Gradient magnitude 53.44065
Gradient magnitude 53.25945
Gradient magnitude 53.17952
Gradient magnitude 53.04653
Gradient magnitude 52.86989
Gradient magnitude 52.63715
Gradient magnitude 53.39024
Gradient magnitude 54.56361
Gradient magnitude 54.14698
Gradient magnitude 53.34601
Gradient magnitude 52.89670
Gradient magnitude 52.65039
Gradient magnitude 51.63427
Gradient magnitude 51.54411
Gradient magnitude 52.75775
Gradient magnitude 53.95727
Gradient magnitude 53.71556
Gradient magnitude 51.88906
Gradient magnitude 65.33888
Gradient magnitude 62.19111
Gradient magnitude 60.38673
Gradient magnitude 59.56916
Gradient magnitude 58.64796
Gradient magnitude 57.90414
Gradient magnitude 57.26335
Gradient magnitude 56.87158
Gradient magnitude 56.32047
Gradient magnitude 55.97400
Gradient magnitude 55.61290
Gradient magnitude 55.42955
Gradient magnitude 55.01876
Gradient magnitude 54.65403
Gradient magnitude 54.38768
Gradient magnitude 54.18172
Gradient magnitude 53.89955
Gradient magnitude 53.62910
Gradient magnitude 53.41134
Gradient magnitude 53.24820
Gradient magnitude 53.07187
Gradient magnitude 52.90066
Gradient magnitude 52.73605
Gradient magnitude 52.73105
Gradient magnitude 52.60238
Gradient magnitude 52.42981
Gradient magnitude 52.15378
Gradient magnitude 52.01381
Gradient magnitude 51.86410
Gradient magnitude 51.69742
Gradient magnitude 51.59022
Gradient magnitude 51.44336
Gradient magnitude 51.30792
Gradient magnitude 51.21572
Gradient magnitude 51.09715
Gradient magnitude 51.50604
Gradient magnitude 51.89745
Gradient magnitude 51.79970
Gradient magnitude 51.18349
Gradient magnitude 51.39896
Gradient magnitude 51.31603
Gradient magnitude 51.20767
Gradient magnitude 50.26106
Gradient magnitude 50.25132
Gradient magnitude 50.15447
Gradient magnitude 50.05177
Gradient magnitude 49.95136
Gradient magnitude 49.88353
Gradient magnitude 49.82402
Gradient magnitude 49.74132
Gradient magnitude 49.69367
Gradient magnitude 49.62780
Gradient magnitude 53.11788
Gradient magnitude 53.05812
Gradient magnitude 52.95067
Gradient magnitude 49.33189
Gradient magnitude 49.28551
Gradient magnitude 49.23356
Gradient magnitude 49.17800
Gradient magnitude 49.12316
Gradient magnitude 49.07124
Gradient magnitude 49.00038
Gradient magnitude 67.11117
Gradient magnitude 62.58243
Gradient magnitude 61.39336
Gradient magnitude 60.35798
Gradient magnitude 59.57466
Gradient magnitude 58.58742
Gradient magnitude 57.82632
Gradient magnitude 57.66399
Gradient magnitude 56.94339
Gradient magnitude 56.48516
Gradient magnitude 56.13755
Gradient magnitude 55.67051
Gradient magnitude 55.26250
Gradient magnitude 54.98066
Gradient magnitude 54.64510
Gradient magnitude 54.39182
Gradient magnitude 54.08309
Gradient magnitude 53.81600
Gradient magnitude 53.55270
Gradient magnitude 53.37936
Gradient magnitude 53.14931
Gradient magnitude 53.00081
Gradient magnitude 52.82283
Gradient magnitude 53.07456
Gradient magnitude 52.90950
Gradient magnitude 52.79808
Gradient magnitude 52.46003
Gradient magnitude 52.93352
Gradient magnitude 52.79935
Gradient magnitude 52.36836
Gradient magnitude 51.67437
Gradient magnitude 51.56090
Gradient magnitude 51.44942
Gradient magnitude 51.35625
Gradient magnitude 51.21493
Gradient magnitude 51.09168
Gradient magnitude 50.96993
Gradient magnitude 50.88240
Gradient magnitude 50.79073
Gradient magnitude 50.72323
Gradient magnitude 50.64308
Gradient magnitude 50.55360
Gradient magnitude 65.33664
Gradient magnitude 63.98543
Gradient magnitude 61.08868
Gradient magnitude 60.26287
Gradient magnitude 59.35213
Gradient magnitude 59.94828
Gradient magnitude 57.87693
Gradient magnitude 57.04760
Gradient magnitude 56.48001
Gradient magnitude 56.15285
Gradient magnitude 55.65659
Gradient magnitude 55.34009
Gradient magnitude 55.03540
Gradient magnitude 54.82537
Gradient magnitude 54.46269
Gradient magnitude 54.26650
Gradient magnitude 54.06404
Gradient magnitude 53.87997
Gradient magnitude 53.60369
Gradient magnitude 53.35508
Gradient magnitude 53.12495
Gradient magnitude 52.99684
Gradient magnitude 52.80139
Gradient magnitude 65.41412
Gradient magnitude 63.04578
Gradient magnitude 61.23465
Gradient magnitude 60.05790
Gradient magnitude 59.13470
Gradient magnitude 58.52669
Gradient magnitude 57.86094
Gradient magnitude 57.30854
Gradient magnitude 56.89261
Gradient magnitude 57.21098
Gradient magnitude 56.45449
Gradient magnitude 56.00267
Gradient magnitude 55.89030
Gradient magnitude 55.41149
Gradient magnitude 54.98495
Gradient magnitude 54.32882
Gradient magnitude 54.04439
Gradient magnitude 54.12804
Gradient magnitude 54.33432
Gradient magnitude 54.04834
Gradient magnitude 53.57553
Gradient magnitude 53.13708
Gradient magnitude 65.40521
Gradient magnitude 62.83055
Gradient magnitude 62.09883
Gradient magnitude 61.14967
Gradient magnitude 66.04393
Gradient magnitude 64.67660
Gradient magnitude 62.40677
Gradient magnitude 60.98412
Gradient magnitude 60.13281
Gradient magnitude 59.47639
Gradient magnitude 58.98577
Gradient magnitude 58.59363
Gradient magnitude 65.33634
Gradient magnitude 63.02026
Gradient magnitude 62.70736
Gradient magnitude 61.10733
Gradient magnitude 60.27642
Gradient magnitude 58.89965
Gradient magnitude 58.17197
Gradient magnitude 57.99845
Gradient magnitude 57.49315
Gradient magnitude 58.96780
Gradient magnitude 57.82078
Gradient magnitude 56.84153
Gradient magnitude 56.73397
Gradient magnitude 55.90023
Gradient magnitude 55.24649
Gradient magnitude 54.80205
Gradient magnitude 54.95222
Gradient magnitude 54.74182
Gradient magnitude 54.42563
Gradient magnitude 53.92746
Gradient magnitude 53.72868
Gradient magnitude 53.58477
Gradient magnitude 53.43174
Gradient magnitude 53.25217
Gradient magnitude 53.05409
Gradient magnitude 52.85947
Gradient magnitude 52.71819
Gradient magnitude 52.55120
Gradient magnitude 52.39261
Gradient magnitude 52.28122
Gradient magnitude 53.41326
Gradient magnitude 53.23405
Gradient magnitude 54.46800
Gradient magnitude 52.92829
Gradient magnitude 52.78342
Gradient magnitude 52.50792
Gradient magnitude 52.39086
Gradient magnitude 52.29312
Gradient magnitude 51.36034
Gradient magnitude 53.78498
Gradient magnitude 53.64735
Gradient magnitude 53.56851
Gradient magnitude 52.64176
Gradient magnitude 52.60629
Gradient magnitude 52.50136
Gradient magnitude 50.72515
Gradient magnitude 50.63567
Gradient magnitude 50.55125
Gradient magnitude 50.45979
Gradient magnitude 50.38458
Gradient magnitude 50.30732
Gradient magnitude 50.24367
Gradient magnitude 50.17318
Gradient magnitude 50.10240
Gradient magnitude 50.05512
Gradient magnitude 49.99250
Gradient magnitude 49.93116
Gradient magnitude 65.33665
Gradient magnitude 63.65587
Gradient magnitude 61.61672
Gradient magnitude 60.49319
Gradient magnitude 59.81628
Gradient magnitude 58.89692
Gradient magnitude 65.87729
Gradient magnitude 62.08361
Gradient magnitude 60.20669
Gradient magnitude 65.33622
Gradient magnitude 63.46513
Gradient magnitude 65.33631
Gradient magnitude 63.19052
Gradient magnitude 61.46612
Gradient magnitude 59.98270
Gradient magnitude 58.83363
Gradient magnitude 58.02217
Gradient magnitude 65.41439
Gradient magnitude 62.15682
Gradient magnitude 60.81847
Gradient magnitude 59.85350
Gradient magnitude 59.06650
Gradient magnitude 65.33516
Gradient magnitude 63.35011
Gradient magnitude 62.07327
Gradient magnitude 60.67617
Gradient magnitude 59.98647
Gradient magnitude 59.08737
Gradient magnitude 58.53294
Gradient magnitude 58.41706
Gradient magnitude 57.81125
Gradient magnitude 57.45512
Gradient magnitude 56.81625
Gradient magnitude 56.34197
Gradient magnitude 57.84254
Gradient magnitude 57.24933
Gradient magnitude 57.03418
Gradient magnitude 55.10318
Gradient magnitude 54.93048
Gradient magnitude 54.75379
Gradient magnitude 54.49303
Gradient magnitude 54.29401
Gradient magnitude 54.13382
Gradient magnitude 53.93139
Gradient magnitude 53.77659
Gradient magnitude 53.66149
Gradient magnitude 53.45962
Gradient magnitude 53.32602
Gradient magnitude 53.18111
Gradient magnitude 53.01945
Gradient magnitude 52.88313
Gradient magnitude 52.71906
Gradient magnitude 53.17347
Gradient magnitude 53.00240
Gradient magnitude 52.84533
Gradient magnitude 52.24002
Gradient magnitude 52.10869
Gradient magnitude 52.01746
Gradient magnitude 51.89823
Gradient magnitude 51.80318
Gradient magnitude 52.25934
Gradient magnitude 52.16021
Gradient magnitude 69.12239
Gradient magnitude 63.43795
Gradient magnitude 62.32906
Gradient magnitude 61.19312
Gradient magnitude 60.56606
Gradient magnitude 60.00219
Gradient magnitude 59.24947
Gradient magnitude 58.82760
Gradient magnitude 58.80724
Gradient magnitude 58.30687
Gradient magnitude 57.98805
Gradient magnitude 56.98592
Gradient magnitude 56.48593
Gradient magnitude 55.96905
Gradient magnitude 55.67399
Gradient magnitude 55.34886
Gradient magnitude 65.33621
Gradient magnitude 63.19912
Gradient magnitude 61.38686
Gradient magnitude 60.12075
Gradient magnitude 59.27562
Gradient magnitude 58.67945
Gradient magnitude 57.99315
Gradient magnitude 65.33567
Gradient magnitude 63.54828
Gradient magnitude 61.45683
Gradient magnitude 61.21850
Gradient magnitude 59.90097
Gradient magnitude 59.01295
Gradient magnitude 58.54247
Gradient magnitude 65.34194
Gradient magnitude 63.09855
Gradient magnitude 61.76292
Gradient magnitude 60.51747
Gradient magnitude 59.38871
Gradient magnitude 58.60561
Gradient magnitude 57.80666
Gradient magnitude 57.35507
Gradient magnitude 56.89124
Gradient magnitude 56.46312
Gradient magnitude 55.97959
Gradient magnitude 55.63218
Gradient magnitude 55.41558
Gradient magnitude 55.19538
Gradient magnitude 54.87468
Gradient magnitude 54.64552
Gradient magnitude 54.37121
Gradient magnitude 54.21039
Gradient magnitude 54.04304
Gradient magnitude 53.83212
Gradient magnitude 53.84811
Gradient magnitude 53.89529
Gradient magnitude 65.33499
Gradient magnitude 62.78564
Gradient magnitude 61.04232
Gradient magnitude 59.93736
Gradient magnitude 58.91027
Gradient magnitude 65.33471
Gradient magnitude 62.65088
Gradient magnitude 61.34155
Gradient magnitude 60.35540
Gradient magnitude 59.28567
Gradient magnitude 58.54049
Gradient magnitude 57.83350
Gradient magnitude 57.32879
Gradient magnitude 56.95564
Gradient magnitude 59.46779
Gradient magnitude 60.57847
Gradient magnitude 57.24978
Gradient magnitude 56.58311
Gradient magnitude 55.19384
Gradient magnitude 55.00888
Gradient magnitude 54.67670
Gradient magnitude 54.42450
Gradient magnitude 54.19342
Gradient magnitude 53.96049
Gradient magnitude 53.80711
Gradient magnitude 54.28605
Gradient magnitude 65.33485
Gradient magnitude 62.11928
Gradient magnitude 60.28562
Gradient magnitude 59.50112
Gradient magnitude 58.44380
Gradient magnitude 57.56152
Gradient magnitude 56.87360
Gradient magnitude 56.32243
Gradient magnitude 55.86245
Gradient magnitude 55.49875
Gradient magnitude 55.19016
Gradient magnitude 54.85252
Gradient magnitude 54.51470
Gradient magnitude 54.15467
Gradient magnitude 54.40536
Gradient magnitude 54.21757
Gradient magnitude 54.01697
Gradient magnitude 53.41990
Gradient magnitude 53.23199
Gradient magnitude 53.01057
Gradient magnitude 53.50392
Gradient magnitude 53.23110
Gradient magnitude 53.03488
Gradient magnitude 52.33805
Gradient magnitude 52.83857
Gradient magnitude 53.16828
Gradient magnitude 52.84101
Gradient magnitude 52.02568
Gradient magnitude 51.58778
Gradient magnitude 51.42884
Gradient magnitude 52.32002
Gradient magnitude 65.34279
Gradient magnitude 63.98956
Gradient magnitude 62.19767
Gradient magnitude 61.38292
Gradient magnitude 59.82708
Gradient magnitude 65.33545
Gradient magnitude 62.77224
Gradient magnitude 61.13524
Gradient magnitude 59.91729
Gradient magnitude 59.05483
Gradient magnitude 58.25505
Gradient magnitude 59.53913
Gradient magnitude 57.99505
Gradient magnitude 56.94944
Gradient magnitude 56.32427
Gradient magnitude 56.05736
Gradient magnitude 55.63094
Gradient magnitude 55.22848
Gradient magnitude 54.89329
Gradient magnitude 54.58911
Gradient magnitude 54.25646
Gradient magnitude 55.62581
Gradient magnitude 55.38892
Gradient magnitude 55.30033
Gradient magnitude 53.55771
Gradient magnitude 53.31605
Gradient magnitude 52.99416
Gradient magnitude 52.76699
Gradient magnitude 52.59273
Gradient magnitude 52.43128
Gradient magnitude 52.30681
Gradient magnitude 52.13315
Gradient magnitude 51.94822
Gradient magnitude 52.13449
Gradient magnitude 52.60312
Gradient magnitude 52.46782
Gradient magnitude 52.01403
Gradient magnitude 51.27767
Gradient magnitude 51.17564
Gradient magnitude 51.08514
Gradient magnitude 50.97778
Gradient magnitude 50.84514
Gradient magnitude 50.72689
Gradient magnitude 50.61611
Gradient magnitude 50.56536
Gradient magnitude 50.49397
Gradient magnitude 50.68976
Gradient magnitude 50.90216
Gradient magnitude 51.51342
Gradient magnitude 51.25582
Gradient magnitude 50.82755
Gradient magnitude 49.98405
Gradient magnitude 49.93070
Gradient magnitude 49.86337
Gradient magnitude 49.94075
Gradient magnitude 49.95609
Gradient magnitude 49.86114
Gradient magnitude 49.62897
Gradient magnitude 49.52952
Gradient magnitude 49.52483
Gradient magnitude 49.46789
Gradient magnitude 50.24502
Gradient magnitude 65.33495
Gradient magnitude 62.85407
Gradient magnitude 61.12161
Gradient magnitude 59.97971
Gradient magnitude 58.89131
Gradient magnitude 58.21527
Gradient magnitude 57.65045
Gradient magnitude 57.19920
Gradient magnitude 56.65905
Gradient magnitude 56.31232
Gradient magnitude 56.40730
Gradient magnitude 55.89159
Gradient magnitude 55.59305
Gradient magnitude 55.05013
Gradient magnitude 54.69273
Gradient magnitude 54.37781
Gradient magnitude 54.14950
Gradient magnitude 53.99961
Gradient magnitude 53.74353
Gradient magnitude 55.45891
Gradient magnitude 55.00978
Gradient magnitude 54.19142
Gradient magnitude 52.92550
Gradient magnitude 65.33570
Gradient magnitude 63.49713
Gradient magnitude 62.06810
Gradient magnitude 65.33638
Gradient magnitude 63.51275
Gradient magnitude 62.36001
Gradient magnitude 61.31031
Gradient magnitude 60.15838
Gradient magnitude 67.78110
Gradient magnitude 63.66690
Gradient magnitude 61.85108
Gradient magnitude 60.71729
Gradient magnitude 60.09053
Gradient magnitude 65.34028
Gradient magnitude 63.36462
Gradient magnitude 61.73395
Gradient magnitude 60.78379
Gradient magnitude 59.64595
Gradient magnitude 58.74955
Gradient magnitude 65.33576
Gradient magnitude 62.74545
Gradient magnitude 61.68235
Gradient magnitude 60.28066
Gradient magnitude 59.25971
Gradient magnitude 58.52847
Gradient magnitude 57.85039
Gradient magnitude 66.68376
Gradient magnitude 63.02763
Gradient magnitude 61.13481
Gradient magnitude 59.75009
Gradient magnitude 58.89414
Gradient magnitude 58.18411
Gradient magnitude 57.58325
Gradient magnitude 57.18734
Gradient magnitude 56.86782
Gradient magnitude 56.46119
Gradient magnitude 65.77177
Gradient magnitude 64.75676
Gradient magnitude 61.59595
Gradient magnitude 60.35013
Gradient magnitude 59.66515
Gradient magnitude 65.33636
Gradient magnitude 62.38516
Gradient magnitude 60.32794
Gradient magnitude 59.43611
Gradient magnitude 58.44658
Gradient magnitude 57.74059
Gradient magnitude 65.33664
Gradient magnitude 73.36936
Gradient magnitude 65.70025
Gradient magnitude 59.91143
Gradient magnitude 59.16089
Gradient magnitude 58.25600
Gradient magnitude 61.94076
Gradient magnitude 56.87491
Gradient magnitude 56.43314
Gradient magnitude 56.07963
Gradient magnitude 55.94573
Gradient magnitude 55.65918
Gradient magnitude 55.31392
Gradient magnitude 54.77861
Gradient magnitude 54.60108
Gradient magnitude 54.33291
Gradient magnitude 54.60887
Gradient magnitude 54.31635
Gradient magnitude 54.17962
Gradient magnitude 53.40738
Gradient magnitude 53.20964
Gradient magnitude 52.95799
Gradient magnitude 65.33943
Gradient magnitude 63.17908
Gradient magnitude 62.21184
Gradient magnitude 60.67433
Gradient magnitude 60.31172
Gradient magnitude 59.04351
Gradient magnitude 58.27341
Gradient magnitude 57.61564
Gradient magnitude 57.23738
Gradient magnitude 57.61442
Gradient magnitude 57.20976
Gradient magnitude 56.92325
Gradient magnitude 55.75420
Gradient magnitude 55.50235
Gradient magnitude 55.28059
Gradient magnitude 54.95185
Gradient magnitude 55.28309
Gradient magnitude 55.10558
Gradient magnitude 65.33862
Gradient magnitude 62.07521
Gradient magnitude 60.49529
Gradient magnitude 59.61444
Gradient magnitude 59.13508
Gradient magnitude 58.16055
Gradient magnitude 57.59880
Gradient magnitude 56.52295
Gradient magnitude 65.33752
Gradient magnitude 63.23032
Gradient magnitude 62.05158
Gradient magnitude 60.56491
Gradient magnitude 60.04998
Gradient magnitude 59.19412
Gradient magnitude 58.84330
Gradient magnitude 65.33986
Gradient magnitude 62.67351
Gradient magnitude 60.79081
Gradient magnitude 59.56476
Gradient magnitude 58.21171
Gradient magnitude 57.42720
Gradient magnitude 56.87116
Gradient magnitude 56.35031
Gradient magnitude 55.86024
Gradient magnitude 65.33622
Gradient magnitude 62.35359
Gradient magnitude 60.92236
Gradient magnitude 60.18184
Gradient magnitude 58.60269
Gradient magnitude 65.90714
Gradient magnitude 62.14328
Gradient magnitude 60.98410
Gradient magnitude 60.10655
Gradient magnitude 59.17647
Gradient magnitude 58.23554
Gradient magnitude 57.46879
Gradient magnitude 56.75271
Gradient magnitude 56.19596
Gradient magnitude 55.73431
Gradient magnitude 55.29044
Gradient magnitude 56.83401
Gradient magnitude 56.56915
Gradient magnitude 56.16836
Gradient magnitude 54.09376
Gradient magnitude 53.79540
Gradient magnitude 54.47290
Gradient magnitude 54.19559
Gradient magnitude 54.00827
Gradient magnitude 52.91930
Gradient magnitude 52.74773
Gradient magnitude 65.33712
Gradient magnitude 62.60671
Gradient magnitude 60.91590
Gradient magnitude 59.56915
Gradient magnitude 58.78189
Gradient magnitude 57.93849
Gradient magnitude 57.49189
Gradient magnitude 56.89727
Gradient magnitude 56.44074
Gradient magnitude 56.12588
Gradient magnitude 55.75329
Gradient magnitude 55.32615
Gradient magnitude 54.93385
Gradient magnitude 54.58529
Gradient magnitude 65.33514
Gradient magnitude 63.45157
Gradient magnitude 61.99154
Gradient magnitude 61.03455
Gradient magnitude 59.81445
Gradient magnitude 59.20271
Gradient magnitude 58.59884
Gradient magnitude 58.13461
Gradient magnitude 57.72208
Gradient magnitude 57.35137
Gradient magnitude 56.87938
Gradient magnitude 56.56582
Gradient magnitude 65.98176
Gradient magnitude 62.30097
Gradient magnitude 65.34749
Gradient magnitude 63.01910
Gradient magnitude 67.97847
Gradient magnitude 63.49324
Gradient magnitude 63.26566
Gradient magnitude 65.25580
Gradient magnitude 61.19694
Gradient magnitude 60.19697
Gradient magnitude 60.34241
Gradient magnitude 65.33708
Gradient magnitude 62.91364
Gradient magnitude 61.46274
Gradient magnitude 60.05182
Gradient magnitude 59.24935
Gradient magnitude 58.34320
Gradient magnitude 57.97242
Gradient magnitude 57.34864
Gradient magnitude 56.78125
Gradient magnitude 56.39371
Gradient magnitude 65.43414
Gradient magnitude 62.75025
Gradient magnitude 67.09915
Gradient magnitude 63.37844
Gradient magnitude 65.40443
Gradient magnitude 62.07718
Gradient magnitude 65.34901
Gradient magnitude 63.22642
Gradient magnitude 61.58739
Gradient magnitude 60.10333
Gradient magnitude 59.05222
Gradient magnitude 58.48560
Gradient magnitude 58.03869
Gradient magnitude 57.73499
Gradient magnitude 57.29148
Gradient magnitude 56.82847
Gradient magnitude 56.31559
Gradient magnitude 55.88470
Gradient magnitude 55.78235
Gradient magnitude 55.48431
Gradient magnitude 55.21031
Gradient magnitude 54.88707
Gradient magnitude 54.56964
Gradient magnitude 54.38185
Gradient magnitude 54.13424
Gradient magnitude 53.91311
Gradient magnitude 54.03352
Gradient magnitude 53.88278
Gradient magnitude 53.65127
Gradient magnitude 53.18563
Gradient magnitude 53.02332
Gradient magnitude 53.37561
Gradient magnitude 53.27185
Gradient magnitude 53.12908
Gradient magnitude 52.49025
Gradient magnitude 52.35168
Gradient magnitude 52.19472
Gradient magnitude 52.03989
Gradient magnitude 51.96001
Gradient magnitude 51.85200
Gradient magnitude 51.75291
Gradient magnitude 52.20214
Gradient magnitude 52.08609
Gradient magnitude 51.98710
Gradient magnitude 51.37883
Gradient magnitude 51.25973
Gradient magnitude 51.19138
Gradient magnitude 51.06572
Gradient magnitude 50.99300
Gradient magnitude 50.90660
Gradient magnitude 51.14599
Gradient magnitude 51.05918
Gradient magnitude 50.93590
Gradient magnitude 50.91285
Gradient magnitude 51.01635
Gradient magnitude 50.89747
Gradient magnitude 50.56092
Gradient magnitude 50.24785
Gradient magnitude 50.18647
Gradient magnitude 50.09439
Gradient magnitude 50.01594
Gradient magnitude 49.94343
Gradient magnitude 49.89274
Gradient magnitude 49.83754
Gradient magnitude 49.76699
Gradient magnitude 49.78545
Gradient magnitude 49.70218
Gradient magnitude 49.63975
Gradient magnitude 49.48794
Gradient magnitude 49.42585
Gradient magnitude 49.38121
Gradient magnitude 49.35180
Gradient magnitude 49.29923
Gradient magnitude 49.24858
Gradient magnitude 49.18341
Gradient magnitude 49.11368
Gradient magnitude 49.06861
Gradient magnitude 48.99914
Gradient magnitude 48.96460
Gradient magnitude 48.91656
Gradient magnitude 48.86576
Gradient magnitude 48.81405
Gradient magnitude 48.78834
Gradient magnitude 48.74610
Gradient magnitude 49.14906
Gradient magnitude 49.09215
Gradient magnitude 49.03781
Gradient magnitude 48.52872
Gradient magnitude 48.48495
Gradient magnitude 48.44856
Gradient magnitude 48.41467
Gradient magnitude 48.38401
Gradient magnitude 48.34558
Gradient magnitude 48.66529
Gradient magnitude 48.65240
Gradient magnitude 48.76714
Gradient magnitude 48.43537
Gradient magnitude 49.06941
Gradient magnitude 49.71858
Gradient magnitude 49.81384
Gradient magnitude 49.32479
Gradient magnitude 48.72545
Gradient magnitude 48.52032
Gradient magnitude 48.22627
Gradient magnitude 47.88814
Gradient magnitude 47.85482
Gradient magnitude 47.81407
Gradient magnitude 47.76756
Gradient magnitude 47.73510
Gradient magnitude 48.16057
Gradient magnitude 48.12696
Gradient magnitude 48.08442
Gradient magnitude 66.39877
Gradient magnitude 64.72753
Gradient magnitude 62.04959
Gradient magnitude 61.09088
Gradient magnitude 60.06924
Gradient magnitude 59.45094
Gradient magnitude 58.88139
Gradient magnitude 58.53028
Gradient magnitude 57.94786
Gradient magnitude 57.51909
Gradient magnitude 56.88087
Gradient magnitude 56.41255
Gradient magnitude 56.10334
Gradient magnitude 55.84702
Gradient magnitude 65.33597
Gradient magnitude 63.53674
Gradient magnitude 62.26610
Gradient magnitude 65.33852
Gradient magnitude 63.29084
Gradient magnitude 61.30363
Gradient magnitude 59.94432
Gradient magnitude 59.36065
Gradient magnitude 58.48721
Gradient magnitude 57.89771
Gradient magnitude 56.85389
Gradient magnitude 56.23877
Gradient magnitude 55.55883
Gradient magnitude 69.02653
Gradient magnitude 64.18166
Gradient magnitude 62.46072
Gradient magnitude 61.78446
Gradient magnitude 60.69657
Gradient magnitude 59.71835
Gradient magnitude 58.55905
Gradient magnitude 58.01469
Gradient magnitude 57.51827
Gradient magnitude 57.00125
Gradient magnitude 56.53506
Gradient magnitude 56.27818
Gradient magnitude 56.03284
Gradient magnitude 55.71392
Gradient magnitude 55.38678
Gradient magnitude 55.34423
Gradient magnitude 55.15688
Gradient magnitude 54.89902
Gradient magnitude 54.38658
Gradient magnitude 54.11089
Gradient magnitude 53.97106
Gradient magnitude 53.82903
Gradient magnitude 53.66290
Gradient magnitude 53.47668
Gradient magnitude 53.29452
Gradient magnitude 53.12497
Gradient magnitude 52.97796
Gradient magnitude 52.84170
Gradient magnitude 52.67078
Gradient magnitude 52.56155
Gradient magnitude 52.43683
Gradient magnitude 52.32297
Gradient magnitude 52.19727
Gradient magnitude 52.64891
Gradient magnitude 52.55918
Gradient magnitude 52.47173
Gradient magnitude 51.80889
Gradient magnitude 51.71925
Gradient magnitude 51.61208
Gradient magnitude 51.52147
Gradient magnitude 51.42835
Gradient magnitude 51.36489
Gradient magnitude 51.26750
Gradient magnitude 51.58313
Gradient magnitude 51.48356
Gradient magnitude 51.37166
Gradient magnitude 50.96149
Gradient magnitude 50.89475
Gradient magnitude 50.82188
Gradient magnitude 50.73052
Gradient magnitude 50.66675
Gradient magnitude 50.58924
Gradient magnitude 50.49693
Gradient magnitude 50.44361
Gradient magnitude 50.35869
Gradient magnitude 50.27757
Gradient magnitude 50.22755
Gradient magnitude 50.14752
Gradient magnitude 50.08088
Gradient magnitude 69.05697
Gradient magnitude 63.39772
Gradient magnitude 61.65379
Gradient magnitude 60.31312
Gradient magnitude 59.40215
Gradient magnitude 58.72917
Gradient magnitude 57.87778
Gradient magnitude 57.71299
Gradient magnitude 57.20484
Gradient magnitude 56.66239
Gradient magnitude 55.88305
Gradient magnitude 55.54987
Gradient magnitude 55.19845
Gradient magnitude 55.00886
Gradient magnitude 54.74879
Gradient magnitude 65.33692
Gradient magnitude 63.48136
Gradient magnitude 62.42331
Gradient magnitude 60.92611
Gradient magnitude 59.75666
Gradient magnitude 59.05805
Gradient magnitude 58.37108
Gradient magnitude 57.90583
Gradient magnitude 57.38149
Gradient magnitude 56.94498
Gradient magnitude 56.68738
Gradient magnitude 58.04875
Gradient magnitude 65.33655
Gradient magnitude 62.08981
Gradient magnitude 61.40228
Gradient magnitude 59.35834
Gradient magnitude 58.54514
Gradient magnitude 65.46208
Gradient magnitude 63.29164
Gradient magnitude 60.84641
Gradient magnitude 59.42532
Gradient magnitude 58.79329
Gradient magnitude 57.85287
Gradient magnitude 66.22051
Gradient magnitude 63.33945
Gradient magnitude 62.23274
Gradient magnitude 61.34839
Gradient magnitude 60.20287
Gradient magnitude 65.33635
Gradient magnitude 62.57632
Gradient magnitude 65.33597
Gradient magnitude 63.05607
Gradient magnitude 61.58826
Gradient magnitude 60.46412
Gradient magnitude 59.65623
Gradient magnitude 59.03514
Gradient magnitude 58.41963
Gradient magnitude 58.01808
Gradient magnitude 57.54651
Gradient magnitude 57.17650
Gradient magnitude 56.67536
Gradient magnitude 56.32653
Gradient magnitude 56.21986
Gradient magnitude 55.89327
Gradient magnitude 55.80370
Gradient magnitude 55.43249
Gradient magnitude 55.13889
Gradient magnitude 54.82427
Gradient magnitude 54.58491
Gradient magnitude 54.31752
Gradient magnitude 54.06298
Gradient magnitude 53.82395
Gradient magnitude 53.71324
Gradient magnitude 53.49877
Gradient magnitude 53.37825
Gradient magnitude 53.33439
Gradient magnitude 53.15130
Gradient magnitude 53.05729
Gradient magnitude 52.71919
Gradient magnitude 52.58239
Gradient magnitude 52.55767
Gradient magnitude 54.22167
Gradient magnitude 54.55821
Gradient magnitude 55.42263
Gradient magnitude 53.19429
Gradient magnitude 52.55207
Gradient magnitude 51.83045
Gradient magnitude 51.74629
Gradient magnitude 52.30685
Gradient magnitude 52.15069
Gradient magnitude 52.06336
Gradient magnitude 51.52420
Gradient magnitude 51.38896
Gradient magnitude 51.28749
Gradient magnitude 51.40562
Gradient magnitude 52.16105
Gradient magnitude 52.09058
Gradient magnitude 52.19918
Gradient magnitude 51.65312
Gradient magnitude 51.54583
Gradient magnitude 50.90504
Gradient magnitude 50.61039
Gradient magnitude 50.51274
Gradient magnitude 50.30244
Gradient magnitude 50.21157
Gradient magnitude 50.16635
Gradient magnitude 51.09773
Gradient magnitude 51.14952
Gradient magnitude 51.12564
Gradient magnitude 50.09786
Gradient magnitude 49.88154
Gradient magnitude 50.47379
Gradient magnitude 50.41847
Gradient magnitude 50.64214
Gradient magnitude 50.09190
Gradient magnitude 65.33512
Gradient magnitude 63.58050
Gradient magnitude 62.61747
Gradient magnitude 61.25018
Gradient magnitude 60.58821
Gradient magnitude 59.81664
Gradient magnitude 59.14759
Gradient magnitude 58.72920
Gradient magnitude 58.11195
Gradient magnitude 57.76782
Gradient magnitude 57.34109
Gradient magnitude 56.90833
Gradient magnitude 56.45332
Gradient magnitude 56.20675
Gradient magnitude 56.05087
Gradient magnitude 55.84681
Gradient magnitude 55.61204
Gradient magnitude 55.29133
Gradient magnitude 55.22683
Gradient magnitude 54.97791
Gradient magnitude 54.73850
Gradient magnitude 54.34327
Gradient magnitude 54.19592
Gradient magnitude 54.02009
Gradient magnitude 53.81931
Gradient magnitude 53.63196
Gradient magnitude 53.50667
Gradient magnitude 53.37074
Gradient magnitude 53.38404
Gradient magnitude 53.32241
Gradient magnitude 53.19412
Gradient magnitude 52.93197
Gradient magnitude 52.72655
Gradient magnitude 52.62080
Gradient magnitude 52.52478
Gradient magnitude 52.44981
Gradient magnitude 52.31810
Gradient magnitude 52.24618
Gradient magnitude 52.16106
Gradient magnitude 52.08425
Gradient magnitude 51.99354
Gradient magnitude 51.92993
Gradient magnitude 51.85847
Gradient magnitude 65.70838
Gradient magnitude 62.79449
Gradient magnitude 66.69292
Gradient magnitude 62.11413
Gradient magnitude 60.55220
Gradient magnitude 59.70499
Gradient magnitude 58.62883
Gradient magnitude 57.88717
Gradient magnitude 56.45716
Gradient magnitude 56.03580
Gradient magnitude 66.14045
Gradient magnitude 63.05255
Gradient magnitude 61.26313
Gradient magnitude 59.84905
Gradient magnitude 58.66996
Gradient magnitude 57.99605
Gradient magnitude 75.88864
Gradient magnitude 62.76199
Gradient magnitude 60.69153
Gradient magnitude 59.40042
Gradient magnitude 58.37370
Gradient magnitude 57.55280
Gradient magnitude 56.90924
Gradient magnitude 56.41140
Gradient magnitude 56.02768
Gradient magnitude 55.63000
Gradient magnitude 55.33321
Gradient magnitude 68.54924
Gradient magnitude 62.43651
Gradient magnitude 65.34595
Gradient magnitude 62.57930
Gradient magnitude 60.89163
Gradient magnitude 59.73957
Gradient magnitude 58.97626
Gradient magnitude 65.34346
Gradient magnitude 62.41004
Gradient magnitude 60.50802
Gradient magnitude 65.34559
Gradient magnitude 63.68910
Gradient magnitude 62.41410
Gradient magnitude 61.23509
Gradient magnitude 60.34537
Gradient magnitude 59.66965
Gradient magnitude 59.23784
Gradient magnitude 59.07380
Gradient magnitude 68.91205
Gradient magnitude 62.81977
Gradient magnitude 65.43071
Gradient magnitude 63.21954
Gradient magnitude 61.33931
Gradient magnitude 60.54905
Gradient magnitude 59.77951
Gradient magnitude 65.37244
Gradient magnitude 62.42576
Gradient magnitude 60.44056
Gradient magnitude 59.31663
Gradient magnitude 88.37306
Gradient magnitude 63.15833
Gradient magnitude 61.29471
Gradient magnitude 60.12594
Gradient magnitude 59.12287
Gradient magnitude 58.45114
Gradient magnitude 57.70062
Gradient magnitude 57.17736
Gradient magnitude 56.75500
Gradient magnitude 56.23322
Gradient magnitude 57.40070
Gradient magnitude 56.97815
Gradient magnitude 65.34900
Gradient magnitude 62.22202
Gradient magnitude 60.75464
Gradient magnitude 60.25664
Gradient magnitude 65.34787
Gradient magnitude 62.36077
Gradient magnitude 60.92619
Gradient magnitude 59.50282
Gradient magnitude 58.39449
Gradient magnitude 57.42267
Gradient magnitude 56.74032
Gradient magnitude 56.24764
Gradient magnitude 73.88063
Gradient magnitude 63.21199
Gradient magnitude 63.77138
Gradient magnitude 60.17246
Gradient magnitude 62.89490
Gradient magnitude 62.31256
Gradient magnitude 62.88099
Gradient magnitude 57.76029
Gradient magnitude 57.44316
Gradient magnitude 65.59167
Gradient magnitude 63.68807
Gradient magnitude 62.48303
Gradient magnitude 60.87696
Gradient magnitude 62.61137
Gradient magnitude 65.34371
Gradient magnitude 62.30542
Gradient magnitude 60.79519
Gradient magnitude 60.25323
Gradient magnitude 58.75648
Gradient magnitude 58.18831
Gradient magnitude 57.51068
Gradient magnitude 57.14600
Gradient magnitude 56.53488
Gradient magnitude 55.99003
Gradient magnitude 55.58135
Gradient magnitude 55.16008
Gradient magnitude 54.93552
Gradient magnitude 54.63012
Gradient magnitude 54.35504
Gradient magnitude 54.05621
Gradient magnitude 53.76456
Gradient magnitude 53.58361
Gradient magnitude 53.35530
Gradient magnitude 53.16651
Gradient magnitude 52.99754
Gradient magnitude 52.86363
Gradient magnitude 52.65096
Gradient magnitude 52.48865
Gradient magnitude 52.33794
Gradient magnitude 52.13978
Gradient magnitude 52.39578
Gradient magnitude 52.64295
Gradient magnitude 54.17018
Gradient magnitude 53.67300
Gradient magnitude 53.17235
Gradient magnitude 51.31235
Gradient magnitude 51.21187
Gradient magnitude 51.80203
Gradient magnitude 51.70702
Gradient magnitude 52.74256
Gradient magnitude 51.92810
Gradient magnitude 51.84496
Gradient magnitude 65.33953
Gradient magnitude 62.78682
Gradient magnitude 61.72607
Gradient magnitude 60.82474
Gradient magnitude 65.86251
Gradient magnitude 62.23377
Gradient magnitude 62.08801
Gradient magnitude 60.81624
Gradient magnitude 60.41448
Gradient magnitude 65.44775
Gradient magnitude 62.48377
Gradient magnitude 61.10088
Gradient magnitude 59.86776
Gradient magnitude 58.83661
Gradient magnitude 58.30755
Gradient magnitude 57.49027
Gradient magnitude 56.91347
Gradient magnitude 56.35984
Gradient magnitude 55.84323
Gradient magnitude 55.43333
Gradient magnitude 55.22602
Gradient magnitude 54.80745
Gradient magnitude 54.47357
Gradient magnitude 53.97255
Gradient magnitude 65.33774
Gradient magnitude 65.35777
Gradient magnitude 62.73349
Gradient magnitude 61.46538
Gradient magnitude 59.92445
Gradient magnitude 58.78785
Gradient magnitude 58.30742
Gradient magnitude 58.21450
Gradient magnitude 57.88996
Gradient magnitude 58.09190
Gradient magnitude 57.81635
Gradient magnitude 57.52460
Gradient magnitude 56.70767
Gradient magnitude 55.81824
Gradient magnitude 55.48524
Gradient magnitude 55.25940
Gradient magnitude 54.93915
Gradient magnitude 56.09658
Gradient magnitude 55.83024
Gradient magnitude 55.58636
Gradient magnitude 54.18451
Gradient magnitude 53.96659
Gradient magnitude 53.80080
Gradient magnitude 53.67005
Gradient magnitude 53.48833
Gradient magnitude 53.28777
Gradient magnitude 53.10715
Gradient magnitude 52.92589
Gradient magnitude 52.78728
Gradient magnitude 52.60878
Gradient magnitude 52.44274
Gradient magnitude 52.51131
Gradient magnitude 52.38739
Gradient magnitude 52.24722
Gradient magnitude 51.98531
Gradient magnitude 51.90432
Gradient magnitude 51.80327
Gradient magnitude 51.72447
Gradient magnitude 51.62849
Gradient magnitude 51.50324
Gradient magnitude 51.41359
Gradient magnitude 51.30670
Gradient magnitude 51.19461
Gradient magnitude 52.43849
Gradient magnitude 52.30526
Gradient magnitude 52.20074
Gradient magnitude 52.17807
Gradient magnitude 51.99604
Gradient magnitude 52.40378
Gradient magnitude 65.33855
Gradient magnitude 62.65270
Gradient magnitude 61.06622
Gradient magnitude 60.56671
Gradient magnitude 59.47716
Gradient magnitude 58.58143
Gradient magnitude 57.90790
Gradient magnitude 57.25826
Gradient magnitude 57.36869
Gradient magnitude 57.82760
Gradient magnitude 57.17067
Gradient magnitude 56.55045
Gradient magnitude 55.04433
Gradient magnitude 65.39168
Gradient magnitude 62.97899
Gradient magnitude 61.21139
Gradient magnitude 69.69700
Gradient magnitude 63.16076
Gradient magnitude 61.45239
Gradient magnitude 60.65139
Gradient magnitude 61.46596
Gradient magnitude 60.90148
Gradient magnitude 60.23298
Gradient magnitude 58.42114
Gradient magnitude 57.98001
Gradient magnitude 57.57867
Gradient magnitude 57.12509
Gradient magnitude 56.65658
Gradient magnitude 56.26033
Gradient magnitude 55.89733
Gradient magnitude 55.65382
Gradient magnitude 55.31874
Gradient magnitude 55.53455
Gradient magnitude 55.48926
Gradient magnitude 55.29427
Gradient magnitude 54.57935
Gradient magnitude 54.15850
Gradient magnitude 53.91211
Gradient magnitude 53.77743
Gradient magnitude 53.57286
Gradient magnitude 53.44483
Gradient magnitude 53.27897
Gradient magnitude 53.08616
Gradient magnitude 52.91639
Gradient magnitude 52.73561
Gradient magnitude 52.59560
Gradient magnitude 53.50723
Gradient magnitude 53.39685
Gradient magnitude 53.25655
Gradient magnitude 52.21840
Gradient magnitude 52.08065
Gradient magnitude 51.98389
Gradient magnitude 65.35124
Gradient magnitude 63.07997
Gradient magnitude 62.06703
Gradient magnitude 60.65255
Gradient magnitude 59.73467
Gradient magnitude 65.33739
Gradient magnitude 62.34664
Gradient magnitude 60.36119
Gradient magnitude 59.34543
Gradient magnitude 65.33660
Gradient magnitude 63.48488
Gradient magnitude 62.16276
Gradient magnitude 61.33482
Gradient magnitude 60.27622
Gradient magnitude 59.31773
Gradient magnitude 58.61878
Gradient magnitude 58.24677
Gradient magnitude 57.83746
Gradient magnitude 57.46192
Gradient magnitude 56.96268
Gradient magnitude 57.54726
Gradient magnitude 57.78973
Gradient magnitude 57.25201
Gradient magnitude 56.34489
Gradient magnitude 56.27541
Gradient magnitude 55.70175
Gradient magnitude 55.30567
Gradient magnitude 54.78696
Gradient magnitude 54.57582
Gradient magnitude 54.35750
Gradient magnitude 54.14643
Gradient magnitude 53.94353
Gradient magnitude 53.81660
Gradient magnitude 53.64209
Gradient magnitude 53.52470
Gradient magnitude 53.37662
Gradient magnitude 53.22807
Gradient magnitude 53.06177
Gradient magnitude 53.40682
Gradient magnitude 53.24826
Gradient magnitude 53.09641
Gradient magnitude 52.52495
Gradient magnitude 53.68285
Gradient magnitude 53.50920
Gradient magnitude 53.33793
Gradient magnitude 52.14763
Gradient magnitude 52.03971
Gradient magnitude 51.84598
Gradient magnitude 51.76888
Gradient magnitude 51.69607
Gradient magnitude 51.62684
Gradient magnitude 51.53637
Gradient magnitude 51.46641
Gradient magnitude 51.38477
Gradient magnitude 52.44959
Gradient magnitude 52.38394
Gradient magnitude 52.32089
Gradient magnitude 51.09969
Gradient magnitude 51.02944
Gradient magnitude 52.10938
Gradient magnitude 53.02300
Gradient magnitude 52.96178
Gradient magnitude 51.95715
Gradient magnitude 50.71012
Gradient magnitude 51.17000
Gradient magnitude 51.10276
Gradient magnitude 51.03637
Gradient magnitude 50.44089
Gradient magnitude 51.55632
Gradient magnitude 51.48813
Gradient magnitude 51.42658
Gradient magnitude 50.15535
Gradient magnitude 50.10524
Gradient magnitude 50.02890
Gradient magnitude 49.97873
Gradient magnitude 49.90855
Gradient magnitude 49.84319
Gradient magnitude 51.22073
Gradient magnitude 50.93637
Gradient magnitude 65.34554
Gradient magnitude 62.91025
Gradient magnitude 63.04897
Gradient magnitude 61.70955
Gradient magnitude 60.79538
Gradient magnitude 58.47647
Gradient magnitude 57.68800
Gradient magnitude 65.33688
Gradient magnitude 62.71247
Gradient magnitude 65.33650
Gradient magnitude 62.55945
Gradient magnitude 61.35752
Gradient magnitude 60.14005
Gradient magnitude 59.14840
Gradient magnitude 58.31480
Gradient magnitude 57.78160
Gradient magnitude 57.25153
Gradient magnitude 56.65681
Gradient magnitude 88.74708
Gradient magnitude 63.26358
Gradient magnitude 61.83199
Gradient magnitude 60.92453
Gradient magnitude 63.82918
Gradient magnitude 63.23752
Gradient magnitude 66.22635
Gradient magnitude 63.77790
Gradient magnitude 57.46904
Gradient magnitude 56.73917
Gradient magnitude 56.30060
Gradient magnitude 56.04918
Gradient magnitude 65.38804
Gradient magnitude 63.08399
Gradient magnitude 61.39537
Gradient magnitude 60.03978
Gradient magnitude 66.48457
Gradient magnitude 62.71176
Gradient magnitude 61.07333
Gradient magnitude 65.34493
Gradient magnitude 63.50610
Gradient magnitude 68.95843
Gradient magnitude 63.24911
Gradient magnitude 61.31783
Gradient magnitude 60.23841
Gradient magnitude 59.34528
Gradient magnitude 58.61577
Gradient magnitude 58.00135
Gradient magnitude 57.36521
Gradient magnitude 56.81299
Gradient magnitude 56.45014
Gradient magnitude 56.14985
Gradient magnitude 55.82274
Gradient magnitude 55.56624
Gradient magnitude 55.17655
Gradient magnitude 54.91052
Gradient magnitude 54.58868
Gradient magnitude 55.10616
Gradient magnitude 55.16430
Gradient magnitude 55.23884
Gradient magnitude 54.26706
Gradient magnitude 53.88745
Gradient magnitude 53.49244
Gradient magnitude 53.29688
Gradient magnitude 53.14350
Gradient magnitude 53.23687
Gradient magnitude 53.11105
Gradient magnitude 52.99529
Gradient magnitude 52.63572
Gradient magnitude 52.51340
Gradient magnitude 52.41812
Gradient magnitude 52.29421
Gradient magnitude 52.18399
Gradient magnitude 52.60141
Gradient magnitude 53.25189
Gradient magnitude 53.00431
Gradient magnitude 53.96136
Gradient magnitude 53.59041
Gradient magnitude 58.07017
Gradient magnitude 58.03231
Gradient magnitude 57.43538
Gradient magnitude 52.85945
Gradient magnitude 51.27362
Gradient magnitude 51.19802
Gradient magnitude 51.12058
Gradient magnitude 51.14096
Gradient magnitude 51.20934
Gradient magnitude 51.29686
Gradient magnitude 51.05605
Gradient magnitude 50.83161
Gradient magnitude 50.82844
Gradient magnitude 50.77597
Gradient magnitude 50.68055
Gradient magnitude 51.02748
Gradient magnitude 50.94581
Gradient magnitude 50.86409
Gradient magnitude 50.24481
Gradient magnitude 50.16117
Gradient magnitude 50.12025
Gradient magnitude 50.06307
Gradient magnitude 50.52107
Gradient magnitude 50.43754
Gradient magnitude 50.56609
Gradient magnitude 49.93155
Gradient magnitude 49.87448
Gradient magnitude 65.34058
Gradient magnitude 62.32393
Gradient magnitude 61.13863
Gradient magnitude 59.72575
Gradient magnitude 58.96163
Gradient magnitude 58.02839
Gradient magnitude 57.49120
Gradient magnitude 56.97426
Gradient magnitude 56.35830
Gradient magnitude 55.99722
Gradient magnitude 65.33975
Gradient magnitude 62.80503
Gradient magnitude 61.70336
Gradient magnitude 65.33811
Gradient magnitude 63.31350
Gradient magnitude 61.32591
Gradient magnitude 59.91717
Gradient magnitude 58.77746
Gradient magnitude 57.87117
Gradient magnitude 57.22766
Gradient magnitude 56.68092
Gradient magnitude 56.06958
Gradient magnitude 55.68749
Gradient magnitude 55.24054
Gradient magnitude 54.83287
Gradient magnitude 65.33685
Gradient magnitude 63.62099
Gradient magnitude 62.17793
Gradient magnitude 60.63161
Gradient magnitude 60.35514
Gradient magnitude 59.42924
Gradient magnitude 58.61002
Gradient magnitude 58.79070
Gradient magnitude 58.33550
Gradient magnitude 57.60878
Gradient magnitude 56.57967
Gradient magnitude 56.15727
Gradient magnitude 55.72589
Gradient magnitude 55.46387
Gradient magnitude 55.21130
Gradient magnitude 54.98285
Gradient magnitude 54.67810
Gradient magnitude 54.40261
Gradient magnitude 54.21147
Gradient magnitude 54.65771
Gradient magnitude 54.87864
Gradient magnitude 54.74903
Gradient magnitude 53.81751
Gradient magnitude 53.95731
Gradient magnitude 54.29850
Gradient magnitude 54.10202
Gradient magnitude 53.39311
Gradient magnitude 65.33601
Gradient magnitude 62.73137
Gradient magnitude 61.19321
Gradient magnitude 59.82366
Gradient magnitude 59.88022
Gradient magnitude 59.06658
Gradient magnitude 58.29745
Gradient magnitude 57.76528
Gradient magnitude 57.18350
Gradient magnitude 56.72768
Gradient magnitude 55.55077
Gradient magnitude 65.33596
Gradient magnitude 63.70530
Gradient magnitude 62.09555
Gradient magnitude 61.14440
Gradient magnitude 60.36301
Gradient magnitude 59.63269
Gradient magnitude 58.54728
Gradient magnitude 58.13106
Gradient magnitude 58.29377
Gradient magnitude 57.72911
Gradient magnitude 57.31152
Gradient magnitude 56.58030
Gradient magnitude 56.22459
Gradient magnitude 55.86096
Gradient magnitude 55.53410
Gradient magnitude 55.25982
Gradient magnitude 55.07080
Gradient magnitude 54.89917
Gradient magnitude 54.73496
Gradient magnitude 54.44866
Gradient magnitude 54.25834
Gradient magnitude 54.03451
Gradient magnitude 53.89911
Gradient magnitude 53.73325
Gradient magnitude 53.53585
Gradient magnitude 53.40018
Gradient magnitude 53.23003
Gradient magnitude 53.10456
Gradient magnitude 52.99461
Gradient magnitude 52.88146
Gradient magnitude 52.75811
Gradient magnitude 52.59912
Gradient magnitude 52.50187
Gradient magnitude 52.41238
Gradient magnitude 52.27492
Gradient magnitude 52.19552
Gradient magnitude 52.05912
Gradient magnitude 51.98794
Gradient magnitude 54.84331
Gradient magnitude 54.26623
Gradient magnitude 53.62951
Gradient magnitude 51.63410
Gradient magnitude 51.52362
Gradient magnitude 52.37859
Gradient magnitude 52.29807
Gradient magnitude 52.23649
Gradient magnitude 51.18266
Gradient magnitude 51.12437
Gradient magnitude 51.06689
Gradient magnitude 51.73861
Gradient magnitude 51.38191
Gradient magnitude 51.21638
Gradient magnitude 50.76781
Gradient magnitude 50.68300
Gradient magnitude 50.60773
Gradient magnitude 50.52463
Gradient magnitude 50.96068
Gradient magnitude 50.89118
Gradient magnitude 52.26113
Gradient magnitude 51.82010
Gradient magnitude 51.74563
Gradient magnitude 50.09667
Gradient magnitude 65.33555
Gradient magnitude 62.81799
Gradient magnitude 61.64620
Gradient magnitude 65.33524
Gradient magnitude 63.44455
Gradient magnitude 60.62205
Gradient magnitude 59.53705
Gradient magnitude 65.33524
Gradient magnitude 63.31358
Gradient magnitude 61.82517
Gradient magnitude 61.00085
Gradient magnitude 60.25927
Gradient magnitude 59.25099
Gradient magnitude 58.48757
Gradient magnitude 58.18200
Gradient magnitude 65.33500
Gradient magnitude 63.48137
Gradient magnitude 61.50497
Gradient magnitude 60.54978
Gradient magnitude 59.83510
Gradient magnitude 58.85548
Gradient magnitude 58.94159
Gradient magnitude 58.10374
Gradient magnitude 65.33507
Gradient magnitude 63.06404
Gradient magnitude 61.76526
Gradient magnitude 60.64202
Gradient magnitude 59.98767
Gradient magnitude 59.77135
Gradient magnitude 59.10825
Gradient magnitude 65.33469
Gradient magnitude 62.14509
Gradient magnitude 60.10410
Gradient magnitude 59.17429
Gradient magnitude 58.04746
Gradient magnitude 57.18797
Gradient magnitude 56.73781
Gradient magnitude 57.06571
Gradient magnitude 65.33452
Gradient magnitude 63.68614
Gradient magnitude 61.59558
Gradient magnitude 60.81652
Gradient magnitude 59.66916
Gradient magnitude 59.33338
Gradient magnitude 65.33463
Gradient magnitude 63.77077
Gradient magnitude 61.37203
Gradient magnitude 60.45513
Gradient magnitude 59.23827
Gradient magnitude 58.25988
Gradient magnitude 57.46721
Gradient magnitude 56.92139
Gradient magnitude 65.72056
Gradient magnitude 63.39379
Gradient magnitude 60.79163
Gradient magnitude 59.72660
Gradient magnitude 58.74869
Gradient magnitude 57.93673
Gradient magnitude 58.09679
Gradient magnitude 57.35046
Gradient magnitude 56.74479
Gradient magnitude 55.76248
Gradient magnitude 55.43292
Gradient magnitude 55.15835
Gradient magnitude 54.82634
Gradient magnitude 65.33516
Gradient magnitude 62.60863
Gradient magnitude 61.02367
Gradient magnitude 65.33516
Gradient magnitude 63.50911
Gradient magnitude 61.44016
Gradient magnitude 60.16134
Gradient magnitude 59.52448
Gradient magnitude 58.67036
Gradient magnitude 58.06620
Gradient magnitude 58.12842
Gradient magnitude 65.33896
Gradient magnitude 62.56066
Gradient magnitude 61.05979
Gradient magnitude 59.87299
Gradient magnitude 59.13412
Gradient magnitude 58.00378
Gradient magnitude 57.15757
Gradient magnitude 56.52563
Gradient magnitude 56.03835
Gradient magnitude 55.67916
Gradient magnitude 55.17838
Gradient magnitude 54.78406
Gradient magnitude 54.51319
Gradient magnitude 54.31619
Gradient magnitude 53.97087
Gradient magnitude 53.77917
Gradient magnitude 53.53422
Gradient magnitude 53.29671
Gradient magnitude 53.10698
Gradient magnitude 52.84645
Gradient magnitude 52.69521
Gradient magnitude 52.54506
Gradient magnitude 52.40744
Gradient magnitude 52.23568
Gradient magnitude 52.06059
Gradient magnitude 51.89102
Gradient magnitude 51.77378
Gradient magnitude 51.64194
Gradient magnitude 51.53045
Gradient magnitude 65.33728
Gradient magnitude 62.97368
Gradient magnitude 61.00859
Gradient magnitude 65.33467
Gradient magnitude 62.44868
Gradient magnitude 60.92889
Gradient magnitude 59.72486
Gradient magnitude 59.11472
Gradient magnitude 58.45265
Gradient magnitude 67.41726
Gradient magnitude 63.57258
Gradient magnitude 61.62148
Gradient magnitude 60.35467
Gradient magnitude 59.29445
Gradient magnitude 58.46205
Gradient magnitude 57.69903
Gradient magnitude 57.26491
Gradient magnitude 56.76091
Gradient magnitude 56.34490
Gradient magnitude 56.62939
Gradient magnitude 56.15403
Gradient magnitude 55.76559
Gradient magnitude 54.89820
Gradient magnitude 54.54191
Gradient magnitude 54.33864
Gradient magnitude 54.14089
Gradient magnitude 65.33685
Gradient magnitude 63.48583
Gradient magnitude 62.34299
Gradient magnitude 61.33013
Gradient magnitude 60.37432
Gradient magnitude 59.63594
Gradient magnitude 59.13508
Gradient magnitude 58.48806
Gradient magnitude 58.00244
Gradient magnitude 57.66906
Gradient magnitude 57.30884
Gradient magnitude 56.95728
Gradient magnitude 56.55141
Gradient magnitude 56.28241
Gradient magnitude 56.00878
Gradient magnitude 55.70883
Gradient magnitude 65.59746
Gradient magnitude 62.82137
Gradient magnitude 60.99220
Gradient magnitude 59.87882
Gradient magnitude 59.15135
Gradient magnitude 58.19310
Gradient magnitude 57.53491
Gradient magnitude 56.88781
Gradient magnitude 56.87911
Gradient magnitude 56.46082
Gradient magnitude 56.05028
Gradient magnitude 55.62146
Gradient magnitude 55.26808
Gradient magnitude 54.96997
Gradient magnitude 54.68867
Gradient magnitude 54.67669
Gradient magnitude 54.92864
Gradient magnitude 56.00334
Gradient magnitude 55.23599
Gradient magnitude 54.17925
Gradient magnitude 53.38958
Gradient magnitude 53.26606
Gradient magnitude 53.09544
Gradient magnitude 52.92874
Gradient magnitude 52.80378
Gradient magnitude 52.61513
Gradient magnitude 52.51422
Gradient magnitude 52.34500
Gradient magnitude 52.19293
Gradient magnitude 52.09875
Gradient magnitude 51.98950
Gradient magnitude 51.85152
Gradient magnitude 51.72005
Gradient magnitude 51.63249
Gradient magnitude 51.67967
Gradient magnitude 51.63269
Gradient magnitude 51.50504
Gradient magnitude 51.25926
Gradient magnitude 51.28312
Gradient magnitude 51.15474
Gradient magnitude 51.02455
Gradient magnitude 50.74730
Gradient magnitude 50.66737
Gradient magnitude 50.60457
Gradient magnitude 50.57428
Gradient magnitude 50.78589
Gradient magnitude 50.68681
Gradient magnitude 50.56503
Gradient magnitude 50.61391
Gradient magnitude 50.54344
Gradient magnitude 50.45225
Gradient magnitude 49.99642
Gradient magnitude 49.90966
Gradient magnitude 49.86178
Gradient magnitude 49.78287
Gradient magnitude 49.97023
Gradient magnitude 49.88572
Gradient magnitude 50.33868
Gradient magnitude 49.95364
Gradient magnitude 49.87217
Gradient magnitude 49.34189
Gradient magnitude 49.27561
Gradient magnitude 49.21448
Gradient magnitude 49.23734
Gradient magnitude 49.18924
Gradient magnitude 49.11682
Gradient magnitude 48.97897
Gradient magnitude 49.07462
Gradient magnitude 49.05276
Gradient magnitude 48.98479
Gradient magnitude 48.83106
Gradient magnitude 48.74576
Gradient magnitude 48.81197
Gradient magnitude 48.75643
Gradient magnitude 48.80526
Gradient magnitude 48.98086
Gradient magnitude 48.91858
Gradient magnitude 48.68366
Gradient magnitude 48.37558
Gradient magnitude 48.33485
Gradient magnitude 48.29553
Gradient magnitude 48.24741
Gradient magnitude 48.19149
Gradient magnitude 48.14671
Gradient magnitude 48.11366
Gradient magnitude 48.67100
Gradient magnitude 48.64694
Gradient magnitude 65.33521
Gradient magnitude 62.40701
Gradient magnitude 61.66108
Gradient magnitude 60.80980
Gradient magnitude 59.98686
Gradient magnitude 58.78529
Gradient magnitude 58.27461
Gradient magnitude 57.87808
Gradient magnitude 57.36604
Gradient magnitude 57.07836
Gradient magnitude 65.34171
Gradient magnitude 63.23832
Gradient magnitude 61.19585
Gradient magnitude 59.82338
Gradient magnitude 58.84745
Gradient magnitude 65.33587
Gradient magnitude 63.13342
Gradient magnitude 61.14164
Gradient magnitude 60.30053
Gradient magnitude 59.33103
Gradient magnitude 58.72306
Gradient magnitude 57.91739
Gradient magnitude 57.25174
Gradient magnitude 57.30631
Gradient magnitude 56.83001
Gradient magnitude 56.53101
Gradient magnitude 55.77196
Gradient magnitude 55.45247
Gradient magnitude 55.19321
Gradient magnitude 55.00293
Gradient magnitude 54.75147
Gradient magnitude 54.56281
Gradient magnitude 54.35856
Gradient magnitude 54.12253
Gradient magnitude 55.91237
Gradient magnitude 55.64853
Gradient magnitude 55.41914
Gradient magnitude 53.33428
Gradient magnitude 53.72920
Gradient magnitude 53.52214
Gradient magnitude 55.55656
Gradient magnitude 55.10514
Gradient magnitude 54.68171
Gradient magnitude 52.98524
Gradient magnitude 52.24400
Gradient magnitude 52.13022
Gradient magnitude 53.41421
Gradient magnitude 53.28168
Gradient magnitude 53.17425
Gradient magnitude 51.65923
Gradient magnitude 51.55772
Gradient magnitude 51.45837
Gradient magnitude 51.35795
Gradient magnitude 51.27220
Gradient magnitude 51.20536
Gradient magnitude 51.08142
Gradient magnitude 50.98992
Gradient magnitude 50.90689
Gradient magnitude 50.84205
Gradient magnitude 50.76793
Gradient magnitude 51.45292
Gradient magnitude 53.21781
Gradient magnitude 53.08703
Gradient magnitude 52.11591
Gradient magnitude 50.43089
Gradient magnitude 50.35339
Gradient magnitude 50.29729
Gradient magnitude 50.66460
Gradient magnitude 52.07039
Gradient magnitude 52.00387
Gradient magnitude 51.33304
Gradient magnitude 49.95473
Gradient magnitude 49.88234
Gradient magnitude 49.83079
Gradient magnitude 49.75802
Gradient magnitude 49.70371
Gradient magnitude 49.62747
Gradient magnitude 65.33474
Gradient magnitude 63.11832
Gradient magnitude 65.33495
Gradient magnitude 62.59771
Gradient magnitude 60.37115
Gradient magnitude 59.59668
Gradient magnitude 65.33551
Gradient magnitude 63.01921
Gradient magnitude 61.21708
Gradient magnitude 60.37615
Gradient magnitude 59.67880
Gradient magnitude 58.89879
Gradient magnitude 57.96451
Gradient magnitude 70.76319
Gradient magnitude 64.75906
Gradient magnitude 62.48929
Gradient magnitude 61.06957
Gradient magnitude 60.08046
Gradient magnitude 70.48041
Gradient magnitude 63.29796
Gradient magnitude 64.03028
Gradient magnitude 62.92320
Gradient magnitude 61.55973
Gradient magnitude 58.77543
Gradient magnitude 58.13326
Gradient magnitude 57.48185
Gradient magnitude 56.87453
Gradient magnitude 56.40273
Gradient magnitude 56.04624
Gradient magnitude 55.75613
Gradient magnitude 55.34487
Gradient magnitude 57.65389
Gradient magnitude 57.29356
Gradient magnitude 56.16803
Gradient magnitude 65.34148
Gradient magnitude 63.68012
Gradient magnitude 61.82993
Gradient magnitude 60.72114
Gradient magnitude 65.34022
Gradient magnitude 63.52002
Gradient magnitude 62.16730
Gradient magnitude 61.19760
Gradient magnitude 60.51929
Gradient magnitude 59.91902
Gradient magnitude 59.26754
Gradient magnitude 65.33881
Gradient magnitude 63.47247
Gradient magnitude 65.35082
Gradient magnitude 62.13005
Gradient magnitude 60.71751
Gradient magnitude 59.65053
Gradient magnitude 58.53263
Gradient magnitude 57.74641
Gradient magnitude 57.12350
Gradient magnitude 56.53736
Gradient magnitude 56.34434
Gradient magnitude 55.99406
Gradient magnitude 55.48415
Gradient magnitude 54.86382
Gradient magnitude 54.52054
Gradient magnitude 54.14050
Gradient magnitude 65.33687
Gradient magnitude 63.66415
Gradient magnitude 62.11342
Gradient magnitude 60.91922
Gradient magnitude 65.33636
Gradient magnitude 62.12433
Gradient magnitude 65.41003
Gradient magnitude 62.54691
Gradient magnitude 61.33057
Gradient magnitude 71.24927
Gradient magnitude 62.23130
Gradient magnitude 62.20239
Gradient magnitude 65.34211
Gradient magnitude 62.71752
Gradient magnitude 60.79700
Gradient magnitude 59.54256
Gradient magnitude 58.60405
Gradient magnitude 57.77445
Gradient magnitude 57.01255
Gradient magnitude 57.85625
Gradient magnitude 57.25813
Gradient magnitude 56.81813
Gradient magnitude 55.18217
Gradient magnitude 54.73219
Gradient magnitude 54.39751
Gradient magnitude 54.16379
Gradient magnitude 53.92683
Gradient magnitude 53.63835
Gradient magnitude 53.37353
Gradient magnitude 53.12067
Gradient magnitude 52.97646
Gradient magnitude 52.85393
Gradient magnitude 52.82613
Gradient magnitude 53.03535
Gradient magnitude 52.71626
Gradient magnitude 52.34704
Gradient magnitude 65.70566
Gradient magnitude 62.60777
Gradient magnitude 60.72309
Gradient magnitude 59.45123
Gradient magnitude 58.83768
Gradient magnitude 57.90168
Gradient magnitude 65.33840
Gradient magnitude 64.10885
Gradient magnitude 62.02040
Gradient magnitude 60.57507
Gradient magnitude 59.50974
Gradient magnitude 58.70598
Gradient magnitude 58.04877
Gradient magnitude 57.77300
Gradient magnitude 57.27499
Gradient magnitude 56.95718
Gradient magnitude 56.51444
Gradient magnitude 56.14912
Gradient magnitude 55.67508
Gradient magnitude 55.41694
Gradient magnitude 55.18431
Gradient magnitude 55.00188
Gradient magnitude 54.71032
Gradient magnitude 54.50436
Gradient magnitude 65.33744
Gradient magnitude 62.08550
Gradient magnitude 60.29167
Gradient magnitude 65.33674
Gradient magnitude 62.73330
Gradient magnitude 60.70890
Gradient magnitude 59.45131
Gradient magnitude 58.27796
Gradient magnitude 57.74311
Gradient magnitude 57.07436
Gradient magnitude 56.47882
Gradient magnitude 55.89217
Gradient magnitude 55.37345
Gradient magnitude 55.72030
Gradient magnitude 55.92762
Gradient magnitude 55.61311
Gradient magnitude 54.71541
Gradient magnitude 53.92170
Gradient magnitude 53.61118
Gradient magnitude 53.43147
Gradient magnitude 53.14414
Gradient magnitude 52.89063
Gradient magnitude 52.72657
Gradient magnitude 52.59830
Gradient magnitude 52.44836
Gradient magnitude 52.41931
Gradient magnitude 52.23765
Gradient magnitude 52.09242
Gradient magnitude 51.83513
Gradient magnitude 51.67036
Gradient magnitude 51.49756
Gradient magnitude 51.32806
Gradient magnitude 51.22316
Gradient magnitude 51.08251
Gradient magnitude 50.93604
Gradient magnitude 50.80102
Gradient magnitude 50.69020
Gradient magnitude 50.56498
Gradient magnitude 50.42701
Gradient magnitude 50.35312
Gradient magnitude 50.22658
Gradient magnitude 65.33560
Gradient magnitude 62.59683
Gradient magnitude 61.10710
Gradient magnitude 59.60243
Gradient magnitude 58.80817
Gradient magnitude 58.33137
Gradient magnitude 58.13276
Gradient magnitude 57.59970
Gradient magnitude 68.04969
Gradient magnitude 63.24622
Gradient magnitude 65.33651
Gradient magnitude 63.13212
Gradient magnitude 61.52077
Gradient magnitude 60.00602
Gradient magnitude 59.12968
Gradient magnitude 58.30993
Gradient magnitude 57.73031
Gradient magnitude 57.01575
Gradient magnitude 56.46642
Gradient magnitude 56.25002
Gradient magnitude 65.33565
Gradient magnitude 63.33597
Gradient magnitude 62.21848
Gradient magnitude 61.19669
Gradient magnitude 60.20200
Gradient magnitude 59.55767
Gradient magnitude 58.95531
Gradient magnitude 58.36870
Gradient magnitude 57.84710
Gradient magnitude 58.26625
Gradient magnitude 57.75270
Gradient magnitude 57.47705
Gradient magnitude 56.44642
Gradient magnitude 56.13524
Gradient magnitude 55.90679
Gradient magnitude 55.69236
Gradient magnitude 55.44217
Gradient magnitude 55.26554
Gradient magnitude 54.97309
Gradient magnitude 54.74204
Gradient magnitude 54.53515
Gradient magnitude 54.37487
Gradient magnitude 54.86487
Gradient magnitude 54.62368
Gradient magnitude 54.41746
Gradient magnitude 53.98385
Gradient magnitude 53.92169
Gradient magnitude 53.78282
Gradient magnitude 54.45682
Gradient magnitude 55.40077
Gradient magnitude 55.00164
Gradient magnitude 53.62147
Gradient magnitude 52.86204
Gradient magnitude 52.74101
Gradient magnitude 52.83842
Gradient magnitude 52.67232
Gradient magnitude 52.51178
Gradient magnitude 52.32591
Gradient magnitude 52.23773
Gradient magnitude 52.28339
Gradient magnitude 52.18546
Gradient magnitude 52.10413
Gradient magnitude 51.89637
Gradient magnitude 51.81801
Gradient magnitude 51.75991
Gradient magnitude 65.33510
Gradient magnitude 62.70456
Gradient magnitude 60.55624
Gradient magnitude 59.62740
Gradient magnitude 58.64647
Gradient magnitude 58.11518
Gradient magnitude 57.35930
Gradient magnitude 56.94845
Gradient magnitude 56.39594
Gradient magnitude 65.33606
Gradient magnitude 62.82621
Gradient magnitude 61.44616
Gradient magnitude 59.82498
Gradient magnitude 58.45919
Gradient magnitude 65.33561
Gradient magnitude 62.11168
Gradient magnitude 60.38211
Gradient magnitude 59.43883
Gradient magnitude 58.43538
Gradient magnitude 57.84060
Gradient magnitude 57.04876
Gradient magnitude 56.34438
Gradient magnitude 56.05332
Gradient magnitude 55.57436
Gradient magnitude 55.08378
Gradient magnitude 54.57640
Gradient magnitude 65.33699
Gradient magnitude 63.58484
Gradient magnitude 61.87562
Gradient magnitude 65.33484
Gradient magnitude 62.98219
Gradient magnitude 61.77512
Gradient magnitude 60.61091
Gradient magnitude 59.49426
Gradient magnitude 65.33792
Gradient magnitude 63.55561
Gradient magnitude 61.71567
Gradient magnitude 60.46742
Gradient magnitude 59.36145
Gradient magnitude 58.37756
Gradient magnitude 65.33440
Gradient magnitude 62.30980
Gradient magnitude 60.77383
Gradient magnitude 59.23504
Gradient magnitude 58.25666
Gradient magnitude 57.63361
Gradient magnitude 57.20838
Gradient magnitude 56.54239
Gradient magnitude 55.97165
Gradient magnitude 55.58973
Gradient magnitude 55.31226
Gradient magnitude 54.98154
Gradient magnitude 54.98789
Gradient magnitude 54.80743
Gradient magnitude 54.43141
Gradient magnitude 65.33423
Gradient magnitude 63.56452
Gradient magnitude 61.75877
Gradient magnitude 60.27161
Gradient magnitude 59.51343
Gradient magnitude 59.24657
Gradient magnitude 58.32290
Gradient magnitude 57.88873
Gradient magnitude 57.22696
Gradient magnitude 56.89033
Gradient magnitude 56.47306
Gradient magnitude 56.13456
Gradient magnitude 55.73722
Gradient magnitude 55.36849
Gradient magnitude 55.13866
Gradient magnitude 55.31776
Gradient magnitude 65.33410
Gradient magnitude 63.25275
Gradient magnitude 62.28070
Gradient magnitude 60.96310
Gradient magnitude 60.31364
Gradient magnitude 59.30175
Gradient magnitude 58.76506
Gradient magnitude 58.06637
Gradient magnitude 58.66702
Gradient magnitude 58.30538
Gradient magnitude 57.98404
Gradient magnitude 56.61420
Gradient magnitude 57.03096
Gradient magnitude 56.78183
Gradient magnitude 56.47495
Gradient magnitude 55.35167
Gradient magnitude 55.05031
Gradient magnitude 54.87848
Gradient magnitude 54.59351
Gradient magnitude 54.40275
Gradient magnitude 54.17369
Gradient magnitude 53.96495
Gradient magnitude 53.78750
Gradient magnitude 53.65604
Gradient magnitude 53.54369
Gradient magnitude 53.36783
Gradient magnitude 54.03317
Gradient magnitude 53.86346
Gradient magnitude 53.66121
Gradient magnitude 65.33428
Gradient magnitude 62.95245
Gradient magnitude 61.50853
Gradient magnitude 60.20453
Gradient magnitude 59.30931
Gradient magnitude 65.36971
Gradient magnitude 62.95525
Gradient magnitude 61.09429
Gradient magnitude 59.63679
Gradient magnitude 58.81289
Gradient magnitude 58.67658
Gradient magnitude 58.08491
Gradient magnitude 57.62686
Gradient magnitude 56.59868
Gradient magnitude 56.25335
Gradient magnitude 55.76485
Gradient magnitude 65.33427
Gradient magnitude 63.68840
Gradient magnitude 61.92550
Gradient magnitude 60.90537
Gradient magnitude 60.53386
Gradient magnitude 59.55682
Gradient magnitude 65.33436
Gradient magnitude 63.65362
Gradient magnitude 61.00554
Gradient magnitude 59.63037
Gradient magnitude 58.80106
Gradient magnitude 65.33533
Gradient magnitude 62.29667
Gradient magnitude 60.70951
Gradient magnitude 59.24140
Gradient magnitude 58.81575
Gradient magnitude 58.07490
Gradient magnitude 57.47027
Gradient magnitude 56.33174
Gradient magnitude 55.99505
Gradient magnitude 55.45300
Gradient magnitude 55.11708
Gradient magnitude 54.77815
Gradient magnitude 54.43024
Gradient magnitude 71.29074
Gradient magnitude 63.69214
Gradient magnitude 61.76007
Gradient magnitude 60.94998
Gradient magnitude 60.28606
Gradient magnitude 59.35922
Gradient magnitude 67.40924
Gradient magnitude 63.38809
Gradient magnitude 61.75441
Gradient magnitude 60.44108
Gradient magnitude 65.40694
Gradient magnitude 63.50421
Gradient magnitude 62.41681
Gradient magnitude 61.48776
Gradient magnitude 65.63884
Gradient magnitude 62.16461
Gradient magnitude 60.30060
Gradient magnitude 58.86467
Gradient magnitude 57.68850
Gradient magnitude 56.84971
Gradient magnitude 56.18685
Gradient magnitude 55.61146
Gradient magnitude 55.15608
Gradient magnitude 54.76222
Gradient magnitude 54.28948
Gradient magnitude 54.04961
Gradient magnitude 53.68702
Gradient magnitude 53.39225
Gradient magnitude 54.75814
Gradient magnitude 55.11563
Gradient magnitude 54.01565
Gradient magnitude 54.15129
Gradient magnitude 52.79674
Gradient magnitude 52.43124
Gradient magnitude 51.92859
Gradient magnitude 65.33615
Gradient magnitude 62.09078
Gradient magnitude 60.72584
Gradient magnitude 59.62053
Gradient magnitude 58.94403
Gradient magnitude 58.20793
Gradient magnitude 57.52698
Gradient magnitude 56.94404
Gradient magnitude 56.53529
Gradient magnitude 56.06944
Gradient magnitude 55.72320
Gradient magnitude 55.43235
Gradient magnitude 66.01158
Gradient magnitude 62.69883
Gradient magnitude 60.87439
Gradient magnitude 59.75633
Gradient magnitude 59.19261
Gradient magnitude 58.52837
Gradient magnitude 58.00919
Gradient magnitude 57.19958
Gradient magnitude 56.58760
Gradient magnitude 56.27313
Gradient magnitude 55.85900
Gradient magnitude 55.79445
Gradient magnitude 65.33552
Gradient magnitude 63.34687
Gradient magnitude 62.03777
Gradient magnitude 61.10054
Gradient magnitude 61.08019
Gradient magnitude 60.04923
Gradient magnitude 58.61709
Gradient magnitude 58.08703
Gradient magnitude 65.33572
Gradient magnitude 62.73631
Gradient magnitude 65.66623
Gradient magnitude 63.13949
Gradient magnitude 61.06708
Gradient magnitude 60.30139
Gradient magnitude 59.11718
Gradient magnitude 65.33532
Gradient magnitude 62.86897
Gradient magnitude 61.51534
Gradient magnitude 61.65372
Gradient magnitude 60.72093
Gradient magnitude 59.51720
Gradient magnitude 58.29080
Gradient magnitude 58.73320
Gradient magnitude 57.89054
Gradient magnitude 56.95239
Gradient magnitude 57.98380
Gradient magnitude 57.77235
Gradient magnitude 57.37269
Gradient magnitude 55.39139
Gradient magnitude 65.33560
Gradient magnitude 63.15037
Gradient magnitude 61.79928
Gradient magnitude 60.41849
Gradient magnitude 59.55595
Gradient magnitude 58.86019
Gradient magnitude 58.16975
Gradient magnitude 57.78539
Gradient magnitude 57.27046
Gradient magnitude 56.98550
Gradient magnitude 56.51342
Gradient magnitude 56.11809
Gradient magnitude 55.65846
Gradient magnitude 55.39870
Gradient magnitude 55.09940
Gradient magnitude 54.88640
Gradient magnitude 54.72775
Gradient magnitude 54.49447
Gradient magnitude 54.29920
Gradient magnitude 54.09547
Gradient magnitude 53.93838
Gradient magnitude 53.75551
Gradient magnitude 53.56126
Gradient magnitude 53.37891
Gradient magnitude 53.24531
Gradient magnitude 53.12009
Gradient magnitude 52.95916
Gradient magnitude 52.85624
Gradient magnitude 53.05989
Gradient magnitude 52.91307
Gradient magnitude 52.82538
Gradient magnitude 52.38579
Gradient magnitude 52.25947
Gradient magnitude 52.42480
Gradient magnitude 65.37853
Gradient magnitude 62.52222
Gradient magnitude 61.04951
Gradient magnitude 60.12038
Gradient magnitude 66.06072
Gradient magnitude 64.90496
Gradient magnitude 62.14477
Gradient magnitude 61.07459
Gradient magnitude 59.40783
Gradient magnitude 58.89095
Gradient magnitude 58.05013
Gradient magnitude 57.41429
Gradient magnitude 56.97356
Gradient magnitude 56.67749
Gradient magnitude 56.32127
Gradient magnitude 56.36229
Gradient magnitude 56.01401
Gradient magnitude 55.70902
Gradient magnitude 55.11500
Gradient magnitude 54.85371
Gradient magnitude 54.59492
Gradient magnitude 54.86614
Gradient magnitude 54.61884
Gradient magnitude 54.38810
Gradient magnitude 54.28817
Gradient magnitude 54.14837
Gradient magnitude 53.90682
Gradient magnitude 53.19813
Gradient magnitude 53.04240
Gradient magnitude 52.85429
Gradient magnitude 52.68591
Gradient magnitude 52.52315
Gradient magnitude 53.16650
Gradient magnitude 52.83621
Gradient magnitude 52.57094
Gradient magnitude 52.06871
Gradient magnitude 52.61633
Gradient magnitude 52.41400
Gradient magnitude 52.32199
Gradient magnitude 52.03562
Gradient magnitude 51.91315
Gradient magnitude 51.81875
Gradient magnitude 51.24191
Gradient magnitude 51.12587
Gradient magnitude 51.01417
Gradient magnitude 50.94634
Gradient magnitude 50.88505
Gradient magnitude 50.81986
Gradient magnitude 50.73791
Gradient magnitude 50.93227
Gradient magnitude 50.84892
Gradient magnitude 50.74727
Gradient magnitude 50.43398
Gradient magnitude 50.50538
Gradient magnitude 50.41477
Gradient magnitude 50.36054
Gradient magnitude 51.44860
Gradient magnitude 51.27716
Gradient magnitude 51.10587
Gradient magnitude 49.91205
Gradient magnitude 49.85265
Gradient magnitude 49.78509
Gradient magnitude 49.93210
Gradient magnitude 49.86617
Gradient magnitude 49.78701
Gradient magnitude 49.69835
Gradient magnitude 49.62318
Gradient magnitude 49.55234
Gradient magnitude 65.33893
Gradient magnitude 62.51410
Gradient magnitude 60.47101
Gradient magnitude 59.65365
Gradient magnitude 65.33555
Gradient magnitude 62.52740
Gradient magnitude 61.83785
Gradient magnitude 60.66219
Gradient magnitude 59.39878
Gradient magnitude 58.02394
Gradient magnitude 65.33617
Gradient magnitude 63.72538
Gradient magnitude 61.74523
Gradient magnitude 60.86338
Gradient magnitude 59.92822
Gradient magnitude 59.96433
Gradient magnitude 59.18424
Gradient magnitude 58.64668
Gradient magnitude 58.34738
Gradient magnitude 57.77703
Gradient magnitude 57.28107
Gradient magnitude 56.36115
Gradient magnitude 56.07337
Gradient magnitude 56.87926
Gradient magnitude 69.75653
Gradient magnitude 63.02493
Gradient magnitude 62.77510
Gradient magnitude 60.80014
Gradient magnitude 65.33956
Gradient magnitude 62.28606
Gradient magnitude 61.41422
Gradient magnitude 60.42149
Gradient magnitude 65.33913
Gradient magnitude 62.27455
Gradient magnitude 60.46211
Gradient magnitude 59.65217
Gradient magnitude 58.66369
Gradient magnitude 65.33730
Gradient magnitude 64.11281
Gradient magnitude 61.94112
Gradient magnitude 60.60174
Gradient magnitude 59.70891
Gradient magnitude 58.92293
Gradient magnitude 58.34545
Gradient magnitude 57.43626
Gradient magnitude 56.84802
Gradient magnitude 56.52952
Gradient magnitude 56.09509
Gradient magnitude 55.67949
Gradient magnitude 55.45750
Gradient magnitude 55.07675
