Load 3071 2-gram features from ./data/CoLinAdapt/Yelp/SelectedVocab.csv...
Average review length over all users is 8.605, max average length is 9.750.
[Info]Start: 0, End: 10, (136/11733) users and 1403 reviews are loaded from ./data/CoLinAdapt/Yelp/Users...
[Info]Feature group size 801
[Info]Training size: 0, adaptation size: 352, and testing size: 1051
	 mag: 3686663.4291
Fvalue is 152.36539700908043	 mag: 191543.6253
Fvalue is 88.57189111097874	 mag: 171288.9220
Fvalue is 67.25127502775084	 mag: 99908.5538
Fvalue is 23.183872133191823	 mag: 11182.0379
Fvalue is 19.522043764607385	 mag: 1888.0047
Fvalue is 17.95883449460958	 mag: 1383.1847
Fvalue is 15.23585762268414	 mag: 1019.7292
Fvalue is 13.66118763780484	 mag: 125.4859
Fvalue is 12.84257120672985	 mag: 709.2529
Fvalue is 12.274366280547149	 mag: 21.4352
Fvalue is 11.805615061730748	 mag: 19201.7620
Fvalue is 12.565091422691609	 mag: 1798.2779
Fvalue is 11.590014244542477	 mag: 296.3068
Fvalue is 11.375283990682256	 mag: 26.1816
Fvalue is 11.207159996734323	 mag: 19.0346
Fvalue is 11.112023766045827	 mag: 166.9513
Fvalue is 11.035723305861918	 mag: 71.7525
Fvalue is 10.98310059048256	 mag: 18.1467
Fvalue is 10.966408067881948	 mag: 2.1375
Fvalue is 10.948553086474814
MT-LinAdaptWithSupUsr[dim:801,supDime:3072, eta1:0.500,eta2:1.000,lambda1:0.200,lambda2:0.200, personalized: true]
Micro confusion matrix:
	0	1
0	64	78
1	112	797
Micro F1:
Class 0: 0.4025	Class 1: 0.8935	
Macro F1:
Class 0: 0.1950	Class 1: 0.7919	
[Info]Training size: 0, adaptation size: 352, and testing size: 1051
[Info]Training size: 0, adaptation size: 352, and testing size: 1051
.....*
optimization finished, #iter = 58
Objective value = -1.23122
nSV = 261
MT-SVM[mu:1.000,C:1.000,bias:true]
Micro confusion matrix:
	0	1
0	37	55
1	139	820
Micro F1:
Class 0: 0.2761	Class 1: 0.8942	
Macro F1:
Class 0: 0.0999	Class 1: 0.8524	
Load 3071 2-gram features from ./data/CoLinAdapt/Yelp/SelectedVocab.csv...
Average review length over all users is 16.072, max average length is 19.925.
[Info]Start: 10, End: 20, (1126/11733) users and 8182 reviews are loaded from ./data/CoLinAdapt/Yelp/Users...
[Info]Feature group size 801
[Info]Training size: 0, adaptation size: 2033, and testing size: 6149
	 mag: 5120391.9579
Fvalue is 1066.0756230632765	 mag: 2387427.1460
Fvalue is 808.9484199181802	 mag: 10743131.2068
Fvalue is 260.6649898275866	 mag: 2172930.7019
Fvalue is 129.88685745356602	 mag: 94595.1977
Fvalue is 102.82830594215244	 mag: 2447.8203
Fvalue is 90.19577678016128	 mag: 9345.6576
Fvalue is 78.09446680266561	 mag: 6186.1101
Fvalue is 67.85148896180763	 mag: 47800.8268
Fvalue is 60.35202204654474	 mag: 220003.5468
Fvalue is 58.68400143047739	 mag: 7834.7263
Fvalue is 56.30052905568088	 mag: 839.7983
Fvalue is 55.34529513587983	 mag: 20880.4546
Fvalue is 53.45216744283518	 mag: 6425.4270
Fvalue is 51.78298062676825	 mag: 17.9143
Fvalue is 50.50866448096322	 mag: 843.7742
Fvalue is 49.65370350775113	 mag: 13.3025
Fvalue is 49.32305979408632	 mag: 476.6207
Fvalue is 49.00958093619961	 mag: 34762.4240
Fvalue is 49.20410019129612	 mag: 2792.7781
Fvalue is 48.92780303977425	 mag: 401.1535
Fvalue is 48.82789982935849	 mag: 34.7830
Fvalue is 48.74041394055766	 mag: 421.3445
Fvalue is 48.66007767561386
MT-LinAdaptWithSupUsr[dim:801,supDime:3072, eta1:0.500,eta2:1.000,lambda1:0.200,lambda2:0.200, personalized: true]
Micro confusion matrix:
	0	1
0	842	536
1	728	4043
Micro F1:
Class 0: 0.5712	Class 1: 0.8648	
Macro F1:
Class 0: 0.3543	Class 1: 0.7798	
[Info]Training size: 0, adaptation size: 2033, and testing size: 6149
[Info]Training size: 0, adaptation size: 2033, and testing size: 6149
...*
optimization finished, #iter = 32
Objective value = -3.86799
nSV = 1466
MT-SVM[mu:1.000,C:1.000,bias:true]
Micro confusion matrix:
	0	1
0	692	276
1	878	4303
Micro F1:
Class 0: 0.5453	Class 1: 0.8818	
Macro F1:
Class 0: 0.3216	Class 1: 0.8153	
Load 3071 2-gram features from ./data/CoLinAdapt/Yelp/SelectedVocab.csv...
Average review length over all users is 25.567, max average length is 29.982.
[Info]Start: 20, End: 30, (2195/11733) users and 20445 reviews are loaded from ./data/CoLinAdapt/Yelp/Users...
[Info]Feature group size 801
[Info]Training size: 0, adaptation size: 4896, and testing size: 15549
	 mag: 29923936.2690
Fvalue is 2195.0795138127314	 mag: 18346668.3939
Fvalue is 1796.8783519139881	 mag: 85098646.3106
Fvalue is 1081.6309838800726	 mag: 2047780.3524
Fvalue is 401.2908226140278	 mag: 9625.1429
Fvalue is 305.9183479010381	 mag: 74455.9759
Fvalue is 214.4856159875023	 mag: 24493.1790
Fvalue is 165.1853834036304	 mag: 130632.6667
Fvalue is 134.42083603321572	 mag: 262993.3909
Fvalue is 123.03622645729574	 mag: 2162.1062
Fvalue is 115.58374467380314	 mag: 26800.5252
Fvalue is 109.4301714332882	 mag: 73.7664
Fvalue is 102.77206872449344	 mag: 3518.1115
Fvalue is 98.04358680754567	 mag: 8774.6401
Fvalue is 94.21025172224114	 mag: 21261.0658
Fvalue is 91.99984747531397	 mag: 51741.6148
Fvalue is 90.78504350232261	 mag: 557.4440
Fvalue is 89.88024314760405	 mag: 3326.8348
Fvalue is 89.24765346852189	 mag: 5086.2178
Fvalue is 88.34676563468669	 mag: 5750.6765
Fvalue is 86.94781616783445	 mag: 144043.2695
Fvalue is 88.9844872669583	 mag: 1963.8617
Fvalue is 86.63423058734578	 mag: 93.8534
Fvalue is 86.28322044757965	 mag: 3984.7818
Fvalue is 86.05914556405568	 mag: 2145.8926
Fvalue is 85.81845497583254	 mag: 251.9741
Fvalue is 85.68348276409236	 mag: 230.0769
Fvalue is 85.50953933254902	 mag: 798.7244
Fvalue is 85.35719272691851	 mag: 3690.1330
Fvalue is 85.30885194155434	 mag: 548.1030
Fvalue is 85.18920214892395	 mag: 3.7903
Fvalue is 85.16598546043053
MT-LinAdaptWithSupUsr[dim:801,supDime:3072, eta1:0.500,eta2:1.000,lambda1:0.200,lambda2:0.200, personalized: true]
Micro confusion matrix:
	0	1
0	2805	1310
1	1328	10106
Micro F1:
Class 0: 0.6802	Class 1: 0.8846	
Macro F1:
Class 0: 0.4990	Class 1: 0.8078	
[Info]Training size: 0, adaptation size: 4896, and testing size: 15549
[Info]Training size: 0, adaptation size: 4896, and testing size: 15549
.*
optimization finished, #iter = 15
Objective value = -6.11042
nSV = 2933
MT-SVM[mu:1.000,C:1.000,bias:true]
Micro confusion matrix:
	0	1
0	2634	892
1	1499	10524
Micro F1:
Class 0: 0.6878	Class 1: 0.8980	
Macro F1:
Class 0: 0.4988	Class 1: 0.8410	
Load 3071 2-gram features from ./data/CoLinAdapt/Yelp/SelectedVocab.csv...
Average review length over all users is 34.979, max average length is 39.985.
[Info]Start: 30, End: 40, (2242/11733) users and 24765 reviews are loaded from ./data/CoLinAdapt/Yelp/Users...
[Info]Feature group size 801
[Info]Training size: 0, adaptation size: 5922, and testing size: 18843
	 mag: 4880233.1053
Fvalue is 2475.7157475046142	 mag: 31668817.4626
Fvalue is 2004.5564506588069	 mag: 62916083.4816
Fvalue is 960.9870187785582	 mag: 37547083.2532
Fvalue is 473.79922427497314	 mag: 5466870.7555
Fvalue is 361.59301675013745	 mag: 58729.8419
Fvalue is 302.53232407731366	 mag: 938409.5133
Fvalue is 255.36527863133466	 mag: 566468.5434
Fvalue is 208.30069903128378	 mag: 71488.1921
Fvalue is 160.2927606893456	 mag: 526289.8403
Fvalue is 135.14313489251288	 mag: 5650010.2667
Fvalue is 144.81124078214307	 mag: 132925.1078
Fvalue is 124.46264973390325	 mag: 74943.2604
Fvalue is 118.8367985299775	 mag: 70728.2824
Fvalue is 110.51665186934633	 mag: 8808.1675
Fvalue is 105.72108796249476	 mag: 55.8205
Fvalue is 102.17229781952354	 mag: 15644.0462
Fvalue is 97.73146726408099	 mag: 58248.4930
Fvalue is 96.17106012370608	 mag: 87.0526
Fvalue is 94.36897159395987	 mag: 23.2002
Fvalue is 93.10013733289885	 mag: 249114.1727
Fvalue is 92.31660255543959	 mag: 21200.9224
Fvalue is 90.27367695890254	 mag: 352689.5079
Fvalue is 91.80755932048683	 mag: 19591.0117
Fvalue is 89.10762593592065	 mag: 659.5050
Fvalue is 88.28765239869846	 mag: 790.6693
Fvalue is 87.09173832232689	 mag: 3103.8170
Fvalue is 85.66848125913123	 mag: 1551.3299
Fvalue is 84.42997614330179	 mag: 7458.5503
Fvalue is 83.84795782519043	 mag: 2192.8185
Fvalue is 83.57095007620359	 mag: 984.0851
Fvalue is 83.40643523388707	 mag: 59.0340
Fvalue is 83.03767460772687	 mag: 157.9723
Fvalue is 82.75080035238958	 mag: 50.1847
Fvalue is 82.52658187761432	 mag: 109.8977
Fvalue is 82.38447337082937	 mag: 252.6666
Fvalue is 82.28243714674367	 mag: 8053.1292
Fvalue is 82.2904045848934	 mag: 1137.0218
Fvalue is 82.25246974087842	 mag: 71.6939
Fvalue is 82.22706719337597
MT-LinAdaptWithSupUsr[dim:801,supDime:3072, eta1:0.500,eta2:1.000,lambda1:0.200,lambda2:0.200, personalized: true]
Micro confusion matrix:
	0	1
0	3252	1562
1	1572	12457
Micro F1:
Class 0: 0.6748	Class 1: 0.8883	
Macro F1:
Class 0: 0.5011	Class 1: 0.8042	
[Info]Training size: 0, adaptation size: 5922, and testing size: 18843
[Info]Training size: 0, adaptation size: 5922, and testing size: 18843
.*
optimization finished, #iter = 17
Objective value = -5.32886
nSV = 3463
MT-SVM[mu:1.000,C:1.000,bias:true]
Micro confusion matrix:
	0	1
0	3074	955
1	1750	13064
Micro F1:
Class 0: 0.6945	Class 1: 0.9062	
Macro F1:
Class 0: 0.5134	Class 1: 0.8419	
Load 3071 2-gram features from ./data/CoLinAdapt/Yelp/SelectedVocab.csv...
Average review length over all users is 45.074, max average length is 49.957.
[Info]Start: 40, End: 50, (1947/11733) users and 28918 reviews are loaded from ./data/CoLinAdapt/Yelp/Users...
[Info]Feature group size 801
[Info]Training size: 0, adaptation size: 6952, and testing size: 21966
	 mag: 4456397.3202
Fvalue is 2317.00819279599	 mag: 22358327.7793
Fvalue is 1850.8075038778604	 mag: 30965257.1663
Fvalue is 856.8406876556393	 mag: 18149598.4560
Fvalue is 410.3816836446281	 mag: 721828.1839
Fvalue is 313.962955944138	 mag: 8868.5601
Fvalue is 280.3484814160443	 mag: 165473.7789
Fvalue is 226.228065060229	 mag: 3529.7621
Fvalue is 172.0820330033249	 mag: 4729.4841
Fvalue is 141.37608950320197	 mag: 1733638.7601
Fvalue is 119.95017550610427	 mag: 570014.8833
Fvalue is 110.82387431873829	 mag: 10797.9273
Fvalue is 105.06936570021566	 mag: 682.5670
Fvalue is 101.69169242430819	 mag: 1016.5668
Fvalue is 94.48803254825113	 mag: 87628.0131
Fvalue is 88.77235893568111	 mag: 6109.8236
Fvalue is 85.32055181274748	 mag: 3951.7691
Fvalue is 84.04263081083485	 mag: 19860.9877
Fvalue is 80.38430068074194	 mag: 56366.3048
Fvalue is 80.71810339334037	 mag: 627.4104
Fvalue is 79.3888482814025	 mag: 4589.1834
Fvalue is 77.93262086669313	 mag: 26.2302
Fvalue is 76.52206133095547	 mag: 51551.9518
Fvalue is 75.26603279949745	 mag: 4109.2017
Fvalue is 74.06622904824965	 mag: 1791.6162
Fvalue is 73.52561614087094	 mag: 1571.4077
Fvalue is 72.4239881999223	 mag: 88.3730
Fvalue is 70.99923876403169	 mag: 564.1182
Fvalue is 70.33414704020075	 mag: 94.4233
Fvalue is 69.92209898746576	 mag: 7281.0263
Fvalue is 69.74578224538558	 mag: 2477.4255
Fvalue is 69.65270424429684	 mag: 1011.9367
Fvalue is 69.55575281232927	 mag: 233.0987
Fvalue is 69.48872945731537	 mag: 1161.0283
Fvalue is 69.41857808251655	 mag: 1238.4529
Fvalue is 69.30834464317618	 mag: 920.2886
Fvalue is 69.21428917406503	 mag: 293.2534
Fvalue is 69.11469796811363	 mag: 4.8935
Fvalue is 69.08497183543412
MT-LinAdaptWithSupUsr[dim:801,supDime:3072, eta1:0.500,eta2:1.000,lambda1:0.200,lambda2:0.200, personalized: true]
Micro confusion matrix:
	0	1
0	3045	1652
1	1456	15813
Micro F1:
Class 0: 0.6621	Class 1: 0.9105	
Macro F1:
Class 0: 0.5142	Class 1: 0.8152	
[Info]Training size: 0, adaptation size: 6952, and testing size: 21966
[Info]Training size: 0, adaptation size: 6952, and testing size: 21966
..*
optimization finished, #iter = 27
Objective value = -4.20021
nSV = 3494
MT-SVM[mu:1.000,C:1.000,bias:true]
Micro confusion matrix:
	0	1
0	2745	975
1	1756	16490
Micro F1:
Class 0: 0.6678	Class 1: 0.9235	
Macro F1:
Class 0: 0.5110	Class 1: 0.8492	
Load 3071 2-gram features from ./data/CoLinAdapt/Yelp/SelectedVocab.csv...
Average review length over all users is 54.636, max average length is 59.917.
[Info]Start: 50, End: 60, (1371/11733) users and 21156 reviews are loaded from ./data/CoLinAdapt/Yelp/Users...
[Info]Feature group size 801
[Info]Training size: 0, adaptation size: 5099, and testing size: 16057
	 mag: 132058.8167
Fvalue is 101698.82246525607	 mag: 2709599.5562
Fvalue is 1282.2237628263133	 mag: 24626296.0337
Fvalue is 478.6892100543393	 mag: 27408428.4023
Fvalue is 390.52238855744827	 mag: 546665.7825
Fvalue is 257.0877473423326	 mag: 30490.1314
Fvalue is 237.86960684564778	 mag: 598830.7258
Fvalue is 180.24485160998074	 mag: 314076.7499
Fvalue is 140.12575759445497	 mag: 68936.9293
Fvalue is 104.88588094967187	 mag: 1834.7184
Fvalue is 83.43022570076815	 mag: 31231.6011
Fvalue is 73.88584077581675	 mag: 17794.5606
Fvalue is 67.89600670901127	 mag: 1081.1566
Fvalue is 61.997488603720655	 mag: 144709.9350
Fvalue is 61.289689105575476	 mag: 15705.1875
Fvalue is 57.92746093209432	 mag: 3985832.9128
Fvalue is 97.75660911168691	 mag: 4709.5288
Fvalue is 56.03475043168577	 mag: 1428.5244
Fvalue is 54.645052599944734	 mag: 4063.3605
Fvalue is 52.238079564938936	 mag: 84.1597
Fvalue is 49.884597623990885	 mag: 42.9140
Fvalue is 48.40638722721765	 mag: 3772.3025
Fvalue is 48.87562881379493	 mag: 1728.6559
Fvalue is 47.45157503353947	 mag: 5611.7919
Fvalue is 46.68567180107279	 mag: 17921.1759
Fvalue is 46.2664673859758	 mag: 2203.5440
Fvalue is 45.85758850804751	 mag: 421.0103
Fvalue is 45.45876665563013	 mag: 1175.4447
Fvalue is 45.118367599590755	 mag: 873.6564
Fvalue is 44.38470449320407	 mag: 1072.9113
Fvalue is 43.94530116221275	 mag: 384.5461
Fvalue is 43.713032203034984	 mag: 1225.2605
Fvalue is 43.60588967320818	 mag: 440.8408
Fvalue is 43.52143850323684	 mag: 60.6444
Fvalue is 43.417164771996895	 mag: 246.5998
Fvalue is 43.3333663354458	 mag: 93.4609
Fvalue is 43.28589435445319	 mag: 3.7321
Fvalue is 43.215042113899536
MT-LinAdaptWithSupUsr[dim:801,supDime:3072, eta1:0.500,eta2:1.000,lambda1:0.200,lambda2:0.200, personalized: true]
Micro confusion matrix:
	0	1
0	2171	1319
1	1116	11451
Micro F1:
Class 0: 0.6407	Class 1: 0.9039	
Macro F1:
Class 0: 0.5036	Class 1: 0.8042	
[Info]Training size: 0, adaptation size: 5099, and testing size: 16057
[Info]Training size: 0, adaptation size: 5099, and testing size: 16057
...................*
optimization finished, #iter = 192
Objective value = -2.60264
nSV = 2755
MT-SVM[mu:1.000,C:1.000,bias:true]
Micro confusion matrix:
	0	1
0	1889	666
1	1398	12104
Micro F1:
Class 0: 0.6467	Class 1: 0.9214	
Macro F1:
Class 0: 0.4977	Class 1: 0.8419	
Load 3071 2-gram features from ./data/CoLinAdapt/Yelp/SelectedVocab.csv...
Average review length over all users is 64.764, max average length is 69.857.
[Info]Start: 60, End: 70, (909/11733) users and 13531 reviews are loaded from ./data/CoLinAdapt/Yelp/Users...
[Info]Feature group size 801
[Info]Training size: 0, adaptation size: 3244, and testing size: 10287
	 mag: 323854.3013
Fvalue is 1507.1429673249672	 mag: 9034215.7926
Fvalue is 1092.6288825718539	 mag: 3610475.4346
Fvalue is 345.37694888003773	 mag: 3031411.0265
Fvalue is 183.6851617796491	 mag: 290950.3943
Fvalue is 135.94728245929815	 mag: 12497.6363
Fvalue is 111.71077270478739	 mag: 872.5397
Fvalue is 91.06135453216102	 mag: 1289.0768
Fvalue is 67.59212541745227	 mag: 1841.8035
Fvalue is 55.041135814176776	 mag: 143626.0964
Fvalue is 47.57925977346485	 mag: 42261.0636
Fvalue is 42.501977000393715	 mag: 2460.7889
Fvalue is 41.13562528556057	 mag: 3103.7818
Fvalue is 39.30724625981676	 mag: 109148.2677
Fvalue is 42.05953241817776	 mag: 1341.0307
Fvalue is 36.69242394287111	 mag: 83.5362
Fvalue is 35.2349245792501	 mag: 730.9352
Fvalue is 33.86839252153116	 mag: 1117.8656
Fvalue is 33.136462649130415	 mag: 395.0478
Fvalue is 32.49446508671756	 mag: 2325.4419
Fvalue is 31.75651419670289	 mag: 2471.5278
Fvalue is 31.26535382815367	 mag: 1846.2561
Fvalue is 30.921099459727145	 mag: 54.6039
Fvalue is 30.078495691172634	 mag: 12.9631
Fvalue is 29.638166895387073	 mag: 538.2844
Fvalue is 29.31369324962302	 mag: 78.9524
Fvalue is 29.110037502874896	 mag: 7099.0435
Fvalue is 28.984990104840527	 mag: 1495.8986
Fvalue is 28.73578272857999	 mag: 37.8517
Fvalue is 28.648122891298236	 mag: 1.8788
Fvalue is 28.612412819305437	 mag: 29.8312
Fvalue is 28.50781916555392	 mag: 4.1892
Fvalue is 28.440528648551815	 mag: 37.3315
Fvalue is 28.388209851722948	 mag: 490.3547
Fvalue is 28.35894671900626	 mag: 2.7442
Fvalue is 28.337132837381255
MT-LinAdaptWithSupUsr[dim:801,supDime:3072, eta1:0.500,eta2:1.000,lambda1:0.200,lambda2:0.200, personalized: true]
Micro confusion matrix:
	0	1
0	1568	987
1	798	6934
Micro F1:
Class 0: 0.6373	Class 1: 0.8860	
Macro F1:
Class 0: 0.4740	Class 1: 0.7777	
[Info]Training size: 0, adaptation size: 3244, and testing size: 10287
[Info]Training size: 0, adaptation size: 3244, and testing size: 10287
.*
optimization finished, #iter = 16
Objective value = -1.50432
nSV = 1960
MT-SVM[mu:1.000,C:1.000,bias:true]
Micro confusion matrix:
	0	1
0	1401	518
1	965	7403
Micro F1:
Class 0: 0.6539	Class 1: 0.9090	
Macro F1:
Class 0: 0.4847	Class 1: 0.8343	
Load 3071 2-gram features from ./data/CoLinAdapt/Yelp/SelectedVocab.csv...
Average review length over all users is 74.011, max average length is 79.950.
[Info]Start: 70, End: 80, (650/11733) users and 10184 reviews are loaded from ./data/CoLinAdapt/Yelp/Users...
[Info]Feature group size 801
[Info]Training size: 0, adaptation size: 2451, and testing size: 7733
	 mag: 139109.7146
Fvalue is 1042.8979398847405	 mag: 2160018.6070
Fvalue is 681.0825557385452	 mag: 1969120.4019
Fvalue is 183.88564066378223	 mag: 326815.0997
Fvalue is 103.95259714997486	 mag: 105123.7018
Fvalue is 82.39850337124818	 mag: 10491.7145
Fvalue is 66.98098761915045	 mag: 208.8308
Fvalue is 53.40021055979643	 mag: 115.0572
Fvalue is 44.079808550337475	 mag: 1480.3582
Fvalue is 33.64130326020821	 mag: 3066.7256
Fvalue is 32.66953105480221	 mag: 411.7041
Fvalue is 30.00151106522697	 mag: 659594.0918
Fvalue is 70.46248939676033	 mag: 4984.2538
Fvalue is 26.80627951059096	 mag: 236217.6591
Fvalue is 44.66642328879212	 mag: 556.3314
Fvalue is 24.56969465211555	 mag: 4974.6623
Fvalue is 27.86423560792874	 mag: 143.2828
Fvalue is 22.96071194534265	 mag: 535.8148
Fvalue is 22.269344539376256	 mag: 3182.7185
Fvalue is 21.301128361450015	 mag: 758.6344
Fvalue is 20.75490431177297	 mag: 1128.3455
Fvalue is 20.25960240794135	 mag: 755.1126
Fvalue is 19.36726242877607	 mag: 6.5212
Fvalue is 19.036936085512384	 mag: 4.9690
Fvalue is 18.801055290776876	 mag: 329.0813
Fvalue is 18.485970062968875	 mag: 1431.3265
Fvalue is 18.302014032950375	 mag: 35.2041
Fvalue is 18.13715164180209	 mag: 3.1159
Fvalue is 17.9860216869951	 mag: 925.0136
Fvalue is 17.78642653622595	 mag: 1.8475
Fvalue is 17.6569582353803	 mag: 1.0345
Fvalue is 17.62357622433401	 mag: 346.8330
Fvalue is 17.56431820540255	 mag: 1.2982
Fvalue is 17.526564819824102	 mag: 1.0875
Fvalue is 17.512917351904107	 mag: 1.4707
Fvalue is 17.476602566068987
MT-LinAdaptWithSupUsr[dim:801,supDime:3072, eta1:0.500,eta2:1.000,lambda1:0.200,lambda2:0.200, personalized: true]
Micro confusion matrix:
	0	1
0	1025	628
1	539	5541
Micro F1:
Class 0: 0.6372	Class 1: 0.9047	
Macro F1:
Class 0: 0.4461	Class 1: 0.7945	
[Info]Training size: 0, adaptation size: 2451, and testing size: 7733
[Info]Training size: 0, adaptation size: 2451, and testing size: 7733
.*
optimization finished, #iter = 13
Objective value = -0.871408
nSV = 1462
MT-SVM[mu:1.000,C:1.000,bias:true]
Micro confusion matrix:
	0	1
0	833	282
1	731	5887
Micro F1:
Class 0: 0.6219	Class 1: 0.9208	
Macro F1:
Class 0: 0.4295	Class 1: 0.8379	
Load 3071 2-gram features from ./data/CoLinAdapt/Yelp/SelectedVocab.csv...
Average review length over all users is 85.120, max average length is 89.952.
[Info]Start: 80, End: 90, (355/11733) users and 4831 reviews are loaded from ./data/CoLinAdapt/Yelp/Users...
[Info]Feature group size 801
[Info]Training size: 0, adaptation size: 1167, and testing size: 3664
	 mag: 1340478.0979
Fvalue is 596.3631625222778	 mag: 2537632.7751
Fvalue is 344.0904558369077	 mag: 378100.1132
Fvalue is 140.71756339003292	 mag: 56458.8431
Fvalue is 80.37451161063481	 mag: 7852.0487
Fvalue is 37.26352163671776	 mag: 388.3019
Fvalue is 25.90144252994962	 mag: 885.9135
Fvalue is 20.334901733679523	 mag: 1230.0508
Fvalue is 16.624532810791575	 mag: 139.7119
Fvalue is 12.886115668572462	 mag: 258824.9572
Fvalue is 20.710578843321116	 mag: 748.0524
Fvalue is 11.6338173624574	 mag: 10496.4846
Fvalue is 15.16676560392336	 mag: 689.3133
Fvalue is 10.824284841043777	 mag: 151.4615
Fvalue is 10.0232213207676	 mag: 218.0385
Fvalue is 9.14421061612152	 mag: 38.8358
Fvalue is 8.990322210792906	 mag: 109.2269
Fvalue is 8.742787754440293	 mag: 11654.2069
Fvalue is 9.818479650864996	 mag: 142.5048
Fvalue is 8.557361487187944	 mag: 9.0424
Fvalue is 8.410876172359938	 mag: 130.9733
Fvalue is 8.191554805865668	 mag: 89.6813
Fvalue is 7.998249304931139	 mag: 31.2073
Fvalue is 7.799448973091696	 mag: 61.3968
Fvalue is 7.716414032826337	 mag: 0.8793
Fvalue is 7.683522673970598	 mag: 0.9029
Fvalue is 7.6610405774200965	 mag: 3.8700
Fvalue is 7.623279000039234	 mag: 1.5678
Fvalue is 7.608069900782306
MT-LinAdaptWithSupUsr[dim:801,supDime:3072, eta1:0.500,eta2:1.000,lambda1:0.200,lambda2:0.200, personalized: true]
Micro confusion matrix:
	0	1
0	420	271
1	301	2672
Micro F1:
Class 0: 0.5949	Class 1: 0.9033	
Macro F1:
Class 0: 0.4032	Class 1: 0.7608	
[Info]Training size: 0, adaptation size: 1167, and testing size: 3664
[Info]Training size: 0, adaptation size: 1167, and testing size: 3664
.*
optimization finished, #iter = 12
Objective value = -0.388482
nSV = 786
MT-SVM[mu:1.000,C:1.000,bias:true]
Micro confusion matrix:
	0	1
0	293	72
1	428	2871
Micro F1:
Class 0: 0.5396	Class 1: 0.9199	
Macro F1:
Class 0: 0.3415	Class 1: 0.8299	
Load 3071 2-gram features from ./data/CoLinAdapt/Yelp/SelectedVocab.csv...
Average review length over all users is 94.651, max average length is 99.893.
[Info]Start: 90, End: 100, (226/11733) users and 2395 reviews are loaded from ./data/CoLinAdapt/Yelp/Users...
[Info]Feature group size 801
[Info]Training size: 0, adaptation size: 579, and testing size: 1816
	 mag: 410816.0125
Fvalue is 276.3545649063694	 mag: 21190.2480
Fvalue is 100.66772096797874	 mag: 1373.5256
Fvalue is 23.714269959929922	 mag: 196.0576
Fvalue is 13.959592913587633	 mag: 242.2623
Fvalue is 11.558204214688894	 mag: 103.4826
Fvalue is 6.656758429747463	 mag: 28.6984
Fvalue is 5.908119680398903	 mag: 59.3486
Fvalue is 5.185414127083054	 mag: 272614.8511
Fvalue is 36.654594083516606	 mag: 7.9600
Fvalue is 4.518694911797382	 mag: 5401.8891
Fvalue is 8.920601648327086	 mag: 29.0285
Fvalue is 3.8332464661691446	 mag: 331.5969
Fvalue is 3.7045388441389866	 mag: 5.2204
Fvalue is 3.5035968899611443	 mag: 112.0549
Fvalue is 3.323950054836875	 mag: 78.4832
Fvalue is 3.1994150203111227	 mag: 9.4653
Fvalue is 3.1404908751144784	 mag: 42.4961
Fvalue is 3.104010148683085	 mag: 0.6069
Fvalue is 3.0878029571948065	 mag: 3.5052
Fvalue is 3.043717469134175	 mag: 0.4675
Fvalue is 2.997124875714281	 mag: 0.6254
Fvalue is 2.9632944533233934	 mag: 0.9022
Fvalue is 2.9384850884468134
MT-LinAdaptWithSupUsr[dim:801,supDime:3072, eta1:0.500,eta2:1.000,lambda1:0.200,lambda2:0.200, personalized: true]
Micro confusion matrix:
	0	1
0	244	137
1	173	1262
Micro F1:
Class 0: 0.6115	Class 1: 0.8906	
Macro F1:
Class 0: 0.4379	Class 1: 0.7632	
[Info]Training size: 0, adaptation size: 579, and testing size: 1816
[Info]Training size: 0, adaptation size: 579, and testing size: 1816
*.
optimization finished, #iter = 10
Objective value = -0.176901
nSV = 442
MT-SVM[mu:1.000,C:1.000,bias:true]
Micro confusion matrix:
	0	1
0	132	45
1	285	1354
Micro F1:
Class 0: 0.4444	Class 1: 0.8914	
Macro F1:
Class 0: 0.2874	Class 1: 0.8138	
