Load 3071 2-gram features from ./data/CoLinAdapt/Yelp/SelectedVocab.csv...
Average review length over all users is 8.605, max average length is 9.750.
[Info]Start: 0, End: 10, (136/11733) users and 1403 reviews are loaded from ./data/CoLinAdapt/Yelp/Users...
[Info]Feature group size 801
[Info]Training size: 0, adaptation size: 352, and testing size: 1051
	 mag: 3686663.4291
Fvalue is 152.36539700908043	 mag: 208096.6739
Fvalue is 89.19605672304193	 mag: 173091.9637
Fvalue is 68.23217595637517	 mag: 115451.3031
Fvalue is 28.394294333122296	 mag: 9790.8906
Fvalue is 24.148189235938084	 mag: 738.1079
Fvalue is 22.35749266656866	 mag: 2494.3920
Fvalue is 19.966067587520026	 mag: 2419.0114
Fvalue is 18.97992956942892	 mag: 1104.5897
Fvalue is 18.5874902508396	 mag: 447.7788
Fvalue is 18.49618629268939	 mag: 211.1860
Fvalue is 18.30971508417024	 mag: 1622.1604
Fvalue is 18.332271458300145	 mag: 157.1890
Fvalue is 18.259019319271076	 mag: 52.6594
Fvalue is 18.223754806023827	 mag: 52.5096
Fvalue is 18.155549744426416	 mag: 39.3176
Fvalue is 18.119456128955164	 mag: 1436.5473
Fvalue is 18.13453796250966	 mag: 383.6155
Fvalue is 18.099312293918018	 mag: 28.2425
Fvalue is 18.07301715440396	 mag: 1.8121
Fvalue is 18.067021982365272
MT-LinAdaptWithSupUsr[dim:801,supDime:3072, eta1:0.500,eta2:1.000,lambda1:0.500,lambda2:1.000, personalized: true]
Micro confusion matrix:
	0	1
0	61	75
1	115	800
Micro F1:
Class 0: 0.3910	Class 1: 0.8939	
Macro F1:
Class 0: 0.1733	Class 1: 0.8017	
[Info]Training size: 0, adaptation size: 352, and testing size: 1051
[Info]Training size: 0, adaptation size: 352, and testing size: 1051
.....*
optimization finished, #iter = 54
Objective value = -1.23122
nSV = 261
MT-SVM[mu:1.000,C:1.000,bias:true]
Micro confusion matrix:
	0	1
0	37	55
1	139	820
Micro F1:
Class 0: 0.2761	Class 1: 0.8942	
Macro F1:
Class 0: 0.0999	Class 1: 0.8524	
Load 3071 2-gram features from ./data/CoLinAdapt/Yelp/SelectedVocab.csv...
Average review length over all users is 14.939, max average length is 19.925.
[Info]Start: 0, End: 20, (1280/11733) users and 9662 reviews are loaded from ./data/CoLinAdapt/Yelp/Users...
[Info]Feature group size 801
[Info]Training size: 0, adaptation size: 2407, and testing size: 7255
	 mag: 54958.0669
Fvalue is 1236.759704216484	 mag: 280835.9658
Fvalue is 942.6731334978535	 mag: 2839059.2877
Fvalue is 355.9268585067082	 mag: 8667877.4480
Fvalue is 217.01519239548443	 mag: 1996454.1633
Fvalue is 160.62747800427195	 mag: 160640.0240
Fvalue is 148.45430882866646	 mag: 167464.1132
Fvalue is 135.7482661159255	 mag: 395247.8505
Fvalue is 126.61193380595482	 mag: 156301.4626
Fvalue is 116.48637454299782	 mag: 1391.4545
Fvalue is 117.06543888544778	 mag: 48019.4035
Fvalue is 113.09144197741855	 mag: 768.3864
Fvalue is 110.77873958294326	 mag: 14674.2715
Fvalue is 109.6463876939808	 mag: 11863.3706
Fvalue is 108.61859259280139	 mag: 46191.5361
Fvalue is 108.12548136508161	 mag: 4915.3261
Fvalue is 107.63059256100584	 mag: 2243.8494
Fvalue is 107.08038091354493	 mag: 3566.0212
Fvalue is 106.66621486779947	 mag: 2663.9897
Fvalue is 106.01961055367084	 mag: 21521.5647
Fvalue is 106.09489734240782	 mag: 9643.4676
Fvalue is 105.7188513228421	 mag: 158.3818
Fvalue is 105.45517199425363	 mag: 1011.1388
Fvalue is 105.30978942200178	 mag: 50.7893
Fvalue is 105.05152468391245	 mag: 6172.2004
Fvalue is 104.94839971038004	 mag: 605.2508
Fvalue is 104.89659143291095	 mag: 18.5470
Fvalue is 104.86338810248955
MT-LinAdaptWithSupUsr[dim:801,supDime:3072, eta1:0.500,eta2:1.000,lambda1:0.500,lambda2:1.000, personalized: true]
Micro confusion matrix:
	0	1
0	937	663
1	825	4830
Micro F1:
Class 0: 0.5574	Class 1: 0.8665	
Macro F1:
Class 0: 0.3350	Class 1: 0.7685	
[Info]Training size: 0, adaptation size: 2407, and testing size: 7255
[Info]Training size: 0, adaptation size: 2407, and testing size: 7255
......*
optimization finished, #iter = 69
Objective value = -5.23563
nSV = 1674
MT-SVM[mu:1.000,C:1.000,bias:true]
Micro confusion matrix:
	0	1
0	786	365
1	976	5128
Micro F1:
Class 0: 0.5396	Class 1: 0.8844	
Macro F1:
Class 0: 0.3193	Class 1: 0.8217	
Load 3071 2-gram features from ./data/CoLinAdapt/Yelp/SelectedVocab.csv...
Average review length over all users is 22.145, max average length is 29.982.
[Info]Start: 0, End: 30, (3511/11733) users and 30271 reviews are loaded from ./data/CoLinAdapt/Yelp/Users...
[Info]Feature group size 801
[Info]Training size: 0, adaptation size: 7345, and testing size: 22926
	 mag: 32671640.3367
Fvalue is 3477.9897949062806	 mag: 71890047.8013
Fvalue is 2966.433296159251	 mag: 199330149.6583
Fvalue is 2099.3406523466356	 mag: 316067.7983
Fvalue is 1001.4018611540757	 mag: 2152795.7513
Fvalue is 728.387925653507	 mag: 1082332.3030
Fvalue is 458.9698354216137	 mag: 193803.8869
Fvalue is 387.5272790861861	 mag: 458716.4992
Fvalue is 347.3970689443759	 mag: 2721641.3207
Fvalue is 318.6026685578595	 mag: 64573.4186
Fvalue is 300.9666504632124	 mag: 383580.1363
Fvalue is 292.58585095890544	 mag: 277372.3585
Fvalue is 278.7350793693295	 mag: 324.7233
Fvalue is 268.9682855080507	 mag: 44647.7125
Fvalue is 264.4999771815954	 mag: 24639.0271
Fvalue is 261.5644152418495	 mag: 904554.1209
Fvalue is 261.30507688261275	 mag: 178346.0289
Fvalue is 260.4374567218232	 mag: 51838.4150
Fvalue is 259.38135261372275	 mag: 904.3762
Fvalue is 257.7924025257341	 mag: 10078.8137
Fvalue is 256.73448363983283	 mag: 11705.8516
Fvalue is 255.16313647006933	 mag: 238.1771
Fvalue is 254.28644554071317	 mag: 2810.8191
Fvalue is 253.2241750068962	 mag: 18978.5175
Fvalue is 252.7954790673587	 mag: 38960.0151
Fvalue is 252.48005348870953	 mag: 6896.8747
Fvalue is 252.2047772593011	 mag: 4621.5263
Fvalue is 251.69887782823227	 mag: 7161.0628
Fvalue is 251.3671959601965	 mag: 12671.4385
Fvalue is 250.71737282372843	 mag: 13174.9386
Fvalue is 250.63452436157513	 mag: 28.8633
Fvalue is 250.2080260523341	 mag: 291.9123
Fvalue is 250.1019641097107	 mag: 48144.4687
Fvalue is 250.0363699257744	 mag: 23.3892
Fvalue is 249.89971214519997	 mag: 1080.5844
Fvalue is 249.86738476928718	 mag: 3132.0247
Fvalue is 249.8111884599105	 mag: 3897.8174
Fvalue is 249.73476155428256	 mag: 2915.8601
Fvalue is 249.6200984227877	 mag: 611.6756
Fvalue is 249.54946564559197	 mag: 4978.2759
Fvalue is 249.49698199399495	 mag: 35.2352
Fvalue is 249.46187167502498
MT-LinAdaptWithSupUsr[dim:801,supDime:3072, eta1:0.500,eta2:1.000,lambda1:0.500,lambda2:1.000, personalized: true]
Micro confusion matrix:
	0	1
0	3797	1947
1	2140	15042
Micro F1:
Class 0: 0.6501	Class 1: 0.8804	
Macro F1:
Class 0: 0.4448	Class 1: 0.7964	
[Info]Training size: 0, adaptation size: 7345, and testing size: 22926
[Info]Training size: 0, adaptation size: 7345, and testing size: 22926
.......*
optimization finished, #iter = 73
Objective value = -11.5977
nSV = 4280
MT-SVM[mu:1.000,C:1.000,bias:true]
Micro confusion matrix:
	0	1
0	3659	1343
1	2278	15646
Micro F1:
Class 0: 0.6690	Class 1: 0.8963	
Macro F1:
Class 0: 0.4552	Class 1: 0.8362	
Load 3071 2-gram features from ./data/CoLinAdapt/Yelp/SelectedVocab.csv...
Average review length over all users is 27.918, max average length is 39.985.
[Info]Start: 0, End: 40, (5807/11733) users and 55316 reviews are loaded from ./data/CoLinAdapt/Yelp/Users...
[Info]Feature group size 801
[Info]Training size: 0, adaptation size: 13336, and testing size: 41980
	 mag: 65243377.4506
Fvalue is 6018.69330563191	 mag: 340631081.7560
Fvalue is 5375.021730702046	 mag: 496703052.9491
Fvalue is 4522.79256415281	 mag: 6967483.4460
Fvalue is 1866.2671512858306	 mag: 1247180.9451
Fvalue is 1403.2533035587971	 mag: 3246843.3551
Fvalue is 868.9771617038461	 mag: 1249905.8884
Fvalue is 654.966155075246	 mag: 14032321.2296
Fvalue is 566.2697992166366	 mag: 10634030.0507
Fvalue is 547.3751029127922	 mag: 369295.2660
Fvalue is 523.0449825252197	 mag: 697611.2663
Fvalue is 508.17355588851916	 mag: 2634302.3858
Fvalue is 490.1683470035976	 mag: 1580326.3894
Fvalue is 464.22387804284966	 mag: 933924.2072
Fvalue is 437.9434541400199	 mag: 17034614.1986
Fvalue is 448.071913010656	 mag: 903591.7535
Fvalue is 428.6878788593547	 mag: 266942.4462
Fvalue is 421.591222802603	 mag: 72223.9357
Fvalue is 415.4576447196198	 mag: 259166.2645
Fvalue is 409.55271978708026	 mag: 277.3564
Fvalue is 405.13079897210747	 mag: 40123.5467
Fvalue is 402.0426888100238	 mag: 1614038.7810
Fvalue is 401.4894870796937	 mag: 277070.4722
Fvalue is 400.0634490659606	 mag: 37526.9133
Fvalue is 398.29546338690704	 mag: 1713.8510
Fvalue is 396.6495313834977	 mag: 4207.9025
Fvalue is 394.42663845894435	 mag: 15911.9612
Fvalue is 392.80702174894554	 mag: 983468.6934
Fvalue is 394.3528490819559	 mag: 77563.4031
Fvalue is 392.07283950210234	 mag: 41133.9171
Fvalue is 391.27984164343883	 mag: 153.6387
Fvalue is 390.80979584454866	 mag: 18684.6649
Fvalue is 390.2986878270861	 mag: 19694.7394
Fvalue is 389.6866507975354	 mag: 70886.2119
Fvalue is 388.61069605271365	 mag: 622414.7545
Fvalue is 389.48371807751874	 mag: 10872.4343
Fvalue is 388.23779505858016	 mag: 2868.1921
Fvalue is 387.8754671324684	 mag: 4126.1721
Fvalue is 387.5948826722643	 mag: 71126.9189
Fvalue is 386.8943215663093	 mag: 361.2747
Fvalue is 386.29207469750105	 mag: 76.0498
Fvalue is 385.94074884202456	 mag: 64780.7416
Fvalue is 385.54606296610814	 mag: 27467.6526
Fvalue is 385.44023635030544	 mag: 7010.2652
Fvalue is 385.2014627504308	 mag: 2430.7573
Fvalue is 385.06758527402496	 mag: 11530.1899
Fvalue is 384.91825398661865	 mag: 2163.1143
Fvalue is 384.72874025659075	 mag: 2640.3601
Fvalue is 384.6030255671487	 mag: 224056.0000
Fvalue is 384.8235597998628	 mag: 14192.0160
Fvalue is 384.5360592941669	 mag: 10543.6816
Fvalue is 384.482159353954	 mag: 1871.8193
Fvalue is 384.36352874380225	 mag: 53.2141
Fvalue is 384.30810031719807	 mag: 164.4129
Fvalue is 384.23973366919927
MT-LinAdaptWithSupUsr[dim:801,supDime:3072, eta1:0.500,eta2:1.000,lambda1:0.500,lambda2:1.000, personalized: true]
Micro confusion matrix:
	0	1
0	7306	3341
1	3538	27795
Micro F1:
Class 0: 0.6799	Class 1: 0.8899	
Macro F1:
Class 0: 0.4832	Class 1: 0.8096	
[Info]Training size: 0, adaptation size: 13336, and testing size: 41980
[Info]Training size: 0, adaptation size: 13336, and testing size: 41980
........*
optimization finished, #iter = 89
Objective value = -17.2919
nSV = 6970
MT-SVM[mu:1.000,C:1.000,bias:true]
Micro confusion matrix:
	0	1
0	7133	2323
1	3711	28813
Micro F1:
Class 0: 0.7028	Class 1: 0.9052	
Macro F1:
Class 0: 0.4963	Class 1: 0.8426	
Load 3071 2-gram features from ./data/CoLinAdapt/Yelp/SelectedVocab.csv...
Average review length over all users is 33.825, max average length is 49.957.
[Info]Start: 0, End: 50, (7794/11733) users and 84406 reviews are loaded from ./data/CoLinAdapt/Yelp/Users...
[Info]Feature group size 801
[Info]Training size: 0, adaptation size: 20332, and testing size: 64074
	 mag: 94863321.9295
Fvalue is 8369.763410909836	 mag: 711237889.0430
Fvalue is 7640.938656462963	 mag: 710552475.2803
Fvalue is 6711.886756214172	 mag: 40897897.1849
Fvalue is 2486.7508979612426	 mag: 24101925.8237
Fvalue is 1775.9208923286935	 mag: 510878.4303
Fvalue is 1368.7753232908033	 mag: 9051775.8782
Fvalue is 1081.963101104221	 mag: 470104153.2738
Fvalue is 1148.6447428030406	 mag: 59593969.0667
Fvalue is 987.0780873626566	 mag: 2664402.7976
Fvalue is 843.3238326035001	 mag: 108961.3916
Fvalue is 781.0978923758883	 mag: 460594.6708
Fvalue is 698.3850369081753	 mag: 290066.1418
Fvalue is 632.3232948275788	 mag: 3836.6370
Fvalue is 615.0001789945115	 mag: 1024728.7822
Fvalue is 573.9917495820498	 mag: 8905219.3837
Fvalue is 571.2719860034583	 mag: 570476.5216
Fvalue is 559.4596502327547	 mag: 2261.4414
Fvalue is 554.2767359826619	 mag: 11953.9236
Fvalue is 548.2164625668603	 mag: 416876.1847
Fvalue is 531.045777943772	 mag: 100716.7944
Fvalue is 531.9694623686246	 mag: 205573.6127
Fvalue is 525.7549144418343	 mag: 2394.1084
Fvalue is 520.1707092260542	 mag: 560409.8157
Fvalue is 516.2481382696938	 mag: 3913756.6896
Fvalue is 517.7432363969162	 mag: 171999.2203
Fvalue is 514.4836856539248	 mag: 127824.9537
Fvalue is 513.5354601486276	 mag: 5339.9953
Fvalue is 509.65490982547914	 mag: 3075.9623
Fvalue is 507.286214226699	 mag: 23836.3493
Fvalue is 505.09581433607184	 mag: 45071.0821
Fvalue is 503.38604092053066	 mag: 315719.5241
Fvalue is 502.51933755910704	 mag: 19362.0309
Fvalue is 501.72481494611424	 mag: 4055.5535
Fvalue is 501.49484822033924	 mag: 14945.0229
Fvalue is 500.60980667203114	 mag: 28417.7413
Fvalue is 499.80205889958654	 mag: 38927.6239
Fvalue is 498.4906363144533	 mag: 117968.3116
Fvalue is 499.78766025062	 mag: 35.8294
Fvalue is 497.88800904401853	 mag: 84751.4798
Fvalue is 497.3440783270119	 mag: 130030.9938
Fvalue is 497.23339656981085	 mag: 2423.9008
Fvalue is 496.95508156330357	 mag: 952.4224
Fvalue is 496.8422819879097	 mag: 5339.1177
Fvalue is 496.5904287153452	 mag: 16080.2383
Fvalue is 496.2489811492603	 mag: 94913.2726
Fvalue is 496.2896989431053	 mag: 6302.8131
Fvalue is 496.0772974717809	 mag: 5270.6032
Fvalue is 495.93291321616505	 mag: 176072.3076
Fvalue is 495.429985164794	 mag: 1269.4386
Fvalue is 495.0062510867439	 mag: 59.5362
Fvalue is 494.844873990099	 mag: 420.7990
Fvalue is 494.5868815231627	 mag: 327.4944
Fvalue is 494.38366094534797	 mag: 26477.3847
Fvalue is 494.4952886853206	 mag: 3175.9199
Fvalue is 494.2853882067014	 mag: 7540.3454
Fvalue is 494.2058878343965	 mag: 197.6640
Fvalue is 494.1734414684887	 mag: 470.1862
Fvalue is 494.14918208168535	 mag: 1391.6084
Fvalue is 494.0282985951306	 mag: 118.4647
Fvalue is 493.90901647304565
MT-LinAdaptWithSupUsr[dim:801,supDime:3072, eta1:0.500,eta2:1.000,lambda1:0.500,lambda2:1.000, personalized: true]
Micro confusion matrix:
	0	1
0	10580	4645
1	4817	44032
Micro F1:
Class 0: 0.6910	Class 1: 0.9030	
Macro F1:
Class 0: 0.5005	Class 1: 0.8205	
[Info]Training size: 0, adaptation size: 20332, and testing size: 64074
[Info]Training size: 0, adaptation size: 20332, and testing size: 64074
.......*.
optimization finished, #iter = 80
Objective value = -21.9835
nSV = 9634
MT-SVM[mu:1.000,C:1.000,bias:true]
Micro confusion matrix:
	0	1
0	10306	3292
1	5091	45385
Micro F1:
Class 0: 0.7109	Class 1: 0.9155	
Macro F1:
Class 0: 0.5161	Class 1: 0.8517	
Load 3071 2-gram features from ./data/CoLinAdapt/Yelp/SelectedVocab.csv...
Average review length over all users is 38.006, max average length is 59.917.
[Info]Start: 0, End: 60, (9191/11733) users and 105695 reviews are loaded from ./data/CoLinAdapt/Yelp/Users...
[Info]Feature group size 801
[Info]Training size: 0, adaptation size: 25463, and testing size: 80232
	 mag: 91549111.6530
Fvalue is 110141.94229784804	 mag: 934927272.6534
Fvalue is 9342.489101192929	 mag: 923033480.8154
Fvalue is 8198.814042500599	 mag: 62174618.9616
Fvalue is 3099.049415713601	 mag: 22961386.1602
Fvalue is 2345.9039834686037	 mag: 5272097.9925
Fvalue is 1758.137092936303	 mag: 13594219.5734
Fvalue is 1406.322628238794	 mag: 707924032.6733
Fvalue is 1462.1472164789725	 mag: 108365138.8925
Fvalue is 1253.2043706894372	 mag: 3411337.1981
Fvalue is 1030.7095567278732	 mag: 109234.6809
Fvalue is 958.9467170125648	 mag: 454939.5685
Fvalue is 853.6267376731697	 mag: 653142.6999
Fvalue is 767.2324338370736	 mag: 1270510.4710
Fvalue is 774.3917809165441	 mag: 322941.8640
Fvalue is 727.3528135632163	 mag: 1487746.8462
Fvalue is 690.8309561531184	 mag: 406301342.6820
Fvalue is 922.52048501445	 mag: 3367580.8947
Fvalue is 681.9894250399227	 mag: 728915.1175
Fvalue is 664.7095789167898	 mag: 7763.1051
Fvalue is 646.2221539178007	 mag: 56841.6683
Fvalue is 623.0123873436594	 mag: 193590.5312
Fvalue is 606.0238231763999	 mag: 412.1869
Fvalue is 600.1763596989387	 mag: 646820.3636
Fvalue is 593.7918070641852	 mag: 1966253.8218
Fvalue is 592.5089569175592	 mag: 43075.9760
Fvalue is 589.509979387715	 mag: 30777.3237
Fvalue is 588.504343993009	 mag: 94374.3421
Fvalue is 587.3719759255902	 mag: 289238.8891
Fvalue is 583.7908864349927	 mag: 274173.0487
Fvalue is 580.1856635931281	 mag: 4268216.1966
Fvalue is 587.1023354814721	 mag: 53813.4943
Fvalue is 578.4493776315862	 mag: 29394.0205
Fvalue is 576.8963340588085	 mag: 15780.9852
Fvalue is 574.5649858415343	 mag: 669294.0773
Fvalue is 573.2545932680148	 mag: 1514.5571
Fvalue is 571.9668788895091	 mag: 71.0846
Fvalue is 571.5773952399346	 mag: 251412.3076
Fvalue is 571.7396253069463	 mag: 53622.6987
Fvalue is 571.0840210297188	 mag: 193.0293
Fvalue is 570.1484928799612	 mag: 1410.5826
Fvalue is 569.6450807135096	 mag: 135446.0559
Fvalue is 568.8678546662276	 mag: 194621.1564
Fvalue is 568.6183889045047	 mag: 12586.9909
Fvalue is 568.2421854900595	 mag: 3152.3605
Fvalue is 568.0503515326077	 mag: 48448.6614
Fvalue is 567.7373490155494	 mag: 57472.8413
Fvalue is 567.3241545365038	 mag: 47701.5258
Fvalue is 566.408651976026	 mag: 409994.1847
Fvalue is 566.3952001782836	 mag: 186878.5172
Fvalue is 565.9774030252293	 mag: 570278.1980
Fvalue is 566.2433306010096	 mag: 7772.9116
Fvalue is 565.5586695344094	 mag: 9675.3154
Fvalue is 565.3733602974947	 mag: 9608.0795
Fvalue is 564.8346450716966	 mag: 9489.2523
Fvalue is 564.5221752871607	 mag: 5495.2160
Fvalue is 564.1811025127283	 mag: 1105.1661
Fvalue is 563.856128205964	 mag: 4398.4299
Fvalue is 563.5328552788837	 mag: 1574010.3466
Fvalue is 565.235337392141	 mag: 27700.2195
Fvalue is 563.4502424414901	 mag: 5776.8583
Fvalue is 563.202291420109	 mag: 1640.3006
Fvalue is 563.013346277881	 mag: 598.4632
Fvalue is 562.9012189334866	 mag: 3285.6112
Fvalue is 562.7074723016162	 mag: 13483.0243
Fvalue is 562.5260548879755	 mag: 11205.3100
Fvalue is 562.4308423747397	 mag: 42.0595
Fvalue is 562.3679005903505	 mag: 507.9614
Fvalue is 562.3392646495304	 mag: 750.5889
Fvalue is 562.256466212844	 mag: 10.1682
Fvalue is 562.1477289116766	 mag: 3729.2660
Fvalue is 562.0967225424301	 mag: 30268.9728
Fvalue is 562.070591697072	 mag: 386.1331
Fvalue is 562.0281641768198
MT-LinAdaptWithSupUsr[dim:801,supDime:3072, eta1:0.500,eta2:1.000,lambda1:0.500,lambda2:1.000, personalized: true]
Micro confusion matrix:
	0	1
0	13042	5679
1	5672	55839
Micro F1:
Class 0: 0.6968	Class 1: 0.9077	
Macro F1:
Class 0: 0.5141	Class 1: 0.8268	
[Info]Training size: 0, adaptation size: 25463, and testing size: 80232
[Info]Training size: 0, adaptation size: 25463, and testing size: 80232
......................**
optimization finished, #iter = 229
Objective value = -24.9026
nSV = 11574
MT-SVM[mu:1.000,C:1.000,bias:true]
Micro confusion matrix:
	0	1
0	12682	4124
1	6032	57394
Micro F1:
Class 0: 0.7141	Class 1: 0.9187	
Macro F1:
Class 0: 0.5291	Class 1: 0.8536	
Load 3071 2-gram features from ./data/CoLinAdapt/Yelp/SelectedVocab.csv...
Average review length over all users is 41.069, max average length is 69.857.
[Info]Start: 0, End: 70, (10125/11733) users and 119362 reviews are loaded from ./data/CoLinAdapt/Yelp/Users...
[Info]Feature group size 801
[Info]Training size: 0, adaptation size: 28742, and testing size: 90620
	 mag: 97415564.2083
Fvalue is 111687.77855857651	 mag: 1320074675.4700
Fvalue is 10862.797031708269	 mag: 1044057777.1344
Fvalue is 9710.337830175868	 mag: 45644285.3303
Fvalue is 6412.214847288068	 mag: 88849283.6647
Fvalue is 4029.335080142061	 mag: 13806077.2301
Fvalue is 2884.7638974852994	 mag: 6750316.1117
Fvalue is 1849.491504764401	 mag: 26746706.8447
Fvalue is 1574.8071205486478	 mag: 113047266.1479
Fvalue is 1320.3402929490046	 mag: 697681.9924
Fvalue is 1166.429496228322	 mag: 14395.9267
Fvalue is 1115.44617660673	 mag: 53474.1603
Fvalue is 936.069477991588	 mag: 3048384.7364
Fvalue is 830.0129610814704	 mag: 469969.0823
Fvalue is 760.8071846477266	 mag: 2852520.5455
Fvalue is 738.2722440649478	 mag: 7569348.8553
Fvalue is 728.5094840252432	 mag: 388852.5876
Fvalue is 717.0504230233661	 mag: 228318.5989
Fvalue is 708.4879901703629	 mag: 860716.6015
Fvalue is 698.5547755444089	 mag: 473478.0746
Fvalue is 687.4812778071562	 mag: 126485.9154
Fvalue is 667.6990705648388	 mag: 167902.0251
Fvalue is 652.0197344682432	 mag: 36362807.4239
Fvalue is 674.4376802336435	 mag: 1757903.8220
Fvalue is 647.5369146036867	 mag: 281330.5215
Fvalue is 641.7658509393658	 mag: 5760.5839
Fvalue is 638.9210519137085	 mag: 15492.4865
Fvalue is 636.5491698102005	 mag: 59333.3225
Fvalue is 631.4305596555675	 mag: 419114.6096
Fvalue is 627.2394843207463	 mag: 5311225.2056
Fvalue is 631.1811182128904	 mag: 89033.3087
Fvalue is 625.9672571443717	 mag: 133961.0255
Fvalue is 624.8389621143939	 mag: 133213.7133
Fvalue is 623.0696407753986	 mag: 852.3511
Fvalue is 621.6963500731716	 mag: 8388.3483
Fvalue is 620.7829594833768	 mag: 36145.9705
Fvalue is 618.6170704845756	 mag: 71654.4665
Fvalue is 616.5118257263487	 mag: 49244.5248
Fvalue is 614.9972106824993	 mag: 1752152.3477
Fvalue is 615.6912104285133	 mag: 146188.2270
Fvalue is 614.4943315512241	 mag: 18926.2406
Fvalue is 613.7050025513934	 mag: 228.0316
Fvalue is 613.3007821900669	 mag: 6160.2269
Fvalue is 612.7686710255771	 mag: 11576.8799
Fvalue is 612.1362303807615	 mag: 1056.7289
Fvalue is 611.0207935045016	 mag: 4370471.1160
Fvalue is 614.9917903344293	 mag: 172793.0156
Fvalue is 610.7954331735779	 mag: 28537.7574
Fvalue is 610.2344578896494	 mag: 31.5721
Fvalue is 609.9269376258978	 mag: 4454.6646
Fvalue is 609.7077604340597	 mag: 6013.3410
Fvalue is 609.3132062489583	 mag: 49134.4572
Fvalue is 609.072820972847	 mag: 300037.7616
Fvalue is 608.7559348454254	 mag: 5360.3097
Fvalue is 608.2240407138418	 mag: 656.6312
Fvalue is 608.0819118993215	 mag: 6189.6832
Fvalue is 607.9131544421622	 mag: 9245.6461
Fvalue is 607.9435718734592	 mag: 33.7794
Fvalue is 607.7813561611238	 mag: 1639.8975
Fvalue is 607.4816448583981	 mag: 670406.9694
Fvalue is 608.5683518067846	 mag: 17834.6266
Fvalue is 607.4080890296331	 mag: 5215.9354
Fvalue is 607.2106195743412	 mag: 8638.9240
Fvalue is 606.9972739995637	 mag: 354.7338
Fvalue is 606.8747106352063	 mag: 6350.8012
Fvalue is 606.7475255779814	 mag: 3531.2815
Fvalue is 606.6083669206766	 mag: 3204.0103
Fvalue is 606.4210815333444	 mag: 43039.0392
Fvalue is 606.3865445753854	 mag: 565.1844
Fvalue is 606.2572722472058	 mag: 641.8816
Fvalue is 606.235388298092	 mag: 28607.1184
Fvalue is 606.1412513781297	 mag: 696.6373
Fvalue is 606.0651750474582	 mag: 117.8092
Fvalue is 606.0428051279259	 mag: 24.2415
Fvalue is 605.9875727019147
MT-LinAdaptWithSupUsr[dim:801,supDime:3072, eta1:0.500,eta2:1.000,lambda1:0.500,lambda2:1.000, personalized: true]
Micro confusion matrix:
	0	1
0	14822	6375
1	6283	63140
Micro F1:
Class 0: 0.7008	Class 1: 0.9089	
Macro F1:
Class 0: 0.5211	Class 1: 0.8294	
[Info]Training size: 0, adaptation size: 28742, and testing size: 90620
[Info]Training size: 0, adaptation size: 28742, and testing size: 90620
.......................*.....*
optimization finished, #iter = 287
Objective value = -26.6307
nSV = 12861
MT-SVM[mu:1.000,C:1.000,bias:true]
Micro confusion matrix:
	0	1
0	14435	4598
1	6670	64917
Micro F1:
Class 0: 0.7193	Class 1: 0.9201	
Macro F1:
Class 0: 0.5347	Class 1: 0.8561	
Load 3071 2-gram features from ./data/CoLinAdapt/Yelp/SelectedVocab.csv...
Average review length over all users is 43.680, max average length is 79.950.
[Info]Start: 0, End: 80, (10791/11733) users and 129643 reviews are loaded from ./data/CoLinAdapt/Yelp/Users...
[Info]Feature group size 801
[Info]Training size: 0, adaptation size: 31216, and testing size: 98427
	 mag: 100031984.4950
Fvalue is 112754.9275689532	 mag: 1572411852.9435
Fvalue is 11915.60318605532	 mag: 1112602001.7727
Fvalue is 10724.565183631274	 mag: 4530273.3712
Fvalue is 7293.314043577465	 mag: 159747821.5126
Fvalue is 4951.582710947968	 mag: 50475223.3324
Fvalue is 3017.665716207822	 mag: 31011834.1013
Fvalue is 1971.900500110624	 mag: 1547680.1594
Fvalue is 1548.424730481187	 mag: 33030828.7042
Fvalue is 1328.7320211954202	 mag: 128808111.2919
Fvalue is 1283.8341667511725	 mag: 40222.2135
Fvalue is 1144.1316841152766	 mag: 921554.6610
Fvalue is 1118.3978203161948	 mag: 1551580.1512
Fvalue is 1048.6149815698197	 mag: 982238.1602
Fvalue is 944.8625554486871	 mag: 41907357.4379
Fvalue is 956.911504374814	 mag: 5841976.4165
Fvalue is 902.159516923274	 mag: 965022.5297
Fvalue is 849.8569177592778	 mag: 4426660.1572
Fvalue is 824.4262397327859	 mag: 595308.0620
Fvalue is 800.8764547725851	 mag: 1771437.1326
Fvalue is 784.2886155525762	 mag: 1021536.9072
Fvalue is 755.4602609333242	 mag: 1973836.9818
Fvalue is 721.1690298406845	 mag: 38329858.3926
Fvalue is 757.2517283403474	 mag: 1098117.3874
Fvalue is 709.6159579999171	 mag: 181800.2642
Fvalue is 703.284689584636	 mag: 522572.0288
Fvalue is 696.1355203869797	 mag: 11690923.7774
Fvalue is 704.0182651498179	 mag: 557816.3125
Fvalue is 691.5142510392491	 mag: 279016.8552
Fvalue is 686.554168229826	 mag: 15410.9851
Fvalue is 678.5527390232955	 mag: 11208.7104
Fvalue is 673.924365748111	 mag: 5396485.8999
Fvalue is 674.6167167444323	 mag: 1055640.9675
Fvalue is 670.6929222280837	 mag: 162460.2187
Fvalue is 666.0409660758755	 mag: 983.5657
Fvalue is 663.070550454763	 mag: 9287.2939
Fvalue is 660.4725307574066	 mag: 26895307.2416
Fvalue is 694.4455015617074	 mag: 317154.3521
Fvalue is 659.5199323105172	 mag: 114702.5137
Fvalue is 657.9098351654158	 mag: 48910.0184
Fvalue is 655.3960116772641	 mag: 14596.8782
Fvalue is 653.9274233875644	 mag: 233498.6225
Fvalue is 651.9206407877673	 mag: 48549.7339
Fvalue is 650.1863857590201	 mag: 7318.2812
Fvalue is 649.5420915056369	 mag: 6591.8338
Fvalue is 648.7018776687396	 mag: 94691.3567
Fvalue is 647.7357565001855	 mag: 45351.6666
Fvalue is 647.0070861873562	 mag: 164.5383
Fvalue is 645.6973581910512	 mag: 143224.4788
Fvalue is 644.8516116470782	 mag: 261774.5186
Fvalue is 644.1076041924189	 mag: 64280.8554
Fvalue is 643.6424649241849	 mag: 4734.5850
Fvalue is 643.0909263272955	 mag: 18214.8362
Fvalue is 642.7968329187726	 mag: 56717.3685
Fvalue is 641.8049134985536	 mag: 7914.3649
Fvalue is 642.7748707287981	 mag: 16483.7509
Fvalue is 641.4368068390969	 mag: 145252.0466
Fvalue is 640.9888348496165	 mag: 24946.0367
Fvalue is 640.6450525960958	 mag: 15994.5129
Fvalue is 640.3963513865141	 mag: 10641.5630
Fvalue is 639.6314865831413	 mag: 60.7300
Fvalue is 639.2119631936384	 mag: 3678.5228
Fvalue is 638.6738696976761	 mag: 26217.8211
Fvalue is 638.2462334613026	 mag: 193154.8135
Fvalue is 638.1032152756252	 mag: 29423.6270
Fvalue is 637.915862383338	 mag: 360.0317
Fvalue is 637.7928019283754	 mag: 11115.4420
Fvalue is 637.6361436499329	 mag: 24791.3227
Fvalue is 637.424170677687	 mag: 23246.1928
Fvalue is 636.9640774126901	 mag: 231859.0842
Fvalue is 636.9648652410427	 mag: 101015.9595
Fvalue is 636.7412764554672	 mag: 179526.2825
Fvalue is 636.6746454384663	 mag: 10138.2040
Fvalue is 636.3890962144623	 mag: 2178.4050
Fvalue is 636.2986960062931	 mag: 242.5815
Fvalue is 636.1587227082991	 mag: 2693.2721
Fvalue is 635.9488611674474	 mag: 1471.0026
Fvalue is 635.6737777135797	 mag: 226954.4549
Fvalue is 635.8100638475617	 mag: 26708.7764
Fvalue is 635.5786156145963	 mag: 430.1604
Fvalue is 635.4831278020687	 mag: 2266.7196
Fvalue is 635.4186917493514	 mag: 708.6258
Fvalue is 635.3515204527919	 mag: 3930.5423
Fvalue is 635.2518656243574	 mag: 853.0410
Fvalue is 635.1345411151249	 mag: 1042.6799
Fvalue is 635.0591672274816	 mag: 56346.6719
Fvalue is 635.0039290328408	 mag: 4117.4085
Fvalue is 634.9275944620424	 mag: 5.9804
Fvalue is 634.9017546620986
MT-LinAdaptWithSupUsr[dim:801,supDime:3072, eta1:0.500,eta2:1.000,lambda1:0.500,lambda2:1.000, personalized: true]
Micro confusion matrix:
	0	1
0	15962	6755
1	6725	68985
Micro F1:
Class 0: 0.7031	Class 1: 0.9110	
Macro F1:
Class 0: 0.5218	Class 1: 0.8304	
[Info]Training size: 0, adaptation size: 31216, and testing size: 98427
[Info]Training size: 0, adaptation size: 31216, and testing size: 98427
........................*
optimization finished, #iter = 242
Objective value = -27.6481
nSV = 13749
MT-SVM[mu:1.000,C:1.000,bias:true]
Micro confusion matrix:
	0	1
0	15503	4865
1	7184	70875
Micro F1:
Class 0: 0.7201	Class 1: 0.9217	
Macro F1:
Class 0: 0.5330	Class 1: 0.8566	
Load 3071 2-gram features from ./data/CoLinAdapt/Yelp/SelectedVocab.csv...
Average review length over all users is 45.175, max average length is 89.952.
[Info]Start: 0, End: 90, (11152/11733) users and 134500 reviews are loaded from ./data/CoLinAdapt/Yelp/Users...
[Info]Feature group size 801
[Info]Training size: 0, adaptation size: 32390, and testing size: 102110
	 mag: 78225798.0567
Fvalue is 113380.53649152572	 mag: 1167532323.4475
Fvalue is 12321.86543259066	 mag: 1487016309.3945
Fvalue is 10614.443997614118	 mag: 250150245.0069
Fvalue is 4797.737173136759	 mag: 15836630.8254
Fvalue is 4065.4923938881607	 mag: 223149609.3529
Fvalue is 2883.408399757742	 mag: 120052980.1872
Fvalue is 2435.660057217133	 mag: 42399472.2222
Fvalue is 1781.9910571208834	 mag: 297643640.9886
Fvalue is 1622.8856603576717	 mag: 42214011.8046
Fvalue is 1442.7566062978324	 mag: 1044982.3395
Fvalue is 1336.884006432136	 mag: 1582523.3751
Fvalue is 1256.8094100821486	 mag: 2104079.9392
Fvalue is 1143.8859209651675	 mag: 6796070.1215
Fvalue is 971.302021374787	 mag: 158236676.1497
Fvalue is 1125.8580680702225	 mag: 4917704.8211
Fvalue is 925.7842951949451	 mag: 246202.3415
Fvalue is 888.4571513972321	 mag: 134994.0771
Fvalue is 865.5634758572537	 mag: 67908813.8636
Fvalue is 884.3251707166185	 mag: 12854740.1141
Fvalue is 847.9855184275384	 mag: 4030360.8195
Fvalue is 824.0973827725996	 mag: 59981.8400
Fvalue is 797.2981298294209	 mag: 962298.4969
Fvalue is 779.3251900179753	 mag: 392045.6095
Fvalue is 763.4732809311835	 mag: 54871683.0650
Fvalue is 853.9234350159343	 mag: 3746153.0453
Fvalue is 753.7495370105919	 mag: 68283.9613
Fvalue is 742.4037895386159	 mag: 925820.7770
Fvalue is 731.4799381248254	 mag: 339723.0829
Fvalue is 722.271026551341	 mag: 1102878.3994
Fvalue is 710.8655242483921	 mag: 2410414.9386
Fvalue is 698.5928494093747	 mag: 371150.3415
Fvalue is 693.1780242860991	 mag: 274.0558
Fvalue is 689.5576835534322	 mag: 48950.3150
Fvalue is 686.0997251154641	 mag: 2043035.0553
Fvalue is 683.598350099634	 mag: 137549.0697
Fvalue is 678.9001331424456	 mag: 7865.1242
Fvalue is 677.526498820348	 mag: 60970.6080
Fvalue is 675.37869374575	 mag: 37226.1127
Fvalue is 673.5369023045404	 mag: 404023.6944
Fvalue is 671.8649708595578	 mag: 12027.8053
Fvalue is 669.4677516339318	 mag: 37238.5733
Fvalue is 667.6918890363479	 mag: 947.8023
Fvalue is 666.4983231238567	 mag: 3015852.4820
Fvalue is 670.1823365817811	 mag: 291376.5104
Fvalue is 665.4875112738783	 mag: 4901.9087
Fvalue is 664.0459486066509	 mag: 31265.3975
Fvalue is 663.4077802058162	 mag: 2488.6974
Fvalue is 661.9519269129478	 mag: 2189035.0293
Fvalue is 664.9536444521185	 mag: 205142.3926
Fvalue is 661.3452664342108	 mag: 18469.0605
Fvalue is 660.480286046396	 mag: 24570.2541
Fvalue is 659.8352889643446	 mag: 15629.5469
Fvalue is 659.2996378398032	 mag: 887602.7481
Fvalue is 659.4440353028759	 mag: 245700.9022
Fvalue is 658.9095841322473	 mag: 76217.5816
Fvalue is 658.373596603458	 mag: 18244.2352
Fvalue is 657.6773044678941	 mag: 51933.8750
Fvalue is 657.3491434014304	 mag: 12725.3455
Fvalue is 656.7340325747203	 mag: 326482.2289
Fvalue is 656.4807597596955	 mag: 19925.8026
Fvalue is 655.7476795557601	 mag: 13039.1732
Fvalue is 655.4467185939054	 mag: 43801.6060
Fvalue is 655.0778405298661	 mag: 315155.8940
Fvalue is 655.776162794753	 mag: 3916.2990
Fvalue is 654.790052100898	 mag: 1435.5578
Fvalue is 654.4642362186333	 mag: 1534.9000
Fvalue is 653.5750674793152	 mag: 46878.4391
Fvalue is 653.0902421706048	 mag: 232495.3041
Fvalue is 653.1082674046928	 mag: 16401.0591
Fvalue is 652.7975494214315	 mag: 29.4560
Fvalue is 652.5869743599494	 mag: 6483.4312
Fvalue is 652.3313886727703	 mag: 1361.9358
Fvalue is 652.0305671468514	 mag: 444567.2157
Fvalue is 653.2698708797558	 mag: 34939.7586
Fvalue is 651.8978197054354	 mag: 298.7778
Fvalue is 651.6461225841763	 mag: 3824.6136
Fvalue is 651.4304797874819	 mag: 22269.9788
Fvalue is 651.1308665373335	 mag: 66384.2693
Fvalue is 651.0471725510288	 mag: 235.8889
Fvalue is 650.8232269355882	 mag: 36.5174
Fvalue is 650.7384625622725	 mag: 46101.4140
Fvalue is 650.5066492350329	 mag: 56.4238
Fvalue is 650.3447075729	 mag: 81.0203
Fvalue is 650.284198446331	 mag: 232.4154
Fvalue is 650.090108060864	 mag: 40744.2556
Fvalue is 649.9394162516719	 mag: 1190.2492
Fvalue is 649.8065921605375	 mag: 409.5974
Fvalue is 649.7543197956353	 mag: 16501.3982
Fvalue is 649.6789626872385	 mag: 7333.0602
Fvalue is 649.6234422093453	 mag: 1357.1884
Fvalue is 649.5852848903874	 mag: 9.7271
Fvalue is 649.5412208442146	 mag: 781.9889
Fvalue is 649.4907587905461	 mag: 4176.9457
Fvalue is 649.4282994822772	 mag: 32157.7452
Fvalue is 649.42778055268	 mag: 3367.0745
Fvalue is 649.3879441978057	 mag: 84.3819
Fvalue is 649.3598519778128
MT-LinAdaptWithSupUsr[dim:801,supDime:3072, eta1:0.500,eta2:1.000,lambda1:0.500,lambda2:1.000, personalized: true]
Micro confusion matrix:
	0	1
0	16445	6880
1	6971	71814
Micro F1:
Class 0: 0.7037	Class 1: 0.9120	
Macro F1:
Class 0: 0.5221	Class 1: 0.8309	
[Info]Training size: 0, adaptation size: 32390, and testing size: 102110
[Info]Training size: 0, adaptation size: 32390, and testing size: 102110
.......................*
optimization finished, #iter = 238
Objective value = -28.1408
nSV = 14128
MT-SVM[mu:1.000,C:1.000,bias:true]
Micro confusion matrix:
	0	1
0	16011	5003
1	7405	73691
Micro F1:
Class 0: 0.7207	Class 1: 0.9223	
Macro F1:
Class 0: 0.5350	Class 1: 0.8573	
Load 3071 2-gram features from ./data/CoLinAdapt/Yelp/SelectedVocab.csv...
Average review length over all users is 46.051, max average length is 99.893.
[Info]Start: 0, End: 100, (11386/11733) users and 136934 reviews are loaded from ./data/CoLinAdapt/Yelp/Users...
[Info]Feature group size 801
[Info]Training size: 0, adaptation size: 32979, and testing size: 103955
	 mag: 67488618.8092
Fvalue is 113672.09049855526	 mag: 1055170105.8839
Fvalue is 12549.26777557247	 mag: 1609592985.7287
Fvalue is 10581.361495085013	 mag: 138462859.6210
Fvalue is 5068.908083122894	 mag: 6333732.6068
Fvalue is 4341.478809808617	 mag: 129640594.3580
Fvalue is 2990.830520291398	 mag: 43231700.8564
Fvalue is 2319.4955961717837	 mag: 5294639.5893
Fvalue is 1698.9160576997483	 mag: 11630946.5889
Fvalue is 1405.2864785365643	 mag: 3911479586.8109
Fvalue is 3102.193656557363	 mag: 47120678.6290
Fvalue is 1335.8096407655728	 mag: 15360616.1245
Fvalue is 1232.1625999069306	 mag: 1203703.5208
Fvalue is 1144.797815411504	 mag: 160330.0780
Fvalue is 1060.1070457731603	 mag: 1996753.9186
Fvalue is 968.7818249811789	 mag: 1316154.5242
Fvalue is 897.3009189208307	 mag: 1570621293.8719
Fvalue is 1567.9983068374052	 mag: 7026487.2356
Fvalue is 879.4492641578477	 mag: 4243163.5898
Fvalue is 845.2522967936275	 mag: 381784.1080
Fvalue is 814.2030680118605	 mag: 347193.7021
Fvalue is 796.9271153464807	 mag: 2044834.4291
Fvalue is 775.9286470521477	 mag: 839483.9844
Fvalue is 753.4856839956301	 mag: 1537642.6182
Fvalue is 729.8373123984576	 mag: 3720683555.6738
Fvalue is 2437.019311945176	 mag: 34137.2105
Fvalue is 727.4888414720564	 mag: 144655.6992
Fvalue is 719.306659562546	 mag: 1404.9690
Fvalue is 711.7132524587576	 mag: 236068.6508
Fvalue is 703.830350480212	 mag: 11578.3773
Fvalue is 696.6312309721325	 mag: 55048.6607
Fvalue is 689.9694390699149	 mag: 513178.3274
Fvalue is 683.3081945256299	 mag: 94691939.4128
Fvalue is 775.2438723161165	 mag: 56115.5118
Fvalue is 682.0444884872618	 mag: 3658.7079
Fvalue is 679.8843762326183	 mag: 59092.5137
Fvalue is 677.5578879576631	 mag: 173.4601
Fvalue is 675.4677804329998	 mag: 2841.3244
Fvalue is 673.5062420543895	 mag: 7611.1422
Fvalue is 671.1460765837057	 mag: 61509.4840
Fvalue is 668.6918814468756	 mag: 16504775.6974
Fvalue is 685.2304629285693	 mag: 95642.1292
Fvalue is 668.2757732749274	 mag: 3891.3952
Fvalue is 667.4747539220709	 mag: 1545.9124
Fvalue is 666.8017746824491	 mag: 2468.7933
Fvalue is 665.9713651008516	 mag: 14239.8345
Fvalue is 664.9018711274464	 mag: 322.1835
Fvalue is 663.7617368622624	 mag: 388666.0158
Fvalue is 663.5762280314831	 mag: 3800.8817
Fvalue is 663.0678704634333	 mag: 8264.8967
Fvalue is 662.9899724961535	 mag: 20480.3628
Fvalue is 662.3461040265722	 mag: 17288.5116
Fvalue is 661.610356540861	 mag: 96781.6388
Fvalue is 662.8014104522126	 mag: 544.9428
Fvalue is 661.0833990358648	 mag: 1230.0281
Fvalue is 660.6057745086179	 mag: 30480.6504
Fvalue is 659.577724153982	 mag: 13644204.6814
Fvalue is 672.5393578595892	 mag: 11855.7703
Fvalue is 659.4902829542858	 mag: 7046.4431
Fvalue is 659.3074112154987	 mag: 498.6794
Fvalue is 658.7874134019994	 mag: 81.8313
Fvalue is 658.2341317594731	 mag: 1364.0192
Fvalue is 657.7046409423092	 mag: 7175.2470
Fvalue is 657.3614654044037	 mag: 523608.8251
Fvalue is 657.5845068663016	 mag: 37072.5230
Fvalue is 657.2778714818622	 mag: 23938.8197
Fvalue is 657.1534405647697	 mag: 1825.1322
Fvalue is 656.8725368635987	 mag: 593.0201
Fvalue is 656.7359453972354	 mag: 40.2005
Fvalue is 656.4519748420098	 mag: 324.0228
Fvalue is 656.2867866049871	 mag: 175645.7831
Fvalue is 656.3041059327978	 mag: 37112.3096
Fvalue is 656.1823168682257	 mag: 1282.7062
Fvalue is 656.0285052105808	 mag: 59.8546
Fvalue is 655.9766584865495	 mag: 505.8629
Fvalue is 655.8683728787356	 mag: 74986.0110
Fvalue is 656.0366489503851	 mag: 5926.8279
Fvalue is 655.8121675632349	 mag: 1989.6122
Fvalue is 655.7570486134179	 mag: 1043.6801
Fvalue is 655.6636263410121	 mag: 17215.8510
Fvalue is 655.6473254331111	 mag: 114.8891
Fvalue is 655.5976708721444	 mag: 673.5479
Fvalue is 655.578793829412	 mag: 1292.9604
Fvalue is 655.5395687890766	 mag: 6087.4078
Fvalue is 655.4992695446488	 mag: 8.1040
Fvalue is 655.4389915108184
MT-LinAdaptWithSupUsr[dim:801,supDime:3072, eta1:0.500,eta2:1.000,lambda1:0.500,lambda2:1.000, personalized: true]
Micro confusion matrix:
	0	1
0	16718	6980
1	7122	73135
Micro F1:
Class 0: 0.7034	Class 1: 0.9121	
Macro F1:
Class 0: 0.5215	Class 1: 0.8299	
[Info]Training size: 0, adaptation size: 32979, and testing size: 103955
[Info]Training size: 0, adaptation size: 32979, and testing size: 103955
........................*
optimization finished, #iter = 242
Objective value = -28.3284
nSV = 14297
MT-SVM[mu:1.000,C:1.000,bias:true]
Micro confusion matrix:
	0	1
0	16305	5079
1	7535	75036
Micro F1:
Class 0: 0.7211	Class 1: 0.9225	
Macro F1:
Class 0: 0.5351	Class 1: 0.8573	
