
--------------------------------------------------------------------------------------
Parameters of learning procedure:
#Class: 5	Ngram: 2	Feature value: TF	Normalization: 2
Doc length cut: 10	Window length: 0
Learning paradigm: SEMI	Sampling rate: 0.25	kUL: 100	kUU: 50
alpha: 1.05	beta: 1.01
Solver: Random Walk	Base Classifer: SVM	Weighted Sum: true	Similarity Weight: false
Classifier: SVM	Instance weighting: NONE	Trade-off Parameter: 1.0	Cross validation: 10
Data directory: ./data/amazon/small/dedup/RawData
--------------------------------------------------------------------------------------
Creating feature vectors, wait...
8055 feature words loaded from ./data/Features/fv_2gram_tablets_86jsons.txt...
Keywords for <screen>: 52
Keywords for <app>: 55
Keywords for <price>: 63
Keywords for <battery>: 60
Keywords for <sound>: 23
Keywords for <camera>: 47
Keywords for <cpu>: 46
Keywords for <microsd>: 44
Keywords for <internet>: 46
Keywords for <keyboard>: 26
Keywords for <usb>: 35
Keywords for <servic>: 49
Loading 614 stopwords from ./data/Model/stopwords.dat
DTLoading 16776 reviews from ./data/amazon/small/dedup/RawData
No normalizaiton is adopted here or wrong parameters!!
Text feature generated for 16776 documents...
2082 1104 1325 3146 9119 , Total: 16776
Info File Path: ./data/result/Topics_30Information.txt
Prior keywords for Topic 0 (<screen>): 52/52
Prior keywords for Topic 1 (<app>): 55/55
Prior keywords for Topic 2 (<price>): 63/63
Prior keywords for Topic 3 (<battery>): 60/60
Prior keywords for Topic 4 (<sound>): 23/23
Prior keywords for Topic 5 (<camera>): 47/47
Prior keywords for Topic 6 (<cpu>): 46/46
Prior keywords for Topic 7 (<microsd>): 44/44
Prior keywords for Topic 8 (<internet>): 46/46
Prior keywords for Topic 9 (<keyboard>): 26/26
Prior keywords for Topic 10 (<usb>): 35/35
Prior keywords for Topic 11 (<servic>): 49/50
..........Likelihood 16776.000 after step 100 converge to 0.000000 after 13 seconds...
Text feature generated for 16776 documents...
2082 1104 1325 3146 9119 , Total: 16776
Start Transductive Learning, wait...
..*
optimization finished, #iter = 24
Objective value = -1160.26
nSV = 2346
Creating cache for labeled documents...
Generate 252531(1315:1471) ranking pairs for L2R model training...
....................................................................................................
optimization finished, #iter = 1000

WARNING: reaching max number of iterations
Using -s 2 may be faster (also see FAQ)

Objective value = -213403
nSV = 214736
0.58822 -3.00049 -0.14446 0.00945 3.94014 -13.89004 0.06315 -0.11839 0.02720 0.04838 0.00000 
Construct nearest neighbor graph nodes in parallel: L: 3282, U: 13494
Construct nearest neighbor graph edges in parallel: L: 3282, U: 13494
[5058,6744) finished...
[1686,3372) finished...
[3372,5058) finished...
[6744,8430) finished...
[0,1686) finished...
[11802,13494) finished...
[8430,10116) finished...
[10116,11802) finished...
Nearest neighbor graph construction finished!
Random walk starts:
Iteration 1, converge to 0.177 with accuracy 0.7846...
Iteration 2, converge to 0.010 with accuracy 0.7846...
Iteration 3, converge to 0.001 with accuracy 0.7844...
Iteration 4, converge to 0.000 with accuracy 0.7843...
Iteration 5, converge to 0.000 with accuracy 0.7843...

Query	Docs	P@5	P@10	P@20
Pos	U	0.792	0.788	0.783
Pos	L	0.719	0.712	0.706
Neg	U	0.598	0.596	0.593
Neg	L	0.614	0.606	0.597

Gaussian Fields by random walk [C:SVM[C:2, F:8055, T:L2R_L1LOSS_SVC_DUAL, c:1.000], k:20, k':20, r:1.000, alpha:1.000, beta:1.000, eta:0.600]-[RankSVM] Train/Test finished in 303.50 seconds with accuracy 0.7843 and F1 (0:0.751 1:0.810)...
..*
optimization finished, #iter = 21
Objective value = -1191.83
nSV = 2394
Creating cache for labeled documents...
Generate 261494(1330:1538) ranking pairs for L2R model training...
....................................................................................................
optimization finished, #iter = 1000

WARNING: reaching max number of iterations
Using -s 2 may be faster (also see FAQ)

Objective value = -220933
nSV = 222683
0.56744 -3.10596 -0.08972 0.01275 3.27419 -12.60652 0.22778 -0.15846 0.30447 0.07343 0.00000 
Construct nearest neighbor graph nodes in parallel: L: 3325, U: 13451
Construct nearest neighbor graph edges in parallel: L: 3325, U: 13451
[5043,6724) finished...
[1681,3362) finished...
[11767,13451) finished...
[0,1681) finished...
[6724,8405) finished...
[3362,5043) finished...
[8405,10086) finished...
[10086,11767) finished...
Nearest neighbor graph construction finished!
Random walk starts:
Iteration 1, converge to 0.174 with accuracy 0.7915...
Iteration 2, converge to 0.011 with accuracy 0.7909...
Iteration 3, converge to 0.001 with accuracy 0.7906...
Iteration 4, converge to 0.000 with accuracy 0.7906...
Iteration 5, converge to 0.000 with accuracy 0.7906...

Query	Docs	P@5	P@10	P@20
Pos	U	0.807	0.799	0.794
Pos	L	0.709	0.706	0.701
Neg	U	0.594	0.592	0.589
Neg	L	0.612	0.606	0.597

Gaussian Fields by random walk [C:SVM[C:2, F:8055, T:L2R_L1LOSS_SVC_DUAL, c:1.000], k:20, k':20, r:1.000, alpha:1.000, beta:1.000, eta:0.600]-[RankSVM] Train/Test finished in 265.81 seconds with accuracy 0.7906 and F1 (0:0.755 1:0.817)...
......*.**.*
optimization finished, #iter = 82
Objective value = -1204.55
nSV = 2399
Creating cache for labeled documents...
Generate 266505(1358:1556) ranking pairs for L2R model training...
....................................................................................................
optimization finished, #iter = 1000

WARNING: reaching max number of iterations
Using -s 2 may be faster (also see FAQ)

Objective value = -228950
nSV = 230598
0.62160 -2.97103 -0.16696 0.00034 2.61213 -14.08774 0.29885 -0.07675 0.35081 0.09950 0.00000 
Construct nearest neighbor graph nodes in parallel: L: 3364, U: 13412
Construct nearest neighbor graph edges in parallel: L: 3364, U: 13412
[5028,6704) finished...
[1676,3352) finished...
[0,1676) finished...
[3352,5028) finished...
[6704,8380) finished...
[11732,13412) finished...
[8380,10056) finished...
[10056,11732) finished...
Nearest neighbor graph construction finished!
Random walk starts:
Iteration 1, converge to 0.174 with accuracy 0.7917...
Iteration 2, converge to 0.010 with accuracy 0.7909...
Iteration 3, converge to 0.001 with accuracy 0.7909...
Iteration 4, converge to 0.000 with accuracy 0.7909...
Iteration 5, converge to 0.000 with accuracy 0.7909...

Query	Docs	P@5	P@10	P@20
Pos	U	0.788	0.783	0.781
Pos	L	0.715	0.710	0.703
Neg	U	0.616	0.611	0.606
Neg	L	0.614	0.608	0.604

Gaussian Fields by random walk [C:SVM[C:2, F:8055, T:L2R_L1LOSS_SVC_DUAL, c:1.000], k:20, k':20, r:1.000, alpha:1.000, beta:1.000, eta:0.600]-[RankSVM] Train/Test finished in 246.82 seconds with accuracy 0.7909 and F1 (0:0.757 1:0.816)...
.*
optimization finished, #iter = 19
Objective value = -1191.01
nSV = 2377
Creating cache for labeled documents...
Generate 263624(1368:1535) ranking pairs for L2R model training...
....................................................................................................
optimization finished, #iter = 1000

WARNING: reaching max number of iterations
Using -s 2 may be faster (also see FAQ)

Objective value = -223484
nSV = 224920
0.76293 -3.07850 -0.14135 -0.00427 2.76589 -18.33719 0.09345 -0.09642 0.32513 0.07164 0.00000 
Construct nearest neighbor graph nodes in parallel: L: 3359, U: 13417
Construct nearest neighbor graph edges in parallel: L: 3359, U: 13417
[1677,3354) finished...
[5031,6708) finished...
[0,1677) finished...
[3354,5031) finished...
[11739,13417) finished...
[6708,8385) finished...
[10062,11739) finished...
[8385,10062) finished...
Nearest neighbor graph construction finished!
Random walk starts:
Iteration 1, converge to 0.172 with accuracy 0.7914...
Iteration 2, converge to 0.010 with accuracy 0.7909...
Iteration 3, converge to 0.001 with accuracy 0.7909...
Iteration 4, converge to 0.000 with accuracy 0.7909...

Query	Docs	P@5	P@10	P@20
Pos	U	0.777	0.774	0.769
Pos	L	0.716	0.709	0.702
Neg	U	0.632	0.625	0.619
Neg	L	0.622	0.619	0.612

Gaussian Fields by random walk [C:SVM[C:2, F:8055, T:L2R_L1LOSS_SVC_DUAL, c:1.000], k:20, k':20, r:1.000, alpha:1.000, beta:1.000, eta:0.600]-[RankSVM] Train/Test finished in 236.84 seconds with accuracy 0.7909 and F1 (0:0.760 1:0.815)...
.*
optimization finished, #iter = 18
Objective value = -1223.24
nSV = 2426
Creating cache for labeled documents...
Generate 270724(1403:1577) ranking pairs for L2R model training...
....................................................................................................
optimization finished, #iter = 1000

WARNING: reaching max number of iterations
Using -s 2 may be faster (also see FAQ)

Objective value = -230704
nSV = 232154
0.66930 -3.02447 -0.12508 -0.00183 3.45056 -18.34530 0.10372 -0.15452 0.07748 0.12283 0.00000 
Construct nearest neighbor graph nodes in parallel: L: 3408, U: 13368
Construct nearest neighbor graph edges in parallel: L: 3408, U: 13368
[5013,6684) finished...
[3342,5013) finished...
[1671,3342) finished...
[8355,10026) finished...
[11697,13368) finished...
[0,1671) finished...
[6684,8355) finished...
[10026,11697) finished...
Nearest neighbor graph construction finished!
Random walk starts:
Iteration 1, converge to 0.175 with accuracy 0.7844...
Iteration 2, converge to 0.010 with accuracy 0.7844...
Iteration 3, converge to 0.001 with accuracy 0.7843...
Iteration 4, converge to 0.000 with accuracy 0.7843...
Iteration 5, converge to 0.000 with accuracy 0.7843...

Query	Docs	P@5	P@10	P@20
Pos	U	0.779	0.774	0.769
Pos	L	0.705	0.699	0.692
Neg	U	0.628	0.623	0.617
Neg	L	0.633	0.630	0.622

Gaussian Fields by random walk [C:SVM[C:2, F:8055, T:L2R_L1LOSS_SVC_DUAL, c:1.000], k:20, k':20, r:1.000, alpha:1.000, beta:1.000, eta:0.600]-[RankSVM] Train/Test finished in 240.30 seconds with accuracy 0.7843 and F1 (0:0.752 1:0.809)...
.*.
optimization finished, #iter = 20
Objective value = -1221.80
nSV = 2439
Creating cache for labeled documents...
Generate 267046(1379:1559) ranking pairs for L2R model training...
....................................................................................................
optimization finished, #iter = 1000

WARNING: reaching max number of iterations
Using -s 2 may be faster (also see FAQ)

Objective value = -227991
nSV = 229143
0.10787 -2.97359 -0.10367 -0.00111 4.41868 -10.26814 0.09614 -0.13943 0.55287 0.13450 0.00000 
Construct nearest neighbor graph nodes in parallel: L: 3415, U: 13361
Construct nearest neighbor graph edges in parallel: L: 3415, U: 13361
[5010,6680) finished...
[1670,3340) finished...
[3340,5010) finished...
[0,1670) finished...
[11690,13361) finished...
[6680,8350) finished...
[10020,11690) finished...
[8350,10020) finished...
Nearest neighbor graph construction finished!
Random walk starts:
Iteration 1, converge to 0.175 with accuracy 0.7902...
Iteration 2, converge to 0.010 with accuracy 0.7900...
Iteration 3, converge to 0.001 with accuracy 0.7898...
Iteration 4, converge to 0.000 with accuracy 0.7898...
Iteration 5, converge to 0.000 with accuracy 0.7898...

Query	Docs	P@5	P@10	P@20
Pos	U	0.790	0.786	0.780
Pos	L	0.715	0.710	0.705
Neg	U	0.611	0.607	0.600
Neg	L	0.618	0.610	0.602

Gaussian Fields by random walk [C:SVM[C:2, F:8055, T:L2R_L1LOSS_SVC_DUAL, c:1.000], k:20, k':20, r:1.000, alpha:1.000, beta:1.000, eta:0.600]-[RankSVM] Train/Test finished in 254.26 seconds with accuracy 0.7898 and F1 (0:0.756 1:0.815)...
.*
optimization finished, #iter = 18
Objective value = -1183.68
nSV = 2394
Creating cache for labeled documents...
Generate 268679(1376:1561) ranking pairs for L2R model training...
....................................................................................................
optimization finished, #iter = 1000

WARNING: reaching max number of iterations
Using -s 2 may be faster (also see FAQ)

Objective value = -228420
nSV = 229713
0.48448 -3.03236 -0.11892 -0.00443 3.53158 -15.79359 0.14868 -0.12269 0.01807 0.09471 0.00000 
Construct nearest neighbor graph nodes in parallel: L: 3392, U: 13384
Construct nearest neighbor graph edges in parallel: L: 3392, U: 13384
[5019,6692) finished...
[1673,3346) finished...
[0,1673) finished...
[3346,5019) finished...
[11711,13384) finished...
[6692,8365) finished...
[8365,10038) finished...
[10038,11711) finished...
Nearest neighbor graph construction finished!
Random walk starts:
Iteration 1, converge to 0.173 with accuracy 0.7924...
Iteration 2, converge to 0.010 with accuracy 0.7924...
Iteration 3, converge to 0.001 with accuracy 0.7923...
Iteration 4, converge to 0.000 with accuracy 0.7923...
Iteration 5, converge to 0.000 with accuracy 0.7923...

Query	Docs	P@5	P@10	P@20
Pos	U	0.786	0.782	0.776
Pos	L	0.716	0.710	0.706
Neg	U	0.618	0.613	0.608
Neg	L	0.614	0.610	0.601

Gaussian Fields by random walk [C:SVM[C:2, F:8055, T:L2R_L1LOSS_SVC_DUAL, c:1.000], k:20, k':20, r:1.000, alpha:1.000, beta:1.000, eta:0.600]-[RankSVM] Train/Test finished in 251.16 seconds with accuracy 0.7923 and F1 (0:0.760 1:0.817)...
..*
optimization finished, #iter = 21
Objective value = -1161.86
nSV = 2355
Creating cache for labeled documents...
Generate 256931(1326:1501) ranking pairs for L2R model training...
....................................................................................................
optimization finished, #iter = 1000

WARNING: reaching max number of iterations
Using -s 2 may be faster (also see FAQ)

Objective value = -218356
nSV = 219915
1.48584 -2.74987 -0.09566 -0.00775 2.15564 -17.37364 0.15759 -0.02401 0.07355 0.07958 0.00000 
Construct nearest neighbor graph nodes in parallel: L: 3345, U: 13431
Construct nearest neighbor graph edges in parallel: L: 3345, U: 13431
[5034,6712) finished...
[1678,3356) finished...
[0,1678) finished...
[3356,5034) finished...
[11746,13431) finished...
[6712,8390) finished...
[8390,10068) finished...
[10068,11746) finished...
Nearest neighbor graph construction finished!
Random walk starts:
Iteration 1, converge to 0.173 with accuracy 0.7918...
Iteration 2, converge to 0.010 with accuracy 0.7920...
Iteration 3, converge to 0.001 with accuracy 0.7918...
Iteration 4, converge to 0.000 with accuracy 0.7917...
Iteration 5, converge to 0.000 with accuracy 0.7917...

Query	Docs	P@5	P@10	P@20
Pos	U	0.780	0.777	0.771
Pos	L	0.718	0.712	0.703
Neg	U	0.622	0.619	0.615
Neg	L	0.622	0.614	0.606

Gaussian Fields by random walk [C:SVM[C:2, F:8055, T:L2R_L1LOSS_SVC_DUAL, c:1.000], k:20, k':20, r:1.000, alpha:1.000, beta:1.000, eta:0.600]-[RankSVM] Train/Test finished in 166.23 seconds with accuracy 0.7917 and F1 (0:0.763 1:0.814)...
...*
optimization finished, #iter = 32
Objective value = -1173.25
nSV = 2328
Creating cache for labeled documents...
Generate 254627(1306:1491) ranking pairs for L2R model training...
....................................................................................................
optimization finished, #iter = 1000

WARNING: reaching max number of iterations
Using -s 2 may be faster (also see FAQ)

Objective value = -214090
nSV = 215375
0.86273 -2.94098 -0.14489 0.00175 2.74692 -16.02265 0.32217 -0.06624 0.31312 0.07342 0.00000 
Construct nearest neighbor graph nodes in parallel: L: 3330, U: 13446
Construct nearest neighbor graph edges in parallel: L: 3330, U: 13446
[5040,6720) finished...
[1680,3360) finished...
[0,1680) finished...
[3360,5040) finished...
[11760,13446) finished...
[8400,10080) finished...
[6720,8400) finished...
[10080,11760) finished...
Nearest neighbor graph construction finished!
Random walk starts:
Iteration 1, converge to 0.175 with accuracy 0.7912...
Iteration 2, converge to 0.010 with accuracy 0.7906...
Iteration 3, converge to 0.001 with accuracy 0.7905...
Iteration 4, converge to 0.000 with accuracy 0.7905...
Iteration 5, converge to 0.000 with accuracy 0.7905...

Query	Docs	P@5	P@10	P@20
Pos	U	0.781	0.778	0.774
Pos	L	0.712	0.708	0.701
Neg	U	0.622	0.619	0.614
Neg	L	0.622	0.618	0.609

Gaussian Fields by random walk [C:SVM[C:2, F:8055, T:L2R_L1LOSS_SVC_DUAL, c:1.000], k:20, k':20, r:1.000, alpha:1.000, beta:1.000, eta:0.600]-[RankSVM] Train/Test finished in 168.69 seconds with accuracy 0.7905 and F1 (0:0.762 1:0.813)...
.*
optimization finished, #iter = 17
Objective value = -1179.61
nSV = 2347
Creating cache for labeled documents...
Generate 260918(1348:1524) ranking pairs for L2R model training...
....................................................................................................
optimization finished, #iter = 1000

WARNING: reaching max number of iterations
Using -s 2 may be faster (also see FAQ)

Objective value = -221444
nSV = 222692
1.02733 -2.72922 -0.08201 0.00090 3.34232 -17.85715 0.19528 -0.06978 0.11653 0.03700 0.00000 
Construct nearest neighbor graph nodes in parallel: L: 3332, U: 13444
Construct nearest neighbor graph edges in parallel: L: 3332, U: 13444
[5040,6720) finished...
[1680,3360) finished...
[0,1680) finished...
[3360,5040) finished...
[11760,13444) finished...
[6720,8400) finished...
[8400,10080) finished...
[10080,11760) finished...
Nearest neighbor graph construction finished!
Random walk starts:
Iteration 1, converge to 0.174 with accuracy 0.7873...
Iteration 2, converge to 0.010 with accuracy 0.7871...
Iteration 3, converge to 0.001 with accuracy 0.7873...
Iteration 4, converge to 0.000 with accuracy 0.7873...
Iteration 5, converge to 0.000 with accuracy 0.7873...

Query	Docs	P@5	P@10	P@20
Pos	U	0.794	0.790	0.785
Pos	L	0.709	0.707	0.703
Neg	U	0.606	0.603	0.600
Neg	L	0.631	0.622	0.611

Gaussian Fields by random walk [C:SVM[C:2, F:8055, T:L2R_L1LOSS_SVC_DUAL, c:1.000], k:20, k':20, r:1.000, alpha:1.000, beta:1.000, eta:0.600]-[RankSVM] Train/Test finished in 164.89 seconds with accuracy 0.7873 and F1 (0:0.757 1:0.811)...
*************************************************
The final result of Gaussian Fields by random walk [C:SVM[C:2, F:8055, T:L2R_L1LOSS_SVC_DUAL, c:1.000], k:20, k':20, r:1.000, alpha:1.000, beta:1.000, eta:0.600]-[RankSVM] is as follows:
The total number of classes is 2
Class 0:	precision(0.798+/-0.006)	recall(0.720+/-0.008)
Class 1:	precision(0.783+/-0.004)	recall(0.847+/-0.006)
	0	1	P
0	44120	11149	0.7983
1	17136	61803	0.7829
R	0.7203	0.8472	0.7892
F1	0.7573	0.8138
