
--------------------------------------------------------------------------------------
Parameters of learning procedure:
#Class: 5	Ngram: 2	Feature value: TF	Normalization: 2
Doc length cut: 10	Window length: 0
Learning paradigm: SEMI	Sampling rate: 0.25	kUL: 100	kUU: 50
alpha: 1.05	beta: 1.01
Solver: Random Walk	Base Classifer: SVM	Weighted Sum: true	Similarity Weight: false
Classifier: SVM	Instance weighting: NONE	Trade-off Parameter: 1.0	Cross validation: 10
Data directory: ./data/amazon/small/dedup/RawData
--------------------------------------------------------------------------------------
Creating feature vectors, wait...
8055 feature words loaded from ./data/Features/fv_2gram_tablets_86jsons.txt...
Keywords for <screen>: 52
Keywords for <app>: 55
Keywords for <price>: 63
Keywords for <battery>: 60
Keywords for <sound>: 23
Keywords for <camera>: 47
Keywords for <cpu>: 46
Keywords for <microsd>: 44
Keywords for <internet>: 46
Keywords for <keyboard>: 26
Keywords for <usb>: 35
Keywords for <servic>: 49
Loading 614 stopwords from ./data/Model/stopwords.dat
DTLoading 16776 reviews from ./data/amazon/small/dedup/RawData
No normalizaiton is adopted here or wrong parameters!!
Text feature generated for 16776 documents...
2082 1104 1325 3146 9119 , Total: 16776
Info File Path: ./data/result/Topics_30Information.txt
Prior keywords for Topic 0 (<screen>): 52/52
Prior keywords for Topic 1 (<app>): 55/55
Prior keywords for Topic 2 (<price>): 63/63
Prior keywords for Topic 3 (<battery>): 60/60
Prior keywords for Topic 4 (<sound>): 23/23
Prior keywords for Topic 5 (<camera>): 47/47
Prior keywords for Topic 6 (<cpu>): 46/46
Prior keywords for Topic 7 (<microsd>): 44/44
Prior keywords for Topic 8 (<internet>): 46/46
Prior keywords for Topic 9 (<keyboard>): 26/26
Prior keywords for Topic 10 (<usb>): 35/35
Prior keywords for Topic 11 (<servic>): 49/50
..........Likelihood 16776.000 after step 100 converge to 0.000000 after 13 seconds...
Text feature generated for 16776 documents...
2082 1104 1325 3146 9119 , Total: 16776
Start Transductive Learning, wait...
..*
optimization finished, #iter = 23
Objective value = -1214.92
nSV = 2378
Creating cache for labeled documents...
Generate 143834(1347:1509) ranking pairs for L2R model training...
....................................................................................................
optimization finished, #iter = 1000

WARNING: reaching max number of iterations
Using -s 2 may be faster (also see FAQ)

Objective value = -123410
nSV = 124160
0.89943 -2.87987 -0.13429 -0.01496 2.61531 -15.17775 0.02824 -0.08452 0.71007 0.11231 0.00000 
Construct nearest neighbor graph nodes in parallel: L: 3348, U: 13428
Construct nearest neighbor graph edges in parallel: L: 3348, U: 13428
[5034,6712) finished...
[1678,3356) finished...
[0,1678) finished...
[3356,5034) finished...
[11746,13428) finished...
[6712,8390) finished...
[8390,10068) finished...
[10068,11746) finished...
Nearest neighbor graph construction finished!
Random walk starts:
Iteration 1, converge to 0.207 with accuracy 0.7869...
Iteration 2, converge to 0.014 with accuracy 0.7870...
Iteration 3, converge to 0.002 with accuracy 0.7871...
Iteration 4, converge to 0.000 with accuracy 0.7872...
Iteration 5, converge to 0.000 with accuracy 0.7872...

Query	Docs	P@5	P@10	P@20
Pos	U	0.780	0.777	0.773
Pos	L	0.697	0.691	0.689
Neg	U	0.637	0.631	0.626
Neg	L	0.636	0.631	0.622

Gaussian Fields by random walk [C:SVM[C:2, F:8055, T:L2R_L1LOSS_SVC_DUAL, c:1.000], k:20, k':20, r:1.000, alpha:1.000, beta:1.000, eta:0.700]-[RankSVM] Train/Test finished in 254.84 seconds with accuracy 0.7872 and F1 (0:0.757 1:0.811)...
.*
optimization finished, #iter = 17
Objective value = -1202.41
nSV = 2396
Creating cache for labeled documents...
Generate 142580(1339:1503) ranking pairs for L2R model training...
....................................................................................................
optimization finished, #iter = 1000

WARNING: reaching max number of iterations
Using -s 2 may be faster (also see FAQ)

Objective value = -121576
nSV = 122290
0.70965 -3.16370 -0.12524 -0.00393 2.80751 -16.02925 0.04767 -0.18791 -0.10732 0.10488 0.00000 
Construct nearest neighbor graph nodes in parallel: L: 3347, U: 13429
Construct nearest neighbor graph edges in parallel: L: 3347, U: 13429
[5034,6712) finished...
[1678,3356) finished...
[0,1678) finished...
[6712,8390) finished...
[8390,10068) finished...
[3356,5034) finished...
[11746,13429) finished...
[10068,11746) finished...
Nearest neighbor graph construction finished!
Random walk starts:
Iteration 1, converge to 0.202 with accuracy 0.7919...
Iteration 2, converge to 0.014 with accuracy 0.7919...
Iteration 3, converge to 0.002 with accuracy 0.7919...
Iteration 4, converge to 0.000 with accuracy 0.7919...
Iteration 5, converge to 0.000 with accuracy 0.7919...

Query	Docs	P@5	P@10	P@20
Pos	U	0.805	0.802	0.798
Pos	L	0.709	0.706	0.703
Neg	U	0.610	0.605	0.599
Neg	L	0.625	0.615	0.606

Gaussian Fields by random walk [C:SVM[C:2, F:8055, T:L2R_L1LOSS_SVC_DUAL, c:1.000], k:20, k':20, r:1.000, alpha:1.000, beta:1.000, eta:0.700]-[RankSVM] Train/Test finished in 231.14 seconds with accuracy 0.7919 and F1 (0:0.756 1:0.818)...
..*
optimization finished, #iter = 21
Objective value = -1196.89
nSV = 2405
Creating cache for labeled documents...
Generate 142504(1346:1516) ranking pairs for L2R model training...
....................................................................................................
optimization finished, #iter = 1000

WARNING: reaching max number of iterations
Using -s 2 may be faster (also see FAQ)

Objective value = -121416
nSV = 122199
0.63359 -3.03863 -0.15074 0.00585 2.79891 -14.19159 0.11206 -0.06082 0.32588 0.02096 0.00000 
Construct nearest neighbor graph nodes in parallel: L: 3416, U: 13360
Construct nearest neighbor graph edges in parallel: L: 3416, U: 13360
[5010,6680) finished...
[1670,3340) finished...
[0,1670) finished...
[11690,13360) finished...
[3340,5010) finished...
[8350,10020) finished...
[6680,8350) finished...
[10020,11690) finished...
Nearest neighbor graph construction finished!
Random walk starts:
Iteration 1, converge to 0.199 with accuracy 0.7885...
Iteration 2, converge to 0.014 with accuracy 0.7891...
Iteration 3, converge to 0.002 with accuracy 0.7891...
Iteration 4, converge to 0.000 with accuracy 0.7891...
Iteration 5, converge to 0.000 with accuracy 0.7891...

Query	Docs	P@5	P@10	P@20
Pos	U	0.830	0.826	0.822
Pos	L	0.729	0.727	0.723
Neg	U	0.577	0.573	0.567
Neg	L	0.606	0.598	0.589

Gaussian Fields by random walk [C:SVM[C:2, F:8055, T:L2R_L1LOSS_SVC_DUAL, c:1.000], k:20, k':20, r:1.000, alpha:1.000, beta:1.000, eta:0.700]-[RankSVM] Train/Test finished in 217.73 seconds with accuracy 0.7891 and F1 (0:0.746 1:0.820)...
.*
optimization finished, #iter = 18
Objective value = -1158.66
nSV = 2371
Creating cache for labeled documents...
Generate 142958(1350:1527) ranking pairs for L2R model training...
....................................................................................................
optimization finished, #iter = 1000

WARNING: reaching max number of iterations
Using -s 2 may be faster (also see FAQ)

Objective value = -118748
nSV = 119537
1.76935 -3.06683 -0.14303 -0.00630 1.01549 -16.08401 0.15762 -0.07265 0.22732 0.06375 0.00000 
Construct nearest neighbor graph nodes in parallel: L: 3428, U: 13348
Construct nearest neighbor graph edges in parallel: L: 3428, U: 13348
[5004,6672) finished...
[1668,3336) finished...
[0,1668) finished...
[3336,5004) finished...
[8340,10008) finished...
[6672,8340) finished...
[11676,13348) finished...
[10008,11676) finished...
Nearest neighbor graph construction finished!
Random walk starts:
Iteration 1, converge to 0.200 with accuracy 0.7856...
Iteration 2, converge to 0.014 with accuracy 0.7860...
Iteration 3, converge to 0.002 with accuracy 0.7861...
Iteration 4, converge to 0.000 with accuracy 0.7862...
Iteration 5, converge to 0.000 with accuracy 0.7862...

Query	Docs	P@5	P@10	P@20
Pos	U	0.819	0.816	0.813
Pos	L	0.725	0.722	0.716
Neg	U	0.586	0.582	0.574
Neg	L	0.615	0.605	0.598

Gaussian Fields by random walk [C:SVM[C:2, F:8055, T:L2R_L1LOSS_SVC_DUAL, c:1.000], k:20, k':20, r:1.000, alpha:1.000, beta:1.000, eta:0.700]-[RankSVM] Train/Test finished in 214.03 seconds with accuracy 0.7862 and F1 (0:0.743 1:0.817)...
.*
optimization finished, #iter = 18
Objective value = -1212.71
nSV = 2386
Creating cache for labeled documents...
Generate 147974(1382:1564) ranking pairs for L2R model training...
....................................................................................................
optimization finished, #iter = 1000

WARNING: reaching max number of iterations
Using -s 2 may be faster (also see FAQ)

Objective value = -123651
nSV = 124419
0.80342 -2.76124 -0.10593 -0.00316 3.63512 -10.74442 0.21699 -0.09171 0.29969 0.08659 0.00000 
Construct nearest neighbor graph nodes in parallel: L: 3401, U: 13375
Construct nearest neighbor graph edges in parallel: L: 3401, U: 13375
[5013,6684) finished...
[1671,3342) finished...
[3342,5013) finished...
[0,1671) finished...
[8355,10026) finished...
[11697,13375) finished...
[6684,8355) finished...
[10026,11697) finished...
Nearest neighbor graph construction finished!
Random walk starts:
Iteration 1, converge to 0.201 with accuracy 0.7941...
Iteration 2, converge to 0.014 with accuracy 0.7934...
Iteration 3, converge to 0.002 with accuracy 0.7934...
Iteration 4, converge to 0.000 with accuracy 0.7933...
Iteration 5, converge to 0.000 with accuracy 0.7933...

Query	Docs	P@5	P@10	P@20
Pos	U	0.798	0.793	0.787
Pos	L	0.722	0.715	0.709
Neg	U	0.621	0.616	0.609
Neg	L	0.625	0.615	0.609

Gaussian Fields by random walk [C:SVM[C:2, F:8055, T:L2R_L1LOSS_SVC_DUAL, c:1.000], k:20, k':20, r:1.000, alpha:1.000, beta:1.000, eta:0.700]-[RankSVM] Train/Test finished in 229.29 seconds with accuracy 0.7933 and F1 (0:0.760 1:0.818)...
..**
optimization finished, #iter = 25
Objective value = -1203.55
nSV = 2379
Creating cache for labeled documents...
Generate 145792(1367:1542) ranking pairs for L2R model training...
....................................................................................................
optimization finished, #iter = 1000

WARNING: reaching max number of iterations
Using -s 2 may be faster (also see FAQ)

Objective value = -121225
nSV = 121991
0.73863 -3.07037 -0.13454 0.00446 3.03873 -10.68837 0.21985 -0.16210 0.42308 0.06351 0.00000 
Construct nearest neighbor graph nodes in parallel: L: 3348, U: 13428
Construct nearest neighbor graph edges in parallel: L: 3348, U: 13428
[5034,6712) finished...
[1678,3356) finished...
[0,1678) finished...
[11746,13428) finished...
[3356,5034) finished...
[8390,10068) finished...
[6712,8390) finished...
[10068,11746) finished...
Nearest neighbor graph construction finished!
Random walk starts:
Iteration 1, converge to 0.202 with accuracy 0.7947...
Iteration 2, converge to 0.014 with accuracy 0.7931...
Iteration 3, converge to 0.002 with accuracy 0.7935...
Iteration 4, converge to 0.000 with accuracy 0.7937...
Iteration 5, converge to 0.000 with accuracy 0.7937...

Query	Docs	P@5	P@10	P@20
Pos	U	0.810	0.808	0.802
Pos	L	0.722	0.716	0.709
Neg	U	0.603	0.600	0.596
Neg	L	0.620	0.613	0.604

Gaussian Fields by random walk [C:SVM[C:2, F:8055, T:L2R_L1LOSS_SVC_DUAL, c:1.000], k:20, k':20, r:1.000, alpha:1.000, beta:1.000, eta:0.700]-[RankSVM] Train/Test finished in 241.65 seconds with accuracy 0.7937 and F1 (0:0.758 1:0.820)...
.*.
optimization finished, #iter = 20
Objective value = -1176.85
nSV = 2374
Creating cache for labeled documents...
Generate 140202(1306:1505) ranking pairs for L2R model training...
....................................................................................................
optimization finished, #iter = 1000

WARNING: reaching max number of iterations
Using -s 2 may be faster (also see FAQ)

Objective value = -117911
nSV = 118805
0.47537 -2.89073 -0.04349 0.00476 3.14125 -12.04748 0.13679 -0.00574 0.36119 0.09857 0.00000 
Construct nearest neighbor graph nodes in parallel: L: 3329, U: 13447
Construct nearest neighbor graph edges in parallel: L: 3329, U: 13447
[5040,6720) finished...
[1680,3360) finished...
[0,1680) finished...
[3360,5040) finished...
[11760,13447) finished...
[6720,8400) finished...
[8400,10080) finished...
[10080,11760) finished...
Nearest neighbor graph construction finished!
Random walk starts:
Iteration 1, converge to 0.202 with accuracy 0.7924...
Iteration 2, converge to 0.014 with accuracy 0.7926...
Iteration 3, converge to 0.002 with accuracy 0.7928...
Iteration 4, converge to 0.000 with accuracy 0.7929...
Iteration 5, converge to 0.000 with accuracy 0.7929...

Query	Docs	P@5	P@10	P@20
Pos	U	0.802	0.798	0.793
Pos	L	0.716	0.710	0.702
Neg	U	0.622	0.618	0.611
Neg	L	0.627	0.616	0.609

Gaussian Fields by random walk [C:SVM[C:2, F:8055, T:L2R_L1LOSS_SVC_DUAL, c:1.000], k:20, k':20, r:1.000, alpha:1.000, beta:1.000, eta:0.700]-[RankSVM] Train/Test finished in 248.51 seconds with accuracy 0.7929 and F1 (0:0.757 1:0.819)...
.*
optimization finished, #iter = 18
Objective value = -1190.21
nSV = 2392
Creating cache for labeled documents...
Generate 141914(1312:1527) ranking pairs for L2R model training...
....................................................................................................
optimization finished, #iter = 1000

WARNING: reaching max number of iterations
Using -s 2 may be faster (also see FAQ)

Objective value = -120732
nSV = 121478
0.67161 -2.81665 -0.01155 -0.01931 2.94069 -13.12007 0.18366 -0.04713 0.12517 0.06332 0.00000 
Construct nearest neighbor graph nodes in parallel: L: 3337, U: 13439
Construct nearest neighbor graph edges in parallel: L: 3337, U: 13439
[5037,6716) finished...
[1679,3358) finished...
[3358,5037) finished...
[0,1679) finished...
[11753,13439) finished...
[6716,8395) finished...
[8395,10074) finished...
[10074,11753) finished...
Nearest neighbor graph construction finished!
Random walk starts:
Iteration 1, converge to 0.200 with accuracy 0.7885...
Iteration 2, converge to 0.014 with accuracy 0.7891...
Iteration 3, converge to 0.002 with accuracy 0.7889...
Iteration 4, converge to 0.000 with accuracy 0.7889...
Iteration 5, converge to 0.000 with accuracy 0.7889...

Query	Docs	P@5	P@10	P@20
Pos	U	0.814	0.812	0.808
Pos	L	0.717	0.716	0.709
Neg	U	0.606	0.600	0.595
Neg	L	0.625	0.617	0.607

Gaussian Fields by random walk [C:SVM[C:2, F:8055, T:L2R_L1LOSS_SVC_DUAL, c:1.000], k:20, k':20, r:1.000, alpha:1.000, beta:1.000, eta:0.700]-[RankSVM] Train/Test finished in 246.34 seconds with accuracy 0.7889 and F1 (0:0.752 1:0.816)...
.*
optimization finished, #iter = 18
Objective value = -1179.12
nSV = 2355
Creating cache for labeled documents...
Generate 145804(1342:1560) ranking pairs for L2R model training...
....................................................................................................
optimization finished, #iter = 1000

WARNING: reaching max number of iterations
Using -s 2 may be faster (also see FAQ)

Objective value = -124919
nSV = 125723
0.86940 -2.80237 -0.10685 0.00007 2.54947 -8.81465 0.26459 0.00364 0.68046 0.04277 0.00000 
Construct nearest neighbor graph nodes in parallel: L: 3282, U: 13494
Construct nearest neighbor graph edges in parallel: L: 3282, U: 13494
[5058,6744) finished...
[1686,3372) finished...
[11802,13494) finished...
[0,1686) finished...
[3372,5058) finished...
[10116,11802) finished...
[8430,10116) finished...
[6744,8430) finished...
Nearest neighbor graph construction finished!
Random walk starts:
Iteration 1, converge to 0.205 with accuracy 0.7915...
Iteration 2, converge to 0.014 with accuracy 0.7927...
Iteration 3, converge to 0.002 with accuracy 0.7926...
Iteration 4, converge to 0.000 with accuracy 0.7926...
Iteration 5, converge to 0.000 with accuracy 0.7925...

Query	Docs	P@5	P@10	P@20
Pos	U	0.787	0.783	0.779
Pos	L	0.702	0.695	0.689
Neg	U	0.636	0.630	0.624
Neg	L	0.638	0.631	0.624

Gaussian Fields by random walk [C:SVM[C:2, F:8055, T:L2R_L1LOSS_SVC_DUAL, c:1.000], k:20, k':20, r:1.000, alpha:1.000, beta:1.000, eta:0.700]-[RankSVM] Train/Test finished in 232.31 seconds with accuracy 0.7925 and F1 (0:0.761 1:0.817)...
..*
optimization finished, #iter = 24
Objective value = -1195.86
nSV = 2345
Creating cache for labeled documents...
Generate 147180(1372:1553) ranking pairs for L2R model training...
....................................................................................................
optimization finished, #iter = 1000

WARNING: reaching max number of iterations
Using -s 2 may be faster (also see FAQ)

Objective value = -124709
nSV = 125658
0.99305 -3.01808 -0.15768 -0.00066 1.89230 -11.08916 0.12313 -0.03579 0.66910 0.06760 0.00000 
Construct nearest neighbor graph nodes in parallel: L: 3316, U: 13460
Construct nearest neighbor graph edges in parallel: L: 3316, U: 13460
[5046,6728) finished...
[1682,3364) finished...
[6728,8410) finished...
[0,1682) finished...
[11774,13460) finished...
[3364,5046) finished...
[8410,10092) finished...
[10092,11774) finished...
Nearest neighbor graph construction finished!
Random walk starts:
Iteration 1, converge to 0.206 with accuracy 0.7908...
Iteration 2, converge to 0.014 with accuracy 0.7898...
Iteration 3, converge to 0.002 with accuracy 0.7903...
Iteration 4, converge to 0.000 with accuracy 0.7903...
Iteration 5, converge to 0.000 with accuracy 0.7903...

Query	Docs	P@5	P@10	P@20
Pos	U	0.766	0.762	0.757
Pos	L	0.698	0.690	0.686
Neg	U	0.653	0.650	0.645
Neg	L	0.643	0.634	0.627

Gaussian Fields by random walk [C:SVM[C:2, F:8055, T:L2R_L1LOSS_SVC_DUAL, c:1.000], k:20, k':20, r:1.000, alpha:1.000, beta:1.000, eta:0.700]-[RankSVM] Train/Test finished in 218.32 seconds with accuracy 0.7903 and F1 (0:0.762 1:0.813)...
*************************************************
The final result of Gaussian Fields by random walk [C:SVM[C:2, F:8055, T:L2R_L1LOSS_SVC_DUAL, c:1.000], k:20, k':20, r:1.000, alpha:1.000, beta:1.000, eta:0.700]-[RankSVM] is as follows:
The total number of classes is 2
Class 0:	precision(0.810+/-0.015)	recall(0.709+/-0.021)
Class 1:	precision(0.779+/-0.010)	recall(0.859+/-0.017)
	0	1	P
0	43414	10259	0.8089
1	17842	62693	0.7785
R	0.7087	0.8594	0.7906
F1	0.7555	0.8169
