
--------------------------------------------------------------------------------------
Parameters of learning procedure:
#Class: 5	Ngram: 2	Feature value: TF	Normalization: 2
Doc length cut: 10	Window length: 0
Learning paradigm: SEMI	Sampling rate: 0.25	kUL: 100	kUU: 50
alpha: 1.05	beta: 1.01
Solver: Random Walk	Base Classifer: SVM	Weighted Sum: true	Similarity Weight: false
Classifier: SVM	Instance weighting: NONE	Trade-off Parameter: 1.0	Cross validation: 10
Data directory: ./data/amazon/small/dedup/RawData
--------------------------------------------------------------------------------------
Creating feature vectors, wait...
8055 feature words loaded from ./data/Features/fv_2gram_tablets_86jsons.txt...
Keywords for <screen>: 52
Keywords for <app>: 55
Keywords for <price>: 63
Keywords for <battery>: 60
Keywords for <sound>: 23
Keywords for <camera>: 47
Keywords for <cpu>: 46
Keywords for <microsd>: 44
Keywords for <internet>: 46
Keywords for <keyboard>: 26
Keywords for <usb>: 35
Keywords for <servic>: 49
Loading 614 stopwords from ./data/Model/stopwords.dat
DTLoading 16776 reviews from ./data/amazon/small/dedup/RawData
No normalizaiton is adopted here or wrong parameters!!
Text feature generated for 16776 documents...
2082 1104 1325 3146 9119 , Total: 16776
Info File Path: ./data/result/Topics_30Information.txt
Prior keywords for Topic 0 (<screen>): 52/52
Prior keywords for Topic 1 (<app>): 55/55
Prior keywords for Topic 2 (<price>): 63/63
Prior keywords for Topic 3 (<battery>): 60/60
Prior keywords for Topic 4 (<sound>): 23/23
Prior keywords for Topic 5 (<camera>): 47/47
Prior keywords for Topic 6 (<cpu>): 46/46
Prior keywords for Topic 7 (<microsd>): 44/44
Prior keywords for Topic 8 (<internet>): 46/46
Prior keywords for Topic 9 (<keyboard>): 26/26
Prior keywords for Topic 10 (<usb>): 35/35
Prior keywords for Topic 11 (<servic>): 49/50
..........Likelihood 16776.000 after step 100 converge to 0.000000 after 23 seconds...
Text feature generated for 16776 documents...
2082 1104 1325 3146 9119 , Total: 16776
Start Transductive Learning, wait...
.*
optimization finished, #iter = 19
Objective value = -1200.83
nSV = 2381
Creating cache for labeled documents...
Generate 583239(1312:1497) ranking pairs for L2R model training...
....................................................................................................
optimization finished, #iter = 1000

WARNING: reaching max number of iterations
Using -s 2 may be faster (also see FAQ)

Objective value = -491620
nSV = 494287
0.42554 -3.18550 -0.18891 0.00205 4.10714 -26.79984 0.10719 -0.18948 0.26321 0.12419 0.00000 
Construct nearest neighbor graph nodes in parallel: L: 3376, U: 13400
Construct nearest neighbor graph edges in parallel: L: 3376, U: 13400
[5025,6700) finished...
[1675,3350) finished...
[3350,5025) finished...
[0,1675) finished...
[11725,13400) finished...
[8375,10050) finished...
[6700,8375) finished...
[10050,11725) finished...
Nearest neighbor graph construction finished!
Random walk starts:
Iteration 1, converge to 0.204 with accuracy 0.7854...
Iteration 2, converge to 0.014 with accuracy 0.7862...
Iteration 3, converge to 0.002 with accuracy 0.7863...
Iteration 4, converge to 0.000 with accuracy 0.7863...
Iteration 5, converge to 0.000 with accuracy 0.7863...

Query	Docs	P@5	P@10	P@20
Pos	U	0.817	0.812	0.807
Pos	L	0.731	0.728	0.722
Neg	U	0.596	0.589	0.583
Neg	L	0.604	0.594	0.587

Gaussian Fields by random walk [C:SVM[C:2, F:8055, T:L2R_L1LOSS_SVC_DUAL, c:1.000], k:20, k':20, r:1.000, alpha:1.000, beta:1.000, eta:0.700]-[RankSVM] Train/Test finished in 362.04 seconds with accuracy 0.7863 and F1 (0:0.747 1:0.815)...
.*
optimization finished, #iter = 18
Objective value = -1206.69
nSV = 2370
Creating cache for labeled documents...
Generate 598129(1347:1535) ranking pairs for L2R model training...
....................................................................................................
optimization finished, #iter = 1000

WARNING: reaching max number of iterations
Using -s 2 may be faster (also see FAQ)

Objective value = -502801
nSV = 505942
1.00080 -3.17442 -0.14782 0.00890 2.67607 -22.22182 0.17233 -0.14477 0.13446 0.08846 0.00000 
Construct nearest neighbor graph nodes in parallel: L: 3413, U: 13363
Construct nearest neighbor graph edges in parallel: L: 3413, U: 13363
[5010,6680) finished...
[1670,3340) finished...
[3340,5010) finished...
[0,1670) finished...
[11690,13363) finished...
[6680,8350) finished...
[8350,10020) finished...
[10020,11690) finished...
Nearest neighbor graph construction finished!
Random walk starts:
Iteration 1, converge to 0.202 with accuracy 0.7900...
Iteration 2, converge to 0.015 with accuracy 0.7902...
Iteration 3, converge to 0.002 with accuracy 0.7896...
Iteration 4, converge to 0.000 with accuracy 0.7897...
Iteration 5, converge to 0.000 with accuracy 0.7897...

Query	Docs	P@5	P@10	P@20
Pos	U	0.809	0.806	0.801
Pos	L	0.725	0.721	0.714
Neg	U	0.603	0.597	0.592
Neg	L	0.615	0.609	0.600

Gaussian Fields by random walk [C:SVM[C:2, F:8055, T:L2R_L1LOSS_SVC_DUAL, c:1.000], k:20, k':20, r:1.000, alpha:1.000, beta:1.000, eta:0.700]-[RankSVM] Train/Test finished in 369.65 seconds with accuracy 0.7897 and F1 (0:0.753 1:0.817)...
.*
optimization finished, #iter = 17
Objective value = -1217.40
nSV = 2400
Creating cache for labeled documents...
Generate 600667(1346:1533) ranking pairs for L2R model training...
....................................................................................................
optimization finished, #iter = 1000

WARNING: reaching max number of iterations
Using -s 2 may be faster (also see FAQ)

Objective value = -513276
nSV = 517410
0.29001 -3.13371 -0.08201 -0.01320 3.06682 -21.66603 0.34196 -0.09780 0.02287 0.12832 0.00000 
Construct nearest neighbor graph nodes in parallel: L: 3418, U: 13358
Construct nearest neighbor graph edges in parallel: L: 3418, U: 13358
[1669,3338) finished...
[5007,6676) finished...
[0,1669) finished...
[8345,10014) finished...
[3338,5007) finished...
[11683,13358) finished...
[6676,8345) finished...
[10014,11683) finished...
Nearest neighbor graph construction finished!
Random walk starts:
Iteration 1, converge to 0.196 with accuracy 0.7845...
Iteration 2, converge to 0.014 with accuracy 0.7855...
Iteration 3, converge to 0.002 with accuracy 0.7854...
Iteration 4, converge to 0.000 with accuracy 0.7854...
Iteration 5, converge to 0.000 with accuracy 0.7854...

Query	Docs	P@5	P@10	P@20
Pos	U	0.821	0.816	0.812
Pos	L	0.733	0.726	0.720
Neg	U	0.598	0.593	0.587
Neg	L	0.622	0.616	0.604

Gaussian Fields by random walk [C:SVM[C:2, F:8055, T:L2R_L1LOSS_SVC_DUAL, c:1.000], k:20, k':20, r:1.000, alpha:1.000, beta:1.000, eta:0.700]-[RankSVM] Train/Test finished in 337.91 seconds with accuracy 0.7854 and F1 (0:0.745 1:0.815)...
.*
optimization finished, #iter = 19
Objective value = -1146.59
nSV = 2335
Creating cache for labeled documents...
Generate 597564(1336:1521) ranking pairs for L2R model training...
....................................................................................................
optimization finished, #iter = 1000

WARNING: reaching max number of iterations
Using -s 2 may be faster (also see FAQ)

Objective value = -508195
nSV = 512086
0.83510 -2.99821 -0.09931 -0.00646 3.25983 -18.62490 0.22890 -0.10583 0.18500 0.08880 0.00000 
Construct nearest neighbor graph nodes in parallel: L: 3324, U: 13452
Construct nearest neighbor graph edges in parallel: L: 3324, U: 13452
[5043,6724) finished...
[1681,3362) finished...
[6724,8405) finished...
[8405,10086) finished...
[3362,5043) finished...
[0,1681) finished...
[11767,13452) finished...
[10086,11767) finished...
Nearest neighbor graph construction finished!
Random walk starts:
Iteration 1, converge to 0.198 with accuracy 0.7879...
Iteration 2, converge to 0.014 with accuracy 0.7877...
Iteration 3, converge to 0.002 with accuracy 0.7878...
Iteration 4, converge to 0.000 with accuracy 0.7878...
Iteration 5, converge to 0.000 with accuracy 0.7877...

Query	Docs	P@5	P@10	P@20
Pos	U	0.826	0.820	0.815
Pos	L	0.733	0.728	0.722
Neg	U	0.597	0.593	0.587
Neg	L	0.606	0.605	0.596

Gaussian Fields by random walk [C:SVM[C:2, F:8055, T:L2R_L1LOSS_SVC_DUAL, c:1.000], k:20, k':20, r:1.000, alpha:1.000, beta:1.000, eta:0.700]-[RankSVM] Train/Test finished in 316.51 seconds with accuracy 0.7877 and F1 (0:0.748 1:0.817)...
...*
optimization finished, #iter = 33
Objective value = -1163.63
nSV = 2363
Creating cache for labeled documents...
Generate 598301(1334:1511) ranking pairs for L2R model training...
....................................................................................................
optimization finished, #iter = 1000

WARNING: reaching max number of iterations
Using -s 2 may be faster (also see FAQ)

Objective value = -518767
nSV = 521575
0.77461 -2.91187 -0.10794 -0.00077 3.34691 -18.76309 0.16270 -0.08923 0.50134 0.02025 0.00000 
Construct nearest neighbor graph nodes in parallel: L: 3295, U: 13481
Construct nearest neighbor graph edges in parallel: L: 3295, U: 13481
[5055,6740) finished...
[1685,3370) finished...
[0,1685) finished...
[6740,8425) finished...
[11795,13481) finished...
[3370,5055) finished...
[8425,10110) finished...
[10110,11795) finished...
Nearest neighbor graph construction finished!
Random walk starts:
Iteration 1, converge to 0.200 with accuracy 0.7907...
Iteration 2, converge to 0.014 with accuracy 0.7890...
Iteration 3, converge to 0.002 with accuracy 0.7889...
Iteration 4, converge to 0.000 with accuracy 0.7889...
Iteration 5, converge to 0.000 with accuracy 0.7889...

Query	Docs	P@5	P@10	P@20
Pos	U	0.830	0.824	0.820
Pos	L	0.731	0.725	0.718
Neg	U	0.593	0.588	0.581
Neg	L	0.605	0.600	0.593

Gaussian Fields by random walk [C:SVM[C:2, F:8055, T:L2R_L1LOSS_SVC_DUAL, c:1.000], k:20, k':20, r:1.000, alpha:1.000, beta:1.000, eta:0.700]-[RankSVM] Train/Test finished in 346.98 seconds with accuracy 0.7889 and F1 (0:0.749 1:0.818)...
.*
optimization finished, #iter = 19
Objective value = -1221.92
nSV = 2396
Creating cache for labeled documents...
Generate 593914(1329:1495) ranking pairs for L2R model training...
....................................................................................................
optimization finished, #iter = 1000

WARNING: reaching max number of iterations
Using -s 2 may be faster (also see FAQ)

Objective value = -524017
nSV = 526679
0.81793 -2.98972 -0.12320 0.00652 2.87474 -17.85975 0.16784 -0.11859 0.36631 0.11295 0.00000 
Construct nearest neighbor graph nodes in parallel: L: 3273, U: 13503
Construct nearest neighbor graph edges in parallel: L: 3273, U: 13503
[5061,6748) finished...
[1687,3374) finished...
[0,1687) finished...
[3374,5061) finished...
[11809,13503) finished...
[8435,10122) finished...
[6748,8435) finished...
[10122,11809) finished...
Nearest neighbor graph construction finished!
Random walk starts:
Iteration 1, converge to 0.208 with accuracy 0.7937...
Iteration 2, converge to 0.015 with accuracy 0.7937...
Iteration 3, converge to 0.002 with accuracy 0.7940...
Iteration 4, converge to 0.000 with accuracy 0.7940...
Iteration 5, converge to 0.000 with accuracy 0.7940...

Query	Docs	P@5	P@10	P@20
Pos	U	0.784	0.780	0.776
Pos	L	0.700	0.693	0.686
Neg	U	0.641	0.636	0.631
Neg	L	0.630	0.620	0.613

Gaussian Fields by random walk [C:SVM[C:2, F:8055, T:L2R_L1LOSS_SVC_DUAL, c:1.000], k:20, k':20, r:1.000, alpha:1.000, beta:1.000, eta:0.700]-[RankSVM] Train/Test finished in 369.70 seconds with accuracy 0.7940 and F1 (0:0.763 1:0.818)...
.*.
optimization finished, #iter = 20
Objective value = -1175.01
nSV = 2352
Creating cache for labeled documents...
Generate 596524(1330:1515) ranking pairs for L2R model training...
....................................................................................................
optimization finished, #iter = 1000

WARNING: reaching max number of iterations
Using -s 2 may be faster (also see FAQ)

Objective value = -515101
nSV = 518235
0.96898 -2.99318 -0.16849 0.00006 2.98856 -18.31666 0.23585 -0.11295 0.45930 0.11428 0.00000 
Construct nearest neighbor graph nodes in parallel: L: 3312, U: 13464
Construct nearest neighbor graph edges in parallel: L: 3312, U: 13464
[5049,6732) finished...
[1683,3366) finished...
[0,1683) finished...
[3366,5049) finished...
[11781,13464) finished...
[6732,8415) finished...
[8415,10098) finished...
[10098,11781) finished...
Nearest neighbor graph construction finished!
Random walk starts:
Iteration 1, converge to 0.207 with accuracy 0.7891...
Iteration 2, converge to 0.015 with accuracy 0.7892...
Iteration 3, converge to 0.002 with accuracy 0.7890...
Iteration 4, converge to 0.000 with accuracy 0.7890...
Iteration 5, converge to 0.000 with accuracy 0.7890...

Query	Docs	P@5	P@10	P@20
Pos	U	0.789	0.784	0.780
Pos	L	0.700	0.696	0.689
Neg	U	0.630	0.624	0.619
Neg	L	0.640	0.627	0.617

Gaussian Fields by random walk [C:SVM[C:2, F:8055, T:L2R_L1LOSS_SVC_DUAL, c:1.000], k:20, k':20, r:1.000, alpha:1.000, beta:1.000, eta:0.700]-[RankSVM] Train/Test finished in 350.39 seconds with accuracy 0.7890 and F1 (0:0.757 1:0.814)...
.*
optimization finished, #iter = 18
Objective value = -1169.81
nSV = 2381
Creating cache for labeled documents...
Generate 624758(1415:1580) ranking pairs for L2R model training...
....................................................................................................
optimization finished, #iter = 1000

WARNING: reaching max number of iterations
Using -s 2 may be faster (also see FAQ)

Objective value = -527254
nSV = 530453
0.79443 -3.12017 -0.12558 -0.00691 3.21690 -17.50103 0.23846 -0.14394 0.39385 0.11193 0.00000 
Construct nearest neighbor graph nodes in parallel: L: 3400, U: 13376
Construct nearest neighbor graph edges in parallel: L: 3400, U: 13376
[5016,6688) finished...
[1672,3344) finished...
[3344,5016) finished...
[0,1672) finished...
[11704,13376) finished...
[6688,8360) finished...
[10032,11704) finished...
[8360,10032) finished...
Nearest neighbor graph construction finished!
Random walk starts:
Iteration 1, converge to 0.205 with accuracy 0.7925...
Iteration 2, converge to 0.014 with accuracy 0.7929...
Iteration 3, converge to 0.002 with accuracy 0.7934...
Iteration 4, converge to 0.000 with accuracy 0.7934...
Iteration 5, converge to 0.000 with accuracy 0.7934...

Query	Docs	P@5	P@10	P@20
Pos	U	0.804	0.797	0.792
Pos	L	0.707	0.702	0.694
Neg	U	0.624	0.617	0.610
Neg	L	0.643	0.633	0.623

Gaussian Fields by random walk [C:SVM[C:2, F:8055, T:L2R_L1LOSS_SVC_DUAL, c:1.000], k:20, k':20, r:1.000, alpha:1.000, beta:1.000, eta:0.700]-[RankSVM] Train/Test finished in 374.88 seconds with accuracy 0.7934 and F1 (0:0.760 1:0.819)...
.......*.
optimization finished, #iter = 80
Objective value = -1202.25
nSV = 2390
Creating cache for labeled documents...
Generate 628422(1422:1601) ranking pairs for L2R model training...
....................................................................................................
optimization finished, #iter = 1000

WARNING: reaching max number of iterations
Using -s 2 may be faster (also see FAQ)

Objective value = -535246
nSV = 538417
0.89533 -2.96706 -0.06393 -0.00077 3.56155 -19.93412 0.14529 -0.15112 0.47365 0.07528 0.00000 
Construct nearest neighbor graph nodes in parallel: L: 3375, U: 13401
Construct nearest neighbor graph edges in parallel: L: 3375, U: 13401
[5025,6700) finished...
[1675,3350) finished...
[3350,5025) finished...
[11725,13401) finished...
[0,1675) finished...
[6700,8375) finished...
[8375,10050) finished...
[10050,11725) finished...
Nearest neighbor graph construction finished!
Random walk starts:
Iteration 1, converge to 0.203 with accuracy 0.7910...
Iteration 2, converge to 0.014 with accuracy 0.7900...
Iteration 3, converge to 0.002 with accuracy 0.7899...
Iteration 4, converge to 0.000 with accuracy 0.7899...
Iteration 5, converge to 0.000 with accuracy 0.7899...

Query	Docs	P@5	P@10	P@20
Pos	U	0.804	0.799	0.792
Pos	L	0.708	0.702	0.694
Neg	U	0.622	0.618	0.610
Neg	L	0.637	0.633	0.624

Gaussian Fields by random walk [C:SVM[C:2, F:8055, T:L2R_L1LOSS_SVC_DUAL, c:1.000], k:20, k':20, r:1.000, alpha:1.000, beta:1.000, eta:0.700]-[RankSVM] Train/Test finished in 376.21 seconds with accuracy 0.7899 and F1 (0:0.757 1:0.815)...
..*
optimization finished, #iter = 24
Objective value = -1230.01
nSV = 2420
Creating cache for labeled documents...
Generate 597752(1335:1526) ranking pairs for L2R model training...
....................................................................................................
optimization finished, #iter = 1000

WARNING: reaching max number of iterations
Using -s 2 may be faster (also see FAQ)

Objective value = -512794
nSV = 515403
0.58181 -3.13113 -0.12931 -0.01562 3.55709 -22.55637 0.12058 -0.14567 0.04169 0.08364 0.00000 
Construct nearest neighbor graph nodes in parallel: L: 3366, U: 13410
Construct nearest neighbor graph edges in parallel: L: 3366, U: 13410
[5028,6704) finished...
[1676,3352) finished...
[0,1676) finished...
[3352,5028) finished...
[11732,13410) finished...
[6704,8380) finished...
[8380,10056) finished...
[10056,11732) finished...
Nearest neighbor graph construction finished!
Random walk starts:
Iteration 1, converge to 0.199 with accuracy 0.7899...
Iteration 2, converge to 0.014 with accuracy 0.7893...
Iteration 3, converge to 0.002 with accuracy 0.7893...
Iteration 4, converge to 0.000 with accuracy 0.7893...
Iteration 5, converge to 0.000 with accuracy 0.7893...

Query	Docs	P@5	P@10	P@20
Pos	U	0.808	0.803	0.797
Pos	L	0.722	0.719	0.712
Neg	U	0.613	0.611	0.604
Neg	L	0.611	0.605	0.599

Gaussian Fields by random walk [C:SVM[C:2, F:8055, T:L2R_L1LOSS_SVC_DUAL, c:1.000], k:20, k':20, r:1.000, alpha:1.000, beta:1.000, eta:0.700]-[RankSVM] Train/Test finished in 364.86 seconds with accuracy 0.7893 and F1 (0:0.755 1:0.815)...
*************************************************
The final result of Gaussian Fields by random walk [C:SVM[C:2, F:8055, T:L2R_L1LOSS_SVC_DUAL, c:1.000], k:20, k':20, r:1.000, alpha:1.000, beta:1.000, eta:0.700]-[RankSVM] is as follows:
The total number of classes is 2
Class 0:	precision(0.809+/-0.009)	recall(0.705+/-0.016)
Class 1:	precision(0.777+/-0.009)	recall(0.860+/-0.010)
	0	1	P
0	43184	10197	0.8090
1	18072	62755	0.7764
R	0.7050	0.8602	0.7894
F1	0.7534	0.8162
