
--------------------------------------------------------------------------------------
Parameters of learning procedure:
#Class: 5	Ngram: 2	Feature value: TF	Normalization: 2
Doc length cut: 10	Window length: 0
Learning paradigm: SEMI	Sampling rate: 0.25	kUL: 100	kUU: 50
alpha: 1.05	beta: 1.01
Solver: Random Walk	Base Classifer: SVM	Weighted Sum: true	Similarity Weight: false
Classifier: SVM	Instance weighting: NONE	Trade-off Parameter: 1.0	Cross validation: 10
Data directory: ./data/amazon/small/dedup/RawData
--------------------------------------------------------------------------------------
Creating feature vectors, wait...
8055 feature words loaded from ./data/Features/fv_2gram_tablets_86jsons.txt...
Keywords for <screen>: 52
Keywords for <app>: 55
Keywords for <price>: 63
Keywords for <battery>: 60
Keywords for <sound>: 23
Keywords for <camera>: 47
Keywords for <cpu>: 46
Keywords for <microsd>: 44
Keywords for <internet>: 46
Keywords for <keyboard>: 26
Keywords for <usb>: 35
Keywords for <servic>: 49
Loading 614 stopwords from ./data/Model/stopwords.dat
DTLoading 16776 reviews from ./data/amazon/small/dedup/RawData
No normalizaiton is adopted here or wrong parameters!!
Text feature generated for 16776 documents...
2082 1104 1325 3146 9119 , Total: 16776
Info File Path: ./data/result/Topics_30Information.txt
Prior keywords for Topic 0 (<screen>): 52/52
Prior keywords for Topic 1 (<app>): 55/55
Prior keywords for Topic 2 (<price>): 63/63
Prior keywords for Topic 3 (<battery>): 60/60
Prior keywords for Topic 4 (<sound>): 23/23
Prior keywords for Topic 5 (<camera>): 47/47
Prior keywords for Topic 6 (<cpu>): 46/46
Prior keywords for Topic 7 (<microsd>): 44/44
Prior keywords for Topic 8 (<internet>): 46/46
Prior keywords for Topic 9 (<keyboard>): 26/26
Prior keywords for Topic 10 (<usb>): 35/35
Prior keywords for Topic 11 (<servic>): 49/50
..........Likelihood 16776.000 after step 100 converge to 0.000000 after 24 seconds...
Text feature generated for 16776 documents...
2082 1104 1325 3146 9119 , Total: 16776
Start Transductive Learning, wait...
...*
optimization finished, #iter = 31
Objective value = -1167.54
nSV = 2336
Creating cache for labeled documents...
Generate 261601(1349:1511) ranking pairs for L2R model training...
....................................................................................................
optimization finished, #iter = 1000

WARNING: reaching max number of iterations
Using -s 2 may be faster (also see FAQ)

Objective value = -223951
nSV = 225348
0.24423 -2.85611 -0.09916 -0.01147 3.96173 -16.53220 0.40479 -0.14373 0.19433 0.09718 0.00000 
Construct nearest neighbor graph nodes in parallel: L: 3271, U: 13505
Construct nearest neighbor graph edges in parallel: L: 3271, U: 13505
[5064,6752) finished...
[1688,3376) finished...
[0,1688) finished...
[6752,8440) finished...
[3376,5064) finished...
[8440,10128) finished...
[11816,13505) finished...
[10128,11816) finished...
Nearest neighbor graph construction finished!
Random walk starts:
Iteration 1, converge to 0.201 with accuracy 0.7922...
Iteration 2, converge to 0.015 with accuracy 0.7919...
Iteration 3, converge to 0.002 with accuracy 0.7916...
Iteration 4, converge to 0.000 with accuracy 0.7916...
Iteration 5, converge to 0.000 with accuracy 0.7916...

Query	Docs	P@5	P@10	P@20
Pos	U	0.815	0.812	0.807
Pos	L	0.720	0.716	0.713
Neg	U	0.602	0.597	0.591
Neg	L	0.616	0.607	0.599

Gaussian Fields by random walk [C:SVM[C:2, F:8055, T:L2R_L1LOSS_SVC_DUAL, c:1.000], k:20, k':20, r:1.000, alpha:1.000, beta:1.000, eta:0.700]-[RankSVM] Train/Test finished in 237.25 seconds with accuracy 0.7916 and F1 (0:0.755 1:0.818)...
.*
optimization finished, #iter = 18
Objective value = -1217.98
nSV = 2377
Creating cache for labeled documents...
Generate 259944(1340:1513) ranking pairs for L2R model training...
....................................................................................................
optimization finished, #iter = 1000

WARNING: reaching max number of iterations
Using -s 2 may be faster (also see FAQ)

Objective value = -222206
nSV = 224061
0.49577 -2.87231 -0.17441 0.00066 3.54845 -20.40599 0.25286 -0.08236 0.41737 0.08543 0.00000 
Construct nearest neighbor graph nodes in parallel: L: 3295, U: 13481
Construct nearest neighbor graph edges in parallel: L: 3295, U: 13481
[1685,3370) finished...
[5055,6740) finished...
[0,1685) finished...
[3370,5055) finished...
[8425,10110) finished...
[10110,11795) finished...
[11795,13481) finished...
[6740,8425) finished...
Nearest neighbor graph construction finished!
Random walk starts:
Iteration 1, converge to 0.204 with accuracy 0.7884...
Iteration 2, converge to 0.015 with accuracy 0.7880...
Iteration 3, converge to 0.002 with accuracy 0.7881...
Iteration 4, converge to 0.000 with accuracy 0.7879...
Iteration 5, converge to 0.000 with accuracy 0.7879...

Query	Docs	P@5	P@10	P@20
Pos	U	0.801	0.797	0.792
Pos	L	0.709	0.701	0.694
Neg	U	0.618	0.615	0.609
Neg	L	0.628	0.621	0.614

Gaussian Fields by random walk [C:SVM[C:2, F:8055, T:L2R_L1LOSS_SVC_DUAL, c:1.000], k:20, k':20, r:1.000, alpha:1.000, beta:1.000, eta:0.700]-[RankSVM] Train/Test finished in 231.00 seconds with accuracy 0.7879 and F1 (0:0.753 1:0.814)...
.*
optimization finished, #iter = 16
Objective value = -1212.70
nSV = 2363
Creating cache for labeled documents...
Generate 261632(1350:1536) ranking pairs for L2R model training...
....................................................................................................
optimization finished, #iter = 1000

WARNING: reaching max number of iterations
Using -s 2 may be faster (also see FAQ)

Objective value = -223660
nSV = 225025
0.53030 -2.84861 -0.05637 0.00131 3.79718 -19.24831 0.10862 -0.13466 0.47202 0.04761 0.00000 
Construct nearest neighbor graph nodes in parallel: L: 3332, U: 13444
Construct nearest neighbor graph edges in parallel: L: 3332, U: 13444
[1680,3360) finished...
[5040,6720) finished...
[0,1680) finished...
[3360,5040) finished...
[11760,13444) finished...
[8400,10080) finished...
[6720,8400) finished...
[10080,11760) finished...
Nearest neighbor graph construction finished!
Random walk starts:
Iteration 1, converge to 0.200 with accuracy 0.7875...
Iteration 2, converge to 0.014 with accuracy 0.7874...
Iteration 3, converge to 0.002 with accuracy 0.7873...
Iteration 4, converge to 0.000 with accuracy 0.7873...
Iteration 5, converge to 0.000 with accuracy 0.7873...

Query	Docs	P@5	P@10	P@20
Pos	U	0.820	0.814	0.808
Pos	L	0.720	0.714	0.706
Neg	U	0.598	0.594	0.590
Neg	L	0.619	0.612	0.605

Gaussian Fields by random walk [C:SVM[C:2, F:8055, T:L2R_L1LOSS_SVC_DUAL, c:1.000], k:20, k':20, r:1.000, alpha:1.000, beta:1.000, eta:0.700]-[RankSVM] Train/Test finished in 241.25 seconds with accuracy 0.7873 and F1 (0:0.751 1:0.814)...
..*
optimization finished, #iter = 23
Objective value = -1207.05
nSV = 2401
Creating cache for labeled documents...
Generate 270619(1389:1590) ranking pairs for L2R model training...
....................................................................................................
optimization finished, #iter = 1000

WARNING: reaching max number of iterations
Using -s 2 may be faster (also see FAQ)

Objective value = -228029
nSV = 229203
0.72059 -2.65863 -0.08087 -0.00723 4.37400 -16.79600 0.16160 -0.05347 0.44140 0.09303 0.00000 
Construct nearest neighbor graph nodes in parallel: L: 3429, U: 13347
Construct nearest neighbor graph edges in parallel: L: 3429, U: 13347
[5004,6672) finished...
[1668,3336) finished...
[0,1668) finished...
[11676,13347) finished...
[3336,5004) finished...
[6672,8340) finished...
[8340,10008) finished...
[10008,11676) finished...
Nearest neighbor graph construction finished!
Random walk starts:
Iteration 1, converge to 0.200 with accuracy 0.7895...
Iteration 2, converge to 0.014 with accuracy 0.7889...
Iteration 3, converge to 0.002 with accuracy 0.7890...
Iteration 4, converge to 0.000 with accuracy 0.7889...
Iteration 5, converge to 0.000 with accuracy 0.7890...

Query	Docs	P@5	P@10	P@20
Pos	U	0.817	0.810	0.804
Pos	L	0.726	0.718	0.711
Neg	U	0.604	0.597	0.590
Neg	L	0.619	0.614	0.608

Gaussian Fields by random walk [C:SVM[C:2, F:8055, T:L2R_L1LOSS_SVC_DUAL, c:1.000], k:20, k':20, r:1.000, alpha:1.000, beta:1.000, eta:0.700]-[RankSVM] Train/Test finished in 259.33 seconds with accuracy 0.7890 and F1 (0:0.751 1:0.817)...
.*
optimization finished, #iter = 19
Objective value = -1214.14
nSV = 2428
Creating cache for labeled documents...
Generate 269467(1382:1578) ranking pairs for L2R model training...
....................................................................................................
optimization finished, #iter = 1000

WARNING: reaching max number of iterations
Using -s 2 may be faster (also see FAQ)

Objective value = -232133
nSV = 233323
1.42318 -2.73742 -0.10715 -0.00697 2.85279 -14.12002 0.10411 -0.13056 0.20227 0.12379 0.00000 
Construct nearest neighbor graph nodes in parallel: L: 3432, U: 13344
Construct nearest neighbor graph edges in parallel: L: 3432, U: 13344
[5004,6672) finished...
[1668,3336) finished...
[0,1668) finished...
[11676,13344) finished...
[3336,5004) finished...
[6672,8340) finished...
[8340,10008) finished...
[10008,11676) finished...
Nearest neighbor graph construction finished!
Random walk starts:
Iteration 1, converge to 0.206 with accuracy 0.7896...
Iteration 2, converge to 0.015 with accuracy 0.7899...
Iteration 3, converge to 0.002 with accuracy 0.7902...
Iteration 4, converge to 0.000 with accuracy 0.7901...
Iteration 5, converge to 0.000 with accuracy 0.7900...

Query	Docs	P@5	P@10	P@20
Pos	U	0.794	0.789	0.784
Pos	L	0.714	0.706	0.697
Neg	U	0.624	0.618	0.611
Neg	L	0.622	0.618	0.610

Gaussian Fields by random walk [C:SVM[C:2, F:8055, T:L2R_L1LOSS_SVC_DUAL, c:1.000], k:20, k':20, r:1.000, alpha:1.000, beta:1.000, eta:0.700]-[RankSVM] Train/Test finished in 289.09 seconds with accuracy 0.7900 and F1 (0:0.755 1:0.816)...
.*
optimization finished, #iter = 18
Objective value = -1190.53
nSV = 2371
Creating cache for labeled documents...
Generate 257959(1326:1516) ranking pairs for L2R model training...
....................................................................................................
optimization finished, #iter = 1000

WARNING: reaching max number of iterations
Using -s 2 may be faster (also see FAQ)

Objective value = -221237
nSV = 222346
0.44088 -2.93788 -0.09403 -0.00056 3.43609 -16.32110 0.30946 -0.16072 0.57586 0.12709 0.00000 
Construct nearest neighbor graph nodes in parallel: L: 3341, U: 13435
Construct nearest neighbor graph edges in parallel: L: 3341, U: 13435
[5037,6716) finished...
[1679,3358) finished...
[0,1679) finished...
[3358,5037) finished...
[11753,13435) finished...
[6716,8395) finished...
[10074,11753) finished...
[8395,10074) finished...
Nearest neighbor graph construction finished!
Random walk starts:
Iteration 1, converge to 0.205 with accuracy 0.7917...
Iteration 2, converge to 0.014 with accuracy 0.7924...
Iteration 3, converge to 0.002 with accuracy 0.7926...
Iteration 4, converge to 0.000 with accuracy 0.7926...
Iteration 5, converge to 0.000 with accuracy 0.7925...

Query	Docs	P@5	P@10	P@20
Pos	U	0.804	0.799	0.794
Pos	L	0.717	0.711	0.702
Neg	U	0.618	0.611	0.606
Neg	L	0.618	0.609	0.601

Gaussian Fields by random walk [C:SVM[C:2, F:8055, T:L2R_L1LOSS_SVC_DUAL, c:1.000], k:20, k':20, r:1.000, alpha:1.000, beta:1.000, eta:0.700]-[RankSVM] Train/Test finished in 264.66 seconds with accuracy 0.7925 and F1 (0:0.758 1:0.818)...
.*
optimization finished, #iter = 18
Objective value = -1151.18
nSV = 2342
Creating cache for labeled documents...
Generate 252844(1305:1482) ranking pairs for L2R model training...
....................................................................................................
optimization finished, #iter = 1000

WARNING: reaching max number of iterations
Using -s 2 may be faster (also see FAQ)

Objective value = -214009
nSV = 215372
0.41451 -3.11710 -0.12744 0.00316 2.88260 -16.79708 0.32676 -0.15787 -0.03703 0.08892 0.00000 
Construct nearest neighbor graph nodes in parallel: L: 3342, U: 13434
Construct nearest neighbor graph edges in parallel: L: 3342, U: 13434
[5037,6716) finished...
[1679,3358) finished...
[3358,5037) finished...
[0,1679) finished...
[11753,13434) finished...
[8395,10074) finished...
[6716,8395) finished...
[10074,11753) finished...
Nearest neighbor graph construction finished!
Random walk starts:
Iteration 1, converge to 0.205 with accuracy 0.7892...
Iteration 2, converge to 0.015 with accuracy 0.7900...
Iteration 3, converge to 0.002 with accuracy 0.7898...
Iteration 4, converge to 0.000 with accuracy 0.7898...
Iteration 5, converge to 0.000 with accuracy 0.7898...

Query	Docs	P@5	P@10	P@20
Pos	U	0.809	0.807	0.802
Pos	L	0.724	0.719	0.711
Neg	U	0.600	0.596	0.591
Neg	L	0.605	0.600	0.594

Gaussian Fields by random walk [C:SVM[C:2, F:8055, T:L2R_L1LOSS_SVC_DUAL, c:1.000], k:20, k':20, r:1.000, alpha:1.000, beta:1.000, eta:0.700]-[RankSVM] Train/Test finished in 240.85 seconds with accuracy 0.7898 and F1 (0:0.754 1:0.817)...
.*
optimization finished, #iter = 19
Objective value = -1147.17
nSV = 2319
Creating cache for labeled documents...
Generate 252542(1302:1492) ranking pairs for L2R model training...
....................................................................................................
optimization finished, #iter = 1000

WARNING: reaching max number of iterations
Using -s 2 may be faster (also see FAQ)

Objective value = -216139
nSV = 217572
1.18383 -2.74999 -0.15371 0.00048 2.75178 -18.05194 0.17579 -0.05550 0.16908 0.05429 0.00000 
Construct nearest neighbor graph nodes in parallel: L: 3343, U: 13433
Construct nearest neighbor graph edges in parallel: L: 3343, U: 13433
[5037,6716) finished...
[0,1679) finished...
[1679,3358) finished...
[10074,11753) finished...
[6716,8395) finished...
[11753,13433) finished...
[3358,5037) finished...
[8395,10074) finished...
Nearest neighbor graph construction finished!
Random walk starts:
Iteration 1, converge to 0.204 with accuracy 0.7930...
Iteration 2, converge to 0.015 with accuracy 0.7930...
Iteration 3, converge to 0.002 with accuracy 0.7934...
Iteration 4, converge to 0.000 with accuracy 0.7934...
Iteration 5, converge to 0.000 with accuracy 0.7934...

Query	Docs	P@5	P@10	P@20
Pos	U	0.813	0.808	0.803
Pos	L	0.719	0.713	0.706
Neg	U	0.606	0.600	0.594
Neg	L	0.618	0.612	0.603

Gaussian Fields by random walk [C:SVM[C:2, F:8055, T:L2R_L1LOSS_SVC_DUAL, c:1.000], k:20, k':20, r:1.000, alpha:1.000, beta:1.000, eta:0.700]-[RankSVM] Train/Test finished in 233.62 seconds with accuracy 0.7934 and F1 (0:0.758 1:0.820)...
..*
optimization finished, #iter = 25
Objective value = -1172.22
nSV = 2368
Creating cache for labeled documents...
Generate 264066(1358:1550) ranking pairs for L2R model training...
....................................................................................................
optimization finished, #iter = 1000

WARNING: reaching max number of iterations
Using -s 2 may be faster (also see FAQ)

Objective value = -223107
nSV = 224571
0.73171 -2.82893 -0.15663 0.00381 3.57183 -15.60469 0.13039 -0.02492 0.10082 0.06555 0.00000 
Construct nearest neighbor graph nodes in parallel: L: 3399, U: 13377
Construct nearest neighbor graph edges in parallel: L: 3399, U: 13377
[1672,3344) finished...
[5016,6688) finished...
[0,1672) finished...
[11704,13377) finished...
[3344,5016) finished...
[8360,10032) finished...
[10032,11704) finished...
[6688,8360) finished...
Nearest neighbor graph construction finished!
Random walk starts:
Iteration 1, converge to 0.203 with accuracy 0.7908...
Iteration 2, converge to 0.015 with accuracy 0.7909...
Iteration 3, converge to 0.002 with accuracy 0.7911...
Iteration 4, converge to 0.000 with accuracy 0.7910...
Iteration 5, converge to 0.000 with accuracy 0.7910...

Query	Docs	P@5	P@10	P@20
Pos	U	0.812	0.808	0.802
Pos	L	0.718	0.712	0.704
Neg	U	0.598	0.592	0.586
Neg	L	0.622	0.613	0.603

Gaussian Fields by random walk [C:SVM[C:2, F:8055, T:L2R_L1LOSS_SVC_DUAL, c:1.000], k:20, k':20, r:1.000, alpha:1.000, beta:1.000, eta:0.700]-[RankSVM] Train/Test finished in 243.12 seconds with accuracy 0.7910 and F1 (0:0.753 1:0.819)...
..................*
optimization finished, #iter = 184
Objective value = -1203.31
nSV = 2393
Creating cache for labeled documents...
Generate 266725(1378:1545) ranking pairs for L2R model training...
....................................................................................................
optimization finished, #iter = 1000

WARNING: reaching max number of iterations
Using -s 2 may be faster (also see FAQ)

Objective value = -229211
nSV = 230806
0.21930 -2.80084 -0.14193 0.00751 4.61716 -15.31470 0.21885 -0.15939 0.39035 0.11870 0.00000 
Construct nearest neighbor graph nodes in parallel: L: 3368, U: 13408
Construct nearest neighbor graph edges in parallel: L: 3368, U: 13408
[5028,6704) finished...
[1676,3352) finished...
[3352,5028) finished...
[0,1676) finished...
[11732,13408) finished...
[6704,8380) finished...
[8380,10056) finished...
[10056,11732) finished...
Nearest neighbor graph construction finished!
Random walk starts:
Iteration 1, converge to 0.208 with accuracy 0.7935...
Iteration 2, converge to 0.015 with accuracy 0.7928...
Iteration 3, converge to 0.002 with accuracy 0.7929...
Iteration 4, converge to 0.000 with accuracy 0.7929...
Iteration 5, converge to 0.000 with accuracy 0.7930...

Query	Docs	P@5	P@10	P@20
Pos	U	0.812	0.808	0.802
Pos	L	0.719	0.711	0.705
Neg	U	0.602	0.597	0.593
Neg	L	0.617	0.608	0.599

Gaussian Fields by random walk [C:SVM[C:2, F:8055, T:L2R_L1LOSS_SVC_DUAL, c:1.000], k:20, k':20, r:1.000, alpha:1.000, beta:1.000, eta:0.700]-[RankSVM] Train/Test finished in 262.24 seconds with accuracy 0.7930 and F1 (0:0.757 1:0.820)...
*************************************************
The final result of Gaussian Fields by random walk [C:SVM[C:2, F:8055, T:L2R_L1LOSS_SVC_DUAL, c:1.000], k:20, k':20, r:1.000, alpha:1.000, beta:1.000, eta:0.700]-[RankSVM] is as follows:
The total number of classes is 2
Class 0:	precision(0.811+/-0.006)	recall(0.705+/-0.004)
Class 1:	precision(0.777+/-0.002)	recall(0.862+/-0.005)
	0	1	P
0	43192	10047	0.8113
1	18064	62905	0.7769
R	0.7051	0.8623	0.7905
F1	0.7545	0.8174
