
--------------------------------------------------------------------------------------
Parameters of learning procedure:
#Class: 5	Ngram: 2	Feature value: TF	Normalization: 2
Doc length cut: 10	Window length: 0
Learning paradigm: SEMI	Sampling rate: 0.25	kUL: 100	kUU: 50
alpha: 1.05	beta: 1.01
Solver: Random Walk	Base Classifer: SVM	Weighted Sum: true	Similarity Weight: false
Classifier: SVM	Instance weighting: NONE	Trade-off Parameter: 1.0	Cross validation: 10
Data directory: ./data/amazon/small/dedup/RawData
--------------------------------------------------------------------------------------
Creating feature vectors, wait...
8055 feature words loaded from ./data/Features/fv_2gram_tablets_86jsons.txt...
Keywords for <screen>: 52
Keywords for <app>: 55
Keywords for <price>: 63
Keywords for <battery>: 60
Keywords for <sound>: 23
Keywords for <camera>: 47
Keywords for <cpu>: 46
Keywords for <microsd>: 44
Keywords for <internet>: 46
Keywords for <keyboard>: 26
Keywords for <usb>: 35
Keywords for <servic>: 49
Loading 614 stopwords from ./data/Model/stopwords.dat
DTLoading 16776 reviews from ./data/amazon/small/dedup/RawData
No normalizaiton is adopted here or wrong parameters!!
Text feature generated for 16776 documents...
2082 1104 1325 3146 9119 , Total: 16776
Info File Path: ./data/result/Topics_30Information.txt
Prior keywords for Topic 0 (<screen>): 52/52
Prior keywords for Topic 1 (<app>): 55/55
Prior keywords for Topic 2 (<price>): 63/63
Prior keywords for Topic 3 (<battery>): 60/60
Prior keywords for Topic 4 (<sound>): 23/23
Prior keywords for Topic 5 (<camera>): 47/47
Prior keywords for Topic 6 (<cpu>): 46/46
Prior keywords for Topic 7 (<microsd>): 44/44
Prior keywords for Topic 8 (<internet>): 46/46
Prior keywords for Topic 9 (<keyboard>): 26/26
Prior keywords for Topic 10 (<usb>): 35/35
Prior keywords for Topic 11 (<servic>): 49/50
..........Likelihood 16776.000 after step 100 converge to 0.000000 after 13 seconds...
Text feature generated for 16776 documents...
2082 1104 1325 3146 9119 , Total: 16776
Start Transductive Learning, wait...
.*.
optimization finished, #iter = 20
Objective value = -1208.38
nSV = 2399
Creating cache for labeled documents...
Generate 107732(1342:1522) ranking pairs for L2R model training...
....................................................................................................
optimization finished, #iter = 1000

WARNING: reaching max number of iterations
Using -s 2 may be faster (also see FAQ)

Objective value = -90629.6
nSV = 91190
1.16235 -3.13425 -0.10371 0.00468 2.05347 -10.53347 0.20618 -0.16776 0.31599 0.02862 0.00000 
Construct nearest neighbor graph nodes in parallel: L: 3388, U: 13388
Construct nearest neighbor graph edges in parallel: L: 3388, U: 13388
[5019,6692) finished...
[1673,3346) finished...
[11711,13388) finished...
[0,1673) finished...
[3346,5019) finished...
[10038,11711) finished...
[6692,8365) finished...
[8365,10038) finished...
Nearest neighbor graph construction finished!
Random walk starts:
Iteration 1, converge to 0.204 with accuracy 0.7905...
Iteration 2, converge to 0.014 with accuracy 0.7905...
Iteration 3, converge to 0.002 with accuracy 0.7903...
Iteration 4, converge to 0.000 with accuracy 0.7904...
Iteration 5, converge to 0.000 with accuracy 0.7904...

Query	Docs	P@5	P@10	P@20
Pos	U	0.818	0.817	0.813
Pos	L	0.733	0.726	0.720
Neg	U	0.591	0.587	0.581
Neg	L	0.598	0.591	0.585

Gaussian Fields by random walk [C:SVM[C:2, F:8055, T:L2R_L1LOSS_SVC_DUAL, c:1.000], k:20, k':20, r:1.000, alpha:1.000, beta:1.000, eta:0.700]-[RankSVM] Train/Test finished in 241.19 seconds with accuracy 0.7904 and F1 (0:0.752 1:0.819)...
..*.
optimization finished, #iter = 30
Objective value = -1207.72
nSV = 2392
Creating cache for labeled documents...
Generate 106060(1325:1513) ranking pairs for L2R model training...
....................................................................................................
optimization finished, #iter = 1000

WARNING: reaching max number of iterations
Using -s 2 may be faster (also see FAQ)

Objective value = -90234.0
nSV = 90793
0.98484 -2.98527 -0.14868 0.01103 2.64253 -10.99639 0.23867 -0.16790 -0.05061 0.08137 0.00000 
Construct nearest neighbor graph nodes in parallel: L: 3359, U: 13417
Construct nearest neighbor graph edges in parallel: L: 3359, U: 13417
[5031,6708) finished...
[1677,3354) finished...
[0,1677) finished...
[3354,5031) finished...
[8385,10062) finished...
[6708,8385) finished...
[11739,13417) finished...
[10062,11739) finished...
Nearest neighbor graph construction finished!
Random walk starts:
Iteration 1, converge to 0.203 with accuracy 0.7895...
Iteration 2, converge to 0.015 with accuracy 0.7896...
Iteration 3, converge to 0.002 with accuracy 0.7896...
Iteration 4, converge to 0.000 with accuracy 0.7897...
Iteration 5, converge to 0.000 with accuracy 0.7897...

Query	Docs	P@5	P@10	P@20
Pos	U	0.811	0.807	0.802
Pos	L	0.723	0.717	0.711
Neg	U	0.594	0.591	0.587
Neg	L	0.607	0.599	0.592

Gaussian Fields by random walk [C:SVM[C:2, F:8055, T:L2R_L1LOSS_SVC_DUAL, c:1.000], k:20, k':20, r:1.000, alpha:1.000, beta:1.000, eta:0.700]-[RankSVM] Train/Test finished in 180.55 seconds with accuracy 0.7897 and F1 (0:0.751 1:0.818)...
.*.
optimization finished, #iter = 20
Objective value = -1207.62
nSV = 2390
Creating cache for labeled documents...
Generate 109290(1360:1549) ranking pairs for L2R model training...
....................................................................................................
optimization finished, #iter = 1000

WARNING: reaching max number of iterations
Using -s 2 may be faster (also see FAQ)

Objective value = -91296.8
nSV = 91887
0.71732 -3.04963 -0.20087 0.00872 3.22257 -10.25647 0.11049 -0.07607 0.40913 0.10457 0.00000 
Construct nearest neighbor graph nodes in parallel: L: 3335, U: 13441
Construct nearest neighbor graph edges in parallel: L: 3335, U: 13441
[5040,6720) finished...
[1680,3360) finished...
[0,1680) finished...
[6720,8400) finished...
[3360,5040) finished...
[8400,10080) finished...
[11760,13441) finished...
[10080,11760) finished...
Nearest neighbor graph construction finished!
Random walk starts:
Iteration 1, converge to 0.206 with accuracy 0.7894...
Iteration 2, converge to 0.014 with accuracy 0.7883...
Iteration 3, converge to 0.002 with accuracy 0.7883...
Iteration 4, converge to 0.000 with accuracy 0.7883...
Iteration 5, converge to 0.000 with accuracy 0.7883...

Query	Docs	P@5	P@10	P@20
Pos	U	0.793	0.786	0.779
Pos	L	0.702	0.697	0.690
Neg	U	0.621	0.619	0.615
Neg	L	0.626	0.621	0.614

Gaussian Fields by random walk [C:SVM[C:2, F:8055, T:L2R_L1LOSS_SVC_DUAL, c:1.000], k:20, k':20, r:1.000, alpha:1.000, beta:1.000, eta:0.700]-[RankSVM] Train/Test finished in 226.79 seconds with accuracy 0.7883 and F1 (0:0.754 1:0.814)...
..*
optimization finished, #iter = 25
Objective value = -1165.12
nSV = 2357
Creating cache for labeled documents...
Generate 108302(1350:1539) ranking pairs for L2R model training...
....................................................................................................
optimization finished, #iter = 1000

WARNING: reaching max number of iterations
Using -s 2 may be faster (also see FAQ)

Objective value = -90228.4
nSV = 90689
0.84243 -3.14067 -0.12108 -0.01120 2.57656 -12.87383 0.19436 -0.12407 0.24997 0.08727 0.00000 
Construct nearest neighbor graph nodes in parallel: L: 3304, U: 13472
Construct nearest neighbor graph edges in parallel: L: 3304, U: 13472
[5052,6736) finished...
[1684,3368) finished...
[11788,13472) finished...
[0,1684) finished...
[8420,10104) finished...
[3368,5052) finished...
[6736,8420) finished...
[10104,11788) finished...
Nearest neighbor graph construction finished!
Random walk starts:
Iteration 1, converge to 0.200 with accuracy 0.7908...
Iteration 2, converge to 0.014 with accuracy 0.7910...
Iteration 3, converge to 0.002 with accuracy 0.7908...
Iteration 4, converge to 0.000 with accuracy 0.7910...
Iteration 5, converge to 0.000 with accuracy 0.7909...

Query	Docs	P@5	P@10	P@20
Pos	U	0.795	0.790	0.785
Pos	L	0.712	0.706	0.701
Neg	U	0.631	0.626	0.620
Neg	L	0.632	0.625	0.617

Gaussian Fields by random walk [C:SVM[C:2, F:8055, T:L2R_L1LOSS_SVC_DUAL, c:1.000], k:20, k':20, r:1.000, alpha:1.000, beta:1.000, eta:0.700]-[RankSVM] Train/Test finished in 195.31 seconds with accuracy 0.7909 and F1 (0:0.759 1:0.815)...
..*
optimization finished, #iter = 21
Objective value = -1207.91
nSV = 2402
Creating cache for labeled documents...
Generate 107906(1340:1534) ranking pairs for L2R model training...
....................................................................................................
optimization finished, #iter = 1000

WARNING: reaching max number of iterations
Using -s 2 may be faster (also see FAQ)

Objective value = -92248.5
nSV = 92912
1.19351 -2.86183 -0.10381 0.00318 2.62435 -13.99838 0.00726 -0.09388 0.26554 0.12300 0.00000 
Construct nearest neighbor graph nodes in parallel: L: 3351, U: 13425
Construct nearest neighbor graph edges in parallel: L: 3351, U: 13425
[5034,6712) finished...
[1678,3356) finished...
[0,1678) finished...
[3356,5034) finished...
[6712,8390) finished...
[11746,13425) finished...
[8390,10068) finished...
[10068,11746) finished...
Nearest neighbor graph construction finished!
Random walk starts:
Iteration 1, converge to 0.204 with accuracy 0.7897...
Iteration 2, converge to 0.015 with accuracy 0.7908...
Iteration 3, converge to 0.002 with accuracy 0.7909...
Iteration 4, converge to 0.000 with accuracy 0.7909...
Iteration 5, converge to 0.000 with accuracy 0.7909...

Query	Docs	P@5	P@10	P@20
Pos	U	0.784	0.780	0.774
Pos	L	0.702	0.693	0.686
Neg	U	0.636	0.633	0.628
Neg	L	0.638	0.631	0.623

Gaussian Fields by random walk [C:SVM[C:2, F:8055, T:L2R_L1LOSS_SVC_DUAL, c:1.000], k:20, k':20, r:1.000, alpha:1.000, beta:1.000, eta:0.700]-[RankSVM] Train/Test finished in 208.52 seconds with accuracy 0.7909 and F1 (0:0.759 1:0.815)...
..*
optimization finished, #iter = 25
Objective value = -1201.51
nSV = 2352
Creating cache for labeled documents...
Generate 105176(1340:1500) ranking pairs for L2R model training...
....................................................................................................
optimization finished, #iter = 1000

WARNING: reaching max number of iterations
Using -s 2 may be faster (also see FAQ)

Objective value = -89787.8
nSV = 90367
1.39130 -2.97177 -0.16733 0.00619 1.66723 -12.72198 0.08036 -0.05990 0.20861 0.04106 0.00000 
Construct nearest neighbor graph nodes in parallel: L: 3341, U: 13435
Construct nearest neighbor graph edges in parallel: L: 3341, U: 13435
[5037,6716) finished...
[1679,3358) finished...
[0,1679) finished...
[3358,5037) finished...
[11753,13435) finished...
[6716,8395) finished...
[8395,10074) finished...
[10074,11753) finished...
Nearest neighbor graph construction finished!
Random walk starts:
Iteration 1, converge to 0.207 with accuracy 0.7875...
Iteration 2, converge to 0.014 with accuracy 0.7873...
Iteration 3, converge to 0.002 with accuracy 0.7875...
Iteration 4, converge to 0.000 with accuracy 0.7875...
Iteration 5, converge to 0.000 with accuracy 0.7875...

Query	Docs	P@5	P@10	P@20
Pos	U	0.790	0.784	0.777
Pos	L	0.703	0.699	0.696
Neg	U	0.629	0.624	0.620
Neg	L	0.627	0.625	0.615

Gaussian Fields by random walk [C:SVM[C:2, F:8055, T:L2R_L1LOSS_SVC_DUAL, c:1.000], k:20, k':20, r:1.000, alpha:1.000, beta:1.000, eta:0.700]-[RankSVM] Train/Test finished in 224.46 seconds with accuracy 0.7875 and F1 (0:0.755 1:0.812)...
.*
optimization finished, #iter = 18
Objective value = -1162.81
nSV = 2324
Creating cache for labeled documents...
Generate 106398(1342:1509) ranking pairs for L2R model training...
....................................................................................................
optimization finished, #iter = 1000

WARNING: reaching max number of iterations
Using -s 2 may be faster (also see FAQ)

Objective value = -89769.5
nSV = 90424
0.51540 -2.83154 -0.16748 0.00405 3.65862 -11.95667 0.22352 -0.07818 0.31982 0.09374 0.00000 
Construct nearest neighbor graph nodes in parallel: L: 3365, U: 13411
Construct nearest neighbor graph edges in parallel: L: 3365, U: 13411
[5028,6704) finished...
[1676,3352) finished...
[3352,5028) finished...
[11732,13411) finished...
[0,1676) finished...
[6704,8380) finished...
[8380,10056) finished...
[10056,11732) finished...
Nearest neighbor graph construction finished!
Random walk starts:
Iteration 1, converge to 0.203 with accuracy 0.7888...
Iteration 2, converge to 0.014 with accuracy 0.7897...
Iteration 3, converge to 0.001 with accuracy 0.7896...
Iteration 4, converge to 0.000 with accuracy 0.7896...
Iteration 5, converge to 0.000 with accuracy 0.7896...

Query	Docs	P@5	P@10	P@20
Pos	U	0.800	0.794	0.787
Pos	L	0.722	0.716	0.709
Neg	U	0.622	0.617	0.612
Neg	L	0.622	0.617	0.611

Gaussian Fields by random walk [C:SVM[C:2, F:8055, T:L2R_L1LOSS_SVC_DUAL, c:1.000], k:20, k':20, r:1.000, alpha:1.000, beta:1.000, eta:0.700]-[RankSVM] Train/Test finished in 174.89 seconds with accuracy 0.7896 and F1 (0:0.755 1:0.816)...
.*.
optimization finished, #iter = 20
Objective value = -1180.37
nSV = 2364
Creating cache for labeled documents...
Generate 108936(1362:1546) ranking pairs for L2R model training...
....................................................................................................
optimization finished, #iter = 1000

WARNING: reaching max number of iterations
Using -s 2 may be faster (also see FAQ)

Objective value = -92022.3
nSV = 92679
1.08600 -2.86864 -0.18827 0.00154 3.26455 -8.14719 0.06963 -0.15074 0.46557 0.15436 0.00000 
Construct nearest neighbor graph nodes in parallel: L: 3368, U: 13408
Construct nearest neighbor graph edges in parallel: L: 3368, U: 13408
[5028,6704) finished...
[1676,3352) finished...
[3352,5028) finished...
[0,1676) finished...
[11732,13408) finished...
[6704,8380) finished...
[8380,10056) finished...
[10056,11732) finished...
Nearest neighbor graph construction finished!
Random walk starts:
Iteration 1, converge to 0.204 with accuracy 0.7945...
Iteration 2, converge to 0.014 with accuracy 0.7945...
Iteration 3, converge to 0.002 with accuracy 0.7947...
Iteration 4, converge to 0.000 with accuracy 0.7948...
Iteration 5, converge to 0.000 with accuracy 0.7948...

Query	Docs	P@5	P@10	P@20
Pos	U	0.788	0.784	0.778
Pos	L	0.708	0.701	0.696
Neg	U	0.628	0.622	0.618
Neg	L	0.630	0.624	0.616

Gaussian Fields by random walk [C:SVM[C:2, F:8055, T:L2R_L1LOSS_SVC_DUAL, c:1.000], k:20, k':20, r:1.000, alpha:1.000, beta:1.000, eta:0.700]-[RankSVM] Train/Test finished in 217.42 seconds with accuracy 0.7948 and F1 (0:0.762 1:0.820)...
.*
optimization finished, #iter = 18
Objective value = -1184.96
nSV = 2374
Creating cache for labeled documents...
Generate 107212(1331:1534) ranking pairs for L2R model training...
....................................................................................................
optimization finished, #iter = 1000

WARNING: reaching max number of iterations
Using -s 2 may be faster (also see FAQ)

Objective value = -90837.3
nSV = 91473
1.43468 -3.14353 -0.14779 0.01280 1.40109 -8.51072 0.14091 -0.11984 0.01325 0.05662 0.00000 
Construct nearest neighbor graph nodes in parallel: L: 3337, U: 13439
Construct nearest neighbor graph edges in parallel: L: 3337, U: 13439
[5037,6716) finished...
[1679,3358) finished...
[11753,13439) finished...
[3358,5037) finished...
[6716,8395) finished...
[0,1679) finished...
[8395,10074) finished...
[10074,11753) finished...
Nearest neighbor graph construction finished!
Random walk starts:
Iteration 1, converge to 0.207 with accuracy 0.7913...
Iteration 2, converge to 0.015 with accuracy 0.7905...
Iteration 3, converge to 0.002 with accuracy 0.7911...
Iteration 4, converge to 0.000 with accuracy 0.7911...
Iteration 5, converge to 0.000 with accuracy 0.7911...

Query	Docs	P@5	P@10	P@20
Pos	U	0.768	0.764	0.758
Pos	L	0.698	0.694	0.689
Neg	U	0.632	0.633	0.628
Neg	L	0.623	0.618	0.611

Gaussian Fields by random walk [C:SVM[C:2, F:8055, T:L2R_L1LOSS_SVC_DUAL, c:1.000], k:20, k':20, r:1.000, alpha:1.000, beta:1.000, eta:0.700]-[RankSVM] Train/Test finished in 241.11 seconds with accuracy 0.7911 and F1 (0:0.759 1:0.816)...
..........*
optimization finished, #iter = 103
Objective value = -1204.66
nSV = 2398
Creating cache for labeled documents...
Generate 110344(1382:1554) ranking pairs for L2R model training...
....................................................................................................
optimization finished, #iter = 1000

WARNING: reaching max number of iterations
Using -s 2 may be faster (also see FAQ)

Objective value = -92673.5
nSV = 93237
1.05676 -3.28303 -0.12429 -0.00522 1.56727 -10.13438 0.19040 -0.14710 0.43132 0.05189 0.00000 
Construct nearest neighbor graph nodes in parallel: L: 3404, U: 13372
Construct nearest neighbor graph edges in parallel: L: 3404, U: 13372
[5013,6684) finished...
[1671,3342) finished...
[11697,13372) finished...
[3342,5013) finished...
[0,1671) finished...
[10026,11697) finished...
[6684,8355) finished...
[8355,10026) finished...
Nearest neighbor graph construction finished!
Random walk starts:
Iteration 1, converge to 0.202 with accuracy 0.7899...
Iteration 2, converge to 0.013 with accuracy 0.7890...
Iteration 3, converge to 0.001 with accuracy 0.7892...
Iteration 4, converge to 0.000 with accuracy 0.7892...
Iteration 5, converge to 0.000 with accuracy 0.7891...

Query	Docs	P@5	P@10	P@20
Pos	U	0.802	0.799	0.794
Pos	L	0.718	0.713	0.709
Neg	U	0.613	0.609	0.604
Neg	L	0.614	0.609	0.604

Gaussian Fields by random walk [C:SVM[C:2, F:8055, T:L2R_L1LOSS_SVC_DUAL, c:1.000], k:20, k':20, r:1.000, alpha:1.000, beta:1.000, eta:0.700]-[RankSVM] Train/Test finished in 238.84 seconds with accuracy 0.7891 and F1 (0:0.754 1:0.815)...
*************************************************
The final result of Gaussian Fields by random walk [C:SVM[C:2, F:8055, T:L2R_L1LOSS_SVC_DUAL, c:1.000], k:20, k':20, r:1.000, alpha:1.000, beta:1.000, eta:0.700]-[RankSVM] is as follows:
The total number of classes is 2
Class 0:	precision(0.806+/-0.008)	recall(0.712+/-0.011)
Class 1:	precision(0.780+/-0.006)	recall(0.856+/-0.009)
	0	1	P
0	43620	10516	0.8057
1	17636	62436	0.7797
R	0.7121	0.8559	0.7902
F1	0.7560	0.8160
