
--------------------------------------------------------------------------------------
Parameters of learning procedure:
#Class: 5	Ngram: 2	Feature value: TF	Normalization: 2
Doc length cut: 10	Window length: 0
Learning paradigm: SEMI	Sampling rate: 0.25	kUL: 100	kUU: 50
alpha: 1.05	beta: 1.01
Solver: Random Walk	Base Classifer: SVM	Weighted Sum: true	Similarity Weight: false
Classifier: SVM	Instance weighting: NONE	Trade-off Parameter: 1.0	Cross validation: 10
Data directory: ./data/amazon/small/dedup/RawData
--------------------------------------------------------------------------------------
Creating feature vectors, wait...
8055 feature words loaded from ./data/Features/fv_2gram_tablets_86jsons.txt...
Keywords for <screen>: 52
Keywords for <app>: 55
Keywords for <price>: 63
Keywords for <battery>: 60
Keywords for <sound>: 23
Keywords for <camera>: 47
Keywords for <cpu>: 46
Keywords for <microsd>: 44
Keywords for <internet>: 46
Keywords for <keyboard>: 26
Keywords for <usb>: 35
Keywords for <servic>: 49
Loading 614 stopwords from ./data/Model/stopwords.dat
DTLoading 16776 reviews from ./data/amazon/small/dedup/RawData
No normalizaiton is adopted here or wrong parameters!!
Text feature generated for 16776 documents...
2082 1104 1325 3146 9119 , Total: 16776
Info File Path: ./data/result/Topics_30Information.txt
Prior keywords for Topic 0 (<screen>): 52/52
Prior keywords for Topic 1 (<app>): 55/55
Prior keywords for Topic 2 (<price>): 63/63
Prior keywords for Topic 3 (<battery>): 60/60
Prior keywords for Topic 4 (<sound>): 23/23
Prior keywords for Topic 5 (<camera>): 47/47
Prior keywords for Topic 6 (<cpu>): 46/46
Prior keywords for Topic 7 (<microsd>): 44/44
Prior keywords for Topic 8 (<internet>): 46/46
Prior keywords for Topic 9 (<keyboard>): 26/26
Prior keywords for Topic 10 (<usb>): 35/35
Prior keywords for Topic 11 (<servic>): 49/50
..........Likelihood 16776.000 after step 100 converge to 0.000000 after 23 seconds...
Text feature generated for 16776 documents...
2082 1104 1325 3146 9119 , Total: 16776
Start Transductive Learning, wait...
.*
optimization finished, #iter = 19
Objective value = -1157.76
nSV = 2346
Creating cache for labeled documents...
Generate 339800(1315:1486) ranking pairs for L2R model training...
....................................................................................................
optimization finished, #iter = 1000

WARNING: reaching max number of iterations
Using -s 2 may be faster (also see FAQ)

Objective value = -292723
nSV = 294477
0.59375 -2.89289 -0.12512 0.00192 3.70381 -15.78189 0.19349 -0.08044 0.52441 0.08444 0.00000 
Construct nearest neighbor graph nodes in parallel: L: 3290, U: 13486
Construct nearest neighbor graph edges in parallel: L: 3290, U: 13486
[1685,3370) finished...
[5055,6740) finished...
[11795,13486) finished...
[3370,5055) finished...
[0,1685) finished...
[8425,10110) finished...
[6740,8425) finished...
[10110,11795) finished...
Nearest neighbor graph construction finished!
Random walk starts:
Iteration 1, converge to 0.209 with accuracy 0.7898...
Iteration 2, converge to 0.015 with accuracy 0.7890...
Iteration 3, converge to 0.002 with accuracy 0.7887...
Iteration 4, converge to 0.000 with accuracy 0.7887...
Iteration 5, converge to 0.000 with accuracy 0.7887...

Query	Docs	P@5	P@10	P@20
Pos	U	0.809	0.804	0.800
Pos	L	0.713	0.704	0.696
Neg	U	0.604	0.597	0.592
Neg	L	0.617	0.611	0.602

Gaussian Fields by random walk [C:SVM[C:2, F:8055, T:L2R_L1LOSS_SVC_DUAL, c:1.000], k:20, k':20, r:1.000, alpha:1.000, beta:1.000, eta:0.700]-[RankSVM] Train/Test finished in 307.60 seconds with accuracy 0.7887 and F1 (0:0.751 1:0.816)...
...*
optimization finished, #iter = 34
Objective value = -1155.17
nSV = 2320
Creating cache for labeled documents...
Generate 344652(1321:1512) ranking pairs for L2R model training...
....................................................................................................
optimization finished, #iter = 1000

WARNING: reaching max number of iterations
Using -s 2 may be faster (also see FAQ)

Objective value = -293646
nSV = 295385
0.78180 -3.02469 -0.15500 -0.00837 3.47348 -15.14339 0.17570 -0.12280 0.12766 0.09482 0.00000 
Construct nearest neighbor graph nodes in parallel: L: 3300, U: 13476
Construct nearest neighbor graph edges in parallel: L: 3300, U: 13476
[5052,6736) finished...
[1684,3368) finished...
[0,1684) finished...
[3368,5052) finished...
[11788,13476) finished...
[8420,10104) finished...
[10104,11788) finished...
[6736,8420) finished...
Nearest neighbor graph construction finished!
Random walk starts:
Iteration 1, converge to 0.204 with accuracy 0.7906...
Iteration 2, converge to 0.014 with accuracy 0.7911...
Iteration 3, converge to 0.002 with accuracy 0.7910...
Iteration 4, converge to 0.000 with accuracy 0.7911...
Iteration 5, converge to 0.000 with accuracy 0.7911...

Query	Docs	P@5	P@10	P@20
Pos	U	0.804	0.799	0.795
Pos	L	0.722	0.716	0.709
Neg	U	0.606	0.599	0.594
Neg	L	0.611	0.606	0.599

Gaussian Fields by random walk [C:SVM[C:2, F:8055, T:L2R_L1LOSS_SVC_DUAL, c:1.000], k:20, k':20, r:1.000, alpha:1.000, beta:1.000, eta:0.700]-[RankSVM] Train/Test finished in 297.85 seconds with accuracy 0.7911 and F1 (0:0.754 1:0.819)...
.**.
optimization finished, #iter = 20
Objective value = -1175.31
nSV = 2390
Creating cache for labeled documents...
Generate 348748(1334:1532) ranking pairs for L2R model training...
....................................................................................................
optimization finished, #iter = 1000

WARNING: reaching max number of iterations
Using -s 2 may be faster (also see FAQ)

Objective value = -297901
nSV = 299584
0.76671 -3.14982 -0.10555 0.01662 2.94265 -15.13631 0.24942 -0.13999 -0.19789 0.09648 0.00000 
Construct nearest neighbor graph nodes in parallel: L: 3353, U: 13423
Construct nearest neighbor graph edges in parallel: L: 3353, U: 13423
[5031,6708) finished...
[1677,3354) finished...
[0,1677) finished...
[3354,5031) finished...
[6708,8385) finished...
[11739,13423) finished...
[8385,10062) finished...
[10062,11739) finished...
Nearest neighbor graph construction finished!
Random walk starts:
Iteration 1, converge to 0.214 with accuracy 0.7894...
Iteration 2, converge to 0.015 with accuracy 0.7893...
Iteration 3, converge to 0.002 with accuracy 0.7894...
Iteration 4, converge to 0.000 with accuracy 0.7895...
Iteration 5, converge to 0.000 with accuracy 0.7895...

Query	Docs	P@5	P@10	P@20
Pos	U	0.765	0.761	0.758
Pos	L	0.735	0.720	0.703
Neg	U	0.624	0.621	0.617
Neg	L	0.569	0.582	0.587

Gaussian Fields by random walk [C:SVM[C:2, F:8055, T:L2R_L1LOSS_SVC_DUAL, c:1.000], k:20, k':20, r:1.000, alpha:1.000, beta:1.000, eta:0.700]-[RankSVM] Train/Test finished in 297.87 seconds with accuracy 0.7895 and F1 (0:0.756 1:0.815)...
..*
optimization finished, #iter = 23
Objective value = -1211.72
nSV = 2416
Creating cache for labeled documents...
Generate 354132(1369:1559) ranking pairs for L2R model training...
....................................................................................................
optimization finished, #iter = 1000

WARNING: reaching max number of iterations
Using -s 2 may be faster (also see FAQ)

Objective value = -302816
nSV = 304550
0.78381 -3.13044 -0.10557 0.00850 2.54706 -19.94937 0.24265 -0.13670 0.02769 0.08850 0.00000 
Construct nearest neighbor graph nodes in parallel: L: 3443, U: 13333
Construct nearest neighbor graph edges in parallel: L: 3443, U: 13333
[4998,6664) finished...
[1666,3332) finished...
[3332,4998) finished...
[0,1666) finished...
[6664,8330) finished...
[9996,11662) finished...
[8330,9996) finished...
[11662,13333) finished...
Nearest neighbor graph construction finished!
Random walk starts:
Iteration 1, converge to 0.207 with accuracy 0.7876...
Iteration 2, converge to 0.015 with accuracy 0.7885...
Iteration 3, converge to 0.002 with accuracy 0.7887...
Iteration 4, converge to 0.000 with accuracy 0.7888...
Iteration 5, converge to 0.000 with accuracy 0.7888...

Query	Docs	P@5	P@10	P@20
Pos	U	0.794	0.789	0.782
Pos	L	0.711	0.705	0.697
Neg	U	0.616	0.614	0.610
Neg	L	0.614	0.609	0.602

Gaussian Fields by random walk [C:SVM[C:2, F:8055, T:L2R_L1LOSS_SVC_DUAL, c:1.000], k:20, k':20, r:1.000, alpha:1.000, beta:1.000, eta:0.700]-[RankSVM] Train/Test finished in 251.71 seconds with accuracy 0.7888 and F1 (0:0.754 1:0.815)...
.....*
optimization finished, #iter = 57
Objective value = -1174.72
nSV = 2350
Creating cache for labeled documents...
Generate 352370(1365:1549) ranking pairs for L2R model training...
....................................................................................................
optimization finished, #iter = 1000

WARNING: reaching max number of iterations
Using -s 2 may be faster (also see FAQ)

Objective value = -298555
nSV = 300279
0.19755 -3.14834 -0.12002 0.00123 4.43711 -20.27267 0.11629 -0.20425 0.24144 0.04772 0.00000 
Construct nearest neighbor graph nodes in parallel: L: 3381, U: 13395
Construct nearest neighbor graph edges in parallel: L: 3381, U: 13395
[5022,6696) finished...
[1674,3348) finished...
[3348,5022) finished...
[0,1674) finished...
[11718,13395) finished...
[6696,8370) finished...
[8370,10044) finished...
[10044,11718) finished...
Nearest neighbor graph construction finished!
Random walk starts:
Iteration 1, converge to 0.202 with accuracy 0.7878...
Iteration 2, converge to 0.014 with accuracy 0.7884...
Iteration 3, converge to 0.001 with accuracy 0.7886...
Iteration 4, converge to 0.000 with accuracy 0.7887...
Iteration 5, converge to 0.000 with accuracy 0.7887...

Query	Docs	P@5	P@10	P@20
Pos	U	0.818	0.813	0.807
Pos	L	0.723	0.720	0.714
Neg	U	0.593	0.586	0.579
Neg	L	0.612	0.606	0.600

Gaussian Fields by random walk [C:SVM[C:2, F:8055, T:L2R_L1LOSS_SVC_DUAL, c:1.000], k:20, k':20, r:1.000, alpha:1.000, beta:1.000, eta:0.700]-[RankSVM] Train/Test finished in 333.39 seconds with accuracy 0.7887 and F1 (0:0.752 1:0.816)...
.*.
optimization finished, #iter = 20
Objective value = -1190.83
nSV = 2370
Creating cache for labeled documents...
Generate 353270(1362:1540) ranking pairs for L2R model training...
....................................................................................................
optimization finished, #iter = 1000

WARNING: reaching max number of iterations
Using -s 2 may be faster (also see FAQ)

Objective value = -303719
nSV = 305846
0.68967 -2.95495 -0.12463 0.00517 3.46959 -14.97526 0.06964 -0.05213 0.31831 0.04274 0.00000 
Construct nearest neighbor graph nodes in parallel: L: 3344, U: 13432
Construct nearest neighbor graph edges in parallel: L: 3344, U: 13432
[5037,6716) finished...
[1679,3358) finished...
[11753,13432) finished...
[0,1679) finished...
[3358,5037) finished...
[6716,8395) finished...
[8395,10074) finished...
[10074,11753) finished...
Nearest neighbor graph construction finished!
Random walk starts:
Iteration 1, converge to 0.210 with accuracy 0.7962...
Iteration 2, converge to 0.014 with accuracy 0.7949...
Iteration 3, converge to 0.002 with accuracy 0.7951...
Iteration 4, converge to 0.000 with accuracy 0.7950...
Iteration 5, converge to 0.000 with accuracy 0.7950...

Query	Docs	P@5	P@10	P@20
Pos	U	0.796	0.790	0.784
Pos	L	0.712	0.705	0.696
Neg	U	0.616	0.609	0.602
Neg	L	0.629	0.619	0.611

Gaussian Fields by random walk [C:SVM[C:2, F:8055, T:L2R_L1LOSS_SVC_DUAL, c:1.000], k:20, k':20, r:1.000, alpha:1.000, beta:1.000, eta:0.700]-[RankSVM] Train/Test finished in 295.58 seconds with accuracy 0.7950 and F1 (0:0.762 1:0.820)...
.*
optimization finished, #iter = 18
Objective value = -1230.00
nSV = 2410
Creating cache for labeled documents...
Generate 365424(1402:1606) ranking pairs for L2R model training...
....................................................................................................
optimization finished, #iter = 1000

WARNING: reaching max number of iterations
Using -s 2 may be faster (also see FAQ)

Objective value = -312874
nSV = 315333
1.35345 -2.92418 -0.11259 0.00656 2.29884 -21.18694 0.17645 -0.09748 0.30999 0.00646 0.00000 
Construct nearest neighbor graph nodes in parallel: L: 3386, U: 13390
Construct nearest neighbor graph edges in parallel: L: 3386, U: 13390
[5019,6692) finished...
[1673,3346) finished...
[0,1673) finished...
[11711,13390) finished...
[8365,10038) finished...
[6692,8365) finished...
[3346,5019) finished...
[10038,11711) finished...
Nearest neighbor graph construction finished!
Random walk starts:
Iteration 1, converge to 0.207 with accuracy 0.7889...
Iteration 2, converge to 0.014 with accuracy 0.7889...
Iteration 3, converge to 0.002 with accuracy 0.7886...
Iteration 4, converge to 0.000 with accuracy 0.7886...
Iteration 5, converge to 0.000 with accuracy 0.7886...

Query	Docs	P@5	P@10	P@20
Pos	U	0.793	0.788	0.782
Pos	L	0.710	0.699	0.694
Neg	U	0.625	0.619	0.614
Neg	L	0.636	0.626	0.616

Gaussian Fields by random walk [C:SVM[C:2, F:8055, T:L2R_L1LOSS_SVC_DUAL, c:1.000], k:20, k':20, r:1.000, alpha:1.000, beta:1.000, eta:0.700]-[RankSVM] Train/Test finished in 285.62 seconds with accuracy 0.7886 and F1 (0:0.756 1:0.813)...
.*.
optimization finished, #iter = 20
Objective value = -1223.09
nSV = 2421
Creating cache for labeled documents...
Generate 368378(1421:1605) ranking pairs for L2R model training...
....................................................................................................
optimization finished, #iter = 1000

WARNING: reaching max number of iterations
Using -s 2 may be faster (also see FAQ)

Objective value = -315718
nSV = 317695
1.24588 -2.78349 -0.16323 0.00438 3.11024 -19.43398 0.23763 -0.11878 0.13388 0.08641 0.00000 
Construct nearest neighbor graph nodes in parallel: L: 3406, U: 13370
Construct nearest neighbor graph edges in parallel: L: 3406, U: 13370
[5013,6684) finished...
[1671,3342) finished...
[0,1671) finished...
[3342,5013) finished...
[11697,13370) finished...
[6684,8355) finished...
[8355,10026) finished...
[10026,11697) finished...
Nearest neighbor graph construction finished!
Random walk starts:
Iteration 1, converge to 0.207 with accuracy 0.7895...
Iteration 2, converge to 0.015 with accuracy 0.7873...
Iteration 3, converge to 0.002 with accuracy 0.7879...
Iteration 4, converge to 0.000 with accuracy 0.7879...
Iteration 5, converge to 0.000 with accuracy 0.7879...

Query	Docs	P@5	P@10	P@20
Pos	U	0.780	0.774	0.768
Pos	L	0.701	0.695	0.688
Neg	U	0.638	0.631	0.625
Neg	L	0.640	0.630	0.619

Gaussian Fields by random walk [C:SVM[C:2, F:8055, T:L2R_L1LOSS_SVC_DUAL, c:1.000], k:20, k':20, r:1.000, alpha:1.000, beta:1.000, eta:0.700]-[RankSVM] Train/Test finished in 284.98 seconds with accuracy 0.7879 and F1 (0:0.757 1:0.812)...
.*.
optimization finished, #iter = 20
Objective value = -1206.86
nSV = 2377
Creating cache for labeled documents...
Generate 339190(1327:1484) ranking pairs for L2R model training...
....................................................................................................
optimization finished, #iter = 1000

WARNING: reaching max number of iterations
Using -s 2 may be faster (also see FAQ)

Objective value = -292522
nSV = 294210
1.01488 -2.85067 -0.11107 0.00373 3.17558 -12.53096 0.12450 -0.11196 0.09337 0.09625 0.00000 
Construct nearest neighbor graph nodes in parallel: L: 3366, U: 13410
Construct nearest neighbor graph edges in parallel: L: 3366, U: 13410
[1676,3352) finished...
[5028,6704) finished...
[3352,5028) finished...
[8380,10056) finished...
[0,1676) finished...
[6704,8380) finished...
[11732,13410) finished...
[10056,11732) finished...
Nearest neighbor graph construction finished!
Random walk starts:
Iteration 1, converge to 0.204 with accuracy 0.7863...
Iteration 2, converge to 0.015 with accuracy 0.7857...
Iteration 3, converge to 0.002 with accuracy 0.7860...
Iteration 4, converge to 0.000 with accuracy 0.7859...
Iteration 5, converge to 0.000 with accuracy 0.7859...

Query	Docs	P@5	P@10	P@20
Pos	U	0.812	0.807	0.801
Pos	L	0.721	0.714	0.707
Neg	U	0.598	0.594	0.587
Neg	L	0.607	0.599	0.590

Gaussian Fields by random walk [C:SVM[C:2, F:8055, T:L2R_L1LOSS_SVC_DUAL, c:1.000], k:20, k':20, r:1.000, alpha:1.000, beta:1.000, eta:0.700]-[RankSVM] Train/Test finished in 279.79 seconds with accuracy 0.7859 and F1 (0:0.747 1:0.814)...
..*
optimization finished, #iter = 29
Objective value = -1176.62
nSV = 2336
Creating cache for labeled documents...
Generate 328786(1280:1441) ranking pairs for L2R model training...
....................................................................................................
optimization finished, #iter = 1000

WARNING: reaching max number of iterations
Using -s 2 may be faster (also see FAQ)

Objective value = -283985
nSV = 285435
0.85047 -3.10185 -0.14400 -0.01030 2.53010 -15.33595 0.16914 -0.13974 0.23168 0.14851 0.00000 
Construct nearest neighbor graph nodes in parallel: L: 3283, U: 13493
Construct nearest neighbor graph edges in parallel: L: 3283, U: 13493
[5058,6744) finished...
[1686,3372) finished...
[3372,5058) finished...
[0,1686) finished...
[11802,13493) finished...
[8430,10116) finished...
[10116,11802) finished...
[6744,8430) finished...
Nearest neighbor graph construction finished!
Random walk starts:
Iteration 1, converge to 0.206 with accuracy 0.7883...
Iteration 2, converge to 0.015 with accuracy 0.7872...
Iteration 3, converge to 0.002 with accuracy 0.7874...
Iteration 4, converge to 0.000 with accuracy 0.7874...
Iteration 5, converge to 0.000 with accuracy 0.7874...

Query	Docs	P@5	P@10	P@20
Pos	U	0.812	0.807	0.802
Pos	L	0.716	0.710	0.704
Neg	U	0.597	0.592	0.585
Neg	L	0.611	0.602	0.593

Gaussian Fields by random walk [C:SVM[C:2, F:8055, T:L2R_L1LOSS_SVC_DUAL, c:1.000], k:20, k':20, r:1.000, alpha:1.000, beta:1.000, eta:0.700]-[RankSVM] Train/Test finished in 283.51 seconds with accuracy 0.7874 and F1 (0:0.747 1:0.817)...
*************************************************
The final result of Gaussian Fields by random walk [C:SVM[C:2, F:8055, T:L2R_L1LOSS_SVC_DUAL, c:1.000], k:20, k':20, r:1.000, alpha:1.000, beta:1.000, eta:0.700]-[RankSVM] is as follows:
The total number of classes is 2
Class 0:	precision(0.807+/-0.012)	recall(0.707+/-0.016)
Class 1:	precision(0.778+/-0.009)	recall(0.858+/-0.013)
	0	1	P
0	43327	10367	0.8069
1	17929	62585	0.7773
R	0.7073	0.8579	0.7892
F1	0.7538	0.8156
