
--------------------------------------------------------------------------------------
Parameters of learning procedure:
#Class: 5	Ngram: 2	Feature value: TF	Normalization: 2
Doc length cut: 10	Window length: 0
Learning paradigm: SEMI	Sampling rate: 0.25	kUL: 100	kUU: 50
alpha: 1.05	beta: 1.01
Solver: Random Walk	Base Classifer: SVM	Weighted Sum: true	Similarity Weight: false
Classifier: SVM	Instance weighting: NONE	Trade-off Parameter: 1.0	Cross validation: 10
Data directory: ./data/amazon/small/dedup/RawData
--------------------------------------------------------------------------------------
Creating feature vectors, wait...
8055 feature words loaded from ./data/Features/fv_2gram_tablets_86jsons.txt...
Keywords for <screen>: 52
Keywords for <app>: 55
Keywords for <price>: 63
Keywords for <battery>: 60
Keywords for <sound>: 23
Keywords for <camera>: 47
Keywords for <cpu>: 46
Keywords for <microsd>: 44
Keywords for <internet>: 46
Keywords for <keyboard>: 26
Keywords for <usb>: 35
Keywords for <servic>: 49
Loading 614 stopwords from ./data/Model/stopwords.dat
DTLoading 16776 reviews from ./data/amazon/small/dedup/RawData
No normalizaiton is adopted here or wrong parameters!!
Text feature generated for 16776 documents...
2082 1104 1325 3146 9119 , Total: 16776
Info File Path: ./data/result/Topics_30Information.txt
Prior keywords for Topic 0 (<screen>): 52/52
Prior keywords for Topic 1 (<app>): 55/55
Prior keywords for Topic 2 (<price>): 63/63
Prior keywords for Topic 3 (<battery>): 60/60
Prior keywords for Topic 4 (<sound>): 23/23
Prior keywords for Topic 5 (<camera>): 47/47
Prior keywords for Topic 6 (<cpu>): 46/46
Prior keywords for Topic 7 (<microsd>): 44/44
Prior keywords for Topic 8 (<internet>): 46/46
Prior keywords for Topic 9 (<keyboard>): 26/26
Prior keywords for Topic 10 (<usb>): 35/35
Prior keywords for Topic 11 (<servic>): 49/50
..........Likelihood 16776.000 after step 100 converge to 0.000000 after 14 seconds...
Text feature generated for 16776 documents...
2082 1104 1325 3146 9119 , Total: 16776
Start Transductive Learning, wait...
.*
optimization finished, #iter = 18
Objective value = -1177.35
nSV = 2350
Creating cache for labeled documents...
Generate 205026(1305:1487) ranking pairs for L2R model training...
....................................................................................................
optimization finished, #iter = 1000

WARNING: reaching max number of iterations
Using -s 2 may be faster (also see FAQ)

Objective value = -173680
nSV = 174813
0.13996 -3.26916 -0.13365 0.00845 3.20453 -15.62569 0.04572 -0.13409 -0.10539 0.08544 0.00000 
Construct nearest neighbor graph nodes in parallel: L: 3279, U: 13497
Construct nearest neighbor graph edges in parallel: L: 3279, U: 13497
[5061,6748) finished...
[1687,3374) finished...
[0,1687) finished...
[3374,5061) finished...
[11809,13497) finished...
[8435,10122) finished...
[6748,8435) finished...
[10122,11809) finished...
Nearest neighbor graph construction finished!
Random walk starts:
Iteration 1, converge to 0.202 with accuracy 0.7885...
Iteration 2, converge to 0.014 with accuracy 0.7885...
Iteration 3, converge to 0.002 with accuracy 0.7889...
Iteration 4, converge to 0.000 with accuracy 0.7889...
Iteration 5, converge to 0.000 with accuracy 0.7889...

Query	Docs	P@5	P@10	P@20
Pos	U	0.779	0.774	0.769
Pos	L	0.706	0.700	0.694
Neg	U	0.644	0.639	0.636
Neg	L	0.626	0.625	0.620

Gaussian Fields by random walk [C:SVM[C:2, F:8055, T:L2R_L1LOSS_SVC_DUAL, c:1.000], k:20, k':20, r:1.000, alpha:1.000, beta:1.000, eta:0.700]-[RankSVM] Train/Test finished in 268.81 seconds with accuracy 0.7889 and F1 (0:0.757 1:0.814)...
.*
optimization finished, #iter = 18
Objective value = -1176.78
nSV = 2341
Creating cache for labeled documents...
Generate 206610(1317:1497) ranking pairs for L2R model training...
....................................................................................................
optimization finished, #iter = 1000

WARNING: reaching max number of iterations
Using -s 2 may be faster (also see FAQ)

Objective value = -175501
nSV = 176495
0.88007 -3.06313 -0.16610 -0.00075 2.53676 -17.34701 0.16692 -0.13334 0.40322 0.02170 0.00000 
Construct nearest neighbor graph nodes in parallel: L: 3290, U: 13486
Construct nearest neighbor graph edges in parallel: L: 3290, U: 13486
[5055,6740) finished...
[1685,3370) finished...
[3370,5055) finished...
[0,1685) finished...
[6740,8425) finished...
[11795,13486) finished...
[8425,10110) finished...
[10110,11795) finished...
Nearest neighbor graph construction finished!
Random walk starts:
Iteration 1, converge to 0.203 with accuracy 0.7884...
Iteration 2, converge to 0.014 with accuracy 0.7876...
Iteration 3, converge to 0.002 with accuracy 0.7877...
Iteration 4, converge to 0.000 with accuracy 0.7878...
Iteration 5, converge to 0.000 with accuracy 0.7878...

Query	Docs	P@5	P@10	P@20
Pos	U	0.803	0.799	0.794
Pos	L	0.717	0.711	0.705
Neg	U	0.615	0.612	0.608
Neg	L	0.626	0.620	0.612

Gaussian Fields by random walk [C:SVM[C:2, F:8055, T:L2R_L1LOSS_SVC_DUAL, c:1.000], k:20, k':20, r:1.000, alpha:1.000, beta:1.000, eta:0.700]-[RankSVM] Train/Test finished in 277.98 seconds with accuracy 0.7878 and F1 (0:0.754 1:0.814)...
.*.
optimization finished, #iter = 20
Objective value = -1175.98
nSV = 2386
Creating cache for labeled documents...
Generate 213100(1343:1564) ranking pairs for L2R model training...
....................................................................................................
optimization finished, #iter = 1000

WARNING: reaching max number of iterations
Using -s 2 may be faster (also see FAQ)

Objective value = -179714
nSV = 180674
0.91232 -3.06516 -0.06162 0.00455 2.14912 -11.53571 0.20003 -0.08539 0.43188 0.05142 0.00000 
Construct nearest neighbor graph nodes in parallel: L: 3317, U: 13459
Construct nearest neighbor graph edges in parallel: L: 3317, U: 13459
[5046,6728) finished...
[1682,3364) finished...
[3364,5046) finished...
[0,1682) finished...
[6728,8410) finished...
[8410,10092) finished...
[11774,13459) finished...
[10092,11774) finished...
Nearest neighbor graph construction finished!
Random walk starts:
Iteration 1, converge to 0.205 with accuracy 0.7892...
Iteration 2, converge to 0.014 with accuracy 0.7885...
Iteration 3, converge to 0.002 with accuracy 0.7888...
Iteration 4, converge to 0.000 with accuracy 0.7889...
Iteration 5, converge to 0.000 with accuracy 0.7889...

Query	Docs	P@5	P@10	P@20
Pos	U	0.780	0.774	0.769
Pos	L	0.702	0.694	0.686
Neg	U	0.643	0.641	0.637
Neg	L	0.640	0.633	0.627

Gaussian Fields by random walk [C:SVM[C:2, F:8055, T:L2R_L1LOSS_SVC_DUAL, c:1.000], k:20, k':20, r:1.000, alpha:1.000, beta:1.000, eta:0.700]-[RankSVM] Train/Test finished in 279.78 seconds with accuracy 0.7889 and F1 (0:0.759 1:0.812)...
.*
optimization finished, #iter = 18
Objective value = -1177.10
nSV = 2394
Creating cache for labeled documents...
Generate 213642(1346:1585) ranking pairs for L2R model training...
....................................................................................................
optimization finished, #iter = 1000

WARNING: reaching max number of iterations
Using -s 2 may be faster (also see FAQ)

Objective value = -179068
nSV = 180136
0.95106 -3.07630 -0.09474 -0.00695 2.09643 -15.23365 0.12632 -0.05633 0.08169 0.06671 0.00000 
Construct nearest neighbor graph nodes in parallel: L: 3375, U: 13401
Construct nearest neighbor graph edges in parallel: L: 3375, U: 13401
[5025,6700) finished...
[1675,3350) finished...
[0,1675) finished...
[3350,5025) finished...
[11725,13401) finished...
[6700,8375) finished...
[8375,10050) finished...
[10050,11725) finished...
Nearest neighbor graph construction finished!
Random walk starts:
Iteration 1, converge to 0.202 with accuracy 0.7867...
Iteration 2, converge to 0.014 with accuracy 0.7855...
Iteration 3, converge to 0.002 with accuracy 0.7856...
Iteration 4, converge to 0.000 with accuracy 0.7857...
Iteration 5, converge to 0.000 with accuracy 0.7857...

Query	Docs	P@5	P@10	P@20
Pos	U	0.791	0.785	0.781
Pos	L	0.698	0.695	0.688
Neg	U	0.625	0.621	0.617
Neg	L	0.642	0.636	0.627

Gaussian Fields by random walk [C:SVM[C:2, F:8055, T:L2R_L1LOSS_SVC_DUAL, c:1.000], k:20, k':20, r:1.000, alpha:1.000, beta:1.000, eta:0.700]-[RankSVM] Train/Test finished in 269.67 seconds with accuracy 0.7857 and F1 (0:0.751 1:0.812)...
..**
optimization finished, #iter = 26
Objective value = -1209.34
nSV = 2410
Creating cache for labeled documents...
Generate 213572(1367:1549) ranking pairs for L2R model training...
....................................................................................................
optimization finished, #iter = 1000

WARNING: reaching max number of iterations
Using -s 2 may be faster (also see FAQ)

Objective value = -180217
nSV = 181367
0.55881 -3.08454 -0.05007 -0.00044 2.96228 -15.61424 0.18568 -0.14627 -0.04833 0.03839 0.00000 
Construct nearest neighbor graph nodes in parallel: L: 3372, U: 13404
Construct nearest neighbor graph edges in parallel: L: 3372, U: 13404
[5025,6700) finished...
[1675,3350) finished...
[0,1675) finished...
[3350,5025) finished...
[11725,13404) finished...
[6700,8375) finished...
[8375,10050) finished...
[10050,11725) finished...
Nearest neighbor graph construction finished!
Random walk starts:
Iteration 1, converge to 0.199 with accuracy 0.7925...
Iteration 2, converge to 0.014 with accuracy 0.7923...
Iteration 3, converge to 0.002 with accuracy 0.7923...
Iteration 4, converge to 0.000 with accuracy 0.7922...
Iteration 5, converge to 0.000 with accuracy 0.7922...

Query	Docs	P@5	P@10	P@20
Pos	U	0.821	0.815	0.809
Pos	L	0.720	0.718	0.710
Neg	U	0.597	0.594	0.589
Neg	L	0.618	0.609	0.602

Gaussian Fields by random walk [C:SVM[C:2, F:8055, T:L2R_L1LOSS_SVC_DUAL, c:1.000], k:20, k':20, r:1.000, alpha:1.000, beta:1.000, eta:0.700]-[RankSVM] Train/Test finished in 248.05 seconds with accuracy 0.7922 and F1 (0:0.755 1:0.820)...
.*.
optimization finished, #iter = 20
Objective value = -1206.77
nSV = 2399
Creating cache for labeled documents...
Generate 208673(1350:1517) ranking pairs for L2R model training...
....................................................................................................
optimization finished, #iter = 1000

WARNING: reaching max number of iterations
Using -s 2 may be faster (also see FAQ)

Objective value = -177627
nSV = 178737
0.43868 -3.36331 -0.10246 0.00644 2.06519 -12.86513 0.19547 -0.16533 0.14680 0.03525 0.00000 
Construct nearest neighbor graph nodes in parallel: L: 3372, U: 13404
Construct nearest neighbor graph edges in parallel: L: 3372, U: 13404
[5025,6700) finished...
[1675,3350) finished...
[3350,5025) finished...
[0,1675) finished...
[11725,13404) finished...
[10050,11725) finished...
[6700,8375) finished...
[8375,10050) finished...
Nearest neighbor graph construction finished!
Random walk starts:
Iteration 1, converge to 0.202 with accuracy 0.7854...
Iteration 2, converge to 0.014 with accuracy 0.7861...
Iteration 3, converge to 0.002 with accuracy 0.7863...
Iteration 4, converge to 0.000 with accuracy 0.7863...
Iteration 5, converge to 0.000 with accuracy 0.7865...

Query	Docs	P@5	P@10	P@20
Pos	U	0.811	0.806	0.800
Pos	L	0.712	0.709	0.705
Neg	U	0.609	0.604	0.600
Neg	L	0.615	0.609	0.601

Gaussian Fields by random walk [C:SVM[C:2, F:8055, T:L2R_L1LOSS_SVC_DUAL, c:1.000], k:20, k':20, r:1.000, alpha:1.000, beta:1.000, eta:0.700]-[RankSVM] Train/Test finished in 189.15 seconds with accuracy 0.7865 and F1 (0:0.749 1:0.814)...
.*
optimization finished, #iter = 17
Objective value = -1221.88
nSV = 2386
Creating cache for labeled documents...
Generate 209915(1353:1521) ranking pairs for L2R model training...
....................................................................................................
optimization finished, #iter = 1000

WARNING: reaching max number of iterations
Using -s 2 may be faster (also see FAQ)

Objective value = -174556
nSV = 175645
0.30950 -3.22074 -0.10957 -0.01247 3.38145 -12.73851 0.17095 -0.17227 0.27743 0.11615 0.00000 
Construct nearest neighbor graph nodes in parallel: L: 3444, U: 13332
Construct nearest neighbor graph edges in parallel: L: 3444, U: 13332
[4998,6664) finished...
[1666,3332) finished...
[3332,4998) finished...
[11662,13332) finished...
[0,1666) finished...
[6664,8330) finished...
[8330,9996) finished...
[9996,11662) finished...
Nearest neighbor graph construction finished!
Random walk starts:
Iteration 1, converge to 0.202 with accuracy 0.7874...
Iteration 2, converge to 0.014 with accuracy 0.7875...
Iteration 3, converge to 0.002 with accuracy 0.7878...
Iteration 4, converge to 0.000 with accuracy 0.7877...
Iteration 5, converge to 0.000 with accuracy 0.7877...

Query	Docs	P@5	P@10	P@20
Pos	U	0.809	0.805	0.800
Pos	L	0.716	0.711	0.707
Neg	U	0.614	0.607	0.602
Neg	L	0.619	0.612	0.604

Gaussian Fields by random walk [C:SVM[C:2, F:8055, T:L2R_L1LOSS_SVC_DUAL, c:1.000], k:20, k':20, r:1.000, alpha:1.000, beta:1.000, eta:0.700]-[RankSVM] Train/Test finished in 251.35 seconds with accuracy 0.7877 and F1 (0:0.751 1:0.815)...
.*.
optimization finished, #iter = 20
Objective value = -1228.96
nSV = 2421
Creating cache for labeled documents...
Generate 217438(1392:1571) ranking pairs for L2R model training...
....................................................................................................
optimization finished, #iter = 1000

WARNING: reaching max number of iterations
Using -s 2 may be faster (also see FAQ)

Objective value = -182494
nSV = 183651
1.34231 -2.91668 -0.12759 -0.00515 2.80611 -15.44774 -0.01455 -0.12636 0.16107 0.02161 0.00000 
Construct nearest neighbor graph nodes in parallel: L: 3455, U: 13321
Construct nearest neighbor graph edges in parallel: L: 3455, U: 13321
[4995,6660) finished...
[1665,3330) finished...
[11655,13321) finished...
[3330,4995) finished...
[0,1665) finished...
[9990,11655) finished...
[8325,9990) finished...
[6660,8325) finished...
Nearest neighbor graph construction finished!
Random walk starts:
Iteration 1, converge to 0.200 with accuracy 0.7893...
Iteration 2, converge to 0.014 with accuracy 0.7891...
Iteration 3, converge to 0.002 with accuracy 0.7892...
Iteration 4, converge to 0.000 with accuracy 0.7892...
Iteration 5, converge to 0.000 with accuracy 0.7893...

Query	Docs	P@5	P@10	P@20
Pos	U	0.812	0.809	0.804
Pos	L	0.723	0.717	0.710
Neg	U	0.601	0.594	0.590
Neg	L	0.613	0.610	0.603

Gaussian Fields by random walk [C:SVM[C:2, F:8055, T:L2R_L1LOSS_SVC_DUAL, c:1.000], k:20, k':20, r:1.000, alpha:1.000, beta:1.000, eta:0.700]-[RankSVM] Train/Test finished in 253.67 seconds with accuracy 0.7893 and F1 (0:0.752 1:0.817)...
.*.
optimization finished, #iter = 20
Objective value = -1201.31
nSV = 2380
Creating cache for labeled documents...
Generate 211409(1361:1536) ranking pairs for L2R model training...
....................................................................................................
optimization finished, #iter = 1000

WARNING: reaching max number of iterations
Using -s 2 may be faster (also see FAQ)

Objective value = -178756
nSV = 180051
0.68694 -3.15523 -0.15348 -0.00930 2.49521 -14.36233 0.02848 -0.10247 0.27102 0.05055 0.00000 
Construct nearest neighbor graph nodes in parallel: L: 3364, U: 13412
Construct nearest neighbor graph edges in parallel: L: 3364, U: 13412
[5028,6704) finished...
[1676,3352) finished...
[3352,5028) finished...
[0,1676) finished...
[8380,10056) finished...
[11732,13412) finished...
[6704,8380) finished...
[10056,11732) finished...
Nearest neighbor graph construction finished!
Random walk starts:
Iteration 1, converge to 0.197 with accuracy 0.7882...
Iteration 2, converge to 0.014 with accuracy 0.7890...
Iteration 3, converge to 0.002 with accuracy 0.7891...
Iteration 4, converge to 0.000 with accuracy 0.7891...
Iteration 5, converge to 0.000 with accuracy 0.7891...

Query	Docs	P@5	P@10	P@20
Pos	U	0.809	0.805	0.802
Pos	L	0.715	0.710	0.704
Neg	U	0.609	0.603	0.598
Neg	L	0.629	0.618	0.611

Gaussian Fields by random walk [C:SVM[C:2, F:8055, T:L2R_L1LOSS_SVC_DUAL, c:1.000], k:20, k':20, r:1.000, alpha:1.000, beta:1.000, eta:0.700]-[RankSVM] Train/Test finished in 256.69 seconds with accuracy 0.7891 and F1 (0:0.751 1:0.817)...
.*
optimization finished, #iter = 19
Objective value = -1164.60
nSV = 2343
Creating cache for labeled documents...
Generate 204677(1308:1485) ranking pairs for L2R model training...
....................................................................................................
optimization finished, #iter = 1000

WARNING: reaching max number of iterations
Using -s 2 may be faster (also see FAQ)

Objective value = -174057
nSV = 175269
0.53183 -3.03599 -0.15391 -0.00216 3.10753 -9.84985 0.12134 -0.08505 0.13139 0.02972 0.00000 
Construct nearest neighbor graph nodes in parallel: L: 3284, U: 13492
Construct nearest neighbor graph edges in parallel: L: 3284, U: 13492
[1686,3372) finished...
[5058,6744) finished...
[0,1686) finished...
[10116,11802) finished...
[3372,5058) finished...
[11802,13492) finished...
[8430,10116) finished...
[6744,8430) finished...
Nearest neighbor graph construction finished!
Random walk starts:
Iteration 1, converge to 0.197 with accuracy 0.7873...
Iteration 2, converge to 0.014 with accuracy 0.7873...
Iteration 3, converge to 0.002 with accuracy 0.7874...
Iteration 4, converge to 0.000 with accuracy 0.7874...
Iteration 5, converge to 0.000 with accuracy 0.7874...

Query	Docs	P@5	P@10	P@20
Pos	U	0.815	0.810	0.804
Pos	L	0.715	0.713	0.709
Neg	U	0.609	0.607	0.602
Neg	L	0.626	0.619	0.613

Gaussian Fields by random walk [C:SVM[C:2, F:8055, T:L2R_L1LOSS_SVC_DUAL, c:1.000], k:20, k':20, r:1.000, alpha:1.000, beta:1.000, eta:0.700]-[RankSVM] Train/Test finished in 248.58 seconds with accuracy 0.7874 and F1 (0:0.751 1:0.815)...
*************************************************
The final result of Gaussian Fields by random walk [C:SVM[C:2, F:8055, T:L2R_L1LOSS_SVC_DUAL, c:1.000], k:20, k':20, r:1.000, alpha:1.000, beta:1.000, eta:0.700]-[RankSVM] is as follows:
The total number of classes is 2
Class 0:	precision(0.806+/-0.010)	recall(0.707+/-0.012)
Class 1:	precision(0.777+/-0.006)	recall(0.857+/-0.011)
	0	1	P
0	43287	10437	0.8057
1	17969	62515	0.7767
R	0.7067	0.8569	0.7883
F1	0.7529	0.8149
