
--------------------------------------------------------------------------------------
Parameters of learning procedure:
#Class: 5	Ngram: 2	Feature value: TF	Normalization: 2
Doc length cut: 10	Window length: 0
Learning paradigm: SEMI	Sampling rate: 0.25	kUL: 100	kUU: 50
alpha: 1.05	beta: 1.01
Solver: Random Walk	Base Classifer: SVM	Weighted Sum: true	Similarity Weight: false
Classifier: SVM	Instance weighting: NONE	Trade-off Parameter: 1.0	Cross validation: 10
Data directory: ./data/amazon/small/dedup/RawData
--------------------------------------------------------------------------------------
Creating feature vectors, wait...
8055 feature words loaded from ./data/Features/fv_2gram_tablets_86jsons.txt...
Keywords for <screen>: 52
Keywords for <app>: 55
Keywords for <price>: 63
Keywords for <battery>: 60
Keywords for <sound>: 23
Keywords for <camera>: 47
Keywords for <cpu>: 46
Keywords for <microsd>: 44
Keywords for <internet>: 46
Keywords for <keyboard>: 26
Keywords for <usb>: 35
Keywords for <servic>: 49
Loading 614 stopwords from ./data/Model/stopwords.dat
DTLoading 16776 reviews from ./data/amazon/small/dedup/RawData
No normalizaiton is adopted here or wrong parameters!!
Text feature generated for 16776 documents...
2082 1104 1325 3146 9119 , Total: 16776
Info File Path: ./data/result/Topics_30Information.txt
Prior keywords for Topic 0 (<screen>): 52/52
Prior keywords for Topic 1 (<app>): 55/55
Prior keywords for Topic 2 (<price>): 63/63
Prior keywords for Topic 3 (<battery>): 60/60
Prior keywords for Topic 4 (<sound>): 23/23
Prior keywords for Topic 5 (<camera>): 47/47
Prior keywords for Topic 6 (<cpu>): 46/46
Prior keywords for Topic 7 (<microsd>): 44/44
Prior keywords for Topic 8 (<internet>): 46/46
Prior keywords for Topic 9 (<keyboard>): 26/26
Prior keywords for Topic 10 (<usb>): 35/35
Prior keywords for Topic 11 (<servic>): 49/50
..........Likelihood 16776.000 after step 100 converge to 0.000000 after 24 seconds...
Text feature generated for 16776 documents...
2082 1104 1325 3146 9119 , Total: 16776
Start Transductive Learning, wait...
.*
optimization finished, #iter = 19
Objective value = -1163.35
nSV = 2363
Creating cache for labeled documents...
Generate 144578(1344:1518) ranking pairs for L2R model training...
....................................................................................................
optimization finished, #iter = 1000

WARNING: reaching max number of iterations
Using -s 2 may be faster (also see FAQ)

Objective value = -123005
nSV = 123913
1.08252 -2.67401 -0.05899 -0.00529 3.10137 -12.77785 0.13949 -0.07154 0.02966 0.07461 0.00000 
Construct nearest neighbor graph nodes in parallel: L: 3316, U: 13460
Construct nearest neighbor graph edges in parallel: L: 3316, U: 13460
[5046,6728) finished...
[1682,3364) finished...
[0,1682) finished...
[11774,13460) finished...
[3364,5046) finished...
[6728,8410) finished...
[10092,11774) finished...
[8410,10092) finished...
Nearest neighbor graph construction finished!
Random walk starts:
Iteration 1, converge to 0.177 with accuracy 0.7859...
Iteration 2, converge to 0.010 with accuracy 0.7854...
Iteration 3, converge to 0.001 with accuracy 0.7851...
Iteration 4, converge to 0.000 with accuracy 0.7851...
Iteration 5, converge to 0.000 with accuracy 0.7851...

Query	Docs	P@5	P@10	P@20
Pos	U	0.778	0.773	0.769
Pos	L	0.710	0.705	0.700
Neg	U	0.625	0.620	0.614
Neg	L	0.627	0.616	0.607

Gaussian Fields by random walk [C:SVM[C:2, F:8055, T:L2R_L1LOSS_SVC_DUAL, c:1.000], k:20, k':20, r:1.000, alpha:1.000, beta:1.000, eta:0.600]-[RankSVM] Train/Test finished in 238.21 seconds with accuracy 0.7851 and F1 (0:0.755 1:0.808)...
..*
optimization finished, #iter = 21
Objective value = -1178.95
nSV = 2364
Creating cache for labeled documents...
Generate 142096(1337:1517) ranking pairs for L2R model training...
....................................................................................................
optimization finished, #iter = 1000

WARNING: reaching max number of iterations
Using -s 2 may be faster (also see FAQ)

Objective value = -121125
nSV = 121989
1.21936 -2.96201 -0.15140 -0.00124 2.13562 -6.24355 0.23104 -0.08893 0.22232 0.04179 0.00000 
Construct nearest neighbor graph nodes in parallel: L: 3328, U: 13448
Construct nearest neighbor graph edges in parallel: L: 3328, U: 13448
[5043,6724) finished...
[1681,3362) finished...
[3362,5043) finished...
[0,1681) finished...
[11767,13448) finished...
[10086,11767) finished...
[6724,8405) finished...
[8405,10086) finished...
Nearest neighbor graph construction finished!
Random walk starts:
Iteration 1, converge to 0.177 with accuracy 0.7864...
Iteration 2, converge to 0.010 with accuracy 0.7861...
Iteration 3, converge to 0.001 with accuracy 0.7864...
Iteration 4, converge to 0.000 with accuracy 0.7864...

Query	Docs	P@5	P@10	P@20
Pos	U	0.784	0.781	0.777
Pos	L	0.718	0.712	0.707
Neg	U	0.616	0.608	0.602
Neg	L	0.608	0.602	0.593

Gaussian Fields by random walk [C:SVM[C:2, F:8055, T:L2R_L1LOSS_SVC_DUAL, c:1.000], k:20, k':20, r:1.000, alpha:1.000, beta:1.000, eta:0.600]-[RankSVM] Train/Test finished in 228.41 seconds with accuracy 0.7864 and F1 (0:0.755 1:0.811)...
.*
optimization finished, #iter = 18
Objective value = -1230.31
nSV = 2428
Creating cache for labeled documents...
Generate 140842(1329:1505) ranking pairs for L2R model training...
....................................................................................................
optimization finished, #iter = 1000

WARNING: reaching max number of iterations
Using -s 2 may be faster (also see FAQ)

Objective value = -121234
nSV = 122036
1.21169 -2.89699 -0.08924 -0.00075 1.80908 -10.56240 0.13910 -0.06929 0.35110 0.10988 0.00000 
Construct nearest neighbor graph nodes in parallel: L: 3399, U: 13377
Construct nearest neighbor graph edges in parallel: L: 3399, U: 13377
[5016,6688) finished...
[1672,3344) finished...
[0,1672) finished...
[11704,13377) finished...
[6688,8360) finished...
[3344,5016) finished...
[8360,10032) finished...
[10032,11704) finished...
Nearest neighbor graph construction finished!
Random walk starts:
Iteration 1, converge to 0.177 with accuracy 0.7907...
Iteration 2, converge to 0.010 with accuracy 0.7897...
Iteration 3, converge to 0.001 with accuracy 0.7896...
Iteration 4, converge to 0.000 with accuracy 0.7896...
Iteration 5, converge to 0.000 with accuracy 0.7896...

Query	Docs	P@5	P@10	P@20
Pos	U	0.783	0.777	0.772
Pos	L	0.709	0.706	0.703
Neg	U	0.623	0.617	0.611
Neg	L	0.616	0.606	0.596

Gaussian Fields by random walk [C:SVM[C:2, F:8055, T:L2R_L1LOSS_SVC_DUAL, c:1.000], k:20, k':20, r:1.000, alpha:1.000, beta:1.000, eta:0.600]-[RankSVM] Train/Test finished in 225.10 seconds with accuracy 0.7896 and F1 (0:0.757 1:0.814)...
.*.
optimization finished, #iter = 20
Objective value = -1237.53
nSV = 2441
Creating cache for labeled documents...
Generate 147314(1369:1554) ranking pairs for L2R model training...
....................................................................................................
optimization finished, #iter = 1000

WARNING: reaching max number of iterations
Using -s 2 may be faster (also see FAQ)

Objective value = -127052
nSV = 127838
1.20346 -2.71752 -0.13770 0.00010 2.61815 -14.46732 -0.00166 0.01447 -0.02190 0.01713 0.00000 
Construct nearest neighbor graph nodes in parallel: L: 3441, U: 13335
Construct nearest neighbor graph edges in parallel: L: 3441, U: 13335
[4998,6664) finished...
[1666,3332) finished...
[3332,4998) finished...
[0,1666) finished...
[11662,13335) finished...
[6664,8330) finished...
[8330,9996) finished...
[9996,11662) finished...
Nearest neighbor graph construction finished!
Random walk starts:
Iteration 1, converge to 0.175 with accuracy 0.7903...
Iteration 2, converge to 0.011 with accuracy 0.7898...
Iteration 3, converge to 0.001 with accuracy 0.7897...
Iteration 4, converge to 0.000 with accuracy 0.7897...
Iteration 5, converge to 0.000 with accuracy 0.7897...

Query	Docs	P@5	P@10	P@20
Pos	U	0.784	0.781	0.774
Pos	L	0.711	0.705	0.701
Neg	U	0.617	0.611	0.603
Neg	L	0.619	0.612	0.602

Gaussian Fields by random walk [C:SVM[C:2, F:8055, T:L2R_L1LOSS_SVC_DUAL, c:1.000], k:20, k':20, r:1.000, alpha:1.000, beta:1.000, eta:0.600]-[RankSVM] Train/Test finished in 233.14 seconds with accuracy 0.7897 and F1 (0:0.758 1:0.814)...
..*
optimization finished, #iter = 22
Objective value = -1182.03
nSV = 2358
Creating cache for labeled documents...
Generate 146606(1366:1546) ranking pairs for L2R model training...
....................................................................................................
optimization finished, #iter = 1000

WARNING: reaching max number of iterations
Using -s 2 may be faster (also see FAQ)

Objective value = -123762
nSV = 124606
1.53410 -2.63249 -0.05848 0.00704 2.46272 -15.76652 0.16758 -0.05027 0.26338 0.06154 0.00000 
Construct nearest neighbor graph nodes in parallel: L: 3316, U: 13460
Construct nearest neighbor graph edges in parallel: L: 3316, U: 13460
[5046,6728) finished...
[1682,3364) finished...
[0,1682) finished...
[11774,13460) finished...
[3364,5046) finished...
[8410,10092) finished...
[6728,8410) finished...
[10092,11774) finished...
Nearest neighbor graph construction finished!
Random walk starts:
Iteration 1, converge to 0.174 with accuracy 0.7895...
Iteration 2, converge to 0.011 with accuracy 0.7893...
Iteration 3, converge to 0.001 with accuracy 0.7893...
Iteration 4, converge to 0.000 with accuracy 0.7893...
Iteration 5, converge to 0.000 with accuracy 0.7893...

Query	Docs	P@5	P@10	P@20
Pos	U	0.756	0.753	0.749
Pos	L	0.701	0.695	0.687
Neg	U	0.646	0.641	0.634
Neg	L	0.632	0.626	0.619

Gaussian Fields by random walk [C:SVM[C:2, F:8055, T:L2R_L1LOSS_SVC_DUAL, c:1.000], k:20, k':20, r:1.000, alpha:1.000, beta:1.000, eta:0.600]-[RankSVM] Train/Test finished in 219.67 seconds with accuracy 0.7893 and F1 (0:0.762 1:0.811)...
..*
optimization finished, #iter = 28
Objective value = -1177.04
nSV = 2358
Creating cache for labeled documents...
Generate 144078(1350:1524) ranking pairs for L2R model training...
....................................................................................................
optimization finished, #iter = 1000

WARNING: reaching max number of iterations
Using -s 2 may be faster (also see FAQ)

Objective value = -122812
nSV = 123658
0.93501 -2.86870 -0.15187 -0.00236 2.72454 -13.63804 0.17975 -0.06194 0.53763 0.05272 0.00000 
Construct nearest neighbor graph nodes in parallel: L: 3303, U: 13473
Construct nearest neighbor graph edges in parallel: L: 3303, U: 13473
[1684,3368) finished...
[5052,6736) finished...
[11788,13473) finished...
[0,1684) finished...
[6736,8420) finished...
[3368,5052) finished...
[8420,10104) finished...
[10104,11788) finished...
Nearest neighbor graph construction finished!
Random walk starts:
Iteration 1, converge to 0.179 with accuracy 0.7874...
Iteration 2, converge to 0.010 with accuracy 0.7877...
Iteration 3, converge to 0.001 with accuracy 0.7875...
Iteration 4, converge to 0.000 with accuracy 0.7875...

Query	Docs	P@5	P@10	P@20
Pos	U	0.770	0.766	0.762
Pos	L	0.701	0.698	0.691
Neg	U	0.632	0.626	0.616
Neg	L	0.628	0.620	0.613

Gaussian Fields by random walk [C:SVM[C:2, F:8055, T:L2R_L1LOSS_SVC_DUAL, c:1.000], k:20, k':20, r:1.000, alpha:1.000, beta:1.000, eta:0.600]-[RankSVM] Train/Test finished in 184.03 seconds with accuracy 0.7875 and F1 (0:0.759 1:0.810)...
.*
optimization finished, #iter = 19
Objective value = -1193.42
nSV = 2386
Creating cache for labeled documents...
Generate 141148(1322:1489) ranking pairs for L2R model training...
....................................................................................................
optimization finished, #iter = 1000

WARNING: reaching max number of iterations
Using -s 2 may be faster (also see FAQ)

Objective value = -122526
nSV = 123288
0.79882 -2.65189 -0.06349 -0.00979 3.31515 -9.13513 0.18818 -0.07900 0.48891 0.07995 0.00000 
Construct nearest neighbor graph nodes in parallel: L: 3358, U: 13418
Construct nearest neighbor graph edges in parallel: L: 3358, U: 13418
[5031,6708) finished...
[1677,3354) finished...
[3354,5031) finished...
[0,1677) finished...
[11739,13418) finished...
[6708,8385) finished...
[8385,10062) finished...
[10062,11739) finished...
Nearest neighbor graph construction finished!
Random walk starts:
Iteration 1, converge to 0.175 with accuracy 0.7889...
Iteration 2, converge to 0.010 with accuracy 0.7885...
Iteration 3, converge to 0.001 with accuracy 0.7884...
Iteration 4, converge to 0.000 with accuracy 0.7884...
Iteration 5, converge to 0.000 with accuracy 0.7884...

Query	Docs	P@5	P@10	P@20
Pos	U	0.802	0.798	0.794
Pos	L	0.718	0.712	0.706
Neg	U	0.598	0.591	0.582
Neg	L	0.608	0.603	0.593

Gaussian Fields by random walk [C:SVM[C:2, F:8055, T:L2R_L1LOSS_SVC_DUAL, c:1.000], k:20, k':20, r:1.000, alpha:1.000, beta:1.000, eta:0.600]-[RankSVM] Train/Test finished in 249.70 seconds with accuracy 0.7884 and F1 (0:0.754 1:0.814)...
.*
optimization finished, #iter = 17
Objective value = -1217.21
nSV = 2397
Creating cache for labeled documents...
Generate 145820(1362:1531) ranking pairs for L2R model training...
....................................................................................................
optimization finished, #iter = 1000

WARNING: reaching max number of iterations
Using -s 2 may be faster (also see FAQ)

Objective value = -124643
nSV = 125492
0.90301 -2.68096 -0.08093 -0.01912 3.50478 -12.35713 0.09193 -0.04138 -0.07929 0.06755 0.00000 
Construct nearest neighbor graph nodes in parallel: L: 3401, U: 13375
Construct nearest neighbor graph edges in parallel: L: 3401, U: 13375
[5013,6684) finished...
[1671,3342) finished...
[11697,13375) finished...
[3342,5013) finished...
[10026,11697) finished...
[0,1671) finished...
[6684,8355) finished...
[8355,10026) finished...
Nearest neighbor graph construction finished!
Random walk starts:
Iteration 1, converge to 0.176 with accuracy 0.7970...
Iteration 2, converge to 0.011 with accuracy 0.7965...
Iteration 3, converge to 0.001 with accuracy 0.7966...
Iteration 4, converge to 0.000 with accuracy 0.7965...
Iteration 5, converge to 0.000 with accuracy 0.7965...

Query	Docs	P@5	P@10	P@20
Pos	U	0.803	0.799	0.792
Pos	L	0.719	0.713	0.705
Neg	U	0.596	0.589	0.583
Neg	L	0.612	0.603	0.595

Gaussian Fields by random walk [C:SVM[C:2, F:8055, T:L2R_L1LOSS_SVC_DUAL, c:1.000], k:20, k':20, r:1.000, alpha:1.000, beta:1.000, eta:0.600]-[RankSVM] Train/Test finished in 229.49 seconds with accuracy 0.7965 and F1 (0:0.763 1:0.822)...
..**
optimization finished, #iter = 26
Objective value = -1181.35
nSV = 2385
Creating cache for labeled documents...
Generate 149404(1371:1596) ranking pairs for L2R model training...
....................................................................................................
optimization finished, #iter = 1000

WARNING: reaching max number of iterations
Using -s 2 may be faster (also see FAQ)

Objective value = -124574
nSV = 125379
1.40292 -2.76564 -0.13088 -0.00255 2.80032 -17.50688 0.09033 -0.04938 0.21690 0.08990 0.00000 
Construct nearest neighbor graph nodes in parallel: L: 3387, U: 13389
Construct nearest neighbor graph edges in parallel: L: 3387, U: 13389
[5019,6692) finished...
[3346,5019) finished...
[1673,3346) finished...
[11711,13389) finished...
[8365,10038) finished...
[0,1673) finished...
[6692,8365) finished...
[10038,11711) finished...
Nearest neighbor graph construction finished!
Random walk starts:
Iteration 1, converge to 0.175 with accuracy 0.7892...
Iteration 2, converge to 0.010 with accuracy 0.7898...
Iteration 3, converge to 0.001 with accuracy 0.7897...
Iteration 4, converge to 0.000 with accuracy 0.7897...
Iteration 5, converge to 0.000 with accuracy 0.7897...

Query	Docs	P@5	P@10	P@20
Pos	U	0.773	0.768	0.763
Pos	L	0.703	0.696	0.687
Neg	U	0.626	0.621	0.615
Neg	L	0.630	0.624	0.620

Gaussian Fields by random walk [C:SVM[C:2, F:8055, T:L2R_L1LOSS_SVC_DUAL, c:1.000], k:20, k':20, r:1.000, alpha:1.000, beta:1.000, eta:0.600]-[RankSVM] Train/Test finished in 203.96 seconds with accuracy 0.7897 and F1 (0:0.758 1:0.814)...
.*
optimization finished, #iter = 19
Objective value = -1162.46
nSV = 2331
Creating cache for labeled documents...
Generate 143576(1322:1529) ranking pairs for L2R model training...
....................................................................................................
optimization finished, #iter = 1000

WARNING: reaching max number of iterations
Using -s 2 may be faster (also see FAQ)

Objective value = -121589
nSV = 122292
1.24449 -2.76359 -0.06988 -0.00160 2.82181 -16.02534 0.09388 -0.11910 0.22137 0.09135 0.00000 
Construct nearest neighbor graph nodes in parallel: L: 3303, U: 13473
Construct nearest neighbor graph edges in parallel: L: 3303, U: 13473
[5052,6736) finished...
[1684,3368) finished...
[11788,13473) finished...
[0,1684) finished...
[3368,5052) finished...
[8420,10104) finished...
[6736,8420) finished...
[10104,11788) finished...
Nearest neighbor graph construction finished!
Random walk starts:
Iteration 1, converge to 0.177 with accuracy 0.7897...
Iteration 2, converge to 0.010 with accuracy 0.7894...
Iteration 3, converge to 0.001 with accuracy 0.7894...
Iteration 4, converge to 0.000 with accuracy 0.7894...
Iteration 5, converge to 0.000 with accuracy 0.7894...

Query	Docs	P@5	P@10	P@20
Pos	U	0.781	0.777	0.772
Pos	L	0.705	0.700	0.694
Neg	U	0.619	0.612	0.606
Neg	L	0.629	0.621	0.614

Gaussian Fields by random walk [C:SVM[C:2, F:8055, T:L2R_L1LOSS_SVC_DUAL, c:1.000], k:20, k':20, r:1.000, alpha:1.000, beta:1.000, eta:0.600]-[RankSVM] Train/Test finished in 222.50 seconds with accuracy 0.7894 and F1 (0:0.757 1:0.814)...
*************************************************
The final result of Gaussian Fields by random walk [C:SVM[C:2, F:8055, T:L2R_L1LOSS_SVC_DUAL, c:1.000], k:20, k':20, r:1.000, alpha:1.000, beta:1.000, eta:0.600]-[RankSVM] is as follows:
The total number of classes is 2
Class 0:	precision(0.797+/-0.011)	recall(0.722+/-0.010)
Class 1:	precision(0.784+/-0.005)	recall(0.845+/-0.011)
	0	1	P
0	44243	11283	0.7968
1	17013	61669	0.7838
R	0.7223	0.8453	0.7892
F1	0.7577	0.8134
