
--------------------------------------------------------------------------------------
Parameters of learning procedure:
#Class: 5	Ngram: 2	Feature value: TF	Normalization: 2
Doc length cut: 10	Window length: 0
Learning paradigm: SEMI	Sampling rate: 0.25	kUL: 100	kUU: 50
alpha: 1.05	beta: 1.01
Solver: Random Walk	Base Classifer: SVM	Weighted Sum: true	Similarity Weight: false
Classifier: SVM	Instance weighting: NONE	Trade-off Parameter: 1.0	Cross validation: 10
Data directory: ./data/amazon/small/dedup/RawData
--------------------------------------------------------------------------------------
Creating feature vectors, wait...
8055 feature words loaded from ./data/Features/fv_2gram_tablets_86jsons.txt...
Keywords for <screen>: 52
Keywords for <app>: 55
Keywords for <price>: 63
Keywords for <battery>: 60
Keywords for <sound>: 23
Keywords for <camera>: 47
Keywords for <cpu>: 46
Keywords for <microsd>: 44
Keywords for <internet>: 46
Keywords for <keyboard>: 26
Keywords for <usb>: 35
Keywords for <servic>: 49
Loading 614 stopwords from ./data/Model/stopwords.dat
DTLoading 16776 reviews from ./data/amazon/small/dedup/RawData
No normalizaiton is adopted here or wrong parameters!!
Text feature generated for 16776 documents...
2082 1104 1325 3146 9119 , Total: 16776
Info File Path: ./data/result/Topics_30Information.txt
Prior keywords for Topic 0 (<screen>): 52/52
Prior keywords for Topic 1 (<app>): 55/55
Prior keywords for Topic 2 (<price>): 63/63
Prior keywords for Topic 3 (<battery>): 60/60
Prior keywords for Topic 4 (<sound>): 23/23
Prior keywords for Topic 5 (<camera>): 47/47
Prior keywords for Topic 6 (<cpu>): 46/46
Prior keywords for Topic 7 (<microsd>): 44/44
Prior keywords for Topic 8 (<internet>): 46/46
Prior keywords for Topic 9 (<keyboard>): 26/26
Prior keywords for Topic 10 (<usb>): 35/35
Prior keywords for Topic 11 (<servic>): 49/50
..........Likelihood 16776.000 after step 100 converge to 0.000000 after 24 seconds...
Text feature generated for 16776 documents...
2082 1104 1325 3146 9119 , Total: 16776
Start Transductive Learning, wait...
..**
optimization finished, #iter = 25
Objective value = -1152.53
nSV = 2317
Creating cache for labeled documents...
Generate 61597(1340:1514) ranking pairs for L2R model training...
....................................................................................................
optimization finished, #iter = 1000

WARNING: reaching max number of iterations
Using -s 2 may be faster (also see FAQ)

Objective value = -51739.5
nSV = 52059
1.06983 -3.27753 -0.11762 -0.00584 1.08631 -10.65241 0.16332 -0.15375 0.30798 0.08926 0.00000 
Construct nearest neighbor graph nodes in parallel: L: 3342, U: 13434
Construct nearest neighbor graph edges in parallel: L: 3342, U: 13434
[5037,6716) finished...
[1679,3358) finished...
[0,1679) finished...
[3358,5037) finished...
[11753,13434) finished...
[6716,8395) finished...
[8395,10074) finished...
[10074,11753) finished...
Nearest neighbor graph construction finished!
Random walk starts:
Iteration 1, converge to 0.176 with accuracy 0.7836...
Iteration 2, converge to 0.010 with accuracy 0.7839...
Iteration 3, converge to 0.001 with accuracy 0.7842...
Iteration 4, converge to 0.000 with accuracy 0.7843...
Iteration 5, converge to 0.000 with accuracy 0.7843...

Query	Docs	P@5	P@10	P@20
Pos	U	0.764	0.759	0.755
Pos	L	0.705	0.699	0.696
Neg	U	0.633	0.628	0.621
Neg	L	0.629	0.620	0.611

Gaussian Fields by random walk [C:SVM[C:2, F:8055, T:L2R_L1LOSS_SVC_DUAL, c:1.000], k:20, k':20, r:1.000, alpha:1.000, beta:1.000, eta:0.600]-[RankSVM] Train/Test finished in 220.46 seconds with accuracy 0.7843 and F1 (0:0.754 1:0.808)...
...*
optimization finished, #iter = 34
Objective value = -1159.67
nSV = 2347
Creating cache for labeled documents...
Generate 63763(1369:1551) ranking pairs for L2R model training...
....................................................................................................
optimization finished, #iter = 1000

WARNING: reaching max number of iterations
Using -s 2 may be faster (also see FAQ)

Objective value = -53290.3
nSV = 53645
1.33241 -3.02180 -0.11005 0.00563 1.32506 -10.85703 0.12712 -0.07655 0.20095 0.07020 0.00000 
Construct nearest neighbor graph nodes in parallel: L: 3395, U: 13381
Construct nearest neighbor graph edges in parallel: L: 3395, U: 13381
[5016,6688) finished...
[1672,3344) finished...
[0,1672) finished...
[3344,5016) finished...
[11704,13381) finished...
[10032,11704) finished...
[8360,10032) finished...
[6688,8360) finished...
Nearest neighbor graph construction finished!
Random walk starts:
Iteration 1, converge to 0.177 with accuracy 0.7908...
Iteration 2, converge to 0.011 with accuracy 0.7905...
Iteration 3, converge to 0.001 with accuracy 0.7907...
Iteration 4, converge to 0.000 with accuracy 0.7907...
Iteration 5, converge to 0.000 with accuracy 0.7907...

Query	Docs	P@5	P@10	P@20
Pos	U	0.760	0.755	0.749
Pos	L	0.701	0.693	0.690
Neg	U	0.637	0.633	0.627
Neg	L	0.616	0.615	0.610

Gaussian Fields by random walk [C:SVM[C:2, F:8055, T:L2R_L1LOSS_SVC_DUAL, c:1.000], k:20, k':20, r:1.000, alpha:1.000, beta:1.000, eta:0.600]-[RankSVM] Train/Test finished in 217.06 seconds with accuracy 0.7907 and F1 (0:0.761 1:0.814)...
.*
optimization finished, #iter = 18
Objective value = -1213.93
nSV = 2434
Creating cache for labeled documents...
Generate 64606(1401:1580) ranking pairs for L2R model training...
....................................................................................................
optimization finished, #iter = 1000

WARNING: reaching max number of iterations
Using -s 2 may be faster (also see FAQ)

Objective value = -54253.3
nSV = 54706
1.23316 -2.61690 -0.07159 0.00092 2.30480 -7.79251 0.30532 -0.05169 0.65020 0.02830 0.00000 
Construct nearest neighbor graph nodes in parallel: L: 3466, U: 13310
Construct nearest neighbor graph edges in parallel: L: 3466, U: 13310
[4989,6652) finished...
[1663,3326) finished...
[0,1663) finished...
[3326,4989) finished...
[11641,13310) finished...
[6652,8315) finished...
[8315,9978) finished...
[9978,11641) finished...
Nearest neighbor graph construction finished!
Random walk starts:
Iteration 1, converge to 0.175 with accuracy 0.7938...
Iteration 2, converge to 0.010 with accuracy 0.7926...
Iteration 3, converge to 0.001 with accuracy 0.7926...
Iteration 4, converge to 0.000 with accuracy 0.7926...
Iteration 5, converge to 0.000 with accuracy 0.7926...

Query	Docs	P@5	P@10	P@20
Pos	U	0.793	0.789	0.783
Pos	L	0.718	0.713	0.707
Neg	U	0.613	0.607	0.599
Neg	L	0.613	0.603	0.596

Gaussian Fields by random walk [C:SVM[C:2, F:8055, T:L2R_L1LOSS_SVC_DUAL, c:1.000], k:20, k':20, r:1.000, alpha:1.000, beta:1.000, eta:0.600]-[RankSVM] Train/Test finished in 226.56 seconds with accuracy 0.7926 and F1 (0:0.761 1:0.817)...
......*
optimization finished, #iter = 63
Objective value = -1197.44
nSV = 2381
Creating cache for labeled documents...
Generate 62507(1348:1526) ranking pairs for L2R model training...
....................................................................................................
optimization finished, #iter = 1000

WARNING: reaching max number of iterations
Using -s 2 may be faster (also see FAQ)

Objective value = -53150.6
nSV = 53719
0.97306 -2.70520 -0.03402 0.00031 2.11151 -6.90815 0.32620 -0.03678 0.16198 0.10930 0.00000 
Construct nearest neighbor graph nodes in parallel: L: 3333, U: 13443
Construct nearest neighbor graph edges in parallel: L: 3333, U: 13443
[5040,6720) finished...
[1680,3360) finished...
[11760,13443) finished...
[0,1680) finished...
[3360,5040) finished...
[6720,8400) finished...
[10080,11760) finished...
[8400,10080) finished...
Nearest neighbor graph construction finished!
Random walk starts:
Iteration 1, converge to 0.180 with accuracy 0.7944...
Iteration 2, converge to 0.011 with accuracy 0.7936...
Iteration 3, converge to 0.001 with accuracy 0.7935...
Iteration 4, converge to 0.000 with accuracy 0.7935...
Iteration 5, converge to 0.000 with accuracy 0.7935...

Query	Docs	P@5	P@10	P@20
Pos	U	0.777	0.772	0.768
Pos	L	0.702	0.696	0.690
Neg	U	0.634	0.626	0.617
Neg	L	0.628	0.619	0.611

Gaussian Fields by random walk [C:SVM[C:2, F:8055, T:L2R_L1LOSS_SVC_DUAL, c:1.000], k:20, k':20, r:1.000, alpha:1.000, beta:1.000, eta:0.600]-[RankSVM] Train/Test finished in 166.73 seconds with accuracy 0.7935 and F1 (0:0.763 1:0.817)...
.*.
optimization finished, #iter = 20
Objective value = -1153.46
nSV = 2295
Creating cache for labeled documents...
Generate 59081(1274:1447) ranking pairs for L2R model training...
....................................................................................................
optimization finished, #iter = 1000

WARNING: reaching max number of iterations
Using -s 2 may be faster (also see FAQ)

Objective value = -49598.6
nSV = 49955
0.62295 -2.98165 -0.04299 0.00103 2.77140 -5.49794 0.16117 -0.11676 0.14174 0.09034 0.00000 
Construct nearest neighbor graph nodes in parallel: L: 3233, U: 13543
Construct nearest neighbor graph edges in parallel: L: 3233, U: 13543
[5076,6768) finished...
[1692,3384) finished...
[11844,13543) finished...
[0,1692) finished...
[3384,5076) finished...
[8460,10152) finished...
[10152,11844) finished...
[6768,8460) finished...
Nearest neighbor graph construction finished!
Random walk starts:
Iteration 1, converge to 0.173 with accuracy 0.7914...
Iteration 2, converge to 0.010 with accuracy 0.7908...
Iteration 3, converge to 0.001 with accuracy 0.7908...
Iteration 4, converge to 0.000 with accuracy 0.7909...
Iteration 5, converge to 0.000 with accuracy 0.7909...

Query	Docs	P@5	P@10	P@20
Pos	U	0.780	0.778	0.772
Pos	L	0.709	0.706	0.701
Neg	U	0.623	0.618	0.611
Neg	L	0.620	0.611	0.601

Gaussian Fields by random walk [C:SVM[C:2, F:8055, T:L2R_L1LOSS_SVC_DUAL, c:1.000], k:20, k':20, r:1.000, alpha:1.000, beta:1.000, eta:0.600]-[RankSVM] Train/Test finished in 211.61 seconds with accuracy 0.7909 and F1 (0:0.760 1:0.814)...
.*
optimization finished, #iter = 17
Objective value = -1160.92
nSV = 2334
Creating cache for labeled documents...
Generate 61317(1319:1504) ranking pairs for L2R model training...
....................................................................................................
optimization finished, #iter = 1000

WARNING: reaching max number of iterations
Using -s 2 may be faster (also see FAQ)

Objective value = -51251.3
nSV = 51593
1.04382 -2.80680 -0.12355 0.00456 2.28797 -10.25293 0.18784 -0.00159 0.29952 -0.00441 0.00000 
Construct nearest neighbor graph nodes in parallel: L: 3312, U: 13464
Construct nearest neighbor graph edges in parallel: L: 3312, U: 13464
[5049,6732) finished...
[1683,3366) finished...
[3366,5049) finished...
[0,1683) finished...
[11781,13464) finished...
[6732,8415) finished...
[8415,10098) finished...
[10098,11781) finished...
Nearest neighbor graph construction finished!
Random walk starts:
Iteration 1, converge to 0.173 with accuracy 0.7895...
Iteration 2, converge to 0.010 with accuracy 0.7894...
Iteration 3, converge to 0.001 with accuracy 0.7893...
Iteration 4, converge to 0.000 with accuracy 0.7894...
Iteration 5, converge to 0.000 with accuracy 0.7894...

Query	Docs	P@5	P@10	P@20
Pos	U	0.785	0.782	0.776
Pos	L	0.716	0.711	0.706
Neg	U	0.618	0.613	0.607
Neg	L	0.625	0.614	0.604

Gaussian Fields by random walk [C:SVM[C:2, F:8055, T:L2R_L1LOSS_SVC_DUAL, c:1.000], k:20, k':20, r:1.000, alpha:1.000, beta:1.000, eta:0.600]-[RankSVM] Train/Test finished in 211.43 seconds with accuracy 0.7894 and F1 (0:0.759 1:0.813)...
..*
optimization finished, #iter = 22
Objective value = -1165.75
nSV = 2361
Creating cache for labeled documents...
Generate 62896(1356:1535) ranking pairs for L2R model training...
....................................................................................................
optimization finished, #iter = 1000

WARNING: reaching max number of iterations
Using -s 2 may be faster (also see FAQ)

Objective value = -53074.4
nSV = 53428
0.77880 -2.71432 -0.06952 -0.01011 3.26863 -8.38972 0.08730 -0.06106 0.64762 0.05958 0.00000 
Construct nearest neighbor graph nodes in parallel: L: 3345, U: 13431
Construct nearest neighbor graph edges in parallel: L: 3345, U: 13431
[5034,6712) finished...
[1678,3356) finished...
[0,1678) finished...
[3356,5034) finished...
[8390,10068) finished...
[6712,8390) finished...
[11746,13431) finished...
[10068,11746) finished...
Nearest neighbor graph construction finished!
Random walk starts:
Iteration 1, converge to 0.176 with accuracy 0.7888...
Iteration 2, converge to 0.010 with accuracy 0.7883...
Iteration 3, converge to 0.001 with accuracy 0.7883...
Iteration 4, converge to 0.000 with accuracy 0.7883...

Query	Docs	P@5	P@10	P@20
Pos	U	0.789	0.784	0.779
Pos	L	0.714	0.710	0.704
Neg	U	0.608	0.603	0.597
Neg	L	0.621	0.614	0.605

Gaussian Fields by random walk [C:SVM[C:2, F:8055, T:L2R_L1LOSS_SVC_DUAL, c:1.000], k:20, k':20, r:1.000, alpha:1.000, beta:1.000, eta:0.600]-[RankSVM] Train/Test finished in 208.42 seconds with accuracy 0.7883 and F1 (0:0.756 1:0.813)...
...*
optimization finished, #iter = 32
Objective value = -1241.33
nSV = 2449
Creating cache for labeled documents...
Generate 63287(1363:1533) ranking pairs for L2R model training...
....................................................................................................
optimization finished, #iter = 1000

WARNING: reaching max number of iterations
Using -s 2 may be faster (also see FAQ)

Objective value = -54925.3
nSV = 55281
0.92284 -2.58413 -0.09066 0.01116 2.55013 -9.18742 0.24703 0.00295 0.36929 -0.01796 0.00000 
Construct nearest neighbor graph nodes in parallel: L: 3386, U: 13390
Construct nearest neighbor graph edges in parallel: L: 3386, U: 13390
[5019,6692) finished...
[1673,3346) finished...
[0,1673) finished...
[3346,5019) finished...
[8365,10038) finished...
[11711,13390) finished...
[6692,8365) finished...
[10038,11711) finished...
Nearest neighbor graph construction finished!
Random walk starts:
Iteration 1, converge to 0.178 with accuracy 0.7893...
Iteration 2, converge to 0.011 with accuracy 0.7890...
Iteration 3, converge to 0.001 with accuracy 0.7890...
Iteration 4, converge to 0.000 with accuracy 0.7890...
Iteration 5, converge to 0.000 with accuracy 0.7890...

Query	Docs	P@5	P@10	P@20
Pos	U	0.804	0.799	0.795
Pos	L	0.732	0.721	0.711
Neg	U	0.591	0.585	0.580
Neg	L	0.579	0.582	0.579

Gaussian Fields by random walk [C:SVM[C:2, F:8055, T:L2R_L1LOSS_SVC_DUAL, c:1.000], k:20, k':20, r:1.000, alpha:1.000, beta:1.000, eta:0.600]-[RankSVM] Train/Test finished in 232.94 seconds with accuracy 0.7890 and F1 (0:0.754 1:0.815)...
.*
optimization finished, #iter = 18
Objective value = -1260.55
nSV = 2464
Creating cache for labeled documents...
Generate 63398(1354:1547) ranking pairs for L2R model training...
....................................................................................................
optimization finished, #iter = 1000

WARNING: reaching max number of iterations
Using -s 2 may be faster (also see FAQ)

Objective value = -55406.4
nSV = 55697
1.44133 -2.73103 -0.14943 -0.00332 1.73127 -6.25405 0.09886 -0.03253 0.06880 0.08924 0.00000 
Construct nearest neighbor graph nodes in parallel: L: 3390, U: 13386
Construct nearest neighbor graph edges in parallel: L: 3390, U: 13386
[5019,6692) finished...
[1673,3346) finished...
[3346,5019) finished...
[11711,13386) finished...
[0,1673) finished...
[6692,8365) finished...
[8365,10038) finished...
[10038,11711) finished...
Nearest neighbor graph construction finished!
Random walk starts:
Iteration 1, converge to 0.183 with accuracy 0.7868...
Iteration 2, converge to 0.011 with accuracy 0.7866...
Iteration 3, converge to 0.001 with accuracy 0.7863...
Iteration 4, converge to 0.000 with accuracy 0.7863...
Iteration 5, converge to 0.000 with accuracy 0.7863...

Query	Docs	P@5	P@10	P@20
Pos	U	0.782	0.775	0.769
Pos	L	0.695	0.688	0.680
Neg	U	0.618	0.612	0.608
Neg	L	0.624	0.617	0.609

Gaussian Fields by random walk [C:SVM[C:2, F:8055, T:L2R_L1LOSS_SVC_DUAL, c:1.000], k:20, k':20, r:1.000, alpha:1.000, beta:1.000, eta:0.600]-[RankSVM] Train/Test finished in 228.24 seconds with accuracy 0.7863 and F1 (0:0.754 1:0.811)...
.*
optimization finished, #iter = 18
Objective value = -1194.99
nSV = 2383
Creating cache for labeled documents...
Generate 61418(1331:1502) ranking pairs for L2R model training...
....................................................................................................
optimization finished, #iter = 1000

WARNING: reaching max number of iterations
Using -s 2 may be faster (also see FAQ)

Objective value = -53151.7
nSV = 53430
0.62385 -2.82835 -0.11085 -0.00908 2.57951 -10.41583 0.22156 -0.05912 0.16660 0.08661 0.00000 
Construct nearest neighbor graph nodes in parallel: L: 3350, U: 13426
Construct nearest neighbor graph edges in parallel: L: 3350, U: 13426
[5034,6712) finished...
[1678,3356) finished...
[3356,5034) finished...
[0,1678) finished...
[11746,13426) finished...
[8390,10068) finished...
[6712,8390) finished...
[10068,11746) finished...
Nearest neighbor graph construction finished!
Random walk starts:
Iteration 1, converge to 0.174 with accuracy 0.7879...
Iteration 2, converge to 0.010 with accuracy 0.7875...
Iteration 3, converge to 0.001 with accuracy 0.7875...
Iteration 4, converge to 0.000 with accuracy 0.7875...

Query	Docs	P@5	P@10	P@20
Pos	U	0.790	0.786	0.782
Pos	L	0.715	0.710	0.703
Neg	U	0.613	0.607	0.600
Neg	L	0.625	0.615	0.604

Gaussian Fields by random walk [C:SVM[C:2, F:8055, T:L2R_L1LOSS_SVC_DUAL, c:1.000], k:20, k':20, r:1.000, alpha:1.000, beta:1.000, eta:0.600]-[RankSVM] Train/Test finished in 204.49 seconds with accuracy 0.7875 and F1 (0:0.755 1:0.813)...
*************************************************
The final result of Gaussian Fields by random walk [C:SVM[C:2, F:8055, T:L2R_L1LOSS_SVC_DUAL, c:1.000], k:20, k':20, r:1.000, alpha:1.000, beta:1.000, eta:0.600]-[RankSVM] is as follows:
The total number of classes is 2
Class 0:	precision(0.797+/-0.005)	recall(0.722+/-0.007)
Class 1:	precision(0.784+/-0.004)	recall(0.845+/-0.006)
	0	1	P
0	44250	11280	0.7969
1	17006	61672	0.7839
R	0.7224	0.8454	0.7892
F1	0.7578	0.8135
