
--------------------------------------------------------------------------------------
Parameters of learning procedure:
#Class: 5	Ngram: 2	Feature value: TF	Normalization: 2
Doc length cut: 10	Window length: 0
Learning paradigm: SEMI	Sampling rate: 0.25	kUL: 100	kUU: 50
alpha: 1.05	beta: 1.01
Solver: Random Walk	Base Classifer: SVM	Weighted Sum: true	Similarity Weight: false
Classifier: SVM	Instance weighting: NONE	Trade-off Parameter: 1.0	Cross validation: 10
Data directory: ./data/amazon/small/dedup/RawData
--------------------------------------------------------------------------------------
Creating feature vectors, wait...
8055 feature words loaded from ./data/Features/fv_2gram_tablets_86jsons.txt...
Keywords for <screen>: 52
Keywords for <app>: 55
Keywords for <price>: 63
Keywords for <battery>: 60
Keywords for <sound>: 23
Keywords for <camera>: 47
Keywords for <cpu>: 46
Keywords for <microsd>: 44
Keywords for <internet>: 46
Keywords for <keyboard>: 26
Keywords for <usb>: 35
Keywords for <servic>: 49
Loading 614 stopwords from ./data/Model/stopwords.dat
DTLoading 16776 reviews from ./data/amazon/small/dedup/RawData
No normalizaiton is adopted here or wrong parameters!!
Text feature generated for 16776 documents...
2082 1104 1325 3146 9119 , Total: 16776
Info File Path: ./data/result/Topics_30Information.txt
Prior keywords for Topic 0 (<screen>): 52/52
Prior keywords for Topic 1 (<app>): 55/55
Prior keywords for Topic 2 (<price>): 63/63
Prior keywords for Topic 3 (<battery>): 60/60
Prior keywords for Topic 4 (<sound>): 23/23
Prior keywords for Topic 5 (<camera>): 47/47
Prior keywords for Topic 6 (<cpu>): 46/46
Prior keywords for Topic 7 (<microsd>): 44/44
Prior keywords for Topic 8 (<internet>): 46/46
Prior keywords for Topic 9 (<keyboard>): 26/26
Prior keywords for Topic 10 (<usb>): 35/35
Prior keywords for Topic 11 (<servic>): 49/50
..........Likelihood 16776.000 after step 100 converge to 0.000000 after 14 seconds...
Text feature generated for 16776 documents...
2082 1104 1325 3146 9119 , Total: 16776
Start Transductive Learning, wait...
...*
optimization finished, #iter = 33
Objective value = -1170.43
nSV = 2366
Creating cache for labeled documents...
Generate 60920(1318:1497) ranking pairs for L2R model training...
....................................................................................................
optimization finished, #iter = 1000

WARNING: reaching max number of iterations
Using -s 2 may be faster (also see FAQ)

Objective value = -51850.0
nSV = 52288
1.49694 -2.74176 -0.04351 0.00795 1.34297 -7.13028 0.17452 -0.03438 0.09733 0.00287 0.00000 
Construct nearest neighbor graph nodes in parallel: L: 3300, U: 13476
Construct nearest neighbor graph edges in parallel: L: 3300, U: 13476
[5052,6736) finished...
[1684,3368) finished...
[0,1684) finished...
[3368,5052) finished...
[11788,13476) finished...
[8420,10104) finished...
[6736,8420) finished...
[10104,11788) finished...
Nearest neighbor graph construction finished!
Random walk starts:
Iteration 1, converge to 0.201 with accuracy 0.7907...
Iteration 2, converge to 0.015 with accuracy 0.7905...
Iteration 3, converge to 0.002 with accuracy 0.7904...
Iteration 4, converge to 0.000 with accuracy 0.7904...
Iteration 5, converge to 0.000 with accuracy 0.7905...

Query	Docs	P@5	P@10	P@20
Pos	U	0.817	0.811	0.807
Pos	L	0.721	0.715	0.708
Neg	U	0.605	0.602	0.596
Neg	L	0.614	0.606	0.595

Gaussian Fields by random walk [C:SVM[C:2, F:8055, T:L2R_L1LOSS_SVC_DUAL, c:1.000], k:20, k':20, r:1.000, alpha:1.000, beta:1.000, eta:0.700]-[RankSVM] Train/Test finished in 244.46 seconds with accuracy 0.7905 and F1 (0:0.753 1:0.818)...
.*
optimization finished, #iter = 18
Objective value = -1134.45
nSV = 2311
Creating cache for labeled documents...
Generate 59755(1294:1473) ranking pairs for L2R model training...
....................................................................................................
optimization finished, #iter = 1000

WARNING: reaching max number of iterations
Using -s 2 may be faster (also see FAQ)

Objective value = -50384.3
nSV = 50775
1.53225 -2.59099 -0.09484 0.00735 2.13016 -6.33085 0.11866 0.05327 0.00128 0.09902 0.00000 
Construct nearest neighbor graph nodes in parallel: L: 3297, U: 13479
Construct nearest neighbor graph edges in parallel: L: 3297, U: 13479
[5052,6736) finished...
[1684,3368) finished...
[0,1684) finished...
[11788,13479) finished...
[3368,5052) finished...
[6736,8420) finished...
[8420,10104) finished...
[10104,11788) finished...
Nearest neighbor graph construction finished!
Random walk starts:
Iteration 1, converge to 0.204 with accuracy 0.7866...
Iteration 2, converge to 0.015 with accuracy 0.7867...
Iteration 3, converge to 0.002 with accuracy 0.7866...
Iteration 4, converge to 0.000 with accuracy 0.7867...
Iteration 5, converge to 0.000 with accuracy 0.7867...

Query	Docs	P@5	P@10	P@20
Pos	U	0.775	0.770	0.764
Pos	L	0.699	0.693	0.689
Neg	U	0.640	0.637	0.632
Neg	L	0.636	0.626	0.615

Gaussian Fields by random walk [C:SVM[C:2, F:8055, T:L2R_L1LOSS_SVC_DUAL, c:1.000], k:20, k':20, r:1.000, alpha:1.000, beta:1.000, eta:0.700]-[RankSVM] Train/Test finished in 236.50 seconds with accuracy 0.7867 and F1 (0:0.754 1:0.812)...
..*
optimization finished, #iter = 26
Objective value = -1146.82
nSV = 2320
Creating cache for labeled documents...
Generate 60398(1310:1477) ranking pairs for L2R model training...
....................................................................................................
optimization finished, #iter = 1000

WARNING: reaching max number of iterations
Using -s 2 may be faster (also see FAQ)

Objective value = -51272.3
nSV = 51663
0.92716 -2.67661 -0.15534 0.03186 3.51913 -9.66633 0.26180 -0.12311 -0.01881 0.11020 0.00000 
Construct nearest neighbor graph nodes in parallel: L: 3275, U: 13501
Construct nearest neighbor graph edges in parallel: L: 3275, U: 13501
[5061,6748) finished...
[1687,3374) finished...
[11809,13501) finished...
[0,1687) finished...
[3374,5061) finished...
[8435,10122) finished...
[10122,11809) finished...
[6748,8435) finished...
Nearest neighbor graph construction finished!
Random walk starts:
Iteration 1, converge to 0.245 with accuracy 0.7893...
Iteration 2, converge to 0.018 with accuracy 0.7899...
Iteration 3, converge to 0.002 with accuracy 0.7896...
Iteration 4, converge to 0.000 with accuracy 0.7896...
Iteration 5, converge to 0.000 with accuracy 0.7896...

Query	Docs	P@5	P@10	P@20
Pos	U	0.617	0.600	0.604
Pos	L	0.698	0.674	0.663
Neg	U	0.649	0.675	0.676
Neg	L	0.572	0.591	0.596

Gaussian Fields by random walk [C:SVM[C:2, F:8055, T:L2R_L1LOSS_SVC_DUAL, c:1.000], k:20, k':20, r:1.000, alpha:1.000, beta:1.000, eta:0.700]-[RankSVM] Train/Test finished in 225.91 seconds with accuracy 0.7896 and F1 (0:0.761 1:0.812)...
.*
optimization finished, #iter = 17
Objective value = -1166.77
nSV = 2365
Creating cache for labeled documents...
Generate 60043(1290:1485) ranking pairs for L2R model training...
....................................................................................................
optimization finished, #iter = 1000

WARNING: reaching max number of iterations
Using -s 2 may be faster (also see FAQ)

Objective value = -50089.5
nSV = 50448
1.27453 -2.91390 -0.17244 -0.00361 2.74142 -7.70606 0.10458 -0.12766 0.33483 0.04894 0.00000 
Construct nearest neighbor graph nodes in parallel: L: 3314, U: 13462
Construct nearest neighbor graph edges in parallel: L: 3314, U: 13462
[5046,6728) finished...
[1682,3364) finished...
[0,1682) finished...
[3364,5046) finished...
[11774,13462) finished...
[6728,8410) finished...
[8410,10092) finished...
[10092,11774) finished...
Nearest neighbor graph construction finished!
Random walk starts:
Iteration 1, converge to 0.201 with accuracy 0.7900...
Iteration 2, converge to 0.014 with accuracy 0.7887...
Iteration 3, converge to 0.002 with accuracy 0.7888...
Iteration 4, converge to 0.000 with accuracy 0.7888...
Iteration 5, converge to 0.000 with accuracy 0.7888...

Query	Docs	P@5	P@10	P@20
Pos	U	0.802	0.796	0.792
Pos	L	0.715	0.711	0.707
Neg	U	0.612	0.609	0.601
Neg	L	0.620	0.613	0.606

Gaussian Fields by random walk [C:SVM[C:2, F:8055, T:L2R_L1LOSS_SVC_DUAL, c:1.000], k:20, k':20, r:1.000, alpha:1.000, beta:1.000, eta:0.700]-[RankSVM] Train/Test finished in 222.79 seconds with accuracy 0.7888 and F1 (0:0.754 1:0.815)...
.*
optimization finished, #iter = 18
Objective value = -1226.88
nSV = 2412
Creating cache for labeled documents...
Generate 61382(1333:1513) ranking pairs for L2R model training...
....................................................................................................
optimization finished, #iter = 1000

WARNING: reaching max number of iterations
Using -s 2 may be faster (also see FAQ)

Objective value = -51899.0
nSV = 52234
1.05439 -2.96020 -0.12252 0.00490 2.52295 -7.99289 -0.00502 -0.09077 0.41312 0.05226 0.00000 
Construct nearest neighbor graph nodes in parallel: L: 3375, U: 13401
Construct nearest neighbor graph edges in parallel: L: 3375, U: 13401
[5025,6700) finished...
[1675,3350) finished...
[3350,5025) finished...
[11725,13401) finished...
[0,1675) finished...
[8375,10050) finished...
[10050,11725) finished...
[6700,8375) finished...
Nearest neighbor graph construction finished!
Random walk starts:
Iteration 1, converge to 0.203 with accuracy 0.7870...
Iteration 2, converge to 0.014 with accuracy 0.7873...
Iteration 3, converge to 0.002 with accuracy 0.7872...
Iteration 4, converge to 0.000 with accuracy 0.7873...
Iteration 5, converge to 0.000 with accuracy 0.7873...

Query	Docs	P@5	P@10	P@20
Pos	U	0.803	0.799	0.795
Pos	L	0.716	0.711	0.706
Neg	U	0.611	0.607	0.600
Neg	L	0.616	0.607	0.600

Gaussian Fields by random walk [C:SVM[C:2, F:8055, T:L2R_L1LOSS_SVC_DUAL, c:1.000], k:20, k':20, r:1.000, alpha:1.000, beta:1.000, eta:0.700]-[RankSVM] Train/Test finished in 223.23 seconds with accuracy 0.7873 and F1 (0:0.751 1:0.814)...
.*.
optimization finished, #iter = 20
Objective value = -1227.34
nSV = 2390
Creating cache for labeled documents...
Generate 62729(1346:1537) ranking pairs for L2R model training...
....................................................................................................
optimization finished, #iter = 1000

WARNING: reaching max number of iterations
Using -s 2 may be faster (also see FAQ)

Objective value = -52183.8
nSV = 52532
0.00739 -3.04306 -0.06110 0.00273 3.86511 -13.18261 0.16337 -0.13595 0.32856 0.06078 0.00000 
Construct nearest neighbor graph nodes in parallel: L: 3393, U: 13383
Construct nearest neighbor graph edges in parallel: L: 3393, U: 13383
[5016,6688) finished...
[1672,3344) finished...
[0,1672) finished...
[3344,5016) finished...
[11704,13383) finished...
[6688,8360) finished...
[8360,10032) finished...
[10032,11704) finished...
Nearest neighbor graph construction finished!
Random walk starts:
Iteration 1, converge to 0.201 with accuracy 0.7907...
Iteration 2, converge to 0.014 with accuracy 0.7904...
Iteration 3, converge to 0.002 with accuracy 0.7905...
Iteration 4, converge to 0.000 with accuracy 0.7906...
Iteration 5, converge to 0.000 with accuracy 0.7906...

Query	Docs	P@5	P@10	P@20
Pos	U	0.827	0.824	0.820
Pos	L	0.730	0.725	0.719
Neg	U	0.587	0.582	0.576
Neg	L	0.605	0.600	0.593

Gaussian Fields by random walk [C:SVM[C:2, F:8055, T:L2R_L1LOSS_SVC_DUAL, c:1.000], k:20, k':20, r:1.000, alpha:1.000, beta:1.000, eta:0.700]-[RankSVM] Train/Test finished in 221.24 seconds with accuracy 0.7906 and F1 (0:0.750 1:0.820)...
.*
optimization finished, #iter = 18
Objective value = -1198.79
nSV = 2398
Creating cache for labeled documents...
Generate 64182(1375:1566) ranking pairs for L2R model training...
....................................................................................................
optimization finished, #iter = 1000

WARNING: reaching max number of iterations
Using -s 2 may be faster (also see FAQ)

Objective value = -53481.7
nSV = 53832
1.07069 -2.93684 -0.07459 0.01697 1.85641 -11.12286 0.24499 -0.08076 0.58471 0.02066 0.00000 
Construct nearest neighbor graph nodes in parallel: L: 3398, U: 13378
Construct nearest neighbor graph edges in parallel: L: 3398, U: 13378
[1672,3344) finished...
[5016,6688) finished...
[3344,5016) finished...
[6688,8360) finished...
[11704,13378) finished...
[0,1672) finished...
[8360,10032) finished...
[10032,11704) finished...
Nearest neighbor graph construction finished!
Random walk starts:
Iteration 1, converge to 0.213 with accuracy 0.7864...
Iteration 2, converge to 0.016 with accuracy 0.7863...
Iteration 3, converge to 0.002 with accuracy 0.7863...
Iteration 4, converge to 0.000 with accuracy 0.7863...
Iteration 5, converge to 0.000 with accuracy 0.7863...

Query	Docs	P@5	P@10	P@20
Pos	U	0.785	0.779	0.775
Pos	L	0.733	0.716	0.702
Neg	U	0.615	0.611	0.606
Neg	L	0.569	0.578	0.585

Gaussian Fields by random walk [C:SVM[C:2, F:8055, T:L2R_L1LOSS_SVC_DUAL, c:1.000], k:20, k':20, r:1.000, alpha:1.000, beta:1.000, eta:0.700]-[RankSVM] Train/Test finished in 222.63 seconds with accuracy 0.7863 and F1 (0:0.750 1:0.813)...
.*.
optimization finished, #iter = 20
Objective value = -1225.44
nSV = 2423
Creating cache for labeled documents...
Generate 64263(1379:1575) ranking pairs for L2R model training...
....................................................................................................
optimization finished, #iter = 1000

WARNING: reaching max number of iterations
Using -s 2 may be faster (also see FAQ)

Objective value = -54848.9
nSV = 55205
1.04066 -2.77058 -0.13875 -0.00420 2.47898 -6.91080 0.05799 -0.03844 0.64409 0.05293 0.00000 
Construct nearest neighbor graph nodes in parallel: L: 3429, U: 13347
Construct nearest neighbor graph edges in parallel: L: 3429, U: 13347
[5004,6672) finished...
[1668,3336) finished...
[3336,5004) finished...
[0,1668) finished...
[11676,13347) finished...
[8340,10008) finished...
[6672,8340) finished...
[10008,11676) finished...
Nearest neighbor graph construction finished!
Random walk starts:
Iteration 1, converge to 0.205 with accuracy 0.7950...
Iteration 2, converge to 0.014 with accuracy 0.7950...
Iteration 3, converge to 0.001 with accuracy 0.7951...
Iteration 4, converge to 0.000 with accuracy 0.7951...
Iteration 5, converge to 0.000 with accuracy 0.7951...

Query	Docs	P@5	P@10	P@20
Pos	U	0.798	0.794	0.790
Pos	L	0.713	0.707	0.700
Neg	U	0.622	0.615	0.607
Neg	L	0.625	0.616	0.610

Gaussian Fields by random walk [C:SVM[C:2, F:8055, T:L2R_L1LOSS_SVC_DUAL, c:1.000], k:20, k':20, r:1.000, alpha:1.000, beta:1.000, eta:0.700]-[RankSVM] Train/Test finished in 224.20 seconds with accuracy 0.7951 and F1 (0:0.762 1:0.820)...
...................*.*
optimization finished, #iter = 204
Objective value = -1225.17
nSV = 2442
Creating cache for labeled documents...
Generate 64756(1390:1565) ranking pairs for L2R model training...
....................................................................................................
optimization finished, #iter = 1000

WARNING: reaching max number of iterations
Using -s 2 may be faster (also see FAQ)

Objective value = -55239.4
nSV = 55613
0.33966 -2.95470 -0.04974 -0.00915 2.84281 -10.27725 0.26458 -0.11851 0.39329 0.06371 0.00000 
Construct nearest neighbor graph nodes in parallel: L: 3428, U: 13348
Construct nearest neighbor graph edges in parallel: L: 3428, U: 13348
[5004,6672) finished...
[3336,5004) finished...
[1668,3336) finished...
[0,1668) finished...
[6672,8340) finished...
[8340,10008) finished...
[11676,13348) finished...
[10008,11676) finished...
Nearest neighbor graph construction finished!
Random walk starts:
Iteration 1, converge to 0.201 with accuracy 0.7935...
Iteration 2, converge to 0.014 with accuracy 0.7932...
Iteration 3, converge to 0.002 with accuracy 0.7935...
Iteration 4, converge to 0.000 with accuracy 0.7935...
Iteration 5, converge to 0.000 with accuracy 0.7935...

Query	Docs	P@5	P@10	P@20
Pos	U	0.809	0.807	0.803
Pos	L	0.718	0.713	0.709
Neg	U	0.613	0.609	0.603
Neg	L	0.628	0.620	0.610

Gaussian Fields by random walk [C:SVM[C:2, F:8055, T:L2R_L1LOSS_SVC_DUAL, c:1.000], k:20, k':20, r:1.000, alpha:1.000, beta:1.000, eta:0.700]-[RankSVM] Train/Test finished in 224.65 seconds with accuracy 0.7935 and F1 (0:0.760 1:0.819)...
...*
optimization finished, #iter = 31
Objective value = -1235.23
nSV = 2419
Creating cache for labeled documents...
Generate 63519(1375:1545) ranking pairs for L2R model training...
....................................................................................................
optimization finished, #iter = 1000

WARNING: reaching max number of iterations
Using -s 2 may be faster (also see FAQ)

Objective value = -54180.5
nSV = 54527
1.07418 -2.79941 -0.02875 0.00693 2.12451 -7.31513 0.15032 -0.04175 -0.07042 0.02974 0.00000 
Construct nearest neighbor graph nodes in parallel: L: 3343, U: 13433
Construct nearest neighbor graph edges in parallel: L: 3343, U: 13433
[5037,6716) finished...
[1679,3358) finished...
[0,1679) finished...
[11753,13433) finished...
[3358,5037) finished...
[6716,8395) finished...
[8395,10074) finished...
[10074,11753) finished...
Nearest neighbor graph construction finished!
Random walk starts:
Iteration 1, converge to 0.204 with accuracy 0.7947...
Iteration 2, converge to 0.015 with accuracy 0.7948...
Iteration 3, converge to 0.002 with accuracy 0.7950...
Iteration 4, converge to 0.000 with accuracy 0.7948...
Iteration 5, converge to 0.000 with accuracy 0.7948...

Query	Docs	P@5	P@10	P@20
Pos	U	0.802	0.798	0.794
Pos	L	0.708	0.702	0.695
Neg	U	0.620	0.616	0.608
Neg	L	0.630	0.620	0.611

Gaussian Fields by random walk [C:SVM[C:2, F:8055, T:L2R_L1LOSS_SVC_DUAL, c:1.000], k:20, k':20, r:1.000, alpha:1.000, beta:1.000, eta:0.700]-[RankSVM] Train/Test finished in 222.59 seconds with accuracy 0.7948 and F1 (0:0.760 1:0.821)...
*************************************************
The final result of Gaussian Fields by random walk [C:SVM[C:2, F:8055, T:L2R_L1LOSS_SVC_DUAL, c:1.000], k:20, k':20, r:1.000, alpha:1.000, beta:1.000, eta:0.700]-[RankSVM] is as follows:
The total number of classes is 2
Class 0:	precision(0.808+/-0.009)	recall(0.710+/-0.012)
Class 1:	precision(0.779+/-0.006)	recall(0.858+/-0.010)
	0	1	P
0	43488	10375	0.8074
1	17768	62577	0.7789
R	0.7099	0.8578	0.7903
F1	0.7555	0.8164
