
--------------------------------------------------------------------------------------
Parameters of learning procedure:
#Class: 5	Ngram: 2	Feature value: TF	Normalization: 2
Doc length cut: 10	Window length: 0
Learning paradigm: SEMI	Sampling rate: 0.25	kUL: 100	kUU: 50
alpha: 1.05	beta: 1.01
Solver: Random Walk	Base Classifer: SVM	Weighted Sum: true	Similarity Weight: false
Classifier: SVM	Instance weighting: NONE	Trade-off Parameter: 1.0	Cross validation: 10
Data directory: ./data/amazon/small/dedup/RawData
--------------------------------------------------------------------------------------
Creating feature vectors, wait...
8055 feature words loaded from ./data/Features/fv_2gram_tablets_86jsons.txt...
Keywords for <screen>: 52
Keywords for <app>: 55
Keywords for <price>: 63
Keywords for <battery>: 60
Keywords for <sound>: 23
Keywords for <camera>: 47
Keywords for <cpu>: 46
Keywords for <microsd>: 44
Keywords for <internet>: 46
Keywords for <keyboard>: 26
Keywords for <usb>: 35
Keywords for <servic>: 49
Loading 614 stopwords from ./data/Model/stopwords.dat
DTLoading 16776 reviews from ./data/amazon/small/dedup/RawData
No normalizaiton is adopted here or wrong parameters!!
Text feature generated for 16776 documents...
2082 1104 1325 3146 9119 , Total: 16776
Info File Path: ./data/result/Topics_30Information.txt
Prior keywords for Topic 0 (<screen>): 52/52
Prior keywords for Topic 1 (<app>): 55/55
Prior keywords for Topic 2 (<price>): 63/63
Prior keywords for Topic 3 (<battery>): 60/60
Prior keywords for Topic 4 (<sound>): 23/23
Prior keywords for Topic 5 (<camera>): 47/47
Prior keywords for Topic 6 (<cpu>): 46/46
Prior keywords for Topic 7 (<microsd>): 44/44
Prior keywords for Topic 8 (<internet>): 46/46
Prior keywords for Topic 9 (<keyboard>): 26/26
Prior keywords for Topic 10 (<usb>): 35/35
Prior keywords for Topic 11 (<servic>): 49/50
..........Likelihood 16776.000 after step 100 converge to 0.000000 after 15 seconds...
Text feature generated for 16776 documents...
2082 1104 1325 3146 9119 , Total: 16776
Start Transductive Learning, wait...
.*
optimization finished, #iter = 19
Objective value = -1199.73
nSV = 2386
Creating cache for labeled documents...
Generate 417824(1368:1542) ranking pairs for L2R model training...
....................................................................................................
optimization finished, #iter = 1000

WARNING: reaching max number of iterations
Using -s 2 may be faster (also see FAQ)

Objective value = -358084
nSV = 360727
0.74272 -2.86632 -0.10490 0.00334 3.67765 -18.71059 0.18248 -0.12305 0.33954 0.07486 0.00000 
Construct nearest neighbor graph nodes in parallel: L: 3385, U: 13391
Construct nearest neighbor graph edges in parallel: L: 3385, U: 13391
[5019,6692) finished...
[1673,3346) finished...
[3346,5019) finished...
[0,1673) finished...
[11711,13391) finished...
[6692,8365) finished...
[8365,10038) finished...
[10038,11711) finished...
Nearest neighbor graph construction finished!
Random walk starts:
Iteration 1, converge to 0.206 with accuracy 0.7899...
Iteration 2, converge to 0.014 with accuracy 0.7905...
Iteration 3, converge to 0.002 with accuracy 0.7902...
Iteration 4, converge to 0.000 with accuracy 0.7902...
Iteration 5, converge to 0.000 with accuracy 0.7902...

Query	Docs	P@5	P@10	P@20
Pos	U	0.791	0.785	0.779
Pos	L	0.713	0.708	0.700
Neg	U	0.630	0.623	0.619
Neg	L	0.623	0.615	0.608

Gaussian Fields by random walk [C:SVM[C:2, F:8055, T:L2R_L1LOSS_SVC_DUAL, c:1.000], k:20, k':20, r:1.000, alpha:1.000, beta:1.000, eta:0.700]-[RankSVM] Train/Test finished in 321.96 seconds with accuracy 0.7902 and F1 (0:0.759 1:0.814)...
..*
optimization finished, #iter = 24
Objective value = -1188.06
nSV = 2347
Creating cache for labeled documents...
Generate 415478(1362:1523) ranking pairs for L2R model training...
....................................................................................................
optimization finished, #iter = 1000

WARNING: reaching max number of iterations
Using -s 2 may be faster (also see FAQ)

Objective value = -353641
nSV = 355682
0.77095 -2.98168 -0.08740 0.00289 3.47658 -16.01349 0.14693 -0.13567 0.09442 0.08881 0.00000 
Construct nearest neighbor graph nodes in parallel: L: 3346, U: 13430
Construct nearest neighbor graph edges in parallel: L: 3346, U: 13430
[5034,6712) finished...
[1678,3356) finished...
[3356,5034) finished...
[0,1678) finished...
[11746,13430) finished...
[8390,10068) finished...
[6712,8390) finished...
[10068,11746) finished...
Nearest neighbor graph construction finished!
Random walk starts:
Iteration 1, converge to 0.202 with accuracy 0.7905...
Iteration 2, converge to 0.015 with accuracy 0.7897...
Iteration 3, converge to 0.002 with accuracy 0.7895...
Iteration 4, converge to 0.000 with accuracy 0.7897...
Iteration 5, converge to 0.000 with accuracy 0.7897...

Query	Docs	P@5	P@10	P@20
Pos	U	0.798	0.794	0.788
Pos	L	0.725	0.716	0.707
Neg	U	0.624	0.617	0.612
Neg	L	0.617	0.611	0.604

Gaussian Fields by random walk [C:SVM[C:2, F:8055, T:L2R_L1LOSS_SVC_DUAL, c:1.000], k:20, k':20, r:1.000, alpha:1.000, beta:1.000, eta:0.700]-[RankSVM] Train/Test finished in 315.43 seconds with accuracy 0.7897 and F1 (0:0.756 1:0.815)...
.*
optimization finished, #iter = 17
Objective value = -1172.79
nSV = 2362
Creating cache for labeled documents...
Generate 413862(1349:1523) ranking pairs for L2R model training...
....................................................................................................
optimization finished, #iter = 1000

WARNING: reaching max number of iterations
Using -s 2 may be faster (also see FAQ)

Objective value = -353617
nSV = 355623
1.43073 -2.80968 -0.12671 -0.00416 2.74841 -16.55564 0.10781 -0.05854 0.09912 0.08678 0.00000 
Construct nearest neighbor graph nodes in parallel: L: 3344, U: 13432
Construct nearest neighbor graph edges in parallel: L: 3344, U: 13432
[5037,6716) finished...
[0,1679) finished...
[1679,3358) finished...
[11753,13432) finished...
[3358,5037) finished...
[6716,8395) finished...
[8395,10074) finished...
[10074,11753) finished...
Nearest neighbor graph construction finished!
Random walk starts:
Iteration 1, converge to 0.204 with accuracy 0.7907...
Iteration 2, converge to 0.015 with accuracy 0.7901...
Iteration 3, converge to 0.002 with accuracy 0.7901...
Iteration 4, converge to 0.000 with accuracy 0.7899...
Iteration 5, converge to 0.000 with accuracy 0.7899...

Query	Docs	P@5	P@10	P@20
Pos	U	0.791	0.786	0.781
Pos	L	0.714	0.708	0.701
Neg	U	0.631	0.625	0.621
Neg	L	0.621	0.616	0.609

Gaussian Fields by random walk [C:SVM[C:2, F:8055, T:L2R_L1LOSS_SVC_DUAL, c:1.000], k:20, k':20, r:1.000, alpha:1.000, beta:1.000, eta:0.700]-[RankSVM] Train/Test finished in 248.56 seconds with accuracy 0.7899 and F1 (0:0.757 1:0.815)...
.*
optimization finished, #iter = 18
Objective value = -1169.65
nSV = 2351
Creating cache for labeled documents...
Generate 414864(1352:1526) ranking pairs for L2R model training...
....................................................................................................
optimization finished, #iter = 1000

WARNING: reaching max number of iterations
Using -s 2 may be faster (also see FAQ)

Objective value = -354026
nSV = 356072
0.87016 -2.89957 -0.08941 -0.01072 3.10572 -14.88179 0.17671 -0.03724 -0.05238 0.05131 0.00000 
Construct nearest neighbor graph nodes in parallel: L: 3350, U: 13426
Construct nearest neighbor graph edges in parallel: L: 3350, U: 13426
[5034,6712) finished...
[1678,3356) finished...
[0,1678) finished...
[11746,13426) finished...
[3356,5034) finished...
[8390,10068) finished...
[6712,8390) finished...
[10068,11746) finished...
Nearest neighbor graph construction finished!
Random walk starts:
Iteration 1, converge to 0.203 with accuracy 0.7867...
Iteration 2, converge to 0.014 with accuracy 0.7868...
Iteration 3, converge to 0.002 with accuracy 0.7871...
Iteration 4, converge to 0.000 with accuracy 0.7871...
Iteration 5, converge to 0.000 with accuracy 0.7871...

Query	Docs	P@5	P@10	P@20
Pos	U	0.795	0.791	0.787
Pos	L	0.723	0.717	0.709
Neg	U	0.622	0.617	0.610
Neg	L	0.610	0.609	0.603

Gaussian Fields by random walk [C:SVM[C:2, F:8055, T:L2R_L1LOSS_SVC_DUAL, c:1.000], k:20, k':20, r:1.000, alpha:1.000, beta:1.000, eta:0.700]-[RankSVM] Train/Test finished in 305.87 seconds with accuracy 0.7871 and F1 (0:0.753 1:0.813)...
.*.
optimization finished, #iter = 20
Objective value = -1160.62
nSV = 2352
Creating cache for labeled documents...
Generate 411606(1342:1510) ranking pairs for L2R model training...
....................................................................................................
optimization finished, #iter = 1000

WARNING: reaching max number of iterations
Using -s 2 may be faster (also see FAQ)

Objective value = -352210
nSV = 354254
-0.10034 -3.19061 -0.13032 0.00606 3.66692 -17.62170 0.26655 -0.12162 0.22024 0.05934 0.00000 
Construct nearest neighbor graph nodes in parallel: L: 3312, U: 13464
Construct nearest neighbor graph edges in parallel: L: 3312, U: 13464
[5049,6732) finished...
[1683,3366) finished...
[0,1683) finished...
[6732,8415) finished...
[11781,13464) finished...
[3366,5049) finished...
[8415,10098) finished...
[10098,11781) finished...
Nearest neighbor graph construction finished!
Random walk starts:
Iteration 1, converge to 0.201 with accuracy 0.7888...
Iteration 2, converge to 0.013 with accuracy 0.7891...
Iteration 3, converge to 0.001 with accuracy 0.7888...
Iteration 4, converge to 0.000 with accuracy 0.7889...
Iteration 5, converge to 0.000 with accuracy 0.7889...

Query	Docs	P@5	P@10	P@20
Pos	U	0.813	0.807	0.802
Pos	L	0.729	0.721	0.713
Neg	U	0.608	0.604	0.597
Neg	L	0.620	0.614	0.606

Gaussian Fields by random walk [C:SVM[C:2, F:8055, T:L2R_L1LOSS_SVC_DUAL, c:1.000], k:20, k':20, r:1.000, alpha:1.000, beta:1.000, eta:0.700]-[RankSVM] Train/Test finished in 310.00 seconds with accuracy 0.7889 and F1 (0:0.752 1:0.816)...
.*
optimization finished, #iter = 18
Objective value = -1207.79
nSV = 2346
Creating cache for labeled documents...
Generate 405732(1324:1501) ranking pairs for L2R model training...
....................................................................................................
optimization finished, #iter = 1000

WARNING: reaching max number of iterations
Using -s 2 may be faster (also see FAQ)

Objective value = -347252
nSV = 349520
-0.07028 -3.36868 -0.11159 0.00744 3.26082 -17.22785 0.26127 -0.15744 -0.04224 0.08380 0.00000 
Construct nearest neighbor graph nodes in parallel: L: 3300, U: 13476
Construct nearest neighbor graph edges in parallel: L: 3300, U: 13476
[5052,6736) finished...
[1684,3368) finished...
[0,1684) finished...
[3368,5052) finished...
[11788,13476) finished...
[8420,10104) finished...
[6736,8420) finished...
[10104,11788) finished...
Nearest neighbor graph construction finished!
Random walk starts:
Iteration 1, converge to 0.202 with accuracy 0.7913...
Iteration 2, converge to 0.014 with accuracy 0.7901...
Iteration 3, converge to 0.002 with accuracy 0.7907...
Iteration 4, converge to 0.000 with accuracy 0.7907...
Iteration 5, converge to 0.000 with accuracy 0.7907...

Query	Docs	P@5	P@10	P@20
Pos	U	0.819	0.814	0.809
Pos	L	0.726	0.720	0.709
Neg	U	0.600	0.597	0.591
Neg	L	0.621	0.615	0.605

Gaussian Fields by random walk [C:SVM[C:2, F:8055, T:L2R_L1LOSS_SVC_DUAL, c:1.000], k:20, k':20, r:1.000, alpha:1.000, beta:1.000, eta:0.700]-[RankSVM] Train/Test finished in 280.51 seconds with accuracy 0.7907 and F1 (0:0.753 1:0.818)...
.*.
optimization finished, #iter = 20
Objective value = -1201.44
nSV = 2395
Creating cache for labeled documents...
Generate 411926(1338:1522) ranking pairs for L2R model training...
....................................................................................................
optimization finished, #iter = 1000

WARNING: reaching max number of iterations
Using -s 2 may be faster (also see FAQ)

Objective value = -351637
nSV = 353852
0.41002 -3.27915 -0.12318 -0.00480 2.94816 -20.76141 0.11262 -0.10952 0.10931 0.08693 0.00000 
Construct nearest neighbor graph nodes in parallel: L: 3302, U: 13474
Construct nearest neighbor graph edges in parallel: L: 3302, U: 13474
[5052,6736) finished...
[1684,3368) finished...
[3368,5052) finished...
[11788,13474) finished...
[8420,10104) finished...
[6736,8420) finished...
[0,1684) finished...
[10104,11788) finished...
Nearest neighbor graph construction finished!
Random walk starts:
Iteration 1, converge to 0.205 with accuracy 0.7926...
Iteration 2, converge to 0.014 with accuracy 0.7925...
Iteration 3, converge to 0.002 with accuracy 0.7923...
Iteration 4, converge to 0.000 with accuracy 0.7923...
Iteration 5, converge to 0.000 with accuracy 0.7923...

Query	Docs	P@5	P@10	P@20
Pos	U	0.805	0.801	0.794
Pos	L	0.707	0.701	0.696
Neg	U	0.620	0.614	0.607
Neg	L	0.635	0.628	0.618

Gaussian Fields by random walk [C:SVM[C:2, F:8055, T:L2R_L1LOSS_SVC_DUAL, c:1.000], k:20, k':20, r:1.000, alpha:1.000, beta:1.000, eta:0.700]-[RankSVM] Train/Test finished in 257.98 seconds with accuracy 0.7923 and F1 (0:0.758 1:0.818)...
.*
optimization finished, #iter = 18
Objective value = -1226.02
nSV = 2444
Creating cache for labeled documents...
Generate 420002(1372:1547) ranking pairs for L2R model training...
....................................................................................................
optimization finished, #iter = 1000

WARNING: reaching max number of iterations
Using -s 2 may be faster (also see FAQ)

Objective value = -359564
nSV = 361718
0.75190 -3.05213 -0.12159 -0.00450 3.01052 -19.38202 0.26971 -0.14108 0.17935 0.08207 0.00000 
Construct nearest neighbor graph nodes in parallel: L: 3412, U: 13364
Construct nearest neighbor graph edges in parallel: L: 3412, U: 13364
[5010,6680) finished...
[1670,3340) finished...
[0,1670) finished...
[3340,5010) finished...
[11690,13364) finished...
[6680,8350) finished...
[8350,10020) finished...
[10020,11690) finished...
Nearest neighbor graph construction finished!
Random walk starts:
Iteration 1, converge to 0.201 with accuracy 0.7910...
Iteration 2, converge to 0.015 with accuracy 0.7920...
Iteration 3, converge to 0.002 with accuracy 0.7920...
Iteration 4, converge to 0.000 with accuracy 0.7920...
Iteration 5, converge to 0.000 with accuracy 0.7920...

Query	Docs	P@5	P@10	P@20
Pos	U	0.828	0.825	0.820
Pos	L	0.726	0.721	0.714
Neg	U	0.591	0.585	0.581
Neg	L	0.619	0.608	0.598

Gaussian Fields by random walk [C:SVM[C:2, F:8055, T:L2R_L1LOSS_SVC_DUAL, c:1.000], k:20, k':20, r:1.000, alpha:1.000, beta:1.000, eta:0.700]-[RankSVM] Train/Test finished in 272.01 seconds with accuracy 0.7920 and F1 (0:0.752 1:0.821)...
.*
optimization finished, #iter = 19
Objective value = -1229.95
nSV = 2431
Creating cache for labeled documents...
Generate 424060(1373:1560) ranking pairs for L2R model training...
....................................................................................................
optimization finished, #iter = 1000

WARNING: reaching max number of iterations
Using -s 2 may be faster (also see FAQ)

Objective value = -361846
nSV = 363770
1.23719 -3.00853 -0.15229 0.00188 2.10935 -19.51356 0.25112 -0.05542 0.19212 0.05552 0.00000 
Construct nearest neighbor graph nodes in parallel: L: 3433, U: 13343
Construct nearest neighbor graph edges in parallel: L: 3433, U: 13343
[5001,6668) finished...
[0,1667) finished...
[3334,5001) finished...
[1667,3334) finished...
[6668,8335) finished...
[11669,13343) finished...
[8335,10002) finished...
[10002,11669) finished...
Nearest neighbor graph construction finished!
Random walk starts:
Iteration 1, converge to 0.201 with accuracy 0.7901...
Iteration 2, converge to 0.015 with accuracy 0.7894...
Iteration 3, converge to 0.002 with accuracy 0.7899...
Iteration 4, converge to 0.000 with accuracy 0.7899...
Iteration 5, converge to 0.000 with accuracy 0.7899...

Query	Docs	P@5	P@10	P@20
Pos	U	0.814	0.810	0.804
Pos	L	0.724	0.717	0.710
Neg	U	0.604	0.596	0.592
Neg	L	0.621	0.613	0.603

Gaussian Fields by random walk [C:SVM[C:2, F:8055, T:L2R_L1LOSS_SVC_DUAL, c:1.000], k:20, k':20, r:1.000, alpha:1.000, beta:1.000, eta:0.700]-[RankSVM] Train/Test finished in 295.47 seconds with accuracy 0.7899 and F1 (0:0.752 1:0.818)...
.*
optimization finished, #iter = 19
Objective value = -1196.95
nSV = 2407
Creating cache for labeled documents...
Generate 418498(1343:1560) ranking pairs for L2R model training...
....................................................................................................
optimization finished, #iter = 1000

WARNING: reaching max number of iterations
Using -s 2 may be faster (also see FAQ)

Objective value = -359622
nSV = 361850
1.13604 -2.95938 -0.10866 0.00071 2.46422 -19.19740 0.24644 -0.11118 0.49425 0.09353 0.00000 
Construct nearest neighbor graph nodes in parallel: L: 3368, U: 13408
Construct nearest neighbor graph edges in parallel: L: 3368, U: 13408
allel: L: 3408, U: 13368
[5013,6684) finished...
[1671,3342) finished...
[0,1671) finished...
[3342,5013) finished...
[8355,10026) finished...
[6684,8355) finished...
[11697,13368) finished...
[10026,11697) finished...
Nearest neighbor graph construction finished!
Random walk starts:
Iteration 1, converge to 0.194 with accuracy 0.7899...
Iteration 2, converge to 0.013 with accuracy 0.7898...
Iteration 3, converge to 0.001 with accuracy 0.7894...
Iteration 4, converge to 0.000 with accuracy 0.7894...
Iteration 5, converge to 0.000 with accuracy 0.7894...

Query	Docs	P@5	P@10	P@20
Pos	U	0.819	0.815	0.810
Pos	L	0.740	0.736	0.731
Neg	U	0.601	0.595	0.589
Neg	L	0.618	0.610	0.601

Gaussian Fields by random walk [C:SVM[C:2, F:8055, T:L2R_L1LOSS_SVC_DUAL, c:1.000], k:20, k':20, r:1.000, alpha:1.000, beta:1.000, eta:0.700]-[RankSVM] Train/Test finished in 301.60 seconds with accuracy 0.7894 and F1 (0:0.752 1:0.817)...
*************************************************
The final result of Gaussian Fields by random walk [C:SVM[C:2, F:8055, T:L2R_L1LOSS_SVC_DUAL, c:1.000], k:20, k':20, r:1.000, alpha:1.000, beta:1.000, eta:0.700]-[RankSVM] is as follows:
The total number of classes is 2
Class 0:	precision(0.809+/-0.007)	recall(0.709+/-0.007)
Class 1:	precision(0.779+/-0.003)	recall(0.859+/-0.007)
	0	1	P
0	43446	10281	0.8086
1	17810	62671	0.7787
R	0.7093	0.8591	0.7907
F1	0.7557	0.8169
