
--------------------------------------------------------------------------------------
Parameters of learning procedure:
#Class: 5	Ngram: 2	Feature value: TF	Normalization: 2
Doc length cut: 10	Window length: 0
Learning paradigm: SEMI	Sampling rate: 0.25	kUL: 100	kUU: 50
alpha: 1.05	beta: 1.01
Solver: Random Walk	Base Classifer: SVM	Weighted Sum: true	Similarity Weight: false
Classifier: SVM	Instance weighting: NONE	Trade-off Parameter: 1.0	Cross validation: 10
Data directory: ./data/amazon/small/dedup/RawData
--------------------------------------------------------------------------------------
Creating feature vectors, wait...
8055 feature words loaded from ./data/Features/fv_2gram_tablets_86jsons.txt...
Keywords for <screen>: 52
Keywords for <app>: 55
Keywords for <price>: 63
Keywords for <battery>: 60
Keywords for <sound>: 23
Keywords for <camera>: 47
Keywords for <cpu>: 46
Keywords for <microsd>: 44
Keywords for <internet>: 46
Keywords for <keyboard>: 26
Keywords for <usb>: 35
Keywords for <servic>: 49
Loading 614 stopwords from ./data/Model/stopwords.dat
DTLoading 16776 reviews from ./data/amazon/small/dedup/RawData
No normalizaiton is adopted here or wrong parameters!!
Text feature generated for 16776 documents...
2082 1104 1325 3146 9119 , Total: 16776
Info File Path: ./data/result/Topics_30Information.txt
Prior keywords for Topic 0 (<screen>): 52/52
Prior keywords for Topic 1 (<app>): 55/55
Prior keywords for Topic 2 (<price>): 63/63
Prior keywords for Topic 3 (<battery>): 60/60
Prior keywords for Topic 4 (<sound>): 23/23
Prior keywords for Topic 5 (<camera>): 47/47
Prior keywords for Topic 6 (<cpu>): 46/46
Prior keywords for Topic 7 (<microsd>): 44/44
Prior keywords for Topic 8 (<internet>): 46/46
Prior keywords for Topic 9 (<keyboard>): 26/26
Prior keywords for Topic 10 (<usb>): 35/35
Prior keywords for Topic 11 (<servic>): 49/50
..........Likelihood 16776.000 after step 100 converge to 0.000000 after 13 seconds...
Text feature generated for 16776 documents...
2082 1104 1325 3146 9119 , Total: 16776
Start Transductive Learning, wait...
..*
optimization finished, #iter = 21
Objective value = -1205.38
nSV = 2412
Creating cache for labeled documents...
Generate 2216(0:1108) ranking pairs for L2R model training...
[Info]LambdaRank configuration:
	Optimization Type OT_MAP, Lambda 1.200, Shrinkage 0.980, WindowSize 20
	Initial step size 1.0, Steps 100, Iteration 10
Iter	Misorder	LogLilikelihood	Perf
0	893	-2999.79	0.7715
1	892	-2999.36	0.7716
2	895	-2998.83	0.7710
3	894	-2998.75	0.7715
4	894	-2998.75	0.7715
5	894	-2998.75	0.7715
6	894	-2998.75	0.7715
[Info]Training procedure takes 0.44 seconds to finish...
0.02310 -0.05026 -0.02620 -0.08160 0.00668 -0.00080 0.00923 0.10095 0.00251 0.12790 -0.00000 
Construct nearest neighbor graph nodes in parallel: L: 3325, U: 13451
Construct nearest neighbor graph edges in parallel: L: 3325, U: 13451
[5043,6724) finished...
[1681,3362) finished...
[0,1681) finished...
[3362,5043) finished...
[11767,13451) finished...
[6724,8405) finished...
[8405,10086) finished...
[10086,11767) finished...
Nearest neighbor graph construction finished!
Random walk starts:
Iteration 1, converge to 0.044 with accuracy 0.7872...
Iteration 2, converge to 0.000 with accuracy 0.7872...
Iteration 3, converge to 0.000 with accuracy 0.7872...

Query	Docs	P@5	P@10	P@20
Pos	U	0.997	0.972	0.857
Pos	L	0.834	0.633	0.541
Neg	U	0.002	0.036	0.202
Neg	L	0.203	0.414	0.514

Gaussian Fields by random walk [C:SVM[C:2, F:8055, T:L2R_L1LOSS_SVC_DUAL, c:1.000], k:20, k':20, r:1.000, alpha:1.000, beta:1.000, eta:0.100]-[LambdaRank@MAP] Train/Test finished in 126.45 seconds with accuracy 0.7872 and F1 (0:0.757 1:0.811)...
.*.
optimization finished, #iter = 20
Objective value = -1171.15
nSV = 2379
Creating cache for labeled documents...
Generate 2304(0:1152) ranking pairs for L2R model training...
[Info]LambdaRank configuration:
	Optimization Type OT_MAP, Lambda 1.200, Shrinkage 0.980, WindowSize 20
	Initial step size 1.0, Steps 100, Iteration 10
Iter	Misorder	LogLilikelihood	Perf
0	861	-3107.40	0.7813
1	860	-3107.88	0.7813
2	868	-3108.13	0.7789
3	869	-3108.26	0.7787
4	871	-3108.32	0.7779
5	871	-3108.33	0.7779
6	871	-3108.33	0.7779
7	871	-3108.33	0.7779
8	871	-3108.33	0.7779
9	871	-3108.33	0.7779
[Info]Training procedure takes 0.32 seconds to finish...
0.04722 -0.10149 0.07814 0.02137 0.01796 -0.00133 -0.01118 0.19448 -0.00311 0.15456 0.00000 
Construct nearest neighbor graph nodes in parallel: L: 3363, U: 13413
Construct nearest neighbor graph edges in parallel: L: 3363, U: 13413
[5028,6704) finished...
[1676,3352) finished...
[3352,5028) finished...
[0,1676) finished...
[11732,13413) finished...
[6704,8380) finished...
[8380,10056) finished...
[10056,11732) finished...
Nearest neighbor graph construction finished!
Random walk starts:
Iteration 1, converge to 0.051 with accuracy 0.7834...
Iteration 2, converge to 0.001 with accuracy 0.7834...
Iteration 3, converge to 0.000 with accuracy 0.7834...

Query	Docs	P@5	P@10	P@20
Pos	U	0.280	0.287	0.327
Pos	L	0.745	0.625	0.572
Neg	U	0.683	0.684	0.663
Neg	L	0.243	0.376	0.436

Gaussian Fields by random walk [C:SVM[C:2, F:8055, T:L2R_L1LOSS_SVC_DUAL, c:1.000], k:20, k':20, r:1.000, alpha:1.000, beta:1.000, eta:0.100]-[LambdaRank@MAP] Train/Test finished in 124.89 seconds with accuracy 0.7834 and F1 (0:0.754 1:0.806)...
.*
optimization finished, #iter = 19
Objective value = -1165.89
nSV = 2340
Creating cache for labeled documents...
Generate 2268(0:1134) ranking pairs for L2R model training...
[Info]LambdaRank configuration:
	Optimization Type OT_MAP, Lambda 1.200, Shrinkage 0.980, WindowSize 20
	Initial step size 1.0, Steps 100, Iteration 10
Iter	Misorder	LogLilikelihood	Perf
0	812	-3035.05	0.7942
1	815	-3033.13	0.7944
2	814	-3032.17	0.7948
3	815	-3030.59	0.7948
4	814	-3030.45	0.7949
5	814	-3030.43	0.7949
[Info]Training procedure takes 0.16 seconds to finish...
0.05160 -0.10750 0.07133 0.03064 0.02157 -0.00076 0.01983 0.21094 0.00312 0.20370 0.00000 
Construct nearest neighbor graph nodes in parallel: L: 3417, U: 13359
Construct nearest neighbor graph edges in parallel: L: 3417, U: 13359
[5007,6676) finished...
[1669,3338) finished...
[3338,5007) finished...
[11683,13359) finished...
[0,1669) finished...
[6676,8345) finished...
[8345,10014) finished...
[10014,11683) finished...
Nearest neighbor graph construction finished!
Random walk starts:
Iteration 1, converge to 0.052 with accuracy 0.7822...
Iteration 2, converge to 0.000 with accuracy 0.7822...
Iteration 3, converge to 0.000 with accuracy 0.7822...

Query	Docs	P@5	P@10	P@20
Pos	U	0.420	0.314	0.281
Pos	L	0.461	0.391	0.395
Neg	U	0.572	0.681	0.716
Neg	L	0.491	0.597	0.611

Gaussian Fields by random walk [C:SVM[C:2, F:8055, T:L2R_L1LOSS_SVC_DUAL, c:1.000], k:20, k':20, r:1.000, alpha:1.000, beta:1.000, eta:0.100]-[LambdaRank@MAP] Train/Test finished in 125.45 seconds with accuracy 0.7822 and F1 (0:0.753 1:0.805)...
.*
optimization finished, #iter = 19
Objective value = -1196.29
nSV = 2393
Creating cache for labeled documents...
Generate 2214(0:1107) ranking pairs for L2R model training...
[Info]LambdaRank configuration:
	Optimization Type OT_MAP, Lambda 1.200, Shrinkage 0.980, WindowSize 20
	Initial step size 1.0, Steps 100, Iteration 10
Iter	Misorder	LogLilikelihood	Perf
0	866	-2992.83	0.7768
1	864	-2992.90	0.7784
2	868	-2993.54	0.7764
3	867	-2993.56	0.7766
4	867	-2993.57	0.7766
5	867	-2993.57	0.7766
6	867	-2993.57	0.7766
[Info]Training procedure takes 0.16 seconds to finish...
0.03305 -0.06669 0.03712 0.04324 0.01253 -0.00024 0.01855 0.12906 0.02263 0.21353 0.00000 
Construct nearest neighbor graph nodes in parallel: L: 3432, U: 13344
Construct nearest neighbor graph edges in parallel: L: 3432, U: 13344
[5004,6672) finished...
[1668,3336) finished...
[0,1668) finished...
[11676,13344) finished...
[6672,8340) finished...
[3336,5004) finished...
[8340,10008) finished...
[10008,11676) finished...
Nearest neighbor graph construction finished!
Random walk starts:
Iteration 1, converge to 0.052 with accuracy 0.7890...
Iteration 2, converge to 0.000 with accuracy 0.7890...
Iteration 3, converge to 0.000 with accuracy 0.7890...

Query	Docs	P@5	P@10	P@20
Pos	U	0.426	0.361	0.307
Pos	L	0.302	0.364	0.394
Neg	U	0.563	0.621	0.678
Neg	L	0.664	0.627	0.602

Gaussian Fields by random walk [C:SVM[C:2, F:8055, T:L2R_L1LOSS_SVC_DUAL, c:1.000], k:20, k':20, r:1.000, alpha:1.000, beta:1.000, eta:0.100]-[LambdaRank@MAP] Train/Test finished in 126.10 seconds with accuracy 0.7890 and F1 (0:0.756 1:0.814)...
......*
optimization finished, #iter = 67
Objective value = -1182.62
nSV = 2356
Creating cache for labeled documents...
Generate 2262(0:1131) ranking pairs for L2R model training...
[Info]LambdaRank configuration:
	Optimization Type OT_MAP, Lambda 1.200, Shrinkage 0.980, WindowSize 20
	Initial step size 1.0, Steps 100, Iteration 10
Iter	Misorder	LogLilikelihood	Perf
0	868	-3050.39	0.7778
1	877	-3058.33	0.7769
2	875	-3057.02	0.7772
3	877	-3055.69	0.7762
4	877	-3055.68	0.7762
5	877	-3055.67	0.7762
6	877	-3055.67	0.7762
7	877	-3055.67	0.7762
8	877	-3055.67	0.7762
[Info]Training procedure takes 0.20 seconds to finish...
0.03151 -0.06530 0.02044 0.06290 0.01568 -0.00082 0.01678 0.15139 0.01055 0.19110 0.00000 
Construct nearest neighbor graph nodes in parallel: L: 3348, U: 13428
Construct nearest neighbor graph edges in parallel: L: 3348, U: 13428
[5034,6712) finished...
[1678,3356) finished...
[0,1678) finished...
[3356,5034) finished...
[11746,13428) finished...
[8390,10068) finished...
[6712,8390) finished...
[10068,11746) finished...
Nearest neighbor graph construction finished!
Random walk starts:
Iteration 1, converge to 0.053 with accuracy 0.7904...
Iteration 2, converge to 0.001 with accuracy 0.7904...
Iteration 3, converge to 0.000 with accuracy 0.7904...

Query	Docs	P@5	P@10	P@20
Pos	U	0.236	0.253	0.264
Pos	L	0.412	0.447	0.492
Neg	U	0.750	0.725	0.715
Neg	L	0.572	0.549	0.509

Gaussian Fields by random walk [C:SVM[C:2, F:8055, T:L2R_L1LOSS_SVC_DUAL, c:1.000], k:20, k':20, r:1.000, alpha:1.000, beta:1.000, eta:0.100]-[LambdaRank@MAP] Train/Test finished in 125.02 seconds with accuracy 0.7904 and F1 (0:0.759 1:0.815)...
.*
optimization finished, #iter = 19
Objective value = -1156.79
nSV = 2310
Creating cache for labeled documents...
Generate 2256(0:1128) ranking pairs for L2R model training...
[Info]LambdaRank configuration:
	Optimization Type OT_MAP, Lambda 1.200, Shrinkage 0.980, WindowSize 20
	Initial step size 1.0, Steps 100, Iteration 10
Iter	Misorder	LogLilikelihood	Perf
0	849	-3025.79	0.7857
1	847	-3022.61	0.7855
2	851	-3023.33	0.7844
3	849	-3023.73	0.7845
4	850	-3023.71	0.7844
5	850	-3023.71	0.7844
6	850	-3023.71	0.7844
7	850	-3023.71	0.7844
8	850	-3023.71	0.7844
9	850	-3023.71	0.7844
[Info]Training procedure takes 0.24 seconds to finish...
0.04898 -0.10967 0.09784 -0.02358 0.02281 -0.00160 0.02526 0.23672 0.02372 0.14649 -0.00000 
Construct nearest neighbor graph nodes in parallel: L: 3294, U: 13482
Construct nearest neighbor graph edges in parallel: L: 3294, U: 13482
[5055,6740) finished...
[1685,3370) finished...
[0,1685) finished...
[3370,5055) finished...
[11795,13482) finished...
[8425,10110) finished...
[6740,8425) finished...
[10110,11795) finished...
Nearest neighbor graph construction finished!
Random walk starts:
Iteration 1, converge to 0.041 with accuracy 0.7900...
Iteration 2, converge to 0.000 with accuracy 0.7900...
Iteration 3, converge to 0.000 with accuracy 0.7900...

Query	Docs	P@5	P@10	P@20
Pos	U	0.667	0.637	0.631
Pos	L	0.546	0.548	0.555
Neg	U	0.502	0.520	0.531
Neg	L	0.585	0.587	0.579

Gaussian Fields by random walk [C:SVM[C:2, F:8055, T:L2R_L1LOSS_SVC_DUAL, c:1.000], k:20, k':20, r:1.000, alpha:1.000, beta:1.000, eta:0.100]-[LambdaRank@MAP] Train/Test finished in 125.71 seconds with accuracy 0.7900 and F1 (0:0.759 1:0.814)...
.*.
optimization finished, #iter = 20
Objective value = -1185.15
nSV = 2360
Creating cache for labeled documents...
Generate 2376(0:1188) ranking pairs for L2R model training...
[Info]LambdaRank configuration:
	Optimization Type OT_MAP, Lambda 1.200, Shrinkage 0.980, WindowSize 20
	Initial step size 1.0, Steps 100, Iteration 10
Iter	Misorder	LogLilikelihood	Perf
0	913	-3212.63	0.7803
1	909	-3212.88	0.7816
2	911	-3212.49	0.7810
3	913	-3212.29	0.7802
4	916	-3212.20	0.7793
5	916	-3212.19	0.7793
6	916	-3212.19	0.7793
7	916	-3212.19	0.7793
8	916	-3212.19	0.7793
9	916	-3212.19	0.7793
[Info]Training procedure takes 0.25 seconds to finish...
0.05925 -0.13467 0.05690 -0.01009 0.02577 -0.00079 0.04767 0.18620 0.03787 0.13208 0.00000 
Construct nearest neighbor graph nodes in parallel: L: 3338, U: 13438
Construct nearest neighbor graph edges in parallel: L: 3338, U: 13438
[5037,6716) finished...
[1679,3358) finished...
[0,1679) finished...
[3358,5037) finished...
[11753,13438) finished...
[6716,8395) finished...
[8395,10074) finished...
[10074,11753) finished...
Nearest neighbor graph construction finished!
Random walk starts:
Iteration 1, converge to 0.040 with accuracy 0.7900...
Iteration 2, converge to 0.000 with accuracy 0.7900...
Iteration 3, converge to 0.000 with accuracy 0.7900...

Query	Docs	P@5	P@10	P@20
Pos	U	0.834	0.777	0.707
Pos	L	0.599	0.576	0.559
Neg	U	0.284	0.366	0.452
Neg	L	0.572	0.585	0.593

Gaussian Fields by random walk [C:SVM[C:2, F:8055, T:L2R_L1LOSS_SVC_DUAL, c:1.000], k:20, k':20, r:1.000, alpha:1.000, beta:1.000, eta:0.100]-[LambdaRank@MAP] Train/Test finished in 126.62 seconds with accuracy 0.7900 and F1 (0:0.761 1:0.813)...
.*
optimization finished, #iter = 19
Objective value = -1186.28
nSV = 2355
Creating cache for labeled documents...
Generate 2278(0:1139) ranking pairs for L2R model training...
[Info]LambdaRank configuration:
	Optimization Type OT_MAP, Lambda 1.200, Shrinkage 0.980, WindowSize 20
	Initial step size 1.0, Steps 100, Iteration 10
Iter	Misorder	LogLilikelihood	Perf
0	854	-3056.45	0.7757
1	849	-3055.22	0.7771
2	851	-3055.33	0.7765
3	864	-3056.62	0.7736
4	863	-3056.77	0.7740
5	863	-3056.78	0.7740
6	863	-3056.79	0.7740
7	863	-3056.79	0.7740
8	863	-3056.79	0.7740
[Info]Training procedure takes 0.21 seconds to finish...
0.05834 -0.10460 0.07269 0.03513 0.02749 -0.00032 0.04274 0.19141 0.00468 0.18110 -0.00000 
Construct nearest neighbor graph nodes in parallel: L: 3311, U: 13465
Construct nearest neighbor graph edges in parallel: L: 3311, U: 13465
[5049,6732) finished...
[1683,3366) finished...
[3366,5049) finished...
[0,1683) finished...
[11781,13465) finished...
[6732,8415) finished...
[8415,10098) finished...
[10098,11781) finished...
Nearest neighbor graph construction finished!
Random walk starts:
Iteration 1, converge to 0.048 with accuracy 0.7868...
Iteration 2, converge to 0.000 with accuracy 0.7868...
Iteration 3, converge to 0.000 with accuracy 0.7868...

Query	Docs	P@5	P@10	P@20
Pos	U	0.916	0.689	0.575
Pos	L	0.844	0.609	0.454
Neg	U	0.100	0.305	0.416
Neg	L	0.173	0.400	0.550

Gaussian Fields by random walk [C:SVM[C:2, F:8055, T:L2R_L1LOSS_SVC_DUAL, c:1.000], k:20, k':20, r:1.000, alpha:1.000, beta:1.000, eta:0.100]-[LambdaRank@MAP] Train/Test finished in 123.19 seconds with accuracy 0.7868 and F1 (0:0.753 1:0.812)...
.*
optimization finished, #iter = 18
Objective value = -1213.98
nSV = 2408
Creating cache for labeled documents...
Generate 2316(0:1158) ranking pairs for L2R model training...
[Info]LambdaRank configuration:
	Optimization Type OT_MAP, Lambda 1.200, Shrinkage 0.980, WindowSize 20
	Initial step size 1.0, Steps 100, Iteration 10
Iter	Misorder	LogLilikelihood	Perf
0	899	-3135.13	0.7714
1	899	-3139.04	0.7689
2	898	-3136.20	0.7701
3	897	-3136.66	0.7695
4	897	-3136.57	0.7698
5	897	-3136.55	0.7698
6	897	-3136.55	0.7698
7	897	-3136.55	0.7698
8	897	-3136.55	0.7698
[Info]Training procedure takes 0.22 seconds to finish...
0.03685 -0.07044 0.04968 0.03521 0.01539 -0.00014 -0.00130 0.15614 -0.01164 0.18082 -0.00000 
Construct nearest neighbor graph nodes in parallel: L: 3348, U: 13428
Construct nearest neighbor graph edges in parallel: L: 3348, U: 13428
[1678,3356) finished...
[5034,6712) finished...
[0,1678) finished...
[3356,5034) finished...
[11746,13428) finished...
[8390,10068) finished...
[6712,8390) finished...
[10068,11746) finished...
Nearest neighbor graph construction finished!
Random walk starts:
Iteration 1, converge to 0.050 with accuracy 0.7803...
Iteration 2, converge to 0.001 with accuracy 0.7803...
Iteration 3, converge to 0.000 with accuracy 0.7803...

Query	Docs	P@5	P@10	P@20
Pos	U	0.546	0.357	0.377
Pos	L	0.407	0.463	0.406
Neg	U	0.481	0.666	0.651
Neg	L	0.610	0.559	0.597

Gaussian Fields by random walk [C:SVM[C:2, F:8055, T:L2R_L1LOSS_SVC_DUAL, c:1.000], k:20, k':20, r:1.000, alpha:1.000, beta:1.000, eta:0.100]-[LambdaRank@MAP] Train/Test finished in 125.66 seconds with accuracy 0.7803 and F1 (0:0.750 1:0.804)...
.*
optimization finished, #iter = 18
Objective value = -1257.01
nSV = 2469
Creating cache for labeled documents...
Generate 2264(0:1132) ranking pairs for L2R model training...
[Info]LambdaRank configuration:
	Optimization Type OT_MAP, Lambda 1.200, Shrinkage 0.980, WindowSize 20
	Initial step size 1.0, Steps 100, Iteration 10
Iter	Misorder	LogLilikelihood	Perf
0	911	-3089.65	0.7759
1	912	-3090.19	0.7763
2	914	-3088.96	0.7758
3	912	-3088.68	0.7763
4	910	-3088.64	0.7766
5	910	-3088.63	0.7766
6	910	-3088.63	0.7766
[Info]Training procedure takes 0.18 seconds to finish...
0.01391 -0.03091 0.00542 -0.06106 0.00115 0.00003 -0.01465 0.01792 -0.00240 0.18148 0.00000 
Construct nearest neighbor graph nodes in parallel: L: 3376, U: 13400
Construct nearest neighbor graph edges in parallel: L: 3376, U: 13400
[5025,6700) finished...
[1675,3350) finished...
[3350,5025) finished...
[0,1675) finished...
[6700,8375) finished...
[11725,13400) finished...
[8375,10050) finished...
[10050,11725) finished...
Nearest neighbor graph construction finished!
Random walk starts:
Iteration 1, converge to 0.054 with accuracy 0.7918...
Iteration 2, converge to 0.000 with accuracy 0.7918...
Iteration 3, converge to 0.000 with accuracy 0.7918...

Query	Docs	P@5	P@10	P@20
Pos	U	0.000	0.000	0.000
Pos	L	0.403	0.326	0.385
Neg	U	1.000	1.000	1.000
Neg	L	0.599	0.700	0.652

Gaussian Fields by random walk [C:SVM[C:2, F:8055, T:L2R_L1LOSS_SVC_DUAL, c:1.000], k:20, k':20, r:1.000, alpha:1.000, beta:1.000, eta:0.100]-[LambdaRank@MAP] Train/Test finished in 123.94 seconds with accuracy 0.7918 and F1 (0:0.762 1:0.815)...
*************************************************
The final result of Gaussian Fields by random walk [C:SVM[C:2, F:8055, T:L2R_L1LOSS_SVC_DUAL, c:1.000], k:20, k':20, r:1.000, alpha:1.000, beta:1.000, eta:0.100]-[LambdaRank@MAP] is as follows:
The total number of classes is 2
Class 0:	precision(0.791+/-0.008)	recall(0.725+/-0.007)
Class 1:	precision(0.784+/-0.004)	recall(0.840+/-0.008)
	0	1	P
0	44393	11707	0.7913
1	16863	61245	0.7841
R	0.7247	0.8395	0.7871
F1	0.7566	0.8109

Query	Docs	P@5	P@10	P@20
Pos	U	0.532	0.465	0.433
Pos	L	0.555	0.498	0.475
Neg	U	0.494	0.560	0.602
Neg	L	0.471	0.540	0.564

