
--------------------------------------------------------------------------------------
Parameters of learning procedure:
#Class: 5	Ngram: 2	Feature value: TF	Normalization: 2
Doc length cut: 10	Window length: 0
Learning paradigm: SEMI	Sampling rate: 0.25	kUL: 100	kUU: 50
alpha: 1.05	beta: 1.01
Solver: Random Walk	Base Classifer: SVM	Weighted Sum: true	Similarity Weight: false
Classifier: SVM	Instance weighting: NONE	Trade-off Parameter: 1.0	Cross validation: 10
Data directory: ./data/amazon/small/dedup/RawData
--------------------------------------------------------------------------------------
Creating feature vectors, wait...
8055 feature words loaded from ./data/Features/fv_2gram_tablets_86jsons.txt...
Keywords for <screen>: 52
Keywords for <app>: 55
Keywords for <price>: 63
Keywords for <battery>: 60
Keywords for <sound>: 23
Keywords for <camera>: 47
Keywords for <cpu>: 46
Keywords for <microsd>: 44
Keywords for <internet>: 46
Keywords for <keyboard>: 26
Keywords for <usb>: 35
Keywords for <servic>: 49
Loading 614 stopwords from ./data/Model/stopwords.dat
DTLoading 16776 reviews from ./data/amazon/small/dedup/RawData
No normalizaiton is adopted here or wrong parameters!!
Text feature generated for 16776 documents...
2082 1104 1325 3146 9119 , Total: 16776
Info File Path: ./data/result/Topics_30Information.txt
Prior keywords for Topic 0 (<screen>): 52/52
Prior keywords for Topic 1 (<app>): 55/55
Prior keywords for Topic 2 (<price>): 63/63
Prior keywords for Topic 3 (<battery>): 60/60
Prior keywords for Topic 4 (<sound>): 23/23
Prior keywords for Topic 5 (<camera>): 47/47
Prior keywords for Topic 6 (<cpu>): 46/46
Prior keywords for Topic 7 (<microsd>): 44/44
Prior keywords for Topic 8 (<internet>): 46/46
Prior keywords for Topic 9 (<keyboard>): 26/26
Prior keywords for Topic 10 (<usb>): 35/35
Prior keywords for Topic 11 (<servic>): 49/50
..........Likelihood 16776.000 after step 100 converge to 0.000000 after 12 seconds...
Text feature generated for 16776 documents...
2082 1104 1325 3146 9119 , Total: 16776
Start Transductive Learning, wait...
.*
optimization finished, #iter = 19
Objective value = -1193.79
nSV = 2392
Creating cache for labeled documents...
Generate 2328(0:1164) ranking pairs for L2R model training...
[Info]LambdaRank configuration:
	Optimization Type OT_MAP, Lambda 1.000, Shrinkage 0.980, WindowSize 20
	Initial step size 1.0, Steps 100, Iteration 10
Iter	Misorder	LogLilikelihood	Perf
0	890	-3117.72	0.7879
1	882	-3116.09	0.7892
2	881	-3115.77	0.7896
3	881	-3115.60	0.7896
4	881	-3115.58	0.7896
5	881	-3115.58	0.7896
[Info]Training procedure takes 0.34 seconds to finish...
0.07402 -0.13847 0.12602 -0.03959 0.02977 0.00125 0.03369 0.23056 0.00591 0.14500 0.00000 
Construct nearest neighbor graph nodes in parallel: L: 3414, U: 13362
Construct nearest neighbor graph edges in parallel: L: 3414, U: 13362
[5010,6680) finished...
[1670,3340) finished...
[3340,5010) finished...
[0,1670) finished...
[11690,13362) finished...
[6680,8350) finished...
[8350,10020) finished...
[10020,11690) finished...
Nearest neighbor graph construction finished!
Random walk starts:
Iteration 1, converge to 0.041 with accuracy 0.7857...
Iteration 2, converge to 0.000 with accuracy 0.7857...
Iteration 3, converge to 0.000 with accuracy 0.7857...

Query	Docs	P@5	P@10	P@20
Pos	U	0.570	0.566	0.568
Pos	L	0.544	0.543	0.542
Neg	U	0.619	0.605	0.596
Neg	L	0.614	0.611	0.604

Gaussian Fields by random walk [C:SVM[C:2, F:8055, T:L2R_L1LOSS_SVC_DUAL, c:1.000], k:20, k':20, r:1.000, alpha:1.000, beta:1.000, eta:0.100]-[LambdaRank@MAP] Train/Test finished in 123.31 seconds with accuracy 0.7857 and F1 (0:0.755 1:0.810)...
...*
optimization finished, #iter = 36
Objective value = -1212.32
nSV = 2408
Creating cache for labeled documents...
Generate 2282(0:1141) ranking pairs for L2R model training...
[Info]LambdaRank configuration:
	Optimization Type OT_MAP, Lambda 1.000, Shrinkage 0.980, WindowSize 20
	Initial step size 1.0, Steps 100, Iteration 10
Iter	Misorder	LogLilikelihood	Perf
0	956	-3116.30	0.7663
1	938	-3114.67	0.7713
2	939	-3114.97	0.7713
3	938	-3114.77	0.7703
4	940	-3114.75	0.7702
5	938	-3114.75	0.7707
6	938	-3114.75	0.7707
7	938	-3114.75	0.7707
8	938	-3114.75	0.7707
9	938	-3114.75	0.7707
[Info]Training procedure takes 0.42 seconds to finish...
0.05852 -0.10643 0.03978 0.00109 0.02580 0.00040 0.00994 0.16786 -0.01048 0.11156 0.00000 
Construct nearest neighbor graph nodes in parallel: L: 3393, U: 13383
Construct nearest neighbor graph edges in parallel: L: 3393, U: 13383
[5016,6688) finished...
[1672,3344) finished...
[0,1672) finished...
[3344,5016) finished...
[6688,8360) finished...
[8360,10032) finished...
[11704,13383) finished...
[10032,11704) finished...
Nearest neighbor graph construction finished!
Random walk starts:
Iteration 1, converge to 0.044 with accuracy 0.7875...
Iteration 2, converge to 0.000 with accuracy 0.7875...
Iteration 3, converge to 0.000 with accuracy 0.7875...

Query	Docs	P@5	P@10	P@20
Pos	U	0.524	0.549	0.543
Pos	L	0.588	0.522	0.482
Neg	U	0.538	0.541	0.559
Neg	L	0.520	0.592	0.631

Gaussian Fields by random walk [C:SVM[C:2, F:8055, T:L2R_L1LOSS_SVC_DUAL, c:1.000], k:20, k':20, r:1.000, alpha:1.000, beta:1.000, eta:0.100]-[LambdaRank@MAP] Train/Test finished in 122.54 seconds with accuracy 0.7875 and F1 (0:0.756 1:0.812)...
.*
optimization finished, #iter = 18
Objective value = -1167.03
nSV = 2335
Creating cache for labeled documents...
Generate 2136(0:1068) ranking pairs for L2R model training...
[Info]LambdaRank configuration:
	Optimization Type OT_MAP, Lambda 1.000, Shrinkage 0.980, WindowSize 20
	Initial step size 1.0, Steps 100, Iteration 10
Iter	Misorder	LogLilikelihood	Perf
0	836	-2890.13	0.7781
1	839	-2890.59	0.7772
2	841	-2891.91	0.7750
3	841	-2891.80	0.7750
4	839	-2891.63	0.7759
5	839	-2891.61	0.7759
6	839	-2891.61	0.7759
7	839	-2891.61	0.7759
8	839	-2891.61	0.7759
[Info]Training procedure takes 0.18 seconds to finish...
0.05716 -0.09223 0.00103 0.02529 0.02701 -0.00078 0.02965 0.20393 0.02385 0.18998 0.00000 
Construct nearest neighbor graph nodes in parallel: L: 3267, U: 13509
Construct nearest neighbor graph edges in parallel: L: 3267, U: 13509
[5064,6752) finished...
[1688,3376) finished...
[3376,5064) finished...
[0,1688) finished...
[11816,13509) finished...
[6752,8440) finished...
[8440,10128) finished...
[10128,11816) finished...
Nearest neighbor graph construction finished!
Random walk starts:
Iteration 1, converge to 0.052 with accuracy 0.7861...
Iteration 2, converge to 0.001 with accuracy 0.7861...
Iteration 3, converge to 0.000 with accuracy 0.7861...

Query	Docs	P@5	P@10	P@20
Pos	U	0.295	0.310	0.359
Pos	L	0.695	0.519	0.451
Neg	U	0.662	0.655	0.615
Neg	L	0.327	0.474	0.548

Gaussian Fields by random walk [C:SVM[C:2, F:8055, T:L2R_L1LOSS_SVC_DUAL, c:1.000], k:20, k':20, r:1.000, alpha:1.000, beta:1.000, eta:0.100]-[LambdaRank@MAP] Train/Test finished in 124.94 seconds with accuracy 0.7861 and F1 (0:0.757 1:0.809)...
.*
optimization finished, #iter = 18
Objective value = -1181.33
nSV = 2384
Creating cache for labeled documents...
Generate 2200(0:1100) ranking pairs for L2R model training...
[Info]LambdaRank configuration:
	Optimization Type OT_MAP, Lambda 1.000, Shrinkage 0.980, WindowSize 20
	Initial step size 1.0, Steps 100, Iteration 10
Iter	Misorder	LogLilikelihood	Perf
0	813	-2960.20	0.7830
1	814	-2957.29	0.7828
2	815	-2956.59	0.7820
3	815	-2956.02	0.7820
4	815	-2955.82	0.7821
5	815	-2955.79	0.7821
6	815	-2955.78	0.7821
7	815	-2955.78	0.7821
8	815	-2955.78	0.7821
[Info]Training procedure takes 0.21 seconds to finish...
0.04233 -0.08779 0.04016 0.04335 0.01814 -0.00151 0.03429 0.17134 0.01626 0.24014 0.00000 
Construct nearest neighbor graph nodes in parallel: L: 3281, U: 13495
Construct nearest neighbor graph edges in parallel: L: 3281, U: 13495
[5058,6744) finished...
[1686,3372) finished...
[0,1686) finished...
[3372,5058) finished...
[11802,13495) finished...
[6744,8430) finished...
[8430,10116) finished...
[10116,11802) finished...
Nearest neighbor graph construction finished!
Random walk starts:
Iteration 1, converge to 0.051 with accuracy 0.7856...
Iteration 2, converge to 0.001 with accuracy 0.7856...
Iteration 3, converge to 0.000 with accuracy 0.7856...

Query	Docs	P@5	P@10	P@20
Pos	U	0.418	0.300	0.359
Pos	L	0.602	0.531	0.556
Neg	U	0.573	0.666	0.619
Neg	L	0.403	0.473	0.448

Gaussian Fields by random walk [C:SVM[C:2, F:8055, T:L2R_L1LOSS_SVC_DUAL, c:1.000], k:20, k':20, r:1.000, alpha:1.000, beta:1.000, eta:0.100]-[LambdaRank@MAP] Train/Test finished in 129.18 seconds with accuracy 0.7856 and F1 (0:0.755 1:0.809)...
.*
optimization finished, #iter = 19
Objective value = -1207.84
nSV = 2381
Creating cache for labeled documents...
Generate 2278(0:1139) ranking pairs for L2R model training...
[Info]LambdaRank configuration:
	Optimization Type OT_MAP, Lambda 1.000, Shrinkage 0.980, WindowSize 20
	Initial step size 1.0, Steps 100, Iteration 10
Iter	Misorder	LogLilikelihood	Perf
0	852	-3069.39	0.7874
1	845	-3066.90	0.7897
2	853	-3067.82	0.7875
3	848	-3067.25	0.7888
4	846	-3067.05	0.7892
5	846	-3067.03	0.7892
6	846	-3067.02	0.7892
[Info]Training procedure takes 0.17 seconds to finish...
0.03673 -0.10520 0.11159 0.04195 0.01723 -0.00155 0.01651 0.19327 0.02586 0.18852 0.00000 
Construct nearest neighbor graph nodes in parallel: L: 3338, U: 13438
Construct nearest neighbor graph edges in parallel: L: 3338, U: 13438
[5037,6716) finished...
[1679,3358) finished...
[0,1679) finished...
[3358,5037) finished...
[11753,13438) finished...
[6716,8395) finished...
[8395,10074) finished...
[10074,11753) finished...
Nearest neighbor graph construction finished!
Random walk starts:
Iteration 1, converge to 0.052 with accuracy 0.7866...
Iteration 2, converge to 0.001 with accuracy 0.7866...
Iteration 3, converge to 0.000 with accuracy 0.7866...

Query	Docs	P@5	P@10	P@20
Pos	U	0.239	0.304	0.271
Pos	L	0.418	0.486	0.543
Neg	U	0.740	0.698	0.715
Neg	L	0.584	0.528	0.485

Gaussian Fields by random walk [C:SVM[C:2, F:8055, T:L2R_L1LOSS_SVC_DUAL, c:1.000], k:20, k':20, r:1.000, alpha:1.000, beta:1.000, eta:0.100]-[LambdaRank@MAP] Train/Test finished in 127.38 seconds with accuracy 0.7866 and F1 (0:0.758 1:0.809)...
.*
optimization finished, #iter = 19
Objective value = -1228.45
nSV = 2429
Creating cache for labeled documents...
Generate 2304(0:1152) ranking pairs for L2R model training...
[Info]LambdaRank configuration:
	Optimization Type OT_MAP, Lambda 1.000, Shrinkage 0.980, WindowSize 20
	Initial step size 1.0, Steps 100, Iteration 10
Iter	Misorder	LogLilikelihood	Perf
0	857	-3105.07	0.7836
1	879	-3105.24	0.7792
2	876	-3105.17	0.7799
3	876	-3105.09	0.7798
4	877	-3105.04	0.7799
5	877	-3105.03	0.7799
6	877	-3105.03	0.7799
7	877	-3105.03	0.7799
8	877	-3105.03	0.7799
[Info]Training procedure takes 0.22 seconds to finish...
0.04292 -0.11215 0.06935 -0.04428 0.01728 -0.00131 0.00957 0.20369 0.02992 0.18195 0.00000 
Construct nearest neighbor graph nodes in parallel: L: 3401, U: 13375
Construct nearest neighbor graph edges in parallel: L: 3401, U: 13375
[5013,6684) finished...
[1671,3342) finished...
[3342,5013) finished...
[0,1671) finished...
[11697,13375) finished...
[6684,8355) finished...
[8355,10026) finished...
[10026,11697) finished...
Nearest neighbor graph construction finished!
Random walk starts:
Iteration 1, converge to 0.044 with accuracy 0.7859...
Iteration 2, converge to 0.000 with accuracy 0.7859...
Iteration 3, converge to 0.000 with accuracy 0.7859...

Query	Docs	P@5	P@10	P@20
Pos	U	0.813	0.749	0.675
Pos	L	0.655	0.597	0.547
Neg	U	0.203	0.302	0.410
Neg	L	0.396	0.478	0.545

Gaussian Fields by random walk [C:SVM[C:2, F:8055, T:L2R_L1LOSS_SVC_DUAL, c:1.000], k:20, k':20, r:1.000, alpha:1.000, beta:1.000, eta:0.100]-[LambdaRank@MAP] Train/Test finished in 129.21 seconds with accuracy 0.7859 and F1 (0:0.756 1:0.809)...
.*
optimization finished, #iter = 18
Objective value = -1231.07
nSV = 2428
Creating cache for labeled documents...
Generate 2316(0:1158) ranking pairs for L2R model training...
[Info]LambdaRank configuration:
	Optimization Type OT_MAP, Lambda 1.000, Shrinkage 0.980, WindowSize 20
	Initial step size 1.0, Steps 100, Iteration 10
Iter	Misorder	LogLilikelihood	Perf
0	949	-3122.76	0.7667
1	947	-3124.03	0.7671
2	949	-3122.64	0.7667
3	943	-3120.72	0.7685
4	943	-3120.45	0.7682
5	943	-3120.41	0.7682
6	942	-3120.41	0.7684
7	942	-3120.41	0.7684
8	942	-3120.41	0.7684
[Info]Training procedure takes 0.20 seconds to finish...
0.02821 -0.06799 0.06480 -0.09690 0.00584 -0.00011 -0.02500 0.10377 0.03308 0.20432 0.00000 
Construct nearest neighbor graph nodes in parallel: L: 3402, U: 13374
Construct nearest neighbor graph edges in parallel: L: 3402, U: 13374
[5013,6684) finished...
[1671,3342) finished...
[0,1671) finished...
[3342,5013) finished...
[6684,8355) finished...
[11697,13374) finished...
[8355,10026) finished...
[10026,11697) finished...
Nearest neighbor graph construction finished!
Random walk starts:
Iteration 1, converge to 0.044 with accuracy 0.7889...
Iteration 2, converge to 0.000 with accuracy 0.7889...
Iteration 3, converge to 0.000 with accuracy 0.7889...

Query	Docs	P@5	P@10	P@20
Pos	U	1.000	0.998	0.926
Pos	L	0.846	0.632	0.552
Neg	U	0.000	0.003	0.102
Neg	L	0.185	0.424	0.521

Gaussian Fields by random walk [C:SVM[C:2, F:8055, T:L2R_L1LOSS_SVC_DUAL, c:1.000], k:20, k':20, r:1.000, alpha:1.000, beta:1.000, eta:0.100]-[LambdaRank@MAP] Train/Test finished in 129.83 seconds with accuracy 0.7889 and F1 (0:0.759 1:0.812)...
.*
optimization finished, #iter = 18
Objective value = -1180.32
nSV = 2356
Creating cache for labeled documents...
Generate 2204(0:1102) ranking pairs for L2R model training...
[Info]LambdaRank configuration:
	Optimization Type OT_MAP, Lambda 1.000, Shrinkage 0.980, WindowSize 20
	Initial step size 1.0, Steps 100, Iteration 10
Iter	Misorder	LogLilikelihood	Perf
0	822	-2979.08	0.7879
1	827	-2980.37	0.7859
2	822	-2978.95	0.7862
3	823	-2978.47	0.7869
4	825	-2978.43	0.7863
5	824	-2978.42	0.7868
6	824	-2978.42	0.7868
7	824	-2978.42	0.7868
8	824	-2978.42	0.7868
[Info]Training procedure takes 0.19 seconds to finish...
0.05095 -0.11811 0.03152 -0.04323 0.01931 -0.00141 0.00954 0.16115 -0.01082 0.19668 -0.00000 
Construct nearest neighbor graph nodes in parallel: L: 3336, U: 13440
Construct nearest neighbor graph edges in parallel: L: 3336, U: 13440
[5040,6720) finished...
[1680,3360) finished...
[0,1680) finished...
[3360,5040) finished...
[6720,8400) finished...
[11760,13440) finished...
[8400,10080) finished...
[10080,11760) finished...
Nearest neighbor graph construction finished!
Random walk starts:
Iteration 1, converge to 0.046 with accuracy 0.7877...
Iteration 2, converge to 0.000 with accuracy 0.7877...
Iteration 3, converge to 0.000 with accuracy 0.7877...

Query	Docs	P@5	P@10	P@20
Pos	U	0.793	0.644	0.584
Pos	L	0.690	0.593	0.530
Neg	U	0.208	0.350	0.444
Neg	L	0.383	0.488	0.554

Gaussian Fields by random walk [C:SVM[C:2, F:8055, T:L2R_L1LOSS_SVC_DUAL, c:1.000], k:20, k':20, r:1.000, alpha:1.000, beta:1.000, eta:0.100]-[LambdaRank@MAP] Train/Test finished in 128.81 seconds with accuracy 0.7877 and F1 (0:0.755 1:0.813)...
.*.
optimization finished, #iter = 20
Objective value = -1170.04
nSV = 2360
Creating cache for labeled documents...
Generate 2304(0:1152) ranking pairs for L2R model training...
[Info]LambdaRank configuration:
	Optimization Type OT_MAP, Lambda 1.000, Shrinkage 0.980, WindowSize 20
	Initial step size 1.0, Steps 100, Iteration 10
Iter	Misorder	LogLilikelihood	Perf
0	845	-3058.01	0.7852
1	847	-3057.41	0.7846
2	851	-3057.73	0.7836
3	850	-3057.91	0.7838
4	850	-3057.93	0.7838
5	850	-3057.93	0.7838
6	850	-3057.93	0.7838
7	850	-3057.93	0.7838
8	850	-3057.93	0.7838
[Info]Training procedure takes 0.23 seconds to finish...
0.06553 -0.15404 0.08986 0.04536 0.03223 -0.00255 0.03101 0.23546 0.00213 0.22805 0.00000 
Construct nearest neighbor graph nodes in parallel: L: 3355, U: 13421
Construct nearest neighbor graph edges in parallel: L: 3355, U: 13421
[5031,6708) finished...
[1677,3354) finished...
[3354,5031) finished...
[0,1677) finished...
[11739,13421) finished...
[6708,8385) finished...
[8385,10062) finished...
[10062,11739) finished...
Nearest neighbor graph construction finished!
Random walk starts:
Iteration 1, converge to 0.052 with accuracy 0.7903...
Iteration 2, converge to 0.001 with accuracy 0.7903...
Iteration 3, converge to 0.000 with accuracy 0.7903...

Query	Docs	P@5	P@10	P@20
Pos	U	0.253	0.275	0.283
Pos	L	0.642	0.526	0.458
Neg	U	0.729	0.709	0.710
Neg	L	0.350	0.475	0.545

Gaussian Fields by random walk [C:SVM[C:2, F:8055, T:L2R_L1LOSS_SVC_DUAL, c:1.000], k:20, k':20, r:1.000, alpha:1.000, beta:1.000, eta:0.100]-[LambdaRank@MAP] Train/Test finished in 130.37 seconds with accuracy 0.7903 and F1 (0:0.760 1:0.814)...
...*
optimization finished, #iter = 35
Objective value = -1164.27
nSV = 2360
Creating cache for labeled documents...
Generate 2322(0:1161) ranking pairs for L2R model training...
[Info]LambdaRank configuration:
	Optimization Type OT_MAP, Lambda 1.000, Shrinkage 0.980, WindowSize 20
	Initial step size 1.0, Steps 100, Iteration 10
Iter	Misorder	LogLilikelihood	Perf
0	845	-3119.83	0.7889
1	837	-3119.09	0.7914
2	842	-3119.48	0.7888
3	845	-3118.94	0.7889
4	844	-3118.82	0.7893
5	844	-3118.81	0.7893
6	844	-3118.81	0.7893
[Info]Training procedure takes 0.16 seconds to finish...
0.06223 -0.13207 0.10830 0.00111 0.02759 -0.00027 0.05237 0.17910 0.03440 0.20034 -0.00000 
Construct nearest neighbor graph nodes in parallel: L: 3365, U: 13411
Construct nearest neighbor graph edges in parallel: L: 3365, U: 13411
[5028,6704) finished...
[1676,3352) finished...
[0,1676) finished...
[3352,5028) finished...
[11732,13411) finished...
[8380,10056) finished...
[10056,11732) finished...
[6704,8380) finished...
Nearest neighbor graph construction finished!
Random walk starts:
Iteration 1, converge to 0.044 with accuracy 0.7859...
Iteration 2, converge to 0.000 with accuracy 0.7859...
Iteration 3, converge to 0.000 with accuracy 0.7859...

Query	Docs	P@5	P@10	P@20
Pos	U	0.763	0.648	0.595
Pos	L	0.701	0.672	0.612
Neg	U	0.266	0.405	0.505
Neg	L	0.325	0.385	0.460

Gaussian Fields by random walk [C:SVM[C:2, F:8055, T:L2R_L1LOSS_SVC_DUAL, c:1.000], k:20, k':20, r:1.000, alpha:1.000, beta:1.000, eta:0.100]-[LambdaRank@MAP] Train/Test finished in 126.90 seconds with accuracy 0.7859 and F1 (0:0.753 1:0.811)...
*************************************************
The final result of Gaussian Fields by random walk [C:SVM[C:2, F:8055, T:L2R_L1LOSS_SVC_DUAL, c:1.000], k:20, k':20, r:1.000, alpha:1.000, beta:1.000, eta:0.100]-[LambdaRank@MAP] is as follows:
The total number of classes is 2
Class 0:	precision(0.791+/-0.006)	recall(0.724+/-0.006)
Class 1:	precision(0.784+/-0.003)	recall(0.840+/-0.006)
	0	1	P
0	44364	11692	0.7914
1	16892	61260	0.7839
R	0.7242	0.8397	0.7870
F1	0.7563	0.8108

Query	Docs	P@5	P@10	P@20
Pos	U	0.567	0.534	0.516
Pos	L	0.638	0.562	0.527
Neg	U	0.454	0.494	0.527
Neg	L	0.409	0.493	0.534

