
--------------------------------------------------------------------------------------
Parameters of learning procedure:
#Class: 5	Ngram: 2	Feature value: TF	Normalization: 2
Doc length cut: 10	Window length: 0
Learning paradigm: SEMI	Sampling rate: 0.25	kUL: 100	kUU: 50
alpha: 1.05	beta: 1.01
Solver: Random Walk	Base Classifer: SVM	Weighted Sum: true	Similarity Weight: false
Classifier: SVM	Instance weighting: NONE	Trade-off Parameter: 1.0	Cross validation: 10
Data directory: ./data/amazon/small/dedup/RawData
--------------------------------------------------------------------------------------
Creating feature vectors, wait...
8055 feature words loaded from ./data/Features/fv_2gram_tablets_86jsons.txt...
Keywords for <screen>: 52
Keywords for <app>: 55
Keywords for <price>: 63
Keywords for <battery>: 60
Keywords for <sound>: 23
Keywords for <camera>: 47
Keywords for <cpu>: 46
Keywords for <microsd>: 44
Keywords for <internet>: 46
Keywords for <keyboard>: 26
Keywords for <usb>: 35
Keywords for <servic>: 49
Loading 614 stopwords from ./data/Model/stopwords.dat
DTLoading 16776 reviews from ./data/amazon/small/dedup/RawData
No normalizaiton is adopted here or wrong parameters!!
Text feature generated for 16776 documents...
2082 1104 1325 3146 9119 , Total: 16776
Info File Path: ./data/result/Topics_30Information.txt
Prior keywords for Topic 0 (<screen>): 52/52
Prior keywords for Topic 1 (<app>): 55/55
Prior keywords for Topic 2 (<price>): 63/63
Prior keywords for Topic 3 (<battery>): 60/60
Prior keywords for Topic 4 (<sound>): 23/23
Prior keywords for Topic 5 (<camera>): 47/47
Prior keywords for Topic 6 (<cpu>): 46/46
Prior keywords for Topic 7 (<microsd>): 44/44
Prior keywords for Topic 8 (<internet>): 46/46
Prior keywords for Topic 9 (<keyboard>): 26/26
Prior keywords for Topic 10 (<usb>): 35/35
Prior keywords for Topic 11 (<servic>): 49/50
..........Likelihood 16776.000 after step 100 converge to 0.000000 after 13 seconds...
Text feature generated for 16776 documents...
2082 1104 1325 3146 9119 , Total: 16776
Start Transductive Learning, wait...
.*
optimization finished, #iter = 19
Objective value = -1192.07
nSV = 2393
Creating cache for labeled documents...
Generate 2362(0:1181) ranking pairs for L2R model training...
[Info]LambdaRank configuration:
	Optimization Type OT_MAP, Lambda 1.000, Shrinkage 0.980, WindowSize 20
	Initial step size 1.0, Steps 100, Iteration 10
Iter	Misorder	LogLilikelihood	Perf
0	829	-3112.48	0.7954
1	825	-3114.20	0.7962
2	827	-3114.58	0.7957
3	827	-3114.76	0.7957
4	826	-3114.80	0.7961
5	826	-3114.80	0.7961
6	826	-3114.80	0.7961
[Info]Training procedure takes 0.46 seconds to finish...
0.07128 -0.11541 0.13860 0.08373 0.03076 -0.00232 0.04086 0.20864 0.01193 0.23672 -0.00000 
Construct nearest neighbor graph nodes in parallel: L: 3417, U: 13359
Construct nearest neighbor graph edges in parallel: L: 3417, U: 13359
[5007,6676) finished...
[1669,3338) finished...
[0,1669) finished...
[3338,5007) finished...
[11683,13359) finished...
[10014,11683) finished...
[6676,8345) finished...
[8345,10014) finished...
Nearest neighbor graph construction finished!
Random walk starts:
Iteration 1, converge to 0.050 with accuracy 0.7846...
Iteration 2, converge to 0.001 with accuracy 0.7846...
Iteration 3, converge to 0.000 with accuracy 0.7846...

Query	Docs	P@5	P@10	P@20
Pos	U	0.230	0.265	0.310
Pos	L	0.773	0.509	0.413
Neg	U	0.759	0.723	0.677
Neg	L	0.221	0.488	0.582

Gaussian Fields by random walk [C:SVM[C:2, F:8055, T:L2R_L1LOSS_SVC_DUAL, c:1.000], k:20, k':20, r:1.000, alpha:1.000, beta:1.000, eta:0.100]-[LambdaRank@MAP] Train/Test finished in 124.93 seconds with accuracy 0.7846 and F1 (0:0.754 1:0.809)...
.*.
optimization finished, #iter = 20
Objective value = -1255.21
nSV = 2478
Creating cache for labeled documents...
Generate 2368(0:1184) ranking pairs for L2R model training...
[Info]LambdaRank configuration:
	Optimization Type OT_MAP, Lambda 1.000, Shrinkage 0.980, WindowSize 20
	Initial step size 1.0, Steps 100, Iteration 10
Iter	Misorder	LogLilikelihood	Perf
0	868	-3133.46	0.7891
1	873	-3135.88	0.7889
2	874	-3135.70	0.7886
3	875	-3135.21	0.7880
4	875	-3135.16	0.7880
5	875	-3135.16	0.7880
6	875	-3135.16	0.7880
7	875	-3135.16	0.7880
8	875	-3135.16	0.7880
9	875	-3135.16	0.7880
[Info]Training procedure takes 0.30 seconds to finish...
0.06264 -0.10640 0.08546 0.08571 0.02979 -0.00146 0.04447 0.25744 0.03835 0.16562 -0.00000 
Construct nearest neighbor graph nodes in parallel: L: 3457, U: 13319
Construct nearest neighbor graph edges in parallel: L: 3457, U: 13319
[4992,6656) finished...
[1664,3328) finished...
[3328,4992) finished...
[0,1664) finished...
[11648,13319) finished...
[8320,9984) finished...
[6656,8320) finished...
[9984,11648) finished...
Nearest neighbor graph construction finished!
Random walk starts:
Iteration 1, converge to 0.048 with accuracy 0.7899...
Iteration 2, converge to 0.000 with accuracy 0.7899...
Iteration 3, converge to 0.000 with accuracy 0.7899...

Query	Docs	P@5	P@10	P@20
Pos	U	0.417	0.359	0.441
Pos	L	0.636	0.424	0.430
Neg	U	0.579	0.631	0.563
Neg	L	0.351	0.566	0.573

Gaussian Fields by random walk [C:SVM[C:2, F:8055, T:L2R_L1LOSS_SVC_DUAL, c:1.000], k:20, k':20, r:1.000, alpha:1.000, beta:1.000, eta:0.100]-[LambdaRank@MAP] Train/Test finished in 126.41 seconds with accuracy 0.7899 and F1 (0:0.758 1:0.815)...
.*
optimization finished, #iter = 18
Objective value = -1213.50
nSV = 2409
Creating cache for labeled documents...
Generate 2184(0:1092) ranking pairs for L2R model training...
[Info]LambdaRank configuration:
	Optimization Type OT_MAP, Lambda 1.000, Shrinkage 0.980, WindowSize 20
	Initial step size 1.0, Steps 100, Iteration 10
Iter	Misorder	LogLilikelihood	Perf
0	905	-2941.51	0.7739
1	907	-2941.55	0.7730
2	904	-2941.01	0.7734
3	902	-2940.59	0.7737
4	903	-2940.55	0.7736
5	903	-2940.55	0.7736
6	903	-2940.55	0.7736
7	903	-2940.55	0.7736
8	903	-2940.55	0.7736
[Info]Training procedure takes 0.20 seconds to finish...
0.03967 -0.09249 0.06731 0.09632 0.01793 -0.00139 0.03971 0.19652 0.02321 0.11084 0.00000 
Construct nearest neighbor graph nodes in parallel: L: 3331, U: 13445
Construct nearest neighbor graph edges in parallel: L: 3331, U: 13445
[5040,6720) finished...
[1680,3360) finished...
[0,1680) finished...
[3360,5040) finished...
[11760,13445) finished...
[8400,10080) finished...
[6720,8400) finished...
[10080,11760) finished...
Nearest neighbor graph construction finished!
Random walk starts:
Iteration 1, converge to 0.051 with accuracy 0.7882...
Iteration 2, converge to 0.001 with accuracy 0.7882...
Iteration 3, converge to 0.000 with accuracy 0.7882...

Query	Docs	P@5	P@10	P@20
Pos	U	0.400	0.294	0.352
Pos	L	0.357	0.377	0.466
Neg	U	0.600	0.712	0.649
Neg	L	0.641	0.631	0.540

Gaussian Fields by random walk [C:SVM[C:2, F:8055, T:L2R_L1LOSS_SVC_DUAL, c:1.000], k:20, k':20, r:1.000, alpha:1.000, beta:1.000, eta:0.100]-[LambdaRank@MAP] Train/Test finished in 124.69 seconds with accuracy 0.7882 and F1 (0:0.758 1:0.812)...
.*
optimization finished, #iter = 19
Objective value = -1159.19
nSV = 2327
Creating cache for labeled documents...
Generate 2226(0:1113) ranking pairs for L2R model training...
[Info]LambdaRank configuration:
	Optimization Type OT_MAP, Lambda 1.000, Shrinkage 0.980, WindowSize 20
	Initial step size 1.0, Steps 100, Iteration 10
Iter	Misorder	LogLilikelihood	Perf
0	893	-3019.44	0.7724
1	889	-3018.52	0.7729
2	889	-3018.69	0.7729
3	900	-3019.46	0.7711
4	902	-3019.69	0.7707
5	903	-3019.73	0.7703
6	903	-3019.74	0.7703
7	903	-3019.74	0.7703
8	903	-3019.74	0.7703
9	903	-3019.74	0.7703
[Info]Training procedure takes 0.20 seconds to finish...
0.03703 -0.08274 0.07879 0.01488 0.01779 -0.00042 0.04593 0.17748 -0.01040 0.17628 0.00000 
Construct nearest neighbor graph nodes in parallel: L: 3268, U: 13508
Construct nearest neighbor graph edges in parallel: L: 3268, U: 13508
[5064,6752) finished...
[1688,3376) finished...
[0,1688) finished...
[11816,13508) finished...
[3376,5064) finished...
[6752,8440) finished...
[8440,10128) finished...
[10128,11816) finished...
Nearest neighbor graph construction finished!
Random walk starts:
Iteration 1, converge to 0.050 with accuracy 0.7862...
Iteration 2, converge to 0.001 with accuracy 0.7862...
Iteration 3, converge to 0.000 with accuracy 0.7862...

Query	Docs	P@5	P@10	P@20
Pos	U	0.514	0.500	0.465
Pos	L	0.592	0.579	0.556
Neg	U	0.426	0.445	0.484
Neg	L	0.415	0.448	0.474

Gaussian Fields by random walk [C:SVM[C:2, F:8055, T:L2R_L1LOSS_SVC_DUAL, c:1.000], k:20, k':20, r:1.000, alpha:1.000, beta:1.000, eta:0.100]-[LambdaRank@MAP] Train/Test finished in 126.69 seconds with accuracy 0.7862 and F1 (0:0.753 1:0.811)...
..*
optimization finished, #iter = 24
Objective value = -1145.66
nSV = 2330
Creating cache for labeled documents...
Generate 2274(0:1137) ranking pairs for L2R model training...
[Info]LambdaRank configuration:
	Optimization Type OT_MAP, Lambda 1.000, Shrinkage 0.980, WindowSize 20
	Initial step size 1.0, Steps 100, Iteration 10
Iter	Misorder	LogLilikelihood	Perf
0	834	-3028.83	0.7865
1	841	-3029.17	0.7853
2	842	-3028.77	0.7849
3	843	-3028.69	0.7847
4	842	-3028.67	0.7849
5	842	-3028.67	0.7849
6	842	-3028.67	0.7849
7	842	-3028.67	0.7849
8	842	-3028.67	0.7849
9	842	-3028.67	0.7849
[Info]Training procedure takes 0.22 seconds to finish...
0.07526 -0.15728 0.07999 -0.06942 0.03330 0.00067 0.07282 0.20992 0.00734 0.14592 -0.00000 
Construct nearest neighbor graph nodes in parallel: L: 3313, U: 13463
Construct nearest neighbor graph edges in parallel: L: 3313, U: 13463
[5046,6728) finished...
[1682,3364) finished...
[0,1682) finished...
[3364,5046) finished...
[11774,13463) finished...
[8410,10092) finished...
[6728,8410) finished...
[10092,11774) finished...
Nearest neighbor graph construction finished!
Random walk starts:
Iteration 1, converge to 0.039 with accuracy 0.7812...
Iteration 2, converge to 0.000 with accuracy 0.7812...
Iteration 3, converge to 0.000 with accuracy 0.7812...

Query	Docs	P@5	P@10	P@20
Pos	U	0.807	0.773	0.734
Pos	L	0.529	0.535	0.543
Neg	U	0.367	0.402	0.447
Neg	L	0.637	0.625	0.611

Gaussian Fields by random walk [C:SVM[C:2, F:8055, T:L2R_L1LOSS_SVC_DUAL, c:1.000], k:20, k':20, r:1.000, alpha:1.000, beta:1.000, eta:0.100]-[LambdaRank@MAP] Train/Test finished in 125.66 seconds with accuracy 0.7812 and F1 (0:0.747 1:0.807)...
.*
optimization finished, #iter = 18
Objective value = -1184.29
nSV = 2353
Creating cache for labeled documents...
Generate 2254(0:1127) ranking pairs for L2R model training...
[Info]LambdaRank configuration:
	Optimization Type OT_MAP, Lambda 1.000, Shrinkage 0.980, WindowSize 20
	Initial step size 1.0, Steps 100, Iteration 10
Iter	Misorder	LogLilikelihood	Perf
0	903	-3067.77	0.7706
1	906	-3067.09	0.7704
2	904	-3067.24	0.7711
3	903	-3067.07	0.7710
4	905	-3067.06	0.7707
5	905	-3067.06	0.7707
6	905	-3067.06	0.7707
7	905	-3067.06	0.7707
8	905	-3067.06	0.7707
9	905	-3067.06	0.7707
[Info]Training procedure takes 0.22 seconds to finish...
0.03514 -0.09304 0.03704 -0.05766 0.01215 0.00016 -0.00173 0.15302 0.01064 0.13206 -0.00000 
Construct nearest neighbor graph nodes in parallel: L: 3319, U: 13457
Construct nearest neighbor graph edges in parallel: L: 3319, U: 13457
[5046,6728) finished...
[1682,3364) finished...
[3364,5046) finished...
[0,1682) finished...
[11774,13457) finished...
[6728,8410) finished...
[10092,11774) finished...
[8410,10092) finished...
Nearest neighbor graph construction finished!
Random walk starts:
Iteration 1, converge to 0.041 with accuracy 0.7878...
Iteration 2, converge to 0.000 with accuracy 0.7878...
Iteration 3, converge to 0.000 with accuracy 0.7878...

Query	Docs	P@5	P@10	P@20
Pos	U	0.959	0.878	0.773
Pos	L	0.621	0.625	0.596
Neg	U	0.060	0.185	0.325
Neg	L	0.468	0.475	0.504

Gaussian Fields by random walk [C:SVM[C:2, F:8055, T:L2R_L1LOSS_SVC_DUAL, c:1.000], k:20, k':20, r:1.000, alpha:1.000, beta:1.000, eta:0.100]-[LambdaRank@MAP] Train/Test finished in 124.09 seconds with accuracy 0.7878 and F1 (0:0.756 1:0.812)...
.*
optimization finished, #iter = 18
Objective value = -1216.96
nSV = 2408
Creating cache for labeled documents...
Generate 2334(0:1167) ranking pairs for L2R model training...
[Info]LambdaRank configuration:
	Optimization Type OT_MAP, Lambda 1.000, Shrinkage 0.980, WindowSize 20
	Initial step size 1.0, Steps 100, Iteration 10
Iter	Misorder	LogLilikelihood	Perf
0	898	-3159.98	0.7855
1	897	-3160.26	0.7849
2	893	-3159.91	0.7865
3	892	-3159.70	0.7876
4	895	-3159.68	0.7867
5	897	-3159.68	0.7863
6	897	-3159.68	0.7863
7	897	-3159.68	0.7863
8	897	-3159.68	0.7863
9	897	-3159.68	0.7863
[Info]Training procedure takes 0.23 seconds to finish...
0.01683 -0.05440 0.04926 -0.01981 0.00738 0.00035 -0.02527 0.15770 -0.00673 0.22582 -0.00000 
Construct nearest neighbor graph nodes in parallel: L: 3338, U: 13438
Construct nearest neighbor graph edges in parallel: L: 3338, U: 13438
[5037,6716) finished...
[1679,3358) finished...
[3358,5037) finished...
[0,1679) finished...
[11753,13438) finished...
[6716,8395) finished...
[8395,10074) finished...
[10074,11753) finished...
Nearest neighbor graph construction finished!
Random walk starts:
Iteration 1, converge to 0.049 with accuracy 0.7884...
Iteration 2, converge to 0.000 with accuracy 0.7884...
Iteration 3, converge to 0.000 with accuracy 0.7884...

Query	Docs	P@5	P@10	P@20
Pos	U	0.404	0.489	0.451
Pos	L	0.513	0.477	0.486
Neg	U	0.595	0.512	0.560
Neg	L	0.488	0.560	0.573

Gaussian Fields by random walk [C:SVM[C:2, F:8055, T:L2R_L1LOSS_SVC_DUAL, c:1.000], k:20, k':20, r:1.000, alpha:1.000, beta:1.000, eta:0.100]-[LambdaRank@MAP] Train/Test finished in 125.04 seconds with accuracy 0.7884 and F1 (0:0.759 1:0.811)...
..*
optimization finished, #iter = 21
Objective value = -1191.30
nSV = 2370
Creating cache for labeled documents...
Generate 2280(0:1140) ranking pairs for L2R model training...
[Info]LambdaRank configuration:
	Optimization Type OT_MAP, Lambda 1.000, Shrinkage 0.980, WindowSize 20
	Initial step size 1.0, Steps 100, Iteration 10
Iter	Misorder	LogLilikelihood	Perf
0	878	-3069.91	0.7794
1	879	-3069.25	0.7784
2	871	-3068.46	0.7791
3	872	-3068.34	0.7798
4	872	-3068.33	0.7798
5	872	-3068.33	0.7798
6	872	-3068.33	0.7798
[Info]Training procedure takes 0.18 seconds to finish...
0.03887 -0.07144 0.08824 -0.03716 0.01912 -0.00054 0.00458 0.12882 0.02130 0.25840 0.00000 
Construct nearest neighbor graph nodes in parallel: L: 3304, U: 13472
Construct nearest neighbor graph edges in parallel: L: 3304, U: 13472
[5052,6736) finished...
[1684,3368) finished...
[0,1684) finished...
[3368,5052) finished...
[11788,13472) finished...
[6736,8420) finished...
[8420,10104) finished...
[10104,11788) finished...
Nearest neighbor graph construction finished!
Random walk starts:
Iteration 1, converge to 0.053 with accuracy 0.7849...
Iteration 2, converge to 0.000 with accuracy 0.7849...
Iteration 3, converge to 0.000 with accuracy 0.7849...

Query	Docs	P@5	P@10	P@20
Pos	U	0.000	0.001	0.026
Pos	L	0.239	0.327	0.405
Neg	U	1.000	0.999	0.979
Neg	L	0.770	0.708	0.649

Gaussian Fields by random walk [C:SVM[C:2, F:8055, T:L2R_L1LOSS_SVC_DUAL, c:1.000], k:20, k':20, r:1.000, alpha:1.000, beta:1.000, eta:0.100]-[LambdaRank@MAP] Train/Test finished in 124.78 seconds with accuracy 0.7849 and F1 (0:0.755 1:0.808)...
.*.
optimization finished, #iter = 20
Objective value = -1168.77
nSV = 2340
Creating cache for labeled documents...
Generate 2296(0:1148) ranking pairs for L2R model training...
[Info]LambdaRank configuration:
	Optimization Type OT_MAP, Lambda 1.000, Shrinkage 0.980, WindowSize 20
	Initial step size 1.0, Steps 100, Iteration 10
Iter	Misorder	LogLilikelihood	Perf
0	833	-3071.58	0.7903
1	836	-3070.53	0.7896
2	835	-3069.94	0.7897
3	835	-3069.39	0.7897
4	834	-3069.31	0.7896
5	834	-3069.30	0.7896
6	834	-3069.30	0.7896
7	834	-3069.30	0.7896
8	834	-3069.30	0.7896
[Info]Training procedure takes 0.23 seconds to finish...
0.06723 -0.11375 0.05669 -0.06760 0.02759 -0.00064 0.02308 0.19330 0.02033 0.23064 -0.00000 
Construct nearest neighbor graph nodes in parallel: L: 3377, U: 13399
Construct nearest neighbor graph edges in parallel: L: 3377, U: 13399
[5022,6696) finished...
[1674,3348) finished...
[0,1674) finished...
[3348,5022) finished...
[11718,13399) finished...
[6696,8370) finished...
[8370,10044) finished...
[10044,11718) finished...
Nearest neighbor graph construction finished!
Random walk starts:
Iteration 1, converge to 0.047 with accuracy 0.7827...
Iteration 2, converge to 0.000 with accuracy 0.7827...
Iteration 3, converge to 0.000 with accuracy 0.7827...

Query	Docs	P@5	P@10	P@20
Pos	U	0.605	0.405	0.433
Pos	L	0.621	0.582	0.530
Neg	U	0.397	0.610	0.611
Neg	L	0.387	0.481	0.545

Gaussian Fields by random walk [C:SVM[C:2, F:8055, T:L2R_L1LOSS_SVC_DUAL, c:1.000], k:20, k':20, r:1.000, alpha:1.000, beta:1.000, eta:0.100]-[LambdaRank@MAP] Train/Test finished in 125.24 seconds with accuracy 0.7827 and F1 (0:0.752 1:0.807)...
.*
optimization finished, #iter = 18
Objective value = -1171.64
nSV = 2369
Creating cache for labeled documents...
Generate 2372(0:1186) ranking pairs for L2R model training...
[Info]LambdaRank configuration:
	Optimization Type OT_MAP, Lambda 1.000, Shrinkage 0.980, WindowSize 20
	Initial step size 1.0, Steps 100, Iteration 10
Iter	Misorder	LogLilikelihood	Perf
0	886	-3161.49	0.7829
1	884	-3163.60	0.7841
2	887	-3163.04	0.7832
3	889	-3164.27	0.7822
4	891	-3164.45	0.7815
5	891	-3164.48	0.7815
6	891	-3164.48	0.7815
7	891	-3164.48	0.7815
8	891	-3164.48	0.7815
9	891	-3164.48	0.7815
[Info]Training procedure takes 0.23 seconds to finish...
0.05246 -0.11311 0.07554 0.04931 0.02684 -0.00122 0.02052 0.18944 0.00587 0.24713 -0.00000 
Construct nearest neighbor graph nodes in parallel: L: 3428, U: 13348
Construct nearest neighbor graph edges in parallel: L: 3428, U: 13348
[5004,6672) finished...
[1668,3336) finished...
[0,1668) finished...
[3336,5004) finished...
[11676,13348) finished...
[8340,10008) finished...
[6672,8340) finished...
[10008,11676) finished...
Nearest neighbor graph construction finished!
Random walk starts:
Iteration 1, converge to 0.051 with accuracy 0.7860...
Iteration 2, converge to 0.001 with accuracy 0.7860...
Iteration 3, converge to 0.000 with accuracy 0.7860...

Query	Docs	P@5	P@10	P@20
Pos	U	0.280	0.440	0.348
Pos	L	0.693	0.484	0.492
Neg	U	0.683	0.545	0.617
Neg	L	0.287	0.500	0.514

Gaussian Fields by random walk [C:SVM[C:2, F:8055, T:L2R_L1LOSS_SVC_DUAL, c:1.000], k:20, k':20, r:1.000, alpha:1.000, beta:1.000, eta:0.100]-[LambdaRank@MAP] Train/Test finished in 124.07 seconds with accuracy 0.7860 and F1 (0:0.755 1:0.810)...
*************************************************
The final result of Gaussian Fields by random walk [C:SVM[C:2, F:8055, T:L2R_L1LOSS_SVC_DUAL, c:1.000], k:20, k':20, r:1.000, alpha:1.000, beta:1.000, eta:0.100]-[LambdaRank@MAP] is as follows:
The total number of classes is 2
Class 0:	precision(0.791+/-0.006)	recall(0.722+/-0.008)
Class 1:	precision(0.782+/-0.005)	recall(0.840+/-0.006)
	0	1	P
0	44200	11667	0.7912
1	17056	61285	0.7823
R	0.7216	0.8401	0.7860
F1	0.7548	0.8101

Query	Docs	P@5	P@10	P@20
Pos	U	0.461	0.440	0.433
Pos	L	0.557	0.492	0.492
Neg	U	0.547	0.576	0.591
Neg	L	0.466	0.548	0.557

