
--------------------------------------------------------------------------------------
Parameters of learning procedure:
#Class: 5	Ngram: 2	Feature value: TF	Normalization: 2
Doc length cut: 10	Window length: 0
Learning paradigm: SEMI	Sampling rate: 0.25	kUL: 100	kUU: 50
alpha: 1.05	beta: 1.01
Solver: Random Walk	Base Classifer: SVM	Weighted Sum: true	Similarity Weight: false
Classifier: SVM	Instance weighting: NONE	Trade-off Parameter: 1.0	Cross validation: 10
Data directory: ./data/amazon/small/dedup/RawData
--------------------------------------------------------------------------------------
Creating feature vectors, wait...
8055 feature words loaded from ./data/Features/fv_2gram_tablets_86jsons.txt...
Keywords for <screen>: 52
Keywords for <app>: 55
Keywords for <price>: 63
Keywords for <battery>: 60
Keywords for <sound>: 23
Keywords for <camera>: 47
Keywords for <cpu>: 46
Keywords for <microsd>: 44
Keywords for <internet>: 46
Keywords for <keyboard>: 26
Keywords for <usb>: 35
Keywords for <servic>: 49
Loading 614 stopwords from ./data/Model/stopwords.dat
DTLoading 16776 reviews from ./data/amazon/small/dedup/RawData
No normalizaiton is adopted here or wrong parameters!!
Text feature generated for 16776 documents...
2082 1104 1325 3146 9119 , Total: 16776
Info File Path: ./data/result/Topics_30Information.txt
Prior keywords for Topic 0 (<screen>): 52/52
Prior keywords for Topic 1 (<app>): 55/55
Prior keywords for Topic 2 (<price>): 63/63
Prior keywords for Topic 3 (<battery>): 60/60
Prior keywords for Topic 4 (<sound>): 23/23
Prior keywords for Topic 5 (<camera>): 47/47
Prior keywords for Topic 6 (<cpu>): 46/46
Prior keywords for Topic 7 (<microsd>): 44/44
Prior keywords for Topic 8 (<internet>): 46/46
Prior keywords for Topic 9 (<keyboard>): 26/26
Prior keywords for Topic 10 (<usb>): 35/35
Prior keywords for Topic 11 (<servic>): 49/50
..........Likelihood 16776.000 after step 100 converge to 0.000000 after 12 seconds...
Text feature generated for 16776 documents...
2082 1104 1325 3146 9119 , Total: 16776
Start Transductive Learning, wait...
.*
optimization finished, #iter = 17
Objective value = -1234.02
nSV = 2434
Creating cache for labeled documents...
Generate 2188(0:1094) ranking pairs for L2R model training...
[Info]LambdaRank configuration:
	Optimization Type OT_MAP, Lambda 1.000, Shrinkage 0.980, WindowSize 20
	Initial step size 0.0, Steps 100, Iteration 10
Iter	Misorder	LogLilikelihood	Perf
0	1325	-3920.07	0.6670
1	1321	-3768.52	0.6677
2	1320	-3753.30	0.6676
3	1321	-3751.36	0.6674
4	1320	-3751.11	0.6676
5	1320	-3751.08	0.6676
6	1320	-3751.07	0.6676
7	1320	-3751.07	0.6676
8	1320	-3751.07	0.6676
[Info]Training procedure takes 0.37 seconds to finish...
-0.50281 -0.64599 -1.53578 -0.00299 -0.73728 0.88477 -0.38168 -0.26643 -1.34202 -1.01517 -0.09612 
Construct nearest neighbor graph nodes in parallel: L: 3414, U: 13362
Construct nearest neighbor graph edges in parallel: L: 3414, U: 13362
[5010,6680) finished...
[1670,3340) finished...
[0,1670) finished...
[3340,5010) finished...
[11690,13362) finished...
[6680,8350) finished...
[8350,10020) finished...
[10020,11690) finished...
Nearest neighbor graph construction finished!
Random walk starts:
Iteration 1, converge to 0.044 with accuracy 0.7872...
Iteration 2, converge to 0.000 with accuracy 0.7872...
Iteration 3, converge to 0.000 with accuracy 0.7872...

Query	Docs	P@5	P@10	P@20
Pos	U	0.945	0.890	0.875
Pos	L	0.871	0.896	0.870
Neg	U	0.049	0.106	0.130
Neg	L	0.120	0.090	0.127

Gaussian Fields by random walk [C:SVM[C:2, F:8055, T:L2R_L1LOSS_SVC_DUAL, c:1.000], k:20, k':20, r:1.000, alpha:1.000, beta:1.000, eta:0.100]-[LambdaRank@MAP] Train/Test finished in 122.79 seconds with accuracy 0.7872 and F1 (0:0.757 1:0.811)...
.*
optimization finished, #iter = 19
Objective value = -1210.64
nSV = 2438
Creating cache for labeled documents...
Generate 2194(0:1097) ranking pairs for L2R model training...
[Info]LambdaRank configuration:
	Optimization Type OT_MAP, Lambda 1.000, Shrinkage 0.980, WindowSize 20
	Initial step size 0.0, Steps 100, Iteration 10
Iter	Misorder	LogLilikelihood	Perf
0	947	-3309.16	0.7637
1	931	-3267.45	0.7666
2	934	-3262.84	0.7661
3	932	-3262.26	0.7664
4	932	-3262.18	0.7664
5	932	-3262.17	0.7664
6	932	-3262.17	0.7664
[Info]Training procedure takes 0.18 seconds to finish...
1.19257 -0.34074 1.32927 -0.02872 0.20154 0.08091 -0.67031 0.98427 1.00620 0.23457 0.06545 
Construct nearest neighbor graph nodes in parallel: L: 3436, U: 13340
Construct nearest neighbor graph edges in parallel: L: 3436, U: 13340
[5001,6668) finished...
[1667,3334) finished...
[3334,5001) finished...
[0,1667) finished...
[11669,13340) finished...
[8335,10002) finished...
[6668,8335) finished...
[10002,11669) finished...
Nearest neighbor graph construction finished!
Random walk starts:
Iteration 1, converge to 0.040 with accuracy 0.7861...
Iteration 2, converge to 0.000 with accuracy 0.7861...
Iteration 3, converge to 0.000 with accuracy 0.7861...

Query	Docs	P@5	P@10	P@20
Pos	U	0.612	0.615	0.616
Pos	L	0.571	0.575	0.579
Neg	U	0.610	0.591	0.575
Neg	L	0.591	0.579	0.564

Gaussian Fields by random walk [C:SVM[C:2, F:8055, T:L2R_L1LOSS_SVC_DUAL, c:1.000], k:20, k':20, r:1.000, alpha:1.000, beta:1.000, eta:0.100]-[LambdaRank@MAP] Train/Test finished in 121.86 seconds with accuracy 0.7861 and F1 (0:0.755 1:0.810)...
..*
optimization finished, #iter = 21
Objective value = -1176.46
nSV = 2371
Creating cache for labeled documents...
Generate 2296(0:1148) ranking pairs for L2R model training...
[Info]LambdaRank configuration:
	Optimization Type OT_MAP, Lambda 1.000, Shrinkage 0.980, WindowSize 20
	Initial step size 0.0, Steps 100, Iteration 10
Iter	Misorder	LogLilikelihood	Perf
0	1244	-3838.82	0.7009
1	1247	-3720.46	0.7006
2	1251	-3705.87	0.6998
3	1250	-3703.95	0.7000
4	1250	-3703.70	0.7000
5	1250	-3703.67	0.7000
6	1250	-3703.67	0.7000
7	1250	-3703.67	0.7000
8	1250	-3703.67	0.7000
[Info]Training procedure takes 0.21 seconds to finish...
0.73607 0.33800 1.12201 0.29682 0.33582 0.53837 -0.07895 -0.09392 -0.17749 -0.54309 -0.46866 
Construct nearest neighbor graph nodes in parallel: L: 3392, U: 13384
Construct nearest neighbor graph edges in parallel: L: 3392, U: 13384
[5019,6692) finished...
[1673,3346) finished...
[0,1673) finished...
[3346,5019) finished...
[11711,13384) finished...
[6692,8365) finished...
[8365,10038) finished...
[10038,11711) finished...
Nearest neighbor graph construction finished!
Random walk starts:
Iteration 1, converge to 0.045 with accuracy 0.7879...
Iteration 2, converge to 0.001 with accuracy 0.7879...
Iteration 3, converge to 0.000 with accuracy 0.7879...

Query	Docs	P@5	P@10	P@20
Pos	U	0.288	0.328	0.358
Pos	L	0.335	0.443	0.558
Neg	U	0.685	0.657	0.632
Neg	L	0.660	0.556	0.454

Gaussian Fields by random walk [C:SVM[C:2, F:8055, T:L2R_L1LOSS_SVC_DUAL, c:1.000], k:20, k':20, r:1.000, alpha:1.000, beta:1.000, eta:0.100]-[LambdaRank@MAP] Train/Test finished in 123.60 seconds with accuracy 0.7879 and F1 (0:0.757 1:0.812)...
...*
optimization finished, #iter = 32
Objective value = -1161.15
nSV = 2330
Creating cache for labeled documents...
Generate 2298(0:1149) ranking pairs for L2R model training...
[Info]LambdaRank configuration:
	Optimization Type OT_MAP, Lambda 1.000, Shrinkage 0.980, WindowSize 20
	Initial step size 0.0, Steps 100, Iteration 10
Iter	Misorder	LogLilikelihood	Perf
0	1412	-3418.58	0.6652
1	1398	-3384.84	0.6692
2	1396	-3381.35	0.6691
3	1395	-3380.90	0.6693
4	1395	-3380.84	0.6693
5	1395	-3380.83	0.6693
6	1395	-3380.83	0.6693
[Info]Training procedure takes 0.18 seconds to finish...
0.61492 0.59383 -0.17887 0.01437 -0.23956 -0.52958 -0.17527 -0.20927 0.23178 -0.31177 -1.95071 
Construct nearest neighbor graph nodes in parallel: L: 3332, U: 13444
Construct nearest neighbor graph edges in parallel: L: 3332, U: 13444
[5040,6720) finished...
[1680,3360) finished...
[3360,5040) finished...
[0,1680) finished...
[11760,13444) finished...
[6720,8400) finished...
[8400,10080) finished...
[10080,11760) finished...
Nearest neighbor graph construction finished!
Random walk starts:
Iteration 1, converge to 0.049 with accuracy 0.7894...
Iteration 2, converge to 0.001 with accuracy 0.7894...
Iteration 3, converge to 0.000 with accuracy 0.7894...

Query	Docs	P@5	P@10	P@20
Pos	U	0.772	0.808	0.810
Pos	L	0.885	0.883	0.857
Neg	U	0.130	0.102	0.097
Neg	L	0.075	0.073	0.079

Gaussian Fields by random walk [C:SVM[C:2, F:8055, T:L2R_L1LOSS_SVC_DUAL, c:1.000], k:20, k':20, r:1.000, alpha:1.000, beta:1.000, eta:0.100]-[LambdaRank@MAP] Train/Test finished in 125.97 seconds with accuracy 0.7894 and F1 (0:0.759 1:0.813)...
....*
optimization finished, #iter = 48
Objective value = -1164.51
nSV = 2326
Creating cache for labeled documents...
Generate 2248(0:1124) ranking pairs for L2R model training...
[Info]LambdaRank configuration:
	Optimization Type OT_MAP, Lambda 1.000, Shrinkage 0.980, WindowSize 20
	Initial step size 0.0, Steps 100, Iteration 10
Iter	Misorder	LogLilikelihood	Perf
0	1329	-4158.11	0.6739
1	1348	-3957.33	0.6701
2	1357	-3934.13	0.6679
3	1357	-3931.13	0.6679
4	1357	-3930.73	0.6679
5	1357	-3930.68	0.6679
6	1357	-3930.67	0.6679
7	1357	-3930.67	0.6679
8	1357	-3930.67	0.6679
[Info]Training procedure takes 0.21 seconds to finish...
-1.32324 -0.39013 0.30285 0.28670 0.54209 2.03533 -0.29916 -0.43274 0.13001 -1.13215 -0.33027 
Construct nearest neighbor graph nodes in parallel: L: 3225, U: 13551
Construct nearest neighbor graph edges in parallel: L: 3225, U: 13551
[5079,6772) finished...
[1693,3386) finished...
[0,1693) finished...
[3386,5079) finished...
[8465,10158) finished...
[11851,13551) finished...
[10158,11851) finished...
[6772,8465) finished...
Nearest neighbor graph construction finished!
Random walk starts:
Iteration 1, converge to 0.044 with accuracy 0.7894...
Iteration 2, converge to 0.000 with accuracy 0.7894...
Iteration 3, converge to 0.000 with accuracy 0.7894...

Query	Docs	P@5	P@10	P@20
Pos	U	0.694	0.566	0.483
Pos	L	0.630	0.683	0.708
Neg	U	0.272	0.373	0.434
Neg	L	0.363	0.295	0.265

Gaussian Fields by random walk [C:SVM[C:2, F:8055, T:L2R_L1LOSS_SVC_DUAL, c:1.000], k:20, k':20, r:1.000, alpha:1.000, beta:1.000, eta:0.100]-[LambdaRank@MAP] Train/Test finished in 124.77 seconds with accuracy 0.7894 and F1 (0:0.761 1:0.812)...
..*
optimization finished, #iter = 24
Objective value = -1244.52
nSV = 2425
Creating cache for labeled documents...
Generate 2404(0:1202) ranking pairs for L2R model training...
[Info]LambdaRank configuration:
	Optimization Type OT_MAP, Lambda 1.000, Shrinkage 0.980, WindowSize 20
	Initial step size 0.0, Steps 100, Iteration 10
Iter	Misorder	LogLilikelihood	Perf
0	1465	-5260.34	0.6467
1	1478	-4845.26	0.6429
2	1476	-4794.66	0.6432
3	1476	-4788.03	0.6432
4	1476	-4787.15	0.6432
5	1476	-4787.03	0.6432
6	1476	-4787.02	0.6432
[Info]Training procedure takes 0.18 seconds to finish...
-0.86935 0.69457 -0.04117 0.44773 -0.01562 -1.09840 -0.78608 0.42332 1.27221 -0.97902 0.27832 
Construct nearest neighbor graph nodes in parallel: L: 3399, U: 13377
Construct nearest neighbor graph edges in parallel: L: 3399, U: 13377
[5016,6688) finished...
[1672,3344) finished...
[0,1672) finished...
[3344,5016) finished...
[11704,13377) finished...
[6688,8360) finished...
[8360,10032) finished...
[10032,11704) finished...
Nearest neighbor graph construction finished!
Random walk starts:
Iteration 1, converge to 0.042 with accuracy 0.7855...
Iteration 2, converge to 0.001 with accuracy 0.7855...
Iteration 3, converge to 0.000 with accuracy 0.7855...

Query	Docs	P@5	P@10	P@20
Pos	U	0.766	0.511	0.486
Pos	L	0.642	0.582	0.586
Neg	U	0.231	0.453	0.475
Neg	L	0.338	0.384	0.369

Gaussian Fields by random walk [C:SVM[C:2, F:8055, T:L2R_L1LOSS_SVC_DUAL, c:1.000], k:20, k':20, r:1.000, alpha:1.000, beta:1.000, eta:0.100]-[LambdaRank@MAP] Train/Test finished in 124.46 seconds with accuracy 0.7855 and F1 (0:0.755 1:0.809)...
..*
optimization finished, #iter = 22
Objective value = -1249.67
nSV = 2475
Creating cache for labeled documents...
Generate 2450(0:1225) ranking pairs for L2R model training...
[Info]LambdaRank configuration:
	Optimization Type OT_MAP, Lambda 1.000, Shrinkage 0.980, WindowSize 20
	Initial step size 0.0, Steps 100, Iteration 10
Iter	Misorder	LogLilikelihood	Perf
0	1125	-3886.82	0.7304
1	1112	-3718.69	0.7331
2	1109	-3700.18	0.7339
3	1109	-3697.81	0.7339
4	1109	-3697.49	0.7339
5	1109	-3697.45	0.7339
[Info]Training procedure takes 0.16 seconds to finish...
0.08079 0.58392 -0.57983 -0.22167 0.23230 -0.58190 -0.21938 0.57567 -1.24267 0.65220 -0.24529 
Construct nearest neighbor graph nodes in parallel: L: 3478, U: 13298
Construct nearest neighbor graph edges in parallel: L: 3478, U: 13298
[4986,6648) finished...
[1662,3324) finished...
[0,1662) finished...
[11634,13298) finished...
[3324,4986) finished...
[6648,8310) finished...
[8310,9972) finished...
[9972,11634) finished...
Nearest neighbor graph construction finished!
Random walk starts:
Iteration 1, converge to 0.049 with accuracy 0.7835...
Iteration 2, converge to 0.000 with accuracy 0.7835...
Iteration 3, converge to 0.000 with accuracy 0.7835...

Query	Docs	P@5	P@10	P@20
Pos	U	0.390	0.501	0.539
Pos	L	0.777	0.540	0.453
Neg	U	0.594	0.504	0.456
Neg	L	0.217	0.452	0.539

Gaussian Fields by random walk [C:SVM[C:2, F:8055, T:L2R_L1LOSS_SVC_DUAL, c:1.000], k:20, k':20, r:1.000, alpha:1.000, beta:1.000, eta:0.100]-[LambdaRank@MAP] Train/Test finished in 124.77 seconds with accuracy 0.7835 and F1 (0:0.751 1:0.808)...
..*
optimization finished, #iter = 25
Objective value = -1150.10
nSV = 2332
Creating cache for labeled documents...
Generate 2268(0:1134) ranking pairs for L2R model training...
[Info]LambdaRank configuration:
	Optimization Type OT_MAP, Lambda 1.000, Shrinkage 0.980, WindowSize 20
	Initial step size 0.0, Steps 100, Iteration 10
Iter	Misorder	LogLilikelihood	Perf
0	1367	-3867.19	0.6623
1	1374	-3788.84	0.6596
2	1373	-3780.65	0.6598
3	1376	-3779.60	0.6588
4	1376	-3779.46	0.6588
5	1376	-3779.44	0.6588
6	1376	-3779.44	0.6588
7	1376	-3779.44	0.6588
8	1376	-3779.44	0.6588
[Info]Training procedure takes 0.21 seconds to finish...
-0.69388 0.58507 0.91124 0.11606 0.37707 -1.33471 -0.58624 0.12117 0.44846 -1.34044 1.38316 
Construct nearest neighbor graph nodes in parallel: L: 3301, U: 13475
Construct nearest neighbor graph edges in parallel: L: 3301, U: 13475
[5052,6736) finished...
[1684,3368) finished...
[3368,5052) finished...
[0,1684) finished...
[11788,13475) finished...
[6736,8420) finished...
[8420,10104) finished...
[10104,11788) finished...
Nearest neighbor graph construction finished!
Random walk starts:
Iteration 1, converge to 0.044 with accuracy 0.7869...
Iteration 2, converge to 0.000 with accuracy 0.7869...
Iteration 3, converge to 0.000 with accuracy 0.7869...

Query	Docs	P@5	P@10	P@20
Pos	U	0.783	0.738	0.724
Pos	L	0.767	0.713	0.661
Neg	U	0.169	0.197	0.203
Neg	L	0.231	0.269	0.283

Gaussian Fields by random walk [C:SVM[C:2, F:8055, T:L2R_L1LOSS_SVC_DUAL, c:1.000], k:20, k':20, r:1.000, alpha:1.000, beta:1.000, eta:0.100]-[LambdaRank@MAP] Train/Test finished in 122.26 seconds with accuracy 0.7869 and F1 (0:0.754 1:0.812)...
.*
optimization finished, #iter = 18
Objective value = -1140.11
nSV = 2302
Creating cache for labeled documents...
Generate 2196(0:1098) ranking pairs for L2R model training...
[Info]LambdaRank configuration:
	Optimization Type OT_MAP, Lambda 1.000, Shrinkage 0.980, WindowSize 20
	Initial step size 0.0, Steps 100, Iteration 10
Iter	Misorder	LogLilikelihood	Perf
0	821	-2944.74	0.7794
1	827	-2942.22	0.7779
2	827	-2941.99	0.7783
3	827	-2941.97	0.7783
4	827	-2941.96	0.7783
5	827	-2941.96	0.7783
6	827	-2941.96	0.7783
[Info]Training procedure takes 0.15 seconds to finish...
1.33928 -0.31394 -0.13681 -0.02532 0.08766 0.00489 0.42786 0.13880 0.51012 0.39102 0.24968 
Construct nearest neighbor graph nodes in parallel: L: 3267, U: 13509
Construct nearest neighbor graph edges in parallel: L: 3267, U: 13509
[5064,6752) finished...
[1688,3376) finished...
[3376,5064) finished...
[0,1688) finished...
[11816,13509) finished...
[6752,8440) finished...
[8440,10128) finished...
[10128,11816) finished...
Nearest neighbor graph construction finished!
Random walk starts:
Iteration 1, converge to 0.038 with accuracy 0.7868...
Iteration 2, converge to 0.000 with accuracy 0.7868...
Iteration 3, converge to 0.000 with accuracy 0.7868...

Query	Docs	P@5	P@10	P@20
Pos	U	0.897	0.836	0.773
Pos	L	0.593	0.597	0.593
Neg	U	0.209	0.316	0.418
Neg	L	0.540	0.573	0.589

Gaussian Fields by random walk [C:SVM[C:2, F:8055, T:L2R_L1LOSS_SVC_DUAL, c:1.000], k:20, k':20, r:1.000, alpha:1.000, beta:1.000, eta:0.100]-[LambdaRank@MAP] Train/Test finished in 121.94 seconds with accuracy 0.7868 and F1 (0:0.755 1:0.812)...
.*
optimization finished, #iter = 18
Objective value = -1177.74
nSV = 2362
Creating cache for labeled documents...
Generate 2230(0:1115) ranking pairs for L2R model training...
[Info]LambdaRank configuration:
	Optimization Type OT_MAP, Lambda 1.000, Shrinkage 0.980, WindowSize 20
	Initial step size 0.0, Steps 100, Iteration 10
Iter	Misorder	LogLilikelihood	Perf
0	1132	-8134.88	0.7220
1	1135	-7711.00	0.7217
2	1136	-7654.90	0.7215
3	1137	-7647.57	0.7211
4	1137	-7646.60	0.7211
5	1137	-7646.48	0.7211
6	1137	-7646.46	0.7211
7	1137	-7646.46	0.7211
8	1137	-7646.46	0.7211
9	1137	-7646.46	0.7211
[Info]Training procedure takes 0.18 seconds to finish...
0.17274 -0.84581 1.14237 1.62868 -0.74880 -0.34479 -1.87099 -0.96575 0.63267 0.26943 0.31075 
Construct nearest neighbor graph nodes in parallel: L: 3308, U: 13468
Construct nearest neighbor graph edges in parallel: L: 3308, U: 13468
[5049,6732) finished...
[1683,3366) finished...
[3366,5049) finished...
[0,1683) finished...
[6732,8415) finished...
[11781,13468) finished...
[8415,10098) finished...
[10098,11781) finished...
Nearest neighbor graph construction finished!
Random walk starts:
Iteration 1, converge to 0.042 with accuracy 0.7839...
Iteration 2, converge to 0.004 with accuracy 0.7839...
Iteration 3, converge to 0.000 with accuracy 0.7839...
Iteration 4, converge to 0.000 with accuracy 0.7839...

Query	Docs	P@5	P@10	P@20
Pos	U	0.795	0.505	0.320
Pos	L	0.518	0.407	0.329
Neg	U	0.206	0.494	0.676
Neg	L	0.475	0.591	0.668

Gaussian Fields by random walk [C:SVM[C:2, F:8055, T:L2R_L1LOSS_SVC_DUAL, c:1.000], k:20, k':20, r:1.000, alpha:1.000, beta:1.000, eta:0.100]-[LambdaRank@MAP] Train/Test finished in 120.78 seconds with accuracy 0.7839 and F1 (0:0.755 1:0.807)...
*************************************************
The final result of Gaussian Fields by random walk [C:SVM[C:2, F:8055, T:L2R_L1LOSS_SVC_DUAL, c:1.000], k:20, k':20, r:1.000, alpha:1.000, beta:1.000, eta:0.100]-[LambdaRank@MAP] is as follows:
The total number of classes is 2
Class 0:	precision(0.791+/-0.006)	recall(0.724+/-0.007)
Class 1:	precision(0.784+/-0.004)	recall(0.839+/-0.006)
	0	1	P
0	44342	11717	0.7910
1	16914	61235	0.7836
R	0.7239	0.8394	0.7867
F1	0.7559	0.8105

Query	Docs	P@5	P@10	P@20
Pos	U	0.694	0.630	0.599
Pos	L	0.659	0.632	0.619
Neg	U	0.315	0.379	0.410
Neg	L	0.361	0.386	0.394

