
--------------------------------------------------------------------------------------
Parameters of learning procedure:
#Class: 5	Ngram: 2	Feature value: TF	Normalization: 2
Doc length cut: 10	Window length: 0
Learning paradigm: SEMI	Sampling rate: 0.25	kUL: 100	kUU: 50
alpha: 1.05	beta: 1.01
Solver: Random Walk	Base Classifer: SVM	Weighted Sum: true	Similarity Weight: false
Classifier: SVM	Instance weighting: NONE	Trade-off Parameter: 1.0	Cross validation: 10
Data directory: ./data/amazon/small/dedup/RawData
--------------------------------------------------------------------------------------
Creating feature vectors, wait...
8055 feature words loaded from ./data/Features/fv_2gram_tablets_86jsons.txt...
Keywords for <screen>: 52
Keywords for <app>: 55
Keywords for <price>: 63
Keywords for <battery>: 60
Keywords for <sound>: 23
Keywords for <camera>: 47
Keywords for <cpu>: 46
Keywords for <microsd>: 44
Keywords for <internet>: 46
Keywords for <keyboard>: 26
Keywords for <usb>: 35
Keywords for <servic>: 49
Loading 614 stopwords from ./data/Model/stopwords.dat
DTLoading 16776 reviews from ./data/amazon/small/dedup/RawData
No normalizaiton is adopted here or wrong parameters!!
Text feature generated for 16776 documents...
2082 1104 1325 3146 9119 , Total: 16776
Info File Path: ./data/result/Topics_30Information.txt
Prior keywords for Topic 0 (<screen>): 52/52
Prior keywords for Topic 1 (<app>): 55/55
Prior keywords for Topic 2 (<price>): 63/63
Prior keywords for Topic 3 (<battery>): 60/60
Prior keywords for Topic 4 (<sound>): 23/23
Prior keywords for Topic 5 (<camera>): 47/47
Prior keywords for Topic 6 (<cpu>): 46/46
Prior keywords for Topic 7 (<microsd>): 44/44
Prior keywords for Topic 8 (<internet>): 46/46
Prior keywords for Topic 9 (<keyboard>): 26/26
Prior keywords for Topic 10 (<usb>): 35/35
Prior keywords for Topic 11 (<servic>): 49/50
..........Likelihood 16776.000 after step 100 converge to 0.000000 after 13 seconds...
Text feature generated for 16776 documents...
2082 1104 1325 3146 9119 , Total: 16776
Start Transductive Learning, wait...
.*
optimization finished, #iter = 17
Objective value = -1175.57
nSV = 2331
Creating cache for labeled documents...
Generate 2272(0:1136) ranking pairs for L2R model training...
[Info]LambdaRank configuration:
	Optimization Type OT_MAP, Lambda 1.400, Shrinkage 0.980, WindowSize 20
	Initial step size 1.0, Steps 100, Iteration 10
Iter	Misorder	LogLilikelihood	Perf
0	862	-3072.22	0.7795
1	863	-3071.36	0.7796
2	865	-3071.71	0.7788
3	865	-3071.57	0.7791
4	864	-3071.54	0.7793
5	864	-3071.54	0.7793
6	864	-3071.54	0.7793
[Info]Training procedure takes 0.33 seconds to finish...
0.03984 -0.08193 0.05210 0.03566 0.01898 -0.00119 0.03325 0.15510 0.01438 0.14821 0.00000 
Construct nearest neighbor graph nodes in parallel: L: 3296, U: 13480
Construct nearest neighbor graph edges in parallel: L: 3296, U: 13480
[5055,6740) finished...
[1685,3370) finished...
[11795,13480) finished...
[0,1685) finished...
[3370,5055) finished...
[6740,8425) finished...
[8425,10110) finished...
[10110,11795) finished...
Nearest neighbor graph construction finished!
Random walk starts:
Iteration 1, converge to 0.051 with accuracy 0.7785...
Iteration 2, converge to 0.000 with accuracy 0.7785...
Iteration 3, converge to 0.000 with accuracy 0.7785...

Query	Docs	P@5	P@10	P@20
Pos	U	0.634	0.464	0.367
Pos	L	0.739	0.559	0.438
Neg	U	0.355	0.522	0.619
Neg	L	0.269	0.435	0.560

Gaussian Fields by random walk [C:SVM[C:2, F:8055, T:L2R_L1LOSS_SVC_DUAL, c:1.000], k:20, k':20, r:1.000, alpha:1.000, beta:1.000, eta:0.100]-[LambdaRank@MAP] Train/Test finished in 127.92 seconds with accuracy 0.7785 and F1 (0:0.752 1:0.800)...
..*
optimization finished, #iter = 23
Objective value = -1204.09
nSV = 2396
Creating cache for labeled documents...
Generate 2298(0:1149) ranking pairs for L2R model training...
[Info]LambdaRank configuration:
	Optimization Type OT_MAP, Lambda 1.400, Shrinkage 0.980, WindowSize 20
	Initial step size 1.0, Steps 100, Iteration 10
Iter	Misorder	LogLilikelihood	Perf
0	877	-3121.21	0.7787
1	867	-3120.03	0.7789
2	861	-3120.17	0.7781
3	878	-3120.10	0.7777
4	876	-3120.09	0.7781
5	875	-3120.09	0.7785
6	875	-3120.09	0.7785
7	875	-3120.09	0.7785
8	875	-3120.09	0.7785
[Info]Training procedure takes 0.25 seconds to finish...
0.04498 -0.08588 0.06261 -0.01212 0.02320 -0.00149 0.03352 0.15844 0.00073 0.12555 0.00000 
Construct nearest neighbor graph nodes in parallel: L: 3307, U: 13469
Construct nearest neighbor graph edges in parallel: L: 3307, U: 13469
[5049,6732) finished...
[1683,3366) finished...
[3366,5049) finished...
[0,1683) finished...
[11781,13469) finished...
[8415,10098) finished...
[6732,8415) finished...
[10098,11781) finished...
Nearest neighbor graph construction finished!
Random walk starts:
Iteration 1, converge to 0.041 with accuracy 0.7892...
Iteration 2, converge to 0.000 with accuracy 0.7892...
Iteration 3, converge to 0.000 with accuracy 0.7892...

Query	Docs	P@5	P@10	P@20
Pos	U	0.940	0.872	0.794
Pos	L	0.681	0.658	0.620
Neg	U	0.096	0.204	0.317
Neg	L	0.399	0.459	0.514

Gaussian Fields by random walk [C:SVM[C:2, F:8055, T:L2R_L1LOSS_SVC_DUAL, c:1.000], k:20, k':20, r:1.000, alpha:1.000, beta:1.000, eta:0.100]-[LambdaRank@MAP] Train/Test finished in 127.52 seconds with accuracy 0.7892 and F1 (0:0.759 1:0.813)...
.*
optimization finished, #iter = 18
Objective value = -1200.49
nSV = 2392
Creating cache for labeled documents...
Generate 2312(0:1156) ranking pairs for L2R model training...
[Info]LambdaRank configuration:
	Optimization Type OT_MAP, Lambda 1.400, Shrinkage 0.980, WindowSize 20
	Initial step size 1.0, Steps 100, Iteration 10
Iter	Misorder	LogLilikelihood	Perf
0	809	-3096.95	0.7934
1	822	-3097.12	0.7898
2	825	-3097.15	0.7890
3	827	-3097.19	0.7887
4	827	-3097.14	0.7887
5	827	-3097.13	0.7887
6	827	-3097.13	0.7887
7	827	-3097.13	0.7887
8	827	-3097.13	0.7887
9	827	-3097.13	0.7887
[Info]Training procedure takes 0.22 seconds to finish...
0.04378 -0.08621 0.09632 -0.05028 0.02024 -0.00026 0.02081 0.17538 0.02138 0.17823 0.00000 
Construct nearest neighbor graph nodes in parallel: L: 3310, U: 13466
Construct nearest neighbor graph edges in parallel: L: 3310, U: 13466
[5049,6732) finished...
[1683,3366) finished...
[0,1683) finished...
[3366,5049) finished...
[11781,13466) finished...
[6732,8415) finished...
[8415,10098) finished...
[10098,11781) finished...
Nearest neighbor graph construction finished!
Random walk starts:
Iteration 1, converge to 0.042 with accuracy 0.7858...
Iteration 2, converge to 0.000 with accuracy 0.7858...
Iteration 3, converge to 0.000 with accuracy 0.7858...

Query	Docs	P@5	P@10	P@20
Pos	U	0.967	0.904	0.818
Pos	L	0.571	0.587	0.578
Neg	U	0.055	0.141	0.259
Neg	L	0.555	0.540	0.544

Gaussian Fields by random walk [C:SVM[C:2, F:8055, T:L2R_L1LOSS_SVC_DUAL, c:1.000], k:20, k':20, r:1.000, alpha:1.000, beta:1.000, eta:0.100]-[LambdaRank@MAP] Train/Test finished in 128.46 seconds with accuracy 0.7858 and F1 (0:0.754 1:0.811)...
.*
optimization finished, #iter = 18
Objective value = -1182.02
nSV = 2411
Creating cache for labeled documents...
Generate 2300(0:1150) ranking pairs for L2R model training...
[Info]LambdaRank configuration:
	Optimization Type OT_MAP, Lambda 1.400, Shrinkage 0.980, WindowSize 20
	Initial step size 1.0, Steps 100, Iteration 10
Iter	Misorder	LogLilikelihood	Perf
0	856	-3096.95	0.7897
1	852	-3097.32	0.7899
2	859	-3097.93	0.7882
3	855	-3097.80	0.7894
4	856	-3097.80	0.7890
5	856	-3097.79	0.7890
6	856	-3097.79	0.7890
7	856	-3097.79	0.7890
8	856	-3097.79	0.7890
[Info]Training procedure takes 0.20 seconds to finish...
0.02604 -0.05495 0.02705 -0.06756 0.00949 -0.00065 0.00629 0.10546 0.03316 0.21197 -0.00000 
Construct nearest neighbor graph nodes in parallel: L: 3389, U: 13387
Construct nearest neighbor graph edges in parallel: L: 3389, U: 13387
[5019,6692) finished...
[1673,3346) finished...
[3346,5019) finished...
[0,1673) finished...
[11711,13387) finished...
[8365,10038) finished...
[10038,11711) finished...
[6692,8365) finished...
Nearest neighbor graph construction finished!
Random walk starts:
Iteration 1, converge to 0.049 with accuracy 0.7859...
Iteration 2, converge to 0.000 with accuracy 0.7859...
Iteration 3, converge to 0.000 with accuracy 0.7859...

Query	Docs	P@5	P@10	P@20
Pos	U	0.586	0.603	0.525
Pos	L	0.601	0.601	0.499
Neg	U	0.410	0.397	0.485
Neg	L	0.400	0.421	0.539

Gaussian Fields by random walk [C:SVM[C:2, F:8055, T:L2R_L1LOSS_SVC_DUAL, c:1.000], k:20, k':20, r:1.000, alpha:1.000, beta:1.000, eta:0.100]-[LambdaRank@MAP] Train/Test finished in 126.86 seconds with accuracy 0.7859 and F1 (0:0.756 1:0.809)...
...*
optimization finished, #iter = 37
Objective value = -1219.90
nSV = 2424
Creating cache for labeled documents...
Generate 2280(0:1140) ranking pairs for L2R model training...
[Info]LambdaRank configuration:
	Optimization Type OT_MAP, Lambda 1.400, Shrinkage 0.980, WindowSize 20
	Initial step size 1.0, Steps 100, Iteration 10
Iter	Misorder	LogLilikelihood	Perf
0	837	-3086.33	0.7968
1	834	-3086.34	0.7980
2	837	-3085.58	0.7968
3	834	-3085.41	0.7978
4	833	-3085.39	0.7982
5	833	-3085.39	0.7982
6	833	-3085.39	0.7982
[Info]Training procedure takes 0.17 seconds to finish...
0.02198 -0.04976 0.04546 -0.03700 0.00939 -0.00087 -0.01145 0.12972 0.02061 0.18469 -0.00000 
Construct nearest neighbor graph nodes in parallel: L: 3492, U: 13284
Construct nearest neighbor graph edges in parallel: L: 3492, U: 13284
[4980,6640) finished...
[1660,3320) finished...
[3320,4980) finished...
[0,1660) finished...
[11620,13284) finished...
[6640,8300) finished...
[8300,9960) finished...
[9960,11620) finished...
Nearest neighbor graph construction finished!
Random walk starts:
Iteration 1, converge to 0.048 with accuracy 0.7876...
Iteration 2, converge to 0.000 with accuracy 0.7876...
Iteration 3, converge to 0.000 with accuracy 0.7876...

Query	Docs	P@5	P@10	P@20
Pos	U	0.409	0.390	0.509
Pos	L	0.763	0.610	0.501
Neg	U	0.590	0.612	0.515
Neg	L	0.252	0.423	0.551

Gaussian Fields by random walk [C:SVM[C:2, F:8055, T:L2R_L1LOSS_SVC_DUAL, c:1.000], k:20, k':20, r:1.000, alpha:1.000, beta:1.000, eta:0.100]-[LambdaRank@MAP] Train/Test finished in 125.83 seconds with accuracy 0.7876 and F1 (0:0.758 1:0.811)...
.*
optimization finished, #iter = 18
Objective value = -1240.01
nSV = 2449
Creating cache for labeled documents...
Generate 2360(0:1180) ranking pairs for L2R model training...
[Info]LambdaRank configuration:
	Optimization Type OT_MAP, Lambda 1.400, Shrinkage 0.980, WindowSize 20
	Initial step size 1.0, Steps 100, Iteration 10
Iter	Misorder	LogLilikelihood	Perf
0	908	-3215.59	0.7754
1	908	-3215.58	0.7750
2	922	-3217.04	0.7719
3	921	-3217.65	0.7723
4	921	-3217.67	0.7723
5	921	-3217.67	0.7723
6	921	-3217.67	0.7723
7	921	-3217.67	0.7723
8	921	-3217.67	0.7723
[Info]Training procedure takes 0.22 seconds to finish...
0.01929 -0.04732 0.03532 0.02413 0.00692 -0.00037 0.00755 0.13579 0.00941 0.15941 -0.00000 
Construct nearest neighbor graph nodes in parallel: L: 3452, U: 13324
Construct nearest neighbor graph edges in parallel: L: 3452, U: 13324
[4995,6660) finished...
[1665,3330) finished...
[3330,4995) finished...
[0,1665) finished...
[11655,13324) finished...
[6660,8325) finished...
[8325,9990) finished...
[9990,11655) finished...
Nearest neighbor graph construction finished!
Random walk starts:
Iteration 1, converge to 0.050 with accuracy 0.7881...
Iteration 2, converge to 0.001 with accuracy 0.7881...
Iteration 3, converge to 0.000 with accuracy 0.7881...

Query	Docs	P@5	P@10	P@20
Pos	U	0.704	0.385	0.324
Pos	L	0.065	0.326	0.456
Neg	U	0.345	0.630	0.699
Neg	L	0.927	0.708	0.575

Gaussian Fields by random walk [C:SVM[C:2, F:8055, T:L2R_L1LOSS_SVC_DUAL, c:1.000], k:20, k':20, r:1.000, alpha:1.000, beta:1.000, eta:0.100]-[LambdaRank@MAP] Train/Test finished in 126.54 seconds with accuracy 0.7881 and F1 (0:0.756 1:0.813)...
..*
optimization finished, #iter = 21
Objective value = -1179.98
nSV = 2380
Creating cache for labeled documents...
Generate 2354(0:1177) ranking pairs for L2R model training...
[Info]LambdaRank configuration:
	Optimization Type OT_MAP, Lambda 1.400, Shrinkage 0.980, WindowSize 20
	Initial step size 1.0, Steps 100, Iteration 10
Iter	Misorder	LogLilikelihood	Perf
0	917	-3195.97	0.7756
1	918	-3193.90	0.7756
2	918	-3195.03	0.7753
3	924	-3195.67	0.7741
4	925	-3195.72	0.7737
5	925	-3195.72	0.7737
6	925	-3195.72	0.7737
7	925	-3195.72	0.7737
8	925	-3195.72	0.7737
9	925	-3195.72	0.7737
10	925	-3195.72	0.7737
11	925	-3195.72	0.7737
[Info]Training procedure takes 0.28 seconds to finish...
0.02523 -0.05697 0.04020 0.02342 0.01057 -0.00066 0.01896 0.15233 -0.00758 0.15942 -0.00000 
Construct nearest neighbor graph nodes in parallel: L: 3424, U: 13352
Construct nearest neighbor graph edges in parallel: L: 3424, U: 13352
[5007,6676) finished...
[1669,3338) finished...
[3338,5007) finished...
[11683,13352) finished...
[0,1669) finished...
[8345,10014) finished...
[6676,8345) finished...
[10014,11683) finished...
Nearest neighbor graph construction finished!
Random walk starts:
Iteration 1, converge to 0.050 with accuracy 0.7879...
Iteration 2, converge to 0.000 with accuracy 0.7879...
Iteration 3, converge to 0.000 with accuracy 0.7879...

Query	Docs	P@5	P@10	P@20
Pos	U	0.548	0.447	0.349
Pos	L	0.300	0.388	0.459
Neg	U	0.477	0.579	0.677
Neg	L	0.726	0.634	0.570

Gaussian Fields by random walk [C:SVM[C:2, F:8055, T:L2R_L1LOSS_SVC_DUAL, c:1.000], k:20, k':20, r:1.000, alpha:1.000, beta:1.000, eta:0.100]-[LambdaRank@MAP] Train/Test finished in 127.18 seconds with accuracy 0.7879 and F1 (0:0.756 1:0.813)...
.*
optimization finished, #iter = 19
Objective value = -1177.69
nSV = 2357
Creating cache for labeled documents...
Generate 2324(0:1162) ranking pairs for L2R model training...
[Info]LambdaRank configuration:
	Optimization Type OT_MAP, Lambda 1.400, Shrinkage 0.980, WindowSize 20
	Initial step size 1.0, Steps 100, Iteration 10
Iter	Misorder	LogLilikelihood	Perf
0	865	-3136.95	0.7836
1	830	-3133.89	0.7915
2	831	-3133.49	0.7912
3	841	-3134.03	0.7895
4	842	-3134.20	0.7893
5	843	-3134.22	0.7891
6	843	-3134.23	0.7891
7	843	-3134.23	0.7891
8	843	-3134.23	0.7891
9	843	-3134.23	0.7891
10	843	-3134.23	0.7891
11	843	-3134.23	0.7891
[Info]Training procedure takes 0.29 seconds to finish...
0.04073 -0.07426 0.05232 0.00707 0.02026 -0.00075 0.02422 0.14127 0.00439 0.19966 -0.00000 
Construct nearest neighbor graph nodes in parallel: L: 3320, U: 13456
Construct nearest neighbor graph edges in parallel: L: 3320, U: 13456
[5046,6728) finished...
[1682,3364) finished...
[0,1682) finished...
[3364,5046) finished...
[11774,13456) finished...
[8410,10092) finished...
[6728,8410) finished...
[10092,11774) finished...
Nearest neighbor graph construction finished!
Random walk starts:
Iteration 1, converge to 0.048 with accuracy 0.7921...
Iteration 2, converge to 0.001 with accuracy 0.7921...
Iteration 3, converge to 0.000 with accuracy 0.7921...

Query	Docs	P@5	P@10	P@20
Pos	U	0.662	0.654	0.633
Pos	L	0.683	0.649	0.626
Neg	U	0.286	0.268	0.299
Neg	L	0.351	0.378	0.412

Gaussian Fields by random walk [C:SVM[C:2, F:8055, T:L2R_L1LOSS_SVC_DUAL, c:1.000], k:20, k':20, r:1.000, alpha:1.000, beta:1.000, eta:0.100]-[LambdaRank@MAP] Train/Test finished in 128.76 seconds with accuracy 0.7921 and F1 (0:0.758 1:0.817)...
.*
optimization finished, #iter = 19
Objective value = -1155.65
nSV = 2341
Creating cache for labeled documents...
Generate 2210(0:1105) ranking pairs for L2R model training...
[Info]LambdaRank configuration:
	Optimization Type OT_MAP, Lambda 1.400, Shrinkage 0.980, WindowSize 20
	Initial step size 1.0, Steps 100, Iteration 10
Iter	Misorder	LogLilikelihood	Perf
0	807	-2976.57	0.7900
1	814	-2976.90	0.7884
2	800	-2975.17	0.7918
3	803	-2975.08	0.7910
4	805	-2975.02	0.7903
5	804	-2975.02	0.7905
6	804	-2975.02	0.7905
7	804	-2975.02	0.7905
8	804	-2975.02	0.7905
9	804	-2975.02	0.7905
[Info]Training procedure takes 0.23 seconds to finish...
0.03293 -0.06650 0.02049 -0.00580 0.01490 -0.00051 0.01258 0.16638 -0.00093 0.20407 -0.00000 
Construct nearest neighbor graph nodes in parallel: L: 3254, U: 13522
Construct nearest neighbor graph edges in parallel: L: 3254, U: 13522
[5070,6760) finished...
[1690,3380) finished...
[0,1690) finished...
[11830,13522) finished...
[3380,5070) finished...
[6760,8450) finished...
[8450,10140) finished...
[10140,11830) finished...
Nearest neighbor graph construction finished!
Random walk starts:
Iteration 1, converge to 0.043 with accuracy 0.7900...
Iteration 2, converge to 0.000 with accuracy 0.7900...
Iteration 3, converge to 0.000 with accuracy 0.7900...

Query	Docs	P@5	P@10	P@20
Pos	U	0.993	0.950	0.849
Pos	L	0.987	0.776	0.672
Neg	U	0.007	0.058	0.169
Neg	L	0.007	0.233	0.370

Gaussian Fields by random walk [C:SVM[C:2, F:8055, T:L2R_L1LOSS_SVC_DUAL, c:1.000], k:20, k':20, r:1.000, alpha:1.000, beta:1.000, eta:0.100]-[LambdaRank@MAP] Train/Test finished in 125.78 seconds with accuracy 0.7900 and F1 (0:0.754 1:0.816)...
.*
optimization finished, #iter = 18
Objective value = -1178.02
nSV = 2356
Creating cache for labeled documents...
Generate 2144(0:1072) ranking pairs for L2R model training...
[Info]LambdaRank configuration:
	Optimization Type OT_MAP, Lambda 1.400, Shrinkage 0.980, WindowSize 20
	Initial step size 1.0, Steps 100, Iteration 10
Iter	Misorder	LogLilikelihood	Perf
0	857	-2915.36	0.7742
1	849	-2913.91	0.7760
2	845	-2912.93	0.7774
3	848	-2914.06	0.7762
4	851	-2914.18	0.7753
5	851	-2914.20	0.7753
6	852	-2914.20	0.7749
7	852	-2914.20	0.7749
8	852	-2914.20	0.7749
9	852	-2914.20	0.7749
[Info]Training procedure takes 0.22 seconds to finish...
0.02714 -0.06888 0.06053 0.03892 0.01151 0.00002 0.02304 0.15261 -0.00265 0.13206 -0.00000 
Construct nearest neighbor graph nodes in parallel: L: 3308, U: 13468
Construct nearest neighbor graph edges in parallel: L: 3308, U: 13468
[5049,6732) finished...
[1683,3366) finished...
[0,1683) finished...
[3366,5049) finished...
[11781,13468) finished...
[6732,8415) finished...
[8415,10098) finished...
[10098,11781) finished...
Nearest neighbor graph construction finished!
Random walk starts:
Iteration 1, converge to 0.049 with accuracy 0.7809...
Iteration 2, converge to 0.001 with accuracy 0.7809...
Iteration 3, converge to 0.000 with accuracy 0.7809...

Query	Docs	P@5	P@10	P@20
Pos	U	0.630	0.524	0.472
Pos	L	0.800	0.607	0.483
Neg	U	0.363	0.480	0.528
Neg	L	0.183	0.380	0.506

Gaussian Fields by random walk [C:SVM[C:2, F:8055, T:L2R_L1LOSS_SVC_DUAL, c:1.000], k:20, k':20, r:1.000, alpha:1.000, beta:1.000, eta:0.100]-[LambdaRank@MAP] Train/Test finished in 123.20 seconds with accuracy 0.7809 and F1 (0:0.752 1:0.804)...
*************************************************
The final result of Gaussian Fields by random walk [C:SVM[C:2, F:8055, T:L2R_L1LOSS_SVC_DUAL, c:1.000], k:20, k':20, r:1.000, alpha:1.000, beta:1.000, eta:0.100]-[LambdaRank@MAP] is as follows:
The total number of classes is 2
Class 0:	precision(0.792+/-0.012)	recall(0.723+/-0.008)
Class 1:	precision(0.783+/-0.003)	recall(0.840+/-0.013)
	0	1	P
0	44271	11657	0.7916
1	16985	61295	0.7830
R	0.7227	0.8402	0.7866
F1	0.7556	0.8106

Query	Docs	P@5	P@10	P@20
Pos	U	0.707	0.619	0.564
Pos	L	0.619	0.576	0.533
Neg	U	0.298	0.389	0.457
Neg	L	0.407	0.461	0.514

