
--------------------------------------------------------------------------------------
Parameters of learning procedure:
#Class: 5	Ngram: 2	Feature value: TF	Normalization: 2
Doc length cut: 10	Window length: 0
Learning paradigm: SEMI	Sampling rate: 0.25	kUL: 100	kUU: 50
alpha: 1.05	beta: 1.01
Solver: Random Walk	Base Classifer: SVM	Weighted Sum: true	Similarity Weight: false
Classifier: SVM	Instance weighting: NONE	Trade-off Parameter: 1.0	Cross validation: 10
Data directory: ./data/amazon/small/dedup/RawData
--------------------------------------------------------------------------------------
Creating feature vectors, wait...
8055 feature words loaded from ./data/Features/fv_2gram_tablets_86jsons.txt...
Keywords for <screen>: 52
Keywords for <app>: 55
Keywords for <price>: 63
Keywords for <battery>: 60
Keywords for <sound>: 23
Keywords for <camera>: 47
Keywords for <cpu>: 46
Keywords for <microsd>: 44
Keywords for <internet>: 46
Keywords for <keyboard>: 26
Keywords for <usb>: 35
Keywords for <servic>: 49
Loading 614 stopwords from ./data/Model/stopwords.dat
DTLoading 16776 reviews from ./data/amazon/small/dedup/RawData
No normalizaiton is adopted here or wrong parameters!!
Text feature generated for 16776 documents...
2082 1104 1325 3146 9119 , Total: 16776
Info File Path: ./data/result/Topics_30Information.txt
Prior keywords for Topic 0 (<screen>): 52/52
Prior keywords for Topic 1 (<app>): 55/55
Prior keywords for Topic 2 (<price>): 63/63
Prior keywords for Topic 3 (<battery>): 60/60
Prior keywords for Topic 4 (<sound>): 23/23
Prior keywords for Topic 5 (<camera>): 47/47
Prior keywords for Topic 6 (<cpu>): 46/46
Prior keywords for Topic 7 (<microsd>): 44/44
Prior keywords for Topic 8 (<internet>): 46/46
Prior keywords for Topic 9 (<keyboard>): 26/26
Prior keywords for Topic 10 (<usb>): 35/35
Prior keywords for Topic 11 (<servic>): 49/50
..........Likelihood 16776.000 after step 100 converge to 0.000000 after 12 seconds...
Text feature generated for 16776 documents...
2082 1104 1325 3146 9119 , Total: 16776
Start Transductive Learning, wait...
.*
optimization finished, #iter = 18
Objective value = -1194.87
nSV = 2390
Creating cache for labeled documents...
Generate 2364(0:1182) ranking pairs for L2R model training...
[Info]LambdaRank configuration:
	Optimization Type OT_MAP, Lambda 1.000, Shrinkage 0.980, WindowSize 20
	Initial step size 1.0, Steps 100, Iteration 10
Iter	Misorder	LogLilikelihood	Perf
0	952	-3203.44	0.7757
1	961	-3203.48	0.7723
2	963	-3203.09	0.7723
3	968	-3203.65	0.7715
4	969	-3203.70	0.7713
5	969	-3203.70	0.7713
6	969	-3203.70	0.7713
7	969	-3203.70	0.7713
8	969	-3203.70	0.7713
9	969	-3203.70	0.7713
[Info]Training procedure takes 0.55 seconds to finish...
0.04032 -0.10007 0.05332 0.03309 0.01972 -0.00197 0.02365 0.18770 0.04288 0.14562 0.00000 
Construct nearest neighbor graph nodes in parallel: L: 3431, U: 13345
Construct nearest neighbor graph edges in parallel: L: 3431, U: 13345
[5004,6672) finished...
[1668,3336) finished...
[0,1668) finished...
[3336,5004) finished...
[11676,13345) finished...
[8340,10008) finished...
[6672,8340) finished...
[10008,11676) finished...
Nearest neighbor graph construction finished!
Random walk starts:
Iteration 1, converge to 0.048 with accuracy 0.7919...
Iteration 2, converge to 0.000 with accuracy 0.7919...
Iteration 3, converge to 0.000 with accuracy 0.7919...

Query	Docs	P@5	P@10	P@20
Pos	U	0.811	0.698	0.534
Pos	L	0.588	0.601	0.519
Neg	U	0.180	0.302	0.463
Neg	L	0.415	0.416	0.484

Gaussian Fields by random walk [C:SVM[C:2, F:8055, T:L2R_L1LOSS_SVC_DUAL, c:1.000], k:20, k':20, r:1.000, alpha:1.000, beta:1.000, eta:0.100]-[LambdaRank@MAP] Train/Test finished in 122.97 seconds with accuracy 0.7919 and F1 (0:0.762 1:0.815)...
.*.
optimization finished, #iter = 20
Objective value = -1178.21
nSV = 2370
Creating cache for labeled documents...
Generate 2336(0:1168) ranking pairs for L2R model training...
[Info]LambdaRank configuration:
	Optimization Type OT_MAP, Lambda 1.000, Shrinkage 0.980, WindowSize 20
	Initial step size 1.0, Steps 100, Iteration 10
Iter	Misorder	LogLilikelihood	Perf
0	913	-3147.26	0.7666
1	910	-3146.86	0.7675
2	919	-3147.62	0.7648
3	921	-3147.85	0.7644
4	920	-3147.89	0.7646
5	920	-3147.89	0.7646
6	920	-3147.89	0.7646
7	920	-3147.89	0.7646
8	920	-3147.89	0.7646
[Info]Training procedure takes 0.25 seconds to finish...
0.04714 -0.09615 0.05431 0.04337 0.02060 -0.00069 0.00955 0.17327 0.02016 0.22626 0.00000 
Construct nearest neighbor graph nodes in parallel: L: 3295, U: 13481
Construct nearest neighbor graph edges in parallel: L: 3295, U: 13481
[5055,6740) finished...
[1685,3370) finished...
[0,1685) finished...
[3370,5055) finished...
[11795,13481) finished...
[6740,8425) finished...
[8425,10110) finished...
[10110,11795) finished...
Nearest neighbor graph construction finished!
Random walk starts:
Iteration 1, converge to 0.052 with accuracy 0.7883...
Iteration 2, converge to 0.001 with accuracy 0.7883...
Iteration 3, converge to 0.000 with accuracy 0.7883...

Query	Docs	P@5	P@10	P@20
Pos	U	0.224	0.280	0.228
Pos	L	0.634	0.468	0.418
Neg	U	0.763	0.732	0.770
Neg	L	0.360	0.527	0.581

Gaussian Fields by random walk [C:SVM[C:2, F:8055, T:L2R_L1LOSS_SVC_DUAL, c:1.000], k:20, k':20, r:1.000, alpha:1.000, beta:1.000, eta:0.100]-[LambdaRank@MAP] Train/Test finished in 125.27 seconds with accuracy 0.7883 and F1 (0:0.761 1:0.810)...
.*
optimization finished, #iter = 19
Objective value = -1177.82
nSV = 2366
Creating cache for labeled documents...
Generate 2176(0:1088) ranking pairs for L2R model training...
[Info]LambdaRank configuration:
	Optimization Type OT_MAP, Lambda 1.000, Shrinkage 0.980, WindowSize 20
	Initial step size 1.0, Steps 100, Iteration 10
Iter	Misorder	LogLilikelihood	Perf
0	853	-2932.04	0.7732
1	848	-2931.92	0.7747
2	854	-2931.01	0.7730
3	852	-2930.93	0.7734
4	855	-2930.91	0.7723
5	855	-2930.91	0.7723
6	855	-2930.91	0.7723
7	855	-2930.91	0.7723
8	855	-2930.91	0.7723
[Info]Training procedure takes 0.22 seconds to finish...
0.04989 -0.11713 0.09159 -0.05204 0.02365 -0.00122 0.03488 0.20136 0.00977 0.16300 0.00000 
Construct nearest neighbor graph nodes in parallel: L: 3251, U: 13525
Construct nearest neighbor graph edges in parallel: L: 3251, U: 13525
[5070,6760) finished...
[1690,3380) finished...
[0,1690) finished...
[11830,13525) finished...
[3380,5070) finished...
[6760,8450) finished...
[8450,10140) finished...
[10140,11830) finished...
Nearest neighbor graph construction finished!
Random walk starts:
Iteration 1, converge to 0.044 with accuracy 0.7888...
Iteration 2, converge to 0.000 with accuracy 0.7888...
Iteration 3, converge to 0.000 with accuracy 0.7888...

Query	Docs	P@5	P@10	P@20
Pos	U	0.488	0.494	0.515
Pos	L	0.713	0.608	0.562
Neg	U	0.570	0.598	0.599
Neg	L	0.362	0.481	0.542

Gaussian Fields by random walk [C:SVM[C:2, F:8055, T:L2R_L1LOSS_SVC_DUAL, c:1.000], k:20, k':20, r:1.000, alpha:1.000, beta:1.000, eta:0.100]-[LambdaRank@MAP] Train/Test finished in 126.68 seconds with accuracy 0.7888 and F1 (0:0.757 1:0.813)...
....*
optimization finished, #iter = 49
Objective value = -1154.86
nSV = 2354
Creating cache for labeled documents...
Generate 2182(0:1091) ranking pairs for L2R model training...
[Info]LambdaRank configuration:
	Optimization Type OT_MAP, Lambda 1.000, Shrinkage 0.980, WindowSize 20
	Initial step size 1.0, Steps 100, Iteration 10
Iter	Misorder	LogLilikelihood	Perf
0	866	-2960.00	0.7796
1	865	-2959.34	0.7797
2	865	-2959.32	0.7795
3	866	-2959.21	0.7792
4	866	-2959.22	0.7792
5	866	-2959.22	0.7792
6	866	-2959.22	0.7792
7	866	-2959.22	0.7792
8	866	-2959.22	0.7792
[Info]Training procedure takes 0.22 seconds to finish...
0.04820 -0.10108 0.06352 -0.02475 0.02315 -0.00062 0.02861 0.19777 0.00652 0.13693 -0.00000 
Construct nearest neighbor graph nodes in parallel: L: 3368, U: 13408
Construct nearest neighbor graph edges in parallel: L: 3368, U: 13408
[5028,6704) finished...
[1676,3352) finished...
[0,1676) finished...
[3352,5028) finished...
[11732,13408) finished...
[6704,8380) finished...
[8380,10056) finished...
[10056,11732) finished...
Nearest neighbor graph construction finished!
Random walk starts:
Iteration 1, converge to 0.044 with accuracy 0.7767...
Iteration 2, converge to 0.000 with accuracy 0.7767...
Iteration 3, converge to 0.000 with accuracy 0.7767...

Query	Docs	P@5	P@10	P@20
Pos	U	0.619	0.582	0.570
Pos	L	0.592	0.568	0.552
Neg	U	0.438	0.504	0.545
Neg	L	0.509	0.540	0.563

Gaussian Fields by random walk [C:SVM[C:2, F:8055, T:L2R_L1LOSS_SVC_DUAL, c:1.000], k:20, k':20, r:1.000, alpha:1.000, beta:1.000, eta:0.100]-[LambdaRank@MAP] Train/Test finished in 126.60 seconds with accuracy 0.7767 and F1 (0:0.742 1:0.803)...
.*
optimization finished, #iter = 19
Objective value = -1155.69
nSV = 2366
Creating cache for labeled documents...
Generate 2310(0:1155) ranking pairs for L2R model training...
[Info]LambdaRank configuration:
	Optimization Type OT_MAP, Lambda 1.000, Shrinkage 0.980, WindowSize 20
	Initial step size 1.0, Steps 100, Iteration 10
Iter	Misorder	LogLilikelihood	Perf
0	838	-3094.70	0.7898
1	836	-3094.22	0.7904
2	837	-3094.56	0.7901
3	848	-3094.86	0.7868
4	848	-3094.84	0.7868
5	848	-3094.84	0.7868
6	848	-3094.84	0.7868
7	848	-3094.84	0.7868
8	848	-3094.84	0.7868
[Info]Training procedure takes 0.22 seconds to finish...
0.06008 -0.12625 0.07406 0.01847 0.03079 -0.00127 0.04943 0.21344 0.01417 0.19792 0.00000 
Construct nearest neighbor graph nodes in parallel: L: 3375, U: 13401
Construct nearest neighbor graph edges in parallel: L: 3375, U: 13401
[5025,6700) finished...
[1675,3350) finished...
[0,1675) finished...
[3350,5025) finished...
[6700,8375) finished...
[11725,13401) finished...
[8375,10050) finished...
[10050,11725) finished...
Nearest neighbor graph construction finished!
Random walk starts:
Iteration 1, converge to 0.052 with accuracy 0.7814...
Iteration 2, converge to 0.001 with accuracy 0.7814...
Iteration 3, converge to 0.000 with accuracy 0.7814...

Query	Docs	P@5	P@10	P@20
Pos	U	0.510	0.412	0.385
Pos	L	0.595	0.533	0.465
Neg	U	0.430	0.536	0.581
Neg	L	0.409	0.486	0.550

Gaussian Fields by random walk [C:SVM[C:2, F:8055, T:L2R_L1LOSS_SVC_DUAL, c:1.000], k:20, k':20, r:1.000, alpha:1.000, beta:1.000, eta:0.100]-[LambdaRank@MAP] Train/Test finished in 124.24 seconds with accuracy 0.7814 and F1 (0:0.749 1:0.806)...
.*
optimization finished, #iter = 19
Objective value = -1212.22
nSV = 2413
Creating cache for labeled documents...
Generate 2398(0:1199) ranking pairs for L2R model training...
[Info]LambdaRank configuration:
	Optimization Type OT_MAP, Lambda 1.000, Shrinkage 0.980, WindowSize 20
	Initial step size 1.0, Steps 100, Iteration 10
Iter	Misorder	LogLilikelihood	Perf
0	842	-3182.67	0.7948
1	838	-3181.64	0.7950
2	841	-3181.98	0.7948
3	843	-3182.60	0.7941
4	843	-3182.51	0.7941
5	842	-3182.50	0.7943
6	842	-3182.49	0.7943
7	842	-3182.49	0.7943
8	842	-3182.49	0.7943
[Info]Training procedure takes 0.22 seconds to finish...
0.05756 -0.10929 0.03930 0.03079 0.02708 -0.00183 0.04326 0.20541 0.01979 0.28996 0.00000 
Construct nearest neighbor graph nodes in parallel: L: 3402, U: 13374
Construct nearest neighbor graph edges in parallel: L: 3402, U: 13374
[5013,6684) finished...
[1671,3342) finished...
[0,1671) finished...
[3342,5013) finished...
[11697,13374) finished...
[6684,8355) finished...
[8355,10026) finished...
[10026,11697) finished...
Nearest neighbor graph construction finished!
Random walk starts:
Iteration 1, converge to 0.051 with accuracy 0.7872...
Iteration 2, converge to 0.001 with accuracy 0.7872...
Iteration 3, converge to 0.000 with accuracy 0.7872...

Query	Docs	P@5	P@10	P@20
Pos	U	0.529	0.517	0.464
Pos	L	0.532	0.500	0.507
Neg	U	0.414	0.436	0.488
Neg	L	0.463	0.524	0.515

Gaussian Fields by random walk [C:SVM[C:2, F:8055, T:L2R_L1LOSS_SVC_DUAL, c:1.000], k:20, k':20, r:1.000, alpha:1.000, beta:1.000, eta:0.100]-[LambdaRank@MAP] Train/Test finished in 125.16 seconds with accuracy 0.7872 and F1 (0:0.758 1:0.810)...
.*
optimization finished, #iter = 18
Objective value = -1188.31
nSV = 2378
Creating cache for labeled documents...
Generate 2352(0:1176) ranking pairs for L2R model training...
[Info]LambdaRank configuration:
	Optimization Type OT_MAP, Lambda 1.000, Shrinkage 0.980, WindowSize 20
	Initial step size 1.0, Steps 100, Iteration 10
Iter	Misorder	LogLilikelihood	Perf
0	870	-3148.86	0.7847
1	882	-3151.35	0.7806
2	882	-3150.58	0.7807
3	885	-3149.90	0.7806
4	884	-3149.95	0.7808
5	884	-3149.95	0.7808
6	884	-3149.95	0.7808
7	884	-3149.95	0.7808
8	884	-3149.95	0.7808
[Info]Training procedure takes 0.21 seconds to finish...
0.05512 -0.12683 0.10149 0.02654 0.02467 -0.00026 0.04091 0.23461 0.00095 0.19019 0.00000 
Construct nearest neighbor graph nodes in parallel: L: 3362, U: 13414
Construct nearest neighbor graph edges in parallel: L: 3362, U: 13414
[5028,6704) finished...
[1676,3352) finished...
[0,1676) finished...
[3352,5028) finished...
[11732,13414) finished...
[6704,8380) finished...
[8380,10056) finished...
[10056,11732) finished...
Nearest neighbor graph construction finished!
Random walk starts:
Iteration 1, converge to 0.050 with accuracy 0.7833...
Iteration 2, converge to 0.001 with accuracy 0.7833...
Iteration 3, converge to 0.000 with accuracy 0.7833...

Query	Docs	P@5	P@10	P@20
Pos	U	0.482	0.428	0.392
Pos	L	0.605	0.667	0.575
Neg	U	0.493	0.552	0.590
Neg	L	0.421	0.386	0.463

Gaussian Fields by random walk [C:SVM[C:2, F:8055, T:L2R_L1LOSS_SVC_DUAL, c:1.000], k:20, k':20, r:1.000, alpha:1.000, beta:1.000, eta:0.100]-[LambdaRank@MAP] Train/Test finished in 125.43 seconds with accuracy 0.7833 and F1 (0:0.752 1:0.808)...
.*.
optimization finished, #iter = 20
Objective value = -1196.63
nSV = 2396
Creating cache for labeled documents...
Generate 2226(0:1113) ranking pairs for L2R model training...
[Info]LambdaRank configuration:
	Optimization Type OT_MAP, Lambda 1.000, Shrinkage 0.980, WindowSize 20
	Initial step size 1.0, Steps 100, Iteration 10
Iter	Misorder	LogLilikelihood	Perf
0	918	-3057.68	0.7717
1	907	-3056.78	0.7738
2	908	-3056.77	0.7742
3	910	-3056.66	0.7740
4	910	-3056.66	0.7740
5	910	-3056.65	0.7740
6	910	-3056.65	0.7740
7	910	-3056.65	0.7740
8	910	-3056.65	0.7740
[Info]Training procedure takes 0.22 seconds to finish...
0.02359 -0.05714 -0.00715 -0.01240 0.00544 -0.00023 -0.00180 0.12664 -0.00741 0.12672 -0.00000 
Construct nearest neighbor graph nodes in parallel: L: 3317, U: 13459
Construct nearest neighbor graph edges in parallel: L: 3317, U: 13459
[5046,6728) finished...
[1682,3364) finished...
[0,1682) finished...
[3364,5046) finished...
[11774,13459) finished...
[6728,8410) finished...
[10092,11774) finished...
[8410,10092) finished...
Nearest neighbor graph construction finished!
Random walk starts:
Iteration 1, converge to 0.047 with accuracy 0.7857...
Iteration 2, converge to 0.000 with accuracy 0.7857...
Iteration 3, converge to 0.000 with accuracy 0.7857...

Query	Docs	P@5	P@10	P@20
Pos	U	0.610	0.706	0.613
Pos	L	0.555	0.594	0.539
Neg	U	0.390	0.301	0.411
Neg	L	0.486	0.471	0.527

Gaussian Fields by random walk [C:SVM[C:2, F:8055, T:L2R_L1LOSS_SVC_DUAL, c:1.000], k:20, k':20, r:1.000, alpha:1.000, beta:1.000, eta:0.100]-[LambdaRank@MAP] Train/Test finished in 124.51 seconds with accuracy 0.7857 and F1 (0:0.754 1:0.810)...
..*
optimization finished, #iter = 21
Objective value = -1216.44
nSV = 2403
Creating cache for labeled documents...
Generate 2156(0:1078) ranking pairs for L2R model training...
[Info]LambdaRank configuration:
	Optimization Type OT_MAP, Lambda 1.000, Shrinkage 0.980, WindowSize 20
	Initial step size 1.0, Steps 100, Iteration 10
Iter	Misorder	LogLilikelihood	Perf
0	887	-2931.81	0.7587
1	858	-2929.58	0.7663
2	885	-2931.15	0.7597
3	887	-2931.45	0.7592
4	888	-2931.59	0.7590
5	888	-2931.61	0.7590
6	888	-2931.62	0.7590
7	888	-2931.62	0.7590
8	888	-2931.62	0.7590
9	888	-2931.62	0.7590
[Info]Training procedure takes 0.23 seconds to finish...
0.02909 -0.04915 -0.00413 0.02451 0.01164 -0.00081 -0.02254 0.14674 -0.00534 0.19993 0.00000 
Construct nearest neighbor graph nodes in parallel: L: 3357, U: 13419
Construct nearest neighbor graph edges in parallel: L: 3357, U: 13419
[5031,6708) finished...
[1677,3354) finished...
[11739,13419) finished...
[0,1677) finished...
[3354,5031) finished...
[10062,11739) finished...
[6708,8385) finished...
[8385,10062) finished...
Nearest neighbor graph construction finished!
Random walk starts:
Iteration 1, converge to 0.052 with accuracy 0.7912...
Iteration 2, converge to 0.001 with accuracy 0.7912...
Iteration 3, converge to 0.000 with accuracy 0.7912...

Query	Docs	P@5	P@10	P@20
Pos	U	0.615	0.449	0.420
Pos	L	0.494	0.448	0.391
Neg	U	0.380	0.511	0.550
Neg	L	0.512	0.535	0.598

Gaussian Fields by random walk [C:SVM[C:2, F:8055, T:L2R_L1LOSS_SVC_DUAL, c:1.000], k:20, k':20, r:1.000, alpha:1.000, beta:1.000, eta:0.100]-[LambdaRank@MAP] Train/Test finished in 124.22 seconds with accuracy 0.7912 and F1 (0:0.763 1:0.814)...
..*
optimization finished, #iter = 22
Objective value = -1174.78
nSV = 2370
Creating cache for labeled documents...
Generate 2272(0:1136) ranking pairs for L2R model training...
[Info]LambdaRank configuration:
	Optimization Type OT_MAP, Lambda 1.000, Shrinkage 0.980, WindowSize 20
	Initial step size 1.0, Steps 100, Iteration 10
Iter	Misorder	LogLilikelihood	Perf
0	903	-3092.13	0.7704
1	901	-3090.74	0.7707
2	906	-3091.58	0.7696
3	903	-3091.01	0.7703
4	903	-3091.03	0.7703
5	903	-3091.02	0.7703
6	903	-3091.02	0.7703
[Info]Training procedure takes 0.19 seconds to finish...
0.04456 -0.10139 0.02303 0.04115 0.01976 -0.00042 0.02442 0.18065 0.03347 0.15108 0.00000 
Construct nearest neighbor graph nodes in parallel: L: 3394, U: 13382
Construct nearest neighbor graph edges in parallel: L: 3394, U: 13382
[5016,6688) finished...
[1672,3344) finished...
[0,1672) finished...
[3344,5016) finished...
[6688,8360) finished...
[8360,10032) finished...
[11704,13382) finished...
[10032,11704) finished...
Nearest neighbor graph construction finished!
Random walk starts:
Iteration 1, converge to 0.048 with accuracy 0.7867...
Iteration 2, converge to 0.001 with accuracy 0.7867...
Iteration 3, converge to 0.000 with accuracy 0.7867...

Query	Docs	P@5	P@10	P@20
Pos	U	0.607	0.463	0.431
Pos	L	0.648	0.685	0.645
Neg	U	0.388	0.530	0.566
Neg	L	0.330	0.312	0.360

Gaussian Fields by random walk [C:SVM[C:2, F:8055, T:L2R_L1LOSS_SVC_DUAL, c:1.000], k:20, k':20, r:1.000, alpha:1.000, beta:1.000, eta:0.100]-[LambdaRank@MAP] Train/Test finished in 123.85 seconds with accuracy 0.7867 and F1 (0:0.756 1:0.811)...
*************************************************
The final result of Gaussian Fields by random walk [C:SVM[C:2, F:8055, T:L2R_L1LOSS_SVC_DUAL, c:1.000], k:20, k':20, r:1.000, alpha:1.000, beta:1.000, eta:0.100]-[LambdaRank@MAP] is as follows:
The total number of classes is 2
Class 0:	precision(0.790+/-0.007)	recall(0.723+/-0.013)
Class 1:	precision(0.783+/-0.008)	recall(0.839+/-0.007)
	0	1	P
0	44305	11755	0.7903
1	16951	61197	0.7831
R	0.7233	0.8389	0.7861
F1	0.7553	0.8100

Query	Docs	P@5	P@10	P@20
Pos	U	0.550	0.503	0.455
Pos	L	0.596	0.567	0.517
Neg	U	0.445	0.500	0.556
Neg	L	0.427	0.468	0.519

