
--------------------------------------------------------------------------------------
Parameters of learning procedure:
#Class: 5	Ngram: 2	Feature value: TF	Normalization: 2
Doc length cut: 10	Window length: 20
Learning paradigm: SEMI	Sampling rate: 0.25	kUL: 100	kUU: 50
alpha: 1.05	beta: 1.01
Solver: Random Walk	Base Classifer: SVM	Weighted Sum: true	Similarity Weight: false
Classifier: SVM	Instance weighting: NONE	Trade-off Parameter: 1.0	Cross validation: 10
Data directory: ./data/amazon/small/dedup/RawData
--------------------------------------------------------------------------------------
Creating feature vectors, wait...
8055 feature words loaded from ./data/Features/fv_2gram_tablets_86jsons.txt...
Keywords for <screen>: 52
Keywords for <app>: 55
Keywords for <price>: 63
Keywords for <battery>: 60
Keywords for <sound>: 23
Keywords for <camera>: 47
Keywords for <cpu>: 46
Keywords for <microsd>: 44
Keywords for <internet>: 46
Keywords for <keyboard>: 26
Keywords for <usb>: 35
Keywords for <servic>: 49
Loading 614 stopwords from ./data/Model/stopwords.dat
DTLoading 16776 reviews from ./data/amazon/small/dedup/RawData
No normalizaiton is adopted here or wrong parameters!!
Text feature generated for 16776 documents...
2082 1104 1325 3146 9119 , Total: 16776
Info File Path: ./data/result/Topics_30Information.txt
Prior keywords for Topic 0 (<screen>): 52/52
Prior keywords for Topic 1 (<app>): 55/55
Prior keywords for Topic 2 (<price>): 63/63
Prior keywords for Topic 3 (<battery>): 60/60
Prior keywords for Topic 4 (<sound>): 23/23
Prior keywords for Topic 5 (<camera>): 47/47
Prior keywords for Topic 6 (<cpu>): 46/46
Prior keywords for Topic 7 (<microsd>): 44/44
Prior keywords for Topic 8 (<internet>): 46/46
Prior keywords for Topic 9 (<keyboard>): 26/26
Prior keywords for Topic 10 (<usb>): 35/35
Prior keywords for Topic 11 (<servic>): 49/50
..........Likelihood 16776.000 after step 100 converge to 0.000000 after 13 seconds...
Text feature generated for 16776 documents...
2082 1104 1325 3146 9119 , Total: 16776
Start Transductive Learning, wait...
..*
optimization finished, #iter = 26
Objective value = -1190.18
nSV = 2392
Creating cache for labeled documents...
Generate 2266(0:1133) ranking pairs for L2R model training...
[Info]LambdaRank configuration:
	Optimization Type OT_MAP, Lambda 1.000, Shrinkage 0.980, WindowSize 20
	Initial step size 1.0, Steps 100, Iteration 10
Iter	Misorder	LogLilikelihood	Perf
0	844	-3028.92	0.7882
1	840	-3028.49	0.7891
2	841	-3028.72	0.7893
3	845	-3027.51	0.7880
4	847	-3027.29	0.7876
5	848	-3027.26	0.7871
6	848	-3027.26	0.7871
7	848	-3027.26	0.7871
8	848	-3027.26	0.7871
9	848	-3027.26	0.7871
[Info]Training procedure takes 0.42 seconds to finish...
0.04972 -0.08590 0.03785 -0.04823 0.02018 -0.00012 -0.00772 0.18665 0.00412 0.27039 -0.00000 
Construct nearest neighbor graph nodes in parallel: L: 3347, U: 13429
Construct nearest neighbor graph edges in parallel: L: 3347, U: 13429
[5034,6712) finished...
[1678,3356) finished...
[3356,5034) finished...
[0,1678) finished...
[11746,13429) finished...
[6712,8390) finished...
[8390,10068) finished...
[10068,11746) finished...
Nearest neighbor graph construction finished!
Random walk starts:
Iteration 1, converge to 0.049 with accuracy 0.7896...
Iteration 2, converge to 0.000 with accuracy 0.7896...
Iteration 3, converge to 0.000 with accuracy 0.7896...

Query	Docs	P@5	P@10	P@20
Pos	U	0.273	0.315	0.400
Pos	L	0.608	0.570	0.496
Neg	U	0.716	0.684	0.616
Neg	L	0.387	0.446	0.550

Gaussian Fields by random walk [C:SVM[C:2, F:8055, T:L2R_L1LOSS_SVC_DUAL, c:1.000], k:20, k':20, r:1.000, alpha:1.000, beta:1.000, eta:0.100]-[LambdaRank@MAP] Train/Test finished in 127.91 seconds with accuracy 0.7896 and F1 (0:0.755 1:0.816)...
.*
optimization finished, #iter = 17
Objective value = -1185.70
nSV = 2377
Creating cache for labeled documents...
Generate 2260(0:1130) ranking pairs for L2R model training...
[Info]LambdaRank configuration:
	Optimization Type OT_MAP, Lambda 1.000, Shrinkage 0.980, WindowSize 20
	Initial step size 1.0, Steps 100, Iteration 10
Iter	Misorder	LogLilikelihood	Perf
0	767	-2956.62	0.7950
1	773	-2955.70	0.7938
2	778	-2955.13	0.7934
3	781	-2955.25	0.7924
4	781	-2955.26	0.7924
5	781	-2955.26	0.7924
6	781	-2955.26	0.7924
7	781	-2955.26	0.7924
8	781	-2955.26	0.7924
9	781	-2955.26	0.7924
[Info]Training procedure takes 0.27 seconds to finish...
0.06474 -0.12800 0.12795 -0.06879 0.02548 0.00021 0.04298 0.22380 0.03984 0.30686 -0.00000 
Construct nearest neighbor graph nodes in parallel: L: 3326, U: 13450
Construct nearest neighbor graph edges in parallel: L: 3326, U: 13450
[5043,6724) finished...
[1681,3362) finished...
[0,1681) finished...
[3362,5043) finished...
[11767,13450) finished...
[8405,10086) finished...
[6724,8405) finished...
[10086,11767) finished...
Nearest neighbor graph construction finished!
Random walk starts:
Iteration 1, converge to 0.044 with accuracy 0.7877...
Iteration 2, converge to 0.000 with accuracy 0.7877...
Iteration 3, converge to 0.000 with accuracy 0.7877...

Query	Docs	P@5	P@10	P@20
Pos	U	0.780	0.731	0.700
Pos	L	0.775	0.660	0.573
Neg	U	0.232	0.299	0.367
Neg	L	0.238	0.385	0.494

Gaussian Fields by random walk [C:SVM[C:2, F:8055, T:L2R_L1LOSS_SVC_DUAL, c:1.000], k:20, k':20, r:1.000, alpha:1.000, beta:1.000, eta:0.100]-[LambdaRank@MAP] Train/Test finished in 128.42 seconds with accuracy 0.7877 and F1 (0:0.752 1:0.814)...
.*.
optimization finished, #iter = 20
Objective value = -1224.30
nSV = 2391
Creating cache for labeled documents...
Generate 2244(0:1122) ranking pairs for L2R model training...
[Info]LambdaRank configuration:
	Optimization Type OT_MAP, Lambda 1.000, Shrinkage 0.980, WindowSize 20
	Initial step size 1.0, Steps 100, Iteration 10
Iter	Misorder	LogLilikelihood	Perf
0	845	-2990.07	0.7827
1	860	-2989.42	0.7787
2	848	-2990.02	0.7816
3	849	-2990.09	0.7818
4	849	-2990.08	0.7818
5	849	-2990.08	0.7818
6	849	-2990.08	0.7818
[Info]Training procedure takes 0.16 seconds to finish...
0.06157 -0.09952 0.03673 -0.06894 0.02571 0.00021 0.04140 0.18053 0.01437 0.26204 0.00000 
Construct nearest neighbor graph nodes in parallel: L: 3363, U: 13413
Construct nearest neighbor graph edges in parallel: L: 3363, U: 13413
[5028,6704) finished...
[1676,3352) finished...
[3352,5028) finished...
[0,1676) finished...
[11732,13413) finished...
[6704,8380) finished...
[8380,10056) finished...
[10056,11732) finished...
Nearest neighbor graph construction finished!
Random walk starts:
Iteration 1, converge to 0.045 with accuracy 0.7880...
Iteration 2, converge to 0.000 with accuracy 0.7880...
Iteration 3, converge to 0.000 with accuracy 0.7880...

Query	Docs	P@5	P@10	P@20
Pos	U	1.000	0.881	0.814
Pos	L	0.634	0.539	0.514
Neg	U	0.001	0.123	0.209
Neg	L	0.380	0.504	0.549

Gaussian Fields by random walk [C:SVM[C:2, F:8055, T:L2R_L1LOSS_SVC_DUAL, c:1.000], k:20, k':20, r:1.000, alpha:1.000, beta:1.000, eta:0.100]-[LambdaRank@MAP] Train/Test finished in 123.34 seconds with accuracy 0.7880 and F1 (0:0.760 1:0.810)...
..*
optimization finished, #iter = 29
Objective value = -1217.23
nSV = 2417
Creating cache for labeled documents...
Generate 2266(0:1133) ranking pairs for L2R model training...
[Info]LambdaRank configuration:
	Optimization Type OT_MAP, Lambda 1.000, Shrinkage 0.980, WindowSize 20
	Initial step size 1.0, Steps 100, Iteration 10
Iter	Misorder	LogLilikelihood	Perf
0	813	-3026.16	0.7871
1	825	-3024.35	0.7849
2	827	-3024.20	0.7848
3	828	-3024.25	0.7846
4	827	-3024.26	0.7850
5	827	-3024.26	0.7850
6	827	-3024.26	0.7850
7	827	-3024.26	0.7850
8	827	-3024.26	0.7850
9	827	-3024.26	0.7850
[Info]Training procedure takes 0.22 seconds to finish...
0.03910 -0.08135 0.02116 -0.06085 0.01885 -0.00129 0.00163 0.18489 0.01358 0.28771 0.00000 
Construct nearest neighbor graph nodes in parallel: L: 3409, U: 13367
Construct nearest neighbor graph edges in parallel: L: 3409, U: 13367
[5010,6680) finished...
[1670,3340) finished...
[0,1670) finished...
[3340,5010) finished...
[11690,13367) finished...
[6680,8350) finished...
[8350,10020) finished...
[10020,11690) finished...
Nearest neighbor graph construction finished!
Random walk starts:
Iteration 1, converge to 0.045 with accuracy 0.7847...
Iteration 2, converge to 0.000 with accuracy 0.7847...
Iteration 3, converge to 0.000 with accuracy 0.7847...

Query	Docs	P@5	P@10	P@20
Pos	U	1.000	0.990	0.931
Pos	L	0.755	0.650	0.556
Neg	U	0.000	0.010	0.076
Neg	L	0.267	0.402	0.491

Gaussian Fields by random walk [C:SVM[C:2, F:8055, T:L2R_L1LOSS_SVC_DUAL, c:1.000], k:20, k':20, r:1.000, alpha:1.000, beta:1.000, eta:0.100]-[LambdaRank@MAP] Train/Test finished in 121.39 seconds with accuracy 0.7847 and F1 (0:0.756 1:0.808)...
.*.
optimization finished, #iter = 20
Objective value = -1206.89
nSV = 2405
Creating cache for labeled documents...
Generate 2272(0:1136) ranking pairs for L2R model training...
[Info]LambdaRank configuration:
	Optimization Type OT_MAP, Lambda 1.000, Shrinkage 0.980, WindowSize 20
	Initial step size 1.0, Steps 100, Iteration 10
Iter	Misorder	LogLilikelihood	Perf
0	907	-3082.15	0.7766
1	909	-3082.67	0.7760
2	909	-3082.05	0.7757
3	913	-3082.39	0.7749
4	913	-3082.43	0.7748
5	913	-3082.44	0.7748
6	913	-3082.44	0.7748
7	913	-3082.44	0.7748
8	913	-3082.44	0.7748
9	913	-3082.44	0.7748
10	913	-3082.44	0.7748
11	913	-3082.44	0.7748
[Info]Training procedure takes 0.27 seconds to finish...
0.03087 -0.05385 0.02383 0.04579 0.00928 -0.00067 -0.01059 0.15552 0.01484 0.19324 -0.00000 
Construct nearest neighbor graph nodes in parallel: L: 3384, U: 13392
Construct nearest neighbor graph edges in parallel: L: 3384, U: 13392
[5022,6696) finished...
[1674,3348) finished...
[0,1674) finished...
[3348,5022) finished...
[11718,13392) finished...
[6696,8370) finished...
[8370,10044) finished...
[10044,11718) finished...
Nearest neighbor graph construction finished!
Random walk starts:
Iteration 1, converge to 0.049 with accuracy 0.7876...
Iteration 2, converge to 0.001 with accuracy 0.7876...
Iteration 3, converge to 0.000 with accuracy 0.7876...

Query	Docs	P@5	P@10	P@20
Pos	U	0.477	0.445	0.481
Pos	L	0.619	0.712	0.625
Neg	U	0.491	0.518	0.500
Neg	L	0.375	0.289	0.375

Gaussian Fields by random walk [C:SVM[C:2, F:8055, T:L2R_L1LOSS_SVC_DUAL, c:1.000], k:20, k':20, r:1.000, alpha:1.000, beta:1.000, eta:0.100]-[LambdaRank@MAP] Train/Test finished in 122.10 seconds with accuracy 0.7876 and F1 (0:0.753 1:0.814)...
.*.
optimization finished, #iter = 20
Objective value = -1221.13
nSV = 2383
Creating cache for labeled documents...
Generate 2240(0:1120) ranking pairs for L2R model training...
[Info]LambdaRank configuration:
	Optimization Type OT_MAP, Lambda 1.000, Shrinkage 0.980, WindowSize 20
	Initial step size 1.0, Steps 100, Iteration 10
Iter	Misorder	LogLilikelihood	Perf
0	947	-3046.03	0.7648
1	945	-3040.60	0.7649
2	943	-3040.37	0.7653
3	945	-3039.34	0.7652
4	944	-3039.20	0.7659
5	944	-3039.19	0.7659
6	944	-3039.18	0.7659
[Info]Training procedure takes 0.17 seconds to finish...
0.00844 -0.02739 -0.02515 0.08670 0.00031 0.00025 -0.04373 0.05736 0.01308 0.15338 -0.00000 
Construct nearest neighbor graph nodes in parallel: L: 3344, U: 13432
Construct nearest neighbor graph edges in parallel: L: 3344, U: 13432
[5037,6716) finished...
[1679,3358) finished...
[0,1679) finished...
[3358,5037) finished...
[11753,13432) finished...
[6716,8395) finished...
[10074,11753) finished...
[8395,10074) finished...
Nearest neighbor graph construction finished!
Random walk starts:
Iteration 1, converge to 0.049 with accuracy 0.7889...
Iteration 2, converge to 0.001 with accuracy 0.7889...
Iteration 3, converge to 0.000 with accuracy 0.7889...

Query	Docs	P@5	P@10	P@20
Pos	U	0.419	0.231	0.222
Pos	L	0.732	0.423	0.406
Neg	U	0.575	0.759	0.771
Neg	L	0.271	0.569	0.590

Gaussian Fields by random walk [C:SVM[C:2, F:8055, T:L2R_L1LOSS_SVC_DUAL, c:1.000], k:20, k':20, r:1.000, alpha:1.000, beta:1.000, eta:0.100]-[LambdaRank@MAP] Train/Test finished in 120.84 seconds with accuracy 0.7889 and F1 (0:0.758 1:0.813)...
.*
optimization finished, #iter = 19
Objective value = -1187.34
nSV = 2394
Creating cache for labeled documents...
Generate 2300(0:1150) ranking pairs for L2R model training...
[Info]LambdaRank configuration:
	Optimization Type OT_MAP, Lambda 1.000, Shrinkage 0.980, WindowSize 20
	Initial step size 1.0, Steps 100, Iteration 10
Iter	Misorder	LogLilikelihood	Perf
0	916	-3121.31	0.7737
1	914	-3120.51	0.7740
2	914	-3121.35	0.7736
3	921	-3122.14	0.7725
4	921	-3122.12	0.7725
5	921	-3122.11	0.7725
6	921	-3122.11	0.7725
7	921	-3122.11	0.7725
8	921	-3122.11	0.7725
[Info]Training procedure takes 0.21 seconds to finish...
0.03430 -0.07778 0.05087 0.04607 0.01583 -0.00249 -0.00178 0.18117 0.00165 0.16369 0.00000 
Construct nearest neighbor graph nodes in parallel: L: 3332, U: 13444
Construct nearest neighbor graph edges in parallel: L: 3332, U: 13444
[5040,6720) finished...
[1680,3360) finished...
[3360,5040) finished...
[0,1680) finished...
[11760,13444) finished...
[6720,8400) finished...
[8400,10080) finished...
[10080,11760) finished...
Nearest neighbor graph construction finished!
Random walk starts:
Iteration 1, converge to 0.053 with accuracy 0.7842...
Iteration 2, converge to 0.000 with accuracy 0.7842...
Iteration 3, converge to 0.000 with accuracy 0.7842...

Query	Docs	P@5	P@10	P@20
Pos	U	0.001	0.159	0.153
Pos	L	0.540	0.373	0.386
Neg	U	0.999	0.862	0.851
Neg	L	0.475	0.629	0.621

Gaussian Fields by random walk [C:SVM[C:2, F:8055, T:L2R_L1LOSS_SVC_DUAL, c:1.000], k:20, k':20, r:1.000, alpha:1.000, beta:1.000, eta:0.100]-[LambdaRank@MAP] Train/Test finished in 123.14 seconds with accuracy 0.7842 and F1 (0:0.755 1:0.807)...
.*
optimization finished, #iter = 18
Objective value = -1166.13
nSV = 2363
Creating cache for labeled documents...
Generate 2288(0:1144) ranking pairs for L2R model training...
[Info]LambdaRank configuration:
	Optimization Type OT_MAP, Lambda 1.000, Shrinkage 0.980, WindowSize 20
	Initial step size 1.0, Steps 100, Iteration 10
Iter	Misorder	LogLilikelihood	Perf
0	898	-3087.19	0.7754
1	908	-3085.04	0.7720
2	915	-3084.74	0.7705
3	916	-3084.73	0.7701
4	916	-3084.74	0.7704
5	917	-3084.74	0.7700
6	917	-3084.74	0.7700
7	917	-3084.74	0.7700
8	917	-3084.74	0.7700
9	917	-3084.74	0.7700
10	917	-3084.74	0.7700
11	917	-3084.74	0.7700
[Info]Training procedure takes 0.27 seconds to finish...
0.05063 -0.10833 0.08753 -0.04082 0.02364 -0.00241 0.02825 0.23004 0.02860 0.13246 -0.00000 
Construct nearest neighbor graph nodes in parallel: L: 3330, U: 13446
Construct nearest neighbor graph edges in parallel: L: 3330, U: 13446
[5040,6720) finished...
[1680,3360) finished...
[0,1680) finished...
[3360,5040) finished...
[8400,10080) finished...
[11760,13446) finished...
[6720,8400) finished...
[10080,11760) finished...
Nearest neighbor graph construction finished!
Random walk starts:
Iteration 1, converge to 0.041 with accuracy 0.7848...
Iteration 2, converge to 0.000 with accuracy 0.7848...
Iteration 3, converge to 0.000 with accuracy 0.7848...

Query	Docs	P@5	P@10	P@20
Pos	U	0.658	0.648	0.622
Pos	L	0.555	0.546	0.541
Neg	U	0.519	0.525	0.541
Neg	L	0.607	0.608	0.600

Gaussian Fields by random walk [C:SVM[C:2, F:8055, T:L2R_L1LOSS_SVC_DUAL, c:1.000], k:20, k':20, r:1.000, alpha:1.000, beta:1.000, eta:0.100]-[LambdaRank@MAP] Train/Test finished in 124.44 seconds with accuracy 0.7848 and F1 (0:0.755 1:0.808)...
.*
optimization finished, #iter = 18
Objective value = -1176.86
nSV = 2378
Creating cache for labeled documents...
Generate 2346(0:1173) ranking pairs for L2R model training...
[Info]LambdaRank configuration:
	Optimization Type OT_MAP, Lambda 1.000, Shrinkage 0.980, WindowSize 20
	Initial step size 1.0, Steps 100, Iteration 10
Iter	Misorder	LogLilikelihood	Perf
0	853	-3146.73	0.7867
1	856	-3146.92	0.7837
2	857	-3146.70	0.7836
3	858	-3146.43	0.7836
4	855	-3146.37	0.7844
5	855	-3146.37	0.7844
6	855	-3146.37	0.7844
7	855	-3146.37	0.7844
8	855	-3146.37	0.7844
[Info]Training procedure takes 0.23 seconds to finish...
0.08198 -0.14979 0.13412 0.00895 0.03852 -0.00123 0.04136 0.25487 0.01188 0.07209 -0.00000 
Construct nearest neighbor graph nodes in parallel: L: 3350, U: 13426
Construct nearest neighbor graph edges in parallel: L: 3350, U: 13426
[5034,6712) finished...
[1678,3356) finished...
[0,1678) finished...
[3356,5034) finished...
[11746,13426) finished...
[8390,10068) finished...
[6712,8390) finished...
[10068,11746) finished...
Nearest neighbor graph construction finished!
Random walk starts:
Iteration 1, converge to 0.045 with accuracy 0.7897...
Iteration 2, converge to 0.000 with accuracy 0.7897...
Iteration 3, converge to 0.000 with accuracy 0.7897...

Query	Docs	P@5	P@10	P@20
Pos	U	0.358	0.402	0.431
Pos	L	0.605	0.556	0.547
Neg	U	0.703	0.690	0.667
Neg	L	0.519	0.546	0.552

Gaussian Fields by random walk [C:SVM[C:2, F:8055, T:L2R_L1LOSS_SVC_DUAL, c:1.000], k:20, k':20, r:1.000, alpha:1.000, beta:1.000, eta:0.100]-[LambdaRank@MAP] Train/Test finished in 126.60 seconds with accuracy 0.7897 and F1 (0:0.759 1:0.813)...
.*
optimization finished, #iter = 18
Objective value = -1186.36
nSV = 2380
Creating cache for labeled documents...
Generate 2334(0:1167) ranking pairs for L2R model training...
[Info]LambdaRank configuration:
	Optimization Type OT_MAP, Lambda 1.000, Shrinkage 0.980, WindowSize 20
	Initial step size 1.0, Steps 100, Iteration 10
Iter	Misorder	LogLilikelihood	Perf
0	954	-3187.48	0.7669
1	961	-3187.29	0.7659
2	955	-3187.29	0.7674
3	977	-3186.76	0.7627
4	980	-3186.70	0.7621
5	980	-3186.70	0.7621
6	980	-3186.69	0.7621
7	980	-3186.69	0.7621
8	980	-3186.69	0.7621
9	980	-3186.69	0.7621
[Info]Training procedure takes 0.24 seconds to finish...
0.04436 -0.09712 0.06602 -0.01009 0.01989 -0.00014 0.02326 0.18559 -0.02222 0.07512 0.00000 
Construct nearest neighbor graph nodes in parallel: L: 3367, U: 13409
Construct nearest neighbor graph edges in parallel: L: 3367, U: 13409
[5028,6704) finished...
[1676,3352) finished...
[3352,5028) finished...
[11732,13409) finished...
[0,1676) finished...
[6704,8380) finished...
[8380,10056) finished...
[10056,11732) finished...
Nearest neighbor graph construction finished!
Random walk starts:
Iteration 1, converge to 0.039 with accuracy 0.7884...
Iteration 2, converge to 0.000 with accuracy 0.7884...
Iteration 3, converge to 0.000 with accuracy 0.7884...

Query	Docs	P@5	P@10	P@20
Pos	U	0.632	0.621	0.611
Pos	L	0.581	0.584	0.580
Neg	U	0.595	0.595	0.595
Neg	L	0.603	0.598	0.591

Gaussian Fields by random walk [C:SVM[C:2, F:8055, T:L2R_L1LOSS_SVC_DUAL, c:1.000], k:20, k':20, r:1.000, alpha:1.000, beta:1.000, eta:0.100]-[LambdaRank@MAP] Train/Test finished in 128.58 seconds with accuracy 0.7884 and F1 (0:0.758 1:0.812)...
*************************************************
The final result of Gaussian Fields by random walk [C:SVM[C:2, F:8055, T:L2R_L1LOSS_SVC_DUAL, c:1.000], k:20, k':20, r:1.000, alpha:1.000, beta:1.000, eta:0.100]-[LambdaRank@MAP] is as follows:
The total number of classes is 2
Class 0:	precision(0.794+/-0.009)	recall(0.721+/-0.010)
Class 1:	precision(0.783+/-0.004)	recall(0.843+/-0.010)
	0	1	P
0	44187	11468	0.7939
1	17069	61484	0.7827
R	0.7213	0.8428	0.7874
F1	0.7559	0.8116

Query	Docs	P@5	P@10	P@20
Pos	U	0.560	0.542	0.536
Pos	L	0.640	0.561	0.522
Neg	U	0.483	0.507	0.519
Neg	L	0.412	0.498	0.542

