
--------------------------------------------------------------------------------------
Parameters of learning procedure:
#Class: 5	Ngram: 2	Feature value: TF	Normalization: 2
Doc length cut: 10	Window length: 0
Learning paradigm: SEMI	Sampling rate: 0.25	kUL: 100	kUU: 50
alpha: 1.05	beta: 1.01
Solver: Random Walk	Base Classifer: SVM	Weighted Sum: true	Similarity Weight: false
Classifier: SVM	Instance weighting: NONE	Trade-off Parameter: 1.0	Cross validation: 10
Data directory: ./data/amazon/small/dedup/RawData
--------------------------------------------------------------------------------------
Creating feature vectors, wait...
8055 feature words loaded from ./data/Features/fv_2gram_tablets_86jsons.txt...
Keywords for <screen>: 52
Keywords for <app>: 55
Keywords for <price>: 63
Keywords for <battery>: 60
Keywords for <sound>: 23
Keywords for <camera>: 47
Keywords for <cpu>: 46
Keywords for <microsd>: 44
Keywords for <internet>: 46
Keywords for <keyboard>: 26
Keywords for <usb>: 35
Keywords for <servic>: 49
Loading 614 stopwords from ./data/Model/stopwords.dat
DTLoading 16776 reviews from ./data/amazon/small/dedup/RawData
No normalizaiton is adopted here or wrong parameters!!
Text feature generated for 16776 documents...
2082 1104 1325 3146 9119 , Total: 16776
Info File Path: ./data/result/Topics_30Information.txt
Prior keywords for Topic 0 (<screen>): 52/52
Prior keywords for Topic 1 (<app>): 55/55
Prior keywords for Topic 2 (<price>): 63/63
Prior keywords for Topic 3 (<battery>): 60/60
Prior keywords for Topic 4 (<sound>): 23/23
Prior keywords for Topic 5 (<camera>): 47/47
Prior keywords for Topic 6 (<cpu>): 46/46
Prior keywords for Topic 7 (<microsd>): 44/44
Prior keywords for Topic 8 (<internet>): 46/46
Prior keywords for Topic 9 (<keyboard>): 26/26
Prior keywords for Topic 10 (<usb>): 35/35
Prior keywords for Topic 11 (<servic>): 49/50
..........Likelihood 16776.000 after step 100 converge to 0.000000 after 12 seconds...
Text feature generated for 16776 documents...
2082 1104 1325 3146 9119 , Total: 16776
Start Transductive Learning, wait...
.*
optimization finished, #iter = 16
Objective value = -1177.73
nSV = 2329
Creating cache for labeled documents...
Generate 2226(0:1113) ranking pairs for L2R model training...
[Info]LambdaRank configuration:
	Optimization Type OT_MAP, Lambda 0.400, Shrinkage 0.980, WindowSize 20
	Initial step size 1.0, Steps 100, Iteration 10
Iter	Misorder	LogLilikelihood	Perf
0	856	-2972.28	0.7783
1	864	-2971.34	0.7755
2	862	-2971.36	0.7767
3	857	-2970.93	0.7776
4	859	-2970.89	0.7772
5	859	-2970.89	0.7772
6	859	-2970.89	0.7772
7	859	-2970.89	0.7772
8	859	-2970.89	0.7772
[Info]Training procedure takes 0.49 seconds to finish...
0.07985 -0.19167 0.01614 -0.01600 0.03903 -0.00336 0.07885 0.32009 0.03212 0.36372 -0.00003 
Construct nearest neighbor graph nodes in parallel: L: 3223, U: 13553
Construct nearest neighbor graph edges in parallel: L: 3223, U: 13553
[5082,6776) finished...
[1694,3388) finished...
[3388,5082) finished...
[0,1694) finished...
[11858,13553) finished...
[6776,8470) finished...
[8470,10164) finished...
[10164,11858) finished...
Nearest neighbor graph construction finished!
Random walk starts:
Iteration 1, converge to 0.050 with accuracy 0.7867...
Iteration 2, converge to 0.000 with accuracy 0.7867...
Iteration 3, converge to 0.000 with accuracy 0.7867...

Query	Docs	P@5	P@10	P@20
Pos	U	0.457	0.312	0.364
Pos	L	0.531	0.462	0.442
Neg	U	0.541	0.690	0.661
Neg	L	0.485	0.567	0.625

Gaussian Fields by random walk [C:SVM[C:2, F:8055, T:L2R_L1LOSS_SVC_DUAL, c:1.000], k:20, k':20, r:1.000, alpha:1.000, beta:1.000, eta:0.100]-[LambdaRank@MAP] Train/Test finished in 123.93 seconds with accuracy 0.7867 and F1 (0:0.756 1:0.811)...
.*
optimization finished, #iter = 17
Objective value = -1157.59
nSV = 2355
Creating cache for labeled documents...
Generate 2198(0:1099) ranking pairs for L2R model training...
[Info]LambdaRank configuration:
	Optimization Type OT_MAP, Lambda 0.400, Shrinkage 0.980, WindowSize 20
	Initial step size 1.0, Steps 100, Iteration 10
Iter	Misorder	LogLilikelihood	Perf
0	761	-2856.50	0.8052
1	767	-2855.35	0.8035
2	766	-2854.98	0.8034
3	768	-2854.93	0.8028
4	767	-2854.92	0.8029
5	767	-2854.92	0.8029
6	767	-2854.92	0.8029
7	767	-2854.92	0.8029
8	767	-2854.92	0.8029
9	767	-2854.92	0.8029
[Info]Training procedure takes 0.25 seconds to finish...
0.03720 -0.13527 -0.01304 -0.04737 0.01550 -0.00196 -0.01513 0.29558 0.02266 0.60654 -0.00025 
Construct nearest neighbor graph nodes in parallel: L: 3326, U: 13450
Construct nearest neighbor graph edges in parallel: L: 3326, U: 13450
[5043,6724) finished...
[1681,3362) finished...
[0,1681) finished...
[3362,5043) finished...
[11767,13450) finished...
[6724,8405) finished...
[8405,10086) finished...
[10086,11767) finished...
Nearest neighbor graph construction finished!
Random walk starts:
Iteration 1, converge to 0.048 with accuracy 0.7874...
Iteration 2, converge to 0.000 with accuracy 0.7874...
Iteration 3, converge to 0.000 with accuracy 0.7874...

Query	Docs	P@5	P@10	P@20
Pos	U	0.800	0.602	0.679
Pos	L	0.609	0.668	0.497
Neg	U	0.200	0.398	0.325
Neg	L	0.391	0.342	0.525

Gaussian Fields by random walk [C:SVM[C:2, F:8055, T:L2R_L1LOSS_SVC_DUAL, c:1.000], k:20, k':20, r:1.000, alpha:1.000, beta:1.000, eta:0.100]-[LambdaRank@MAP] Train/Test finished in 119.85 seconds with accuracy 0.7874 and F1 (0:0.755 1:0.812)...
..*
optimization finished, #iter = 24
Objective value = -1190.25
nSV = 2374
Creating cache for labeled documents...
Generate 2186(0:1093) ranking pairs for L2R model training...
[Info]LambdaRank configuration:
	Optimization Type OT_MAP, Lambda 0.400, Shrinkage 0.980, WindowSize 20
	Initial step size 1.0, Steps 100, Iteration 10
Iter	Misorder	LogLilikelihood	Perf
0	842	-2916.66	0.7837
1	842	-2914.39	0.7837
2	844	-2914.18	0.7832
3	843	-2913.57	0.7833
4	843	-2913.43	0.7833
5	843	-2913.41	0.7833
6	843	-2913.41	0.7833
[Info]Training procedure takes 0.17 seconds to finish...
0.03660 -0.14681 0.04154 0.05119 0.01727 -0.00103 -0.01135 0.23871 0.00748 0.41819 -0.00060 
Construct nearest neighbor graph nodes in parallel: L: 3369, U: 13407
Construct nearest neighbor graph edges in parallel: L: 3369, U: 13407
[5025,6700) finished...
[1675,3350) finished...
[11725,13407) finished...
[0,1675) finished...
[3350,5025) finished...
[6700,8375) finished...
[8375,10050) finished...
[10050,11725) finished...
Nearest neighbor graph construction finished!
Random walk starts:
Iteration 1, converge to 0.050 with accuracy 0.7886...
Iteration 2, converge to 0.001 with accuracy 0.7886...
Iteration 3, converge to 0.000 with accuracy 0.7886...

Query	Docs	P@5	P@10	P@20
Pos	U	0.546	0.541	0.455
Pos	L	0.705	0.607	0.544
Neg	U	0.395	0.405	0.492
Neg	L	0.259	0.354	0.437

Gaussian Fields by random walk [C:SVM[C:2, F:8055, T:L2R_L1LOSS_SVC_DUAL, c:1.000], k:20, k':20, r:1.000, alpha:1.000, beta:1.000, eta:0.100]-[LambdaRank@MAP] Train/Test finished in 120.35 seconds with accuracy 0.7886 and F1 (0:0.757 1:0.813)...
.*
optimization finished, #iter = 19
Objective value = -1183.94
nSV = 2360
Creating cache for labeled documents...
Generate 2242(0:1121) ranking pairs for L2R model training...
[Info]LambdaRank configuration:
	Optimization Type OT_MAP, Lambda 0.400, Shrinkage 0.980, WindowSize 20
	Initial step size 1.0, Steps 100, Iteration 10
Iter	Misorder	LogLilikelihood	Perf
0	792	-2916.96	0.7994
1	796	-2914.93	0.7989
2	790	-2914.44	0.8008
3	791	-2914.38	0.8006
4	791	-2914.40	0.8003
5	791	-2914.40	0.8003
6	791	-2914.40	0.8003
7	791	-2914.40	0.8003
8	791	-2914.40	0.8003
9	791	-2914.40	0.8003
[Info]Training procedure takes 0.22 seconds to finish...
0.07951 -0.19508 0.07096 -0.00368 0.02630 -0.00192 0.00267 0.42440 0.03347 0.47955 0.00007 
Construct nearest neighbor graph nodes in parallel: L: 3340, U: 13436
Construct nearest neighbor graph edges in parallel: L: 3340, U: 13436
[5037,6716) finished...
[1679,3358) finished...
[0,1679) finished...
[3358,5037) finished...
[11753,13436) finished...
[6716,8395) finished...
[8395,10074) finished...
[10074,11753) finished...
Nearest neighbor graph construction finished!
Random walk starts:
Iteration 1, converge to 0.044 with accuracy 0.7865...
Iteration 2, converge to 0.000 with accuracy 0.7865...
Iteration 3, converge to 0.000 with accuracy 0.7865...

Query	Docs	P@5	P@10	P@20
Pos	U	1.000	0.973	0.861
Pos	L	0.915	0.691	0.551
Neg	U	0.002	0.030	0.166
Neg	L	0.086	0.337	0.484

Gaussian Fields by random walk [C:SVM[C:2, F:8055, T:L2R_L1LOSS_SVC_DUAL, c:1.000], k:20, k':20, r:1.000, alpha:1.000, beta:1.000, eta:0.100]-[LambdaRank@MAP] Train/Test finished in 120.55 seconds with accuracy 0.7865 and F1 (0:0.755 1:0.811)...
..*.*
optimization finished, #iter = 32
Objective value = -1181.08
nSV = 2357
Creating cache for labeled documents...
Generate 2316(0:1158) ranking pairs for L2R model training...
[Info]LambdaRank configuration:
	Optimization Type OT_MAP, Lambda 0.400, Shrinkage 0.980, WindowSize 20
	Initial step size 1.0, Steps 100, Iteration 10
Iter	Misorder	LogLilikelihood	Perf
0	881	-3051.65	0.7765
1	881	-3050.77	0.7766
2	879	-3050.79	0.7771
3	880	-3050.73	0.7766
4	879	-3050.72	0.7768
5	879	-3050.71	0.7768
6	879	-3050.71	0.7768
[Info]Training procedure takes 0.17 seconds to finish...
0.09710 -0.21418 0.08433 -0.02909 0.04364 -0.00191 -0.01336 0.42879 0.08714 0.35350 0.00000 
Construct nearest neighbor graph nodes in parallel: L: 3358, U: 13418
Construct nearest neighbor graph edges in parallel: L: 3358, U: 13418
[5031,6708) finished...
[1677,3354) finished...
[0,1677) finished...
[11739,13418) finished...
[3354,5031) finished...
[8385,10062) finished...
[6708,8385) finished...
[10062,11739) finished...
Nearest neighbor graph construction finished!
Random walk starts:
Iteration 1, converge to 0.042 with accuracy 0.7834...
Iteration 2, converge to 0.000 with accuracy 0.7834...
Iteration 3, converge to 0.000 with accuracy 0.7834...

Query	Docs	P@5	P@10	P@20
Pos	U	0.951	0.884	0.789
Pos	L	0.836	0.707	0.611
Neg	U	0.060	0.157	0.285
Neg	L	0.208	0.384	0.491

Gaussian Fields by random walk [C:SVM[C:2, F:8055, T:L2R_L1LOSS_SVC_DUAL, c:1.000], k:20, k':20, r:1.000, alpha:1.000, beta:1.000, eta:0.100]-[LambdaRank@MAP] Train/Test finished in 120.14 seconds with accuracy 0.7834 and F1 (0:0.751 1:0.808)...
........*.**.*
optimization finished, #iter = 101
Objective value = -1211.69
nSV = 2414
Creating cache for labeled documents...
Generate 2304(0:1152) ranking pairs for L2R model training...
[Info]LambdaRank configuration:
	Optimization Type OT_MAP, Lambda 0.400, Shrinkage 0.980, WindowSize 20
	Initial step size 1.0, Steps 100, Iteration 10
Iter	Misorder	LogLilikelihood	Perf
0	819	-3021.10	0.7883
1	816	-3019.41	0.7900
2	813	-3019.10	0.7905
3	819	-3018.02	0.7903
4	821	-3017.75	0.7903
5	821	-3017.73	0.7903
6	821	-3017.72	0.7903
[Info]Training procedure takes 0.16 seconds to finish...
0.11113 -0.19113 0.07832 0.03075 0.04795 -0.00242 0.02587 0.45190 0.08611 0.38524 0.00005 
Construct nearest neighbor graph nodes in parallel: L: 3399, U: 13377
Construct nearest neighbor graph edges in parallel: L: 3399, U: 13377
[5016,6688) finished...
[1672,3344) finished...
[0,1672) finished...
[3344,5016) finished...
[11704,13377) finished...
[6688,8360) finished...
[8360,10032) finished...
[10032,11704) finished...
Nearest neighbor graph construction finished!
Random walk starts:
Iteration 1, converge to 0.049 with accuracy 0.7902...
Iteration 2, converge to 0.000 with accuracy 0.7902...
Iteration 3, converge to 0.000 with accuracy 0.7902...

Query	Docs	P@5	P@10	P@20
Pos	U	0.609	0.471	0.429
Pos	L	0.609	0.570	0.522
Neg	U	0.395	0.503	0.555
Neg	L	0.380	0.451	0.498

Gaussian Fields by random walk [C:SVM[C:2, F:8055, T:L2R_L1LOSS_SVC_DUAL, c:1.000], k:20, k':20, r:1.000, alpha:1.000, beta:1.000, eta:0.100]-[LambdaRank@MAP] Train/Test finished in 120.04 seconds with accuracy 0.7902 and F1 (0:0.759 1:0.814)...
..*
optimization finished, #iter = 25
Objective value = -1214.30
nSV = 2451
Creating cache for labeled documents...
Generate 2422(0:1211) ranking pairs for L2R model training...
[Info]LambdaRank configuration:
	Optimization Type OT_MAP, Lambda 0.400, Shrinkage 0.980, WindowSize 20
	Initial step size 1.0, Steps 100, Iteration 10
Iter	Misorder	LogLilikelihood	Perf
0	906	-3184.94	0.7859
1	902	-3182.65	0.7867
2	902	-3182.52	0.7867
3	902	-3182.25	0.7868
4	904	-3182.22	0.7863
5	905	-3182.22	0.7859
6	905	-3182.22	0.7859
7	905	-3182.22	0.7859
8	905	-3182.22	0.7859
[Info]Training procedure takes 0.21 seconds to finish...
0.11904 -0.18092 0.08512 -0.09319 0.05187 -0.00008 0.10861 0.36983 0.04366 0.30097 -0.00006 
Construct nearest neighbor graph nodes in parallel: L: 3414, U: 13362
Construct nearest neighbor graph edges in parallel: L: 3414, U: 13362
[5010,6680) finished...
[1670,3340) finished...
[0,1670) finished...
[3340,5010) finished...
[6680,8350) finished...
[11690,13362) finished...
[8350,10020) finished...
[10020,11690) finished...
Nearest neighbor graph construction finished!
Random walk starts:
Iteration 1, converge to 0.048 with accuracy 0.7869...
Iteration 2, converge to 0.000 with accuracy 0.7869...
Iteration 3, converge to 0.000 with accuracy 0.7869...

Query	Docs	P@5	P@10	P@20
Pos	U	0.048	0.134	0.244
Pos	L	0.314	0.402	0.450
Neg	U	0.970	0.909	0.822
Neg	L	0.778	0.705	0.660

Gaussian Fields by random walk [C:SVM[C:2, F:8055, T:L2R_L1LOSS_SVC_DUAL, c:1.000], k:20, k':20, r:1.000, alpha:1.000, beta:1.000, eta:0.100]-[LambdaRank@MAP] Train/Test finished in 121.42 seconds with accuracy 0.7869 and F1 (0:0.757 1:0.810)...
.*
optimization finished, #iter = 18
Objective value = -1230.30
nSV = 2475
Creating cache for labeled documents...
Generate 2382(0:1191) ranking pairs for L2R model training...
[Info]LambdaRank configuration:
	Optimization Type OT_MAP, Lambda 0.400, Shrinkage 0.980, WindowSize 20
	Initial step size 1.0, Steps 100, Iteration 10
Iter	Misorder	LogLilikelihood	Perf
0	901	-3167.34	0.7797
1	905	-3165.55	0.7793
2	904	-3165.05	0.7795
3	905	-3164.55	0.7790
4	905	-3164.52	0.7790
5	905	-3164.51	0.7790
6	905	-3164.51	0.7790
7	905	-3164.51	0.7790
8	905	-3164.51	0.7790
[Info]Training procedure takes 0.22 seconds to finish...
0.11803 -0.24088 0.05773 -0.04797 0.05006 -0.00236 0.12820 0.42258 0.01789 0.18538 -0.00011 
Construct nearest neighbor graph nodes in parallel: L: 3444, U: 13332
Construct nearest neighbor graph edges in parallel: L: 3444, U: 13332
[4998,6664) finished...
[1666,3332) finished...
[3332,4998) finished...
[0,1666) finished...
[11662,13332) finished...
[6664,8330) finished...
[8330,9996) finished...
[9996,11662) finished...
Nearest neighbor graph construction finished!
Random walk starts:
Iteration 1, converge to 0.041 with accuracy 0.7863...
Iteration 2, converge to 0.000 with accuracy 0.7863...
Iteration 3, converge to 0.000 with accuracy 0.7863...

Query	Docs	P@5	P@10	P@20
Pos	U	0.466	0.491	0.511
Pos	L	0.560	0.558	0.554
Neg	U	0.719	0.695	0.672
Neg	L	0.634	0.627	0.617

Gaussian Fields by random walk [C:SVM[C:2, F:8055, T:L2R_L1LOSS_SVC_DUAL, c:1.000], k:20, k':20, r:1.000, alpha:1.000, beta:1.000, eta:0.100]-[LambdaRank@MAP] Train/Test finished in 122.95 seconds with accuracy 0.7863 and F1 (0:0.757 1:0.809)...
..*
optimization finished, #iter = 29
Objective value = -1182.00
nSV = 2403
Creating cache for labeled documents...
Generate 2260(0:1130) ranking pairs for L2R model training...
[Info]LambdaRank configuration:
	Optimization Type OT_MAP, Lambda 0.400, Shrinkage 0.980, WindowSize 20
	Initial step size 1.0, Steps 100, Iteration 10
Iter	Misorder	LogLilikelihood	Perf
0	902	-3025.89	0.7750
1	897	-3026.23	0.7765
2	908	-3025.87	0.7731
3	905	-3025.85	0.7734
4	905	-3025.87	0.7735
5	904	-3025.87	0.7737
6	904	-3025.87	0.7737
[Info]Training procedure takes 0.17 seconds to finish...
0.09766 -0.20622 -0.02705 0.01274 0.03987 -0.00259 -0.02245 0.34167 0.00656 0.32298 0.00003 
Construct nearest neighbor graph nodes in parallel: L: 3412, U: 13364
Construct nearest neighbor graph edges in parallel: L: 3412, U: 13364
[5010,6680) finished...
[1670,3340) finished...
[0,1670) finished...
[3340,5010) finished...
[11690,13364) finished...
[8350,10020) finished...
[6680,8350) finished...
[10020,11690) finished...
Nearest neighbor graph construction finished!
Random walk starts:
Iteration 1, converge to 0.049 with accuracy 0.7826...
Iteration 2, converge to 0.001 with accuracy 0.7826...
Iteration 3, converge to 0.000 with accuracy 0.7826...

Query	Docs	P@5	P@10	P@20
Pos	U	0.809	0.725	0.643
Pos	L	0.451	0.413	0.437
Neg	U	0.139	0.210	0.320
Neg	L	0.538	0.594	0.592

Gaussian Fields by random walk [C:SVM[C:2, F:8055, T:L2R_L1LOSS_SVC_DUAL, c:1.000], k:20, k':20, r:1.000, alpha:1.000, beta:1.000, eta:0.100]-[LambdaRank@MAP] Train/Test finished in 124.31 seconds with accuracy 0.7826 and F1 (0:0.749 1:0.808)...
.*
optimization finished, #iter = 18
Objective value = -1170.08
nSV = 2350
Creating cache for labeled documents...
Generate 2196(0:1098) ranking pairs for L2R model training...
[Info]LambdaRank configuration:
	Optimization Type OT_MAP, Lambda 0.400, Shrinkage 0.980, WindowSize 20
	Initial step size 1.0, Steps 100, Iteration 10
Iter	Misorder	LogLilikelihood	Perf
0	904	-2979.61	0.7716
1	907	-2977.66	0.7709
2	897	-2979.45	0.7733
3	905	-2978.01	0.7718
4	905	-2977.84	0.7718
5	906	-2977.82	0.7713
6	906	-2977.81	0.7713
7	906	-2977.81	0.7713
8	906	-2977.81	0.7713
9	906	-2977.81	0.7713
[Info]Training procedure takes 0.24 seconds to finish...
0.10941 -0.19180 0.04002 0.02877 0.04653 -0.00300 0.01220 0.28459 0.02710 0.21727 0.00024 
Construct nearest neighbor graph nodes in parallel: L: 3267, U: 13509
Construct nearest neighbor graph edges in parallel: L: 3267, U: 13509
[5064,6752) finished...
[1688,3376) finished...
[0,1688) finished...
[3376,5064) finished...
[11816,13509) finished...
[8440,10128) finished...
[6752,8440) finished...
[10128,11816) finished...
Nearest neighbor graph construction finished!
Random walk starts:
Iteration 1, converge to 0.051 with accuracy 0.7873...
Iteration 2, converge to 0.001 with accuracy 0.7873...
Iteration 3, converge to 0.000 with accuracy 0.7873...

Query	Docs	P@5	P@10	P@20
Pos	U	0.622	0.395	0.368
Pos	L	0.423	0.409	0.430
Neg	U	0.376	0.581	0.623
Neg	L	0.564	0.598	0.583

Gaussian Fields by random walk [C:SVM[C:2, F:8055, T:L2R_L1LOSS_SVC_DUAL, c:1.000], k:20, k':20, r:1.000, alpha:1.000, beta:1.000, eta:0.100]-[LambdaRank@MAP] Train/Test finished in 124.68 seconds with accuracy 0.7873 and F1 (0:0.757 1:0.811)...
*************************************************
The final result of Gaussian Fields by random walk [C:SVM[C:2, F:8055, T:L2R_L1LOSS_SVC_DUAL, c:1.000], k:20, k':20, r:1.000, alpha:1.000, beta:1.000, eta:0.100]-[LambdaRank@MAP] is as follows:
The total number of classes is 2
Class 0:	precision(0.792+/-0.005)	recall(0.722+/-0.007)
Class 1:	precision(0.783+/-0.004)	recall(0.841+/-0.005)
	0	1	P
0	44216	11603	0.7921
1	17040	61349	0.7826
R	0.7218	0.8410	0.7866
F1	0.7553	0.8107

Query	Docs	P@5	P@10	P@20
Pos	U	0.631	0.553	0.534
Pos	L	0.595	0.549	0.504
Neg	U	0.380	0.458	0.492
Neg	L	0.432	0.496	0.551

